This file contains any messages produced by compilers while
running configure, to aid debugging if configure makes a mistake.

It was created by trilearn__base_sources configure 3.3, which was
generated by GNU Autoconf 2.69.  Invocation command line was

  $ ./configure --prefix=//lls/robocup/TIT13/binaries/team-tit13 --no-create --no-recursion

## --------- ##
## Platform. ##
## --------- ##

hostname = it072
uname -m = x86_64
uname -r = 3.16.7-35-desktop
uname -s = Linux
uname -v = #1 SMP PREEMPT Sun Feb 7 17:32:21 UTC 2016 (832c776)

/usr/bin/uname -p = x86_64
/bin/uname -X     = unknown

/bin/arch              = x86_64
/usr/bin/arch -k       = unknown
/usr/convex/getsysinfo = unknown
/usr/bin/hostinfo      = unknown
/bin/machine           = unknown
/usr/bin/oslevel       = unknown
/bin/universe          = unknown

PATH: .
PATH: /home/reinke.wolfram-tit13/bin
PATH: /home/reinke.wolfram-tit13/bin
PATH: /usr/local/bin
PATH: /usr/local/sbin
PATH: /usr/bin
PATH: /usr/sbin
PATH: /bin
PATH: /sbin
PATH: /usr/bin/X11
PATH: /usr/games
PATH: /opt/kde3/bin
PATH: /usr/lib/mit/bin
PATH: /usr/lib/mit/sbin
PATH: /opt/java/jdk1.8.0_45/bin
PATH: /home/reinke.wolfram-tit13/.cabal/bin


## ----------- ##
## Core tests. ##
## ----------- ##

configure:2569: loading site script /usr/share/site/x86_64-unknown-linux-gnu
| #!/bin/sh
| # Site script for configure. It is resourced via $CONFIG_SITE environment varaible.
| 
| # If user did not specify libdir, guess the correct target:
| # Use lib64 for 64 bit bi-arch targets, keep the default for the rest.
| if test "$libdir" = '${exec_prefix}/lib' ; then
| 
| 	ac_config_site_64bit_host=NONE
| 
| 	case "$host" in
| 	"" )
| 		# User did not specify host target.
| 		# The native platform x86_64 is a bi-arch platform.
| 		# Try to detect cross-compilation to inferior architecture.
| 
| 		# We are trying to guess 32-bit target compilation. It's not as easy as
| 		# it sounds, as there is possible several intermediate combinations.
| 		ac_config_site_cross_to_32bit_host=NONE
| 
| 		# User defined -m32 in CFLAGS or CXXFLAGS:
| 		# (It's sufficient for 32-bit, but alone may cause mis-behavior of some checks.)
| 		case "$CFLAGS" in
| 		*-m32*)
| 			ac_config_site_cross_to_32bit_host=YES
| 			;;
| 		esac
| 		case "$CXXFLAGS" in
| 		*-m32*)
| 			ac_config_site_cross_to_32bit_host=YES
| 			;;
| 		esac
| 
| 		# Running with linux32:
| 		# (Changes detected platform, but not the toolchain target.)
| 		case "`/bin/uname -i`" in
| 		x86_64 | ppc64 | s390x )
| 			;;
| 		* )
| 			ac_config_site_cross_to_32bit_host=YES
| 			;;
| 		esac
| 
| 		if test "x$ac_config_site_cross_to_32bit_host" = xNONE; then
| 			ac_config_site_64bit_host=YES
| 		fi
| 
| 		;;
| 	*x86_64* | *ppc64* | *s390x* )
| 		ac_config_site_64bit_host=YES
| 		;;
| 	esac
| 
| 	if test "x$ac_config_site_64bit_host" = xYES; then
| 		libdir='${exec_prefix}/lib64'
| 	fi
| fi
| 
| # If user did not specify libexecdir, set the correct target:
| # Nor FHS nor openSUSE allow prefix/libexec. Let's default to prefix/lib.
| 
| if test "$libexecdir" = '${exec_prefix}/libexec' ; then
| 	libexecdir='${exec_prefix}/lib'
| fi
| 
| # Continue with the standard behavior of configure defined in AC_SITE_LOAD:
| if test "x$prefix" != xNONE; then
| 	ac_site_file1=$prefix/share/config.site
| 	ac_site_file2=$prefix/etc/config.site
| else
| 	ac_site_file1=$ac_default_prefix/share/config.site
| 	ac_site_file2=$ac_default_prefix/etc/config.site
| fi
| for ac_site_file in "$ac_site_file1" "$ac_site_file2"
| do
| 	test "x$ac_site_file" = xNONE && continue
| 	if test /dev/null != "$ac_site_file" && test -r "$ac_site_file"; then
| 		{ $as_echo "/usr/share/site/x86_64-unknown-linux-gnu:${as_lineno-$LINENO}: loading site script $ac_site_file" >&5
| $as_echo "/usr/share/site/x86_64-unknown-linux-gnu: loading site script $ac_site_file" >&6;}
| 		sed 's/^/| /' "$ac_site_file" >&5
| 		. "$ac_site_file" \
| 			|| { { $as_echo "/usr/share/site/x86_64-unknown-linux-gnu:${as_lineno-$LINENO}: error: in \`$ac_pwd':" >&5
| $as_echo "/usr/share/site/x86_64-unknown-linux-gnu: error: in \`$ac_pwd':" >&2;}
| as_fn_error $? "failed to load site script $ac_site_file
| See \`config.log' for more details" "$LINENO" 5; }
| 	fi
| done
configure:2710: checking for a BSD-compatible install
configure:2778: result: /usr/bin/install -c
configure:2789: checking whether build environment is sane
configure:2826: result: yes
configure:2856: checking for gawk
configure:2872: found /usr/bin/gawk
configure:2883: result: gawk
configure:2894: checking whether make sets $(MAKE)
configure:2916: result: yes
configure:3142: checking for gcc
configure:3158: found /usr/bin/gcc
configure:3169: result: gcc
configure:3398: checking for C compiler version
configure:3407: gcc --version >&5
gcc (SUSE Linux) 4.8.3 20140627 [gcc-4_8-branch revision 212064]
Copyright (C) 2013 Free Software Foundation, Inc.
This is free software; see the source for copying conditions.  There is NO
warranty; not even for MERCHANTABILITY or FITNESS FOR A PARTICULAR PURPOSE.

configure:3418: $? = 0
configure:3407: gcc -v >&5
Using built-in specs.
COLLECT_GCC=gcc
COLLECT_LTO_WRAPPER=/usr/lib64/gcc/x86_64-suse-linux/4.8/lto-wrapper
Target: x86_64-suse-linux
Configured with: ../configure --prefix=/usr --infodir=/usr/share/info --mandir=/usr/share/man --libdir=/usr/lib64 --libexecdir=/usr/lib64 --enable-languages=c,c++,objc,fortran,obj-c++,java,ada --enable-checking=release --with-gxx-include-dir=/usr/include/c++/4.8 --enable-ssp --disable-libssp --disable-plugin --with-bugurl=http://bugs.opensuse.org/ --with-pkgversion='SUSE Linux' --disable-libgcj --disable-libmudflap --with-slibdir=/lib64 --with-system-zlib --enable-__cxa_atexit --enable-libstdcxx-allocator=new --disable-libstdcxx-pch --enable-version-specific-runtime-libs --enable-linker-build-id --enable-linux-futex --program-suffix=-4.8 --without-system-libunwind --with-arch-32=i586 --with-tune=generic --build=x86_64-suse-linux --host=x86_64-suse-linux
Thread model: posix
gcc version 4.8.3 20140627 [gcc-4_8-branch revision 212064] (SUSE Linux) 
configure:3418: $? = 0
configure:3407: gcc -V >&5
gcc: error: unrecognized command line option '-V'
gcc: fatal error: no input files
compilation terminated.
configure:3418: $? = 1
configure:3407: gcc -qversion >&5
gcc: error: unrecognized command line option '-qversion'
gcc: fatal error: no input files
compilation terminated.
configure:3418: $? = 1
configure:3438: checking whether the C compiler works
configure:3460: gcc    conftest.c  >&5
configure:3464: $? = 0
configure:3512: result: yes
configure:3515: checking for C compiler default output file name
configure:3517: result: a.out
configure:3523: checking for suffix of executables
configure:3530: gcc -o conftest    conftest.c  >&5
configure:3534: $? = 0
configure:3556: result: 
configure:3578: checking whether we are cross compiling
configure:3586: gcc -o conftest    conftest.c  >&5
configure:3590: $? = 0
configure:3597: ./conftest
configure:3601: $? = 0
configure:3616: result: no
configure:3621: checking for suffix of object files
configure:3643: gcc -c   conftest.c >&5
configure:3647: $? = 0
configure:3668: result: o
configure:3672: checking whether we are using the GNU C compiler
configure:3691: gcc -c   conftest.c >&5
configure:3691: $? = 0
configure:3700: result: yes
configure:3709: checking whether gcc accepts -g
configure:3729: gcc -c -g  conftest.c >&5
configure:3729: $? = 0
configure:3770: result: yes
configure:3787: checking for gcc option to accept ISO C89
configure:3850: gcc  -c -g -O2  conftest.c >&5
configure:3850: $? = 0
configure:3863: result: none needed
configure:3894: checking for style of include used by make
configure:3922: result: GNU
configure:3950: checking dependency style of gcc
configure:4018: result: gcc3
configure:4093: checking for g++
configure:4109: found /usr/bin/g++
configure:4120: result: g++
configure:4147: checking for C++ compiler version
configure:4156: g++ --version >&5
g++ (SUSE Linux) 4.8.3 20140627 [gcc-4_8-branch revision 212064]
Copyright (C) 2013 Free Software Foundation, Inc.
This is free software; see the source for copying conditions.  There is NO
warranty; not even for MERCHANTABILITY or FITNESS FOR A PARTICULAR PURPOSE.

configure:4167: $? = 0
configure:4156: g++ -v >&5
Using built-in specs.
COLLECT_GCC=g++
COLLECT_LTO_WRAPPER=/usr/lib64/gcc/x86_64-suse-linux/4.8/lto-wrapper
Target: x86_64-suse-linux
Configured with: ../configure --prefix=/usr --infodir=/usr/share/info --mandir=/usr/share/man --libdir=/usr/lib64 --libexecdir=/usr/lib64 --enable-languages=c,c++,objc,fortran,obj-c++,java,ada --enable-checking=release --with-gxx-include-dir=/usr/include/c++/4.8 --enable-ssp --disable-libssp --disable-plugin --with-bugurl=http://bugs.opensuse.org/ --with-pkgversion='SUSE Linux' --disable-libgcj --disable-libmudflap --with-slibdir=/lib64 --with-system-zlib --enable-__cxa_atexit --enable-libstdcxx-allocator=new --disable-libstdcxx-pch --enable-version-specific-runtime-libs --enable-linker-build-id --enable-linux-futex --program-suffix=-4.8 --without-system-libunwind --with-arch-32=i586 --with-tune=generic --build=x86_64-suse-linux --host=x86_64-suse-linux
Thread model: posix
gcc version 4.8.3 20140627 [gcc-4_8-branch revision 212064] (SUSE Linux) 
configure:4167: $? = 0
configure:4156: g++ -V >&5
g++: error: unrecognized command line option '-V'
g++: fatal error: no input files
compilation terminated.
configure:4167: $? = 1
configure:4156: g++ -qversion >&5
g++: error: unrecognized command line option '-qversion'
g++: fatal error: no input files
compilation terminated.
configure:4167: $? = 1
configure:4171: checking whether we are using the GNU C++ compiler
configure:4190: g++ -c   conftest.cpp >&5
configure:4190: $? = 0
configure:4199: result: yes
configure:4208: checking whether g++ accepts -g
configure:4228: g++ -c -g  conftest.cpp >&5
configure:4228: $? = 0
configure:4269: result: yes
configure:4294: checking dependency style of g++
configure:4362: result: gcc3
configure:4455: checking build system type
configure:4469: result: x86_64-unknown-linux-gnu
configure:4489: checking host system type
configure:4502: result: x86_64-unknown-linux-gnu
configure:4522: checking for a sed that does not truncate output
configure:4576: result: /usr/bin/sed
configure:4579: checking for grep that handles long lines and -e
configure:4637: result: /usr/bin/grep
configure:4642: checking for egrep
configure:4704: result: /usr/bin/grep -E
configure:4720: checking for ld used by gcc
configure:4787: result: /usr/x86_64-suse-linux/bin/ld
configure:4794: checking if the linker (/usr/x86_64-suse-linux/bin/ld) is GNU ld
configure:4809: result: yes
configure:4814: checking for /usr/x86_64-suse-linux/bin/ld option to reload object files
configure:4821: result: -r
configure:4830: checking for BSD-compatible nm
configure:4872: result: /usr/bin/nm -B
configure:4876: checking whether ln -s works
configure:4880: result: yes
configure:4887: checking how to recognise dependent libraries
configure:5087: result: file_magic ELF [0-9][0-9]*-bit [LM]SB (shared object|dynamic lib )
configure:5172: gcc -c -g -O2  conftest.c >&5
configure:5175: $? = 0
configure:5273: checking how to run the C preprocessor
configure:5304: gcc -E  conftest.c
configure:5304: $? = 0
configure:5318: gcc -E  conftest.c
conftest.c:11:28: fatal error: ac_nonexistent.h: No such file or directory
 #include <ac_nonexistent.h>
                            ^
compilation terminated.
configure:5318: $? = 1
configure: failed program was:
| /* confdefs.h */
| #define PACKAGE_NAME "trilearn__base_sources"
| #define PACKAGE_TARNAME "trilearn__base_sources"
| #define PACKAGE_VERSION "3.3"
| #define PACKAGE_STRING "trilearn__base_sources 3.3"
| #define PACKAGE_BUGREPORT "jellekok@science.uva.nl"
| #define PACKAGE_URL ""
| #define PACKAGE "trilearn_base_sources"
| #define VERSION "3.3"
| /* end confdefs.h.  */
| #include <ac_nonexistent.h>
configure:5343: result: gcc -E
configure:5363: gcc -E  conftest.c
configure:5363: $? = 0
configure:5377: gcc -E  conftest.c
conftest.c:11:28: fatal error: ac_nonexistent.h: No such file or directory
 #include <ac_nonexistent.h>
                            ^
compilation terminated.
configure:5377: $? = 1
configure: failed program was:
| /* confdefs.h */
| #define PACKAGE_NAME "trilearn__base_sources"
| #define PACKAGE_TARNAME "trilearn__base_sources"
| #define PACKAGE_VERSION "3.3"
| #define PACKAGE_STRING "trilearn__base_sources 3.3"
| #define PACKAGE_BUGREPORT "jellekok@science.uva.nl"
| #define PACKAGE_URL ""
| #define PACKAGE "trilearn_base_sources"
| #define VERSION "3.3"
| /* end confdefs.h.  */
| #include <ac_nonexistent.h>
configure:5406: checking for ANSI C header files
configure:5426: gcc -c -g -O2  conftest.c >&5
configure:5426: $? = 0
configure:5499: gcc -o conftest -g -O2   conftest.c  >&5
configure:5499: $? = 0
configure:5499: ./conftest
configure:5499: $? = 0
configure:5510: result: yes
configure:5523: checking for sys/types.h
configure:5523: gcc -c -g -O2  conftest.c >&5
configure:5523: $? = 0
configure:5523: result: yes
configure:5523: checking for sys/stat.h
configure:5523: gcc -c -g -O2  conftest.c >&5
configure:5523: $? = 0
configure:5523: result: yes
configure:5523: checking for stdlib.h
configure:5523: gcc -c -g -O2  conftest.c >&5
configure:5523: $? = 0
configure:5523: result: yes
configure:5523: checking for string.h
configure:5523: gcc -c -g -O2  conftest.c >&5
configure:5523: $? = 0
configure:5523: result: yes
configure:5523: checking for memory.h
configure:5523: gcc -c -g -O2  conftest.c >&5
configure:5523: $? = 0
configure:5523: result: yes
configure:5523: checking for strings.h
configure:5523: gcc -c -g -O2  conftest.c >&5
configure:5523: $? = 0
configure:5523: result: yes
configure:5523: checking for inttypes.h
configure:5523: gcc -c -g -O2  conftest.c >&5
configure:5523: $? = 0
configure:5523: result: yes
configure:5523: checking for stdint.h
configure:5523: gcc -c -g -O2  conftest.c >&5
configure:5523: $? = 0
configure:5523: result: yes
configure:5523: checking for unistd.h
configure:5523: gcc -c -g -O2  conftest.c >&5
configure:5523: $? = 0
configure:5523: result: yes
configure:5537: checking dlfcn.h usability
configure:5537: gcc -c -g -O2  conftest.c >&5
configure:5537: $? = 0
configure:5537: result: yes
configure:5537: checking dlfcn.h presence
configure:5537: gcc -E  conftest.c
configure:5537: $? = 0
configure:5537: result: yes
configure:5537: checking for dlfcn.h
configure:5537: result: yes
configure:5552: checking how to run the C++ preprocessor
configure:5579: g++ -E  conftest.cpp
configure:5579: $? = 0
configure:5593: g++ -E  conftest.cpp
conftest.cpp:22:28: fatal error: ac_nonexistent.h: No such file or directory
 #include <ac_nonexistent.h>
                            ^
compilation terminated.
configure:5593: $? = 1
configure: failed program was:
| /* confdefs.h */
| #define PACKAGE_NAME "trilearn__base_sources"
| #define PACKAGE_TARNAME "trilearn__base_sources"
| #define PACKAGE_VERSION "3.3"
| #define PACKAGE_STRING "trilearn__base_sources 3.3"
| #define PACKAGE_BUGREPORT "jellekok@science.uva.nl"
| #define PACKAGE_URL ""
| #define PACKAGE "trilearn_base_sources"
| #define VERSION "3.3"
| #define STDC_HEADERS 1
| #define HAVE_SYS_TYPES_H 1
| #define HAVE_SYS_STAT_H 1
| #define HAVE_STDLIB_H 1
| #define HAVE_STRING_H 1
| #define HAVE_MEMORY_H 1
| #define HAVE_STRINGS_H 1
| #define HAVE_INTTYPES_H 1
| #define HAVE_STDINT_H 1
| #define HAVE_UNISTD_H 1
| #define HAVE_DLFCN_H 1
| /* end confdefs.h.  */
| #include <ac_nonexistent.h>
configure:5618: result: g++ -E
configure:5638: g++ -E  conftest.cpp
configure:5638: $? = 0
configure:5652: g++ -E  conftest.cpp
conftest.cpp:22:28: fatal error: ac_nonexistent.h: No such file or directory
 #include <ac_nonexistent.h>
                            ^
compilation terminated.
configure:5652: $? = 1
configure: failed program was:
| /* confdefs.h */
| #define PACKAGE_NAME "trilearn__base_sources"
| #define PACKAGE_TARNAME "trilearn__base_sources"
| #define PACKAGE_VERSION "3.3"
| #define PACKAGE_STRING "trilearn__base_sources 3.3"
| #define PACKAGE_BUGREPORT "jellekok@science.uva.nl"
| #define PACKAGE_URL ""
| #define PACKAGE "trilearn_base_sources"
| #define VERSION "3.3"
| #define STDC_HEADERS 1
| #define HAVE_SYS_TYPES_H 1
| #define HAVE_SYS_STAT_H 1
| #define HAVE_STDLIB_H 1
| #define HAVE_STRING_H 1
| #define HAVE_MEMORY_H 1
| #define HAVE_STRINGS_H 1
| #define HAVE_INTTYPES_H 1
| #define HAVE_STDINT_H 1
| #define HAVE_UNISTD_H 1
| #define HAVE_DLFCN_H 1
| /* end confdefs.h.  */
| #include <ac_nonexistent.h>
configure:5734: checking for g77
configure:5764: result: no
configure:5734: checking for xlf
configure:5764: result: no
configure:5734: checking for f77
configure:5764: result: no
configure:5734: checking for frt
configure:5764: result: no
configure:5734: checking for pgf77
configure:5764: result: no
configure:5734: checking for cf77
configure:5764: result: no
configure:5734: checking for fort77
configure:5764: result: no
configure:5734: checking for fl32
configure:5764: result: no
configure:5734: checking for af77
configure:5764: result: no
configure:5734: checking for xlf90
configure:5764: result: no
configure:5734: checking for f90
configure:5764: result: no
configure:5734: checking for pgf90
configure:5764: result: no
configure:5734: checking for pghpf
configure:5764: result: no
configure:5734: checking for epcf90
configure:5764: result: no
configure:5734: checking for gfortran
configure:5764: result: no
configure:5734: checking for g95
configure:5764: result: no
configure:5734: checking for xlf95
configure:5764: result: no
configure:5734: checking for f95
configure:5764: result: no
configure:5734: checking for fort
configure:5764: result: no
configure:5734: checking for ifort
configure:5764: result: no
configure:5734: checking for ifc
configure:5764: result: no
configure:5734: checking for efc
configure:5764: result: no
configure:5734: checking for pgfortran
configure:5764: result: no
configure:5734: checking for pgf95
configure:5764: result: no
configure:5734: checking for lf95
configure:5764: result: no
configure:5734: checking for ftn
configure:5764: result: no
configure:5734: checking for nagfor
configure:5764: result: no
configure:5787: checking for Fortran 77 compiler version
configure:5796:  --version >&5
./configure: line 5798: --version: command not found
configure:5807: $? = 127
configure:5796:  -v >&5
./configure: line 5798: -v: command not found
configure:5807: $? = 127
configure:5796:  -V >&5
./configure: line 5798: -V: command not found
configure:5807: $? = 127
configure:5796:  -qversion >&5
./configure: line 5798: -qversion: command not found
configure:5807: $? = 127
configure:5816: checking whether we are using the GNU Fortran 77 compiler
configure:5829:  -c  conftest.F >&5
./configure: line 2190: -c: command not found
configure:5829: $? = 127
configure: failed program was:
|       program main
| #ifndef __GNUC__
|        choke me
| #endif
| 
|       end
configure:5838: result: no
configure:5844: checking whether  accepts -g
configure:5855:  -c -g conftest.f >&5
./configure: line 2190: -c: command not found
configure:5855: $? = 127
configure: failed program was:
|       program main
| 
|       end
configure:5863: result: no
configure:5897: checking the maximum length of command line arguments
configure:5956: result: 32768
configure:5967: checking command to parse /usr/bin/nm -B output from gcc object
configure:6056: gcc -c -g -O2  conftest.c >&5
configure:6059: $? = 0
configure:6063: /usr/bin/nm -B conftest.o \| sed -n -e 's/^.*[ 	]\([ABCDGISTW][ABCDGISTW]*\)[ 	][ 	]*\(\)\([_A-Za-z][_A-Za-z0-9]*\)$/\1 \2\3 \3/p' \> conftest.nm
configure:6066: $? = 0
configure:6118: gcc -o conftest -g -O2   conftest.c conftstm.o >&5
configure:6121: $? = 0
configure:6159: result: ok
configure:6163: checking for objdir
configure:6178: result: .libs
configure:6270: checking for ar
configure:6286: found /usr/bin/ar
configure:6297: result: ar
configure:6362: checking for ranlib
configure:6378: found /usr/bin/ranlib
configure:6389: result: ranlib
configure:6454: checking for strip
configure:6470: found /usr/bin/strip
configure:6481: result: strip
configure:6545: checking for file
configure:6598: result: /usr/bin/file
configure:6753: checking if gcc static flag  works
configure:6776: result: yes
configure:6793: checking if gcc supports -fno-rtti -fno-exceptions
configure:6811: gcc -c -g -O2  -fno-rtti -fno-exceptions conftest.c >&5
cc1: warning: command line option '-fno-rtti' is valid for C++/ObjC++ but not for C [enabled by default]
configure:6815: $? = 0
configure:6826: result: no
configure:6841: checking for gcc option to produce PIC
configure:7018: result: -fPIC
configure:7025: checking if gcc PIC flag -fPIC works
configure:7043: gcc -c -g -O2  -fPIC -DPIC conftest.c >&5
configure:7047: $? = 0
configure:7058: result: yes
configure:7082: checking if gcc supports -c -o file.o
configure:7110: gcc -c -g -O2  -o out/conftest2.o conftest.c >&5
configure:7114: $? = 0
configure:7131: result: yes
configure:7157: checking whether the gcc linker (/usr/x86_64-suse-linux/bin/ld -m elf_x86_64) supports shared libraries
configure:7913: result: yes
configure:7939: checking whether -lc should be explicitly linked in
configure:7944: gcc -c -g -O2  conftest.c >&5
configure:7947: $? = 0
configure:7961: gcc -shared conftest.o  -v -Wl,-soname -Wl,conftest -o conftest 2\>\&1 \| grep  -lc  \>/dev/null 2\>\&1
configure:7964: $? = 0
configure:7976: result: no
configure:7984: checking how to hardcode library paths into programs
configure:8009: result: immediate
configure:8023: checking whether stripping libraries is possible
configure:8028: result: yes
configure:8050: checking dynamic linker characteristics
configure:8561: result: GNU/Linux ld.so
configure:9055: checking if libtool supports shared libraries
configure:9057: result: yes
configure:9060: checking whether to build shared libraries
configure:9109: result: yes
configure:9112: checking whether to build static libraries
configure:9116: result: yes
configure:9207: creating libtool
configure:9747: checking for ld used by g++
configure:9814: result: /usr/x86_64-suse-linux/bin/ld -m elf_x86_64
configure:9821: checking if the linker (/usr/x86_64-suse-linux/bin/ld -m elf_x86_64) is GNU ld
configure:9836: result: no
configure:9887: checking whether the g++ linker (/usr/x86_64-suse-linux/bin/ld -m elf_x86_64) supports shared libraries
configure:10644: result: yes
configure:10662: g++ -c -g -O2  conftest.cc >&5
configure:10665: $? = 0
configure:10761: checking for g++ option to produce PIC
configure:11013: result: -fPIC
configure:11020: checking if g++ PIC flag -fPIC works
configure:11038: g++ -c -g -O2  -fPIC -DPIC conftest.cc >&5
configure:11042: $? = 0
configure:11053: result: yes
configure:11077: checking if g++ supports -c -o file.o
configure:11105: g++ -c -g -O2  -o out/conftest2.o conftest.cc >&5
configure:11109: $? = 0
configure:11126: result: yes
configure:11152: checking whether the g++ linker (/usr/x86_64-suse-linux/bin/ld -m elf_x86_64) supports shared libraries
configure:11177: result: yes
configure:11248: checking how to hardcode library paths into programs
configure:11273: result: immediate
configure:11287: checking whether stripping libraries is possible
configure:11292: result: yes
configure:11314: checking dynamic linker characteristics
configure:11825: result: GNU/Linux ld.so
configure:18156: checking for pthread_create in -lpthread
configure:18181: gcc -o conftest -g -O2   conftest.c -lpthread   >&5
configure:18181: $? = 0
configure:18190: result: yes
configure:18203: checking for ANSI C header files
configure:18307: result: yes
configure:18318: checking arpa/inet.h usability
configure:18318: gcc -c -g -O2  conftest.c >&5
configure:18318: $? = 0
configure:18318: result: yes
configure:18318: checking arpa/inet.h presence
configure:18318: gcc -E  conftest.c
configure:18318: $? = 0
configure:18318: result: yes
configure:18318: checking for arpa/inet.h
configure:18318: result: yes
configure:18318: checking fcntl.h usability
configure:18318: gcc -c -g -O2  conftest.c >&5
configure:18318: $? = 0
configure:18318: result: yes
configure:18318: checking fcntl.h presence
configure:18318: gcc -E  conftest.c
configure:18318: $? = 0
configure:18318: result: yes
configure:18318: checking for fcntl.h
configure:18318: result: yes
configure:18318: checking netdb.h usability
configure:18318: gcc -c -g -O2  conftest.c >&5
configure:18318: $? = 0
configure:18318: result: yes
configure:18318: checking netdb.h presence
configure:18318: gcc -E  conftest.c
configure:18318: $? = 0
configure:18318: result: yes
configure:18318: checking for netdb.h
configure:18318: result: yes
configure:18318: checking for stdlib.h
configure:18318: result: yes
configure:18318: checking for string.h
configure:18318: result: yes
configure:18318: checking for strings.h
configure:18318: result: yes
configure:18318: checking sys/socket.h usability
configure:18318: gcc -c -g -O2  conftest.c >&5
configure:18318: $? = 0
configure:18318: result: yes
configure:18318: checking sys/socket.h presence
configure:18318: gcc -E  conftest.c
configure:18318: $? = 0
configure:18318: result: yes
configure:18318: checking for sys/socket.h
configure:18318: result: yes
configure:18318: checking sys/time.h usability
configure:18318: gcc -c -g -O2  conftest.c >&5
configure:18318: $? = 0
configure:18318: result: yes
configure:18318: checking sys/time.h presence
configure:18318: gcc -E  conftest.c
configure:18318: $? = 0
configure:18318: result: yes
configure:18318: checking for sys/time.h
configure:18318: result: yes
configure:18318: checking for unistd.h
configure:18318: result: yes
configure:18330: checking for stdbool.h that conforms to C99
configure:18397: gcc -c -g -O2  conftest.c >&5
configure:18397: $? = 0
configure:18404: result: yes
configure:18406: checking for _Bool
configure:18406: gcc -c -g -O2  conftest.c >&5
configure:18406: $? = 0
configure:18406: gcc -c -g -O2  conftest.c >&5
conftest.c: In function 'main':
conftest.c:69:20: error: expected expression before ')' token
 if (sizeof ((_Bool)))
                    ^
configure:18406: $? = 1
configure: failed program was:
| /* confdefs.h */
| #define PACKAGE_NAME "trilearn__base_sources"
| #define PACKAGE_TARNAME "trilearn__base_sources"
| #define PACKAGE_VERSION "3.3"
| #define PACKAGE_STRING "trilearn__base_sources 3.3"
| #define PACKAGE_BUGREPORT "jellekok@science.uva.nl"
| #define PACKAGE_URL ""
| #define PACKAGE "trilearn_base_sources"
| #define VERSION "3.3"
| #define STDC_HEADERS 1
| #define HAVE_SYS_TYPES_H 1
| #define HAVE_SYS_STAT_H 1
| #define HAVE_STDLIB_H 1
| #define HAVE_STRING_H 1
| #define HAVE_MEMORY_H 1
| #define HAVE_STRINGS_H 1
| #define HAVE_INTTYPES_H 1
| #define HAVE_STDINT_H 1
| #define HAVE_UNISTD_H 1
| #define HAVE_DLFCN_H 1
| #define HAVE_LIBPTHREAD 1
| #define STDC_HEADERS 1
| #define HAVE_ARPA_INET_H 1
| #define HAVE_FCNTL_H 1
| #define HAVE_NETDB_H 1
| #define HAVE_STDLIB_H 1
| #define HAVE_STRING_H 1
| #define HAVE_STRINGS_H 1
| #define HAVE_SYS_SOCKET_H 1
| #define HAVE_SYS_TIME_H 1
| #define HAVE_UNISTD_H 1
| /* end confdefs.h.  */
| #include <stdio.h>
| #ifdef HAVE_SYS_TYPES_H
| # include <sys/types.h>
| #endif
| #ifdef HAVE_SYS_STAT_H
| # include <sys/stat.h>
| #endif
| #ifdef STDC_HEADERS
| # include <stdlib.h>
| # include <stddef.h>
| #else
| # ifdef HAVE_STDLIB_H
| #  include <stdlib.h>
| # endif
| #endif
| #ifdef HAVE_STRING_H
| # if !defined STDC_HEADERS && defined HAVE_MEMORY_H
| #  include <memory.h>
| # endif
| # include <string.h>
| #endif
| #ifdef HAVE_STRINGS_H
| # include <strings.h>
| #endif
| #ifdef HAVE_INTTYPES_H
| # include <inttypes.h>
| #endif
| #ifdef HAVE_STDINT_H
| # include <stdint.h>
| #endif
| #ifdef HAVE_UNISTD_H
| # include <unistd.h>
| #endif
| int
| main ()
| {
| if (sizeof ((_Bool)))
| 	    return 0;
|   ;
|   return 0;
| }
configure:18406: result: yes
configure:18423: checking for an ANSI C-conforming const
configure:18489: gcc -c -g -O2  conftest.c >&5
configure:18489: $? = 0
configure:18496: result: yes
configure:18504: checking for inline
configure:18520: gcc -c -g -O2  conftest.c >&5
configure:18520: $? = 0
configure:18528: result: inline
configure:18546: checking for size_t
configure:18546: gcc -c -g -O2  conftest.c >&5
configure:18546: $? = 0
configure:18546: gcc -c -g -O2  conftest.c >&5
conftest.c: In function 'main':
conftest.c:71:21: error: expected expression before ')' token
 if (sizeof ((size_t)))
                     ^
configure:18546: $? = 1
configure: failed program was:
| /* confdefs.h */
| #define PACKAGE_NAME "trilearn__base_sources"
| #define PACKAGE_TARNAME "trilearn__base_sources"
| #define PACKAGE_VERSION "3.3"
| #define PACKAGE_STRING "trilearn__base_sources 3.3"
| #define PACKAGE_BUGREPORT "jellekok@science.uva.nl"
| #define PACKAGE_URL ""
| #define PACKAGE "trilearn_base_sources"
| #define VERSION "3.3"
| #define STDC_HEADERS 1
| #define HAVE_SYS_TYPES_H 1
| #define HAVE_SYS_STAT_H 1
| #define HAVE_STDLIB_H 1
| #define HAVE_STRING_H 1
| #define HAVE_MEMORY_H 1
| #define HAVE_STRINGS_H 1
| #define HAVE_INTTYPES_H 1
| #define HAVE_STDINT_H 1
| #define HAVE_UNISTD_H 1
| #define HAVE_DLFCN_H 1
| #define HAVE_LIBPTHREAD 1
| #define STDC_HEADERS 1
| #define HAVE_ARPA_INET_H 1
| #define HAVE_FCNTL_H 1
| #define HAVE_NETDB_H 1
| #define HAVE_STDLIB_H 1
| #define HAVE_STRING_H 1
| #define HAVE_STRINGS_H 1
| #define HAVE_SYS_SOCKET_H 1
| #define HAVE_SYS_TIME_H 1
| #define HAVE_UNISTD_H 1
| #define HAVE__BOOL 1
| #define HAVE_STDBOOL_H 1
| /* end confdefs.h.  */
| #include <stdio.h>
| #ifdef HAVE_SYS_TYPES_H
| # include <sys/types.h>
| #endif
| #ifdef HAVE_SYS_STAT_H
| # include <sys/stat.h>
| #endif
| #ifdef STDC_HEADERS
| # include <stdlib.h>
| # include <stddef.h>
| #else
| # ifdef HAVE_STDLIB_H
| #  include <stdlib.h>
| # endif
| #endif
| #ifdef HAVE_STRING_H
| # if !defined STDC_HEADERS && defined HAVE_MEMORY_H
| #  include <memory.h>
| # endif
| # include <string.h>
| #endif
| #ifdef HAVE_STRINGS_H
| # include <strings.h>
| #endif
| #ifdef HAVE_INTTYPES_H
| # include <inttypes.h>
| #endif
| #ifdef HAVE_STDINT_H
| # include <stdint.h>
| #endif
| #ifdef HAVE_UNISTD_H
| # include <unistd.h>
| #endif
| int
| main ()
| {
| if (sizeof ((size_t)))
| 	    return 0;
|   ;
|   return 0;
| }
configure:18546: result: yes
configure:18557: checking whether time.h and sys/time.h may both be included
configure:18577: gcc -c -g -O2  conftest.c >&5
configure:18577: $? = 0
configure:18584: result: yes
configure:18597: checking sys/select.h usability
configure:18597: gcc -c -g -O2  conftest.c >&5
configure:18597: $? = 0
configure:18597: result: yes
configure:18597: checking sys/select.h presence
configure:18597: gcc -E  conftest.c
configure:18597: $? = 0
configure:18597: result: yes
configure:18597: checking for sys/select.h
configure:18597: result: yes
configure:18597: checking for sys/socket.h
configure:18597: result: yes
configure:18607: checking types of arguments for select
configure:18635: gcc -c -g -O2  conftest.c >&5
configure:18635: $? = 0
configure:18646: result: int,fd_set *,struct timeval *
configure:18672: checking for floor
configure:18672: gcc -o conftest -g -O2   conftest.c -lpthread  >&5
conftest.c:64:6: warning: conflicting types for built-in function 'floor' [enabled by default]
 char floor ();
      ^
/tmp/ccb6aTUe.o: In function `main':
//lls/robocup/TIT13/source/conftest.c:75: undefined reference to `floor'
collect2: error: ld returned 1 exit status
configure:18672: $? = 1
configure: failed program was:
| /* confdefs.h */
| #define PACKAGE_NAME "trilearn__base_sources"
| #define PACKAGE_TARNAME "trilearn__base_sources"
| #define PACKAGE_VERSION "3.3"
| #define PACKAGE_STRING "trilearn__base_sources 3.3"
| #define PACKAGE_BUGREPORT "jellekok@science.uva.nl"
| #define PACKAGE_URL ""
| #define PACKAGE "trilearn_base_sources"
| #define VERSION "3.3"
| #define STDC_HEADERS 1
| #define HAVE_SYS_TYPES_H 1
| #define HAVE_SYS_STAT_H 1
| #define HAVE_STDLIB_H 1
| #define HAVE_STRING_H 1
| #define HAVE_MEMORY_H 1
| #define HAVE_STRINGS_H 1
| #define HAVE_INTTYPES_H 1
| #define HAVE_STDINT_H 1
| #define HAVE_UNISTD_H 1
| #define HAVE_DLFCN_H 1
| #define HAVE_LIBPTHREAD 1
| #define STDC_HEADERS 1
| #define HAVE_ARPA_INET_H 1
| #define HAVE_FCNTL_H 1
| #define HAVE_NETDB_H 1
| #define HAVE_STDLIB_H 1
| #define HAVE_STRING_H 1
| #define HAVE_STRINGS_H 1
| #define HAVE_SYS_SOCKET_H 1
| #define HAVE_SYS_TIME_H 1
| #define HAVE_UNISTD_H 1
| #define HAVE__BOOL 1
| #define HAVE_STDBOOL_H 1
| #define TIME_WITH_SYS_TIME 1
| #define HAVE_SYS_SELECT_H 1
| #define HAVE_SYS_SOCKET_H 1
| #define SELECT_TYPE_ARG1 int
| #define SELECT_TYPE_ARG234 (fd_set *)
| #define SELECT_TYPE_ARG5 (struct timeval *)
| /* end confdefs.h.  */
| /* Define floor to an innocuous variant, in case <limits.h> declares floor.
|    For example, HP-UX 11i <limits.h> declares gettimeofday.  */
| #define floor innocuous_floor
| 
| /* System header to define __stub macros and hopefully few prototypes,
|     which can conflict with char floor (); below.
|     Prefer <limits.h> to <assert.h> if __STDC__ is defined, since
|     <limits.h> exists even on freestanding compilers.  */
| 
| #ifdef __STDC__
| # include <limits.h>
| #else
| # include <assert.h>
| #endif
| 
| #undef floor
| 
| /* Override any GCC internal prototype to avoid an error.
|    Use char because int might match the return type of a GCC
|    builtin and then its argument prototype would still apply.  */
| #ifdef __cplusplus
| extern "C"
| #endif
| char floor ();
| /* The GNU C library defines this for functions which it implements
|     to always fail with ENOSYS.  Some functions are actually named
|     something starting with __ and the normal name is an alias.  */
| #if defined __stub_floor || defined __stub___floor
| choke me
| #endif
| 
| int
| main ()
| {
| return floor ();
|   ;
|   return 0;
| }
configure:18672: result: no
configure:18672: checking for gethostbyname
configure:18672: gcc -o conftest -g -O2   conftest.c -lpthread  >&5
configure:18672: $? = 0
configure:18672: result: yes
configure:18672: checking for gettimeofday
configure:18672: gcc -o conftest -g -O2   conftest.c -lpthread  >&5
configure:18672: $? = 0
configure:18672: result: yes
configure:18672: checking for inet_ntoa
configure:18672: gcc -o conftest -g -O2   conftest.c -lpthread  >&5
configure:18672: $? = 0
configure:18672: result: yes
configure:18672: checking for pow
configure:18672: gcc -o conftest -g -O2   conftest.c -lpthread  >&5
conftest.c:67:6: warning: conflicting types for built-in function 'pow' [enabled by default]
 char pow ();
      ^
/tmp/ccNa7idq.o: In function `main':
//lls/robocup/TIT13/source/conftest.c:78: undefined reference to `pow'
collect2: error: ld returned 1 exit status
configure:18672: $? = 1
configure: failed program was:
| /* confdefs.h */
| #define PACKAGE_NAME "trilearn__base_sources"
| #define PACKAGE_TARNAME "trilearn__base_sources"
| #define PACKAGE_VERSION "3.3"
| #define PACKAGE_STRING "trilearn__base_sources 3.3"
| #define PACKAGE_BUGREPORT "jellekok@science.uva.nl"
| #define PACKAGE_URL ""
| #define PACKAGE "trilearn_base_sources"
| #define VERSION "3.3"
| #define STDC_HEADERS 1
| #define HAVE_SYS_TYPES_H 1
| #define HAVE_SYS_STAT_H 1
| #define HAVE_STDLIB_H 1
| #define HAVE_STRING_H 1
| #define HAVE_MEMORY_H 1
| #define HAVE_STRINGS_H 1
| #define HAVE_INTTYPES_H 1
| #define HAVE_STDINT_H 1
| #define HAVE_UNISTD_H 1
| #define HAVE_DLFCN_H 1
| #define HAVE_LIBPTHREAD 1
| #define STDC_HEADERS 1
| #define HAVE_ARPA_INET_H 1
| #define HAVE_FCNTL_H 1
| #define HAVE_NETDB_H 1
| #define HAVE_STDLIB_H 1
| #define HAVE_STRING_H 1
| #define HAVE_STRINGS_H 1
| #define HAVE_SYS_SOCKET_H 1
| #define HAVE_SYS_TIME_H 1
| #define HAVE_UNISTD_H 1
| #define HAVE__BOOL 1
| #define HAVE_STDBOOL_H 1
| #define TIME_WITH_SYS_TIME 1
| #define HAVE_SYS_SELECT_H 1
| #define HAVE_SYS_SOCKET_H 1
| #define SELECT_TYPE_ARG1 int
| #define SELECT_TYPE_ARG234 (fd_set *)
| #define SELECT_TYPE_ARG5 (struct timeval *)
| #define HAVE_GETHOSTBYNAME 1
| #define HAVE_GETTIMEOFDAY 1
| #define HAVE_INET_NTOA 1
| /* end confdefs.h.  */
| /* Define pow to an innocuous variant, in case <limits.h> declares pow.
|    For example, HP-UX 11i <limits.h> declares gettimeofday.  */
| #define pow innocuous_pow
| 
| /* System header to define __stub macros and hopefully few prototypes,
|     which can conflict with char pow (); below.
|     Prefer <limits.h> to <assert.h> if __STDC__ is defined, since
|     <limits.h> exists even on freestanding compilers.  */
| 
| #ifdef __STDC__
| # include <limits.h>
| #else
| # include <assert.h>
| #endif
| 
| #undef pow
| 
| /* Override any GCC internal prototype to avoid an error.
|    Use char because int might match the return type of a GCC
|    builtin and then its argument prototype would still apply.  */
| #ifdef __cplusplus
| extern "C"
| #endif
| char pow ();
| /* The GNU C library defines this for functions which it implements
|     to always fail with ENOSYS.  Some functions are actually named
|     something starting with __ and the normal name is an alias.  */
| #if defined __stub_pow || defined __stub___pow
| choke me
| #endif
| 
| int
| main ()
| {
| return pow ();
|   ;
|   return 0;
| }
configure:18672: result: no
configure:18672: checking for rint
configure:18672: gcc -o conftest -g -O2   conftest.c -lpthread  >&5
conftest.c:67:6: warning: conflicting types for built-in function 'rint' [enabled by default]
 char rint ();
      ^
/tmp/ccZiXJKu.o: In function `main':
//lls/robocup/TIT13/source/conftest.c:78: undefined reference to `rint'
collect2: error: ld returned 1 exit status
configure:18672: $? = 1
configure: failed program was:
| /* confdefs.h */
| #define PACKAGE_NAME "trilearn__base_sources"
| #define PACKAGE_TARNAME "trilearn__base_sources"
| #define PACKAGE_VERSION "3.3"
| #define PACKAGE_STRING "trilearn__base_sources 3.3"
| #define PACKAGE_BUGREPORT "jellekok@science.uva.nl"
| #define PACKAGE_URL ""
| #define PACKAGE "trilearn_base_sources"
| #define VERSION "3.3"
| #define STDC_HEADERS 1
| #define HAVE_SYS_TYPES_H 1
| #define HAVE_SYS_STAT_H 1
| #define HAVE_STDLIB_H 1
| #define HAVE_STRING_H 1
| #define HAVE_MEMORY_H 1
| #define HAVE_STRINGS_H 1
| #define HAVE_INTTYPES_H 1
| #define HAVE_STDINT_H 1
| #define HAVE_UNISTD_H 1
| #define HAVE_DLFCN_H 1
| #define HAVE_LIBPTHREAD 1
| #define STDC_HEADERS 1
| #define HAVE_ARPA_INET_H 1
| #define HAVE_FCNTL_H 1
| #define HAVE_NETDB_H 1
| #define HAVE_STDLIB_H 1
| #define HAVE_STRING_H 1
| #define HAVE_STRINGS_H 1
| #define HAVE_SYS_SOCKET_H 1
| #define HAVE_SYS_TIME_H 1
| #define HAVE_UNISTD_H 1
| #define HAVE__BOOL 1
| #define HAVE_STDBOOL_H 1
| #define TIME_WITH_SYS_TIME 1
| #define HAVE_SYS_SELECT_H 1
| #define HAVE_SYS_SOCKET_H 1
| #define SELECT_TYPE_ARG1 int
| #define SELECT_TYPE_ARG234 (fd_set *)
| #define SELECT_TYPE_ARG5 (struct timeval *)
| #define HAVE_GETHOSTBYNAME 1
| #define HAVE_GETTIMEOFDAY 1
| #define HAVE_INET_NTOA 1
| /* end confdefs.h.  */
| /* Define rint to an innocuous variant, in case <limits.h> declares rint.
|    For example, HP-UX 11i <limits.h> declares gettimeofday.  */
| #define rint innocuous_rint
| 
| /* System header to define __stub macros and hopefully few prototypes,
|     which can conflict with char rint (); below.
|     Prefer <limits.h> to <assert.h> if __STDC__ is defined, since
|     <limits.h> exists even on freestanding compilers.  */
| 
| #ifdef __STDC__
| # include <limits.h>
| #else
| # include <assert.h>
| #endif
| 
| #undef rint
| 
| /* Override any GCC internal prototype to avoid an error.
|    Use char because int might match the return type of a GCC
|    builtin and then its argument prototype would still apply.  */
| #ifdef __cplusplus
| extern "C"
| #endif
| char rint ();
| /* The GNU C library defines this for functions which it implements
|     to always fail with ENOSYS.  Some functions are actually named
|     something starting with __ and the normal name is an alias.  */
| #if defined __stub_rint || defined __stub___rint
| choke me
| #endif
| 
| int
| main ()
| {
| return rint ();
|   ;
|   return 0;
| }
configure:18672: result: no
configure:18672: checking for select
configure:18672: gcc -o conftest -g -O2   conftest.c -lpthread  >&5
configure:18672: $? = 0
configure:18672: result: yes
configure:18672: checking for socket
configure:18672: gcc -o conftest -g -O2   conftest.c -lpthread  >&5
configure:18672: $? = 0
configure:18672: result: yes
configure:18672: checking for sqrt
configure:18672: gcc -o conftest -g -O2   conftest.c -lpthread  >&5
conftest.c:69:6: warning: conflicting types for built-in function 'sqrt' [enabled by default]
 char sqrt ();
      ^
/tmp/ccID3AKD.o: In function `main':
//lls/robocup/TIT13/source/conftest.c:80: undefined reference to `sqrt'
collect2: error: ld returned 1 exit status
configure:18672: $? = 1
configure: failed program was:
| /* confdefs.h */
| #define PACKAGE_NAME "trilearn__base_sources"
| #define PACKAGE_TARNAME "trilearn__base_sources"
| #define PACKAGE_VERSION "3.3"
| #define PACKAGE_STRING "trilearn__base_sources 3.3"
| #define PACKAGE_BUGREPORT "jellekok@science.uva.nl"
| #define PACKAGE_URL ""
| #define PACKAGE "trilearn_base_sources"
| #define VERSION "3.3"
| #define STDC_HEADERS 1
| #define HAVE_SYS_TYPES_H 1
| #define HAVE_SYS_STAT_H 1
| #define HAVE_STDLIB_H 1
| #define HAVE_STRING_H 1
| #define HAVE_MEMORY_H 1
| #define HAVE_STRINGS_H 1
| #define HAVE_INTTYPES_H 1
| #define HAVE_STDINT_H 1
| #define HAVE_UNISTD_H 1
| #define HAVE_DLFCN_H 1
| #define HAVE_LIBPTHREAD 1
| #define STDC_HEADERS 1
| #define HAVE_ARPA_INET_H 1
| #define HAVE_FCNTL_H 1
| #define HAVE_NETDB_H 1
| #define HAVE_STDLIB_H 1
| #define HAVE_STRING_H 1
| #define HAVE_STRINGS_H 1
| #define HAVE_SYS_SOCKET_H 1
| #define HAVE_SYS_TIME_H 1
| #define HAVE_UNISTD_H 1
| #define HAVE__BOOL 1
| #define HAVE_STDBOOL_H 1
| #define TIME_WITH_SYS_TIME 1
| #define HAVE_SYS_SELECT_H 1
| #define HAVE_SYS_SOCKET_H 1
| #define SELECT_TYPE_ARG1 int
| #define SELECT_TYPE_ARG234 (fd_set *)
| #define SELECT_TYPE_ARG5 (struct timeval *)
| #define HAVE_GETHOSTBYNAME 1
| #define HAVE_GETTIMEOFDAY 1
| #define HAVE_INET_NTOA 1
| #define HAVE_SELECT 1
| #define HAVE_SOCKET 1
| /* end confdefs.h.  */
| /* Define sqrt to an innocuous variant, in case <limits.h> declares sqrt.
|    For example, HP-UX 11i <limits.h> declares gettimeofday.  */
| #define sqrt innocuous_sqrt
| 
| /* System header to define __stub macros and hopefully few prototypes,
|     which can conflict with char sqrt (); below.
|     Prefer <limits.h> to <assert.h> if __STDC__ is defined, since
|     <limits.h> exists even on freestanding compilers.  */
| 
| #ifdef __STDC__
| # include <limits.h>
| #else
| # include <assert.h>
| #endif
| 
| #undef sqrt
| 
| /* Override any GCC internal prototype to avoid an error.
|    Use char because int might match the return type of a GCC
|    builtin and then its argument prototype would still apply.  */
| #ifdef __cplusplus
| extern "C"
| #endif
| char sqrt ();
| /* The GNU C library defines this for functions which it implements
|     to always fail with ENOSYS.  Some functions are actually named
|     something starting with __ and the normal name is an alias.  */
| #if defined __stub_sqrt || defined __stub___sqrt
| choke me
| #endif
| 
| int
| main ()
| {
| return sqrt ();
|   ;
|   return 0;
| }
configure:18672: result: no
configure:18672: checking for strcasecmp
configure:18672: gcc -o conftest -g -O2   conftest.c -lpthread  >&5
conftest.c:69:6: warning: conflicting types for built-in function 'strcasecmp' [enabled by default]
 char strcasecmp ();
      ^
configure:18672: $? = 0
configure:18672: result: yes
configure:18672: checking for strdup
configure:18672: gcc -o conftest -g -O2   conftest.c -lpthread  >&5
conftest.c:70:6: warning: conflicting types for built-in function 'strdup' [enabled by default]
 char strdup ();
      ^
configure:18672: $? = 0
configure:18672: result: yes
configure:18672: checking for strstr
configure:18672: gcc -o conftest -g -O2   conftest.c -lpthread  >&5
conftest.c:71:6: warning: conflicting types for built-in function 'strstr' [enabled by default]
 char strstr ();
      ^
configure:18672: $? = 0
configure:18672: result: yes
configure:18811: creating ./config.status

## ---------------- ##
## Cache variables. ##
## ---------------- ##

ac_cv_build=x86_64-unknown-linux-gnu
ac_cv_c_compiler_gnu=yes
ac_cv_c_const=yes
ac_cv_c_inline=inline
ac_cv_cxx_compiler_gnu=yes
ac_cv_env_CCC_set=
ac_cv_env_CCC_value=
ac_cv_env_CC_set=
ac_cv_env_CC_value=
ac_cv_env_CFLAGS_set=
ac_cv_env_CFLAGS_value=
ac_cv_env_CPPFLAGS_set=
ac_cv_env_CPPFLAGS_value=
ac_cv_env_CPP_set=
ac_cv_env_CPP_value=
ac_cv_env_CXXCPP_set=
ac_cv_env_CXXCPP_value=
ac_cv_env_CXXFLAGS_set=
ac_cv_env_CXXFLAGS_value=
ac_cv_env_CXX_set=
ac_cv_env_CXX_value=
ac_cv_env_F77_set=
ac_cv_env_F77_value=
ac_cv_env_FFLAGS_set=
ac_cv_env_FFLAGS_value=
ac_cv_env_LDFLAGS_set=
ac_cv_env_LDFLAGS_value=
ac_cv_env_LIBS_set=
ac_cv_env_LIBS_value=
ac_cv_env_build_alias_set=
ac_cv_env_build_alias_value=
ac_cv_env_host_alias_set=
ac_cv_env_host_alias_value=
ac_cv_env_target_alias_set=
ac_cv_env_target_alias_value=
ac_cv_f77_compiler_gnu=no
ac_cv_func_floor=no
ac_cv_func_gethostbyname=yes
ac_cv_func_gettimeofday=yes
ac_cv_func_inet_ntoa=yes
ac_cv_func_pow=no
ac_cv_func_rint=no
ac_cv_func_select=yes
ac_cv_func_select_args='int,fd_set *,struct timeval *'
ac_cv_func_socket=yes
ac_cv_func_sqrt=no
ac_cv_func_strcasecmp=yes
ac_cv_func_strdup=yes
ac_cv_func_strstr=yes
ac_cv_header_arpa_inet_h=yes
ac_cv_header_dlfcn_h=yes
ac_cv_header_fcntl_h=yes
ac_cv_header_inttypes_h=yes
ac_cv_header_memory_h=yes
ac_cv_header_netdb_h=yes
ac_cv_header_stdbool_h=yes
ac_cv_header_stdc=yes
ac_cv_header_stdint_h=yes
ac_cv_header_stdlib_h=yes
ac_cv_header_string_h=yes
ac_cv_header_strings_h=yes
ac_cv_header_sys_select_h=yes
ac_cv_header_sys_socket_h=yes
ac_cv_header_sys_stat_h=yes
ac_cv_header_sys_time_h=yes
ac_cv_header_sys_types_h=yes
ac_cv_header_time=yes
ac_cv_header_unistd_h=yes
ac_cv_host=x86_64-unknown-linux-gnu
ac_cv_lib_pthread_pthread_create=yes
ac_cv_objext=o
ac_cv_path_EGREP='/usr/bin/grep -E'
ac_cv_path_GREP=/usr/bin/grep
ac_cv_path_install='/usr/bin/install -c'
ac_cv_prog_AWK=gawk
ac_cv_prog_CPP='gcc -E'
ac_cv_prog_CXXCPP='g++ -E'
ac_cv_prog_ac_ct_AR=ar
ac_cv_prog_ac_ct_CC=gcc
ac_cv_prog_ac_ct_CXX=g++
ac_cv_prog_ac_ct_RANLIB=ranlib
ac_cv_prog_ac_ct_STRIP=strip
ac_cv_prog_cc_c89=
ac_cv_prog_cc_g=yes
ac_cv_prog_cxx_g=yes
ac_cv_prog_f77_g=no
ac_cv_prog_make_make_set=yes
ac_cv_type__Bool=yes
ac_cv_type_size_t=yes
am_cv_CC_dependencies_compiler_type=gcc3
am_cv_CXX_dependencies_compiler_type=gcc3
lt_cv_deplibs_check_method='file_magic ELF [0-9][0-9]*-bit [LM]SB (shared object|dynamic lib )'
lt_cv_file_magic_cmd='$MAGIC_CMD'
lt_cv_file_magic_test_file='/lib/libc.so.6 /lib/libc-2.19.so'
lt_cv_ld_reload_flag=-r
lt_cv_objdir=.libs
lt_cv_path_LD=/usr/x86_64-suse-linux/bin/ld
lt_cv_path_LDCXX='/usr/x86_64-suse-linux/bin/ld -m elf_x86_64'
lt_cv_path_MAGIC_CMD=/usr/bin/file
lt_cv_path_NM='/usr/bin/nm -B'
lt_cv_path_SED=/usr/bin/sed
lt_cv_prog_compiler_c_o=yes
lt_cv_prog_compiler_c_o_CXX=yes
lt_cv_prog_compiler_rtti_exceptions=no
lt_cv_prog_gnu_ld=yes
lt_cv_prog_gnu_ldcxx=no
lt_cv_sys_global_symbol_pipe='sed -n -e '\''s/^.*[ 	]\([ABCDGISTW][ABCDGISTW]*\)[ 	][ 	]*\(\)\([_A-Za-z][_A-Za-z0-9]*\)$/\1 \2\3 \3/p'\'''
lt_cv_sys_global_symbol_to_c_name_address='sed -n -e '\''s/^: \([^ ]*\) $/  {\"\1\", (lt_ptr) 0},/p'\'' -e '\''s/^[BCDEGRST] \([^ ]*\) \([^ ]*\)$/  {"\2", (lt_ptr) \&\2},/p'\'''
lt_cv_sys_global_symbol_to_cdecl='sed -n -e '\''s/^. .* \(.*\)$/extern int \1;/p'\'''
lt_cv_sys_max_cmd_len=32768
lt_lt_cv_prog_compiler_c_o='"yes"'
lt_lt_cv_prog_compiler_c_o_CXX='"yes"'
lt_lt_cv_sys_global_symbol_pipe='"sed -n -e '\''s/^.*[ 	]\\([ABCDGISTW][ABCDGISTW]*\\)[ 	][ 	]*\\(\\)\\([_A-Za-z][_A-Za-z0-9]*\\)\$/\\1 \\2\\3 \\3/p'\''"'
lt_lt_cv_sys_global_symbol_to_c_name_address='"sed -n -e '\''s/^: \\([^ ]*\\) \$/  {\\\"\\1\\\", (lt_ptr) 0},/p'\'' -e '\''s/^[BCDEGRST] \\([^ ]*\\) \\([^ ]*\\)\$/  {\"\\2\", (lt_ptr) \\&\\2},/p'\''"'
lt_lt_cv_sys_global_symbol_to_cdecl='"sed -n -e '\''s/^. .* \\(.*\\)\$/extern int \\1;/p'\''"'

## ----------------- ##
## Output variables. ##
## ----------------- ##

ACLOCAL='${SHELL} //lls/robocup/TIT13/source/missing --run aclocal-1.7'
AMDEPBACKSLASH='\'
AMDEP_FALSE='#'
AMDEP_TRUE=''
AMTAR='${SHELL} //lls/robocup/TIT13/source/missing --run tar'
AR='ar'
AUTOCONF='${SHELL} //lls/robocup/TIT13/source/missing --run autoconf'
AUTOHEADER='${SHELL} //lls/robocup/TIT13/source/missing --run autoheader'
AUTOMAKE='${SHELL} //lls/robocup/TIT13/source/missing --run automake-1.7'
AWK='gawk'
CC='gcc'
CCDEPMODE='depmode=gcc3'
CFLAGS='-g -O2'
CPP='gcc -E'
CPPFLAGS=''
CXX='g++'
CXXCPP='g++ -E'
CXXDEPMODE='depmode=gcc3'
CXXFLAGS='-g -O2'
CYGPATH_W='echo'
DEFS='-DHAVE_CONFIG_H'
DEPDIR='.deps'
ECHO='echo'
ECHO_C=''
ECHO_N='-n'
ECHO_T=''
EGREP='/usr/bin/grep -E'
EXEEXT=''
F77=''
FFLAGS=''
GREP='/usr/bin/grep'
INSTALL_DATA='${INSTALL} -m 644'
INSTALL_PROGRAM='${INSTALL}'
INSTALL_SCRIPT='${INSTALL}'
INSTALL_STRIP_PROGRAM='${SHELL} $(install_sh) -c -s'
LDFLAGS=''
LIBOBJS=''
LIBS='-lpthread '
LIBTOOL='$(SHELL) $(top_builddir)/libtool'
LN_S='ln -s'
LTLIBOBJS=''
MAKEINFO='${SHELL} //lls/robocup/TIT13/source/missing --run makeinfo'
OBJEXT='o'
PACKAGE='trilearn_base_sources'
PACKAGE_BUGREPORT='jellekok@science.uva.nl'
PACKAGE_NAME='trilearn__base_sources'
PACKAGE_STRING='trilearn__base_sources 3.3'
PACKAGE_TARNAME='trilearn__base_sources'
PACKAGE_URL=''
PACKAGE_VERSION='3.3'
PATH_SEPARATOR=':'
RANLIB='ranlib'
SET_MAKE=''
SHELL='/bin/sh'
STRIP='strip'
VERSION='3.3'
ac_ct_CC='gcc'
ac_ct_CXX='g++'
ac_ct_F77=''
am__fastdepCC_FALSE='#'
am__fastdepCC_TRUE=''
am__fastdepCXX_FALSE='#'
am__fastdepCXX_TRUE=''
am__include='include'
am__leading_dot='.'
am__quote=''
bindir='${exec_prefix}/bin'
build='x86_64-unknown-linux-gnu'
build_alias=''
build_cpu='x86_64'
build_os='linux-gnu'
build_vendor='unknown'
datadir='${datarootdir}'
datarootdir='${prefix}/share'
docdir='${datarootdir}/doc/${PACKAGE_TARNAME}'
dvidir='${docdir}'
exec_prefix='${prefix}'
host='x86_64-unknown-linux-gnu'
host_alias=''
host_cpu='x86_64'
host_os='linux-gnu'
host_vendor='unknown'
htmldir='${docdir}'
includedir='${prefix}/include'
infodir='${datarootdir}/info'
install_sh='//lls/robocup/TIT13/source/install-sh'
libdir='${exec_prefix}/lib64'
libexecdir='${exec_prefix}/lib'
localedir='${datarootdir}/locale'
localstatedir='${prefix}/var'
mandir='${datarootdir}/man'
oldincludedir='/usr/include'
pdfdir='${docdir}'
prefix='//lls/robocup/TIT13/binaries/team-tit13'
program_transform_name='s,x,x,'
psdir='${docdir}'
sbindir='${exec_prefix}/sbin'
sharedstatedir='${prefix}/com'
sysconfdir='${prefix}/etc'
target_alias=''

## ----------- ##
## confdefs.h. ##
## ----------- ##

/* confdefs.h */
#define PACKAGE_NAME "trilearn__base_sources"
#define PACKAGE_TARNAME "trilearn__base_sources"
#define PACKAGE_VERSION "3.3"
#define PACKAGE_STRING "trilearn__base_sources 3.3"
#define PACKAGE_BUGREPORT "jellekok@science.uva.nl"
#define PACKAGE_URL ""
#define PACKAGE "trilearn_base_sources"
#define VERSION "3.3"
#define STDC_HEADERS 1
#define HAVE_SYS_TYPES_H 1
#define HAVE_SYS_STAT_H 1
#define HAVE_STDLIB_H 1
#define HAVE_STRING_H 1
#define HAVE_MEMORY_H 1
#define HAVE_STRINGS_H 1
#define HAVE_INTTYPES_H 1
#define HAVE_STDINT_H 1
#define HAVE_UNISTD_H 1
#define HAVE_DLFCN_H 1
#define HAVE_LIBPTHREAD 1
#define STDC_HEADERS 1
#define HAVE_ARPA_INET_H 1
#define HAVE_FCNTL_H 1
#define HAVE_NETDB_H 1
#define HAVE_STDLIB_H 1
#define HAVE_STRING_H 1
#define HAVE_STRINGS_H 1
#define HAVE_SYS_SOCKET_H 1
#define HAVE_SYS_TIME_H 1
#define HAVE_UNISTD_H 1
#define HAVE__BOOL 1
#define HAVE_STDBOOL_H 1
#define TIME_WITH_SYS_TIME 1
#define HAVE_SYS_SELECT_H 1
#define HAVE_SYS_SOCKET_H 1
#define SELECT_TYPE_ARG1 int
#define SELECT_TYPE_ARG234 (fd_set *)
#define SELECT_TYPE_ARG5 (struct timeval *)
#define HAVE_GETHOSTBYNAME 1
#define HAVE_GETTIMEOFDAY 1
#define HAVE_INET_NTOA 1
#define HAVE_SELECT 1
#define HAVE_SOCKET 1
#define HAVE_STRCASECMP 1
#define HAVE_STRDUP 1
#define HAVE_STRSTR 1

configure: exit 0

## ---------------------- ##
## Running config.status. ##
## ---------------------- ##

This file was extended by trilearn__base_sources config.status 3.3, which was
generated by GNU Autoconf 2.69.  Invocation command line was

  CONFIG_FILES    = 
  CONFIG_HEADERS  = 
  CONFIG_LINKS    = 
  CONFIG_COMMANDS = 
  $ ./config.status Makefile

on it072

config.status:891: creating Makefile
config.status:994: WARNING:  'Makefile.in' seems to ignore the --datarootdir setting

## ---------------------- ##
## Running config.status. ##
## ---------------------- ##

This file was extended by trilearn__base_sources config.status 3.3, which was
generated by GNU Autoconf 2.69.  Invocation command line was

  CONFIG_FILES    = 
  CONFIG_HEADERS  = 
  CONFIG_LINKS    = 
  CONFIG_COMMANDS = 
  $ ./config.status config.h

on it072

config.status:891: creating config.h
config.status:1066: config.h is unchanged

## ---------------------- ##
## Running config.status. ##
## ---------------------- ##

This file was extended by trilearn__base_sources config.status 3.3, which was
generated by GNU Autoconf 2.69.  Invocation command line was

  CONFIG_FILES    = 
  CONFIG_HEADERS  = 
  CONFIG_LINKS    = 
  CONFIG_COMMANDS = 
  $ ./config.status src/Makefile depfiles

on it072

config.status:891: creating src/Makefile
config.status:994: WARNING:  'src/Makefile.in' seems to ignore the --datarootdir setting
config.status:1113: executing depfiles commands
