 0: change player from message 62 -> 1
 0: changed player from message 62 -> 1
 0: change player from message 63 -> 2
 0: changed player from message 63 -> 2
 0: change player from message 64 -> 3
 0: changed player from message 64 -> 3
 0: change player from message 65 -> 4
 0: changed player from message 65 -> 4
 0: change player from message 66 -> 5
 0: changed player from message 66 -> 5
 0: change player from message 67 -> 6
 0: changed player from message 67 -> 6
 0: change player from message 68 -> 7
 0: changed player from message 68 -> 7
 0: change player from message 69 -> 8
 0: changed player from message 69 -> 8
 0: change player from message 70 -> 9
 0: changed player from message 70 -> 9
 0: change player from message 71 -> 10
 0: changed player from message 71 -> 10
(b)r: 1.82868 phi: 22.9246 vel: ( -0.363353, -1.91362 ) (72,0) rel: ( 1.68424, 0.712306 ), (72,0) global: ( 9.70389, -0.384967 ), (72,0), changes: -2.412, 4 last seen:(70,0) globalposderived: (70,0)
 72: direction old: 129.881458, new: 125.987713
(b)r: 1.6 phi: 26 vel: ( -0.329132, -1.84317 ) (72,0) rel: ( 1.43807, 0.701394 ), (72,0) global: ( 9.93312, -0.489859 ), (72,0), changes: -1.376, 49.3 last seen:(72,0) globalposderived: (72,0)
(b)r: 1.45989 phi: 18.9722 vel: ( -0.309384, -1.73258 ) (73,0) rel: ( 1.38058, 0.474623 ), (73,0) global: ( 9.60399, -2.33303 ), (73,0), changes: -1.376, 49.3 last seen:(72,0) globalposderived: (72,0)
 73: direction old: -162.905110, new: -154.759902
(b)r: 1.5 phi: 18 vel: ( -0.339961, -1.73014 ) (73,0) rel: ( 1.42658, 0.463525 ), (73,0) global: ( 9.37326, -2.62633 ), (73,0), changes: 1.11, 55.9 last seen:(73,0) globalposderived: (73,0)
 405: 2 pos: ball(10.005867,14.877246), ball_prev(8.210358,15.057954), agentdiff(0.044489,-0.065299)
 405: direction old: 81.992056, new: 78.974075
 406: 2 pos: ball(10.761677,14.868686), ball_prev(10.005867,14.877246), agentdiff(-0.036260,0.042911)
 406: vel based on 2 pos: (0.744546,-0.048384)
 406: direction old: 60.654632, new: 61.884008
 412: direction old: 17.030566, new: 21.187541
(b)r: 1.98254 phi: 1.55161 vel: ( 0, 0 ) (413,0) rel: ( 1.98182, 0.0536821 ), (413,0) global: ( 13.0658, 14.218 ), (413,0), changes: -0.918, 2.1 last seen:(412,0) globalposderived: (412,0)
(b)r: 0.2 phi: -2.66454e-13 vel: ( 0, 0 ) (414,0) rel: ( 0.2, -9.30098e-16 ), (414,0) global: ( 12.1253, 13.8783 ), (414,0), changes: -0.918, 2.1 last seen:(412,0) globalposderived: (412,0)
 414: turnWithBall: kick ball away from opp at ang 8.035718
 414: (kick 24.986840 169.301288), vecDesired (-0.705356,-0.151974) 165.178070 posDes(11.419949,13.726345)
 414: 2 pos: ball(11.760746,14.304380), ball_prev(13.065844,14.218004), agentdiff(0.024844,0.148338)
 414: direction old: -26.218521, new: 120.214360
(b)r: 0.4 phi: 100 vel: ( 0, 0 ) (414,0) rel: ( -0.0694593, 0.393923 ), (414,0) global: ( 11.7607, 14.3044 ), (414,0), changes: -0.918, 2.1 last seen:(414,0) globalposderived: (414,0)
 414: turnWithBall: turn since ball will be kickable in t+1
(b)r: 0.2 phi: 116.568 vel: ( 0, 0 ) (415,0) rel: ( -0.0894532, 0.17888 ), (415,0) global: ( 11.8427, 14.1243 ), (415,0), changes: -0.918, 2.1 last seen:(414,0) globalposderived: (414,0)
 415: ball (11.842700,14.124343), agent (11.925560,13.942315), to (21.924307,14.100581) ang 0.906838 -2.093162
 415: relpos body (0.200000,113.568411), vel. ball:(0.000000,0.000000) dist: 1.012703 (0.300000,0.085000,0.627703)
 415: point good and can reach point 45.193252
 415: 2 pos: ball(11.065813,14.185220), ball_prev(11.760746,14.304380), agentdiff(0.025255,0.079284)
 415: direction old: 136.459141, new: 169.525334
(b)r: 0.9 phi: 173 vel: ( 0, 0 ) (415,0) rel: ( -0.893292, 0.109682 ), (415,0) global: ( 11.0658, 14.1852 ), (415,0), changes: -0.918, 2.1 last seen:(415,0) globalposderived: (415,0)
 415: kick results in collision, change velDes from (1.188690,-0.026916)
 415: ball (11.065813,14.185220), agent (11.950815,14.021599), to (21.950472,13.938755) ang -0.474666 -3.474666
 415: relpos body (0.900000,170.000000), vel. ball:(0.000000,0.000000) dist: 1.012703 (0.300000,0.085000,0.627703)
 415: point good and can reach point 84.409303
(b)r: 0.411786 phi: 25.3043 vel: ( 1.19122, -0.00986891 ) (416,0) rel: ( 0.372276, 0.176008 ), (416,0) global: ( 12.3331, 14.1747 ), (416,0), changes: -0.918, 2.1 last seen:(415,0) globalposderived: (415,0)
 416: ball (12.333073,14.174721), agent (11.950815,14.021599), to (21.950472,13.938755) ang -0.474666 -3.474666
 416: relpos body (0.411786,22.304293), vel. ball:(1.191225,-0.009869) dist: 1.012703 (0.300000,0.085000,0.627703)
 416: point good and can reach point 2.935577
(b)r: 1.57999 phi: 8.20198 vel: ( 1.11975, -0.00927678 ) (417,0) rel: ( 1.56383, 0.225406 ), (417,0) global: ( 13.5243, 14.1649 ), (417,0), changes: -0.918, 2.1 last seen:(415,0) globalposderived: (415,0)
 417: 2 pos: ball(11.555753,13.874047), ball_prev(11.065813,14.185220), agentdiff(0.004116,-0.121920)
 417: direction old: 9.590576, new: -176.325912
(b)r: 0.4 phi: -173 vel: ( 1.11975, -0.00927678 ) (417,0) rel: ( -0.397018, -0.0487477 ), (417,0) global: ( 11.5558, 13.874 ), (417,0), changes: -0.918, 2.1 last seen:(417,0) globalposderived: (417,0)
 417: ball (11.555753,13.874047), agent (11.954931,13.899679), to (23.580832,0.411633) ang -0.325912 -3.325912
 417: relpos body (0.400000,-176.000000), vel. ball:(1.119751,-0.009277) dist: 1.012703 (0.300000,0.085000,0.627703)
 417: point good and can reach point 108.617043
 418: 2 pos: ball(11.336509,11.788387), ball_prev(11.555753,13.874047), agentdiff(0.000000,0.000000)
 418: vel based on 2 pos: (-0.206089,-1.960520)
 418: direction old: -55.784005, new: -106.325912
 675: direction old: 24.201935, new: 21.090884
 676: direction old: 17.781206, new: 15.813719
(b)r: 1.98125 phi: -18.0844 vel: ( 0.272934, -0.208486 ) (678,0) rel: ( 1.88338, -0.615014 ), (678,0) global: ( -3.512, -16.1151 ), (678,0), changes: 0.044, -6.9 last seen:(676,0) globalposderived: (676,0)
 678: direction old: -6.740299, new: 1.590410
(b)r: 1.8 phi: -21 vel: ( 0.269386, -0.208281 ) (678,0) rel: ( 1.68044, -0.645062 ), (678,0) global: ( -3.97084, -15.7983 ), (678,0), changes: 0, -7 last seen:(678,0) globalposderived: (678,0)
(b)r: 1.37975 phi: 1.3491 vel: ( 0.253223, -0.195784 ) (679,0) rel: ( 1.37937, 0.032485 ), (679,0) global: ( -3.70145, -16.0066 ), (679,0), changes: 0, -7 last seen:(678,0) globalposderived: (678,0)
 679: 2 pos: ball(-3.766966,-14.889584), ball_prev(-3.970839,-15.798293), agentdiff(0.007373,-0.271256)
 679: vel based on 2 pos: (0.184711,1.109167)
 679: direction old: 5.380420, new: 43.786334
(b)r: 1.8 phi: 50 vel: ( 0, 0 ) (679,0) rel: ( 1.15702, 1.37888 ), (679,0) global: ( -3.76697, -14.8896 ), (679,0), changes: 0, -7 last seen:(679,0) globalposderived: (679,0)
(b)r: 1.58682 phi: 4.60278 vel: ( 0, 0 ) (680,0) rel: ( 1.58171, 0.127338 ), (680,0) global: ( -3.76697, -14.8896 ), (680,0), changes: 0, -7 last seen:(679,0) globalposderived: (679,0)
(b)r: 1.06818 phi: -0.589359 vel: ( 0, 0 ) (681,0) rel: ( 1.06812, -0.0109873 ), (681,0) global: ( -3.76697, -14.8896 ), (681,0), changes: 0, -7 last seen:(679,0) globalposderived: (679,0)
 681: 2 pos: ball(-2.579063,-15.391715), ball_prev(-3.766966,-14.889584), agentdiff(0.292704,-0.088358)
 681: direction old: 78.052098, new: 20.478593
(b)r: 1.5 phi: -46 vel: ( 0, 0 ) (681,0) rel: ( 1.04199, -1.07901 ), (681,0) global: ( -2.57906, -15.3917 ), (681,0), changes: 0, -7 last seen:(681,0) globalposderived: (681,0)
(b)r: 0.975608 phi: 8.88178e-16 vel: ( 0, 0 ) (682,0) rel: ( 0.975608, 1.51235e-17 ), (682,0) global: ( -2.57906, -15.3917 ), (682,0), changes: 0, -7 last seen:(681,0) globalposderived: (681,0)
 682: ball (-2.579063,-15.391715), agent (-3.554369,-15.367420), to (-0.750664,0.041535) ang 56.573092 -1.426908
 682: relpos body (0.975608,-58.000000), vel. ball:(0.000000,0.000000) dist: 1.012703 (0.300000,0.085000,0.627703)
 682: point good, but reposition ball since need 141.904247
 682: (kick 45.177178 94.903661), vecDesired (-0.733298,0.398534) 0.000000 posDes(-3.312361,-14.993181)
 682: 2 pos: ball(-3.836158,-15.321446), ball_prev(-2.579063,-15.391715), agentdiff(-0.053617,0.374513)
 682: direction old: -21.186175, new: -124.780184
(b)r: 0.4 phi: -124 vel: ( 0, 0 ) (682,0) rel: ( -0.223677, -0.331615 ), (682,0) global: ( -3.83616, -15.3214 ), (682,0), changes: 0, -7 last seen:(682,0) globalposderived: (682,0)
 682: ball (-3.836158,-15.321446), agent (-3.607986,-14.992907), to (-0.750664,0.041535) ang 57.219816 -0.780184
 682: relpos body (0.400000,178.000000), vel. ball:(0.000000,0.000000) dist: 1.012703 (0.300000,0.085000,0.627703)
 682: point good, but reposition ball since need 130.012099
 682: (kick 41.930032 -0.662699), vecDesired (0.465940,0.705486) 0.000000 posDes(-3.370218,-14.615960)
(b)r: 0.2 phi: 59.8727 vel: ( -0.042074, -0.0653357 ) (683,0) rel: ( 0.100385, 0.172982 ), (683,0) global: ( -3.50526, -14.8213 ), (683,0), changes: 0, -7 last seen:(682,0) globalposderived: (682,0)
 683: ball (-3.505256,-14.821308), agent (-3.607986,-14.992907), to (-0.770580,-0.011295) ang 57.219816 -0.780184
 683: relpos body (0.200000,1.872685), vel. ball:(-0.042074,-0.065336) dist: 1.012703 (0.300000,0.085000,0.627703)
 683: point good and can reach point 93.141529
 684: 2 pos: ball(-4.672488,-12.511610), ball_prev(-3.836158,-15.321446), agentdiff(-0.000000,-0.000000)
 684: direction old: 77.450351, new: 113.219816
 966: direction old: -31.122455, new: -29.790674
 967: direction old: -27.046683, new: -31.485505
(b)r: 1.6253 phi: 1.82364 vel: ( 0.154077, -0.127055 ) (969,0) rel: ( 1.62448, 0.0517223 ), (969,0) global: ( 11.2826, -23.6619 ), (969,0), changes: -0.176, -1.5 last seen:(967,0) globalposderived: (967,0)
 969: direction old: -43.867461, new: -35.900030
(b)r: 1.5 phi: 1 vel: ( 0.154006, -0.126387 ) (969,0) rel: ( 1.49977, 0.0261786 ), (969,0) global: ( 11.2363, -23.329 ), (969,0), changes: -0.09, -1.6 last seen:(969,0) globalposderived: (969,0)
(b)r: 0.965972 phi: -3.53982 vel: ( 0.144765, -0.118804 ) (970,0) rel: ( 0.964129, -0.0596413 ), (970,0) global: ( 11.3903, -23.4554 ), (970,0), changes: -0.09, -1.6 last seen:(969,0) globalposderived: (969,0)
 970: ball (11.390277,-23.455418), agent (10.655088,-22.828841), to (-1.108755,0.127983) ang -32.900030 -36.900030
 970: relpos body (0.965972,-7.539820), vel. ball:(0.144765,-0.118804) dist: 1.012703 (0.300000,0.085000,0.627703)
 970: point too far, reposition ball (k_r = 0.758140)
 970: (kick 16.978357 152.573461), vecDesired (-0.027288,0.183163) 0.000000 posDes(11.362989,-23.272255)
 970: direction old: -33.815332, new: -39.605485
(b)r: 1 phi: -3 vel: ( 0.146347, -0.115652 ) (970,0) rel: ( 0.99863, -0.052336 ), (970,0) global: ( 11.3445, -23.5462 ), (970,0), changes: -0.16, -2.7 last seen:(970,0) globalposderived: (970,0)
 970: ball (11.344457,-23.546153), agent (10.574005,-22.908655), to (-1.108755,0.127983) ang -32.605485 -36.605485
 970: relpos body (1.000000,-7.000000), vel. ball:(0.146347,-0.115652) dist: 1.012703 (0.300000,0.085000,0.627703)
 970: point too far, reposition ball (k_r = 0.745337)
 970: (kick 18.652744 156.004408), vecDesired (-0.060281,0.197728) 0.000000 posDes(11.284176,-23.348424)
(b)r: 0.830304 phi: -5.29951 vel: ( 0.137566, -0.108713 ) (971,0) rel: ( 0.826755, -0.0766886 ), (971,0) global: ( 11.4908, -23.6618 ), (971,0), changes: -0.16, -2.7 last seen:(970,0) globalposderived: (970,0)
 971: ball (11.490804,-23.661805), agent (10.872848,-23.107247), to (-1.108755,0.127983) ang -32.605485 -36.605485
 971: relpos body (0.830304,-9.299512), vel. ball:(0.137566,-0.108713) dist: 1.012703 (0.300000,0.085000,0.627703)
 971: point too far, reposition ball (k_r = 0.809730)
 971: (kick 16.908230 156.287363), vecDesired (-0.067440,0.198892) 0.000000 posDes(11.423364,-23.462913)
(b)r: 0.505861 phi: 4.27534 vel: ( -0.0516678, 0.172338 ) (972,0) rel: ( 0.504453, 0.0377117 ), (972,0) global: ( 11.4358, -23.4785 ), (972,0), changes: -0.16, -2.7 last seen:(970,0) globalposderived: (970,0)
 972: ball (11.435838,-23.478467), agent (11.008396,-23.207934), to (-1.108755,0.127983) ang -32.605485 -36.605485
 972: relpos body (0.505861,0.275339), vel. ball:(-0.051668,0.172338) dist: 1.012703 (0.300000,0.085000,0.627703)
 972: pos (-1.655353,3.115048) too far, but can acc ball good to 2.745188 k=2.569000,-0.035246
 972: direction old: -41.531447, new: -30.824409
(b)r: 0.5 phi: 6 vel: ( -0.0243556, 0.155195 ) (972,0) rel: ( 0.497261, 0.0522642 ), (972,0) global: ( 11.5217, -23.4304 ), (972,0), changes: -0.18, 14.8 last seen:(972,0) globalposderived: (972,0)
 972: ball (11.521664,-23.430392), agent (11.092293,-23.174187), to (-1.108755,0.127983) ang -32.824409 -36.824409
 972: relpos body (0.500000,2.000000), vel. ball:(-0.024356,0.155195) dist: 1.012703 (0.300000,0.085000,0.627703)
 972: pos (-1.666803,3.108936) too far, but can acc ball good to 2.716597 k=2.568835,-0.051865
 973: 2 pos: ball(10.207808,-21.249745), ball_prev(11.521664,-23.430392), agentdiff(-0.110872,-0.054718)
 973: vel based on 2 pos: (-1.130805,2.101243)
 973: direction old: 109.564665, new: 112.375925
 1083: direction old: 20.811226, new: 22.003856
(b)r: 1.9385 phi: -16.8351 vel: ( 0.0821271, -0.0874335 ) (1084,0) rel: ( 1.85542, -0.561424 ), (1084,0) global: ( 20.0592, -11.3493 ), (1084,0), changes: -0.1, -3.5 last seen:(1083,0) globalposderived: (1083,0)
 1084: direction old: 16.831203, new: 17.954589
(b)r: 1.8 phi: -17 vel: ( 0.103198, -0.0819942 ) (1084,0) rel: ( 1.72135, -0.526269 ), (1084,0) global: ( 19.8647, -11.3712 ), (1084,0), changes: -0.216, -4.3 last seen:(1084,0) globalposderived: (1084,0)
(b)r: 1.60612 phi: -13.0985 vel: ( 0.097006, -0.0770746 ) (1085,0) rel: ( 1.56433, -0.363989 ), (1085,0) global: ( 19.9679, -11.4532 ), (1085,0), changes: -0.216, -4.3 last seen:(1084,0) globalposderived: (1084,0)
(b)r: 1.10266 phi: -20.3478 vel: ( 0.0911856, -0.0724501 ) (1086,0) rel: ( 1.03386, -0.383416 ), (1086,0) global: ( 20.0649, -11.5303 ), (1086,0), changes: -0.216, -4.3 last seen:(1084,0) globalposderived: (1084,0)
 1086: direction old: 17.475998, new: 5.434602
(b)r: 1.2 phi: -21 vel: ( 0.0902816, -0.0844101 ) (1086,0) rel: ( 1.1203, -0.430042 ), (1086,0) global: ( 20.2723, -11.7274 ), (1086,0), changes: -0.192, -7.2 last seen:(1086,0) globalposderived: (1086,0)
(b)r: 1.02553 phi: -12.1758 vel: ( 0.0848647, -0.0793455 ) (1087,0) rel: ( 1.00247, -0.216298 ), (1087,0) global: ( 20.3626, -11.8119 ), (1087,0), changes: -0.192, -7.2 last seen:(1086,0) globalposderived: (1086,0)
 1087: direction old: -17.107112, new: -3.224036
(b)r: 1 phi: -12 vel: ( 0.0809252, -0.0796935 ) (1087,0) rel: ( 0.978148, -0.207912 ), (1087,0) global: ( 20.2394, -11.5229 ), (1087,0), changes: -0.04, -7 last seen:(1087,0) globalposderived: (1087,0)
 1087: ball (20.239362,-11.522882), agent (19.240945,-11.466642), to (0.283078,-0.487602) ang -1.224036 8.775964
 1087: relpos body (1.000000,-2.000000), vel. ball:(0.080925,-0.079694) dist: 1.012703 (0.300000,0.085000,0.627703)
 1087: point too far, reposition ball (k_r = 0.752282)
 1087: (kick 24.538667 161.860960), vecDesired (-0.389302,0.085559) 0.000000 posDes(19.850060,-11.437323)
(b)r: 0.502084 phi: -9.70922 vel: ( -0.353909, 0.0834944 ) (1088,0) rel: ( 0.494893, -0.0846755 ), (1088,0) global: ( 19.8629, -11.4341 ), (1088,0), changes: -0.04, -7 last seen:(1087,0) globalposderived: (1087,0)
 1088: ball (19.862863,-11.434058), agent (19.360845,-11.425880), to (0.283078,-0.487602) ang -1.224036 8.775964
 1088: relpos body (0.502084,0.290777), vel. ball:(-0.353909,0.083494) dist: 1.012703 (0.300000,0.085000,0.627703)
 1088: pos (-2.894300,1.618114) too far, but can acc ball good to 2.920720 k=2.573003,0.099824
 1089: 2 pos: ball(17.327388,-10.045720), ball_prev(20.239362,-11.522882), agentdiff(-0.001040,-0.016638)
 1089: direction old: 145.404548, new: 146.735270
 1380: direction old: -133.234731, new: -130.028769
 1381: direction old: -138.499829, new: -134.356312
 1383: direction old: -135.899892, new: -141.680785
(b)r: 1.8 phi: 8 vel: ( -0.147992, -0.0200065 ) (1383,0) rel: ( 1.78248, 0.250512 ), (1383,0) global: ( -1.03907, -20.0936 ), (1383,0), changes: 0.144, -2.2 last seen:(1383,0) globalposderived: (1383,0)
(b)r: 1.95095 phi: 5.81962 vel: ( -0.139112, -0.0188061 ) (1384,0) rel: ( 1.9409, 0.197821 ), (1384,0) global: ( -1.18706, -20.1136 ), (1384,0), changes: 0.144, -2.2 last seen:(1383,0) globalposderived: (1383,0)
 1384: direction old: -146.493381, new: -144.674517
(b)r: 1.6 phi: 5 vel: ( -0.134282, -0.0201948 ) (1384,0) rel: ( 1.59391, 0.139449 ), (1384,0) global: ( -1.16702, -20.1612 ), (1384,0), changes: 0.128, -2 last seen:(1384,0) globalposderived: (1384,0)
(b)r: 1.38873 phi: 1.01676 vel: ( -0.126225, -0.0189831 ) (1385,0) rel: ( 1.38852, 0.0246429 ), (1385,0) global: ( -1.3013, -20.1814 ), (1385,0), changes: 0.128, -2 last seen:(1384,0) globalposderived: (1384,0)
(b)r: 1.345 phi: 8.92164 vel: ( -0.118652, -0.0178441 ) (1386,0) rel: ( 1.32873, 0.208588 ), (1386,0) global: ( -1.42752, -20.2004 ), (1386,0), changes: 0.128, -2 last seen:(1384,0) globalposderived: (1384,0)
 1386: direction old: -147.607443, new: -152.561878
(b)r: 1.3 phi: 8 vel: ( -0.126331, -0.0346456 ) (1386,0) rel: ( 1.28735, 0.180925 ), (1386,0) global: ( -1.44038, -20.0756 ), (1386,0), changes: 0.052, -2.3 last seen:(1386,0) globalposderived: (1386,0)
(b)r: 1.03161 phi: 4.15941 vel: ( -0.118751, -0.0325668 ) (1387,0) rel: ( 1.02889, 0.0748241 ), (1387,0) global: ( -1.56671, -20.1102 ), (1387,0), changes: 0.052, -2.3 last seen:(1386,0) globalposderived: (1386,0)
 1387: direction old: -153.118160, new: -158.706150
(b)r: 1 phi: 2 vel: ( -0.118587, -0.030005 ) (1387,0) rel: ( 0.999391, 0.0348995 ), (1387,0) global: ( -1.66313, -20.05 ), (1387,0), changes: 0.14, -0.8 last seen:(1387,0) globalposderived: (1387,0)
 1387: turnWithBall: kick ball close to desired turnangle 0.000000
 1387: (kick 80.024483 164.273676), vecDesired (1.434253,0.373540) 149.706150 posDes(-0.228874,-19.676416)
(b)r: 0.2 phi: 161.03 vel: ( -0.134955, -0.0344037 ) (1388,0) rel: ( -0.189137, 0.0650157 ), (1388,0) global: ( -0.5314, -19.6857 ), (1388,0), changes: 0.14, -0.8 last seen:(1387,0) globalposderived: (1387,0)
 1388: turnWithBall: kick ball away from opp at ang 31.254574
 1388: (kick 22.576038 -5.810801), vecDesired (-0.614979,-0.252992) 0.960724 posDes(-1.146379,-19.938667)
(b)r: 0.472957 phi: 13.0287 vel: ( -0.563689, -0.238772 ) (1389,0) rel: ( 0.460782, 0.106623 ), (1389,0) global: ( -1.13107, -19.9397 ), (1389,0), changes: 0.14, -0.8 last seen:(1387,0) globalposderived: (1387,0)
 1389: turnWithBall: freeze ball
 1389: 2 pos: ball(0.760255,-19.760598), ball_prev(-1.663127,-20.049956), agentdiff(0.035857,-0.435265)
 1389: direction old: 157.278091, new: 13.944439
(b)r: 1.5 phi: 175 vel: ( -0.563689, -0.238772 ) (1389,0) rel: ( -1.49429, 0.130734 ), (1389,0) global: ( 0.760255, -19.7606 ), (1389,0), changes: 0.14, -0.8 last seen:(1389,0) globalposderived: (1389,0)
(b)r: 0.900504 phi: 4.88685 vel: ( -0.529868, -0.224445 ) (1390,0) rel: ( 0.89723, 0.0767124 ), (1390,0) global: ( 0.196566, -19.9994 ), (1390,0), changes: 0.14, -0.8 last seen:(1389,0) globalposderived: (1389,0)
 1390: ball (0.196566,-19.999370), agent (-0.695540,-20.122069), to (28.736852,0.161022) ang 13.944439 2.944439
 1390: relpos body (0.900504,-6.113150), vel. ball:(-0.529868,-0.224445) dist: 1.012703 (0.300000,0.085000,0.627703)
 1390: point too far, reposition ball (k_r = 0.786196)
 1390: (kick 11.510251 49.589822), vecDesired (-0.420979,-0.005720) 0.000000 posDes(-0.224413,-20.005090)
 1390: direction old: 5.436787, new: 11.864761
(b)r: 1.52111 phi: 24.2671 vel: ( -0.54003, -0.0761168 ) (1404,0) rel: ( 1.3867, 0.625161 ), (1404,0) global: ( 4.57811, -18.8322 ), (1404,0), changes: -0.66, 4.3 last seen:(1402,0) globalposderived: (1402,0)
 1404: direction old: 38.458570, new: 40.672849
(b)r: 1.5 phi: 24 vel: ( -0.55085, -0.0824389 ) (1404,0) rel: ( 1.37032, 0.610105 ), (1404,0) global: ( 4.50321, -18.8177 ), (1404,0), changes: -0.63, 12.7 last seen:(1404,0) globalposderived: (1404,0)
(b)r: 0.944936 phi: 29.1967 vel: ( -0.517799, -0.0774926 ) (1405,0) rel: ( 0.824882, 0.460949 ), (1405,0) global: ( 3.95236, -18.9001 ), (1405,0), changes: -0.63, 12.7 last seen:(1404,0) globalposderived: (1404,0)
 1405: ball (3.952363,-18.900097), agent (3.497183,-19.728177), to (8.124133,-18.440409) ang 43.006503 32.006503
 1405: relpos body (0.944936,18.196734), vel. ball:(-0.517799,-0.077493) dist: 1.012703 (0.300000,0.085000,0.627703)
 1405: point good, but reposition ball since need 120.573542
 1405: (kick 30.399229 -81.935957), vecDesired (-0.037827,-0.465189) 0.000000 posDes(3.914536,-19.365286)
 1405: direction old: 61.332416, new: 62.995045
(b)r: 0.9 phi: 32 vel: ( -0.535084, -0.0787491 ) (1405,0) rel: ( 0.763243, 0.476927 ), (1405,0) global: ( 3.907, -18.9286 ), (1405,0), changes: -0.378, 31.7 last seen:(1405,0) globalposderived: (1405,0)
 1405: ball (3.907002,-18.928629), agent (3.498342,-19.730499), to (8.304769,-18.352728) ang 41.995045 30.995045
 1405: relpos body (0.900000,21.000000), vel. ball:(-0.535084,-0.078749) dist: 1.012703 (0.300000,0.085000,0.627703)
 1405: point good and can reach point 119.216819
 1407: direction old: 13.334788, new: 27.223447
 1408: direction old: 35.145324, new: 27.706284
 1410: direction old: 20.411174, new: 25.333969
 1896: 2 pos: ball(2.444044,-21.904872), ball_prev(4.716725,-21.335545), agentdiff(-0.054710,0.030663)
 1896: direction old: -11.251944, new: -76.862751
(b)r: 1.1 phi: -67 vel: ( 0, 0 ) (1896,0) rel: ( 0.429804, -1.01256 ), (1896,0) global: ( 2.44404, -21.9049 ), (1896,0), changes: -0.132, -0.3 last seen:(1896,0) globalposderived: (1896,0)
(b)r: 1.05442 phi: 2.91935 vel: ( 0, 0 ) (1897,0) rel: ( 1.05305, 0.0537019 ), (1897,0) global: ( 2.44404, -21.9049 ), (1897,0), changes: -0.132, -0.3 last seen:(1896,0) globalposderived: (1896,0)
 1897: direction old: -96.638056, new: -128.798112
(b)r: 1.6 phi: -40 vel: ( -0.984892, -0.252209 ) (1897,0) rel: ( 1.22567, -1.02846 ), (1897,0) global: ( 1.58799, -21.8932 ), (1897,0), changes: 0.864, -24.5 last seen:(1897,0) globalposderived: (1897,0)
 2187: direction old: -113.489107, new: -113.515166
 2188: 2 pos: ball(-10.381530,-21.295300), ball_prev(-11.027261,-21.424755), agentdiff(0.020564,0.030546)
 2188: vel based on 2 pos: (0.587657,0.092975)
 2188: direction old: -102.782162, new: -92.427263
 2190: 2 pos: ball(-9.045308,-21.485537), ball_prev(-10.381530,-21.295300), agentdiff(0.092961,0.037640)
 2190: direction old: -58.195410, new: -58.802466
(b)r: 1.13046 phi: 26.7503 vel: ( 1.15446, -1.38805 ) (2330,0) rel: ( 1.00947, 0.508823 ), (2330,0) global: ( -11.9619, -18.5856 ), (2330,0), changes: -2.046, 6.5 last seen:(2329,0) globalposderived: (2329,0)
(b)r: 1.1652 phi: 111.358 vel: ( 1.0852, -1.30477 ) (2331,0) rel: ( -0.424348, 1.08518 ), (2331,0) global: ( -10.8074, -19.9736 ), (2331,0), changes: -2.046, 6.5 last seen:(2329,0) globalposderived: (2329,0)
 2331: 2 pos: ball(-11.121578,-20.429733), ball_prev(-13.190034,-17.108908), agentdiff(-0.194581,-0.406544)
 2331: direction old: -61.867385, new: -86.078214
(b)r: 1.2 phi: 105 vel: ( 1.03073, -1.32735 ) (2331,0) rel: ( -0.310583, 1.15911 ), (2331,0) global: ( -11.1216, -20.4297 ), (2331,0), changes: -2.046, 6.5 last seen:(2331,0) globalposderived: (2331,0)
 2386: direction old: -69.204404, new: -106.292284
(b)r: 2 phi: 6 vel: ( 0.817899, 1.84662 ) (2386,0) rel: ( 1.98904, 0.209057 ), (2386,0) global: ( -9.52269, -22.917 ), (2386,0), changes: -2, 10.8 last seen:(2386,0) globalposderived: (2386,0)
(b)r: 0.2 phi: 64.3731 vel: ( -0.0768825, -0.173583 ) (2387,0) rel: ( 0.086502, 0.180326 ), (2387,0) global: ( -8.87467, -21.0207 ), (2387,0), changes: -2, 10.8 last seen:(2386,0) globalposderived: (2386,0)
 2387: turnWithBall: turn since ball will be kickable in t+1
(b)r: 0.2 phi: -86.2033 vel: ( 0.00722696, 0.0163168 ) (2388,0) rel: ( 0.0132434, -0.199561 ), (2388,0) global: ( -8.97267, -21.1489 ), (2388,0), changes: -2, 10.8 last seen:(2386,0) globalposderived: (2386,0)
 2388: ball (-8.972675,-21.148923), agent (-9.057111,-20.967621), to (-4.057134,-20.952302) ang 0.175540 21.175540
 2388: relpos body (0.200000,-65.203276), vel. ball:(0.007227,0.016317) dist: 1.012703 (0.300000,0.085000,0.627703)
 2388: point good and can reach point 30.610605
 2388: 2 pos: ball(-8.741464,-21.255065), ball_prev(-9.522686,-22.916969), agentdiff(0.071191,0.029165)
 2388: direction old: -86.399046, new: -52.328066
(b)r: 0.4 phi: -68 vel: ( 0.00722696, 0.0163168 ) (2388,0) rel: ( 0.149843, -0.370874 ), (2388,0) global: ( -8.74146, -21.2551 ), (2388,0), changes: -2, 10.8 last seen:(2388,0) globalposderived: (2388,0)
 2388: ball (-8.741464,-21.255065), agent (-8.985920,-20.938455), to (-4.007523,-21.402747) ang -5.328066 15.671934
 2388: relpos body (0.400000,-47.000000), vel. ball:(0.007227,0.016317) dist: 1.012703 (0.300000,0.085000,0.627703)
 2388: point good and can reach point 32.449302
(b)r: 1.10844 phi: -33.9085 vel: ( 0.759813, -0.0284512 ) (2389,0) rel: ( 0.919929, -0.618364 ), (2389,0) global: ( -7.93315, -21.2853 ), (2389,0), changes: -2, 10.8 last seen:(2388,0) globalposderived: (2388,0)
 2389: direction old: -18.236534, new: -29.328066
(b)r: 1.1 phi: -45 vel: ( 0.651577, -0.187697 ) (2389,0) rel: ( 0.777817, -0.777817 ), (2389,0) global: ( -8.02691, -21.4772 ), (2389,0), changes: 0.66, 8.1 last seen:(2389,0) globalposderived: (2389,0)
(b)r: 1.76686 phi: 0 vel: ( 0.612483, -0.176435 ) (2390,0) rel: ( 1.76686, 0 ), (2390,0) global: ( -7.37533, -21.6649 ), (2390,0), changes: 0.66, 8.1 last seen:(2389,0) globalposderived: (2389,0)
 2391: direction old: -24.414371, new: -23.281688
 2392: direction old: -21.724795, new: -23.321717
 2407: direction old: -9.682749, new: -16.987787
 2409: direction old: -12.835184, new: -13.986023
 2410: direction old: -23.223081, new: -13.445298
 2412: direction old: -3.963452, new: -9.363040
(b)r: 1.77508 phi: -0.361124 vel: ( 0.182777, -0.0650736 ) (2413,0) rel: ( 1.77505, -0.0111879 ), (2413,0) global: ( 1.12228, -24.6972 ), (2413,0), changes: 0, 0.7 last seen:(2412,0) globalposderived: (2412,0)
 2413: direction old: -6.931812, new: -6.269132
(b)r: 1.6 phi: 1 vel: ( 0, 0 ) (2413,0) rel: ( 1.59976, 0.0279239 ), (2413,0) global: ( 0.949827, -24.6576 ), (2413,0), changes: -0.032, 0.8 last seen:(2413,0) globalposderived: (2413,0)
(b)r: 1.18936 phi: 1.66533e-16 vel: ( 0, 0 ) (2414,0) rel: ( 1.18936, 3.45694e-18 ), (2414,0) global: ( 0.949827, -24.6576 ), (2414,0), changes: -0.032, 0.8 last seen:(2413,0) globalposderived: (2413,0)
(b)r: 1.00182 phi: 1.77636e-15 vel: ( 0, 0 ) (2415,0) rel: ( 1.00182, 3.10598e-17 ), (2415,0) global: ( 0.949827, -24.6576 ), (2415,0), changes: -0.032, 0.8 last seen:(2413,0) globalposderived: (2413,0)
 2415: ball (0.949827,-24.657552), agent (-0.047778,-24.749384), to (-1.370860,-0.593512) ang -22.740627 5.259373
 2415: relpos body (1.001823,28.000000), vel. ball:(0.000000,0.000000) dist: 1.012703 (0.300000,0.085000,0.627703)
 2415: point too far, reposition ball (k_r = 0.715444)
 2415: (kick 32.256748 -131.039744), vecDesired (-0.558991,-0.275295) 0.000000 posDes(0.390837,-24.932847)
 2415: direction old: 12.648603, new: 4.883709
(b)r: 1.2 phi: 1 vel: ( 0, 0 ) (2415,0) rel: ( 1.19982, 0.0209429 ), (2415,0) global: ( 1.11252, -24.7872 ), (2415,0), changes: 0.024, -0.4 last seen:(2415,0) globalposderived: (2415,0)
(b)r: 1.01303 phi: 3.55271e-15 vel: ( 0, 0 ) (2416,0) rel: ( 1.01303, 6.28146e-17 ), (2416,0) global: ( 1.11252, -24.7872 ), (2416,0), changes: 0.024, -0.4 last seen:(2415,0) globalposderived: (2415,0)
 2416: 2 pos: ball(0.074571,-24.678572), ball_prev(1.112518,-24.787204), agentdiff(0.038657,-0.091176)
 2416: direction old: 16.483368, new: 101.811939
(b)r: 0.4 phi: 91 vel: ( 0, 0 ) (2416,0) rel: ( -0.00698096, 0.399939 ), (2416,0) global: ( 0.0745715, -24.6786 ), (2416,0), changes: 0.024, -0.4 last seen:(2416,0) globalposderived: (2416,0)
 2416: ball (0.074571,-24.678572), agent (0.156451,-25.070102), to (-1.370860,-0.593512) ang -24.188061 10.811939
 2416: relpos body (0.400000,126.000000), vel. ball:(0.000000,0.000000) dist: 1.012703 (0.300000,0.085000,0.627703)
 2416: point too far, reposition ball (k_r = 0.819026)
 2416: (kick 35.303753 -24.474412), vecDesired (0.515645,-0.586172) 0.000000 posDes(0.590216,-25.264744)
(b)r: 0.483647 phi: -42.0307 vel: ( 0.478462, -0.534907 ) (2417,0) rel: ( 0.359246, -0.323816 ), (2417,0) global: ( 0.583574, -25.2476 ), (2417,0), changes: 0.024, -0.4 last seen:(2416,0) globalposderived: (2416,0)
 2417: ball (0.583574,-25.247622), agent (0.137108,-25.061658), to (-1.370860,-0.593512) ang -23.582168 19.417832
 2417: relpos body (0.483647,0.969304), vel. ball:(0.478462,-0.534907) dist: 1.012703 (0.300000,0.085000,0.627703)
 2417: point too far, freeze ball
(b)r: 0.502253 phi: -42.4374 vel: ( 0.0148452, -0.00981375 ) (2418,0) rel: ( 0.37067, -0.338912 ), (2418,0) global: ( 0.599367, -25.2581 ), (2418,0), changes: 0.024, -0.4 last seen:(2416,0) globalposderived: (2416,0)
 2418: ball (0.599367,-25.258062), agent (0.137108,-25.061658), to (-1.370860,-0.593512) ang -23.582168 19.417832
 2418: relpos body (0.502253,0.562591), vel. ball:(0.014845,-0.009814) dist: 1.012703 (0.300000,0.085000,0.627703)
 2418: pos (-0.280890,3.516364) too far, but can acc ball good to 2.560800 k=2.571803,-0.014017
 2418: 2 pos: ball(-1.335232,-25.675502), ball_prev(0.074571,-24.678572), agentdiff(-0.008234,0.031442)
 2418: direction old: -25.839531, new: -156.215124
(b)r: 1.6 phi: -175 vel: ( 0.0148452, -0.00981375 ) (2418,0) rel: ( -1.59391, -0.139449 ), (2418,0) global: ( -1.33523, -25.6755 ), (2418,0), changes: 0.024, -0.4 last seen:(2418,0) globalposderived: (2418,0)
(b)r: 1.59044 phi: 0 vel: ( 0.0139545, -0.00922492 ) (2419,0) rel: ( 1.59044, 0 ), (2419,0) global: ( -1.32039, -25.6853 ), (2419,0), changes: 0.024, -0.4 last seen:(2418,0) globalposderived: (2418,0)
 2419: direction old: -154.173973, new: -157.540233
 2610: direction old: -11.087519, new: -8.918987
 2611: direction old: -11.223253, new: -10.781653
(b)r: 1.90936 phi: -5.85459 vel: ( 0.0460396, -0.0877742 ) (2612,0) rel: ( 1.8994, -0.194762 ), (2612,0) global: ( 13.403, -5.3329 ), (2612,0), changes: -0.044, -2.4 last seen:(2611,0) globalposderived: (2611,0)
(b)r: 1.58008 phi: -10.0411 vel: ( 0.0432772, -0.0825078 ) (2613,0) rel: ( 1.55587, -0.275495 ), (2613,0) global: ( 13.4491, -5.42067 ), (2613,0), changes: -0.044, -2.4 last seen:(2611,0) globalposderived: (2611,0)
 2613: direction old: -18.842240, new: -18.697434
(b)r: 1.5 phi: -11 vel: ( 0.0438426, -0.079381 ) (2613,0) rel: ( 1.47244, -0.286213 ), (2613,0) global: ( 13.2029, -5.33267 ), (2613,0), changes: -0.12, -3.6 last seen:(2613,0) globalposderived: (2613,0)
(b)r: 1.38438 phi: -2.60267 vel: ( 0.041212, -0.0746182 ) (2614,0) rel: ( 1.38295, -0.0628639 ), (2614,0) global: ( 13.2468, -5.41205 ), (2614,0), changes: -0.12, -3.6 last seen:(2613,0) globalposderived: (2613,0)
 2614: direction old: -22.956312, new: -22.193334
(b)r: 1.3 phi: -3 vel: ( 0, 0 ) (2614,0) rel: ( 1.29822, -0.0680367 ), (2614,0) global: ( 13.1747, -5.36273 ), (2614,0), changes: -0.026, -3.2 last seen:(2614,0) globalposderived: (2614,0)
(b)r: 0.984466 phi: 0.597995 vel: ( 0, 0 ) (2615,0) rel: ( 0.984412, 0.0102747 ), (2615,0) global: ( 13.1747, -5.36273 ), (2615,0), changes: -0.026, -3.2 last seen:(2614,0) globalposderived: (2614,0)
 2615: ball (13.174708,-5.362726), agent (12.271942,-4.970059), to (-0.349465,0.755149) ang -22.105086 -24.105086
 2615: relpos body (0.984466,-1.402005), vel. ball:(0.000000,0.000000) dist: 1.012703 (0.300000,0.085000,0.627703)
 2615: point good and can reach point 127.872553
(b)r: 0.836872 phi: 0.174053 vel: ( 0, 0 ) (2616,0) rel: ( 0.836869, 0.00254224 ), (2616,0) global: ( 13.1747, -5.36273 ), (2616,0), changes: -0.026, -3.2 last seen:(2614,0) globalposderived: (2614,0)
 2616: ball (13.174708,-5.362726), agent (12.409778,-5.023259), to (-0.349465,0.755149) ang -22.105086 -24.105086
 2616: relpos body (0.836872,-1.825947), vel. ball:(0.000000,0.000000) dist: 1.012703 (0.300000,0.085000,0.627703)
 2616: point good and can reach point 118.769785
 2616: direction old: -16.811658, new: 4.996173
(b)r: 1.74106 phi: 0.0611315 vel: ( 0, 0 ) (2617,0) rel: ( 1.74106, 0.00185761 ), (2617,0) global: ( 14.5491, -5.00181 ), (2617,0), changes: 0.04, 0.8 last seen:(2616,0) globalposderived: (2616,0)
 2617: direction old: 12.128540, new: 8.990247
(b)r: 1.8 phi: 0 vel: ( 0, 0 ) (2617,0) rel: ( 1.8, 0 ), (2617,0) global: ( 14.6225, -5.08682 ), (2617,0), changes: 0, 2 last seen:(2617,0) globalposderived: (2617,0)
(b)r: 1.50354 phi: -0.0326625 vel: ( 0, 0 ) (2618,0) rel: ( 1.50354, -0.00085712 ), (2618,0) global: ( 14.6225, -5.08682 ), (2618,0), changes: 0, 2 last seen:(2617,0) globalposderived: (2617,0)
(b)r: 1.2152 phi: 0.259264 vel: ( 0, 0 ) (2619,0) rel: ( 1.21518, 0.00549877 ), (2619,0) global: ( 14.6225, -5.08682 ), (2619,0), changes: 0, 2 last seen:(2617,0) globalposderived: (2617,0)
 2619: direction old: 13.035789, new: 58.689455
(b)r: 0.7 phi: 32 vel: ( -0.854713, 0.0100862 ) (2619,0) rel: ( 0.593634, 0.370943 ), (2619,0) global: ( 13.7104, -4.78417 ), (2619,0), changes: -0.462, 75.6 last seen:(2619,0) globalposderived: (2619,0)
 2619: ball (13.710380,-4.784170), agent (13.346607,-5.382224), to (-0.349465,0.755149) ang -21.310545 26.689455
 2619: relpos body (0.700000,80.000000), vel. ball:(-0.854713,0.010086) dist: 1.012703 (0.300000,0.085000,0.627703)
 2619: point good and can reach point 89.642606
 2620: 2 pos: ball(11.449686,-3.807292), ball_prev(13.710380,-4.784170), agentdiff(0.217708,-0.136029)
 2620: vel based on 2 pos: (-2.329698,1.046133)
 2620: direction old: 143.483848, new: 140.888478
(b)r: 1.2901 phi: -72.7148 vel: ( 1.45455, -1.163 ) (2703,0) rel: ( 0.383326, -1.23184 ), (2703,0) global: ( -2.50794, -12.2665 ), (2703,0), changes: -2.07, -8.1 last seen:(2701,0) globalposderived: (2701,0)
 2703: 2 pos: ball(-2.658011,-12.438817), ball_prev(-5.701499,-9.713038), agentdiff(-0.083066,-0.111757)
 2703: direction old: 46.765143, new: 46.349195
(b)r: 1.2 phi: -71 vel: ( 1.42403, -1.19059 ) (2703,0) rel: ( 0.390682, -1.13462 ), (2703,0) global: ( -2.65801, -12.4388 ), (2703,0), changes: -2.07, -8.1 last seen:(2703,0) globalposderived: (2703,0)
 2704: direction old: -0.701247, new: -9.361126
 2863: direction old: 89.504247, new: 94.068516
(b)r: 1.77327 phi: -41.2306 vel: ( 0.822575, -0.52186 ) (2864,0) rel: ( 1.33361, -1.16875 ), (2864,0) global: ( -8.30073, -16.0761 ), (2864,0), changes: -0.616, -22.3 last seen:(2863,0) globalposderived: (2863,0)
(b)r: 1.91058 phi: -43.3345 vel: ( 0.77322, -0.490549 ) (2865,0) rel: ( 1.38968, -1.31115 ), (2865,0) global: ( -7.47816, -16.598 ), (2865,0), changes: -0.616, -22.3 last seen:(2863,0) globalposderived: (2863,0)
 2865: 2 pos: ball(-7.386537,-16.570552), ball_prev(-9.175811,-15.520955), agentdiff(0.013932,-0.017289)
 2865: direction old: 34.710292, new: 33.861722
(b)r: 2 phi: -47 vel: ( 0.808604, -0.470179 ) (2865,0) rel: ( 1.364, -1.46271 ), (2865,0) global: ( -7.38654, -16.5706 ), (2865,0), changes: -0.616, -22.3 last seen:(2865,0) globalposderived: (2865,0)
 2866: direction old: 20.206194, new: 14.023510
 2949: direction old: 28.859652, new: 26.292762
 2950: direction old: 24.872470, new: 26.146678
(b)r: 1.85784 phi: -1.10671 vel: ( 0.0595003, 0.0451093 ) (2951,0) rel: ( 1.85749, -0.0358834 ), (2951,0) global: ( 20.5625, -8.85546 ), (2951,0), changes: -0.132, 0.3 last seen:(2950,0) globalposderived: (2950,0)
(b)r: 1.51028 phi: -0.306522 vel: ( 0, 0 ) (2952,0) rel: ( 1.51026, -0.00807968 ), (2952,0) global: ( 20.622, -8.81036 ), (2952,0), changes: -0.132, 0.3 last seen:(2950,0) globalposderived: (2950,0)
 2952: direction old: 32.483277, new: 22.299215
(b)r: 1.6 phi: -3 vel: ( 0, 0 ) (2952,0) rel: ( 1.59781, -0.0837375 ), (2952,0) global: ( 20.8084, -9.02704 ), (2952,0), changes: -0.192, -1 last seen:(2952,0) globalposderived: (2952,0)
(b)r: 1.17993 phi: 0.407198 vel: ( 0, 0 ) (2953,0) rel: ( 1.1799, 0.00838559 ), (2953,0) global: ( 20.8084, -9.02704 ), (2953,0), changes: -0.192, -1 last seen:(2952,0) globalposderived: (2952,0)
 2953: direction old: 7.280363, new: 19.843617
(b)r: 1.2 phi: 0 vel: ( 0, 0 ) (2953,0) rel: ( 1.2, 0 ), (2953,0) global: ( 20.7405, -8.77258 ), (2953,0), changes: -0.192, -1.2 last seen:(2953,0) globalposderived: (2953,0)
(b)r: 0.2 phi: 1.24345e-13 vel: ( 0, 0 ) (2954,0) rel: ( 0.2, 4.34046e-16 ), (2954,0) global: ( 20.1891, -8.93337 ), (2954,0), changes: -0.192, -1.2 last seen:(2953,0) globalposderived: (2953,0)
 2954: ball (20.189140,-8.933369), agent (19.997139,-8.989365), to (1.081737,0.982863) ang 25.258894 16.258894
 2954: relpos body (0.200000,-9.000000), vel. ball:(0.000000,0.000000) dist: 1.012703 (0.300000,0.085000,0.627703)
 2954: pos (-2.943168,1.527426) too far, but can acc ball good to 2.865190 k=2.865190,-0.000000
 3216: direction old: -32.847281, new: -60.638871
(b)r: 1.8 phi: -75 vel: ( 0, 0 ) (3216,0) rel: ( 0.465874, -1.73867 ), (3216,0) global: ( 22.4478, -14.9968 ), (3216,0), changes: -0.134, -0.4 last seen:(3216,0) globalposderived: (3216,0)
(b)r: 1.11946 phi: 1.37644 vel: ( 0, 0 ) (3217,0) rel: ( 1.11914, 0.0268908 ), (3217,0) global: ( 22.4478, -14.9968 ), (3217,0), changes: -0.134, -0.4 last seen:(3216,0) globalposderived: (3216,0)
 3217: direction old: -82.895241, new: -110.447410
(b)r: 1.3 phi: -29 vel: ( -0.606758, -0.0845205 ) (3217,0) rel: ( 1.13701, -0.630253 ), (3217,0) global: ( 21.8833, -15.3295 ), (3217,0), changes: 0.208, -41 last seen:(3217,0) globalposderived: (3217,0)
(b)r: 1.78152 phi: -0.00990273 vel: ( -0.570353, -0.0794493 ) (3218,0) rel: ( 1.78152, -0.000307909 ), (3218,0) global: ( 21.2765, -15.414 ), (3218,0), changes: 0.208, -41 last seen:(3217,0) globalposderived: (3217,0)
 3219: direction old: -152.148965, new: -153.834183
(b)r: 1.78474 phi: 40.8406 vel: ( 0, 0 ) (3225,0) rel: ( 1.35021, 1.16714 ), (3225,0) global: ( 17.9332, -15.6774 ), (3225,0), changes: 0.198, -0.9 last seen:(3223,0) globalposderived: (3223,0)
 3226: direction old: -144.186226, new: -151.341250
 3228: direction old: -151.324911, new: -146.558133
 3229: direction old: -132.444226, new: -144.537637
(b)r: 1.84382 phi: 49.2932 vel: ( 0, 0 ) (3230,0) rel: ( 1.20252, 1.39772 ), (3230,0) global: ( 13.9622, -15.9861 ), (3230,0), changes: 0.25, -2.4 last seen:(3229,0) globalposderived: (3229,0)
(b)r: 1.57574 phi: 11.2658 vel: ( 0, 0 ) (3231,0) rel: ( 1.54538, 0.307837 ), (3231,0) global: ( 13.9622, -15.9861 ), (3231,0), changes: 0.25, -2.4 last seen:(3229,0) globalposderived: (3229,0)
 3231: direction old: -117.272563, new: -143.987592
 3232: direction old: -150.073450, new: -151.236946
(b)r: 1.94661 phi: 1.19882 vel: ( 0, 0 ) (3233,0) rel: ( 1.94618, 0.0407267 ), (3233,0) global: ( 11.9259, -16.42 ), (3233,0), changes: 0.324, -6.4 last seen:(3232,0) globalposderived: (3232,0)
(b)r: 1.19736 phi: 0.981942 vel: ( 0, 0 ) (3234,0) rel: ( 1.19719, 0.0205196 ), (3234,0) global: ( 11.9259, -16.42 ), (3234,0), changes: 0.324, -6.4 last seen:(3232,0) globalposderived: (3232,0)
 3234: direction old: -153.674803, new: -170.939499
 3235: direction old: 178.180589, new: -177.992761
(b)r: 1.46722 phi: 1.00956 vel: ( 0, 0 ) (3237,0) rel: ( 1.46699, 0.0258513 ), (3237,0) global: ( 10.0403, -16.4119 ), (3237,0), changes: 0.486, -2.8 last seen:(3235,0) globalposderived: (3235,0)
 3237: direction old: -174.867508, new: 179.158121
 3238: direction old: 177.068966, new: 178.219302
(b)r: 1.97087 phi: -0.839828 vel: ( 0, 0 ) (3239,0) rel: ( 1.97066, -0.0288876 ), (3239,0) global: ( 8.18112, -16.2606 ), (3239,0), changes: 0.216, -0.3 last seen:(3238,0) globalposderived: (3238,0)
(b)r: 1.18646 phi: -0.566476 vel: ( 0, 0 ) (3240,0) rel: ( 1.1864, -0.0117301 ), (3240,0) global: ( 8.18112, -16.2606 ), (3240,0), changes: 0.216, -0.3 last seen:(3238,0) globalposderived: (3238,0)
 3240: direction old: 161.164797, new: 175.092032
(b)r: 1.69513 phi: -0.733818 vel: ( 0, 0 ) (3241,0) rel: ( 1.69499, -0.0217098 ), (3241,0) global: ( 6.85643, -16.4445 ), (3241,0), changes: 0.25, 0.3 last seen:(3240,0) globalposderived: (3240,0)
 3241: direction old: 170.500369, new: 175.020857
(b)r: 1.66541 phi: 0.348161 vel: ( 0, 0 ) (3242,0) rel: ( 1.66538, 0.0101199 ), (3242,0) global: ( 5.89302, -16.4831 ), (3242,0), changes: 0.3, 1.4 last seen:(3241,0) globalposderived: (3241,0)
(b)r: 0.835148 phi: -1.3293 vel: ( 0, 0 ) (3243,0) rel: ( 0.834924, -0.0193742 ), (3243,0) global: ( 5.89302, -16.4831 ), (3243,0), changes: 0.3, 1.4 last seen:(3241,0) globalposderived: (3241,0)
 3243: ball (5.893020,-16.483077), agent (6.675623,-16.774635), to (-0.074241,0.183906) ang -178.103530 160.896470
 3243: relpos body (0.835148,-22.329298), vel. ball:(0.000000,0.000000) dist: 1.012703 (0.300000,0.085000,0.627703)
 3243: point good, but reposition ball since need 130.797205
 3243: (kick 16.271000 69.262241), vecDesired (-0.112040,-0.328340) 0.000000 posDes(5.780980,-16.811418)
 3243: direction old: 165.831049, new: 174.357124
(b)r: 1.18662 phi: 1.50193 vel: ( 0, 0 ) (3244,0) rel: ( 1.18621, 0.0311021 ), (3244,0) global: ( 4.94513, -16.5496 ), (3244,0), changes: 0.16, 1.1 last seen:(3243,0) globalposderived: (3243,0)
 3244: direction old: 163.618014, new: 175.096094
(b)r: 1.7901 phi: -0.344889 vel: ( -0.597545, -0.053252 ) (3245,0) rel: ( 1.79007, -0.0107754 ), (3245,0) global: ( 3.3183, -16.7297 ), (3245,0), changes: 0.24, 2.2 last seen:(3244,0) globalposderived: (3244,0)
(b)r: 1.60392 phi: 1.18285 vel: ( -0.561692, -0.0500569 ) (3246,0) rel: ( 1.60357, 0.0331098 ), (3246,0) global: ( 2.72076, -16.783 ), (3246,0), changes: 0.24, 2.2 last seen:(3244,0) globalposderived: (3244,0)
 3246: direction old: 177.804326, new: 179.110201
(b)r: 1.6 phi: 4 vel: ( 0, 0 ) (3246,0) rel: ( 1.5961, 0.11161 ), (3246,0) global: ( 2.70788, -16.8189 ), (3246,0), changes: 0.224, 2.4 last seen:(3246,0) globalposderived: (3246,0)
(b)r: 0.78065 phi: -1.89984 vel: ( 0, 0 ) (3247,0) rel: ( 0.780221, -0.0258805 ), (3247,0) global: ( 2.70788, -16.8189 ), (3247,0), changes: 0.224, 2.4 last seen:(3246,0) globalposderived: (3246,0)
 3247: ball (2.707876,-16.818950), agent (3.485621,-16.886236), to (-0.074241,0.183906) ang -177.044730 176.955270
 3247: relpos body (0.780650,-7.899842), vel. ball:(0.000000,0.000000) dist: 1.012703 (0.300000,0.085000,0.627703)
 3247: point good and can reach point 124.230021
 3247: direction old: 176.056433, new: 179.089429
(b)r: 1.5 phi: 3 vel: ( 0, 0 ) (3247,0) rel: ( 1.49794, 0.0785039 ), (3247,0) global: ( 1.98522, -16.8487 ), (3247,0), changes: 0.27, 0.7 last seen:(3247,0) globalposderived: (3247,0)
(b)r: 0.2 phi: 1.13687e-13 vel: ( 0, 0 ) (3248,0) rel: ( 0.2, 3.96842e-16 ), (3248,0) global: ( 2.45328, -16.8867 ), (3248,0), changes: 0.27, 0.7 last seen:(3247,0) globalposderived: (3247,0)
 3248: ball (2.453279,-16.886703), agent (2.652623,-16.902894), to (-0.074241,0.183906) ang -178.643380 175.356620
 3248: relpos body (0.200000,-6.000000), vel. ball:(0.000000,0.000000) dist: 1.012703 (0.300000,0.085000,0.627703)
 3248: point good and can reach point 96.955138
(b)r: 0.242022 phi: 1.04466 vel: ( 0, 0 ) (3249,0) rel: ( 0.241982, 0.00441248 ), (3249,0) global: ( 2.45328, -16.8867 ), (3249,0), changes: 0.27, 0.7 last seen:(3247,0) globalposderived: (3247,0)
 3249: ball (2.453279,-16.886703), agent (2.694824,-16.901894), to (-0.074241,0.183906) ang -178.643380 175.356620
 3249: relpos body (0.242022,-4.955342), vel. ball:(0.000000,0.000000) dist: 1.012703 (0.300000,0.085000,0.627703)
 3249: point good and can reach point 98.366495
 3249: direction old: -169.350640, new: 179.308357
(b)r: 2 phi: 3 vel: ( 0, 0 ) (3249,0) rel: ( 1.99726, 0.104672 ), (3249,0) global: ( 0.959334, -16.7674 ), (3249,0), changes: 0.6, 0.5 last seen:(3249,0) globalposderived: (3249,0)
(b)r: 1.55765 phi: -0.105166 vel: ( 0, 0 ) (3250,0) rel: ( 1.55764, -0.00285905 ), (3250,0) global: ( 0.959334, -16.7674 ), (3250,0), changes: 0.6, 0.5 last seen:(3249,0) globalposderived: (3249,0)
 3250: direction old: 177.437398, new: 178.194047
(b)r: 1.56719 phi: 2.36528 vel: ( 0, 0 ) (3251,0) rel: ( 1.56585, 0.064678 ), (3251,0) global: ( 0.0446979, -16.7556 ), (3251,0), changes: 0.352, -0.1 last seen:(3250,0) globalposderived: (3250,0)
(b)r: 0.2 phi: 2.27374e-13 vel: ( 0, 0 ) (3252,0) rel: ( 0.2, 7.93684e-16 ), (3252,0) global: ( 0.66942, -16.7739 ), (3252,0), changes: 0.352, -0.1 last seen:(3250,0) globalposderived: (3250,0)
 3252: ball (0.669420,-16.773897), agent (0.869334,-16.779759), to (-0.074241,0.183906) ang -177.679658 178.320342
 3252: relpos body (0.200000,-4.000000), vel. ball:(0.000000,0.000000) dist: 1.012703 (0.300000,0.085000,0.627703)
 3252: point good and can reach point 96.702996
 3336: direction old: 121.412841, new: 120.949792
 3337: direction old: 116.109726, new: 122.827211
(b)r: 1.76288 phi: 0.849218 vel: ( 0, 0 ) (3339,0) rel: ( 1.76268, 0.0261278 ), (3339,0) global: ( 6.27411, -12.3334 ), (3339,0), changes: -0.1, 8.5 last seen:(3337,0) globalposderived: (3337,0)
 3339: direction old: 114.746412, new: 145.560457
(b)r: 1.32508 phi: -0.39975 vel: ( 0, 0 ) (3340,0) rel: ( 1.32504, -0.00924491 ), (3340,0) global: ( 5.42022, -12.9283 ), (3340,0), changes: 0.04, 14.6 last seen:(3339,0) globalposderived: (3339,0)
 3340: direction old: 148.300755, new: 167.497809
(b)r: 1.8 phi: 14 vel: ( -0.49891, -0.197943 ) (3340,0) rel: ( 1.74653, 0.435459 ), (3340,0) global: ( 4.62046, -13.13 ), (3340,0), changes: 0.18, 16.4 last seen:(3340,0) globalposderived: (3340,0)
 3342: 2 pos: ball(3.819555,-13.533262), ball_prev(4.620462,-13.130041), agentdiff(0.273047,0.037126)
 3342: direction old: -171.730185, new: -170.744002
 3481: direction old: 73.576844, new: 79.306099
(b)r: 1.69966 phi: 48.3949 vel: ( -0.273249, -0.899501 ) (3482,0) rel: ( 1.12856, 1.2709 ), (3482,0) global: ( -4.33472, -10.7474 ), (3482,0), changes: -1.026, -1.3 last seen:(3481,0) globalposderived: (3481,0)
(b)r: 0.343847 phi: 50.4488 vel: ( -0.256854, -0.845531 ) (3483,0) rel: ( 0.218951, 0.265126 ), (3483,0) global: ( -4.60797, -11.6469 ), (3483,0), changes: -1.026, -1.3 last seen:(3481,0) globalposderived: (3481,0)
 3483: ball (-4.607974,-11.646901), agent (-4.671721,-11.984788), to (-0.722721,0.466200) ang 73.867120 28.867120
 3483: relpos body (0.343847,5.448801), vel. ball:(-0.256854,-0.845531) dist: 1.012703 (0.300000,0.085000,0.627703)
 3483: point good, but reposition ball since need 122.909694
 3483: (kick 44.903311 -0.294369), vecDesired (0.089031,0.327627) 0.000000 posDes(-4.518943,-11.319274)
 3483: 2 pos: ball(-4.603977,-11.584135), ball_prev(-4.044033,-9.790484), agentdiff(-0.001802,0.006745)
 3483: direction old: 78.803021, new: 79.987342
(b)r: 0.4 phi: 49 vel: ( -0.254213, -0.820016 ) (3483,0) rel: ( 0.262424, 0.301884 ), (3483,0) global: ( -4.60398, -11.5841 ), (3483,0), changes: -1.026, -1.3 last seen:(3483,0) globalposderived: (3483,0)
 3483: ball (-4.603977,-11.584135), agent (-4.673523,-11.978043), to (-0.722721,0.466200) ang 75.987342 30.987342
 3483: relpos body (0.400000,4.000000), vel. ball:(-0.254213,-0.820016) dist: 1.012703 (0.300000,0.085000,0.627703)
 3483: point good, but reposition ball since need 124.498803
 3483: (kick 42.734494 -1.900967), vecDesired (0.058506,0.276803) 0.000000 posDes(-4.545471,-11.307332)
(b)r: 0.476571 phi: 47.4277 vel: ( 0.0339743, 0.246892 ) (3484,0) rel: ( 0.32241, 0.350958 ), (3484,0) global: ( -4.56783, -11.3215 ), (3484,0), changes: -1.026, -1.3 last seen:(3483,0) globalposderived: (3483,0)
 3484: ball (-4.567834,-11.321484), agent (-4.663540,-11.788346), to (-0.765482,0.473576) ang 75.987342 30.987342
 3484: relpos body (0.476571,2.427673), vel. ball:(0.033974,0.246892) dist: 1.012703 (0.300000,0.085000,0.627703)
 3484: point good and can reach point 85.605163
 3484: 2 pos: ball(-4.277925,-11.491769), ball_prev(-4.603977,-11.584135), agentdiff(0.317584,-0.097595)
 3484: vel based on 2 pos: (0.007960,0.178564)
 3484: direction old: 111.458939, new: 80.207724
(b)r: 0.4 phi: 49 vel: ( 0.00795989, 0.178564 ) (3484,0) rel: ( 0.262424, 0.301884 ), (3484,0) global: ( -4.27793, -11.4918 ), (3484,0), changes: -1.026, -1.3 last seen:(3484,0) globalposderived: (3484,0)
 3484: ball (-4.277925,-11.491769), agent (-4.345956,-11.885941), to (-0.765482,0.473576) ang 76.207724 31.207724
 3484: relpos body (0.400000,4.000000), vel. ball:(0.007960,0.178564) dist: 1.012703 (0.300000,0.085000,0.627703)
 3484: point good and can reach point 85.843617
 3562: direction old: 26.320008, new: 26.065875
(b)r: 1.77935 phi: -1.53331 vel: ( 0.394667, -0.187189 ) (3564,0) rel: ( 1.77871, -0.0476118 ), (3564,0) global: ( 25.1278, -7.25898 ), (3564,0), changes: -0.054, -6.1 last seen:(3562,0) globalposderived: (3562,0)
 3564: direction old: 15.744866, new: 14.266455
(b)r: 1.3 phi: -3 vel: ( 0, 0 ) (3564,0) rel: ( 1.29822, -0.0680367 ), (3564,0) global: ( 24.7076, -7.41229 ), (3564,0), changes: -0.52, -13.1 last seen:(3564,0) globalposderived: (3564,0)
(b)r: 0.2 phi: -9.41469e-14 vel: ( 0, 0 ) (3565,0) rel: ( 0.2, -3.28635e-16 ), (3565,0) global: ( 24.4142, -7.4959 ), (3565,0), changes: -0.52, -13.1 last seen:(3564,0) globalposderived: (3564,0)
 3565: ball (24.414160,-7.495902), agent (24.221815,-7.550703), to (7.520919,1.221548) ang 10.902912 15.902912
 3565: relpos body (0.200000,5.000000), vel. ball:(0.000000,0.000000) dist: 1.012703 (0.300000,0.085000,0.627703)
 3565: point good and can reach point 103.009471
 3565: direction old: -9.929929, new: -14.932632
(b)r: 0.7 phi: -31 vel: ( 0.00235324, 0.0318053 ) (3565,0) rel: ( 0.600017, -0.360527 ), (3565,0) global: ( 24.6848, -7.60524 ), (3565,0), changes: 0.028, 4.3 last seen:(3565,0) globalposderived: (3565,0)
 3565: ball (24.684760,-7.605245), agent (24.008399,-7.424867), to (7.520919,1.221548) ang 11.067368 16.067368
 3565: relpos body (0.700000,-26.000000), vel. ball:(0.002353,0.031805) dist: 1.012703 (0.300000,0.085000,0.627703)
 3565: point good, but reposition ball since need 130.515362
 3565: (kick 14.702218 125.214505), vecDesired (-0.238195,0.261823) 0.000000 posDes(24.446565,-7.343421)
(b)r: 0.498083 phi: -6.55792 vel: ( -0.212331, 0.236592 ) (3566,0) rel: ( 0.494824, -0.0568848 ), (3566,0) global: ( 24.4589, -7.35355 ), (3566,0), changes: 0.028, 4.3 last seen:(3565,0) globalposderived: (3565,0)
 3566: ball (24.458876,-7.353552), agent (23.967637,-7.435840), to (7.520919,1.221548) ang 11.067368 16.067368
 3566: relpos body (0.498083,-1.557916), vel. ball:(-0.212331,0.236592) dist: 1.012703 (0.300000,0.085000,0.627703)
 3566: point good and can reach point 103.906467
 3567: 2 pos: ball(21.864719,-6.456228), ball_prev(24.684760,-7.605245), agentdiff(-0.074534,0.085691)
 3567: direction old: 145.969851, new: 155.879323
 3936: direction old: 101.473706, new: 104.926398
 3937: direction old: 97.763502, new: 97.357648
 3939: direction old: 82.975922, new: 83.119297
 3940: direction old: 75.512763, new: 75.689345
 3942: direction old: 61.720642, new: 62.106692
 3943: direction old: 59.459475, new: 55.197903
 3945: direction old: 35.995466, new: 45.087534
(b)r: 2 phi: -7 vel: ( 0.192282, 0.0183256 ) (3945,0) rel: ( 1.98509, -0.243739 ), (3945,0) global: ( -10.4302, -15.1324 ), (3945,0), changes: 0, -4.2 last seen:(3945,0) globalposderived: (3945,0)
 3946: direction old: 52.760043, new: 41.652984
(b)r: 2 phi: -3 vel: ( 0.182091, 0.017379 ) (3946,0) rel: ( 1.99726, -0.104672 ), (3946,0) global: ( -10.0029, -15.4416 ), (3946,0), changes: 0.08, -3.5 last seen:(3946,0) globalposderived: (3946,0)
(b)r: 1.85806 phi: -7.12915 vel: ( 0.171166, 0.0163363 ) (3947,0) rel: ( 1.8437, -0.230597 ), (3947,0) global: ( -9.82085, -15.4243 ), (3947,0), changes: 0.08, -3.5 last seen:(3946,0) globalposderived: (3946,0)
(b)r: 1.86086 phi: -2.5371 vel: ( 0.160896, 0.0153561 ) (3948,0) rel: ( 1.85904, -0.0823735 ), (3948,0) global: ( -9.64969, -15.4079 ), (3948,0), changes: 0.08, -3.5 last seen:(3946,0) globalposderived: (3946,0)
 3948: direction old: 21.714785, new: 32.385272
(b)r: 2 phi: -4 vel: ( 0.166853, 0.00980091 ) (3948,0) rel: ( 1.99513, -0.139513 ), (3948,0) global: ( -9.6914, -15.0259 ), (3948,0), changes: 0.08, -3 last seen:(3948,0) globalposderived: (3948,0)
(b)r: 1.83259 phi: -7.05481 vel: ( 0.156842, 0.00921286 ) (3949,0) rel: ( 1.81872, -0.225076 ), (3949,0) global: ( -9.52455, -15.0161 ), (3949,0), changes: 0.08, -3 last seen:(3948,0) globalposderived: (3948,0)
 3949: direction old: 40.182282, new: 29.790782
(b)r: 1.8 phi: -7 vel: ( 0.16111, 0.0102986 ) (3949,0) rel: ( 1.78658, -0.219365 ), (3949,0) global: ( -9.34664, -15.2908 ), (3949,0), changes: 0, -2.8 last seen:(3949,0) globalposderived: (3949,0)
(b)r: 1.96728 phi: 4.8311 vel: ( 0.151443, 0.00968072 ) (3950,0) rel: ( 1.9603, 0.165682 ), (3950,0) global: ( -9.18553, -15.2805 ), (3950,0), changes: 0, -2.8 last seen:(3949,0) globalposderived: (3949,0)
 3951: direction old: 17.969401, new: 21.088533
(b)r: 1.8 phi: -8 vel: ( 0.142306, 0.00635227 ) (3951,0) rel: ( 1.78248, -0.250512 ), (3951,0) global: ( -9.26985, -15.2444 ), (3951,0), changes: 0.144, -1.5 last seen:(3951,0) globalposderived: (3951,0)
(b)r: 1.72797 phi: 0.023383 vel: ( 0.133767, 0.00597114 ) (3952,0) rel: ( 1.72797, 0.000705201 ), (3952,0) global: ( -9.12755, -15.238 ), (3952,0), changes: 0.144, -1.5 last seen:(3951,0) globalposderived: (3951,0)
 3952: direction old: 16.891938, new: 19.049118
(b)r: 1.8 phi: 0 vel: ( 0.137944, 0.00271715 ) (3952,0) rel: ( 1.8, 0 ), (3952,0) global: ( -9.06192, -15.1473 ), (3952,0), changes: 0.036, -2.1 last seen:(3952,0) globalposderived: (3952,0)
(b)r: 1.5805 phi: -0.0491376 vel: ( 0.129667, 0.00255413 ) (3953,0) rel: ( 1.5805, -0.00135546 ), (3953,0) global: ( -8.92398, -15.1446 ), (3953,0), changes: 0.036, -2.1 last seen:(3952,0) globalposderived: (3952,0)
(b)r: 1.32505 phi: -0.484817 vel: ( 0.121887, 0.00240088 ) (3954,0) rel: ( 1.325, -0.011212 ), (3954,0) global: ( -8.79431, -15.142 ), (3954,0), changes: 0.036, -2.1 last seen:(3952,0) globalposderived: (3952,0)
 3954: direction old: 3.043551, new: 8.103460
(b)r: 1.3 phi: -3 vel: ( 0, 0 ) (3954,0) rel: ( 1.29822, -0.0680367 ), (3954,0) global: ( -8.89679, -15.0326 ), (3954,0), changes: -0.182, -3.1 last seen:(3954,0) globalposderived: (3954,0)
(b)r: 0.92319 phi: -0.201433 vel: ( 0, 0 ) (3955,0) rel: ( 0.923184, -0.00324562 ), (3955,0) global: ( -8.89679, -15.0326 ), (3955,0), changes: -0.182, -3.1 last seen:(3954,0) globalposderived: (3954,0)
 3955: turnWithBall: kick ball away from opp at ang -1.865926
 3955: (kick 61.950323 144.881740), vecDesired (-1.235270,0.146816) 149.793835 posDes(-10.132058,-14.885816)
 3955: direction old: 8.381228, new: -1.834100
(b)r: 1 phi: -1 vel: ( -0.0123484, -0.00237927 ) (3955,0) rel: ( 0.999848, -0.0174524 ), (3955,0) global: ( -8.55587, -15.1617 ), (3955,0), changes: -0.18, -6.4 last seen:(3955,0) globalposderived: (3955,0)
 3955: turnWithBall: kick ball away from opp at ang -6.834100
 3955: (kick 68.281541 142.262145), vecDesired (-1.310337,0.193273) 144.000000 posDes(-9.866210,-14.968394)
(b)r: 0.2 phi: 152.19 vel: ( 0.122583, -0.0186476 ) (3956,0) rel: ( -0.1769, 0.0933081 ), (3956,0) global: ( -9.73088, -15.0338 ), (3956,0), changes: -0.18, -6.4 last seen:(3955,0) globalposderived: (3955,0)
 3956: turnWithBall: turn since ball will be kickable in t+1
(b)r: 0.2 phi: 148.014 vel: ( 0, 0 ) (3957,0) rel: ( -0.169635, 0.105943 ), (3957,0) global: ( -9.65876, -14.9588 ), (3957,0), changes: -0.18, -6.4 last seen:(3955,0) globalposderived: (3955,0)
 3957: ball (-9.658759,-14.958754), agent (-9.563918,-15.134837), to (-4.563984,-15.109181) ang 0.293998 -29.706002
 3957: relpos body (0.200000,118.013732), vel. ball:(0.000000,0.000000) dist: 1.012703 (0.300000,0.085000,0.627703)
 3957: point good and can reach point 33.392596
(b)r: 0.0699529 phi: 10.1634 vel: ( 0, 0 ) (3957,0) rel: ( 0.0688553, 0.0123436 ), (3957,0) global: ( -9.12431, -14.9416 ), (3957,0), changes: -0.18, -6.4 last seen:(-1,0) globalposderived: (3955,0)
 3957: ball (-9.124309,-14.941627), agent (-9.724263,-14.934204), to (-4.724645,-14.996064) ang -0.708875 -30.708875
 3957: relpos body (0.069953,-19.836616), vel. ball:(0.000000,0.000000) dist: 1.012703 (0.300000,0.085000,0.627703)
 3957: point good and can reach point 26.009887
(b)r: 0.0699529 phi: 10.1634 vel: ( 0, 0 ) (3958,0) rel: ( 0.0688553, 0.0123436 ), (3957,0) global: ( -9.12431, -14.9416 ), (3958,0), changes: -0.18, -6.4 last seen:(-1,0) globalposderived: (3955,0)
 3958: ball (-9.124309,-14.941627), agent (-9.724263,-14.934204), to (-4.724645,-14.996064) ang -0.708875 -0.708875
 3958: relpos body (0.069953,10.163384), vel. ball:(0.000000,0.000000) dist: 1.012703 (0.300000,0.085000,0.627703)
 3958: point good and can reach point 25.695458
 4099: direction old: 15.022749, new: 17.482195
 4101: direction old: 14.387650, new: 21.367574
(b)r: 1 phi: 4 vel: ( -0.539487, -0.132456 ) (4101,0) rel: ( 0.997564, 0.0697565 ), (4101,0) global: ( 10.7246, -14.1716 ), (4101,0), changes: -0.56, 4.4 last seen:(4101,0) globalposderived: (4101,0)
 4101: ball (10.724594,-14.171635), agent (9.793332,-14.535985), to (7.788058,0.078092) ang 17.367574 17.367574
 4101: relpos body (1.000000,4.000000), vel. ball:(-0.539487,-0.132456) dist: 1.012703 (0.300000,0.085000,0.627703)
 4101: point good, but reposition ball since need 133.423986
 4101: (kick 5.889134 -64.204227), vecDesired (-0.457961,-0.219384) 0.000000 posDes(10.266633,-14.391019)
(b)r: 0.487675 phi: 1.57851 vel: ( -0.441807, -0.193652 ) (4102,0) rel: ( 0.48749, 0.0134339 ), (4102,0) global: ( 10.2546, -14.3776 ), (4102,0), changes: -0.56, 4.4 last seen:(4101,0) globalposderived: (4101,0)
 4102: ball (10.254587,-14.377647), agent (9.793332,-14.535985), to (7.788058,0.078092) ang 17.367574 17.367574
 4102: relpos body (0.487675,1.578512), vel. ball:(-0.441807,-0.193652) dist: 1.012703 (0.300000,0.085000,0.627703)
 4102: point good and can reach point 107.514903
 4102: direction old: 18.946086, new: 23.367574
(b)r: 0.4 phi: 6 vel: ( 0.0598583, 0.0228207 ) (4102,0) rel: ( 0.397809, 0.0418114 ), (4102,0) global: ( 10.1605, -14.3773 ), (4102,0), changes: 0.064, -0.4 last seen:(4102,0) globalposderived: (4102,0)
 4102: ball (10.160524,-14.377333), agent (9.793332,-14.535985), to (7.788058,0.078092) ang 17.367574 17.367574
 4102: relpos body (0.400000,6.000000), vel. ball:(0.059858,0.022821) dist: 1.012703 (0.300000,0.085000,0.627703)
 4102: point good and can reach point 98.049304
(b)r: 1.98474 phi: 3.33641 vel: ( 0.493487, 0.265522 ) (5485,0) rel: ( 1.98137, 0.115508 ), (5485,0) global: ( 5.26051, -16.454 ), (5485,0), changes: -0.78, 1.1 last seen:(5484,0) globalposderived: (5484,0)
 5485: direction old: -145.122203, new: -146.475655
(b)r: 1.02014 phi: 4.83287 vel: ( 0.460429, 0.256489 ) (5486,0) rel: ( 1.01652, 0.0859466 ), (5486,0) global: ( 5.71128, -16.1508 ), (5486,0), changes: -0.76, 0.9 last seen:(5485,0) globalposderived: (5485,0)
(b)r: 0.317171 phi: 12.3373 vel: ( 0.432803, 0.2411 ) (5487,0) rel: ( 0.309847, 0.0677689 ), (5487,0) global: ( 6.17171, -15.8943 ), (5487,0), changes: -0.76, 0.9 last seen:(5485,0) globalposderived: (5485,0)
 5487: ball (6.171713,-15.894332), agent (6.373715,-15.649807), to (17.987503,-0.248759) ang -141.897429 -141.897429
 5487: relpos body (0.317171,12.337317), vel. ball:(0.432803,0.241100) dist: 1.012703 (0.300000,0.085000,0.627703)
 5487: point good and can reach point 92.478479
 5487: direction old: -111.551325, new: -119.138177
(b)r: 1.1 phi: 23 vel: ( 0, 0 ) (5487,0) rel: ( 1.01256, 0.429804 ), (5487,0) global: ( 5.75364, -16.5575 ), (5487,0), changes: 0.242, 19.4 last seen:(5487,0) globalposderived: (5487,0)
(b)r: 0.819563 phi: 0 vel: ( 0, 0 ) (5488,0) rel: ( 0.819563, 0 ), (5488,0) global: ( 5.75364, -16.5575 ), (5488,0), changes: 0.242, 19.4 last seen:(5487,0) globalposderived: (5487,0)
 5488: ball (5.753645,-16.557511), agent (6.032095,-15.786700), to (17.987503,-0.248759) ang -141.861941 -109.861941
 5488: relpos body (0.819563,32.000000), vel. ball:(0.000000,0.000000) dist: 1.012703 (0.300000,0.085000,0.627703)
 5488: point good, but reposition ball since need 140.430659
 5488: (kick 23.208243 -117.917782), vecDesired (-0.086999,0.482539) 0.000000 posDes(5.666646,-16.074972)
 5488: direction old: -127.687090, new: -116.573469
(b)r: 0.9 phi: -6 vel: ( -0.0252718, 0.012073 ) (5488,0) rel: ( 0.89507, -0.0940756 ), (5488,0) global: ( 5.90362, -16.6471 ), (5488,0), changes: 0.018, -2.4 last seen:(5488,0) globalposderived: (5488,0)
 5488: ball (5.903617,-16.647145), agent (6.306227,-15.842220), to (17.987503,-0.248759) ang -142.573469 -110.573469
 5488: relpos body (0.900000,26.000000), vel. ball:(-0.025272,0.012073) dist: 1.012703 (0.300000,0.085000,0.627703)
 5488: point good, but reposition ball since need 145.081038
 5488: (kick 25.017597 -134.023382), vecDesired (0.033609,0.521214) 0.000000 posDes(5.937226,-16.125931)
(b)r: 0.486887 phi: -32.0799 vel: ( 0.0313588, 0.489627 ) (5489,0) rel: ( 0.412544, -0.258586 ), (5489,0) global: ( 5.93698, -16.1263 ), (5489,0), changes: 0.018, -2.4 last seen:(5488,0) globalposderived: (5488,0)
 5489: ball (5.936977,-16.126266), agent (6.324043,-15.830902), to (17.987503,-0.248759) ang -142.573469 -110.573469
 5489: relpos body (0.486887,-0.079885), vel. ball:(0.031359,0.489627) dist: 1.012703 (0.300000,0.085000,0.627703)
 5489: point good and can reach point 99.308020
 5490: 2 pos: ball(7.107432,-14.230367), ball_prev(5.903617,-16.647145), agentdiff(-0.017816,-0.011318)
 5490: direction old: 56.291694, new: 63.569389
(b)r: 1.8 phi: 174 vel: ( 1.66018, 2.23528 ) (5490,0) rel: ( -1.79014, 0.188151 ), (5490,0) global: ( 7.10743, -14.2304 ), (5490,0), changes: 0.018, -2.4 last seen:(5490,0) globalposderived: (5490,0)
(b)r: 1.85126 phi: 6.98452 vel: ( 1.79279, 0.554221 ) (5706,0) rel: ( 1.83752, 0.225116 ), (5706,0) global: ( -13.6452, -19.8173 ), (5706,0), changes: -2.278, 0.6 last seen:(5704,0) globalposderived: (5704,0)
 5706: direction old: -153.982861, new: -154.365371
(b)r: 1.6 phi: 8 vel: ( 1.59947, 0.520082 ) (5706,0) rel: ( 1.58443, 0.222677 ), (5706,0) global: ( -13.3542, -19.6634 ), (5706,0), changes: -1.856, 8.7 last seen:(5706,0) globalposderived: (5706,0)
(b)r: 0.360244 phi: 133.626 vel: ( 1.5035, 0.488877 ) (5707,0) rel: ( -0.248549, 0.260766 ), (5707,0) global: ( -11.7548, -19.1433 ), (5707,0), changes: -1.856, 8.7 last seen:(5706,0) globalposderived: (5706,0)
 5707: ball (-11.754770,-19.143331), agent (-12.094415,-19.023260), to (-0.376911,-0.292521) ang -153.095418 -153.095418
 5707: relpos body (0.360244,133.625876), vel. ball:(1.503503,0.488877) dist: 1.012703 (0.300000,0.085000,0.627703)
 5707: pos (1.713477,2.838885) too far, but can acc ball good to 3.165903 k=2.225524,-1.034585
 5707: 2 pos: ball(-11.857472,-19.173449), ball_prev(-13.354242,-19.663413), agentdiff(-0.140943,-0.019033)
 5707: vel based on 2 pos: (1.539450,0.478457)
 5707: direction old: -11.872940, new: -19.140908
(b)r: 0.4 phi: 134 vel: ( 1.53945, 0.478457 ) (5707,0) rel: ( -0.277863, 0.287736 ), (5707,0) global: ( -11.8575, -19.1734 ), (5707,0), changes: -1.856, 8.7 last seen:(5707,0) globalposderived: (5707,0)
 5707: ball (-11.857472,-19.173449), agent (-12.235358,-19.042292), to (-0.376911,-0.292521) ang -153.140908 -153.140908
 5707: relpos body (0.400000,134.000000), vel. ball:(1.539450,0.478457) dist: 1.012703 (0.300000,0.085000,0.627703)
 5707: pos (1.722764,2.833258) too far, but can acc ball good to 3.111343 k=2.181370,-1.066793
