 0: change player from message 62 -> 1
 0: changed player from message 62 -> 1
 0: change player from message 63 -> 2
 0: changed player from message 63 -> 2
 0: change player from message 64 -> 3
 0: changed player from message 64 -> 3
 0: change player from message 65 -> 4
 0: changed player from message 65 -> 4
 0: change player from message 66 -> 5
 0: changed player from message 66 -> 5
 0: change player from message 67 -> 6
 0: changed player from message 67 -> 6
 0: change player from message 68 -> 7
 0: changed player from message 68 -> 7
 0: change player from message 69 -> 8
 0: changed player from message 69 -> 8
 0: change player from message 70 -> 9
 0: changed player from message 70 -> 9
 0: change player from message 71 -> 10
 0: changed player from message 71 -> 10
 345: direction old: -76.719234, new: -80.364813
(b)r: 1.79314 phi: 8.66966 vel: ( -0.459943, 0.0663498 ) (346,0) rel: ( 1.77265, 0.270293 ), (346,0) global: ( -26.1321, -0.427876 ), (346,0), changes: -0.324, -8.8 last seen:(345,0) globalposderived: (345,0)
 346: direction old: -97.477107, new: -88.652602
(b)r: 2 phi: 10 vel: ( 0, 0 ) (346,0) rel: ( 1.96962, 0.347296 ), (346,0) global: ( -25.8578, -0.695814 ), (346,0), changes: -0.36, -13 last seen:(346,0) globalposderived: (346,0)
(b)r: 1.15011 phi: 15.2352 vel: ( 0, 0 ) (347,0) rel: ( 1.10969, 0.30223 ), (347,0) global: ( -25.8578, -0.695814 ), (347,0), changes: -0.36, -13 last seen:(346,0) globalposderived: (346,0)
 347: turnWithBall: kick ball away from opp at ang -52.904910
 347: (kick 68.236424 -151.160263), vecDesired (-0.467363,1.271136) -134.252308 posDes(-26.325159,0.575322)
(b)r: 0.501505 phi: -133.836 vel: ( -0.441128, 1.1895 ) (348,0) rel: ( -0.347341, -0.361748 ), (348,0) global: ( -26.3271, 0.56961 ), (348,0), changes: -0.36, -13 last seen:(346,0) globalposderived: (346,0)
 348: turnWithBall: freeze ball
 348: 2 pos: ball(-27.829930,1.014544), ball_prev(-25.857795,-0.695814), agentdiff(-0.195083,0.044139)
 348: direction old: 107.320211, new: 153.661741
(b)r: 1.8 phi: -108 vel: ( -0.441128, 1.1895 ) (348,0) rel: ( -0.556231, -1.7119 ), (348,0) global: ( -27.8299, 1.01454 ), (348,0), changes: -0.36, -13 last seen:(348,0) globalposderived: (348,0)
 994: direction old: -55.731537, new: -63.089591
(b)r: 2 phi: 35 vel: ( -0.697848, 0.271277 ) (994,0) rel: ( 1.6383, 1.14715 ), (994,0) global: ( -14.3345, -2.4945 ), (994,0), changes: -0.76, -10.1 last seen:(994,0) globalposderived: (994,0)
(b)r: 1.2955 phi: 121.073 vel: ( -0.655977, 0.255 ) (995,0) rel: ( -0.668652, 1.10961 ), (995,0) global: ( -15.0323, -2.22322 ), (995,0), changes: -0.76, -10.1 last seen:(994,0) globalposderived: (994,0)
(b)r: 1.00354 phi: 132.599 vel: ( -0.616619, 0.2397 ) (996,0) rel: ( -0.679261, 0.738715 ), (996,0) global: ( -15.6883, -1.96822 ), (996,0), changes: -0.76, -10.1 last seen:(994,0) globalposderived: (994,0)
 996: turnWithBall: kick ball away from opp at ang -43.913272
 996: (kick 71.403557 -56.703282), vecDesired (0.020726,1.248133) 21.676973 posDes(-15.667595,-0.720087)
 996: 2 pos: ball(-15.296334,-2.085526), ball_prev(-14.334496,-2.494497), agentdiff(0.373895,-0.113654)
 996: direction old: -133.389824, new: -111.955115
(b)r: 1 phi: 139 vel: ( -0.616619, 0.2397 ) (996,0) rel: ( -0.75471, 0.656059 ), (996,0) global: ( -15.2963, -2.08553 ), (996,0), changes: -0.76, -10.1 last seen:(996,0) globalposderived: (996,0)
 996: turnWithBall: kick ball away from opp at ang -59.955115
 996: (kick 79.997383 -52.556745), vecDesired (0.112039,1.340087) 11.000000 posDes(-15.184295,-0.745439)
(b)r: 0.516585 phi: 13.3462 vel: ( 0.0868194, 1.25331 ) (997,0) rel: ( 0.502633, 0.119245 ), (997,0) global: ( -15.204, -0.752218 ), (997,0), changes: -0.76, -10.1 last seen:(996,0) globalposderived: (996,0)
 997: turnWithBall: freeze ball
 997: direction old: 124.748470, new: 114.044885
(b)r: 0.4 phi: 5 vel: ( 0.12747, 1.19832 ) (997,0) rel: ( 0.398478, 0.0348623 ), (997,0) global: ( -15.0854, -0.792758 ), (997,0), changes: 0.984, -89.5 last seen:(997,0) globalposderived: (997,0)
 997: turnWithBall: freeze ball
(b)r: 0.413377 phi: 6.90891 vel: ( -0.0168562, 0.00601262 ) (998,0) rel: ( 0.410376, 0.0497256 ), (998,0) global: ( -15.1034, -0.786362 ), (998,0), changes: 0.984, -89.5 last seen:(997,0) globalposderived: (997,0)
 998: turnWithBall: turn since ball will be kickable in t+1
(b)r: 0.426345 phi: 117.637 vel: ( 0, 0 ) (999,0) rel: ( -0.197769, 0.3777 ), (999,0) global: ( -15.1202, -0.780349 ), (999,0), changes: 0.984, -89.5 last seen:(997,0) globalposderived: (997,0)
 999: ball (-15.120223,-0.780349), agent (-14.922454,-1.158049), to (-10.922454,-1.158049) ang 0.000000 0.000000
 999: relpos body (0.426345,117.637220), vel. ball:(0.000000,0.000000) dist: 1.169759 (0.300000,0.085000,0.784759)
 999: point good and can reach point 34.679854
 999: 2 pos: ball(-15.000771,-0.615723), ball_prev(-15.085434,-0.792758), agentdiff(-0.015733,0.046258)
 999: direction old: 118.776764, new: 97.190504
(b)r: 0.5 phi: 86 vel: ( 0, 0 ) (999,0) rel: ( 0.0348782, 0.498782 ), (999,0) global: ( -15.0008, -0.615723 ), (999,0), changes: 0.984, -89.5 last seen:(999,0) globalposderived: (999,0)
 999: ball (-15.000771,-0.615723), agent (-14.938186,-1.111791), to (-11.014237,-0.335504) ang 11.190504 11.190504
 999: relpos body (0.500000,86.000000), vel. ball:(0.000000,0.000000) dist: 1.169759 (0.300000,0.085000,0.784759)
 999: point good and can reach point 33.838409
(b)r: 0.880937 phi: 27.5274 vel: ( 0.704927, 0.0516492 ) (1000,0) rel: ( 0.781206, 0.407144 ), (1000,0) global: ( -14.2508, -0.560777 ), (1000,0), changes: 0.984, -89.5 last seen:(999,0) globalposderived: (999,0)
 1000: ball (-14.250848,-0.560777), agent (-14.938186,-1.111791), to (-11.014237,-0.335504) ang 11.190504 11.190504
 1000: relpos body (0.880937,27.527359), vel. ball:(0.704927,0.051649) dist: 1.169759 (0.300000,0.085000,0.784759)
 1000: point good and can reach point 0.836168
 1000: direction old: 38.717863, new: 41.190504
(b)r: 0.9 phi: 30 vel: ( 0.698031, 0.081935 ) (1000,0) rel: ( 0.779423, 0.45 ), (1000,0) global: ( -14.2609, -0.519083 ), (1000,0), changes: 0.594, -23.6 last seen:(1000,0) globalposderived: (1000,0)
 1000: ball (-14.260914,-0.519083), agent (-14.938186,-1.111791), to (-11.014237,-0.335504) ang 11.190504 11.190504
 1000: relpos body (0.900000,30.000000), vel. ball:(0.698031,0.081935) dist: 1.169759 (0.300000,0.085000,0.784759)
 1000: point good and can reach point 2.254366
(b)r: 0.960344 phi: 25.6942 vel: ( 0.656149, 0.0770189 ) (1001,0) rel: ( 0.865386, 0.416375 ), (1001,0) global: ( -13.5629, -0.437148 ), (1001,0), changes: 0.594, -23.6 last seen:(1000,0) globalposderived: (1000,0)
 1001: ball (-13.562884,-0.437148), agent (-14.331010,-1.013553), to (-10.407060,-0.237266) ang 11.190504 11.190504
 1001: relpos body (0.960344,25.694232), vel. ball:(0.656149,0.077019) dist: 1.169759 (0.300000,0.085000,0.784759)
 1001: point good and can reach point 1.965660
(b)r: 0.810987 phi: 26.7156 vel: ( 0.61678, 0.0723978 ) (1002,0) rel: ( 0.724413, 0.364589 ), (1002,0) global: ( -12.9067, -0.360129 ), (1002,0), changes: 0.594, -23.6 last seen:(1000,0) globalposderived: (1000,0)
 1002: ball (-12.906735,-0.360129), agent (-13.546618,-0.858374), to (-9.622669,-0.082087) ang 11.190504 11.190504
 1002: relpos body (0.810987,26.715630), vel. ball:(0.616780,0.072398) dist: 1.169759 (0.300000,0.085000,0.784759)
 1002: point good and can reach point 4.746545
 1002: direction old: 47.700305, new: 41.492207
(b)r: 0.9 phi: 30 vel: ( 0.61905, 0.0994197 ) (1002,0) rel: ( 0.779423, 0.45 ), (1002,0) global: ( -12.968, -0.572107 ), (1002,0), changes: 0.324, -11.9 last seen:(1002,0) globalposderived: (1002,0)
 1002: ball (-12.968032,-0.572107), agent (-13.642173,-1.168373), to (-9.722366,-0.371435) ang 11.492207 11.492207
 1002: relpos body (0.900000,30.000000), vel. ball:(0.619050,0.099420) dist: 1.169759 (0.300000,0.085000,0.784759)
 1002: point good and can reach point 5.493469
(b)r: 0.730391 phi: 41.5195 vel: ( 0.581907, 0.0934545 ) (1003,0) rel: ( 0.546866, 0.484158 ), (1003,0) global: ( -12.349, -0.472687 ), (1003,0), changes: 0.324, -11.9 last seen:(1002,0) globalposderived: (1002,0)
 1003: ball (-12.348982,-0.472687), agent (-12.788423,-1.056093), to (-8.868616,-0.259155) ang 11.492207 11.492207
 1003: relpos body (0.730391,41.519486), vel. ball:(0.581907,0.093455) dist: 1.169759 (0.300000,0.085000,0.784759)
 1003: point good and can reach point 6.664865
 1003: direction old: 28.854092, new: 50.223640
(b)r: 0.8 phi: 39 vel: ( 0.59651, 0.0921331 ) (1003,0) rel: ( 0.621717, 0.503456 ), (1003,0) global: ( -12.2041, -0.0600089 ), (1003,0), changes: 0.256, -15.8 last seen:(1003,0) globalposderived: (1003,0)
 1003: ball (-12.204054,-0.060009), agent (-12.715888,-0.674847), to (-8.792388,0.103709) ang 11.223640 11.223640
 1003: relpos body (0.800000,39.000000), vel. ball:(0.596510,0.092133) dist: 1.169759 (0.300000,0.085000,0.784759)
 1003: point good and can reach point 6.361968
(b)r: 0.630816 phi: 51.2864 vel: ( 0.56072, 0.0866051 ) (1004,0) rel: ( 0.39453, 0.492215 ), (1004,0) global: ( -11.6075, 0.0321242 ), (1004,0), changes: 0.256, -15.8 last seen:(1003,0) globalposderived: (1003,0)
 1004: ball (-11.607544,0.032124), agent (-11.898724,-0.527468), to (-7.975224,0.251088) ang 11.223640 11.223640
 1004: relpos body (0.630816,51.286410), vel. ball:(0.560720,0.086605) dist: 1.169759 (0.300000,0.085000,0.784759)
 1004: point good and can reach point 7.330455
(b)r: 0.926158 phi: 26.417 vel: ( 0.673172, 0.0428731 ) (1005,0) rel: ( 0.829449, 0.412049 ), (1005,0) global: ( -10.8914, 0.0777339 ), (1005,0), changes: 0.256, -15.8 last seen:(1003,0) globalposderived: (1003,0)
 1005: ball (-10.891403,0.077734), agent (-11.624788,-0.487878), to (-7.701288,0.290679) ang 11.223640 11.223640
 1005: relpos body (0.926158,26.417015), vel. ball:(0.673172,0.042873) dist: 1.169759 (0.300000,0.085000,0.784759)
 1005: point good and can reach point 2.354695
 1005: direction old: 40.183529, new: 38.285516
(b)r: 0.9 phi: 27 vel: ( 0.663574, 0.0477568 ) (1005,0) rel: ( 0.801906, 0.408591 ), (1005,0) global: ( -11.0109, -0.0622012 ), (1005,0), changes: 0.468, -20.3 last seen:(1005,0) globalposderived: (1005,0)
 1005: ball (-11.010893,-0.062201), agent (-11.717333,-0.619824), to (-7.794676,0.162969) ang 11.285516 11.285516
 1005: relpos body (0.900000,27.000000), vel. ball:(0.663574,0.047757) dist: 1.169759 (0.300000,0.085000,0.784759)
 1005: point good and can reach point 2.760000
(b)r: 0.83237 phi: 24.8842 vel: ( 0.62376, 0.0448913 ) (1006,0) rel: ( 0.755093, 0.35025 ), (1006,0) global: ( -10.3473, -0.0144445 ), (1006,0), changes: 0.468, -20.3 last seen:(1005,0) globalposderived: (1005,0)
 1006: ball (-10.347319,-0.014444), agent (-11.019268,-0.505693), to (-7.096611,0.277100) ang 11.285516 11.285516
 1006: relpos body (0.832370,24.884247), vel. ball:(0.623760,0.044891) dist: 1.169759 (0.300000,0.085000,0.784759)
 1006: point good and can reach point 4.505430
 1006: 2 pos: ball(-11.604236,0.422040), ball_prev(-11.010893,-0.062201), agentdiff(0.000560,-0.003480)
 1006: vel based on 2 pos: (-0.558269,0.458458)
 1006: direction old: 36.385476, new: 122.160848
(b)r: 1.1 phi: 111 vel: ( -0.558269, 0.458458 ) (1006,0) rel: ( -0.394205, 1.02694 ), (1006,0) global: ( -11.6042, 0.42204 ), (1006,0), changes: 0.468, -20.3 last seen:(1006,0) globalposderived: (1006,0)
(b)r: 1.6823 phi: 105.688 vel: ( 0, 0 ) (1007,0) rel: ( -0.454898, 1.61963 ), (1007,0) global: ( -12.1625, 0.880499 ), (1007,0), changes: 0.468, -20.3 last seen:(1006,0) globalposderived: (1006,0)
(b)r: 1.68405 phi: 0.0929346 vel: ( 0, 0 ) (1008,0) rel: ( 1.68405, 0.00273155 ), (1008,0) global: ( -12.1625, 0.880499 ), (1008,0), changes: 0.468, -20.3 last seen:(1006,0) globalposderived: (1006,0)
 1008: 2 pos: ball(-14.251591,-0.763770), ball_prev(-11.604236,0.422040), agentdiff(-0.238657,-0.029377)
 1008: direction old: 104.522828, new: -178.605228
 1206: direction old: 34.393464, new: 37.763785
 1207: direction old: 40.511251, new: 39.879209
(b)r: 1.6 phi: 4 vel: ( 0, 0 ) (1207,0) rel: ( 1.5961, 0.11161 ), (1207,0) global: ( -14.2532, 13.5595 ), (1207,0), changes: -0.48, 2.3 last seen:(1207,0) globalposderived: (1207,0)
(b)r: 1.4166 phi: 0.731033 vel: ( 0, 0 ) (1208,0) rel: ( 1.41649, 0.0180739 ), (1208,0) global: ( -14.2532, 13.5595 ), (1208,0), changes: -0.48, 2.3 last seen:(1207,0) globalposderived: (1207,0)
(b)r: 1.35572 phi: 0.364794 vel: ( 0, 0 ) (1209,0) rel: ( 1.3557, 0.00863164 ), (1209,0) global: ( -14.2532, 13.5595 ), (1209,0), changes: -0.48, 2.3 last seen:(1207,0) globalposderived: (1207,0)
 1209: direction old: 37.640633, new: 46.802610
(b)r: 0.9 phi: 7 vel: ( 0.0181425, 0.00946466 ) (1209,0) rel: ( 0.893292, 0.109682 ), (1209,0) global: ( -14.5362, 13.5222 ), (1209,0), changes: 0, -0.1 last seen:(1209,0) globalposderived: (1209,0)
 1209: turnWithBall: kick ball away from opp at ang 35.802610
 1209: (kick 62.967824 -177.041113), vecDesired (-1.013149,-0.944236) 176.000000 posDes(-15.549377,12.577923)
(b)r: 0.499656 phi: 175.604 vel: ( -0.936827, -0.874487 ) (1210,0) rel: ( -0.498186, 0.0382952 ), (1210,0) global: ( -15.5329, 12.5919 ), (1210,0), changes: 0, -0.1 last seen:(1209,0) globalposderived: (1209,0)
 1210: turnWithBall: freeze ball
 1210: 2 pos: ball(-16.241600,12.362667), ball_prev(-14.536227,13.522159), agentdiff(-0.026686,-0.015285)
 1210: vel based on 2 pos: (-1.577965,-1.075555)
 1210: direction old: -144.226165, new: -155.197390
(b)r: 1.2 phi: 165 vel: ( -1.57797, -1.07555 ) (1210,0) rel: ( -1.15911, 0.310583 ), (1210,0) global: ( -16.2416, 12.3627 ), (1210,0), changes: 0, -0.1 last seen:(1210,0) globalposderived: (1210,0)
(b)r: 1.16005 phi: 156.006 vel: ( 0, 0 ) (1209,0) rel: ( -1.05981, 0.471723 ), (1209,0) global: ( -14, 13 ), (1209,0), changes: 0, -0.1 last seen:(1209,0) globalposderived: (1210,0)
 1212: turnWithBall: kick ball away from opp at ang 40.528447
 1212: kickBallCloseToBody: ball has no speed, but far away
 1336: direction old: -26.336855, new: -23.411282
