 0: change player from message 62 -> 1
 0: changed player from message 62 -> 1
 0: change player from message 63 -> 2
 0: changed player from message 63 -> 2
 0: change player from message 64 -> 3
 0: changed player from message 64 -> 3
 0: change player from message 65 -> 4
 0: changed player from message 65 -> 4
 0: change player from message 66 -> 5
 0: changed player from message 66 -> 5
 0: change player from message 67 -> 6
 0: changed player from message 67 -> 6
 0: change player from message 68 -> 7
 0: changed player from message 68 -> 7
 0: change player from message 69 -> 8
 0: changed player from message 69 -> 8
 0: change player from message 70 -> 9
 0: changed player from message 70 -> 9
 0: change player from message 71 -> 10
 0: changed player from message 71 -> 10
 67: direction old: -39.372569, new: -41.555420
 68: direction old: -46.096075, new: -43.569598
(b)r: 1.65695 phi: -1.22081 vel: ( 0.227181, -0.20594 ) (70,0) rel: ( 1.65658, -0.0353024 ), (70,0) global: ( 10.9083, -31.1077 ), (70,0), changes: 0.15, -0.9 last seen:(68,0) globalposderived: (68,0)
 70: direction old: -41.509685, new: -46.173369
(b)r: 1.6 phi: -3 vel: ( 0.212098, -0.204604 ) (70,0) rel: ( 1.59781, -0.0837375 ), (70,0) global: ( 10.836, -31.2174 ), (70,0), changes: -0.096, -0.9 last seen:(70,0) globalposderived: (70,0)
(b)r: 0.927097 phi: -5.43638 vel: ( 0.199372, -0.192328 ) (71,0) rel: ( 0.922927, -0.0878337 ), (71,0) global: ( 11.0481, -31.422 ), (71,0), changes: -0.096, -0.9 last seen:(70,0) globalposderived: (70,0)
 71: turnWithBall: turn since ball will be kickable in t+1
 71: direction old: -36.720853, new: -48.898782
(b)r: 0.9 phi: -6 vel: ( 0.203089, -0.202015 ) (71,0) rel: ( 0.89507, -0.0940756 ), (71,0) global: ( 10.9269, -31.5685 ), (71,0), changes: -0.162, -2 last seen:(71,0) globalposderived: (71,0)
 71: turnWithBall: turn since ball will be kickable in t+1
(b)r: 0.727976 phi: -52.5651 vel: ( 0.190903, -0.189894 ) (72,0) rel: ( 0.442507, -0.578045 ), (72,0) global: ( 11.13, -31.7705 ), (72,0), changes: -0.162, -2 last seen:(71,0) globalposderived: (71,0)
 72: turnWithBall: turn since ball will be kickable in t+1
(b)r: 0.786793 phi: -102.976 vel: ( 0.179449, -0.1785 ) (73,0) rel: ( -0.176671, -0.766701 ), (73,0) global: ( 11.3209, -31.9604 ), (73,0), changes: -0.162, -2 last seen:(71,0) globalposderived: (71,0)
 73: ball (11.320898,-31.960418), agent (10.839409,-31.338154), to (14.005789,-27.468524) ang 50.707772 50.707772
 73: relpos body (0.786793,-102.976199), vel. ball:(0.179449,-0.178500) dist: 1.177293 (0.300000,0.085000,0.792293)
 73: point good and can reach point 46.409808
 73: 2 pos: ball(11.185297,-31.730867), ball_prev(10.926905,-31.568509), agentdiff(-0.093147,0.276054)
 73: direction old: -57.393787, new: -56.715747
(b)r: 0.8 phi: -112 vel: ( 0.179449, -0.1785 ) (73,0) rel: ( -0.299685, -0.741747 ), (73,0) global: ( 11.1853, -31.7309 ), (73,0), changes: -0.162, -2 last seen:(73,0) globalposderived: (73,0)
 73: ball (11.185297,-31.730867), agent (10.746262,-31.062100), to (13.593789,-26.952163) ang 55.284253 55.284253
 73: relpos body (0.800000,-112.000000), vel. ball:(0.179449,-0.178500) dist: 1.177293 (0.300000,0.085000,0.792293)
 73: point good and can reach point 48.302899
(b)r: 0.750946 phi: -45.928 vel: ( 0.360008, 0.6801 ) (74,0) rel: ( 0.52233, -0.539529 ), (74,0) global: ( 11.5683, -31.0074 ), (74,0), changes: -0.162, -2 last seen:(73,0) globalposderived: (73,0)
 74: ball (11.568283,-31.007356), agent (10.827328,-31.129440), to (13.674855,-27.019502) ang 55.284253 55.284253
 74: relpos body (0.750946,-45.927968), vel. ball:(0.360008,0.680100) dist: 1.177293 (0.300000,0.085000,0.792293)
 74: point good and can reach point 0.075182
 74: direction old: 4.291802, new: 12.134778
 79: 2 pos: ball(13.632214,-30.190692), ball_prev(14.715118,-29.423028), agentdiff(-0.051480,-0.054868)
 79: direction old: 12.798916, new: -3.148834
 80: 2 pos: ball(13.132419,-30.380388), ball_prev(13.632214,-30.190692), agentdiff(0.137387,-0.151112)
 80: vel based on 2 pos: (-0.598951,-0.036269)
 80: direction old: -6.365839, new: -18.205757
(b)r: 1.5 phi: -94 vel: ( -0.598951, -0.0362691 ) (80,0) rel: ( -0.104635, -1.49635 ), (80,0) global: ( 13.1324, -30.3804 ), (80,0), changes: 0.082, 0.6 last seen:(80,0) globalposderived: (80,0)
(b)r: 1.30886 phi: -137.199 vel: ( -0.563014, -0.0340929 ) (81,0) rel: ( -0.960327, -0.889312 ), (81,0) global: ( 12.5335, -30.4167 ), (81,0), changes: 0.082, 0.6 last seen:(80,0) globalposderived: (80,0)
(b)r: 1.49884 phi: -168.033 vel: ( -0.529233, -0.0320474 ) (82,0) rel: ( -1.46626, -0.310783 ), (82,0) global: ( 11.9705, -30.4507 ), (82,0), changes: 0.082, 0.6 last seen:(80,0) globalposderived: (80,0)
 82: 2 pos: ball(13.660382,-28.997881), ball_prev(13.132419,-30.380388), agentdiff(0.057205,0.241487)
 82: direction old: -93.807786, new: -10.308378
(b)r: 1.6 phi: -86 vel: ( -0.529233, -0.0320474 ) (82,0) rel: ( 0.11161, -1.5961 ), (82,0) global: ( 13.6604, -28.9979 ), (82,0), changes: 0.082, 0.6 last seen:(82,0) globalposderived: (82,0)
(b)r: 1.09255 phi: -101.488 vel: ( -0.497479, -0.0301245 ) (83,0) rel: ( -0.217599, -1.07066 ), (83,0) global: ( 13.1311, -29.0299 ), (83,0), changes: 0.082, 0.6 last seen:(82,0) globalposderived: (82,0)
 83: 2 pos: ball(13.830345,-29.307482), ball_prev(13.660382,-28.997881), agentdiff(0.161580,-0.257328)
 83: vel based on 2 pos: (0.007880,-0.049136)
 83: direction old: -14.859807, new: -18.047066
(b)r: 1.6 phi: -94 vel: ( 0.00788012, -0.0491363 ) (83,0) rel: ( -0.11161, -1.5961 ), (83,0) global: ( 13.8303, -29.3075 ), (83,0), changes: 0.082, 0.6 last seen:(83,0) globalposderived: (83,0)
(b)r: 1.61604 phi: -98.5346 vel: ( 0.00740731, -0.0461881 ) (84,0) rel: ( -0.239831, -1.59814 ), (84,0) global: ( 13.8382, -29.3566 ), (84,0), changes: 0.082, 0.6 last seen:(83,0) globalposderived: (83,0)
(b)r: 1.63864 phi: -101.395 vel: ( 0.00696287, -0.0434168 ) (85,0) rel: ( -0.323742, -1.60634 ), (85,0) global: ( 13.8456, -29.4028 ), (85,0), changes: 0.082, 0.6 last seen:(83,0) globalposderived: (83,0)
 85: 2 pos: ball(12.771478,-29.346865), ball_prev(13.830345,-29.307482), agentdiff(-0.122108,0.081066)
 85: direction old: -26.108209, new: -54.104096
(b)r: 0.9 phi: -130 vel: ( 0.00696287, -0.0434168 ) (85,0) rel: ( -0.578509, -0.68944 ), (85,0) global: ( 12.7715, -29.3469 ), (85,0), changes: 0.082, 0.6 last seen:(85,0) globalposderived: (85,0)
 85: turnWithBall: turn since ball will be kickable in t+1
(b)r: 0.939463 phi: -84.5738 vel: ( 0.0065451, -0.0408118 ) (86,0) rel: ( 0.0888385, -0.935253 ), (86,0) global: ( 12.7784, -29.3903 ), (86,0), changes: 0.082, 0.6 last seen:(85,0) globalposderived: (85,0)
 86: ball (12.778441,-29.390282), agent (12.243795,-28.617790), to (16.605800,-26.173835) ang 29.261140 29.261140
 86: relpos body (0.939463,-84.573823), vel. ball:(0.006545,-0.040812) dist: 1.177293 (0.300000,0.085000,0.792293)
 86: point good and can reach point 44.085734
 86: 2 pos: ball(11.673182,-29.188288), ball_prev(12.771478,-29.346865), agentdiff(-0.127293,0.095436)
 86: vel based on 2 pos: (-0.912743,0.059353)
 86: direction old: -52.668479, new: -123.652192
(b)r: 0.8 phi: -160 vel: ( -0.912743, 0.0593533 ) (86,0) rel: ( -0.751754, -0.273616 ), (86,0) global: ( 11.6732, -29.1883 ), (86,0), changes: 0.082, 0.6 last seen:(86,0) globalposderived: (86,0)
 86: kick results in collision, change velDes from (0.677459,0.549994)
 86: ball (11.673182,-29.188288), agent (12.116502,-28.522354), to (16.143672,-25.558927) ang 36.347808 36.347808
 86: relpos body (0.800000,-160.000000), vel. ball:(-0.912743,0.059353) dist: 1.177293 (0.300000,0.085000,0.792293)
 86: point good, but reposition ball since need 110.124617
 86: kickBallCloseToBody: cannot compensate ball speed, freeze
(b)r: 0.80234 phi: -160.442 vel: ( -0.00605326, 0.00141432 ) (87,0) rel: ( -0.756049, -0.268588 ), (87,0) global: ( 11.6667, -29.1868 ), (87,0), changes: 0.082, 0.6 last seen:(86,0) globalposderived: (86,0)
 87: kick results in collision, change velDes from (0.677958,0.549380)
 87: ball (11.666743,-29.186783), agent (12.116502,-28.522354), to (16.143672,-25.558927) ang 36.347808 36.347808
 87: relpos body (0.802340,-160.442340), vel. ball:(-0.006053,0.001414) dist: 1.177293 (0.300000,0.085000,0.792293)
 87: point good and can reach point 66.363278
(b)r: 0.449135 phi: -29.875 vel: ( 0.84227, 0.672157 ) (88,0) rel: ( 0.389451, -0.223718 ), (88,0) global: ( 12.5628, -28.4717 ), (88,0), changes: 0.082, 0.6 last seen:(86,0) globalposderived: (86,0)
 88: ball (12.562774,-28.471722), agent (12.116502,-28.522354), to (16.143672,-25.558927) ang 36.347808 36.347808
 88: relpos body (0.449135,-29.874962), vel. ball:(0.842270,0.672157) dist: 1.177293 (0.300000,0.085000,0.792293)
 88: point good and can reach point 12.105710
 88: 2 pos: ball(11.204475,-28.591693), ball_prev(11.673182,-29.188288), agentdiff(0.020516,0.291720)
 88: direction old: -29.521058, new: -158.834772
(b)r: 1 phi: 165 vel: ( 0.84227, 0.672157 ) (88,0) rel: ( -0.965926, 0.258819 ), (88,0) global: ( 11.2045, -28.5917 ), (88,0), changes: 0.082, 0.6 last seen:(88,0) globalposderived: (88,0)
 88: kick results in collision, change velDes from (0.726129,0.483923)
 88: ball (11.204475,-28.591693), agent (12.137018,-28.230634), to (16.173611,-25.280055) ang 36.165228 36.165228
 88: relpos body (1.000000,165.000000), vel. ball:(0.842270,0.672157) dist: 1.177293 (0.300000,0.085000,0.792293)
 88: point good and can reach point 31.538212
(b)r: 0.431784 phi: 147.985 vel: ( 0.471778, 0.310021 ) (89,0) rel: ( -0.366114, 0.228907 ), (89,0) global: ( 11.7064, -28.2619 ), (89,0), changes: 0.082, 0.6 last seen:(88,0) globalposderived: (88,0)
 89: ball (11.706366,-28.261883), agent (12.137018,-28.230634), to (16.173611,-25.280055) ang 36.165228 36.165228
 89: relpos body (0.431784,147.984950), vel. ball:(0.471778,0.310021) dist: 1.177293 (0.300000,0.085000,0.792293)
 89: point good and can reach point 12.149661
 89: 2 pos: ball(10.645693,-28.391728), ball_prev(11.204475,-28.591693), agentdiff(0.000000,-0.000000)
 89: vel based on 2 pos: (-0.525255,0.187967)
 89: direction old: -175.849822, new: -173.834772
(b)r: 1.5 phi: 150 vel: ( -0.525255, 0.187967 ) (89,0) rel: ( -1.29904, 0.75 ), (89,0) global: ( 10.6457, -28.3917 ), (89,0), changes: 0.082, 0.6 last seen:(89,0) globalposderived: (89,0)
 151: Received coach message: online_coach_left (advice (0 (true) (do our {1} (home (pt 35 -22))) (do our {2} (home (pt 12 -15))) (do our {3} (home (pt 20 0))) (do our {4} (home (pt 35 22))) (do our {5} (home (pt 12 15))) (do our {6} (home (pt -12 -26))) (do our {7} (home (pt -50 0))) (do our {8} (home (pt -20 10))) (do our {9} (home (pt 0 0))) (do our {10} (home (pt -20 -10))) (do our {11} (home (pt -12 26))))))
 151: new home position for player 0: 35 -22
 151: new home position for player 1: 12 -15
 151: new home position for player 2: 20 0
 151: new home position for player 3: 35 22
 151: new home position for player 4: 12 15
 151: new home position for player 5: -12 -26
 151: new home position for player 6: -50 0
 151: new home position for player 7: -20 10
 151: new home position for player 8: 0 0
 151: new home position for player 9: -20 -10
 151: new home position for player 10: -12 26
 170: direction old: -96.920616, new: -99.636872
 172: 2 pos: ball(-5.909164,-19.732288), ball_prev(-6.334249,-19.991055), agentdiff(0.006640,-0.020004)
 172: direction old: -92.523305, new: -91.636872
 173: 2 pos: ball(-5.720711,-19.731093), ball_prev(-5.909164,-19.732288), agentdiff(0.000000,0.000000)
 173: vel based on 2 pos: (0.177146,0.001123)
 173: direction old: -87.474026, new: -87.636872
 175: 2 pos: ball(-5.382324,-19.492608), ball_prev(-5.720711,-19.731093), agentdiff(0.000000,0.000000)
 175: direction old: -80.419055, new: -79.636872
 176: 2 pos: ball(-5.211873,-19.455247), ball_prev(-5.382324,-19.492608), agentdiff(0.000000,0.000000)
 176: vel based on 2 pos: (0.160224,0.035119)
 176: direction old: -75.592964, new: -75.636872
 178: 2 pos: ball(-6.919942,-18.945579), ball_prev(-5.211873,-19.455247), agentdiff(0.000000,0.000000)
 178: direction old: -68.419055, new: -119.636872
 351: Received coach message: online_coach_left (advice (0 (true) (do our {1} (home (pt 20 0))) (do our {2} (home (pt 35 -22))) (do our {3} (home (pt 12 -15))) (do our {4} (home (pt 12 15))) (do our {5} (home (pt 35 22))) (do our {6} (home (pt 0 0))) (do our {7} (home (pt -12 -26))) (do our {8} (home (pt -20 -10))) (do our {9} (home (pt -20 10))) (do our {10} (home (pt -50 0))) (do our {11} (home (pt -12 26))))))
 351: new home position for player 0: 20 0
 351: new home position for player 1: 35 -22
 351: new home position for player 2: 12 -15
 351: new home position for player 3: 12 15
 351: new home position for player 4: 35 22
 351: new home position for player 5: 0 0
 351: new home position for player 6: -12 -26
 351: new home position for player 7: -20 -10
 351: new home position for player 8: -20 10
 351: new home position for player 9: -50 0
 351: new home position for player 10: -12 26
 651: Received coach message: online_coach_left (advice (0 (true) (do our {1} (home (pt 35 -22))) (do our {2} (home (pt 12 -15))) (do our {3} (home (pt 20 0))) (do our {4} (home (pt 12 15))) (do our {5} (home (pt 35 22))) (do our {6} (home (pt -50 0))) (do our {7} (home (pt -20 -10))) (do our {8} (home (pt -12 26))) (do our {9} (home (pt 0 0))) (do our {10} (home (pt -12 -26))) (do our {11} (home (pt -20 10))))))
 651: new home position for player 0: 35 -22
 651: new home position for player 1: 12 -15
 651: new home position for player 2: 20 0
 651: new home position for player 3: 12 15
 651: new home position for player 4: 35 22
 651: new home position for player 5: -50 0
 651: new home position for player 6: -20 -10
 651: new home position for player 7: -12 26
 651: new home position for player 8: 0 0
 651: new home position for player 9: -12 -26
 651: new home position for player 10: -20 10
 951: Received coach message: online_coach_left (advice (0 (true) (do our {1} (home (pt 35 -22))) (do our {2} (home (pt 12 -15))) (do our {3} (home (pt 20 0))) (do our {4} (home (pt 12 15))) (do our {5} (home (pt 35 22))) (do our {6} (home (pt -50 0))) (do our {7} (home (pt -12 -26))) (do our {8} (home (pt -20 10))) (do our {9} (home (pt 0 0))) (do our {10} (home (pt -20 -10))) (do our {11} (home (pt -12 26))))))
 951: new home position for player 0: 35 -22
 951: new home position for player 1: 12 -15
 951: new home position for player 2: 20 0
 951: new home position for player 3: 12 15
 951: new home position for player 4: 35 22
 951: new home position for player 5: -50 0
 951: new home position for player 6: -12 -26
 951: new home position for player 7: -20 10
 951: new home position for player 8: 0 0
 951: new home position for player 9: -20 -10
 951: new home position for player 10: -12 26
 1054: direction old: 26.834161, new: 28.001281
 1055: direction old: 27.343581, new: 32.688797
 1057: direction old: 46.638008, new: 43.885673
 1058: direction old: 46.872114, new: 48.985495
(b)r: 2 phi: 4 vel: ( 0.0638258, 0.243212 ) (1058,0) rel: ( 1.99513, 0.139513 ), (1058,0) global: ( 6.52806, 17.7146 ), (1058,0), changes: 0.08, 4.1 last seen:(1058,0) globalposderived: (1058,0)
(b)r: 1.53988 phi: 9.96283 vel: ( 0.0599962, 0.228619 ) (1059,0) rel: ( 1.51666, 0.266413 ), (1059,0) global: ( 6.59188, 17.9578 ), (1059,0), changes: 0.08, 4.1 last seen:(1058,0) globalposderived: (1058,0)
(b)r: 1.4374 phi: 1.45612 vel: ( 0.0563965, 0.214902 ) (1060,0) rel: ( 1.43693, 0.0365261 ), (1060,0) global: ( 6.65188, 18.1864 ), (1060,0), changes: 0.08, 4.1 last seen:(1058,0) globalposderived: (1058,0)
 1060: direction old: 63.658981, new: 61.308954
(b)r: 1.5 phi: 1 vel: ( 0.0529323, 0.215778 ) (1060,0) rel: ( 1.49977, 0.0261786 ), (1060,0) global: ( 6.78646, 18.3196 ), (1060,0), changes: 0.06, 4 last seen:(1060,0) globalposderived: (1060,0)
(b)r: 1.0517 phi: 7.97202 vel: ( 0.0497564, 0.202831 ) (1061,0) rel: ( 1.04153, 0.145859 ), (1061,0) global: ( 6.8394, 18.5354 ), (1061,0), changes: 0.06, 4 last seen:(1060,0) globalposderived: (1060,0)
 1061: direction old: 73.155913, new: 69.549822
(b)r: 1.1 phi: 9 vel: ( 0.0431054, 0.201609 ) (1061,0) rel: ( 1.08646, 0.172078 ), (1061,0) global: ( 6.88815, 18.4577 ), (1061,0), changes: -0.11, 5.9 last seen:(1061,0) globalposderived: (1061,0)
(b)r: 1.00287 phi: 15.0982 vel: ( 0.040519, 0.189512 ) (1062,0) rel: ( 0.968253, 0.261222 ), (1062,0) global: ( 6.93126, 18.6593 ), (1062,0), changes: -0.11, 5.9 last seen:(1061,0) globalposderived: (1061,0)
(b)r: 1.0454 phi: 19.2985 vel: ( 0.0380879, 0.178142 ) (1063,0) rel: ( 0.986658, 0.345493 ), (1063,0) global: ( 6.97177, 18.8488 ), (1063,0), changes: -0.11, 5.9 last seen:(1061,0) globalposderived: (1061,0)
 1063: 2 pos: ball(5.762713,17.840823), ball_prev(6.888150,18.457693), agentdiff(0.071776,-0.065630)
 1063: direction old: 84.133198, new: 175.480847
(b)r: 1.1 phi: 115 vel: ( 0.0380879, 0.178142 ) (1063,0) rel: ( -0.46488, 0.996939 ), (1063,0) global: ( 5.76271, 17.8408 ), (1063,0), changes: -0.11, 5.9 last seen:(1063,0) globalposderived: (1063,0)
 1063: turnWithBall: kick ball close to desired turnangle -21.255945
 1063: (kick 98.336881 -74.225474), vecDesired (1.623354,-0.209613) -81.736792 posDes(7.386067,17.631211)
(b)r: 0.2 phi: -72.9265 vel: ( -0.152227, 0.0189941 ) (1064,0) rel: ( 0.0587197, -0.191186 ), (1064,0) global: ( 7.05459, 17.711 ), (1064,0), changes: -0.11, 5.9 last seen:(1063,0) globalposderived: (1063,0)
 1064: turnWithBall: turn since ball will be kickable in t+1
 1064: 2 pos: ball(6.765785,17.365235), ball_prev(5.762713,17.840823), agentdiff(0.000000,0.000000)
 1064: direction old: -12.445626, new: -103.519153
(b)r: 0.4 phi: -164 vel: ( -0.152227, 0.0189941 ) (1064,0) rel: ( -0.384505, -0.110255 ), (1064,0) global: ( 6.76579, 17.3652 ), (1064,0), changes: -0.11, 5.9 last seen:(1064,0) globalposderived: (1064,0)
 1064: turnWithBall: turn since ball will be kickable in t+1
(b)r: 0.444104 phi: -102.34 vel: ( -0.143093, 0.0178544 ) (1065,0) rel: ( -0.0949076, -0.433844 ), (1065,0) global: ( 6.61356, 17.3842 ), (1065,0), changes: -0.11, 5.9 last seen:(1064,0) globalposderived: (1064,0)
 1065: ball (6.613559,17.384229), agent (6.859293,17.754152), to (11.519145,15.941478) ang -21.255945 -21.255945
 1065: relpos body (0.444104,-102.339615), vel. ball:(-0.143093,0.017854) dist: 1.177293 (0.300000,0.085000,0.792293)
 1065: point good and can reach point 42.493526
(b)r: 0.524537 phi: -116.584 vel: ( -0.134507, 0.0167832 ) (1066,0) rel: ( -0.234739, -0.469081 ), (1066,0) global: ( 6.47047, 17.4021 ), (1066,0), changes: -0.11, 5.9 last seen:(1064,0) globalposderived: (1064,0)
 1066: ball (6.470466,17.402084), agent (6.859293,17.754152), to (11.519145,15.941478) ang -21.255945 -21.255945
 1066: relpos body (0.524537,-116.584446), vel. ball:(-0.134507,0.016783) dist: 1.177293 (0.300000,0.085000,0.792293)
 1066: point good and can reach point 44.514612
 1066: direction old: -124.984649, new: -61.643955
 1067: direction old: -54.150591, new: -54.434898
 1251: Received coach message: online_coach_left (advice (0 (true) (do our {1} (home (pt 35 22))) (do our {2} (home (pt 35 -22))) (do our {3} (home (pt 20 0))) (do our {4} (home (pt 12 15))) (do our {5} (home (pt -20 10))) (do our {6} (home (pt -20 -10))) (do our {7} (home (pt 12 -15))) (do our {8} (home (pt -12 26))) (do our {9} (home (pt 0 0))) (do our {10} (home (pt -12 -26))) (do our {11} (home (pt -50 0))))))
 1251: new home position for player 0: 35 22
 1251: new home position for player 1: 35 -22
 1251: new home position for player 2: 20 0
 1251: new home position for player 3: 12 15
 1251: new home position for player 4: -20 10
 1251: new home position for player 5: -20 -10
 1251: new home position for player 6: 12 -15
 1251: new home position for player 7: -12 26
 1251: new home position for player 8: 0 0
 1251: new home position for player 9: -12 -26
 1251: new home position for player 10: -50 0
 1574: Received coach message: online_coach_left (advice (0 (true) (do our {1} (home (pt 20 0))) (do our {2} (home (pt 35 -22))) (do our {3} (home (pt 12 -15))) (do our {4} (home (pt 12 15))) (do our {5} (home (pt 35 22))) (do our {6} (home (pt 0 0))) (do our {7} (home (pt -12 -26))) (do our {8} (home (pt -20 10))) (do our {9} (home (pt -50 0))) (do our {10} (home (pt -20 -10))) (do our {11} (home (pt -12 26))))))
 1574: new home position for player 0: 20 0
 1574: new home position for player 1: 35 -22
 1574: new home position for player 2: 12 -15
 1574: new home position for player 3: 12 15
 1574: new home position for player 4: 35 22
 1574: new home position for player 5: 0 0
 1574: new home position for player 6: -12 -26
 1574: new home position for player 7: -20 10
 1574: new home position for player 8: -50 0
 1574: new home position for player 9: -20 -10
 1574: new home position for player 10: -12 26
 1677: direction old: 120.889073, new: 129.244250
(b)r: 1.95664 phi: 3.32013 vel: ( -0.124868, 0.012161 ) (1679,0) rel: ( 1.95336, 0.113319 ), (1679,0) global: ( 10.5202, 30.7031 ), (1679,0), changes: -0.216, 3.2 last seen:(1677,0) globalposderived: (1677,0)
 1679: direction old: 141.892225, new: 135.554219
(b)r: 2 phi: 3 vel: ( -0.102687, -0.0190728 ) (1679,0) rel: ( 1.99726, 0.104672 ), (1679,0) global: ( 10.5535, 30.9576 ), (1679,0), changes: -0.24, 2.6 last seen:(1679,0) globalposderived: (1679,0)
(b)r: 1.20014 phi: 7.80851 vel: ( -0.0965259, -0.0179285 ) (1680,0) rel: ( 1.18902, 0.163055 ), (1680,0) global: ( 10.4508, 30.9386 ), (1680,0), changes: -0.24, 2.6 last seen:(1679,0) globalposderived: (1679,0)
 1680: direction old: 140.759249, new: 139.562506
(b)r: 1.2 phi: 7 vel: ( -0.0998805, -0.00552035 ) (1680,0) rel: ( 1.19106, 0.146243 ), (1680,0) global: ( 10.4677, 30.9571 ), (1680,0), changes: -0.336, 5 last seen:(1680,0) globalposderived: (1680,0)
(b)r: 0.884231 phi: 2.74955 vel: ( -0.0938876, -0.00518913 ) (1681,0) rel: ( 0.883213, 0.0424169 ), (1681,0) global: ( 10.3678, 30.9516 ), (1681,0), changes: -0.336, 5 last seen:(1680,0) globalposderived: (1680,0)
 1681: turnWithBall: turn since ball will be kickable in t+1
(b)r: 0.2 phi: -67.6052 vel: ( 0.00882544, 0.000487778 ) (1682,0) rel: ( 0.0761972, -0.184916 ), (1682,0) global: ( 10.8056, 30.7023 ), (1682,0), changes: -0.336, 5 last seen:(1680,0) globalposderived: (1680,0)
 1682: turnWithBall: turn since ball will be kickable in t+1
 1682: 2 pos: ball(10.339888,30.663225), ball_prev(10.467686,30.957128), agentdiff(0.016174,-0.402377)
 1682: direction old: 112.167567, new: 146.056327
(b)r: 0.8 phi: -75 vel: ( 0.00882544, 0.000487778 ) (1682,0) rel: ( 0.207055, -0.772741 ), (1682,0) global: ( 10.3399, 30.6632 ), (1682,0), changes: -0.336, 5 last seen:(1682,0) globalposderived: (1682,0)
 1682: turnWithBall: turn since ball will be kickable in t+1
(b)r: 0.792969 phi: 174.514 vel: ( 0.00829591, 0.000458512 ) (1683,0) rel: ( -0.789337, 0.0758051 ), (1683,0) global: ( 10.3487, 30.6637 ), (1683,0), changes: -0.336, 5 last seen:(1682,0) globalposderived: (1682,0)
 1683: kick results in collision, change velDes from (0.758777,-0.430932)
 1683: ball (10.348714,30.663713), agent (11.003558,30.216523), to (15.383268,27.804442) ang -28.843326 -28.843326
 1683: relpos body (0.792969,174.514345), vel. ball:(0.008296,0.000459) dist: 1.177293 (0.300000,0.085000,0.792293)
 1683: point good and can reach point 68.803533
 1683: 2 pos: ball(10.136808,30.724750), ball_prev(10.339888,30.663225), agentdiff(-0.089849,0.053887)
 1683: vel based on 2 pos: (-0.106437,0.007180)
 1683: direction old: 145.157520, new: 149.680401
(b)r: 0.9 phi: 176 vel: ( -0.106437, 0.00718023 ) (1683,0) rel: ( -0.897808, 0.0627808 ), (1683,0) global: ( 10.1368, 30.7248 ), (1683,0), changes: -0.336, 5 last seen:(1683,0) globalposderived: (1683,0)
 1683: kick results in collision, change velDes from (0.777987,-0.395199)
 1683: ball (10.136808,30.724750), agent (10.913708,30.270410), to (15.395382,28.053521) ang -26.319599 -26.319599
 1683: relpos body (0.900000,176.000000), vel. ball:(-0.106437,0.007180) dist: 1.177293 (0.300000,0.085000,0.792293)
 1683: point good and can reach point 38.282762
(b)r: 0.392471 phi: 172.111 vel: ( 0.425189, -0.219668 ) (1684,0) rel: ( -0.388757, 0.0538698 ), (1684,0) global: ( 10.5891, 30.4911 ), (1684,0), changes: -0.336, 5 last seen:(1683,0) globalposderived: (1683,0)
 1684: ball (10.589137,30.491061), agent (10.913708,30.270410), to (15.395382,28.053521) ang -26.319599 -26.319599
 1684: relpos body (0.392471,172.110797), vel. ball:(0.425189,-0.219668) dist: 1.177293 (0.300000,0.085000,0.792293)
 1684: point good and can reach point 16.682922
(b)r: 0.419938 phi: 6.21926 vel: ( 0.675796, -0.343071 ) (1685,0) rel: ( 0.417467, 0.0454934 ), (1685,0) global: ( 11.3081, 30.1261 ), (1685,0), changes: -0.336, 5 last seen:(1683,0) globalposderived: (1683,0)
 1685: ball (11.308069,30.126092), agent (10.913708,30.270410), to (15.395382,28.053521) ang -26.319599 -26.319599
 1685: relpos body (0.419938,6.219259), vel. ball:(0.675796,-0.343071) dist: 1.177293 (0.300000,0.085000,0.792293)
 1685: point good and can reach point 0.496835
 1685: 2 pos: ball(9.414314,30.227800), ball_prev(10.136808,30.724750), agentdiff(0.000000,0.000000)
 1685: direction old: -20.100339, new: -178.372230
(b)r: 1.5 phi: -152 vel: ( 0.675796, -0.343071 ) (1685,0) rel: ( -1.32442, -0.704207 ), (1685,0) global: ( 9.41431, 30.2278 ), (1685,0), changes: -0.336, 5 last seen:(1685,0) globalposderived: (1685,0)
(b)r: 0.909431 phi: 23.4653 vel: ( 0.635248, -0.322487 ) (1686,0) rel: ( 0.834222, 0.36213 ), (1686,0) global: ( 10.0901, 29.8847 ), (1686,0), changes: -0.336, 5 last seen:(1685,0) globalposderived: (1685,0)
 1686: turnWithBall: turn since ball will be kickable in t+1
 1686: direction old: -156.951484, new: -176.602799
(b)r: 2 phi: -4 vel: ( -0.435504, -0.0887948 ) (1686,0) rel: ( 1.99513, -0.139513 ), (1686,0) global: ( 8.98985, 30.1475 ), (1686,0), changes: 0.44, 1.8 last seen:(1686,0) globalposderived: (1686,0)
 1688: direction old: -175.702974, new: -173.796951
(b)r: 1.76035 phi: 1.92699 vel: ( -0.199717, -0.0379803 ) (1697,0) rel: ( 1.75935, 0.0591934 ), (1697,0) global: ( 5.72732, 29.5904 ), (1697,0), changes: 0, 0.1 last seen:(1695,0) globalposderived: (1695,0)
 1697: direction old: -174.638815, new: -171.182370
(b)r: 1.8 phi: 1 vel: ( -0.200461, -0.0356558 ) (1697,0) rel: ( 1.79973, 0.0314143 ), (1697,0) global: ( 5.52432, 29.4624 ), (1697,0), changes: -0.216, 0.3 last seen:(1697,0) globalposderived: (1697,0)
(b)r: 1.03437 phi: 2.18695 vel: ( -0.188433, -0.0335165 ) (1698,0) rel: ( 1.03362, 0.039472 ), (1698,0) global: ( 5.32386, 29.4267 ), (1698,0), changes: -0.216, 0.3 last seen:(1697,0) globalposderived: (1697,0)
 1698: turnWithBall: turn since ball will be kickable in t+1
 1698: direction old: -166.241214, new: -169.151749
(b)r: 1 phi: 3 vel: ( -0.216038, -0.0382126 ) (1698,0) rel: ( 0.99863, 0.052336 ), (1698,0) global: ( 5.52585, 29.5285 ), (1698,0), changes: -0.24, 1.2 last seen:(1698,0) globalposderived: (1698,0)
 1698: turnWithBall: turn since ball will be kickable in t+1
(b)r: 0.756047 phi: -39.0862 vel: ( -0.203076, -0.0359198 ) (1699,0) rel: ( 0.586842, -0.476679 ), (1699,0) global: ( 5.30981, 29.4902 ), (1699,0), changes: -0.24, 1.2 last seen:(1698,0) globalposderived: (1698,0)
 1699: turnWithBall: turn since ball will be kickable in t+1
(b)r: 0.2 phi: -110.446 vel: ( 0.0190892, 0.00337646 ) (1700,0) rel: ( -0.0698644, -0.187401 ), (1700,0) global: ( 5.637, 29.5688 ), (1700,0), changes: -0.24, 1.2 last seen:(1698,0) globalposderived: (1698,0)
 1700: turnWithBall: turn since ball will be kickable in t+1
 1700: 2 pos: ball(4.868719,29.359108), ball_prev(5.525848,29.528459), agentdiff(-0.238533,0.085817)
 1700: direction old: -71.418327, new: -155.034294
(b)r: 0.8 phi: -98 vel: ( 0.0190892, 0.00337646 ) (1700,0) rel: ( -0.111338, -0.792214 ), (1700,0) global: ( 4.86872, 29.3591 ), (1700,0), changes: -0.24, 1.2 last seen:(1700,0) globalposderived: (1700,0)
 1700: turnWithBall: turn since ball will be kickable in t+1
(b)r: 0.800779 phi: -120.936 vel: ( 0.0179438, 0.00317388 ) (1701,0) rel: ( -0.411667, -0.686861 ), (1701,0) global: ( 4.88781, 29.3625 ), (1701,0), changes: -0.24, 1.2 last seen:(1700,0) globalposderived: (1700,0)
 1701: ball (4.887808,29.362484), agent (5.615022,29.697757), to (9.744905,26.879235) ang -34.312372 -34.312372
 1701: relpos body (0.800779,-120.936166), vel. ball:(0.017944,0.003174) dist: 1.177293 (0.300000,0.085000,0.792293)
 1701: point good and can reach point 45.350277
 1701: 2 pos: ball(4.839778,29.358363), ball_prev(4.868719,29.359108), agentdiff(0.150611,0.038486)
 1701: vel based on 2 pos: (-0.168779,-0.036877)
 1701: direction old: -156.936768, new: -157.797594
(b)r: 1 phi: -127 vel: ( -0.168779, -0.0368769 ) (1701,0) rel: ( -0.601815, -0.798636 ), (1701,0) global: ( 4.83978, 29.3584 ), (1701,0), changes: -0.24, 1.2 last seen:(1701,0) globalposderived: (1701,0)
 1701: ball (4.839778,29.358363), agent (5.765633,29.736243), to (10.060540,27.176209) ang -30.797594 -30.797594
 1701: relpos body (1.000000,-127.000000), vel. ball:(-0.168779,-0.036877) dist: 1.177293 (0.300000,0.085000,0.792293)
 1701: point good and can reach point 59.944972
(b)r: 0.734706 phi: -70.1676 vel: ( 0.738939, -0.322808 ) (1702,0) rel: ( 0.249264, -0.691129 ), (1702,0) global: ( 5.62588, 29.015 ), (1702,0), changes: -0.24, 1.2 last seen:(1701,0) globalposderived: (1701,0)
 1702: ball (5.625883,29.014951), agent (5.765633,29.736243), to (10.060540,27.176209) ang -30.797594 -30.797594
 1702: relpos body (0.734706,-70.167552), vel. ball:(0.738939,-0.322808) dist: 1.177293 (0.300000,0.085000,0.792293)
 1702: point good and can reach point 0.965798
(b)r: 0.795764 phi: -46.9219 vel: ( 0.694602, -0.303439 ) (1703,0) rel: ( 0.543502, -0.581245 ), (1703,0) global: ( 6.36482, 28.6921 ), (1703,0), changes: -0.24, 1.2 last seen:(1701,0) globalposderived: (1701,0)
 1703: ball (6.364822,28.692143), agent (6.195565,29.469699), to (10.490472,26.909665) ang -30.797594 -30.797594
 1703: relpos body (0.795764,-46.921933), vel. ball:(0.694602,-0.303439) dist: 1.177293 (0.300000,0.085000,0.792293)
 1703: point good and can reach point 0.616731
 1703: 2 pos: ball(4.886841,28.733531), ball_prev(4.839778,29.358363), agentdiff(-0.000944,-0.001517)
 1703: direction old: -77.629714, new: -150.674730
(b)r: 1.5 phi: -120 vel: ( 0.694602, -0.303439 ) (1703,0) rel: ( -0.75, -1.29904 ), (1703,0) global: ( 4.88684, 28.7335 ), (1703,0), changes: -0.24, 1.2 last seen:(1703,0) globalposderived: (1703,0)
(b)r: 1.23229 phi: -35.934 vel: ( 0.652926, -0.285233 ) (1704,0) rel: ( 0.99778, -0.723175 ), (1704,0) global: ( 5.58144, 28.4301 ), (1704,0), changes: -0.24, 1.2 last seen:(1703,0) globalposderived: (1703,0)
 1704: 2 pos: ball(4.692585,28.555756), ball_prev(4.886841,28.733531), agentdiff(-0.244712,-0.164865)
 1704: vel based on 2 pos: (0.047429,-0.012135)
 1704: direction old: -128.211208, new: -157.229379
(b)r: 1.6 phi: -58 vel: ( 0, 0 ) (1704,0) rel: ( 0.847871, -1.35688 ), (1704,0) global: ( 4.69259, 28.5558 ), (1704,0), changes: -0.24, 1.2 last seen:(1704,0) globalposderived: (1704,0)
(b)r: 1.68497 phi: 0.171519 vel: ( 0, 0 ) (1705,0) rel: ( 1.68497, 0.00504408 ), (1705,0) global: ( 4.69259, 28.5558 ), (1705,0), changes: -0.24, 1.2 last seen:(1704,0) globalposderived: (1704,0)
(b)r: 1.20171 phi: -1.37194 vel: ( 0, 0 ) (1706,0) rel: ( 1.20137, -0.0287722 ), (1706,0) global: ( 4.69259, 28.5558 ), (1706,0), changes: -0.24, 1.2 last seen:(1704,0) globalposderived: (1704,0)
 1706: direction old: -151.193138, new: -160.020363
 1727: direction old: 177.072701, new: -167.878105
(b)r: 1.88053 phi: 34.8945 vel: ( -0.00195168, -0.486992 ) (1728,0) rel: ( 1.54242, 1.07579 ), (1728,0) global: ( -8.72853, 25.0903 ), (1728,0), changes: -0.3, 13.6 last seen:(1727,0) globalposderived: (1727,0)
 1728: 2 pos: ball(-6.032323,24.579604), ball_prev(-8.726458,25.608368), agentdiff(0.000136,0.001968)
 1728: vel based on 2 pos: (2.532360,-0.968889)
 1728: direction old: -143.937539, new: -54.019626
 1874: Received coach message: online_coach_left (advice (0 (true) (do our {1} (home (pt 35 -22))) (do our {2} (home (pt 12 -15))) (do our {3} (home (pt 20 0))) (do our {4} (home (pt 12 15))) (do our {5} (home (pt 35 22))) (do our {6} (home (pt -50 0))) (do our {7} (home (pt -20 -10))) (do our {8} (home (pt -20 10))) (do our {9} (home (pt 0 0))) (do our {10} (home (pt -12 -26))) (do our {11} (home (pt -12 26))))))
 1874: new home position for player 0: 35 -22
 1874: new home position for player 1: 12 -15
 1874: new home position for player 2: 20 0
 1874: new home position for player 3: 12 15
 1874: new home position for player 4: 35 22
 1874: new home position for player 5: -50 0
 1874: new home position for player 6: -20 -10
 1874: new home position for player 7: -20 10
 1874: new home position for player 8: 0 0
 1874: new home position for player 9: -12 -26
 1874: new home position for player 10: -12 26
 2174: Received coach message: online_coach_left (advice (0 (true) (do our {1} (home (pt 35 22))) (do our {2} (home (pt 35 -22))) (do our {3} (home (pt 20 0))) (do our {4} (home (pt 12 15))) (do our {5} (home (pt -12 26))) (do our {6} (home (pt -20 -10))) (do our {7} (home (pt 12 -15))) (do our {8} (home (pt -50 0))) (do our {9} (home (pt 0 0))) (do our {10} (home (pt -12 -26))) (do our {11} (home (pt -20 10))))))
 2174: new home position for player 0: 35 22
 2174: new home position for player 1: 35 -22
 2174: new home position for player 2: 20 0
 2174: new home position for player 3: 12 15
 2174: new home position for player 4: -12 26
 2174: new home position for player 5: -20 -10
 2174: new home position for player 6: 12 -15
 2174: new home position for player 7: -50 0
 2174: new home position for player 8: 0 0
 2174: new home position for player 9: -12 -26
 2174: new home position for player 10: -20 10
 2282: direction old: -66.727940, new: -66.822300
(b)r: 1.67522 phi: -0.34183 vel: ( 0.00391363, -0.00623058 ) (2283,0) rel: ( 1.67519, -0.00999439 ), (2283,0) global: ( 20.4508, 18.1912 ), (2283,0), changes: -0.432, -0.3 last seen:(2282,0) globalposderived: (2282,0)
 2283: direction old: -66.054634, new: -65.859698
(b)r: 1.6 phi: 0 vel: ( 0.0243843, -0.0347697 ) (2283,0) rel: ( 1.6, 0 ), (2283,0) global: ( 20.4252, 18.2623 ), (2283,0), changes: -0.448, 0.9 last seen:(2283,0) globalposderived: (2283,0)
(b)r: 0.2 phi: 2.26939 vel: ( -0.00229213, 0.00326835 ) (2284,0) rel: ( 0.199843, 0.00791959 ), (2284,0) global: ( 20.2562, 18.6168 ), (2284,0), changes: -0.448, 0.9 last seen:(2283,0) globalposderived: (2283,0)
 2284: turnWithBall: turn since ball will be kickable in t+1
(b)r: 0.237971 phi: -34.4759 vel: ( -0.0021546, 0.00307225 ) (2285,0) rel: ( 0.196175, -0.134706 ), (2285,0) global: ( 20.2539, 18.6201 ), (2285,0), changes: -0.448, 0.9 last seen:(2283,0) globalposderived: (2283,0)
 2285: ball (20.253938,18.620105), agent (20.153184,18.835694), to (24.462416,16.299847) ang -30.475475 -30.475475
 2285: relpos body (0.237971,-34.475942), vel. ball:(-0.002155,0.003072) dist: 1.177293 (0.300000,0.085000,0.792293)
 2285: point good and can reach point 30.550087
 2285: direction old: -80.136263, new: -65.510209
(b)r: 0.8 phi: -35 vel: ( -0.00131093, 0.00371466 ) (2285,0) rel: ( 0.655322, -0.458861 ), (2285,0) global: ( 20.5247, 18.2422 ), (2285,0), changes: 0.016, -0.1 last seen:(2285,0) globalposderived: (2285,0)
 2285: ball (20.524682,18.242219), agent (20.193057,18.970247), to (24.500750,16.431787) ang -30.510209 -30.510209
 2285: relpos body (0.800000,-35.000000), vel. ball:(-0.001311,0.003715) dist: 1.177293 (0.300000,0.085000,0.792293)
 2285: point good and can reach point 34.930417
(b)r: 1.47506 phi: -15.9164 vel: ( 0.63772, -0.301413 ) (2286,0) rel: ( 1.41851, -0.404512 ), (2286,0) global: ( 21.2031, 17.9216 ), (2286,0), changes: 0.016, -0.1 last seen:(2285,0) globalposderived: (2285,0)
 2286: 2 pos: ball(20.418004,17.792775), ball_prev(20.524682,18.242219), agentdiff(0.041560,0.088569)
 2286: vel based on 2 pos: (-0.139343,-0.505732)
 2286: direction old: -49.880024, new: -81.592704
(b)r: 1.3 phi: -51 vel: ( -0.139343, -0.505732 ) (2286,0) rel: ( 0.818117, -1.01029 ), (2286,0) global: ( 20.418, 17.7928 ), (2286,0), changes: 0.016, -0.1 last seen:(2286,0) globalposderived: (2286,0)
(b)r: 1.81287 phi: -57.6156 vel: ( -0.130983, -0.475388 ) (2287,0) rel: ( 0.970967, -1.53092 ), (2287,0) global: ( 20.2787, 17.287 ), (2287,0), changes: 0.016, -0.1 last seen:(2286,0) globalposderived: (2286,0)
 2472: Received coach message: online_coach_left (advice (0 (true) (do our {1} (home (pt 35 -22))) (do our {2} (home (pt 12 -15))) (do our {3} (home (pt 20 0))) (do our {4} (home (pt 12 15))) (do our {5} (home (pt 35 22))) (do our {6} (home (pt 0 0))) (do our {7} (home (pt -20 -10))) (do our {8} (home (pt -20 10))) (do our {9} (home (pt -50 0))) (do our {10} (home (pt -12 -26))) (do our {11} (home (pt -12 26))))))
 2472: new home position for player 0: 35 -22
 2472: new home position for player 1: 12 -15
 2472: new home position for player 2: 20 0
 2472: new home position for player 3: 12 15
 2472: new home position for player 4: 35 22
 2472: new home position for player 5: 0 0
 2472: new home position for player 6: -20 -10
 2472: new home position for player 7: -20 10
 2472: new home position for player 8: -50 0
 2472: new home position for player 9: -12 -26
 2472: new home position for player 10: -12 26
 2743: Received coach message: online_coach_left (advice (0 (true) (do our {1} (home (pt 20 0))) (do our {2} (home (pt 35 -22))) (do our {3} (home (pt 12 -15))) (do our {4} (home (pt 12 15))) (do our {5} (home (pt 35 22))) (do our {6} (home (pt -12 -26))) (do our {7} (home (pt -20 -10))) (do our {8} (home (pt 0 0))) (do our {9} (home (pt -20 10))) (do our {10} (home (pt -50 0))) (do our {11} (home (pt -12 26))))))
 2743: new home position for player 0: 20 0
 2743: new home position for player 1: 35 -22
 2743: new home position for player 2: 12 -15
 2743: new home position for player 3: 12 15
 2743: new home position for player 4: 35 22
 2743: new home position for player 5: -12 -26
 2743: new home position for player 6: -20 -10
 2743: new home position for player 7: 0 0
 2743: new home position for player 8: -20 10
 2743: new home position for player 9: -50 0
 2743: new home position for player 10: -12 26
 3073: Received coach message: online_coach_left (advice (0 (true) (do our {1} (home (pt 35 -22))) (do our {2} (home (pt 12 -15))) (do our {3} (home (pt 20 0))) (do our {4} (home (pt 35 22))) (do our {5} (home (pt 12 15))) (do our {6} (home (pt 0 0))) (do our {7} (home (pt -20 -10))) (do our {8} (home (pt -20 10))) (do our {9} (home (pt -50 0))) (do our {10} (home (pt -12 -26))) (do our {11} (home (pt -12 26))))))
 3073: new home position for player 0: 35 -22
 3073: new home position for player 1: 12 -15
 3073: new home position for player 2: 20 0
 3073: new home position for player 3: 35 22
 3073: new home position for player 4: 12 15
 3073: new home position for player 5: 0 0
 3073: new home position for player 6: -20 -10
 3073: new home position for player 7: -20 10
 3073: new home position for player 8: -50 0
 3073: new home position for player 9: -12 -26
 3073: new home position for player 10: -12 26
 3374: Received coach message: online_coach_left (advice (0 (true) (do our {1} (home (pt 35 22))) (do our {2} (home (pt 12 -15))) (do our {3} (home (pt 35 -22))) (do our {4} (home (pt 20 0))) (do our {5} (home (pt 12 15))) (do our {6} (home (pt 0 0))) (do our {7} (home (pt -20 -10))) (do our {8} (home (pt -20 10))) (do our {9} (home (pt -50 0))) (do our {10} (home (pt -12 -26))) (do our {11} (home (pt -12 26))))))
 3374: new home position for player 0: 35 22
 3374: new home position for player 1: 12 -15
 3374: new home position for player 2: 35 -22
 3374: new home position for player 3: 20 0
 3374: new home position for player 4: 12 15
 3374: new home position for player 5: 0 0
 3374: new home position for player 6: -20 -10
 3374: new home position for player 7: -20 10
 3374: new home position for player 8: -50 0
 3374: new home position for player 9: -12 -26
 3374: new home position for player 10: -12 26
 3680: Received coach message: online_coach_left (advice (0 (true) (do our {1} (home (pt 35 22))) (do our {2} (home (pt 35 -22))) (do our {3} (home (pt 12 -15))) (do our {4} (home (pt 20 0))) (do our {5} (home (pt 12 15))) (do our {6} (home (pt 0 0))) (do our {7} (home (pt -12 -26))) (do our {8} (home (pt -20 -10))) (do our {9} (home (pt -20 10))) (do our {10} (home (pt -50 0))) (do our {11} (home (pt -12 26))))))
 3680: new home position for player 0: 35 22
 3680: new home position for player 1: 35 -22
 3680: new home position for player 2: 12 -15
 3680: new home position for player 3: 20 0
 3680: new home position for player 4: 12 15
 3680: new home position for player 5: 0 0
 3680: new home position for player 6: -12 -26
 3680: new home position for player 7: -20 -10
 3680: new home position for player 8: -20 10
 3680: new home position for player 9: -50 0
 3680: new home position for player 10: -12 26
 3980: Received coach message: online_coach_left (advice (0 (true) (do our {1} (home (pt -50 0))) (do our {2} (home (pt 35 -22))) (do our {3} (home (pt 12 -15))) (do our {4} (home (pt 20 0))) (do our {5} (home (pt 35 22))) (do our {6} (home (pt 12 15))) (do our {7} (home (pt 0 0))) (do our {8} (home (pt -20 10))) (do our {9} (home (pt -20 -10))) (do our {10} (home (pt -12 -26))) (do our {11} (home (pt -12 26))))))
 3980: new home position for player 0: -50 0
 3980: new home position for player 1: 35 -22
 3980: new home position for player 2: 12 -15
 3980: new home position for player 3: 20 0
 3980: new home position for player 4: 35 22
 3980: new home position for player 5: 12 15
 3980: new home position for player 6: 0 0
 3980: new home position for player 7: -20 10
 3980: new home position for player 8: -20 -10
 3980: new home position for player 9: -12 -26
 3980: new home position for player 10: -12 26
 4065: direction old: -12.793345, new: -17.965574
 4080: direction old: 66.926914, new: 66.811903
(b)r: 1.71523 phi: 5.37705 vel: ( 0.0949501, 0.273454 ) (4082,0) rel: ( 1.70768, 0.160733 ), (4082,0) global: ( 4.56305, 33.2533 ), (4082,0), changes: 0, 1.2 last seen:(4080,0) globalposderived: (4080,0)
 4082: direction old: 76.474311, new: 71.885538
(b)r: 1.8 phi: 6 vel: ( 0.0923071, 0.269633 ) (4082,0) rel: ( 1.79014, 0.188151 ), (4082,0) global: ( 4.67965, 33.1223 ), (4082,0), changes: -0.108, 1 last seen:(4082,0) globalposderived: (4082,0)
(b)r: 1.70763 phi: -1.41942 vel: ( 0.0867687, 0.253455 ) (4083,0) rel: ( 1.70711, -0.0422997 ), (4083,0) global: ( 4.77196, 33.3919 ), (4083,0), changes: -0.108, 1 last seen:(4082,0) globalposderived: (4082,0)
 4083: direction old: 81.867065, new: 97.618605
(b)r: 1.8 phi: -1 vel: ( -0.0270583, 0.249271 ) (4083,0) rel: ( 1.79973, -0.0314143 ), (4083,0) global: ( -0.238641, 1.78411 ), (4083,0), changes: 0.072, 0.5 last seen:(4083,0) globalposderived: (4083,0)
(b)r: 1.35565 phi: -0.237286 vel: ( -0.0254348, 0.234315 ) (4084,0) rel: ( 1.35564, -0.00561432 ), (4084,0) global: ( -0.265699, 2.03338 ), (4084,0), changes: 0.072, 0.5 last seen:(4083,0) globalposderived: (4083,0)
(b)r: 1.27836 phi: 1.2739 vel: ( -0.0239087, 0.220256 ) (4085,0) rel: ( 1.27804, 0.0284204 ), (4085,0) global: ( -0.291134, 2.2677 ), (4085,0), changes: 0.072, 0.5 last seen:(4083,0) globalposderived: (4083,0)
 4085: direction old: 97.315791, new: 101.618605
(b)r: 1.2 phi: 1 vel: ( -0.0257084, 0.219679 ) (4085,0) rel: ( 1.19982, 0.0209429 ), (4085,0) global: ( -0.241675, 1.17541 ), (4085,0), changes: 0.072, 0.3 last seen:(4085,0) globalposderived: (4085,0)
(b)r: 1.42048 phi: 0.231146 vel: ( -0.0241659, 0.206499 ) (4086,0) rel: ( 1.42047, 0.00573059 ), (4086,0) global: ( -0.267384, 1.39509 ), (4086,0), changes: 0.072, 0.3 last seen:(4085,0) globalposderived: (4085,0)
 4122: direction old: 44.291462, new: 43.452171
 4124: 2 pos: ball(15.073507,28.323188), ball_prev(14.675810,28.655078), agentdiff(-0.035121,-0.047195)
 4124: direction old: 41.983323, new: 41.947313
 4125: direction old: 37.711221, new: 41.525231
(b)r: 1.71253 phi: -13.4514 vel: ( 0.238847, -0.0295279 ) (4127,0) rel: ( 1.66555, -0.39837 ), (4127,0) global: ( 15.8779, 28.4198 ), (4127,0), changes: 0.108, -2.3 last seen:(4125,0) globalposderived: (4125,0)
 4127: direction old: 39.592010, new: 31.907733
(b)r: 1.8 phi: -13 vel: ( 0.236805, -0.027862 ) (4127,0) rel: ( 1.75387, -0.404912 ), (4127,0) global: ( 16.1284, 28.3146 ), (4127,0), changes: -0.18, -6.5 last seen:(4127,0) globalposderived: (4127,0)
(b)r: 1.62578 phi: -3.88678 vel: ( 0.222597, -0.0261903 ) (4128,0) rel: ( 1.62204, -0.110204 ), (4128,0) global: ( 16.3652, 28.2868 ), (4128,0), changes: -0.18, -6.5 last seen:(4127,0) globalposderived: (4127,0)
 4128: direction old: 14.762989, new: 23.506222
(b)r: 1.6 phi: -4 vel: ( 0.213142, -0.0314612 ) (4128,0) rel: ( 1.5961, -0.11161 ), (4128,0) global: ( 16.125, 28.475 ), (4128,0), changes: 0, -6 last seen:(4128,0) globalposderived: (4128,0)
(b)r: 1.63035 phi: -2.22382 vel: ( 0.200354, -0.0295735 ) (4129,0) rel: ( 1.62912, -0.0632628 ), (4129,0) global: ( 16.3381, 28.4435 ), (4129,0), changes: 0, -6 last seen:(4128,0) globalposderived: (4128,0)
(b)r: 1.25343 phi: -8.68105 vel: ( 0.188333, -0.0277991 ) (4130,0) rel: ( 1.23907, -0.189184 ), (4130,0) global: ( 16.5385, 28.4139 ), (4130,0), changes: 0, -6 last seen:(4128,0) globalposderived: (4128,0)
 4130: direction old: 20.740707, new: 11.513794
(b)r: 1.2 phi: -9 vel: ( 0.193968, -0.0226351 ) (4130,0) rel: ( 1.18523, -0.187721 ), (4130,0) global: ( 16.5792, 28.2236 ), (4130,0), changes: -0.072, -5.4 last seen:(4130,0) globalposderived: (4130,0)
(b)r: 1.12273 phi: -0.171749 vel: ( 0.18233, -0.021277 ) (4131,0) rel: ( 1.12273, -0.00336549 ), (4131,0) global: ( 16.7731, 28.2009 ), (4131,0), changes: -0.072, -5.4 last seen:(4130,0) globalposderived: (4130,0)
 4131: turnWithBall: kick ball close to desired turnangle -37.322257
 4131: (kick 40.950980 -161.510264), vecDesired (-0.590476,-0.370452) -43.147281 posDes(16.182643,27.830495)
 4131: direction old: -3.440192, new: 5.108531
(b)r: 1.2 phi: -1 vel: ( 0.178677, -0.0257552 ) (4131,0) rel: ( 1.19982, -0.0209429 ), (4131,0) global: ( 16.9136, 28.3712 ), (4131,0), changes: 0.048, -4.1 last seen:(4131,0) globalposderived: (4131,0)
(b)r: 1.26061 phi: -4.95205 vel: ( 0.167957, -0.0242099 ) (4132,0) rel: ( 1.2559, -0.108818 ), (4132,0) global: ( 17.0923, 28.3454 ), (4132,0), changes: 0.048, -4.1 last seen:(4131,0) globalposderived: (4131,0)
(b)r: 1.3723 phi: -7.26013 vel: ( 0.157879, -0.0227573 ) (4133,0) rel: ( 1.3613, -0.173424 ), (4133,0) global: ( 17.2603, 28.3212 ), (4133,0), changes: 0.048, -4.1 last seen:(4131,0) globalposderived: (4131,0)
 4133: direction old: 5.475093, new: -0.758504
(b)r: 1.3 phi: -7 vel: ( 0.157045, -0.0223885 ) (4133,0) rel: ( 1.29031, -0.15843 ), (4133,0) global: ( 17.0607, 28.1603 ), (4133,0), changes: 0.13, -1.5 last seen:(4133,0) globalposderived: (4133,0)
(b)r: 1.43886 phi: -8.18977 vel: ( 0.147622, -0.0210452 ) (4134,0) rel: ( 1.42418, -0.204969 ), (4134,0) global: ( 17.2178, 28.1379 ), (4134,0), changes: 0.13, -1.5 last seen:(4133,0) globalposderived: (4133,0)
 4134: direction old: -5.744493, new: -19.918895
(b)r: 0.5 phi: -26 vel: ( -0.684638, -0.119248 ) (4134,0) rel: ( 0.449397, -0.219186 ), (4134,0) global: ( 16.2646, 28.1108 ), (4134,0), changes: -0.61, -40.4 last seen:(4134,0) globalposderived: (4134,0)
 4134: turnWithBall: turn since ball will be kickable in t+1
(b)r: 0.380079 phi: -92.5123 vel: ( -0.64356, -0.112093 ) (4135,0) rel: ( -0.0166606, -0.379714 ), (4135,0) global: ( 15.5799, 27.9915 ), (4135,0), changes: -0.61, -40.4 last seen:(4134,0) globalposderived: (4134,0)
 4135: ball (15.579929,27.991511), agent (15.812391,28.292212), to (19.898414,25.410474) ang -35.194066 -35.194066
 4135: relpos body (0.380079,-92.512339), vel. ball:(-0.643560,-0.112093) dist: 1.177293 (0.300000,0.085000,0.792293)
 4135: point good and can reach point 58.650445
(b)r: 0.855888 phi: -22.6833 vel: ( 0.646313, -0.398711 ) (4136,0) rel: ( 0.789686, -0.330062 ), (4136,0) global: ( 16.2675, 27.5674 ), (4136,0), changes: -0.61, -40.4 last seen:(4134,0) globalposderived: (4134,0)
 4136: ball (16.267496,27.567350), agent (15.812391,28.292212), to (19.898414,25.410474) ang -35.194066 -35.194066
 4136: relpos body (0.855888,-22.683282), vel. ball:(0.646313,-0.398711) dist: 1.177293 (0.300000,0.085000,0.792293)
 4136: point good and can reach point 0.781577
 4136: direction old: -57.612204, new: -66.267609
(b)r: 1.1 phi: -26 vel: ( 0.651055, -0.626994 ) (4136,0) rel: ( 0.988673, -0.482208 ), (4136,0) global: ( 16.3144, 27.1844 ), (4136,0), changes: 0.836, 17.9 last seen:(4136,0) globalposderived: (4136,0)
(b)r: 1.4739 phi: -22.2547 vel: ( 0.611992, -0.589375 ) (4137,0) rel: ( 1.3641, -0.558201 ), (4137,0) global: ( 16.9654, 26.5574 ), (4137,0), changes: 0.836, 17.9 last seen:(4136,0) globalposderived: (4136,0)
 4137: direction old: -52.695479, new: -81.065901
(b)r: 1.2 phi: -41 vel: ( 0.155491, -0.525061 ) (4137,0) rel: ( 0.905651, -0.787271 ), (4137,0) global: ( 16.2619, 26.5399 ), (4137,0), changes: 0.36, -4.7 last seen:(4137,0) globalposderived: (4137,0)
(b)r: 1.56109 phi: -44.6887 vel: ( 0.146161, -0.493558 ) (4138,0) rel: ( 1.10984, -1.09785 ), (4138,0) global: ( 16.4174, 26.0149 ), (4138,0), changes: 0.36, -4.7 last seen:(4137,0) globalposderived: (4137,0)
(b)r: 1.97922 phi: -44.4453 vel: ( 0.137392, -0.463944 ) (4139,0) rel: ( 1.413, -1.3859 ), (4139,0) global: ( 16.5635, 25.5213 ), (4139,0), changes: 0.36, -4.7 last seen:(4137,0) globalposderived: (4137,0)
 4139: 2 pos: ball(16.708107,25.417189), ball_prev(16.261893,26.539924), agentdiff(0.192371,0.121188)
 4139: direction old: -90.083712, new: -86.312114
 4140: 2 pos: ball(16.819419,25.080357), ball_prev(16.708107,25.417189), agentdiff(0.000222,0.000263)
 4140: vel based on 2 pos: (0.104424,-0.316869)
 4140: direction old: -85.614907, new: -85.310707
 4270: Received coach message: online_coach_left (advice (0 (true) (do our {1} (home (pt -50 0))) (do our {2} (home (pt 35 -22))) (do our {3} (home (pt 12 -15))) (do our {4} (home (pt 20 0))) (do our {5} (home (pt 35 22))) (do our {6} (home (pt 12 15))) (do our {7} (home (pt -20 -10))) (do our {8} (home (pt -12 26))) (do our {9} (home (pt 0 0))) (do our {10} (home (pt -12 -26))) (do our {11} (home (pt -20 10))))))
 4270: new home position for player 0: -50 0
 4270: new home position for player 1: 35 -22
 4270: new home position for player 2: 12 -15
 4270: new home position for player 3: 20 0
 4270: new home position for player 4: 35 22
 4270: new home position for player 5: 12 15
 4270: new home position for player 6: -20 -10
 4270: new home position for player 7: -12 26
 4270: new home position for player 8: 0 0
 4270: new home position for player 9: -12 -26
 4270: new home position for player 10: -20 10
 4542: Received coach message: online_coach_left (advice (0 (true) (do our {1} (home (pt -50 0))) (do our {2} (home (pt 12 -15))) (do our {3} (home (pt 35 -22))) (do our {4} (home (pt 20 0))) (do our {5} (home (pt 35 22))) (do our {6} (home (pt 0 0))) (do our {7} (home (pt -20 -10))) (do our {8} (home (pt 12 15))) (do our {9} (home (pt -20 10))) (do our {10} (home (pt -12 -26))) (do our {11} (home (pt -12 26))))))
 4542: new home position for player 0: -50 0
 4542: new home position for player 1: 12 -15
 4542: new home position for player 2: 35 -22
 4542: new home position for player 3: 20 0
 4542: new home position for player 4: 35 22
 4542: new home position for player 5: 0 0
 4542: new home position for player 6: -20 -10
 4542: new home position for player 7: 12 15
 4542: new home position for player 8: -20 10
 4542: new home position for player 9: -12 -26
 4542: new home position for player 10: -12 26
 4587: 2 pos: ball(-8.064179,9.588268), ball_prev(-9.603721,8.562418), agentdiff(-0.126423,-0.129428)
 4587: vel based on 2 pos: (1.566007,1.085962)
 4587: direction old: -130.521263, new: -132.591009
(b)r: 0.764977 phi: 156.119 vel: ( 1.47205, 1.0208 ) (4588,0) rel: ( -0.699484, 0.309697 ), (4588,0) global: ( -6.49817, 10.6742 ), (4588,0), changes: -1.89, 4.6 last seen:(4587,0) globalposderived: (4587,0)
 4588: turnWithBall: freeze ball
(b)r: 0.75721 phi: 155.603 vel: ( -0.00510773, 0.00828304 ) (4589,0) rel: ( -0.689597, 0.312767 ), (4589,0) global: ( -6.50361, 10.683 ), (4589,0), changes: -1.89, 4.6 last seen:(4587,0) globalposderived: (4587,0)
 4589: turnWithBall: turn since ball will be kickable in t+1
 4589: 2 pos: ball(-6.295403,10.431736), ball_prev(-8.064179,9.588268), agentdiff(0.000000,0.000000)
 4589: direction old: -99.987706, new: -85.591009
(b)r: 1 phi: 170 vel: ( -0.00510773, 0.00828304 ) (4589,0) rel: ( -0.984808, 0.173648 ), (4589,0) global: ( -6.2954, 10.4317 ), (4589,0), changes: -1.89, 4.6 last seen:(4589,0) globalposderived: (4589,0)
 4589: turnWithBall: turn since ball will be kickable in t+1
(b)r: 0.991359 phi: -74.8624 vel: ( -0.00480127, 0.00778606 ) (4590,0) rel: ( 0.258881, -0.95696 ), (4590,0) global: ( -6.30051, 10.44 ), (4590,0), changes: -1.89, 4.6 last seen:(4589,0) globalposderived: (4589,0)
 4590: ball (-6.300510,10.440019), agent (-6.372278,11.428776), to (-1.463911,10.475923) ang -10.986087 -10.986087
 4590: relpos body (0.991359,-74.862449), vel. ball:(-0.004801,0.007786) dist: 1.177293 (0.300000,0.085000,0.792293)
 4590: point good and can reach point 43.361724
 4590: 2 pos: ball(-5.662154,10.616811), ball_prev(-6.295403,10.431736), agentdiff(0.300235,0.100169)
 4590: vel based on 2 pos: (0.313033,0.079811)
 4590: direction old: -101.849318, new: -65.802084
(b)r: 1 phi: -54 vel: ( 0.313033, 0.0798113 ) (4590,0) rel: ( 0.587785, -0.809017 ), (4590,0) global: ( -5.66215, 10.6168 ), (4590,0), changes: -1.89, 4.6 last seen:(4590,0) globalposderived: (4590,0)
 4590: ball (-5.662154,10.616811), agent (-6.072043,11.528946), to (-1.177744,10.506287) ang -11.802084 -11.802084
 4590: relpos body (1.000000,-54.000000), vel. ball:(0.313033,0.079811) dist: 1.177293 (0.300000,0.085000,0.792293)
 4590: point good and can reach point 23.729444
(b)r: 1.48942 phi: -26.5985 vel: ( 0.711912, -0.0122471 ) (4591,0) rel: ( 1.33179, -0.666868 ), (4591,0) global: ( -4.9048, 10.6038 ), (4591,0), changes: -1.89, 4.6 last seen:(4590,0) globalposderived: (4590,0)
 4592: direction old: -26.512174, new: -24.802084
 4593: direction old: -18.783757, new: -18.802084
 4895: Received coach message: online_coach_left (advice (0 (true) (do our {1} (home (pt -50 0))) (do our {2} (home (pt 12 -15))) (do our {3} (home (pt 35 -22))) (do our {4} (home (pt 20 0))) (do our {5} (home (pt 35 22))) (do our {6} (home (pt 12 15))) (do our {7} (home (pt -20 -10))) (do our {8} (home (pt -20 10))) (do our {9} (home (pt 0 0))) (do our {10} (home (pt -12 -26))) (do our {11} (home (pt -12 26))))))
 4895: new home position for player 0: -50 0
 4895: new home position for player 1: 12 -15
 4895: new home position for player 2: 35 -22
 4895: new home position for player 3: 20 0
 4895: new home position for player 4: 35 22
 4895: new home position for player 5: 12 15
 4895: new home position for player 6: -20 -10
 4895: new home position for player 7: -20 10
 4895: new home position for player 8: 0 0
 4895: new home position for player 9: -12 -26
 4895: new home position for player 10: -12 26
 5020: 2 pos: ball(-6.089570,-0.184007), ball_prev(-6.133271,-0.030176), agentdiff(-0.021846,-0.198813)
 5020: vel based on 2 pos: (0.061614,0.042283)
 5020: direction old: 145.791509, new: 148.910199
(b)r: 1.85369 phi: 57.7094 vel: ( 0.0579168, 0.0397462 ) (5021,0) rel: ( 0.990267, 1.56702 ), (5021,0) global: ( -6.02796, -0.141723 ), (5021,0), changes: -0.36, 4.9 last seen:(5020,0) globalposderived: (5020,0)
(b)r: 1.70044 phi: 61.5986 vel: ( 0.0544418, 0.0373614 ) (5022,0) rel: ( 0.808808, 1.49577 ), (5022,0) global: ( -5.97004, -0.101977 ), (5022,0), changes: -0.36, 4.9 last seen:(5020,0) globalposderived: (5020,0)
 5022: 2 pos: ball(-2.739654,-0.477264), ball_prev(-6.089570,-0.184007), agentdiff(-0.180111,0.076012)
 5022: direction old: 162.078197, new: 2.802643
(b)r: 1.8 phi: -97 vel: ( 0.0544418, 0.0373614 ) (5022,0) rel: ( -0.219365, -1.78658 ), (5022,0) global: ( -2.73965, -0.477264 ), (5022,0), changes: -0.36, 4.9 last seen:(5022,0) globalposderived: (5022,0)
(b)r: 1.87757 phi: -99.0998 vel: ( 0.0511753, 0.0351197 ) (5023,0) rel: ( -0.296947, -1.85394 ), (5023,0) global: ( -2.68521, -0.439903 ), (5023,0), changes: -0.36, 4.9 last seen:(5022,0) globalposderived: (5022,0)
 5195: Received coach message: online_coach_left (advice (0 (true) (do our {1} (home (pt -50 0))) (do our {2} (home (pt 35 -22))) (do our {3} (home (pt 20 0))) (do our {4} (home (pt 12 15))) (do our {5} (home (pt 35 22))) (do our {6} (home (pt 0 0))) (do our {7} (home (pt 12 -15))) (do our {8} (home (pt -20 10))) (do our {9} (home (pt -20 -10))) (do our {10} (home (pt -12 -26))) (do our {11} (home (pt -12 26))))))
 5195: new home position for player 0: -50 0
 5195: new home position for player 1: 35 -22
 5195: new home position for player 2: 20 0
 5195: new home position for player 3: 12 15
 5195: new home position for player 4: 35 22
 5195: new home position for player 5: 0 0
 5195: new home position for player 6: 12 -15
 5195: new home position for player 7: -20 10
 5195: new home position for player 8: -20 -10
 5195: new home position for player 9: -12 -26
 5195: new home position for player 10: -12 26
 5520: Received coach message: online_coach_left (advice (0 (true) (do our {1} (home (pt -50 0))) (do our {2} (home (pt 35 -22))) (do our {3} (home (pt 20 0))) (do our {4} (home (pt 12 15))) (do our {5} (home (pt 35 22))) (do our {6} (home (pt 0 0))) (do our {7} (home (pt 12 -15))) (do our {8} (home (pt -12 26))) (do our {9} (home (pt -20 -10))) (do our {10} (home (pt -12 -26))) (do our {11} (home (pt -20 10))))))
 5520: new home position for player 0: -50 0
 5520: new home position for player 1: 35 -22
 5520: new home position for player 2: 20 0
 5520: new home position for player 3: 12 15
 5520: new home position for player 4: 35 22
 5520: new home position for player 5: 0 0
 5520: new home position for player 6: 12 -15
 5520: new home position for player 7: -12 26
 5520: new home position for player 8: -20 -10
 5520: new home position for player 9: -12 -26
 5520: new home position for player 10: -20 10
 5608: direction old: -100.861403, new: -99.951762
(b)r: 1.9537 phi: 66.4945 vel: ( -0.15615, 0.390374 ) (5610,0) rel: ( 0.779206, 1.79158 ), (5610,0) global: ( -8.765, 8.42155 ), (5610,0), changes: 0.662, 1.5 last seen:(5608,0) globalposderived: (5608,0)
 5610: 2 pos: ball(-8.772310,8.390648), ball_prev(-8.422166,7.564458), agentdiff(-0.006823,0.018906)
 5610: direction old: -112.063513, new: -111.924986
(b)r: 1.74035 phi: 57.6631 vel: ( -0.146988, 0.345627 ) (5611,0) rel: ( 0.930907, 1.47045 ), (5611,0) global: ( -8.92868, 8.75834 ), (5611,0), changes: 0.662, 1.5 last seen:(5610,0) globalposderived: (5610,0)
 5611: 2 pos: ball(-8.847790,8.873450), ball_prev(-8.772310,8.390648), agentdiff(0.000000,0.000000)
 5611: vel based on 2 pos: (-0.070951,0.453834)
 5611: direction old: -121.261874, new: -120.924986
(b)r: 1.6 phi: 58 vel: ( -0.0709511, 0.453834 ) (5611,0) rel: ( 0.847871, 1.35688 ), (5611,0) global: ( -8.84779, 8.87345 ), (5611,0), changes: 0.662, 1.5 last seen:(5611,0) globalposderived: (5611,0)
(b)r: 1.28135 phi: 44.7312 vel: ( -0.066694, 0.426604 ) (5612,0) rel: ( 0.910295, 0.901792 ), (5612,0) global: ( -8.91874, 9.32728 ), (5612,0), changes: 0.662, 1.5 last seen:(5611,0) globalposderived: (5611,0)
(b)r: 1.0787 phi: 26.0674 vel: ( -0.0626924, 0.401007 ) (5613,0) rel: ( 0.968973, 0.474012 ), (5613,0) global: ( -8.98544, 9.75389 ), (5613,0), changes: 0.662, 1.5 last seen:(5611,0) globalposderived: (5611,0)
 5613: turnWithBall: kick ball close to desired turnangle -9.608162
 5613: (kick 75.933188 179.138175), vecDesired (1.464498,0.406690) 169.316824 posDes(-7.520938,10.160577)
 5613: direction old: -152.810505, new: -144.946559
(b)r: 1.3 phi: 34 vel: ( -0.108162, 0.289973 ) (5613,0) rel: ( 1.07775, 0.726951 ), (5613,0) global: ( -9.1319, 9.47868 ), (5613,0), changes: -0.078, -13.2 last seen:(5613,0) globalposderived: (5613,0)
(b)r: 1.25817 phi: 20.2289 vel: ( -0.101672, 0.272575 ) (5614,0) rel: ( 1.18056, 0.435038 ), (5614,0) global: ( -9.24006, 9.76866 ), (5614,0), changes: -0.078, -13.2 last seen:(5613,0) globalposderived: (5613,0)
 5614: direction old: -158.717658, new: -157.946559
(b)r: 1.3 phi: 21 vel: ( -0.105359, 0.270874 ) (5614,0) rel: ( 1.21365, 0.465878 ), (5614,0) global: ( -9.27258, 9.73721 ), (5614,0), changes: 0, -12.8 last seen:(5614,0) globalposderived: (5614,0)
(b)r: 1.32813 phi: 8.36057 vel: ( -0.0990373, 0.254622 ) (5615,0) rel: ( 1.31402, 0.193113 ), (5615,0) global: ( -9.37794, 10.0081 ), (5615,0), changes: 0, -12.8 last seen:(5614,0) globalposderived: (5614,0)
(b)r: 1.40978 phi: -2.57294 vel: ( -0.093095, 0.239344 ) (5616,0) rel: ( 1.40835, -0.0632866 ), (5616,0) global: ( -9.47698, 10.2627 ), (5616,0), changes: 0, -12.8 last seen:(5614,0) globalposderived: (5614,0)
 5616: direction old: 178.480499, new: 179.053441
(b)r: 1.5 phi: -2 vel: ( -0.104528, 0.242384 ) (5616,0) rel: ( 1.49909, -0.0523492 ), (5616,0) global: ( -9.5675, 10.2501 ), (5616,0), changes: 0.12, -9.3 last seen:(5616,0) globalposderived: (5616,0)
(b)r: 1.62642 phi: -10.508 vel: ( -0.0982566, 0.22784 ) (5617,0) rel: ( 1.59914, -0.296614 ), (5617,0) global: ( -9.67202, 10.4925 ), (5617,0), changes: 0.12, -9.3 last seen:(5616,0) globalposderived: (5616,0)
 5617: direction old: 170.545463, new: 170.053441
(b)r: 1.6 phi: -11 vel: ( -0.0935958, 0.230871 ) (5617,0) rel: ( 1.5706, -0.305294 ), (5617,0) global: ( -9.64365, 10.5017 ), (5617,0), changes: 0.128, -7.7 last seen:(5617,0) globalposderived: (5617,0)
(b)r: 1.7449 phi: -17.9532 vel: ( -0.08798, 0.217019 ) (5618,0) rel: ( 1.65994, -0.537847 ), (5618,0) global: ( -9.73725, 10.7326 ), (5618,0), changes: 0.128, -7.7 last seen:(5617,0) globalposderived: (5617,0)
(b)r: 1.90091 phi: -23.4495 vel: ( -0.0827012, 0.203998 ) (5619,0) rel: ( 1.74391, -0.756447 ), (5619,0) global: ( -9.82523, 10.9496 ), (5619,0), changes: 0.128, -7.7 last seen:(5617,0) globalposderived: (5617,0)
 5619: direction old: 157.603978, new: 157.053441
(b)r: 2 phi: -24 vel: ( -0.0843996, 0.205514 ) (5619,0) rel: ( 1.82709, -0.813473 ), (5619,0) global: ( -9.90944, 11.0051 ), (5619,0), changes: 0.16, -4.5 last seen:(5619,0) globalposderived: (5619,0)
 5620: direction old: 152.909336, new: 153.053441
 5622: direction old: 146.690573, new: 146.053441
 5623: direction old: 143.756995, new: 144.053441
 5644: direction old: 96.936600, new: 96.005288
(b)r: 0.710085 phi: -25.0286 vel: ( 0.570161, -1.31647 ) (5645,0) rel: ( 0.643406, -0.300416 ), (5645,0) global: ( -3.18896, -3.76471 ), (5645,0), changes: -1.4, -13.2 last seen:(5644,0) globalposderived: (5644,0)
 5645: turnWithBall: freeze ball
(b)r: 0.711442 phi: -26.413 vel: ( 0.0139957, -0.00814486 ) (5646,0) rel: ( 0.637176, -0.316477 ), (5646,0) global: ( -3.17407, -3.77337 ), (5646,0), changes: -1.4, -13.2 last seen:(5644,0) globalposderived: (5644,0)
 5646: turnWithBall: turn since ball will be kickable in t+1
 5646: direction old: 54.592297, new: 37.005288
(b)r: 0.9 phi: -44 vel: ( 0.232038, -0.0985245 ) (5646,0) rel: ( 0.647406, -0.625193 ), (5646,0) global: ( -2.86756, -3.81153 ), (5646,0), changes: 0.126, -13.9 last seen:(5646,0) globalposderived: (5646,0)
 5646: turnWithBall: freeze ball
(b)r: 0.904048 phi: -43.8942 vel: ( 0.00209335, 0.00354237 ) (5647,0) rel: ( 0.651476, -0.626803 ), (5647,0) global: ( -2.86533, -3.80776 ), (5647,0), changes: 0.126, -13.9 last seen:(5646,0) globalposderived: (5646,0)
 5647: turnWithBall: turn since ball will be kickable in t+1
 5647: direction old: 37.111067, new: 37.005288
(b)r: 0.9 phi: -44 vel: ( -0.00283633, 0.00376322 ) (5647,0) rel: ( 0.647406, -0.625193 ), (5647,0) global: ( -2.86756, -3.81153 ), (5647,0), changes: 0, 0.3 last seen:(5647,0) globalposderived: (5647,0)
 5647: turnWithBall: turn since ball will be kickable in t+1
(b)r: 0.900012 phi: 32.8671 vel: ( -0.00266615, 0.00353743 ) (5648,0) rel: ( 0.755949, 0.488429 ), (5648,0) global: ( -2.87039, -3.80777 ), (5648,0), changes: 0, 0.3 last seen:(5647,0) globalposderived: (5647,0)
 5648: ball (-2.870392,-3.807770), agent (-3.586278,-4.353233), to (1.398729,-3.966313) ang 4.438213 4.438213
 5648: relpos body (0.900012,32.867073), vel. ball:(-0.002666,0.003537) dist: 1.177293 (0.300000,0.085000,0.792293)
 5648: point good and can reach point 36.194911
(b)r: 1.57383 phi: 15.1649 vel: ( 0.720717, -0.0163936 ) (5649,0) rel: ( 1.51902, 0.41171 ), (5649,0) global: ( -2.10367, -3.82521 ), (5649,0), changes: 0, 0.3 last seen:(5647,0) globalposderived: (5647,0)
 5649: direction old: 19.603112, new: 19.086375
(b)r: 1.5 phi: 21 vel: ( 0.701701, -0.0313717 ) (5649,0) rel: ( 1.40037, 0.537552 ), (5649,0) global: ( -2.16874, -3.86274 ), (5649,0), changes: 0.63, -10.2 last seen:(5649,0) globalposderived: (5649,0)
 5650: direction old: 12.223807, new: 11.086375
 5814: Received coach message: online_coach_left (advice (0 (true) (do our {1} (home (pt -50 0))) (do our {2} (home (pt 12 -15))) (do our {3} (home (pt 35 -22))) (do our {4} (home (pt 20 0))) (do our {5} (home (pt 35 22))) (do our {6} (home (pt 0 0))) (do our {7} (home (pt -20 -10))) (do our {8} (home (pt 12 15))) (do our {9} (home (pt -20 10))) (do our {10} (home (pt -12 -26))) (do our {11} (home (pt -12 26))))))
 5814: new home position for player 0: -50 0
 5814: new home position for player 1: 12 -15
 5814: new home position for player 2: 35 -22
 5814: new home position for player 3: 20 0
 5814: new home position for player 4: 35 22
 5814: new home position for player 5: 0 0
 5814: new home position for player 6: -20 -10
 5814: new home position for player 7: 12 15
 5814: new home position for player 8: -20 10
 5814: new home position for player 9: -12 -26
 5814: new home position for player 10: -12 26
