 0: change player from message 62 -> 1
 0: changed player from message 62 -> 1
 0: change player from message 63 -> 2
 0: changed player from message 63 -> 2
 0: change player from message 64 -> 3
 0: changed player from message 64 -> 3
 0: change player from message 65 -> 4
 0: changed player from message 65 -> 4
 0: change player from message 66 -> 5
 0: changed player from message 66 -> 5
 0: change player from message 67 -> 6
 0: changed player from message 67 -> 6
 0: change player from message 68 -> 7
 0: changed player from message 68 -> 7
 0: change player from message 69 -> 8
 0: changed player from message 69 -> 8
 0: change player from message 70 -> 9
 0: changed player from message 70 -> 9
 0: change player from message 71 -> 10
 0: changed player from message 71 -> 10
 101: direction old: -30.267359, new: -49.511221
(b)r: 1.79628 phi: 0.585075 vel: ( 0, 0 ) (102,0) rel: ( 1.79618, 0.0183423 ), (102,0) global: ( 21.7931, -18.7125 ), (102,0), changes: -0.52, -21.7 last seen:(101,0) globalposderived: (101,0)
(b)r: 1.08498 phi: -0.342934 vel: ( 0, 0 ) (103,0) rel: ( 1.08496, -0.00649395 ), (103,0) global: ( 21.7931, -18.7125 ), (103,0), changes: -0.52, -21.7 last seen:(101,0) globalposderived: (101,0)
 103: 2 pos: ball(20.525687,-18.908417), ball_prev(21.793123,-18.712539), agentdiff(0.076118,0.030077)
 103: direction old: -57.677293, new: -122.426166
(b)r: 1.3 phi: -68 vel: ( 0, 0 ) (103,0) rel: ( 0.486989, -1.20534 ), (103,0) global: ( 20.5257, -18.9084 ), (103,0), changes: -0.52, -21.7 last seen:(103,0) globalposderived: (103,0)
(b)r: 1.2228 phi: 8.32524 vel: ( 0, 0 ) (104,0) rel: ( 1.20992, 0.177052 ), (104,0) global: ( 20.5257, -18.9084 ), (104,0), changes: -0.52, -21.7 last seen:(103,0) globalposderived: (103,0)
 278: direction old: -114.164678, new: -115.371181
(b)r: 1.91127 phi: -7.15904 vel: ( 0, 0 ) (286,0) rel: ( 1.89637, -0.23819 ), (286,0) global: ( 0.40529, -16.5567 ), (286,0), changes: -0.296, -0.1 last seen:(284,0) globalposderived: (284,0)
 464: direction old: -114.585227, new: -166.273526
(b)r: 1.6 phi: -66 vel: ( 0.26508, -0.08836 ) (464,0) rel: ( 0.650779, -1.46167 ), (464,0) global: ( -1.57209, -16.5133 ), (464,0), changes: 0.49, 0.8 last seen:(464,0) globalposderived: (464,0)
(b)r: 1.37155 phi: -59.7744 vel: ( 0.249175, -0.0830584 ) (465,0) rel: ( 0.690446, -1.18508 ), (465,0) global: ( -1.30701, -16.6016 ), (465,0), changes: 0.49, 0.8 last seen:(464,0) globalposderived: (464,0)
(b)r: 1.17702 phi: -51.8092 vel: ( 0.234225, -0.0780749 ) (466,0) rel: ( 0.727733, -0.92509 ), (466,0) global: ( -1.05784, -16.6847 ), (466,0), changes: 0.49, 0.8 last seen:(464,0) globalposderived: (464,0)
(b)r: 1.17702 phi: -51.8092 vel: ( 0.234225, -0.0780749 ) (466,0) rel: ( 0.727733, -0.92509 ), (466,0) global: ( -1.91686, -18.456 ), (466,0), changes: 0.49, 0.8 last seen:(464,0) globalposderived: (464,0)
(b)r: 1.77929 phi: -106.026 vel: ( 0.784188, -0.0236144 ) (910,0) rel: ( -0.491211, -1.71015 ), (910,0) global: ( 0.0269945, -17.3944 ), (910,0), changes: -1.072, -1.7 last seen:(905,0) globalposderived: (905,0)
 910: direction old: 137.236765, new: 135.631987
(b)r: 2 phi: -100 vel: ( 0.784188, -0.0236144 ) (910,0) rel: ( -0.347296, -1.96962 ), (910,0) global: ( 0.160187, -17.4413 ), (910,0), changes: -1.072, -1.7 last seen:(910,0) globalposderived: (910,0)
(b)r: 1.51892 phi: -20.4814 vel: ( 0.737137, -0.0221975 ) (911,0) rel: ( 1.4229, -0.531474 ), (911,0) global: ( 0.944375, -17.4649 ), (911,0), changes: -1.072, -1.7 last seen:(910,0) globalposderived: (910,0)
 911: direction old: 93.693329, new: 113.609104
(b)r: 1.5 phi: -26 vel: ( 0.756098, -0.0217901 ) (911,0) rel: ( 1.34819, -0.657557 ), (911,0) global: ( 0.443361, -17.6355 ), (911,0), changes: -0.33, -26.8 last seen:(911,0) globalposderived: (911,0)
(b)r: 1.36155 phi: -30.161 vel: ( 0.710732, -0.0204827 ) (912,0) rel: ( 1.17722, -0.684085 ), (912,0) global: ( 1.19946, -17.6573 ), (912,0), changes: -0.33, -26.8 last seen:(911,0) globalposderived: (911,0)
(b)r: 1.58896 phi: -26.4773 vel: ( 0.668088, -0.0192537 ) (913,0) rel: ( 1.4223, -0.708427 ), (913,0) global: ( 1.91019, -17.6777 ), (913,0), changes: -0.33, -26.8 last seen:(911,0) globalposderived: (911,0)
 913: direction old: 60.271220, new: 56.456688
(b)r: 1.6 phi: -29 vel: ( 0.67219, -0.022643 ) (913,0) rel: ( 1.39939, -0.775695 ), (913,0) global: ( 2.0604, -17.6294 ), (913,0), changes: 0.352, -20.7 last seen:(913,0) globalposderived: (913,0)
 914: direction old: 44.576264, new: 40.441752
 916: direction old: 17.491151, new: 22.997160
(b)r: 1.66072 phi: -9.08585 vel: ( -0.552431, -0.143683 ) (925,0) rel: ( 1.63989, -0.262252 ), (925,0) global: ( 5.20279, -17.892 ), (925,0), changes: -0.66, -3 last seen:(923,0) globalposderived: (923,0)
 925: direction old: 3.033282, new: -8.989237
(b)r: 1.6 phi: -13 vel: ( -0.444725, -0.140357 ) (925,0) rel: ( 1.55899, -0.359922 ), (925,0) global: ( 5.22266, -18.2247 ), (925,0), changes: -0.544, -8.5 last seen:(925,0) globalposderived: (925,0)
(b)r: 1.08143 phi: -10.9394 vel: ( -0.418041, -0.131936 ) (926,0) rel: ( 1.06178, -0.205225 ), (926,0) global: ( 4.77793, -18.365 ), (926,0), changes: -0.544, -8.5 last seen:(925,0) globalposderived: (925,0)
 926: direction old: -29.882651, new: -22.463243
(b)r: 1.1 phi: -11 vel: ( -0.431423, -0.133487 ) (926,0) rel: ( 1.07979, -0.20989 ), (926,0) global: ( 4.67116, -18.1399 ), (926,0), changes: -0.396, -16.2 last seen:(926,0) globalposderived: (926,0)
(b)r: 0.783743 phi: -21.2857 vel: ( -0.405538, -0.125478 ) (927,0) rel: ( 0.730277, -0.284513 ), (927,0) global: ( 4.23974, -18.2734 ), (927,0), changes: -0.396, -16.2 last seen:(926,0) globalposderived: (926,0)
 927: turnWithBall: kick ball away from opp at ang 1.473102
 927: (kick 41.455868 157.045128), vecDesired (-1.033498,0.543491) -154.670679 posDes(3.206240,-17.729861)
(b)r: 0.2 phi: -153.852 vel: ( 0.0964507, -0.0504426 ) (928,0) rel: ( -0.179532, -0.0881372 ), (928,0) global: ( 3.48708, -17.7258 ), (928,0), changes: -0.396, -16.2 last seen:(926,0) globalposderived: (926,0)
 928: turnWithBall: turn since ball will be kickable in t+1
 928: 2 pos: ball(2.986679,-17.828021), ball_prev(4.671161,-18.139865), agentdiff(-0.003344,-0.044422)
 928: direction old: 169.497856, new: -174.605638
(b)r: 0.7 phi: -152 vel: ( 0.0964507, -0.0504426 ) (928,0) rel: ( -0.618063, -0.32863 ), (928,0) global: ( 2.98668, -17.828 ), (928,0), changes: -0.396, -16.2 last seen:(928,0) globalposderived: (928,0)
 928: turnWithBall: turn since ball will be kickable in t+1
(b)r: 0.611599 phi: 170.963 vel: ( 0.0906637, -0.0474161 ) (929,0) rel: ( -0.604007, 0.0960663 ), (929,0) global: ( 3.08313, -17.8785 ), (929,0), changes: -0.396, -16.2 last seen:(928,0) globalposderived: (928,0)
 929: kick results in collision, change velDes from (0.825007,0.284269)
 929: ball (3.083130,-17.878464), agent (3.683579,-17.762214), to (8.382212,-16.052582) ang 19.994289 19.994289
 929: relpos body (0.611599,170.962893), vel. ball:(0.090664,-0.047416) dist: 1.046437 (0.300000,0.085000,0.661437)
 929: point good and can reach point 50.518234
 929: 2 pos: ball(1.743734,-17.343177), ball_prev(2.986679,-17.828021), agentdiff(0.028923,0.066972)
 929: vel based on 2 pos: (-1.195557,0.392801)
 929: direction old: -163.768788, new: 169.861229
