 41: direction old: -2.877065, new: -8.227516
(b)r: 1.60177 phi: 1 vel: ( 0, 0 ) (42,0) rel: ( 1.60153, 0.0279547 ), (42,0) global: ( 20.2898, -1.76736 ), (42,0), changes: -0.9, 0.6 last seen:(41,0) globalposderived: (41,0)
(b)r: 0.2 phi: 1.72496 vel: ( 0, 0 ) (43,0) rel: ( 0.199909, 0.00602033 ), (43,0) global: ( 19.7628, -1.69795 ), (43,0), changes: -0.9, 0.6 last seen:(41,0) globalposderived: (41,0)
 43: 2 pos: ball(18.768524,-1.529151), ball_prev(20.289815,-1.767357), agentdiff(-0.120881,0.327652)
 43: direction old: -47.943079, new: -164.678468
(b)r: 0.7 phi: -155 vel: ( 0, 0 ) (43,0) rel: ( -0.634415, -0.295833 ), (43,0) global: ( 18.7685, -1.52915 ), (43,0), changes: -0.9, 0.6 last seen:(43,0) globalposderived: (43,0)
 43: kick results in collision, change velDes from (0.866697,-0.101398)
 43: ball (18.768524,-1.529151), agent (19.443645,-1.344186), to (24.372478,-2.184781) ang -9.678468 -9.678468
 43: relpos body (0.700000,-155.000000), vel. ball:(0.000000,0.000000) dist: 1.139646 (0.300000,0.085000,0.754646)
 43: point good and can reach point 56.290507
(b)r: 0.2 phi: -31.6301 vel: ( -0.0960433, 0.0112459 ) (44,0) rel: ( 0.17029, -0.104887 ), (44,0) global: ( 19.5939, -1.47621 ), (44,0), changes: -0.9, 0.6 last seen:(43,0) globalposderived: (43,0)
 44: ball (19.593878,-1.476209), agent (19.443645,-1.344186), to (24.372478,-2.184781) ang -9.678468 -9.678468
 44: relpos body (0.200000,-31.630143), vel. ball:(-0.096043,0.011246) dist: 1.139646 (0.300000,0.085000,0.754646)
 44: point good and can reach point 33.380294
 44: 2 pos: ball(19.096544,-1.524981), ball_prev(18.768524,-1.529151), agentdiff(-0.113889,0.261487)
 44: direction old: -56.130603, new: -117.802357
(b)r: 0.5 phi: -108 vel: ( -0.0960433, 0.0112459 ) (44,0) rel: ( -0.154508, -0.475528 ), (44,0) global: ( 19.0965, -1.52498 ), (44,0), changes: -0.9, 0.6 last seen:(44,0) globalposderived: (44,0)
 44: ball (19.096544,-1.524981), agent (19.329755,-1.082700), to (24.256760,-1.933950) ang -9.802357 -9.802357
 44: relpos body (0.500000,-108.000000), vel. ball:(-0.096043,0.011246) dist: 1.139646 (0.300000,0.085000,0.754646)
 44: point good and can reach point 41.826327
(b)r: 0.664972 phi: -44.7528 vel: ( 0.581711, -0.093487 ) (45,0) rel: ( 0.472231, -0.468173 ), (45,0) global: ( 19.7154, -1.62444 ), (45,0), changes: -0.9, 0.6 last seen:(44,0) globalposderived: (44,0)
 45: ball (19.715386,-1.624435), agent (19.329755,-1.082700), to (24.256760,-1.933950) ang -9.802357 -9.802357
 45: relpos body (0.664972,-44.752754), vel. ball:(0.581711,-0.093487) dist: 1.139646 (0.300000,0.085000,0.754646)
 45: point good and can reach point 8.413828
(b)r: 1.29181 phi: -17.7059 vel: ( 0.714523, -0.0516239 ) (46,0) rel: ( 1.23061, -0.392878 ), (46,0) global: ( 20.4755, -1.67935 ), (46,0), changes: -0.9, 0.6 last seen:(44,0) globalposderived: (44,0)
 46: 2 pos: ball(19.227487,-1.572129), ball_prev(19.096544,-1.524981), agentdiff(0.000000,0.000000)
 46: direction old: -27.508215, new: -101.802357
(b)r: 0.5 phi: -92 vel: ( 0.714523, -0.0516239 ) (46,0) rel: ( -0.0174497, -0.499695 ), (46,0) global: ( 19.2275, -1.57213 ), (46,0), changes: -0.9, 0.6 last seen:(46,0) globalposderived: (46,0)
 46: ball (19.227487,-1.572129), agent (19.329755,-1.082700), to (24.256760,-1.933950) ang -9.802357 -9.802357
 46: relpos body (0.500000,-92.000000), vel. ball:(0.714523,-0.051624) dist: 1.139646 (0.300000,0.085000,0.754646)
 46: point good and can reach point 4.611919
(b)r: 0.468937 phi: -69.1193 vel: ( 0.671651, -0.0485265 ) (47,0) rel: ( 0.16714, -0.438139 ), (47,0) global: ( 19.942, -1.62375 ), (47,0), changes: -0.9, 0.6 last seen:(46,0) globalposderived: (46,0)
 47: ball (19.942010,-1.623753), agent (19.851903,-1.163555), to (24.778908,-2.014805) ang -9.802357 -9.802357
 47: relpos body (0.468937,-69.119284), vel. ball:(0.671651,-0.048526) dist: 1.139646 (0.300000,0.085000,0.754646)
 47: point good and can reach point 6.213190
 47: 2 pos: ball(18.124706,-1.839368), ball_prev(19.227487,-1.572129), agentdiff(0.013701,-0.218349)
 47: vel based on 2 pos: (-1.049493,-0.045957)
 47: direction old: -72.467559, new: -165.276943
(b)r: 1.8 phi: -156 vel: ( 0, 0 ) (47,0) rel: ( -1.64438, -0.732126 ), (47,0) global: ( 18.1247, -1.83937 ), (47,0), changes: -0.9, 0.6 last seen:(47,0) globalposderived: (47,0)
(b)r: 1.96788 phi: -158.361 vel: ( 0, 0 ) (48,0) rel: ( -1.8292, -0.725672 ), (48,0) global: ( 18.1247, -1.83937 ), (48,0), changes: -0.9, 0.6 last seen:(47,0) globalposderived: (47,0)
 64: 2 pos: ball(14.571408,-0.571875), ball_prev(11.388352,-2.785044), agentdiff(0.058615,0.224866)
 64: direction old: -101.051175, new: -10.350977
 98: direction old: 167.062509, new: 168.151902
(b)r: 1.68552 phi: 8.73941 vel: ( -0.292529, 0.0234625 ) (100,0) rel: ( 1.66595, 0.256099 ), (100,0) global: ( 12.5959, 7.84897 ), (100,0), changes: 0.054, 1.2 last seen:(98,0) globalposderived: (98,0)
 100: direction old: 171.234921, new: 174.114513
(b)r: 1.6 phi: 9 vel: ( -0.286984, 0.031748 ) (100,0) rel: ( 1.5803, 0.250295 ), (100,0) global: ( 12.7008, 7.75147 ), (100,0), changes: -0.032, 1.4 last seen:(100,0) globalposderived: (100,0)
(b)r: 1.5734 phi: -1.64713 vel: ( -0.269765, 0.0298432 ) (101,0) rel: ( 1.57275, -0.0452256 ), (101,0) global: ( 12.4138, 7.78322 ), (101,0), changes: -0.032, 1.4 last seen:(100,0) globalposderived: (100,0)
 101: direction old: -174.692755, new: 174.876337
(b)r: 1.5 phi: -4 vel: ( -0.27885, 0.0336162 ) (101,0) rel: ( 1.49635, -0.104635 ), (101,0) global: ( 12.3063, 8.04598 ), (101,0), changes: 0.3, -0.5 last seen:(101,0) globalposderived: (101,0)
(b)r: 1.22617 phi: -4.85334 vel: ( -0.262119, 0.0315992 ) (102,0) rel: ( 1.22177, -0.103741 ), (102,0) global: ( 12.0275, 8.07959 ), (102,0), changes: 0.3, -0.5 last seen:(101,0) globalposderived: (101,0)
(b)r: 0.751345 phi: -6.99337 vel: ( -0.246392, 0.0297033 ) (103,0) rel: ( 0.745755, -0.0914796 ), (103,0) global: ( 11.7654, 8.11119 ), (103,0), changes: 0.3, -0.5 last seen:(101,0) globalposderived: (101,0)
 103: turnWithBall: turn since ball will be kickable in t+1
 103: direction old: 169.569181, new: 172.710379
(b)r: 0.7 phi: -6 vel: ( -0.248142, 0.0296062 ) (103,0) rel: ( 0.696165, -0.0731699 ), (103,0) global: ( 11.8762, 8.05179 ), (103,0), changes: -0.028, -1 last seen:(103,0) globalposderived: (103,0)
 103: turnWithBall: turn since ball will be kickable in t+1
(b)r: 0.2 phi: -87.0836 vel: ( 0.0233253, -0.00278299 ) (104,0) rel: ( 0.0101757, -0.199741 ), (104,0) global: ( 12.0934, 8.013 ), (104,0), changes: -0.028, -1 last seen:(103,0) globalposderived: (103,0)
 104: turnWithBall: turn since ball will be kickable in t+1
 104: 2 pos: ball(11.806841,7.903671), ball_prev(11.876197,8.051790), agentdiff(0.112163,-0.143606)
 104: direction old: 150.882589, new: 173.938040
(b)r: 0.6 phi: -85 vel: ( 0.0233253, -0.00278299 ) (104,0) rel: ( 0.0522934, -0.597717 ), (104,0) global: ( 11.8068, 7.90367 ), (104,0), changes: -0.028, -1 last seen:(104,0) globalposderived: (104,0)
 104: turnWithBall: turn since ball will be kickable in t+1
(b)r: 0.576511 phi: -178.973 vel: ( 0.0219258, -0.00261601 ) (105,0) rel: ( -0.576419, -0.0103368 ), (105,0) global: ( 11.8302, 7.90089 ), (105,0), changes: -0.028, -1 last seen:(104,0) globalposderived: (104,0)
 105: kick results in collision, change velDes from (0.866191,-0.105632)
 105: ball (11.830166,7.900888), agent (12.403486,7.840309), to (17.365586,7.225844) ang -7.059092 -7.059092
 105: relpos body (0.576511,-178.972637), vel. ball:(0.021926,-0.002616) dist: 1.139646 (0.300000,0.085000,0.754646)
 105: point good and can reach point 50.569499
(b)r: 0.374579 phi: -1.56627 vel: ( 0.887043, -0.109751 ) (106,0) rel: ( 0.374439, -0.0102384 ), (106,0) global: ( 12.7738, 7.78413 ), (106,0), changes: -0.028, -1 last seen:(104,0) globalposderived: (104,0)
 106: ball (12.773829,7.784132), agent (12.403486,7.840309), to (17.365586,7.225844) ang -7.059092 -7.059092
 106: relpos body (0.374579,-1.566272), vel. ball:(0.887043,-0.109751) dist: 1.139646 (0.300000,0.085000,0.754646)
 106: point good and can reach point 4.541692
 106: 2 pos: ball(11.917063,7.727158), ball_prev(11.806841,7.903671), agentdiff(-0.413708,0.280184)
 106: direction old: -23.219511, new: -100.473835
(b)r: 0.4 phi: -93 vel: ( 0.887043, -0.109751 ) (106,0) rel: ( -0.0209344, -0.399452 ), (106,0) global: ( 11.9171, 7.72716 ), (106,0), changes: -0.028, -1 last seen:(106,0) globalposderived: (106,0)
 106: ball (11.917063,7.727158), agent (11.989778,8.120493), to (16.947300,7.470126) ang -7.473835 -7.473835
 106: relpos body (0.400000,-93.000000), vel. ball:(0.887043,-0.109751) dist: 1.139646 (0.300000,0.085000,0.754646)
 106: point good and can reach point 4.105997
(b)r: 0.52954 phi: -49.4077 vel: ( 0, 0 ) (107,0) rel: ( 0.344558, -0.402111 ), (107,0) global: ( 12.8041, 7.61741 ), (107,0), changes: -0.028, -1 last seen:(106,0) globalposderived: (106,0)
 107: ball (12.804106,7.617407), agent (12.514780,8.060919), to (17.472302,7.410552) ang -7.473835 -7.473835
 107: relpos body (0.529540,-49.407651), vel. ball:(0.000000,0.000000) dist: 1.139646 (0.300000,0.085000,0.754646)
 107: point good and can reach point 34.385824
 107: 2 pos: ball(11.355029,7.943548), ball_prev(11.917063,7.727158), agentdiff(0.110563,0.158859)
 107: vel based on 2 pos: (-0.632241,0.054079)
 107: direction old: -73.470925, new: -167.731979
(b)r: 1.3 phi: -160 vel: ( 0, 0 ) (107,0) rel: ( -1.2216, -0.444626 ), (107,0) global: ( 11.355, 7.94355 ), (107,0), changes: -0.028, -1 last seen:(107,0) globalposderived: (107,0)
(b)r: 1.50242 phi: -162.491 vel: ( 0, 0 ) (108,0) rel: ( -1.43282, -0.452002 ), (108,0) global: ( 11.355, 7.94355 ), (108,0), changes: -0.028, -1 last seen:(107,0) globalposderived: (107,0)
(b)r: 1.5778 phi: -30.4368 vel: ( 0, 0 ) (109,0) rel: ( 1.36036, -0.799292 ), (109,0) global: ( 11.355, 7.94355 ), (109,0), changes: -0.028, -1 last seen:(107,0) globalposderived: (107,0)
(b)r: 1.81791 phi: 14.4101 vel: ( 1.62464, -0.411905 ) (514,0) rel: ( 1.76072, 0.452406 ), (514,0) global: ( -3.49665, -0.30863 ), (514,0), changes: -1.92, 4.3 last seen:(512,0) globalposderived: (512,0)
 514: direction old: -163.603971, new: -158.530598
(b)r: 1.6 phi: 17 vel: ( 1.54846, -0.393572 ) (514,0) rel: ( 1.53009, 0.467795 ), (514,0) global: ( -3.17828, -0.362441 ), (514,0), changes: -1.312, 32.2 last seen:(514,0) globalposderived: (514,0)
(b)r: 0.970373 phi: 93.6201 vel: ( 1.45555, -0.369957 ) (515,0) rel: ( -0.0612697, 0.968437 ), (515,0) global: ( -1.62983, -0.756013 ), (515,0), changes: -1.312, 32.2 last seen:(514,0) globalposderived: (514,0)
 515: turnWithBall: kick ball close to desired turnangle -0.216132
 515: (kick 94.755374 -54.306247), vecDesired (0.340014,0.951822) 175.314466 posDes(-1.289812,0.195809)
 515: 2 pos: ball(-1.640055,-0.970973), ball_prev(-3.178282,-0.362441), agentdiff(0.069145,-0.177314)
 515: vel based on 2 pos: (1.380938,-0.405345)
 515: direction old: -85.082262, new: -86.722208
(b)r: 1 phi: 89 vel: ( 1.38094, -0.405345 ) (515,0) rel: ( 0.0174524, 0.999848 ), (515,0) global: ( -1.64005, -0.970973 ), (515,0), changes: -1.312, 32.2 last seen:(515,0) globalposderived: (515,0)
 515: turnWithBall: kick ball close to desired turnangle -0.028957
 515: (kick 93.361040 -59.729389), vecDesired (0.419368,0.991218) 175.693251 posDes(-1.220687,0.020245)
(b)r: 0.372509 phi: 160.916 vel: ( 0.260615, 0.843275 ) (516,0) rel: ( -0.352036, 0.121793 ), (516,0) global: ( -1.3628, -0.0738718 ), (516,0), changes: -1.312, 32.2 last seen:(515,0) globalposderived: (515,0)
 516: turnWithBall: kick ball away from opp at ang 42.451671
 516: (kick 70.358404 43.129469), vecDesired (-0.743034,-0.248462) 38.173879 posDes(-2.105838,-0.322334)
(b)r: 0.50731 phi: 37.1744 vel: ( -0.695951, -0.226203 ) (517,0) rel: ( 0.404225, 0.306539 ), (517,0) global: ( -2.10318, -0.314514 ), (517,0), changes: -1.312, 32.2 last seen:(515,0) globalposderived: (515,0)
 517: turnWithBall: freeze ball
 517: 2 pos: ball(-1.711230,-0.208441), ball_prev(-1.640055,-0.970973), agentdiff(-0.061122,0.163548)
 517: direction old: -122.578892, new: -79.508391
(b)r: 0.4 phi: 96 vel: ( -0.695951, -0.226203 ) (517,0) rel: ( -0.0418114, 0.397809 ), (517,0) global: ( -1.71123, -0.208441 ), (517,0), changes: -1.312, 32.2 last seen:(517,0) globalposderived: (517,0)
 517: turnWithBall: turn since ball will be kickable in t+1
(b)r: 0.878676 phi: -134.971 vel: ( -0.654193, -0.212631 ) (518,0) rel: ( -0.621, -0.621635 ), (518,0) global: ( -2.40718, -0.434645 ), (518,0), changes: -1.312, 32.2 last seen:(517,0) globalposderived: (517,0)
 518: ball (-2.407180,-0.434645), agent (-1.784066,0.184871), to (3.215905,0.167843) ang -0.195127 -0.195127
 518: relpos body (0.878676,-134.970763), vel. ball:(-0.654193,-0.212631) dist: 1.139646 (0.300000,0.085000,0.754646)
 518: point good and can reach point 88.582257
 518: 2 pos: ball(-2.169516,-0.577645), ball_prev(-1.711230,-0.208441), agentdiff(-0.007072,-0.173593)
 518: vel based on 2 pos: (-0.424141,-0.183874)
 518: direction old: -144.101044, new: -122.720354
(b)r: 0.7 phi: -116 vel: ( -0.424141, -0.183874 ) (518,0) rel: ( -0.30686, -0.629156 ), (518,0) global: ( -2.16952, -0.577645 ), (518,0), changes: -1.312, 32.2 last seen:(518,0) globalposderived: (518,0)
 518: ball (-2.169516,-0.577645), agent (-1.791138,0.011278), to (3.174507,-0.573840) ang -6.720354 -6.720354
 518: relpos body (0.700000,-116.000000), vel. ball:(-0.424141,-0.183874) dist: 1.139646 (0.300000,0.085000,0.754646)
 518: point good and can reach point 63.430867
(b)r: 1.13687 phi: -27.6956 vel: ( 1.23727, -0.050417 ) (519,0) rel: ( 1.00662, -0.52839 ), (519,0) global: ( -0.853267, -0.63128 ), (519,0), changes: -1.312, 32.2 last seen:(518,0) globalposderived: (518,0)
(b)r: 1.7948 phi: -14.2709 vel: ( 1.16304, -0.047392 ) (520,0) rel: ( 1.73942, -0.442431 ), (520,0) global: ( 0.384006, -0.681697 ), (520,0), changes: -1.312, 32.2 last seen:(518,0) globalposderived: (518,0)
 520: direction old: -32.820953, new: -35.933331
 542: direction old: -9.149456, new: -5.754226
(b)r: 1.96925 phi: -1.59779 vel: ( 0.293512, -0.0350484 ) (543,0) rel: ( 1.96849, -0.0549087 ), (543,0) global: ( 15.7842, -3.53446 ), (543,0), changes: 0, -0.1 last seen:(542,0) globalposderived: (542,0)
(b)r: 1.44595 phi: -2.02988 vel: ( 0.275901, -0.0329455 ) (544,0) rel: ( 1.44505, -0.0512167 ), (544,0) global: ( 16.0777, -3.56951 ), (544,0), changes: 0, -0.1 last seen:(542,0) globalposderived: (542,0)
 544: direction old: -0.626110, new: -6.613930
(b)r: 1.5 phi: -2 vel: ( 0.277005, -0.0325085 ) (544,0) rel: ( 1.49909, -0.0523492 ), (544,0) global: ( 16.0956, -3.72619 ), (544,0), changes: -0.03, -0.2 last seen:(544,0) globalposderived: (544,0)
(b)r: 0.909454 phi: -4.90014 vel: ( 0.260385, -0.030558 ) (545,0) rel: ( 0.90613, -0.0776849 ), (545,0) global: ( 16.3726, -3.75869 ), (545,0), changes: -0.03, -0.2 last seen:(544,0) globalposderived: (544,0)
 545: ball (16.372607,-3.758695), agent (15.475662,-3.608372), to (20.459459,-4.010578) ang -4.613930 -4.613930
 545: relpos body (0.909454,-4.900138), vel. ball:(0.260385,-0.030558) dist: 1.139646 (0.300000,0.085000,0.754646)
 545: point good and can reach point 23.026701
 545: direction old: -14.028055, new: -10.707303
(b)r: 0.9 phi: -6 vel: ( 0.257869, -0.0277483 ) (545,0) rel: ( 0.89507, -0.0940756 ), (545,0) global: ( 16.4948, -3.7355 ), (545,0), changes: -0.072, -1.1 last seen:(545,0) globalposderived: (545,0)
 545: ball (16.494850,-3.735502), agent (15.610519,-3.568289), to (20.593654,-3.978617) ang -4.707303 -4.707303
 545: relpos body (0.900000,-6.000000), vel. ball:(0.257869,-0.027748) dist: 1.139646 (0.300000,0.085000,0.754646)
 545: point good and can reach point 23.101575
(b)r: 1.34899 phi: -3.04717 vel: ( 0.721146, -0.0487217 ) (546,0) rel: ( 1.34708, -0.0717098 ), (546,0) global: ( 17.262, -3.78733 ), (546,0), changes: -0.072, -1.1 last seen:(545,0) globalposderived: (545,0)
(b)r: 1.46308 phi: -1.56194 vel: ( 0, 0 ) (547,0) rel: ( 1.46254, -0.0398801 ), (547,0) global: ( 17.9832, -3.83605 ), (547,0), changes: -0.072, -1.1 last seen:(545,0) globalposderived: (545,0)
 547: direction old: 1.297729, new: -31.388314
(b)r: 1.77852 phi: 1.31662 vel: ( 0, 0 ) (548,0) rel: ( 1.77805, 0.0408657 ), (548,0) global: ( 18.1148, -4.91342 ), (548,0), changes: 1.04, -11.7 last seen:(547,0) globalposderived: (547,0)
 548: direction old: -42.556822, new: -36.887652
(b)r: 1.8 phi: -2 vel: ( 0, 0 ) (548,0) rel: ( 1.7989, -0.0628191 ), (548,0) global: ( 18.1801, -4.73193 ), (548,0), changes: 0.072, -2.4 last seen:(548,0) globalposderived: (548,0)
(b)r: 1.19049 phi: -4.79073 vel: ( 0, 0 ) (549,0) rel: ( 1.18633, -0.0994254 ), (549,0) global: ( 18.1801, -4.73193 ), (549,0), changes: 0.072, -2.4 last seen:(548,0) globalposderived: (548,0)
(b)r: 0.682834 phi: -8.19516 vel: ( 0, 0 ) (550,0) rel: ( 0.675861, -0.0973348 ), (550,0) global: ( 18.1801, -4.73193 ), (550,0), changes: 0.072, -2.4 last seen:(548,0) globalposderived: (548,0)
 550: direction old: -27.089937, new: -48.501006
(b)r: 1.1 phi: -14 vel: ( 0.083926, -0.105574 ) (550,0) rel: ( 1.06733, -0.266114 ), (550,0) global: ( 18.4326, -5.31213 ), (550,0), changes: 0.154, -0.1 last seen:(550,0) globalposderived: (550,0)
 550: turnWithBall: kick ball close to desired turnangle 7.349830
 550: (kick 52.655431 142.567071), vecDesired (-0.243957,0.899601) 41.850836 posDes(18.188632,-4.412531)
(b)r: 0.2 phi: 42.081 vel: ( 0.0216233, -0.0836831 ) (551,0) rel: ( 0.14844, 0.134036 ), (551,0) global: ( 17.902, -4.46189 ), (551,0), changes: 0.154, -0.1 last seen:(550,0) globalposderived: (550,0)
 551: turnWithBall: turn since ball will be kickable in t+1
 551: direction old: 7.580032, new: 8.498994
(b)r: 0.5 phi: 43 vel: ( -0.24215, 0.876169 ) (551,0) rel: ( 0.365677, 0.340999 ), (551,0) global: ( 18.1982, -4.41437 ), (551,0), changes: -0.11, 103.4 last seen:(551,0) globalposderived: (551,0)
 551: turnWithBall: freeze ball
(b)r: 0.98301 phi: 67.7746 vel: ( -0.227621, 0.823599 ) (552,0) rel: ( 0.371825, 0.909975 ), (552,0) global: ( 17.9561, -3.5382 ), (552,0), changes: -0.11, 103.4 last seen:(551,0) globalposderived: (551,0)
 552: ball (17.956081,-3.538203), agent (17.703722,-4.488268), to (22.662640,-3.848632) ang 7.349830 7.349830
 552: relpos body (0.983010,67.774590), vel. ball:(-0.227621,0.823599) dist: 1.139646 (0.300000,0.085000,0.754646)
 552: point good and can reach point 71.454216
(b)r: 1.40282 phi: 32.9812 vel: ( 0.768012, -0.0396272 ) (553,0) rel: ( 1.17675, 0.763644 ), (553,0) global: ( 18.7731, -3.58036 ), (553,0), changes: -0.11, 103.4 last seen:(551,0) globalposderived: (551,0)
 553: direction old: 32.434523, new: 37.715524
(b)r: 1.2 phi: 35 vel: ( 0.646902, -0.169577 ) (553,0) rel: ( 0.982982, 0.688292 ), (553,0) global: ( 18.7302, -3.47677 ), (553,0), changes: 0.408, -25.3 last seen:(553,0) globalposderived: (553,0)
(b)r: 1.69306 phi: -18.2385 vel: ( 0.608088, -0.159402 ) (554,0) rel: ( 1.608, -0.529882 ), (554,0) global: ( 19.3771, -3.64635 ), (554,0), changes: 0.408, -25.3 last seen:(553,0) globalposderived: (553,0)
 554: direction old: 13.857382, new: 20.355486
(b)r: 1.8 phi: -13 vel: ( 0.636894, -0.148883 ) (554,0) rel: ( 1.75387, -0.404912 ), (554,0) global: ( 19.4395, -3.42114 ), (554,0), changes: 0.576, -11.5 last seen:(554,0) globalposderived: (554,0)
 562: direction old: -13.428505, new: -7.874433
(b)r: 1.32841 phi: -1.65626 vel: ( 0, 0 ) (563,0) rel: ( 1.32785, -0.0383953 ), (563,0) global: ( 22.9376, -4.45473 ), (563,0), changes: -0.308, 0 last seen:(562,0) globalposderived: (562,0)
 563: direction old: -2.417089, new: -7.629695
(b)r: 1.3 phi: -1 vel: ( 0, 0 ) (563,0) rel: ( 1.2998, -0.0226881 ), (563,0) global: ( 22.8228, -4.56809 ), (563,0), changes: -0.312, 0 last seen:(563,0) globalposderived: (563,0)
(b)r: 0.2 phi: -2.9555 vel: ( 0, 0 ) (564,0) rel: ( 0.199734, -0.0103121 ), (564,0) global: ( 22.5861, -4.52812 ), (564,0), changes: -0.312, 0 last seen:(563,0) globalposderived: (563,0)
(b)r: 0.275534 phi: 176.968 vel: ( 0, 0 ) (565,0) rel: ( -0.275148, 0.0145754 ), (565,0) global: ( 22.5861, -4.52812 ), (565,0), changes: -0.312, 0 last seen:(563,0) globalposderived: (563,0)
 565: 2 pos: ball(22.061778,-4.127807), ball_prev(22.822827,-4.568093), agentdiff(0.088819,-0.206970)
 565: direction old: 144.911681, new: 143.550039
(b)r: 1.1 phi: 150 vel: ( 0, 0 ) (565,0) rel: ( -0.952628, 0.55 ), (565,0) global: ( 22.0618, -4.12781 ), (565,0), changes: -0.312, 0 last seen:(565,0) globalposderived: (565,0)
(b)r: 0.82897 phi: 137.318 vel: ( 0, 0 ) (566,0) rel: ( -0.609396, 0.561986 ), (566,0) global: ( 22.0618, -4.12781 ), (566,0), changes: -0.312, 0 last seen:(565,0) globalposderived: (565,0)
 566: 2 pos: ball(20.502994,-5.211714), ball_prev(22.061778,-4.127807), agentdiff(-0.061864,0.368290)
 566: vel based on 2 pos: (-1.407105,-1.365066)
 566: direction old: 151.713939, new: -157.966924
 658: direction old: 63.747576, new: 64.035500
 659: direction old: 65.895784, new: 65.822708
(b)r: 1.95292 phi: 5.20125 vel: ( 0.0578859, 0.220702 ) (660,0) rel: ( 1.94488, 0.177041 ), (660,0) global: ( 16.5537, 5.74537 ), (660,0), changes: 0, 1.3 last seen:(659,0) globalposderived: (659,0)
(b)r: 1.89698 phi: 0.207373 vel: ( 0.0544128, 0.20746 ) (661,0) rel: ( 1.89697, 0.0068658 ), (661,0) global: ( 16.6116, 5.96608 ), (661,0), changes: 0, 1.3 last seen:(659,0) globalposderived: (659,0)
 661: direction old: 74.794569, new: 71.685125
(b)r: 1.8 phi: 1 vel: ( 0.0549975, 0.207373 ) (661,0) rel: ( 1.79973, 0.0314143 ), (661,0) global: ( 16.6989, 5.91498 ), (661,0), changes: 0.108, 1.3 last seen:(661,0) globalposderived: (661,0)
(b)r: 1.38041 phi: 1.99698 vel: ( 0.0516977, 0.194931 ) (662,0) rel: ( 1.37957, 0.0481029 ), (662,0) global: ( 16.7539, 6.12236 ), (662,0), changes: 0.108, 1.3 last seen:(661,0) globalposderived: (661,0)
 662: direction old: 72.537539, new: 72.700502
(b)r: 1.3 phi: 2 vel: ( 0.0480297, 0.188934 ) (662,0) rel: ( 1.29921, 0.0453693 ), (662,0) global: ( 16.7263, 6.04686 ), (662,0), changes: -0.052, 0.9 last seen:(662,0) globalposderived: (662,0)
(b)r: 0.676268 phi: 4.08624 vel: ( 0.045148, 0.177598 ) (663,0) rel: ( 0.674549, 0.0481895 ), (663,0) global: ( 16.7743, 6.23579 ), (663,0), changes: -0.052, 0.9 last seen:(662,0) globalposderived: (662,0)
 663: turnWithBall: kick ball away from opp at ang 22.178154
 663: (kick 38.709169 160.058233), vecDesired (-0.548452,-0.549158) 131.477652 posDes(16.225873,5.686633)
(b)r: 0.475061 phi: 128.999 vel: ( -0.506003, -0.503136 ) (664,0) rel: ( -0.298962, 0.369195 ), (664,0) global: ( 16.236, 5.70054 ), (664,0), changes: -0.052, 0.9 last seen:(662,0) globalposderived: (662,0)
 664: turnWithBall: freeze ball
 664: 2 pos: ball(16.205378,5.712648), ball_prev(16.726295,6.046857), agentdiff(0.011362,-0.044974)
 664: direction old: -165.903577, new: -168.105025
(b)r: 0.5 phi: 121 vel: ( -0.506003, -0.503136 ) (664,0) rel: ( -0.257519, 0.428584 ), (664,0) global: ( 16.2054, 5.71265 ), (664,0), changes: -0.052, 0.9 last seen:(664,0) globalposderived: (664,0)
 664: turnWithBall: freeze ball
(b)r: 0.566383 phi: 130.586 vel: ( -0.00464199, -0.00366985 ) (665,0) rel: ( -0.368482, 0.430128 ), (665,0) global: ( 16.2004, 5.70874 ), (665,0), changes: -0.052, 0.9 last seen:(664,0) globalposderived: (664,0)
 665: turnWithBall: turn since ball will be kickable in t+1
 665: 2 pos: ball(16.253785,5.755626), ball_prev(16.205378,5.712648), agentdiff(-0.000184,0.000060)
 665: vel based on 2 pos: (0.045676,0.040343)
 665: direction old: -158.506504, new: -161.266536
(b)r: 0.5 phi: 128 vel: ( 0.0456759, 0.0403431 ) (665,0) rel: ( -0.307831, 0.394005 ), (665,0) global: ( 16.2538, 5.75563 ), (665,0), changes: -0.052, 0.9 last seen:(665,0) globalposderived: (665,0)
 665: turnWithBall: turn since ball will be kickable in t+1
(b)r: 0.477177 phi: -151.141 vel: ( 0, 0 ) (666,0) rel: ( -0.417915, -0.230314 ), (666,0) global: ( 16.2995, 5.79597 ), (666,0), changes: -0.052, 0.9 last seen:(665,0) globalposderived: (665,0)
 666: ball (16.299461,5.795969), agent (16.745370,5.965859), to (21.696680,5.269774) ang -8.002543 -8.002543
 666: relpos body (0.477177,-151.140790), vel. ball:(0.000000,0.000000) dist: 1.139646 (0.300000,0.085000,0.754646)
 666: point good and can reach point 42.550194
(b)r: 0.486054 phi: -24.3305 vel: ( 0.805206, -0.0846667 ) (667,0) rel: ( 0.442885, -0.200254 ), (667,0) global: ( 17.1561, 5.7059 ), (667,0), changes: -0.052, 0.9 last seen:(665,0) globalposderived: (665,0)
 667: ball (17.156064,5.705898), agent (16.745370,5.965859), to (21.696680,5.269774) ang -8.002543 -8.002543
 667: relpos body (0.486054,-24.330451), vel. ball:(0.805206,-0.084667) dist: 1.139646 (0.300000,0.085000,0.754646)
 667: point good and can reach point 1.558921
 667: 2 pos: ball(16.832154,5.515634), ball_prev(16.253785,5.755626), agentdiff(-0.134268,-0.116855)
 667: direction old: -14.713577, new: -56.452329
(b)r: 0.4 phi: -49 vel: ( 0.805206, -0.0846667 ) (667,0) rel: ( 0.262424, -0.301884 ), (667,0) global: ( 16.8322, 5.51563 ), (667,0), changes: -0.052, 0.9 last seen:(667,0) globalposderived: (667,0)
 667: ball (16.832154,5.515634), agent (16.611102,5.849004), to (21.568868,5.200498) ang -7.452329 -7.452329
 667: relpos body (0.400000,-49.000000), vel. ball:(0.805206,-0.084667) dist: 1.139646 (0.300000,0.085000,0.754646)
 667: point good and can reach point 1.317998
(b)r: 0.588639 phi: -28.5582 vel: ( 0.756894, -0.0795867 ) (668,0) rel: ( 0.517021, -0.281399 ), (668,0) global: ( 17.6374, 5.43097 ), (668,0), changes: -0.052, 0.9 last seen:(667,0) globalposderived: (667,0)
 668: ball (17.637361,5.430967), agent (17.161205,5.777047), to (22.118971,5.128541) ang -7.452329 -7.452329
 668: relpos body (0.588639,-28.558157), vel. ball:(0.756894,-0.079587) dist: 1.139646 (0.300000,0.085000,0.754646)
 668: point good and can reach point 1.257790
 668: 2 pos: ball(16.781348,5.747496), ball_prev(16.832154,5.515634), agentdiff(0.052699,0.221237)
 668: vel based on 2 pos: (-0.097295,0.009988)
 668: direction old: -53.261626, new: -149.895639
(b)r: 0.5 phi: -142 vel: ( -0.0972953, 0.00998783 ) (668,0) rel: ( -0.394005, -0.307831 ), (668,0) global: ( 16.7813, 5.7475 ), (668,0), changes: -0.052, 0.9 last seen:(668,0) globalposderived: (668,0)
 668: kick results in collision, change velDes from (0.817576,-0.066202)
 668: ball (16.781348,5.747496), agent (17.213904,5.998284), to (22.166504,5.311438) ang -7.895639 -7.895639
 668: relpos body (0.500000,-142.000000), vel. ball:(-0.097295,0.009988) dist: 1.139646 (0.300000,0.085000,0.754646)
 668: point good and can reach point 43.285615
(b)r: 1.27021 phi: -165.813 vel: ( 0, 0 ) (669,0) rel: ( -1.23147, -0.311303 ), (669,0) global: ( 16.6841, 5.75748 ), (669,0), changes: -0.052, 0.9 last seen:(668,0) globalposderived: (668,0)
(b)r: 1.55321 phi: -90.1439 vel: ( 0, 0 ) (670,0) rel: ( -0.0039014, -1.5532 ), (670,0) global: ( 16.6841, 5.75748 ), (670,0), changes: -0.052, 0.9 last seen:(668,0) globalposderived: (668,0)
 670: 2 pos: ball(16.153341,6.275208), ball_prev(16.781348,5.747496), agentdiff(0.082273,0.019216)
 670: direction old: -175.912481, new: 169.496007
 671: direction old: 165.641645, new: 167.328856
(b)r: 1.99843 phi: 4.50225 vel: ( 0, 0 ) (672,0) rel: ( 1.99226, 0.156873 ), (672,0) global: ( 15.8822, 6.26864 ), (672,0), changes: 0.05, 0.4 last seen:(671,0) globalposderived: (671,0)
(b)r: 1.28855 phi: 6.99278 vel: ( 0, 0 ) (673,0) rel: ( 1.27896, 0.156873 ), (673,0) global: ( 15.8822, 6.26864 ), (673,0), changes: 0.05, 0.4 last seen:(671,0) globalposderived: (671,0)
 673: direction old: 178.307188, new: 174.493004
 682: direction old: 171.704968, new: 171.707281
 683: direction old: 165.897211, new: 170.561520
 685: direction old: 173.669041, new: 169.665606
 686: direction old: 167.241877, new: 166.731012
 688: direction old: 163.101432, new: 165.690843
 689: direction old: 173.591772, new: 164.128553
(b)r: 1.94733 phi: -6.1517 vel: ( -0.228513, 0.0349514 ) (690,0) rel: ( 1.93611, -0.208678 ), (690,0) global: ( 7.37088, 7.08941 ), (690,0), changes: 0.264, 0.8 last seen:(689,0) globalposderived: (689,0)
(b)r: 1.45805 phi: -10.9606 vel: ( -0.214802, 0.0328543 ) (691,0) rel: ( 1.43145, -0.277225 ), (691,0) global: ( 7.14237, 7.12436 ), (691,0), changes: 0.264, 0.8 last seen:(689,0) globalposderived: (689,0)
 691: direction old: 154.442628, new: 159.029450
(b)r: 1.5 phi: -10 vel: ( -0.240628, 0.0404141 ) (691,0) rel: ( 1.47721, -0.260472 ), (691,0) global: ( 6.95781, 7.07965 ), (691,0), changes: -0.03, -1.1 last seen:(691,0) globalposderived: (691,0)
(b)r: 1.48303 phi: 5.26137 vel: ( -0.22619, 0.0379892 ) (692,0) rel: ( 1.47679, 0.135993 ), (692,0) global: ( 6.71718, 7.12007 ), (692,0), changes: -0.03, -1.1 last seen:(691,0) globalposderived: (691,0)
 692: direction old: 161.243102, new: 158.478823
(b)r: 1.5 phi: 6 vel: ( -0.190548, 0.0266215 ) (692,0) rel: ( 1.49178, 0.156793 ), (692,0) global: ( 6.91064, 7.13077 ), (692,0), changes: 0.09, 0.8 last seen:(692,0) globalposderived: (692,0)
(b)r: 1.05676 phi: 10.2503 vel: ( -0.179115, 0.0250242 ) (693,0) rel: ( 1.03989, 0.188048 ), (693,0) global: ( 6.72009, 7.15739 ), (693,0), changes: 0.09, 0.8 last seen:(692,0) globalposderived: (692,0)
 693: turnWithBall: freeze ball
(b)r: 0.2 phi: 10.3231 vel: ( 0.0014737, -0.000323906 ) (694,0) rel: ( 0.196763, 0.0358398 ), (694,0) global: ( 7.53814, 6.90278 ), (694,0), changes: 0.09, 0.8 last seen:(692,0) globalposderived: (692,0)
 694: turnWithBall: turn since ball will be kickable in t+1
 694: direction old: 69.253110, new: 158.166471
(b)r: 0.7 phi: 6 vel: ( -0.0152508, 0.0104359 ) (694,0) rel: ( 0.696165, 0.0731699 ), (694,0) global: ( 6.72013, 6.71903 ), (694,0), changes: 0.028, -0.4 last seen:(694,0) globalposderived: (694,0)
 694: turnWithBall: turn since ball will be kickable in t+1
(b)r: 0.718049 phi: 172.952 vel: ( -0.0143357, 0.00980973 ) (695,0) rel: ( -0.712623, 0.0881093 ), (695,0) global: ( 6.70488, 6.72947 ), (695,0), changes: 0.028, -0.4 last seen:(694,0) globalposderived: (694,0)
 695: kick results in collision, change velDes from (0.838850,-0.240366)
 695: ball (6.704882,6.729465), agent (7.369920,6.458691), to (12.197156,5.155696) ang -15.105607 -15.105607
 695: relpos body (0.718049,172.951676), vel. ball:(-0.014336,0.009810) dist: 1.139646 (0.300000,0.085000,0.754646)
 695: point good and can reach point 63.608401
 695: 2 pos: ball(6.709777,7.059617), ball_prev(6.720132,6.719029), agentdiff(0.015525,0.172588)
 695: vel based on 2 pos: (-0.024328,0.157919)
 695: direction old: 171.790550, new: 147.627526
(b)r: 0.8 phi: 152 vel: ( -0.0243275, 0.157919 ) (695,0) rel: ( -0.706358, 0.375577 ), (695,0) global: ( 6.70978, 7.05962 ), (695,0), changes: 0.028, -0.4 last seen:(695,0) globalposderived: (695,0)
 695: kick results in collision, change velDes from (0.863821,-0.123526)
 695: ball (6.709777,7.059617), agent (7.385446,6.631280), to (12.370893,6.250080) ang -4.372474 -4.372474
 695: relpos body (0.800000,152.000000), vel. ball:(-0.024328,0.157919) dist: 1.139646 (0.300000,0.085000,0.754646)
 695: point good and can reach point 66.577246
(b)r: 0.628785 phi: 54.4907 vel: ( 1.01412, 0.0509226 ) (696,0) rel: ( 0.36522, 0.511844 ), (696,0) global: ( 7.78863, 7.11379 ), (696,0), changes: 0.028, -0.4 last seen:(695,0) globalposderived: (695,0)
 696: ball (7.788626,7.113790), agent (7.385446,6.631280), to (12.370893,6.250080) ang -4.372474 -4.372474
 696: relpos body (0.628785,54.490687), vel. ball:(1.014118,0.050923) dist: 1.139646 (0.300000,0.085000,0.754646)
 696: point good and can reach point 12.758353
(b)r: 1.26956 phi: 19.9735 vel: ( 0.770428, -0.132613 ) (697,0) rel: ( 1.19319, 0.433663 ), (697,0) global: ( 8.60823, 6.97271 ), (697,0), changes: 0.028, -0.4 last seen:(695,0) globalposderived: (695,0)
 697: 2 pos: ball(7.395026,7.031165), ball_prev(6.709777,7.059617), agentdiff(0.000000,0.000000)
 697: direction old: 15.601053, new: 88.627526
(b)r: 0.4 phi: 93 vel: ( 0.770428, -0.132613 ) (697,0) rel: ( -0.0209344, 0.399452 ), (697,0) global: ( 7.39503, 7.03116 ), (697,0), changes: 0.028, -0.4 last seen:(697,0) globalposderived: (697,0)
 697: ball (7.395026,7.031165), agent (7.385446,6.631280), to (12.370893,6.250080) ang -4.372474 -4.372474
 697: relpos body (0.400000,93.000000), vel. ball:(0.770428,-0.132613) dist: 1.139646 (0.300000,0.085000,0.754646)
 697: point good and can reach point 1.722375
(b)r: 0.847467 phi: 22.9773 vel: ( 0.745983, -0.12174 ) (698,0) rel: ( 0.780229, 0.330822 ), (698,0) global: ( 8.18863, 6.90165 ), (698,0), changes: 0.028, -0.4 last seen:(697,0) globalposderived: (697,0)
 698: ball (8.188626,6.901655), agent (7.385446,6.631280), to (12.370893,6.250080) ang -4.372474 -4.372474
 698: relpos body (0.847467,22.977275), vel. ball:(0.745983,-0.121740) dist: 1.139646 (0.300000,0.085000,0.754646)
 698: point good and can reach point 0.734170
 698: 2 pos: ball(7.332353,7.027740), ball_prev(7.395026,7.031165), agentdiff(0.000000,0.000000)
 698: vel based on 2 pos: (-0.058913,-0.003219)
 698: direction old: 18.604801, new: 97.627526
(b)r: 0.4 phi: 102 vel: ( -0.0589134, -0.00321902 ) (698,0) rel: ( -0.0831647, 0.391259 ), (698,0) global: ( 7.33235, 7.02774 ), (698,0), changes: 0.028, -0.4 last seen:(698,0) globalposderived: (698,0)
 698: ball (7.332353,7.027740), agent (7.385446,6.631280), to (12.370893,6.250080) ang -4.372474 -4.372474
 698: relpos body (0.400000,102.000000), vel. ball:(-0.058913,-0.003219) dist: 1.139646 (0.300000,0.085000,0.754646)
 698: point good and can reach point 38.109259
(b)r: 0.772049 phi: 150.211 vel: ( 0, 0 ) (699,0) rel: ( -0.670032, 0.383558 ), (699,0) global: ( 7.27344, 7.02452 ), (699,0), changes: 0.028, -0.4 last seen:(698,0) globalposderived: (698,0)
 699: kick results in collision, change velDes from (0.863594,-0.125099)
 699: ball (7.273439,7.024521), agent (7.912279,6.590997), to (12.897726,6.209797) ang -4.372474 -4.372474
 699: relpos body (0.772049,150.211149), vel. ball:(0.000000,0.000000) dist: 1.139646 (0.300000,0.085000,0.754646)
 699: point good and can reach point 60.284062
(b)r: 0.937057 phi: 155.838 vel: ( 0, 0 ) (700,0) rel: ( -0.854962, 0.383558 ), (700,0) global: ( 7.27344, 7.02452 ), (700,0), changes: 0.028, -0.4 last seen:(698,0) globalposderived: (698,0)
 700: kick results in collision, change velDes from (0.863859,-0.123262)
 700: ball (7.273439,7.024521), agent (8.096670,6.576898), to (13.082118,6.195697) ang -4.372474 -4.372474
 700: relpos body (0.937057,155.837771), vel. ball:(0.000000,0.000000) dist: 1.139646 (0.300000,0.085000,0.754646)
 700: point good and can reach point 30.410746
 700: 2 pos: ball(5.695181,7.299923), ball_prev(7.332353,7.027740), agentdiff(-0.028272,-0.063002)
 700: direction old: 147.286155, new: 161.674734
 853: direction old: -66.564384, new: -66.249821
 854: 2 pos: ball(17.899751,-8.372894), ball_prev(18.328172,-8.403026), agentdiff(-0.002866,-0.005745)
 854: vel based on 2 pos: (-0.400022,0.033725)
 854: direction old: -78.931443, new: -78.115776
(b)r: 2 phi: 123 vel: ( -0.400022, 0.0337248 ) (854,0) rel: ( -1.08928, 1.67734 ), (854,0) global: ( 17.8998, -8.37289 ), (854,0), changes: -0.176, -11.6 last seen:(854,0) globalposderived: (854,0)
(b)r: 1.91018 phi: 110.786 vel: ( -0.37602, 0.0317013 ) (855,0) rel: ( -0.677873, 1.78586 ), (855,0) global: ( 17.4997, -8.33917 ), (855,0), changes: -0.176, -11.6 last seen:(854,0) globalposderived: (854,0)
(b)r: 1.91791 phi: 99.4738 vel: ( -0.353459, 0.0297992 ) (856,0) rel: ( -0.315681, 1.89175 ), (856,0) global: ( 17.1237, -8.30747 ), (856,0), changes: -0.176, -11.6 last seen:(854,0) globalposderived: (854,0)
 856: 2 pos: ball(17.835948,-7.980649), ball_prev(17.899751,-8.372894), agentdiff(-0.031383,0.008125)
 856: direction old: -100.675650, new: -77.122165
(b)r: 1.6 phi: 124 vel: ( 0, 0 ) (856,0) rel: ( -0.894709, 1.32646 ), (856,0) global: ( 17.8359, -7.98065 ), (856,0), changes: -0.176, -11.6 last seen:(856,0) globalposderived: (856,0)
(b)r: 1.6 phi: 124 vel: ( 0, 0 ) (857,0) rel: ( -0.894709, 1.32646 ), (857,0) global: ( 17.8359, -7.98065 ), (857,0), changes: -0.176, -11.6 last seen:(856,0) globalposderived: (856,0)
 857: 2 pos: ball(17.941473,-7.885209), ball_prev(17.835948,-7.980649), agentdiff(0.027059,-0.028795)
 857: vel based on 2 pos: (0.073758,0.116781)
 857: direction old: -77.852482, new: -73.139530
(b)r: 1.5 phi: 128 vel: ( 0, 0 ) (857,0) rel: ( -0.923492, 1.18202 ), (857,0) global: ( 17.9415, -7.88521 ), (857,0), changes: -0.176, -11.6 last seen:(857,0) globalposderived: (857,0)
(b)r: 1.5 phi: 128 vel: ( 0, 0 ) (858,0) rel: ( -0.923492, 1.18202 ), (858,0) global: ( 17.9415, -7.88521 ), (858,0), changes: -0.176, -11.6 last seen:(857,0) globalposderived: (857,0)
(b)r: 1.5 phi: 128 vel: ( 0, 0 ) (859,0) rel: ( -0.923492, 1.18202 ), (859,0) global: ( 17.9415, -7.88521 ), (859,0), changes: -0.176, -11.6 last seen:(857,0) globalposderived: (857,0)
 859: 2 pos: ball(18.205689,-8.108304), ball_prev(17.941473,-7.885209), agentdiff(0.000000,-0.000000)
 859: direction old: -73.139530, new: -67.139530
(b)r: 1.8 phi: 134 vel: ( 0, 0 ) (859,0) rel: ( -1.25039, 1.29481 ), (859,0) global: ( 18.2057, -8.1083 ), (859,0), changes: -0.176, -11.6 last seen:(859,0) globalposderived: (859,0)
(b)r: 1.8 phi: 134 vel: ( 0, 0 ) (860,0) rel: ( -1.25039, 1.29481 ), (860,0) global: ( 18.2057, -8.1083 ), (860,0), changes: -0.176, -11.6 last seen:(859,0) globalposderived: (859,0)
 860: 2 pos: ball(17.502757,-7.949683), ball_prev(18.205689,-8.108304), agentdiff(0.000000,0.000000)
 860: vel based on 2 pos: (-0.660756,0.149104)
 860: direction old: -67.139530, new: -90.139530
(b)r: 1.5 phi: 111 vel: ( 0, 0 ) (860,0) rel: ( -0.537552, 1.40037 ), (860,0) global: ( 17.5028, -7.94968 ), (860,0), changes: -0.176, -11.6 last seen:(860,0) globalposderived: (860,0)
(b)r: 1.75794 phi: 126.238 vel: ( 0, 0 ) (861,0) rel: ( -1.0392, 1.41789 ), (861,0) global: ( 17.5028, -7.94968 ), (861,0), changes: -0.176, -11.6 last seen:(860,0) globalposderived: (860,0)
 862: 2 pos: ball(16.104123,-7.734013), ball_prev(17.502757,-7.949683), agentdiff(-0.023253,0.043426)
 862: direction old: -60.151422, new: -98.053110
(b)r: 1.8 phi: 103 vel: ( 0, 0 ) (862,0) rel: ( -0.404912, 1.75387 ), (862,0) global: ( 16.1041, -7.73401 ), (862,0), changes: -0.176, -11.6 last seen:(862,0) globalposderived: (862,0)
 863: 2 pos: ball(15.236679,-7.977087), ball_prev(16.104123,-7.734013), agentdiff(-0.172135,-0.287930)
 863: vel based on 2 pos: (-0.653592,0.042165)
 863: direction old: -69.733066, new: -96.410669
 865: direction old: -76.673481, new: -99.012489
 866: direction old: -99.671568, new: -112.154940
(b)r: 1.81632 phi: -0.650591 vel: ( 0, 0 ) (868,0) rel: ( 1.81621, -0.0206239 ), (868,0) global: ( 13.7278, -7.68075 ), (868,0), changes: 0.2, -12.8 last seen:(866,0) globalposderived: (866,0)
 868: direction old: -111.485499, new: -143.411960
(b)r: 1.88876 phi: 15.8042 vel: ( 0.432171, -1.70374 ) (894,0) rel: ( 1.81736, 0.514405 ), (894,0) global: ( 0.827063, -1.02856 ), (894,0), changes: -1.998, 12.3 last seen:(893,0) globalposderived: (893,0)
(b)r: 1.54291 phi: 61.966 vel: ( 0.40624, -1.60152 ) (895,0) rel: ( 0.72516, 1.36188 ), (895,0) global: ( 1.25923, -2.7323 ), (895,0), changes: -1.998, 12.3 last seen:(893,0) globalposderived: (893,0)
 895: 2 pos: ball(1.325701,-2.576000), ball_prev(0.367307,0.783935), agentdiff(0.126201,0.173050)
 895: direction old: -139.060308, new: -141.729531
(b)r: 1.6 phi: 61 vel: ( 0.379034, -1.60915 ) (895,0) rel: ( 0.775695, 1.39939 ), (895,0) global: ( 1.3257, -2.576 ), (895,0), changes: -1.998, 12.3 last seen:(895,0) globalposderived: (895,0)
 896: direction old: -104.982883, new: -108.032314
 1003: direction old: 127.150824, new: 125.870471
(b)r: 1.44646 phi: -73.3453 vel: ( 0.0830584, -0.415292 ) (1004,0) rel: ( 0.414559, -1.38578 ), (1004,0) global: ( -2.68137, 1.30193 ), (1004,0), changes: 1.08, -3.6 last seen:(1003,0) globalposderived: (1003,0)
 1004: 2 pos: ball(-1.548254,0.305318), ball_prev(-2.769731,1.743728), agentdiff(-0.050808,-0.117244)
 1004: vel based on 2 pos: (1.195947,-1.241896)
 1004: direction old: 104.418067, new: 33.745690
(b)r: 0.9 phi: -147 vel: ( 1.19595, -1.2419 ) (1004,0) rel: ( -0.754804, -0.490175 ), (1004,0) global: ( -1.54825, 0.305318 ), (1004,0), changes: 1.08, -3.6 last seen:(1004,0) globalposderived: (1004,0)
 1004: turnWithBall: kick ball close to desired turnangle 0.203515
 1004: kickBallCloseToBody: cannot compensate ball speed, freeze
 1004: freeze ball will end up oustide -> accelerate
(b)r: 1.28613 phi: -154.692 vel: ( 0.109609, 0.0527055 ) (1005,0) rel: ( -1.16269, -0.549794 ), (1005,0) global: ( -1.43165, 0.361388 ), (1005,0), changes: 1.08, -3.6 last seen:(1004,0) globalposderived: (1004,0)
(b)r: 1.50398 phi: -156.444 vel: ( 0.103033, 0.0495432 ) (1006,0) rel: ( -1.37865, -0.601069 ), (1006,0) global: ( -1.32204, 0.414093 ), (1006,0), changes: 1.08, -3.6 last seen:(1004,0) globalposderived: (1004,0)
 1006: 2 pos: ball(-0.959717,0.363628), ball_prev(-1.548254,0.305318), agentdiff(-0.014465,0.136923)
 1006: direction old: 19.187764, new: 13.872503
(b)r: 1.8 phi: -167 vel: ( 0.274646, -0.0358054 ) (1006,0) rel: ( -1.75387, -0.404912 ), (1006,0) global: ( -0.959717, 0.363628 ), (1006,0), changes: 1.08, -3.6 last seen:(1006,0) globalposderived: (1006,0)
 1007: 2 pos: ball(-0.554276,0.384672), ball_prev(-0.959717,0.363628), agentdiff(0.026418,-0.000059)
 1007: vel based on 2 pos: (0.356280,0.019837)
 1007: direction old: 11.073745, new: 11.872503
 1009: direction old: 9.844826, new: 9.016214
 1012: direction old: 6.212531, new: 9.769276
 1013: direction old: 18.392345, new: 9.827258
 1015: direction old: 10.102611, new: 15.182485
(b)r: 1.3 phi: 5 vel: ( 0.168967, 0.000947914 ) (1015,0) rel: ( 1.29505, 0.113302 ), (1015,0) global: ( 1.33205, 0.314112 ), (1015,0), changes: 0.182, -2 last seen:(1015,0) globalposderived: (1015,0)
(b)r: 0.954931 phi: 5.08952 vel: ( 0.158829, 0.000891039 ) (1016,0) rel: ( 0.951166, 0.0847139 ), (1016,0) global: ( 1.50101, 0.31506 ), (1016,0), changes: 0.182, -2 last seen:(1015,0) globalposderived: (1015,0)
 1016: ball (1.501013,0.315060), agent (0.579804,0.063529), to (5.501052,0.947448) ang 10.182485 10.182485
 1016: relpos body (0.954931,5.089519), vel. ball:(0.158829,0.000891) dist: 1.139646 (0.300000,0.085000,0.754646)
 1016: point good and can reach point 28.302407
 1016: direction old: 10.451651, new: 16.020461
(b)r: 1.1 phi: 6 vel: ( 0.183925, 0.00468845 ) (1016,0) rel: ( 1.09397, 0.114981 ), (1016,0) global: ( 1.69037, 0.458537 ), (1016,0), changes: 0.198, -2.5 last seen:(1016,0) globalposderived: (1016,0)
 1016: ball (1.690375,0.458537), agent (0.633095,0.154958), to (5.556824,1.024957) ang 10.020461 10.020461
 1016: relpos body (1.100000,6.000000), vel. ball:(0.183925,0.004688) dist: 1.139646 (0.300000,0.085000,0.754646)
 1016: point good and can reach point 28.890934
(b)r: 1.87538 phi: 2.96767 vel: ( 0.69939, 0.106944 ) (1017,0) rel: ( 1.87287, 0.0970931 ), (1017,0) global: ( 2.43441, 0.572306 ), (1017,0), changes: 0.198, -2.5 last seen:(1016,0) globalposderived: (1016,0)
 1018: direction old: 17.898003, new: 14.203718
(b)r: 2 phi: 4 vel: ( 0.663788, 0.108115 ) (1018,0) rel: ( 1.99513, 0.139513 ), (1018,0) global: ( 3.05328, 0.517827 ), (1018,0), changes: 0.48, -0.7 last seen:(1018,0) globalposderived: (1018,0)
(b)r: 1.93608 phi: 4.94955 vel: ( 0.623961, 0.101628 ) (1019,0) rel: ( 1.92886, 0.167043 ), (1019,0) global: ( 3.71707, 0.625942 ), (1019,0), changes: 0.48, -0.7 last seen:(1018,0) globalposderived: (1018,0)
 1019: direction old: 10.654907, new: 16.045946
(b)r: 2 phi: 6 vel: ( 0.626805, 0.107677 ) (1019,0) rel: ( 1.98904, 0.209057 ), (1019,0) global: ( 3.89325, 0.850291 ), (1019,0), changes: 0.36, -0.6 last seen:(1019,0) globalposderived: (1019,0)
 1021: direction old: 6.111047, new: 12.933148
(b)r: 1.93568 phi: -3.95827 vel: ( 0.514708, 0.0869752 ) (1022,0) rel: ( 1.93106, -0.133619 ), (1022,0) global: ( 5.42639, 1.38987 ), (1022,0), changes: 0.308, -1.2 last seen:(1021,0) globalposderived: (1021,0)
 1022: direction old: 18.119262, new: 12.046766
(b)r: 1.8 phi: -4 vel: ( 0.498994, 0.0849726 ) (1022,0) rel: ( 1.79562, -0.125562 ), (1022,0) global: ( 5.27802, 1.14096 ), (1022,0), changes: 0.18, -0.8 last seen:(1022,0) globalposderived: (1022,0)
(b)r: 1.46459 phi: -7.13181 vel: ( 0.469054, 0.0798742 ) (1023,0) rel: ( 1.45326, -0.181833 ), (1023,0) global: ( 5.77702, 1.22594 ), (1023,0), changes: 0.18, -0.8 last seen:(1022,0) globalposderived: (1022,0)
(b)r: 1.62462 phi: 2.37504 vel: ( 0.440911, 0.0750818 ) (1024,0) rel: ( 1.62323, 0.067325 ), (1024,0) global: ( 6.24607, 1.30581 ), (1024,0), changes: 0.18, -0.8 last seen:(1022,0) globalposderived: (1022,0)
 1024: direction old: 8.969675, new: 7.050551
(b)r: 1.8 phi: 0 vel: ( 0.458964, 0.0596261 ) (1024,0) rel: ( 1.8, 0 ), (1024,0) global: ( 6.40899, 1.2705 ), (1024,0), changes: 0.36, -1 last seen:(1024,0) globalposderived: (1024,0)
(b)r: 1.60235 phi: 0.101537 vel: ( 0.431426, 0.0560485 ) (1025,0) rel: ( 1.60235, 0.00283962 ), (1025,0) global: ( 6.86795, 1.33013 ), (1025,0), changes: 0.36, -1 last seen:(1024,0) globalposderived: (1024,0)
 1025: direction old: 8.727495, new: 5.062452
(b)r: 1.5 phi: -2 vel: ( 0.430453, 0.0395999 ) (1025,0) rel: ( 1.49909, -0.0523492 ), (1025,0) global: ( 6.70783, 1.20854 ), (1025,0), changes: 0.18, -0.9 last seen:(1025,0) globalposderived: (1025,0)
(b)r: 1.1399 phi: -2.6218 vel: ( 0.404626, 0.0372239 ) (1026,0) rel: ( 1.13871, -0.0521425 ), (1026,0) global: ( 7.13828, 1.24814 ), (1026,0), changes: 0.18, -0.9 last seen:(1025,0) globalposderived: (1025,0)
(b)r: 0.704101 phi: -6.49984 vel: ( 0.380348, 0.0349904 ) (1027,0) rel: ( 0.699575, -0.0797045 ), (1027,0) global: ( 7.54291, 1.28536 ), (1027,0), changes: 0.18, -0.9 last seen:(1025,0) globalposderived: (1025,0)
 1027: ball (7.542907,1.285360), agent (6.838840,1.278447), to (11.800904,1.893202) ang 7.062452 7.062452
 1027: relpos body (0.704101,-6.499837), vel. ball:(0.380348,0.034990) dist: 1.139646 (0.300000,0.085000,0.754646)
 1027: point good and can reach point 16.317820
 1027: direction old: 13.542938, new: -2.655511
(b)r: 0.7 phi: -10 vel: ( 0.382537, 0.0195669 ) (1027,0) rel: ( 0.689365, -0.121554 ), (1027,0) global: ( 7.65657, 1.11188 ), (1027,0), changes: 0.07, -3.2 last seen:(1027,0) globalposderived: (1027,0)
 1027: ball (7.656570,1.111878), agent (6.957322,1.144310), to (11.916299,1.783484) ang 7.344489 7.344489
 1027: relpos body (0.700000,-10.000000), vel. ball:(0.382537,0.019567) dist: 1.139646 (0.300000,0.085000,0.754646)
 1027: point good and can reach point 16.473435
(b)r: 1.13841 phi: -5.83273 vel: ( 0.706486, 0.107104 ) (1028,0) rel: ( 1.13252, -0.11569 ), (1028,0) global: ( 8.40815, 1.22582 ), (1028,0), changes: 0.07, -3.2 last seen:(1027,0) globalposderived: (1027,0)
 1028: ball (8.408151,1.225818), agent (7.270138,1.195785), to (12.229115,1.834958) ang 7.344489 7.344489
 1028: relpos body (1.138410,-5.832733), vel. ball:(0.706486,0.107104) dist: 1.139646 (0.300000,0.085000,0.754646)
 1028: point good and can reach point 0.578779
 1028: direction old: 1.606853, new: -1.675201
(b)r: 1.2 phi: -9 vel: ( 0.713148, 0.0827659 ) (1028,0) rel: ( 1.18523, -0.187721 ), (1028,0) global: ( 8.46993, 1.15882 ), (1028,0), changes: 0.6, 2.7 last seen:(1028,0) globalposderived: (1028,0)
(b)r: 1.25809 phi: -8.9882 vel: ( 0.67036, 0.0777999 ) (1029,0) rel: ( 1.24264, -0.196553 ), (1029,0) global: ( 9.18308, 1.24159 ), (1029,0), changes: 0.6, 2.7 last seen:(1028,0) globalposderived: (1028,0)
(b)r: 1.66893 phi: 4.29664 vel: ( 0.630138, 0.0731319 ) (1030,0) rel: ( 1.66423, 0.125036 ), (1030,0) global: ( 9.85344, 1.31939 ), (1030,0), changes: 0.6, 2.7 last seen:(1028,0) globalposderived: (1028,0)
 1030: direction old: -4.515490, new: -4.008402
(b)r: 1.6 phi: 1 vel: ( 0.621185, 0.0518825 ) (1030,0) rel: ( 1.59976, 0.0279239 ), (1030,0) global: ( 9.78222, 1.33922 ), (1030,0), changes: 0.512, 1.7 last seen:(1030,0) globalposderived: (1030,0)
(b)r: 1.58408 phi: 3.24291 vel: ( 0.583914, 0.0487696 ) (1031,0) rel: ( 1.58154, 0.0896101 ), (1031,0) global: ( 10.4034, 1.3911 ), (1031,0), changes: 0.512, 1.7 last seen:(1030,0) globalposderived: (1030,0)
 1031: direction old: -0.468557, new: -1.999633
(b)r: 1.5 phi: 3 vel: ( 0.562624, 0.0392967 ) (1031,0) rel: ( 1.49794, 0.0785039 ), (1031,0) global: ( 10.3109, 1.35178 ), (1031,0), changes: 0.3, 1.7 last seen:(1031,0) globalposderived: (1031,0)
(b)r: 1.2996 phi: 7.36892 vel: ( 0.528866, 0.0369389 ) (1032,0) rel: ( 1.28886, 0.166683 ), (1032,0) global: ( 10.8735, 1.39107 ), (1032,0), changes: 0.3, 1.7 last seen:(1031,0) globalposderived: (1031,0)
(b)r: 1.56979 phi: -1.72139 vel: ( 0.497134, 0.0347226 ) (1033,0) rel: ( 1.56908, -0.0471554 ), (1033,0) global: ( 11.4024, 1.42801 ), (1033,0), changes: 0.3, 1.7 last seen:(1031,0) globalposderived: (1031,0)
 1033: direction old: -1.230692, new: 2.182590
(b)r: 1.6 phi: -4 vel: ( 0.489915, 0.0229239 ) (1033,0) rel: ( 1.5961, -0.11161 ), (1033,0) global: ( 11.4904, 1.5214 ), (1033,0), changes: 0.384, 0.3 last seen:(1033,0) globalposderived: (1033,0)
(b)r: 1.48478 phi: -5.47181 vel: ( 0.46052, 0.0215485 ) (1034,0) rel: ( 1.47801, -0.141582 ), (1034,0) global: ( 11.9803, 1.54433 ), (1034,0), changes: 0.384, 0.3 last seen:(1033,0) globalposderived: (1033,0)
 1034: direction old: -0.849688, new: 0.199360
(b)r: 1.5 phi: -6 vel: ( 0.464623, 0.0131385 ) (1034,0) rel: ( 1.49178, -0.156793 ), (1034,0) global: ( 11.9412, 1.57237 ), (1034,0), changes: 0.24, -0.8 last seen:(1034,0) globalposderived: (1034,0)
(b)r: 1.20468 phi: -9.26262 vel: ( 0.436746, 0.0123502 ) (1035,0) rel: ( 1.18897, -0.193905 ), (1035,0) global: ( 12.4058, 1.58551 ), (1035,0), changes: 0.24, -0.8 last seen:(1034,0) globalposderived: (1034,0)
(b)r: 1.35577 phi: 0.324748 vel: ( 0.410541, 0.0116092 ) (1036,0) rel: ( 1.35574, 0.00768433 ), (1036,0) global: ( 12.8425, 1.59786 ), (1036,0), changes: 0.24, -0.8 last seen:(1034,0) globalposderived: (1034,0)
 1036: direction old: 16.389629, new: -4.796823
(b)r: 1.3 phi: -2 vel: ( 0, 0 ) (1036,0) rel: ( 1.29921, -0.0453693 ), (1036,0) global: ( 12.7098, 1.06909 ), (1036,0), changes: 0.286, 0.5 last seen:(1036,0) globalposderived: (1036,0)
(b)r: 0.2 phi: -6.04878 vel: ( 0, 0 ) (1037,0) rel: ( 0.198887, -0.021075 ), (1037,0) global: ( 12.2499, 1.14065 ), (1037,0), changes: 0.286, 0.5 last seen:(1036,0) globalposderived: (1036,0)
 1037: 2 pos: ball(12.728281,2.305150), ball_prev(12.709784,1.069090), agentdiff(0.046638,0.490349)
 1037: direction old: -73.841734, new: 45.633554
(b)r: 0.9 phi: 49 vel: ( 0, 0 ) (1037,0) rel: ( 0.590453, 0.679239 ), (1037,0) global: ( 12.7283, 2.30515 ), (1037,0), changes: 0.286, 0.5 last seen:(1037,0) globalposderived: (1037,0)
 1037: ball (12.728281,2.305150), agent (12.098961,1.661756), to (17.090333,1.368147) ang -3.366446 -3.366446
 1037: relpos body (0.900000,49.000000), vel. ball:(0.000000,0.000000) dist: 1.139646 (0.300000,0.085000,0.754646)
 1037: point good and can reach point 37.509016
(b)r: 0.68207 phi: 84.7777 vel: ( 0, 0 ) (1038,0) rel: ( 0.0620823, 0.679239 ), (1038,0) global: ( 12.7283, 2.30515 ), (1038,0), changes: 0.286, 0.5 last seen:(1037,0) globalposderived: (1037,0)
 1038: ball (12.728281,2.305150), agent (12.626420,1.630729), to (17.617792,1.337120) ang -3.366446 -3.366446
 1038: relpos body (0.682070,84.777689), vel. ball:(0.000000,0.000000) dist: 1.139646 (0.300000,0.085000,0.754646)
 1038: point good and can reach point 38.757543
(b)r: 0.695446 phi: 102.394 vel: ( 0, 0 ) (1039,0) rel: ( -0.149266, 0.679239 ), (1039,0) global: ( 12.7283, 2.30515 ), (1039,0), changes: 0.286, 0.5 last seen:(1037,0) globalposderived: (1037,0)
 1039: ball (12.728281,2.305150), agent (12.837404,1.618318), to (17.828776,1.324710) ang -3.366446 -3.366446
 1039: relpos body (0.695446,102.394030), vel. ball:(0.000000,0.000000) dist: 1.139646 (0.300000,0.085000,0.754646)
 1039: point good and can reach point 40.241147
 1039: 2 pos: ball(11.879156,3.411997), ball_prev(12.728281,2.305150), agentdiff(0.063816,-0.154497)
 1039: direction old: 101.615614, new: 117.682691
 1051: direction old: 144.396336, new: 144.245538
 1052: direction old: 143.787284, new: 146.151420
 1054: direction old: 146.419285, new: 144.598818
(b)r: 1.73616 phi: -4.09159 vel: ( -0.245102, 0.183509 ) (1055,0) rel: ( 1.73174, -0.123877 ), (1055,0) global: ( 4.65239, 8.36115 ), (1055,0), changes: 0.088, -0.8 last seen:(1054,0) globalposderived: (1054,0)
 1055: direction old: 142.325253, new: 143.625757
(b)r: 1.8 phi: -3 vel: ( -0.243166, 0.179966 ) (1055,0) rel: ( 1.79753, -0.0942047 ), (1055,0) global: ( 4.57775, 8.36717 ), (1055,0), changes: 0, -0.8 last seen:(1055,0) globalposderived: (1055,0)
(b)r: 1.25735 phi: -3.70381 vel: ( -0.228576, 0.169168 ) (1056,0) rel: ( 1.25472, -0.081223 ), (1056,0) global: ( 4.33458, 8.54714 ), (1056,0), changes: 0, -0.8 last seen:(1055,0) globalposderived: (1055,0)
(b)r: 0.699991 phi: -7.94494 vel: ( -0.214862, 0.159018 ) (1057,0) rel: ( 0.693272, -0.0967538 ), (1057,0) global: ( 4.106, 8.71631 ), (1057,0), changes: 0, -0.8 last seen:(1055,0) globalposderived: (1055,0)
 1057: turnWithBall: turn since ball will be kickable in t+1
 1057: direction old: 146.021576, new: 139.562389
(b)r: 0.8 phi: -7 vel: ( -0.226959, 0.159421 ) (1057,0) rel: ( 0.794037, -0.0974955 ), (1057,0) global: ( 4.15601, 8.79113 ), (1057,0), changes: -0.032, -0.4 last seen:(1057,0) globalposderived: (1057,0)
 1057: turnWithBall: turn since ball will be kickable in t+1
(b)r: 0.746932 phi: 59.2582 vel: ( -0.213342, 0.149856 ) (1058,0) rel: ( 0.381809, 0.641973 ), (1058,0) global: ( 3.92905, 8.95055 ), (1058,0), changes: -0.032, -0.4 last seen:(1057,0) globalposderived: (1057,0)
 1058: turnWithBall: turn since ball will be kickable in t+1
 1058: 2 pos: ball(3.380033,8.803267), ball_prev(4.156014,8.791131), agentdiff(-0.552287,-0.082551)
 1058: vel based on 2 pos: (-0.210272,0.089006)
 1058: direction old: 87.533064, new: 138.295799
(b)r: 0.7 phi: 70 vel: ( -0.210272, 0.0890062 ) (1058,0) rel: ( 0.239414, 0.657785 ), (1058,0) global: ( 3.38003, 8.80327 ), (1058,0), changes: -0.032, -0.4 last seen:(1058,0) globalposderived: (1058,0)
 1058: turnWithBall: turn since ball will be kickable in t+1
(b)r: 0.787086 phi: 161.496 vel: ( -0.197656, 0.0836659 ) (1059,0) rel: ( -0.746396, 0.249796 ), (1059,0) global: ( 3.16976, 8.89227 ), (1059,0), changes: -0.032, -0.4 last seen:(1058,0) globalposderived: (1058,0)
 1059: kick results in collision, change velDes from (0.815240,-0.311173)
 1059: ball (3.169761,8.892274), agent (3.799129,8.419621), to (8.543440,6.841167) ang -18.402532 -18.402532
 1059: relpos body (0.787086,161.496176), vel. ball:(-0.197656,0.083666) dist: 1.139646 (0.300000,0.085000,0.754646)
 1059: point good and can reach point 78.170681
(b)r: 0.485366 phi: 24.5277 vel: ( 1.00632, -0.36476 ) (1060,0) rel: ( 0.441567, 0.201491 ), (1060,0) global: ( 4.24032, 8.50423 ), (1060,0), changes: -0.032, -0.4 last seen:(1058,0) globalposderived: (1058,0)
 1060: ball (4.240318,8.504232), agent (3.757723,8.452443), to (8.502033,6.873988) ang -18.402532 -18.402532
 1060: relpos body (0.485366,24.527655), vel. ball:(1.006324,-0.364760) dist: 1.139646 (0.300000,0.085000,0.754646)
 1060: point good and can reach point 11.904383
 1060: direction old: 35.603527, new: 31.796155
(b)r: 0.7 phi: 44 vel: ( 1.08838, -0.12491 ) (1060,0) rel: ( 0.503538, 0.486261 ), (1060,0) global: ( 4.76367, 8.82179 ), (1060,0), changes: 0.868, -57.1 last seen:(1060,0) globalposderived: (1060,0)
 1060: ball (4.763665,8.821792), agent (4.168716,8.452962), to (9.055724,7.396011) ang -12.203845 -12.203845
 1060: relpos body (0.700000,44.000000), vel. ball:(1.088383,-0.124910) dist: 1.139646 (0.300000,0.085000,0.754646)
 1060: point good and can reach point 16.674911
(b)r: 1.34811 phi: 17.6419 vel: ( 0.702265, -0.226606 ) (1061,0) rel: ( 1.2847, 0.408566 ), (1061,0) global: ( 5.51076, 8.58072 ), (1061,0), changes: 0.868, -57.1 last seen:(1060,0) globalposderived: (1060,0)
 1061: direction old: 3.988455, new: 3.013927
(b)r: 1.5 phi: 15 vel: ( 0.792411, -0.215197 ) (1061,0) rel: ( 1.44889, 0.388229 ), (1061,0) global: ( 5.60805, 8.56193 ), (1061,0), changes: 0.78, -9.8 last seen:(1061,0) globalposderived: (1061,0)
 1063: direction old: -16.301679, new: -9.589283
 1064: direction old: 0.990500, new: -38.614512
(b)r: 1.70113 phi: -38.2879 vel: ( 0, 0 ) (1065,0) rel: ( 1.33523, -1.05404 ), (1065,0) global: ( 6.61727, 7.02531 ), (1065,0), changes: 0.176, -26.4 last seen:(1064,0) globalposderived: (1064,0)
(b)r: 1.54474 phi: 0.885707 vel: ( 0, 0 ) (1066,0) rel: ( 1.54455, 0.0238784 ), (1066,0) global: ( 6.61727, 7.02531 ), (1066,0), changes: 0.176, -26.4 last seen:(1064,0) globalposderived: (1064,0)
 1066: direction old: -53.506354, new: -40.461377
 1067: direction old: -43.263282, new: -42.960967
(b)r: 1.62072 phi: -1.43343 vel: ( 0, 0 ) (1068,0) rel: ( 1.62021, -0.040543 ), (1068,0) global: ( 7.31166, 6.97818 ), (1068,0), changes: 0, -0.4 last seen:(1067,0) globalposderived: (1067,0)
(b)r: 0.2 phi: -3.67404 vel: ( 0, 0 ) (1069,0) rel: ( 0.199589, -0.012816 ), (1069,0) global: ( 6.85012, 7.46685 ), (1069,0), changes: 0, -0.4 last seen:(1067,0) globalposderived: (1067,0)
 1069: 2 pos: ball(5.946443,7.218117), ball_prev(7.311664,6.978182), agentdiff(0.123042,0.063020)
 1069: direction old: -86.078671, new: -152.796341
(b)r: 1 phi: -110 vel: ( 0, 0 ) (1069,0) rel: ( -0.34202, -0.939693 ), (1069,0) global: ( 5.94644, 7.21812 ), (1069,0), changes: 0, -0.4 last seen:(1069,0) globalposderived: (1069,0)
 1069: turnWithBall: kick ball away from opp at ang -121.796341
 1069: (kick 83.408679 81.440579), vecDesired (1.131841,0.904969) 101.000000 posDes(7.078284,8.123085)
(b)r: 0.494257 phi: 100.498 vel: ( 1.0652, 0.838336 ) (1070,0) rel: ( -0.0900517, 0.485984 ), (1070,0) global: ( 7.07963, 8.10996 ), (1070,0), changes: 0, -0.4 last seen:(1069,0) globalposderived: (1069,0)
 1070: turnWithBall: freeze ball
 1070: 2 pos: ball(6.145082,7.645377), ball_prev(5.946443,7.218117), agentdiff(-0.071418,-0.012733)
 1070: vel based on 2 pos: (0.253854,0.413594)
 1070: direction old: 52.069528, new: -176.744754
(b)r: 0.6 phi: -134 vel: ( 0.253854, 0.413594 ) (1070,0) rel: ( -0.416795, -0.431604 ), (1070,0) global: ( 6.14508, 7.64538 ), (1070,0), changes: 0, -0.4 last seen:(1070,0) globalposderived: (1070,0)
 1070: turnWithBall: kick ball away from opp at ang -148.744754
 1070: (kick 38.786969 34.560082), vecDesired (1.023685,0.302870) 74.000000 posDes(7.168767,7.948247)
(b)r: 1.34069 phi: -121.439 vel: ( -0.64945, -0.311454 ) (1071,0) rel: ( -0.699297, -1.14387 ), (1071,0) global: ( 5.45418, 7.31404 ), (1071,0), changes: 0, -0.4 last seen:(1070,0) globalposderived: (1070,0)
 1072: direction old: -155.250294, new: -166.734787
 1073: direction old: -166.210079, new: -174.724874
 1358: direction old: 155.916029, new: 156.671271
 1360: direction old: 155.693906, new: 154.833148
(b)r: 1.6892 phi: -27.5565 vel: ( 0, 0 ) (1361,0) rel: ( 1.49757, -0.781462 ), (1361,0) global: ( -0.361574, 0.816642 ), (1361,0), changes: -0.16, -0.4 last seen:(1360,0) globalposderived: (1360,0)
 1361: direction old: 146.185598, new: 149.080370
(b)r: 1.6 phi: -28 vel: ( 0, 0 ) (1361,0) rel: ( 1.41272, -0.751155 ), (1361,0) global: ( -0.161791, 0.585573 ), (1361,0), changes: -0.256, -2.5 last seen:(1361,0) globalposderived: (1361,0)
(b)r: 1.48962 phi: -30.6934 vel: ( 0, 0 ) (1362,0) rel: ( 1.28095, -0.760369 ), (1362,0) global: ( -0.161791, 0.585573 ), (1362,0), changes: -0.256, -2.5 last seen:(1361,0) globalposderived: (1361,0)
(b)r: 1.44493 phi: -31.7942 vel: ( 0, 0 ) (1363,0) rel: ( 1.22812, -0.761291 ), (1363,0) global: ( -0.161791, 0.585573 ), (1363,0), changes: -0.256, -2.5 last seen:(1361,0) globalposderived: (1361,0)
 1363: direction old: 150.884817, new: 164.585834
 1642: 2 pos: ball(-1.447237,-2.167263), ball_prev(0.590782,-2.322928), agentdiff(0.176846,-0.050207)
 1642: direction old: -45.188856, new: -101.813209
(b)r: 1.6 phi: -60 vel: ( 0, 0 ) (1642,0) rel: ( 0.8, -1.38564 ), (1642,0) global: ( -1.44724, -2.16726 ), (1642,0), changes: -0.264, -0.9 last seen:(1642,0) globalposderived: (1642,0)
(b)r: 1.44323 phi: -74.8424 vel: ( 0, 0 ) (1643,0) rel: ( 0.377368, -1.39302 ), (1643,0) global: ( -1.44724, -2.16726 ), (1643,0), changes: -0.264, -0.9 last seen:(1642,0) globalposderived: (1642,0)
 1643: 2 pos: ball(-2.260067,-2.246001), ball_prev(-1.447237,-2.167263), agentdiff(-0.000902,-0.001041)
 1643: vel based on 2 pos: (-0.763212,-0.073035)
 1643: direction old: -116.642134, new: -136.861181
 1762: direction old: 159.996162, new: 152.738664
 1763: direction old: 149.831711, new: 153.635386
 1765: direction old: 156.584892, new: 156.795738
 1766: direction old: 153.203965, new: 155.675225
(b)r: 1.95768 phi: 2.07562 vel: ( -0.0956369, 0.00295197 ) (1768,0) rel: ( 1.9564, 0.0709044 ), (1768,0) global: ( 12.911, 5.29753 ), (1768,0), changes: 0.12, 1.2 last seen:(1766,0) globalposderived: (1766,0)
 1768: direction old: 160.762882, new: 157.860140
(b)r: 1.8 phi: 2 vel: ( -0.106834, 0.00276744 ) (1768,0) rel: ( 1.7989, 0.0628191 ), (1768,0) global: ( 12.8023, 5.43202 ), (1768,0), changes: 0, 1.2 last seen:(1768,0) globalposderived: (1768,0)
(b)r: 1.49838 phi: 3.84568 vel: ( -0.100424, 0.0026014 ) (1769,0) rel: ( 1.495, 0.100495 ), (1769,0) global: ( 12.6955, 5.43478 ), (1769,0), changes: 0, 1.2 last seen:(1768,0) globalposderived: (1768,0)
 1769: direction old: 153.873418, new: 156.814723
(b)r: 1.5 phi: 1 vel: ( -0.114448, 0.0121834 ) (1769,0) rel: ( 1.49977, 0.0261786 ), (1769,0) global: ( 12.6386, 5.37694 ), (1769,0), changes: 0.12, 1.3 last seen:(1769,0) globalposderived: (1769,0)
(b)r: 1.31805 phi: 2.70927 vel: ( -0.107581, 0.0114524 ) (1770,0) rel: ( 1.31658, 0.0623016 ), (1770,0) global: ( 12.5242, 5.38913 ), (1770,0), changes: 0.12, 1.3 last seen:(1769,0) globalposderived: (1769,0)
(b)r: 1.13093 phi: 4.89248 vel: ( -0.101126, 0.0107653 ) (1771,0) rel: ( 1.12681, 0.0964526 ), (1771,0) global: ( 12.4166, 5.40058 ), (1771,0), changes: 0.12, 1.3 last seen:(1769,0) globalposderived: (1769,0)
 1771: turnWithBall: kick ball close to desired turnangle -7.341690
 1771: (kick 86.341228 -170.921761), vecDesired (1.578065,-0.442537) -163.156413 posDes(13.994635,4.958042)
 1771: direction old: 154.701708, new: 155.756873
(b)r: 1.2 phi: 0 vel: ( -0.0966874, 0.00768205 ) (1771,0) rel: ( 1.2, 0 ), (1771,0) global: ( 12.4673, 5.35216 ), (1771,0), changes: 0.096, 1.6 last seen:(1771,0) globalposderived: (1771,0)
(b)r: 0.999259 phi: 1.86506 vel: ( -0.0908861, 0.00722113 ) (1772,0) rel: ( 0.99873, 0.0325217 ), (1772,0) global: ( 12.3706, 5.35984 ), (1772,0), changes: 0.096, 1.6 last seen:(1771,0) globalposderived: (1771,0)
 1772: turnWithBall: kick ball away from opp at ang 88.464716
 1772: (kick 63.049798 162.615623), vecDesired (0.919347,-0.890574) 112.707843 posDes(13.289958,4.469267)
 1772: direction old: 164.295590, new: 156.747057
(b)r: 1.5 phi: 1 vel: ( -0.554775, 0.203431 ) (1772,0) rel: ( 1.49977, 0.0261786 ), (1772,0) global: ( 11.889, 5.69995 ), (1772,0), changes: 0.6, 1.2 last seen:(1772,0) globalposderived: (1772,0)
 1774: direction old: 161.865140, new: 158.978835
 1775: direction old: 148.476050, new: 159.453180
 1793: direction old: 156.664416, new: 159.455244
 1795: direction old: 157.428729, new: 158.495098
 1796: direction old: 152.514193, new: 158.112878
(b)r: 1.96513 phi: -5.80494 vel: ( -0.111612, 0.0346482 ) (1798,0) rel: ( 1.95506, -0.198758 ), (1798,0) global: ( 3.64944, 7.91133 ), (1798,0), changes: 0, 0.1 last seen:(1796,0) globalposderived: (1796,0)
 1798: direction old: 168.904102, new: 157.451257
(b)r: 2 phi: -6 vel: ( -0.10935, 0.0315266 ) (1798,0) rel: ( 1.98904, -0.209057 ), (1798,0) global: ( 3.61359, 8.32305 ), (1798,0), changes: -0.04, 0.2 last seen:(1798,0) globalposderived: (1798,0)
(b)r: 1.66677 phi: -7.17329 vel: ( -0.102789, 0.029635 ) (1799,0) rel: ( 1.65373, -0.208131 ), (1799,0) global: ( 3.50424, 8.35458 ), (1799,0), changes: -0.04, 0.2 last seen:(1798,0) globalposderived: (1798,0)
 1799: direction old: 151.146783, new: 156.389390
(b)r: 1.6 phi: -7 vel: ( -0.103526, 0.0262995 ) (1799,0) rel: ( 1.58807, -0.194991 ), (1799,0) global: ( 3.58364, 8.14391 ), (1799,0), changes: -0.064, 0 last seen:(1799,0) globalposderived: (1799,0)
(b)r: 1.5486 phi: 1.3777 vel: ( -0.0973148, 0.0247215 ) (1800,0) rel: ( 1.54815, 0.037233 ), (1800,0) global: ( 3.48011, 8.17021 ), (1800,0), changes: -0.064, 0 last seen:(1799,0) globalposderived: (1799,0)
(b)r: 1.28587 phi: 2.045 vel: ( -0.0914759, 0.0232382 ) (1801,0) rel: ( 1.28505, 0.0458857 ), (1801,0) global: ( 3.3828, 8.19493 ), (1801,0), changes: -0.064, 0 last seen:(1799,0) globalposderived: (1799,0)
 1801: direction old: 161.099957, new: 155.811562
(b)r: 1.2 phi: 1 vel: ( -0.0891525, 0.0199268 ) (1801,0) rel: ( 1.19982, 0.0209429 ), (1801,0) global: ( 3.51645, 8.26608 ), (1801,0), changes: 0.096, 1 last seen:(1801,0) globalposderived: (1801,0)
(b)r: 0.997231 phi: 2.38802 vel: ( -0.0838033, 0.0187312 ) (1802,0) rel: ( 0.996365, 0.0415514 ), (1802,0) global: ( 3.4273, 8.286 ), (1802,0), changes: 0.096, 1 last seen:(1801,0) globalposderived: (1801,0)
 1802: turnWithBall: kick ball close to desired turnangle -9.316377
 1802: (kick 74.138729 -172.814913), vecDesired (1.427502,-0.472419) -164.127940 posDes(4.854798,7.813585)
 1802: direction old: 137.986754, new: 152.580059
(b)r: 1.1 phi: -2 vel: ( -0.0821525, 0.0164837 ) (1802,0) rel: ( 1.09933, -0.0383894 ), (1802,0) global: ( 3.21875, 8.10085 ), (1802,0), changes: 0.088, 1.3 last seen:(1802,0) globalposderived: (1802,0)
 1802: turnWithBall: kick ball away from opp at ang 71.580059
 1802: (kick 66.043158 157.456324), vecDesired (0.825722,-0.990526) 97.000000 posDes(4.044468,7.110322)