 0: change player from message 62 -> 1
 0: changed player from message 62 -> 1
 0: change player from message 63 -> 2
 0: changed player from message 63 -> 2
 0: change player from message 64 -> 3
 0: changed player from message 64 -> 3
 0: change player from message 65 -> 4
 0: changed player from message 65 -> 4
 0: change player from message 66 -> 5
 0: changed player from message 66 -> 5
 0: change player from message 67 -> 6
 0: changed player from message 67 -> 6
 0: change player from message 68 -> 7
 0: changed player from message 68 -> 7
 0: change player from message 69 -> 8
 0: changed player from message 69 -> 8
 0: change player from message 70 -> 9
 0: changed player from message 70 -> 9
 0: change player from message 71 -> 10
 0: changed player from message 71 -> 10
 37: direction old: 25.741457, new: 22.420009
 690: direction old: 117.379037, new: 116.404577
(b)r: 1.9466 phi: -0.337318 vel: ( -0.0770231, 0.260605 ) (691,0) rel: ( 1.94656, -0.0114601 ), (691,0) global: ( -5.11089, 22.3726 ), (691,0), changes: 0.05, 0 last seen:(690,0) globalposderived: (690,0)
 691: direction old: 118.044198, new: 118.510878
(b)r: 1.8 phi: 0 vel: ( -0.077024, 0.255076 ) (691,0) rel: ( 1.8, 0 ), (691,0) global: ( -5.07304, 22.2704 ), (691,0), changes: 0, -0.2 last seen:(691,0) globalposderived: (691,0)
(b)r: 1.22374 phi: -1.06273 vel: ( -0.0724025, 0.239772 ) (692,0) rel: ( 1.22353, -0.0226967 ), (692,0) global: ( -5.15007, 22.5255 ), (692,0), changes: 0, -0.2 last seen:(691,0) globalposderived: (691,0)
(b)r: 0.634184 phi: 4.81887 vel: ( -0.0680584, 0.225385 ) (693,0) rel: ( 0.631942, 0.0532753 ), (693,0) global: ( -5.22247, 22.7652 ), (693,0), changes: 0, -0.2 last seen:(691,0) globalposderived: (691,0)
 693: ball (-5.222468,22.765235), agent (-4.767856,22.323061), to (1.372013,-1.278045) ang 108.975743 130.975743
 693: relpos body (0.634184,26.818874), vel. ball:(-0.068058,0.225385) dist: 0.995172 (0.300000,0.085000,0.610172)
 693: point too far, reposition ball (k_r = 0.860656)
 693: (kick 12.511593 -99.657434), vecDesired (0.218846,0.272462) 0.000000 posDes(-5.003622,23.037697)
 693: direction old: 163.240407, new: 138.054841
(b)r: 0.6 phi: 7 vel: ( -0.0665345, 0.222714 ) (693,0) rel: ( 0.595528, 0.0731216 ), (693,0) global: ( -5.02982, 22.9739 ), (693,0), changes: -0.036, 1.8 last seen:(693,0) globalposderived: (693,0)
 693: ball (-5.029820,22.973877), agent (-4.583549,22.572825), to (1.372013,-1.278045) ang 109.054841 131.054841
 693: relpos body (0.600000,29.000000), vel. ball:(-0.066534,0.222714) dist: 0.995172 (0.300000,0.085000,0.610172)
 693: point too far, reposition ball (k_r = 0.871632)
 693: (kick 12.344771 -90.895712), vecDesired (0.209519,0.313258) 0.000000 posDes(-4.820301,23.287135)
(b)r: 0.464428 phi: -20.2726 vel: ( 0.188376, 0.296018 ) (694,0) rel: ( 0.435659, -0.160918 ), (694,0) global: ( -4.82942, 23.2888 ), (694,0), changes: -0.036, 1.8 last seen:(693,0) globalposderived: (693,0)
 694: ball (-4.829419,23.288790), agent (-4.664632,22.854579), to (-2.031753,21.819167) ang 109.054841 131.054841
 694: relpos body (0.464428,1.727400), vel. ball:(0.188376,0.296018) dist: 0.995172 (0.300000,0.085000,0.610172)
 694: point good and can reach point 73.948188
 694: direction old: 85.149739, new: 112.164001
(b)r: 0.4 phi: -18 vel: ( 0.162223, 0.248923 ) (694,0) rel: ( 0.380423, -0.123607 ), (694,0) global: ( -5.04928, 22.8466 ), (694,0), changes: 0.08, -33.4 last seen:(694,0) globalposderived: (694,0)
 694: ball (-5.049281,22.846578), agent (-4.898378,22.476135), to (1.372013,-1.278045) ang 108.164001 130.164001
 694: relpos body (0.400000,4.000000), vel. ball:(0.162223,0.248923) dist: 0.995172 (0.300000,0.085000,0.610172)
 694: pos (0.907347,-3.408877) too far, but can acc ball good to 2.460435 k=2.668406,0.220792
 768: direction old: -82.875788, new: -87.208908
 769: 2 pos: ball(-10.560058,14.642839), ball_prev(-11.637907,14.092112), agentdiff(0.173794,-0.292188)
 769: vel based on 2 pos: (0.849812,0.792340)
 769: direction old: -63.734000, new: -63.549678
(b)r: 1.8 phi: 99 vel: ( 0.849812, 0.79234 ) (769,0) rel: ( -0.281582, 1.77784 ), (769,0) global: ( -10.5601, 14.6428 ), (769,0), changes: -0.6, 19.7 last seen:(769,0) globalposderived: (769,0)
(b)r: 1.7785 phi: -70.452 vel: ( 0.798823, 0.744799 ) (770,0) rel: ( 0.595081, -1.67599 ), (770,0) global: ( -9.71025, 15.4352 ), (770,0), changes: -0.6, 19.7 last seen:(769,0) globalposderived: (769,0)
 771: direction old: 2.110605, new: -12.584303
 844: direction old: 54.854707, new: 78.387216
(b)r: 1.6 phi: 24 vel: ( 0, 0 ) (844,0) rel: ( 1.46167, 0.650779 ), (844,0) global: ( 17.665, 21.8266 ), (844,0), changes: -0.544, 36.3 last seen:(844,0) globalposderived: (844,0)
(b)r: 1.41087 phi: 1.00145 vel: ( 0, 0 ) (845,0) rel: ( 1.41066, 0.0246588 ), (845,0) global: ( 17.665, 21.8266 ), (845,0), changes: -0.544, 36.3 last seen:(844,0) globalposderived: (844,0)
(b)r: 0.795772 phi: -0.473957 vel: ( 0, 0 ) (846,0) rel: ( 0.795744, -0.00658263 ), (846,0) global: ( 17.665, 21.8266 ), (846,0), changes: -0.544, 36.3 last seen:(844,0) globalposderived: (844,0)
 846: ball (17.664989,21.826597), agent (17.650521,21.030957), to (0.686010,0.698205) ang 86.432189 89.432189
 846: relpos body (0.795772,2.526043), vel. ball:(0.000000,0.000000) dist: 0.995172 (0.300000,0.085000,0.610172)
 846: point too far, reposition ball (k_r = 0.828190)
 846: (kick 6.041078 -156.005255), vecDesired (0.047146,-0.126591) 0.000000 posDes(17.712136,21.700006)
(b)r: 0.913018 phi: 12.0546 vel: ( 0, 0 ) (846,0) rel: ( 0.892885, 0.190678 ), (846,0) global: ( 18.341, 21.8971 ), (846,0), changes: -0.544, 36.3 last seen:(-1,0) globalposderived: (844,0)
 846: ball (18.340992,21.897109), agent (17.822082,20.927195), to (0.686010,0.698205) ang 84.852954 87.852954
 846: relpos body (0.913018,15.054593), vel. ball:(0.000000,0.000000) dist: 0.995172 (0.300000,0.085000,0.610172)
 846: point too far, reposition ball (k_r = 0.762751)
 846: (kick 25.891200 129.751815), vecDesired (-0.438880,-0.302817) 0.000000 posDes(17.902112,21.594292)
(b)r: 0.913018 phi: 12.0546 vel: ( 0, 0 ) (847,0) rel: ( 0.892885, 0.190678 ), (846,0) global: ( 18.341, 21.8971 ), (847,0), changes: -0.544, 36.3 last seen:(-1,0) globalposderived: (844,0)
 847: ball (18.340992,21.897109), agent (17.853154,21.120169), to (0.686010,0.698205) ang 84.852954 84.852954
 847: relpos body (0.913018,12.054593), vel. ball:(0.000000,0.000000) dist: 0.995172 (0.300000,0.085000,0.610172)
 847: point too far, reposition ball (k_r = 0.766918)
 847: (kick 23.923787 123.731875), vecDesired (-0.435002,-0.237021) 0.000000 posDes(17.905990,21.660088)
(b)r: 0.917596 phi: -27.0436 vel: ( 0, 0 ) (847,0) rel: ( 0.817267, -0.417201 ), (847,0) global: ( 18.331, 21.8826 ), (847,0), changes: -0.544, 36.3 last seen:(-1,0) globalposderived: (844,0)
 847: ball (18.331048,21.882576), agent (17.852659,21.120248), to (0.686010,0.698205) ang 84.890178 84.890178
 847: relpos body (0.917596,-27.043562), vel. ball:(0.000000,0.000000) dist: 0.995172 (0.300000,0.085000,0.610172)
 847: point too far, reposition ball (k_r = 0.744224)
 847: (kick 23.910742 122.679973), vecDesired (-0.425905,-0.222375) 0.000000 posDes(17.905144,21.660201)
(b)r: 0.917596 phi: -27.0436 vel: ( 0, 0 ) (848,0) rel: ( 0.817267, -0.417201 ), (847,0) global: ( 18.331, 21.8826 ), (848,0), changes: -0.544, 36.3 last seen:(-1,0) globalposderived: (844,0)
 848: ball (18.331048,21.882576), agent (17.859593,21.185031), to (0.686010,0.698205) ang 84.890178 84.890178
 848: relpos body (0.917596,-27.043562), vel. ball:(0.000000,0.000000) dist: 0.995172 (0.300000,0.085000,0.610172)
 848: point too far, reposition ball (k_r = 0.744224)
 848: (kick 23.371757 119.904465), vecDesired (-0.426341,-0.196949) 0.000000 posDes(17.904707,21.685627)
 1020: direction old: 86.634583, new: 95.946739
(b)r: 1.19032 phi: 62.9128 vel: ( -0.75774, -2.26589 ) (1021,0) rel: ( 0.542009, 1.05976 ), (1021,0) global: ( 3.08969, 15.7578 ), (1021,0), changes: -2.4, 19 last seen:(1020,0) globalposderived: (1020,0)
 1021: 2 pos: ball(3.243470,15.715886), ball_prev(3.895793,18.168357), agentdiff(0.058005,-0.029670)
 1021: vel based on 2 pos: (-0.667709,-2.277433)
 1021: direction old: 152.827557, new: 151.113407
(b)r: 1.1 phi: 60 vel: ( -0.667709, -2.27743 ) (1021,0) rel: ( 0.55, 0.952628 ), (1021,0) global: ( 3.24347, 15.7159 ), (1021,0), changes: -2.4, 19 last seen:(1021,0) globalposderived: (1021,0)
 1357: direction old: 64.758743, new: 71.288669
 1359: direction old: 0.635214, new: 3.914248
(b)r: 1.53426 phi: -12.4108 vel: ( -1.10355, 0.201958 ) (1535,0) rel: ( 1.49841, -0.329743 ), (1535,0) global: ( 16.381, 14.68 ), (1535,0), changes: -1.2, -4.7 last seen:(1534,0) globalposderived: (1534,0)
(b)r: 0.615961 phi: -46.332 vel: ( -1.03733, 0.18984 ) (1536,0) rel: ( 0.425308, -0.445557 ), (1536,0) global: ( 15.2774, 14.882 ), (1536,0), changes: -1.2, -4.7 last seen:(1534,0) globalposderived: (1534,0)
 1536: turnWithBall: freeze ball
 1536: direction old: -80.645372, new: -77.008453
(b)r: 0.6 phi: -41 vel: ( -1.04136, 0.21317 ) (1536,0) rel: ( 0.452826, -0.393635 ), (1536,0) global: ( 15.3103, 14.9164 ), (1536,0), changes: -0.48, -94.7 last seen:(1536,0) globalposderived: (1536,0)
 1536: turnWithBall: freeze ball
(b)r: 0.591943 phi: -44.3634 vel: ( -0.00414997, -0.00695497 ) (1537,0) rel: ( 0.423191, -0.413891 ), (1537,0) global: ( 15.3059, 14.909 ), (1537,0), changes: -0.48, -94.7 last seen:(1536,0) globalposderived: (1536,0)
 1537: turnWithBall: turn since ball will be kickable in t+1
 1537: direction old: -77.218761, new: -75.895513
(b)r: 0.5 phi: -40 vel: ( 0.0307207, -0.00759057 ) (1537,0) rel: ( 0.383022, -0.321394 ), (1537,0) global: ( 15.3058, 14.9619 ), (1537,0), changes: 0.01, 2.2 last seen:(1537,0) globalposderived: (1537,0)
 1537: ball (15.305759,14.961924), agent (15.183913,15.446850), to (37.162193,18.576579) ang -34.895513 -35.895513
 1537: relpos body (0.500000,-41.000000), vel. ball:(0.030721,-0.007591) dist: 0.995172 (0.300000,0.085000,0.610172)
 1537: pos (3.271474,0.541042) too far, but can acc ball good to 2.448070 k=2.419032,-0.012501
(b)r: 1.72894 phi: -169.675 vel: ( 0.94, 0.094 ) (2021,0) rel: ( -1.70094, -0.309889 ), (2021,0) global: ( 4, 14.1 ), (2021,0), changes: 1.608, 12.2 last seen:(2021,0) globalposderived: (2020,0)
(b)r: 0.2 phi: 46.4218 vel: ( 0.0859982, -0.113983 ) (2404,0) rel: ( 0.137869, 0.144887 ), (2404,0) global: ( 5.35118, 3.62247 ), (2404,0), changes: -1.722, 2.5 last seen:(2402,0) globalposderived: (2402,0)
 2404: turnWithBall: turn since ball will be kickable in t+1
 2404: 2 pos: ball(5.375096,3.883833), ball_prev(7.423201,1.146000), agentdiff(-0.103656,0.057116)
 2404: direction old: -5.490668, new: 35.514664
(b)r: 0.4 phi: 74 vel: ( 0.0859982, -0.113983 ) (2404,0) rel: ( 0.110255, 0.384505 ), (2404,0) global: ( 5.3751, 3.88383 ), (2404,0), changes: -1.722, 2.5 last seen:(2404,0) globalposderived: (2404,0)
 2404: turnWithBall: turn since ball will be kickable in t+1
(b)r: 0.428271 phi: 4.17402 vel: ( 0.0808383, -0.107144 ) (2405,0) rel: ( 0.427135, 0.0311721 ), (2405,0) global: ( 5.46109, 3.76985 ), (2405,0), changes: -1.722, 2.5 last seen:(2404,0) globalposderived: (2404,0)
 2405: ball (5.461095,3.769849), agent (5.049510,3.651468), to (11.219373,0.146174) ang 0.872394 11.872394
 2405: relpos body (0.428271,15.174021), vel. ball:(0.080838,-0.107144) dist: 0.995172 (0.300000,0.085000,0.610172)
 2405: point good and can reach point 79.086065
 2405: direction old: 41.291758, new: 14.216919
(b)r: 0.4 phi: 3 vel: ( 0.0790295, -0.108247 ) (2405,0) rel: ( 0.399452, 0.0209344 ), (2405,0) global: ( 5.45323, 3.52063 ), (2405,0), changes: 0.048, -17.9 last seen:(2405,0) globalposderived: (2405,0)
 2405: ball (5.453231,3.520633), agent (5.065482,3.422396), to (10.821526,-0.006592) ang 0.216919 11.216919
 2405: relpos body (0.400000,14.000000), vel. ball:(0.079029,-0.108247) dist: 0.995172 (0.300000,0.085000,0.610172)
 2405: point good and can reach point 73.048590
(b)r: 1.69371 phi: 41.8768 vel: ( -1.03063, 0.232059 ) (2515,0) rel: ( 1.26111, 1.13061 ), (2515,0) global: ( 16.1321, 15.2922 ), (2515,0), changes: -1.184, 7.6 last seen:(2513,0) globalposderived: (2513,0)
 2515: direction old: 48.331500, new: 40.630481
(b)r: 1.6 phi: 39 vel: ( -1.00989, 0.182424 ) (2515,0) rel: ( 1.24343, 1.00691 ), (2515,0) global: ( 16.2011, 15.0472 ), (2515,0), changes: -0.672, 26.9 last seen:(2515,0) globalposderived: (2515,0)
(b)r: 1.24125 phi: 59.0796 vel: ( -0.949301, 0.171479 ) (2516,0) rel: ( 0.637814, 1.06485 ), (2516,0) global: ( 15.1912, 15.2297 ), (2516,0), changes: -0.672, 26.9 last seen:(2515,0) globalposderived: (2515,0)
 2516: 2 pos: ball(15.149968,15.103646), ball_prev(16.201142,15.047226), agentdiff(-0.049215,-0.082762)
 2516: vel based on 2 pos: (-0.941843,0.130832)
 2516: direction old: 79.019813, new: 79.808820
(b)r: 1.2 phi: 60 vel: ( -0.941843, 0.130832 ) (2516,0) rel: ( 0.6, 1.03923 ), (2516,0) global: ( 15.15, 15.1036 ), (2516,0), changes: -0.672, 26.9 last seen:(2516,0) globalposderived: (2516,0)
(b)r: 1.50109 phi: 59.2688 vel: ( -0.885332, 0.122982 ) (2517,0) rel: ( 0.767075, 1.2903 ), (2517,0) global: ( 14.2081, 15.2345 ), (2517,0), changes: -0.672, 26.9 last seen:(2516,0) globalposderived: (2516,0)
 2518: direction old: 139.581075, new: 139.685900
 2519: direction old: 148.673352, new: 148.138745
 2558: direction old: 116.093893, new: 116.632758
 2560: direction old: 83.939598, new: 88.046062
 2561: direction old: 74.694720, new: 75.129853
 2563: direction old: 60.419623, new: 58.692157
(b)r: 1.33215 phi: -15.1537 vel: ( -1.28714, 0.207198 ) (2692,0) rel: ( 1.28583, -0.348235 ), (2692,0) global: ( 15.5736, 14.0628 ), (2692,0), changes: -1.6, -1.4 last seen:(2690,0) globalposderived: (2690,0)
 2692: direction old: -26.205968, new: -25.989158
(b)r: 1.2 phi: -15 vel: ( -1.26504, 0.217791 ) (2692,0) rel: ( 1.15911, -0.310583 ), (2692,0) global: ( 15.4014, 14.1526 ), (2692,0), changes: -1.344, -17.6 last seen:(2692,0) globalposderived: (2692,0)
(b)r: 0.419213 phi: -110.269 vel: ( -1.18914, 0.204724 ) (2693,0) rel: ( -0.145224, -0.393255 ), (2693,0) global: ( 14.1363, 14.3704 ), (2693,0), changes: -1.344, -17.6 last seen:(2692,0) globalposderived: (2692,0)
 2693: turnWithBall: freeze ball
 2693: 2 pos: ball(14.189897,14.342368), ball_prev(15.401383,14.152648), agentdiff(-0.000482,-0.002001)
 2693: vel based on 2 pos: (-1.138344,0.180218)
 2693: direction old: -138.524566, new: -130.404021
(b)r: 0.4 phi: -101 vel: ( -1.13834, 0.180218 ) (2693,0) rel: ( -0.0763236, -0.392651 ), (2693,0) global: ( 14.1899, 14.3424 ), (2693,0), changes: -1.344, -17.6 last seen:(2693,0) globalposderived: (2693,0)
 2693: turnWithBall: freeze ball
(b)r: 0.421652 phi: -104.459 vel: ( -0.00141178, -0.00758252 ) (2694,0) rel: ( -0.105281, -0.408297 ), (2694,0) global: ( 14.1884, 14.3343 ), (2694,0), changes: -1.344, -17.6 last seen:(2693,0) globalposderived: (2693,0)
 2694: turnWithBall: turn since ball will be kickable in t+1
(b)r: 0.428118 phi: -134.24 vel: ( -0.00132707, -0.00712757 ) (2695,0) rel: ( -0.298684, -0.306713 ), (2695,0) global: ( 14.187, 14.3267 ), (2695,0), changes: -1.344, -17.6 last seen:(2693,0) globalposderived: (2693,0)
 2695: ball (14.186983,14.326719), agent (14.480572,14.638312), to (19.479894,14.720698) ang 0.944113 0.944113
 2695: relpos body (0.428118,-134.240110), vel. ball:(-0.001327,-0.007128) dist: 0.995172 (0.300000,0.085000,0.610172)
 2695: point good and can reach point 38.258360
 2695: 2 pos: ball(13.873445,14.238101), ball_prev(14.189897,14.342368), agentdiff(-0.026589,-0.009091)
 2695: direction old: -131.432855, new: -146.031045
(b)r: 0.7 phi: -145 vel: ( -0.00132707, -0.00712757 ) (2695,0) rel: ( -0.573406, -0.401504 ), (2695,0) global: ( 13.8734, 14.2381 ), (2695,0), changes: -1.344, -17.6 last seen:(2695,0) globalposderived: (2695,0)
 2695: ball (13.873445,14.238101), agent (14.453983,14.629221), to (19.453174,14.539251) ang -1.031045 -1.031045
 2695: relpos body (0.700000,-145.000000), vel. ball:(-0.001327,-0.007128) dist: 0.995172 (0.300000,0.085000,0.610172)
 2695: point good and can reach point 48.365655
(b)r: 0.453741 phi: -50.1058 vel: ( 0.813329, 0.0355477 ) (2696,0) rel: ( 0.291017, -0.348124 ), (2696,0) global: ( 14.7387, 14.2759 ), (2696,0), changes: -1.344, -17.6 last seen:(2695,0) globalposderived: (2695,0)
 2696: ball (14.738689,14.275917), agent (14.453983,14.629221), to (19.453174,14.539251) ang -1.031045 -1.031045
 2696: relpos body (0.453741,-50.105777), vel. ball:(0.813329,0.035548) dist: 0.995172 (0.300000,0.085000,0.610172)
 2696: point good and can reach point 0.478471
 2696: 2 pos: ball(14.653796,14.282703), ball_prev(13.873445,14.238101), agentdiff(0.000000,0.000000)
 2696: vel based on 2 pos: (0.733530,0.041926)
 2696: direction old: -51.136822, new: -60.031045
(b)r: 0.4 phi: -59 vel: ( 0.73353, 0.0419259 ) (2696,0) rel: ( 0.206015, -0.342867 ), (2696,0) global: ( 14.6538, 14.2827 ), (2696,0), changes: -1.344, -17.6 last seen:(2696,0) globalposderived: (2696,0)
 2696: ball (14.653796,14.282703), agent (14.453983,14.629221), to (19.453174,14.539251) ang -1.031045 -1.031045
 2696: relpos body (0.400000,-59.000000), vel. ball:(0.733530,0.041926) dist: 0.995172 (0.300000,0.085000,0.610172)
 2696: point good and can reach point 3.475531
(b)r: 0.704688 phi: -23.6453 vel: ( 0.689518, 0.0394104 ) (2697,0) rel: ( 0.645527, -0.282632 ), (2697,0) global: ( 15.3873, 14.3246 ), (2697,0), changes: -1.344, -17.6 last seen:(2696,0) globalposderived: (2696,0)
 2697: ball (15.387325,14.324629), agent (14.746988,14.618830), to (19.746179,14.528860) ang -1.031045 -1.031045
 2697: relpos body (0.704688,-23.645288), vel. ball:(0.689518,0.039410) dist: 0.995172 (0.300000,0.085000,0.610172)
 2697: point good and can reach point 3.576349
(b)r: 0.964341 phi: -11.3606 vel: ( 0.648147, 0.0370457 ) (2698,0) rel: ( 0.945447, -0.189958 ), (2698,0) global: ( 16.0768, 14.364 ), (2698,0), changes: -1.344, -17.6 last seen:(2696,0) globalposderived: (2696,0)
 2698: ball (16.076843,14.364039), agent (15.134968,14.570979), to (20.134158,14.481008) ang -1.031045 -1.031045
 2698: relpos body (0.964341,-11.360556), vel. ball:(0.648147,0.037046) dist: 0.995172 (0.300000,0.085000,0.610172)
 2698: point good and can reach point 6.122635
 2698: direction old: -5.303964, new: -15.943867
(b)r: 1 phi: -15 vel: ( 0.649426, 0.0315392 ) (2698,0) rel: ( 0.965926, -0.258819 ), (2698,0) global: ( 16.2033, 14.1669 ), (2698,0), changes: 0.5, 10.6 last seen:(2698,0) globalposderived: (2698,0)
(b)r: 1.49891 phi: 8.74221 vel: ( 0.610461, 0.0296468 ) (2699,0) rel: ( 1.48149, 0.227818 ), (2699,0) global: ( 16.8527, 14.1984 ), (2699,0), changes: 0.5, 10.6 last seen:(2698,0) globalposderived: (2698,0)
 2699: direction old: -19.049823, new: -8.980884
(b)r: 1.5 phi: 9 vel: ( 0.615629, 0.0250498 ) (2699,0) rel: ( 1.48153, 0.234652 ), (2699,0) global: ( 16.8485, 14.4773 ), (2699,0), changes: 0.57, 4.5 last seen:(2699,0) globalposderived: (2699,0)
 2701: direction old: 2.622734, new: -4.663180
 2702: direction old: -6.878534, new: -4.893007
 2704: direction old: -6.084363, new: -4.244789
 2705: direction old: -4.432074, new: -4.062494
 2707: direction old: -3.766792, new: -2.154196
 2708: direction old: -0.601117, new: -2.029410
 2710: direction old: 6.356309, new: 1.391977
 2711: direction old: -2.657014, new: 3.106920
 2713: direction old: 4.537195, new: 4.586827
 2714: direction old: -1.719978, new: 4.198462
(b)r: 1.86882 phi: -0.502683 vel: ( 0.204296, 0.0168527 ) (2716,0) rel: ( 1.86875, -0.0163958 ), (2716,0) global: ( 23.2967, 14.9269 ), (2716,0), changes: 0.132, 0.1 last seen:(2714,0) globalposderived: (2714,0)
 2716: direction old: 9.351536, new: 4.587837
(b)r: 1.8 phi: 0 vel: ( 0.197589, 0.0192367 ) (2716,0) rel: ( 1.8, 0 ), (2716,0) global: ( 23.1754, 14.7554 ), (2716,0), changes: 0.072, 0.2 last seen:(2716,0) globalposderived: (2716,0)
(b)r: 1.61032 phi: 1.574 vel: ( 0.185734, 0.0180825 ) (2717,0) rel: ( 1.60972, 0.0442326 ), (2717,0) global: ( 23.373, 14.7747 ), (2717,0), changes: 0.072, 0.2 last seen:(2716,0) globalposderived: (2716,0)
 2717: direction old: 6.380990, new: 5.537176
(b)r: 1.6 phi: 1 vel: ( 0.18389, 0.0189358 ) (2717,0) rel: ( 1.59976, 0.0279239 ), (2717,0) global: ( 23.3726, 14.7509 ), (2717,0), changes: 0.064, 0.6 last seen:(2717,0) globalposderived: (2717,0)
(b)r: 1.36214 phi: 1.97875 vel: ( 0.172856, 0.0177996 ) (2718,0) rel: ( 1.36133, 0.0470333 ), (2718,0) global: ( 23.5565, 14.7698 ), (2718,0), changes: 0.064, 0.6 last seen:(2717,0) globalposderived: (2717,0)
(b)r: 1.11248 phi: 2.25187 vel: ( 0.162485, 0.0167316 ) (2719,0) rel: ( 1.11162, 0.0437121 ), (2719,0) global: ( 23.7294, 14.7876 ), (2719,0), changes: 0.064, 0.6 last seen:(2717,0) globalposderived: (2717,0)
 2719: direction old: 19.264702, new: 9.010722
(b)r: 1.1 phi: 4 vel: ( 0.155998, 0.0216355 ) (2719,0) rel: ( 1.09732, 0.0767321 ), (2719,0) global: ( 23.6617, 14.5566 ), (2719,0), changes: 0.022, 0.5 last seen:(2719,0) globalposderived: (2719,0)
(b)r: 0.834764 phi: 5.3111 vel: ( 0.146638, 0.0203374 ) (2720,0) rel: ( 0.831181, 0.0772687 ), (2720,0) global: ( 23.8177, 14.5782 ), (2720,0), changes: 0.022, 0.5 last seen:(2719,0) globalposderived: (2719,0)
 2720: ball (23.817688,14.578199), agent (22.996433,14.428629), to (33.231348,0.185706) ang 5.010722 5.010722
 2720: relpos body (0.834764,5.311103), vel. ball:(0.146638,0.020337) dist: 0.995172 (0.300000,0.085000,0.610172)
 2720: point good, but reposition ball since need 125.033326
 2720: (kick 17.208833 -167.318732), vecDesired (-0.211187,-0.093804) 0.000000 posDes(23.606502,14.484395)
 2720: direction old: -8.419284, new: 10.460875
(b)r: 0.9 phi: 6 vel: ( 0.145448, 0.025712 ) (2720,0) rel: ( 0.89507, 0.0940756 ), (2720,0) global: ( 23.9845, 14.8479 ), (2720,0), changes: 0.018, 1 last seen:(2720,0) globalposderived: (2720,0)
 2720: ball (23.984460,14.847919), agent (23.099419,14.684511), to (33.231348,0.185706) ang 4.460875 4.460875
 2720: relpos body (0.900000,6.000000), vel. ball:(0.145448,0.025712) dist: 0.995172 (0.300000,0.085000,0.610172)
 2720: point good, but reposition ball since need 129.825247
 2720: (kick 20.988308 -166.119459), vecDesired (-0.274466,-0.113498) 0.000000 posDes(23.709994,14.734421)
(b)r: 0.502915 phi: -0.0463126 vel: ( -0.23915, -0.10131 ) (2721,0) rel: ( 0.502915, -0.00040651 ), (2721,0) global: ( 23.73, 14.7401 ), (2721,0), changes: 0.018, 1 last seen:(2720,0) globalposderived: (2720,0)
 2721: ball (23.730045,14.740142), agent (23.228622,14.701431), to (33.231348,0.185706) ang 4.460875 4.460875
 2721: relpos body (0.502915,-0.046313), vel. ball:(-0.239150,-0.101310) dist: 0.995172 (0.300000,0.085000,0.610172)
 2721: point good and can reach point 110.775803
 2722: 2 pos: ball(25.005556,12.592152), ball_prev(23.984460,14.847919), agentdiff(-0.081078,-0.123716)
 2722: direction old: -44.738101, new: -47.455425
(b)r: 1.68874 phi: 1.23528 vel: ( 0.9304, -0.044599 ) (2856,0) rel: ( 1.68834, 0.0364057 ), (2856,0) global: ( -0.0780195, 15.5618 ), (2856,0), changes: -1.02, -4.3 last seen:(2855,0) globalposderived: (2855,0)
(b)r: 0.586994 phi: 1.23589 vel: ( 0.874576, -0.0419231 ) (2857,0) rel: ( 0.586858, 0.0126607 ), (2857,0) global: ( 0.852381, 15.5172 ), (2857,0), changes: -1.02, -4.3 last seen:(2855,0) globalposderived: (2855,0)
 2857: turnWithBall: kick ball away from opp at ang -164.703101
 2857: (kick 19.606210 60.116851), vecDesired (0.591171,-0.384432) -154.980519 posDes(1.443551,15.132744)
 2857: direction old: 133.052366, new: 113.326570
(b)r: 0.7 phi: -2 vel: ( 0.870644, -0.0205352 ) (2857,0) rel: ( 0.699574, -0.0244296 ), (2857,0) global: ( 1.01679, 15.6873 ), (2857,0), changes: -0.406, -73.5 last seen:(2857,0) globalposderived: (2857,0)
 2857: turnWithBall: freeze ball
(b)r: 0.644994 phi: -13.802 vel: ( 0.0177603, 0.0040879 ) (2858,0) rel: ( 0.62637, -0.153874 ), (2858,0) global: ( 1.03568, 15.6916 ), (2858,0), changes: -0.406, -73.5 last seen:(2857,0) globalposderived: (2857,0)
 2858: turnWithBall: turn since ball will be kickable in t+1
 2858: direction old: 111.758112, new: 102.469428
(b)r: 0.7 phi: -13 vel: ( 0.0168823, 0.0314088 ) (2858,0) rel: ( 0.682059, -0.157466 ), (2858,0) global: ( 1.14283, 15.728 ), (2858,0), changes: 0.014, -5 last seen:(2858,0) globalposderived: (2858,0)
 2858: turnWithBall: turn since ball will be kickable in t+1
(b)r: 0.2 phi: 144.716 vel: ( -0.00158693, -0.00295243 ) (2859,0) rel: ( -0.16326, 0.115526 ), (2859,0) global: ( 1.22785, 15.2473 ), (2859,0), changes: 0.014, -5 last seen:(2858,0) globalposderived: (2858,0)
 2859: ball (1.227851,15.247297), agent (1.254231,15.049045), to (6.180327,15.905533) ang 9.863278 -47.136722
 2859: relpos body (0.200000,87.716097), vel. ball:(-0.001587,-0.002952) dist: 0.995172 (0.300000,0.085000,0.610172)
 2859: point good and can reach point 31.921883
(b)r: 0.82153 phi: 68.8954 vel: ( 0.742016, 0.0999092 ) (2860,0) rel: ( 0.29581, 0.766425 ), (2860,0) global: ( 2.01723, 15.3536 ), (2860,0), changes: 0.014, -5 last seen:(2858,0) globalposderived: (2858,0)
 2860: ball (2.017229,15.353584), agent (1.254231,15.049045), to (6.180327,15.905533) ang 9.863278 -47.136722
 2860: relpos body (0.821530,11.895368), vel. ball:(0.742016,0.099909) dist: 0.995172 (0.300000,0.085000,0.610172)
 2860: point good and can reach point 1.030066
 2860: 2 pos: ball(1.398114,15.438465), ball_prev(1.142828,15.727983), agentdiff(-0.287867,-0.161572)
 2860: direction old: 23.919648, new: 51.918208
(b)r: 0.7 phi: 116 vel: ( 0.742016, 0.0999092 ) (2860,0) rel: ( -0.30686, 0.629156 ), (2860,0) global: ( 1.39811, 15.4385 ), (2860,0), changes: 0.014, -5 last seen:(2860,0) globalposderived: (2860,0)
 2860: ball (1.398114,15.438465), agent (0.966364,14.887473), to (5.928220,14.271043) ang -7.081792 -64.081792
 2860: relpos body (0.700000,59.000000), vel. ball:(0.742016,0.099909) dist: 0.995172 (0.300000,0.085000,0.610172)
 2860: point good and can reach point 14.507826
(b)r: 1.27612 phi: 80.3328 vel: ( 0.745782, -0.182241 ) (2861,0) rel: ( 0.214292, 1.258 ), (2861,0) global: ( 2.1915, 15.2446 ), (2861,0), changes: 0.014, -5 last seen:(2860,0) globalposderived: (2860,0)
 2861: 2 pos: ball(2.090045,15.206220), ball_prev(1.398114,15.438465), agentdiff(0.138040,0.149897)
 2861: vel based on 2 pos: (0.520658,-0.359214)
 2861: direction old: 10.792205, new: 9.720946
(b)r: 1 phi: 74 vel: ( 0.520658, -0.359214 ) (2861,0) rel: ( 0.275637, 0.961262 ), (2861,0) global: ( 2.09005, 15.2062 ), (2861,0), changes: 0.014, -5 last seen:(2861,0) globalposderived: (2861,0)
(b)r: 1.51828 phi: -31.164 vel: ( 0.489419, -0.337661 ) (2862,0) rel: ( 1.29918, -0.785696 ), (2862,0) global: ( 2.6107, 14.847 ), (2862,0), changes: 0.014, -5 last seen:(2861,0) globalposderived: (2861,0)
 2863: direction old: -14.819664, new: -13.555923
 2864: direction old: -17.043672, new: -16.976002
 2872: direction old: -29.859686, new: -26.148649
 2873: direction old: -26.998836, new: -28.151095
 2878: direction old: -22.395848, new: -31.501134
 2879: direction old: -32.070465, new: -32.691677
 2881: direction old: -30.709957, new: -33.437987
(b)r: 1.78223 phi: -2.28384 vel: ( 0.156781, -0.113473 ) (2882,0) rel: ( 1.78081, -0.0710218 ), (2882,0) global: ( 8.95004, 10.7727 ), (2882,0), changes: 0.08, -0.4 last seen:(2881,0) globalposderived: (2881,0)
 2882: direction old: -38.102971, new: -33.495072
(b)r: 1.8 phi: -2 vel: ( 0.136699, -0.0942295 ) (2882,0) rel: ( 1.7989, -0.0628191 ), (2882,0) global: ( 9.02632, 10.8967 ), (2882,0), changes: 0.036, -0.1 last seen:(2882,0) globalposderived: (2882,0)
(b)r: 1.5426 phi: -2.39121 vel: ( 0.128497, -0.0885757 ) (2883,0) rel: ( 1.54126, -0.0643611 ), (2883,0) global: ( 9.16302, 10.8024 ), (2883,0), changes: 0.036, -0.1 last seen:(2882,0) globalposderived: (2882,0)
(b)r: 1.24261 phi: -2.62183 vel: ( 0.120787, -0.0832612 ) (2884,0) rel: ( 1.24131, -0.0568414 ), (2884,0) global: ( 9.29152, 10.7139 ), (2884,0), changes: 0.036, -0.1 last seen:(2882,0) globalposderived: (2882,0)
 2884: direction old: -28.463452, new: -33.421898
(b)r: 1.2 phi: -2 vel: ( 0.135727, -0.0920792 ) (2884,0) rel: ( 1.19927, -0.0418794 ), (2884,0) global: ( 9.26605, 10.6097 ), (2884,0), changes: 0.024, -0.1 last seen:(2884,0) globalposderived: (2884,0)
(b)r: 0.908384 phi: -3.13611 vel: ( 0.127583, -0.0865545 ) (2885,0) rel: ( 0.907024, -0.049696 ), (2885,0) global: ( 9.40178, 10.5176 ), (2885,0), changes: 0.024, -0.1 last seen:(2884,0) globalposderived: (2884,0)
 2885: ball (9.401777,10.517604), agent (8.653675,11.032876), to (8.978948,-1.085949) ang -31.421898 -31.421898
 2885: relpos body (0.908384,-3.136112), vel. ball:(0.127583,-0.086554) dist: 0.995172 (0.300000,0.085000,0.610172)
 2885: point good, but reposition ball since need 113.119073
 2885: (kick 20.959574 172.586343), vecDesired (-0.216782,0.190674) 0.000000 posDes(9.184996,10.708278)
 2885: direction old: -42.493755, new: -34.587334
(b)r: 0.9 phi: -3 vel: ( 0.121637, -0.0825294 ) (2885,0) rel: ( 0.898767, -0.0471024 ), (2885,0) global: ( 9.46714, 10.6256 ), (2885,0), changes: 0, -0.4 last seen:(2885,0) globalposderived: (2885,0)
 2885: ball (9.467138,10.625623), agent (8.726202,11.136519), to (8.978948,-1.085949) ang -31.587334 -31.587334
 2885: relpos body (0.900000,-3.000000), vel. ball:(0.121637,-0.082529) dist: 0.995172 (0.300000,0.085000,0.610172)
 2885: point good, but reposition ball since need 112.792484
 2885: (kick 20.121325 172.765888), vecDesired (-0.210555,0.184765) 0.000000 posDes(9.256583,10.810388)
(b)r: 0.495702 phi: 0.0859658 vel: ( -0.192673, 0.17629 ) (2886,0) rel: ( 0.495702, 0.000743745 ), (2886,0) global: ( 9.26217, 10.8132 ), (2886,0), changes: 0, -0.4 last seen:(2885,0) globalposderived: (2885,0)
 2886: ball (9.262167,10.813166), agent (8.839517,11.072180), to (8.978948,-1.085949) ang -31.587334 -31.587334
 2886: relpos body (0.495702,0.085966), vel. ball:(-0.192673,0.176290) dist: 0.995172 (0.300000,0.085000,0.610172)
 2886: point good and can reach point 102.561409
 2887: 2 pos: ball(8.991788,8.416826), ball_prev(9.467138,10.625623), agentdiff(-0.171012,-0.155820)
 2887: direction old: -78.022432, new: -83.211016
 3267: direction old: -81.770147, new: -29.481118
 3268: 2 pos: ball(1.262366,8.969693), ball_prev(1.002483,7.227407), agentdiff(-0.220856,-0.497864)
 3268: vel based on 2 pos: (0.451894,2.105741)
 3268: direction old: -17.707763, new: 26.360371
 3486: direction old: -23.337458, new: -18.703583
(b)r: 0.68108 phi: -47.8202 vel: ( -1.14004, 0.163123 ) (3487,0) rel: ( 0.457318, -0.504708 ), (3487,0) global: ( 17.3606, 12.5335 ), (3487,0), changes: -1.404, -4.6 last seen:(3486,0) globalposderived: (3486,0)
 3487: ball (17.360594,12.533521), agent (16.866750,13.002550), to (26.539269,10.464366) ang -14.703583 4.296417
 3487: relpos body (0.681080,-28.820162), vel. ball:(-1.140038,0.163123) dist: 0.995172 (0.300000,0.085000,0.610172)
 3487: point good and can reach point 100.137812
 3487: direction old: -37.327374, new: -39.404155
(b)r: 0.8 phi: -44 vel: ( -1.16292, 0.162723 ) (3487,0) rel: ( 0.575472, -0.555727 ), (3487,0) global: ( 17.4359, 12.4396 ), (3487,0), changes: -1.264, -53.1 last seen:(3487,0) globalposderived: (3487,0)
 3487: ball (17.435906,12.439633), agent (16.817756,12.947462), to (26.503407,10.459861) ang -14.404155 4.595845
 3487: relpos body (0.800000,-25.000000), vel. ball:(-1.162922,0.162723) dist: 0.995172 (0.300000,0.085000,0.610172)
 3487: point good, but reposition ball since need 106.664498
 3487: (kick 59.776132 21.470051), vecDesired (0.110819,0.320606) 0.000000 posDes(17.546725,12.760239)
(b)r: 0.481528 phi: -22.5035 vel: ( 0.0897856, 0.289742 ) (3488,0) rel: ( 0.444862, -0.1843 ), (3488,0) global: ( 17.5314, 12.7479 ), (3488,0), changes: -1.264, -53.1 last seen:(3487,0) globalposderived: (3487,0)
 3488: ball (17.531423,12.747870), agent (17.073224,12.895932), to (26.758875,10.408331) ang -14.404155 4.595845
 3488: relpos body (0.481528,-3.503535), vel. ball:(0.089786,0.289742) dist: 0.995172 (0.300000,0.085000,0.610172)
 3488: point good and can reach point 44.289899
(b)r: 1.52727 phi: -19.9312 vel: ( 1.01405, -0.251563 ) (3489,0) rel: ( 1.43579, -0.520636 ), (3489,0) global: ( 18.6102, 12.4802 ), (3489,0), changes: -1.264, -53.1 last seen:(3487,0) globalposderived: (3487,0)
 3489: direction old: -12.787654, new: -16.236730
(b)r: 1.5 phi: -21 vel: ( 1.01128, -0.25382 ) (3489,0) rel: ( 1.40037, -0.537552 ), (3489,0) global: ( 18.5311, 12.4057 ), (3489,0), changes: 1.02, 1.3 last seen:(3489,0) globalposderived: (3489,0)
(b)r: 1.92328 phi: 0.491109 vel: ( 0.950606, -0.238591 ) (3490,0) rel: ( 1.92321, 0.0164851 ), (3490,0) global: ( 19.5424, 12.1519 ), (3490,0), changes: 1.02, 1.3 last seen:(3489,0) globalposderived: (3489,0)
 3490: direction old: -15.470906, new: -15.419249
 3492: direction old: -11.418070, new: -15.111743
 3910: direction old: -39.076390, new: -45.723476
(b)r: 1.5 phi: -135 vel: ( -1.74128, 0.446181 ) (3910,0) rel: ( -1.06066, -1.06066 ), (3910,0) global: ( 12.5271, -3.38229 ), (3910,0), changes: -2.44, 1 last seen:(3910,0) globalposderived: (3910,0)
(b)r: 1.07622 phi: -105.059 vel: ( -1.6368, 0.41941 ) (3911,0) rel: ( -0.279625, -1.03926 ), (3911,0) global: ( 10.7858, -2.93611 ), (3911,0), changes: -2.44, 1 last seen:(3910,0) globalposderived: (3910,0)
 3911: 2 pos: ball(10.730383,-2.784120), ball_prev(12.527123,-3.382293), agentdiff(0.162128,-0.033057)
 3911: vel based on 2 pos: (-1.841336,0.593357)
 3911: direction old: -134.967381, new: -142.629050
(b)r: 1.1 phi: -111 vel: ( -1.84134, 0.593357 ) (3911,0) rel: ( -0.394205, -1.02694 ), (3911,0) global: ( 10.7304, -2.78412 ), (3911,0), changes: -2.44, 1 last seen:(3911,0) globalposderived: (3911,0)
 3955: direction old: -118.716458, new: -118.901950
(b)r: 0.87779 phi: 57.8281 vel: ( 1.28716, 0.938538 ) (3956,0) rel: ( 0.467389, 0.743009 ), (3956,0) global: ( -5.63023, 12.1697 ), (3956,0), changes: -1.76, 20 last seen:(3955,0) globalposderived: (3955,0)
 3956: ball (-5.630227,12.169733), agent (-6.082314,12.922151), to (8.021509,-0.632802) ang -116.828726 -116.828726
 3956: relpos body (0.877790,57.828112), vel. ball:(1.287159,0.938538) dist: 0.995172 (0.300000,0.085000,0.610172)
 3956: point good, but reposition ball since need 159.695128
 3956: kickBallCloseToBody: cannot compensate ball speed, freeze
 3956: freeze ball will end up oustide -> accelerate
 3956: 2 pos: ball(-5.723206,12.520666), ball_prev(-6.999545,11.171288), agentdiff(-0.093754,0.376279)
 3956: vel based on 2 pos: (1.287887,0.914713)
 3956: direction old: -64.191463, new: -59.789423
(b)r: 0.9 phi: 56 vel: ( 1.28789, 0.914713 ) (3956,0) rel: ( 0.503274, 0.746134 ), (3956,0) global: ( -5.72321, 12.5207 ), (3956,0), changes: -1.76, 20 last seen:(3956,0) globalposderived: (3956,0)
 3956: ball (-5.723206,12.520666), agent (-6.176067,13.298430), to (8.021509,-0.632802) ang -115.789423 -115.789423
 3956: relpos body (0.900000,56.000000), vel. ball:(1.287887,0.914713) dist: 0.995172 (0.300000,0.085000,0.610172)
 3956: point good, but reposition ball since need 160.754296
 3956: kickBallCloseToBody: cannot compensate ball speed, freeze
 3956: freeze ball will end up oustide -> accelerate
(b)r: 0.711439 phi: 60.8737 vel: ( -0.0813126, 0.137484 ) (3957,0) rel: ( 0.346283, 0.621477 ), (3957,0) global: ( -5.80971, 12.6669 ), (3957,0), changes: -1.76, 20 last seen:(3956,0) globalposderived: (3956,0)
 3957: ball (-5.809709,12.666926), agent (-6.218631,13.249101), to (8.021509,-0.632802) ang -115.789423 -115.789423
 3957: relpos body (0.711439,60.873747), vel. ball:(-0.081313,0.137484) dist: 0.995172 (0.300000,0.085000,0.610172)
 3957: point good, but reposition ball since need 147.875650
 3957: (kick 26.090764 -63.689507), vecDesired (-0.631962,0.132476) 0.000000 posDes(-6.441670,12.799402)
(b)r: 0.2 phi: -0.0561168 vel: ( 0.059215, -0.0118337 ) (3958,0) rel: ( 0.2, -0.000195885 ), (3958,0) global: ( -6.30582, 13.0691 ), (3958,0), changes: -1.76, 20 last seen:(3956,0) globalposderived: (3956,0)
 3958: ball (-6.305820,13.069107), agent (-6.218631,13.249101), to (8.021509,-0.632802) ang -115.789423 -115.789423
 3958: relpos body (0.200000,-0.056117), vel. ball:(0.059215,-0.011834) dist: 0.995172 (0.300000,0.085000,0.610172)
 3958: point good and can reach point 100.400385
 3958: direction old: -98.376590, new: -108.712670
(b)r: 0.4 phi: 7 vel: ( 0.0581881, -0.0197099 ) (3958,0) rel: ( 0.397018, 0.0487477 ), (3958,0) global: ( -6.40025, 12.9205 ), (3958,0), changes: 0, 8.8 last seen:(3958,0) globalposderived: (3958,0)
 3958: ball (-6.400247,12.920482), agent (-6.271918,13.299338), to (8.021509,-0.632802) ang -115.712670 -115.712670
 3958: relpos body (0.400000,7.000000), vel. ball:(0.058188,-0.019710) dist: 0.995172 (0.300000,0.085000,0.610172)
 3958: point good, but reposition ball since need 109.556209
 3958: (kick 5.415479 -49.687163), vecDesired (-0.081063,-0.055983) 0.000000 posDes(-6.481310,12.864500)
(b)r: 0.476788 phi: 1.13645 vel: ( -0.0657706, -0.0514548 ) (3959,0) rel: ( 0.476694, 0.00945633 ), (3959,0) global: ( -6.47022, 12.8657 ), (3959,0), changes: 0, 8.8 last seen:(3958,0) globalposderived: (3958,0)
 3959: ball (-6.470216,12.865743), agent (-6.271918,13.299338), to (8.021509,-0.632802) ang -115.712670 -115.712670
 3959: relpos body (0.476788,1.136446), vel. ball:(-0.065771,-0.051455) dist: 0.995172 (0.300000,0.085000,0.610172)
 3959: point good, but reposition ball since need 114.912755
 3959: (kick 2.861538 158.275222), vecDesired (-0.011094,-0.001243) 0.000000 posDes(-6.481310,12.864500)
 3959: direction old: -114.576225, new: -114.712670
(b)r: 0.4 phi: 1 vel: ( -0.0565635, -0.0444209 ) (3959,0) rel: ( 0.399939, 0.00698096 ), (3959,0) global: ( -6.43915, 12.936 ), (3959,0), changes: 0.064, -4.7 last seen:(3959,0) globalposderived: (3959,0)
 3959: ball (-6.439146,12.935972), agent (-6.271918,13.299338), to (8.021509,-0.632802) ang -115.712670 -115.712670
 3959: relpos body (0.400000,1.000000), vel. ball:(-0.056563,-0.044421) dist: 0.995172 (0.300000,0.085000,0.610172)
 3959: point good, but reposition ball since need 111.154907
 3959: (kick 1.143597 53.738017), vecDesired (-0.042165,-0.071472) 0.000000 posDes(-6.481310,12.864500)
(b)r: 0.48064 phi: -0.394411 vel: ( -0.0416218, -0.0641414 ) (3960,0) rel: ( 0.480629, -0.00330859 ), (3960,0) global: ( -6.48342, 12.8677 ), (3960,0), changes: 0.064, -4.7 last seen:(3959,0) globalposderived: (3959,0)
 3960: ball (-6.483424,12.867736), agent (-6.271918,13.299338), to (8.021509,-0.632802) ang -115.712670 -115.712670
 3960: relpos body (0.480640,-0.394411), vel. ball:(-0.041622,-0.064141) dist: 0.995172 (0.300000,0.085000,0.610172)
 3960: point good, but reposition ball since need 113.957359
 3960: (kick 2.891994 170.030725), vecDesired (0.002114,-0.003236) 0.000000 posDes(-6.481310,12.864500)
(b)r: 0.505426 phi: -0.450769 vel: ( -0.0106721, -0.0207157 ) (3961,0) rel: ( 0.50541, -0.00397635 ), (3961,0) global: ( -6.49478, 12.8457 ), (3961,0), changes: 0.064, -4.7 last seen:(3959,0) globalposderived: (3959,0)
 3961: ball (-6.494777,12.845698), agent (-6.271918,13.299338), to (8.021509,-0.632802) ang -115.712670 -115.712670
 3961: relpos body (0.505426,-0.450769), vel. ball:(-0.010672,-0.020716) dist: 0.995172 (0.300000,0.085000,0.610172)
 3961: point good, but reposition ball since need 115.422041
 3961: (kick 1.805263 174.293933), vecDesired (0.013467,0.018801) 0.000000 posDes(-6.481310,12.864500)
 3961: direction old: -116.163439, new: -116.712670
(b)r: 0.6 phi: -1 vel: ( -0.0208598, -0.0298041 ) (3961,0) rel: ( 0.599909, -0.0104714 ), (3961,0) global: ( -6.54163, 12.7634 ), (3961,0), changes: 0.036, -0.5 last seen:(3961,0) globalposderived: (3961,0)
 3961: ball (-6.541628,12.763375), agent (-6.271918,13.299338), to (6.203391,15.778965) ang -115.712670 -115.712670
 3961: relpos body (0.600000,-1.000000), vel. ball:(-0.020860,-0.029804) dist: 0.995172 (0.300000,0.085000,0.610172)
 3961: point good and can reach point 101.346612
 3962: 2 pos: ball(-4.073671,13.387142), ball_prev(-6.541628,12.763375), agentdiff(0.000000,0.000000)
 3962: vel based on 2 pos: (2.319880,0.586341)
 3962: direction old: -0.020184, new: 2.287330
 4010: direction old: 23.817529, new: 24.511868
(b)r: 1.59416 phi: -10.7334 vel: ( 0.091799, 0.0328753 ) (4012,0) rel: ( 1.56626, -0.296895 ), (4012,0) global: ( 31.0363, 21.8687 ), (4012,0), changes: -0.12, -0.1 last seen:(4010,0) globalposderived: (4010,0)
 4012: direction old: 18.343397, new: 20.279062
(b)r: 1.8 phi: -10 vel: ( 0.0949048, 0.0340392 ) (4012,0) rel: ( 1.77265, -0.312567 ), (4012,0) global: ( 31.1812, 21.9808 ), (4012,0), changes: -0.144, -1 last seen:(4012,0) globalposderived: (4012,0)
(b)r: 1.64052 phi: -3.02399 vel: ( 0.0892105, 0.0319969 ) (4013,0) rel: ( 1.63824, -0.0865441 ), (4013,0) global: ( 31.2761, 22.0149 ), (4013,0), changes: -0.144, -1 last seen:(4012,0) globalposderived: (4012,0)
 4013: direction old: 23.513916, new: 20.264078
(b)r: 1.6 phi: -3 vel: ( 0.104482, 0.040061 ) (4013,0) rel: ( 1.59781, -0.0837375 ), (4013,0) global: ( 31.2891, 21.9216 ), (4013,0), changes: 0.032, -0.1 last seen:(4013,0) globalposderived: (4013,0)
(b)r: 1.06286 phi: -5.37552 vel: ( 0.0982132, 0.0376573 ) (4014,0) rel: ( 1.05818, -0.0995718 ), (4014,0) global: ( 31.3936, 21.9617 ), (4014,0), changes: 0.032, -0.1 last seen:(4013,0) globalposderived: (4013,0)
(b)r: 0.2 phi: -9.56502 vel: ( -0.00923204, -0.00353979 ) (4015,0) rel: ( 0.19722, -0.0332333 ), (4015,0) global: ( 31.2874, 21.9495 ), (4015,0), changes: 0.032, -0.1 last seen:(4013,0) globalposderived: (4013,0)
 4015: ball (31.287412,21.949504), agent (31.093101,21.902140), to (8.021509,-0.632802) ang 19.264078 23.264078
 4015: relpos body (0.200000,-5.565016), vel. ball:(-0.009232,-0.003540) dist: 0.995172 (0.300000,0.085000,0.610172)
 4015: pos (-2.864729,-2.780558) too far, but can acc ball good to 2.892874 k=2.883787,-0.003890
 4015: direction old: -24.186029, new: 10.312563
(b)r: 0.4 phi: -12 vel: ( -0.0131952, -0.00362308 ) (4015,0) rel: ( 0.391259, -0.0831647 ), (4015,0) global: ( 31.3956, 22.1493 ), (4015,0), changes: 0.016, 0.5 last seen:(4015,0) globalposderived: (4015,0)
 4015: ball (31.395606,22.149266), agent (31.002068,22.077659), to (8.021509,-0.632802) ang 18.312563 22.312563
 4015: relpos body (0.400000,-8.000000), vel. ball:(-0.013195,-0.003623) dist: 0.995172 (0.300000,0.085000,0.610172)
 4015: pos (-2.858932,-2.786519) too far, but can acc ball good to 2.665376 k=2.653406,-0.006615
 4016: 2 pos: ball(29.453022,20.038206), ball_prev(31.395606,22.149266), agentdiff(0.065938,-0.093982)
 4016: vel based on 2 pos: (-1.888011,-1.896054)
 4016: direction old: -131.612507, new: -129.335043
 5586: 2 pos: ball(-0.695382,14.831898), ball_prev(-1.713529,17.095494), agentdiff(0.048271,-0.180711)
 5586: vel based on 2 pos: (0.911683,-1.957912)
 5586: direction old: 145.780037, new: -175.716047
