 251: 2 pos: ball(-8.128935,-15.811417), ball_prev(-10.672215,-15.596068), agentdiff(-0.020455,-0.142219)
 251: vel based on 2 pos: (2.409911,-0.068742)
 251: direction old: 99.223718, new: 99.349670
 367: direction old: 58.077073, new: 56.970854
(b)r: 1.9337 phi: 1.02143 vel: ( 0, 0 ) (368,0) rel: ( 1.9334, 0.0344709 ), (368,0) global: ( 21.4872, -5.23934 ), (368,0), changes: -0.45, 11.2 last seen:(367,0) globalposderived: (367,0)
 368: direction old: 62.601398, new: 76.463512
(b)r: 1.8 phi: 22 vel: ( -0.684197, 0.0613923 ) (368,0) rel: ( 1.66893, 0.674292 ), (368,0) global: ( 20.9459, -5.34652 ), (368,0), changes: -0.36, 24 last seen:(368,0) globalposderived: (368,0)
(b)r: 1.26941 phi: 62.2003 vel: ( -0.643145, 0.0577087 ) (369,0) rel: ( 0.592028, 1.1229 ), (369,0) global: ( 20.2617, -5.28513 ), (369,0), changes: -0.36, 24 last seen:(368,0) globalposderived: (368,0)
(b)r: 1.5297 phi: 3.21553 vel: ( -0.604556, 0.0542462 ) (370,0) rel: ( 1.52729, 0.0858041 ), (370,0) global: ( 19.6185, -5.22742 ), (370,0), changes: -0.36, 24 last seen:(368,0) globalposderived: (368,0)
 370: direction old: 137.602613, new: 143.972701
(b)r: 1.5 phi: 0 vel: ( 0, 0 ) (370,0) rel: ( 1.5, 0 ), (370,0) global: ( 19.4503, -5.29917 ), (370,0), changes: 0.48, 18.8 last seen:(370,0) globalposderived: (370,0)
(b)r: 1.00952 phi: -2.23932 vel: ( 0, 0 ) (371,0) rel: ( 1.00875, -0.0394455 ), (371,0) global: ( 19.4503, -5.29917 ), (371,0), changes: 0.48, 18.8 last seen:(370,0) globalposderived: (370,0)
 371: ball (19.450280,-5.299166), agent (20.320490,-5.810891), to (14.560576,0.034577) ang 144.781725 151.781725
 371: relpos body (1.009519,4.760681), vel. ball:(0.000000,0.000000) dist: 1.084558 (0.300000,0.085000,0.699558)
 371: point good and can reach point 104.705055
 371: direction old: 165.725460, new: 160.282634
(b)r: 1.6 phi: 9 vel: ( 0, 0 ) (371,0) rel: ( 1.5803, 0.250295 ), (371,0) global: ( 18.9468, -5.01446 ), (371,0), changes: 0.352, 10.1 last seen:(371,0) globalposderived: (371,0)
(b)r: 1.39992 phi: 13.4505 vel: ( 0, 0 ) (372,0) rel: ( 1.36152, 0.325628 ), (372,0) global: ( 18.9468, -5.01446 ), (372,0), changes: 0.352, 10.1 last seen:(371,0) globalposderived: (371,0)
(b)r: 0.907584 phi: -0.464446 vel: ( 0, 0 ) (373,0) rel: ( 0.907554, -0.0073569 ), (373,0) global: ( 18.9468, -5.01446 ), (373,0), changes: 0.352, 10.1 last seen:(371,0) globalposderived: (371,0)
 373: ball (18.946766,-5.014461), agent (19.852989,-5.064139), to (14.278402,0.748817) ang 144.326688 177.326688
 373: relpos body (0.907584,32.535554), vel. ball:(0.000000,0.000000) dist: 1.084558 (0.300000,0.085000,0.699558)
 373: point good and can reach point 104.997862
 373: direction old: 168.906758, new: -179.954475
 374: direction old: -175.824798, new: -176.291163
(b)r: 1.54736 phi: -1.78487 vel: ( 0, 0 ) (376,0) rel: ( 1.54661, -0.0481955 ), (376,0) global: ( 16.851, -5.18473 ), (376,0), changes: 0.486, 1.7 last seen:(374,0) globalposderived: (374,0)
(b)r: 1.38636 phi: 3.23066 vel: ( 0, 0 ) (379,0) rel: ( 1.38416, 0.0781297 ), (379,0) global: ( 14.6249, -5.4581 ), (379,0), changes: 0.3, -0.5 last seen:(377,0) globalposderived: (377,0)
 379: direction old: 179.735490, new: 178.703970
(b)r: 1.96589 phi: 0.900224 vel: ( 0, 0 ) (380,0) rel: ( 1.96564, 0.0308865 ), (380,0) global: ( 13.321, -5.40347 ), (380,0), changes: 0.27, -2.1 last seen:(379,0) globalposderived: (379,0)
 380: direction old: 177.096971, new: 175.553326
(b)r: 1.75798 phi: -1.76667 vel: ( 0, 0 ) (381,0) rel: ( 1.75715, -0.0541973 ), (381,0) global: ( 12.7926, -5.30925 ), (381,0), changes: 0.25, -1.6 last seen:(380,0) globalposderived: (380,0)
(b)r: 1.02353 phi: -0.576717 vel: ( 0, 0 ) (382,0) rel: ( 1.02348, -0.0103023 ), (382,0) global: ( 12.7926, -5.30925 ), (382,0), changes: 0.25, -1.6 last seen:(380,0) globalposderived: (380,0)
 382: ball (12.792622,-5.309247), agent (13.756854,-5.652580), to (14.342682,0.740254) ang -175.022514 160.977486
 382: relpos body (1.023534,-24.576717), vel. ball:(0.000000,0.000000) dist: 1.084558 (0.300000,0.085000,0.699558)
 382: point good and can reach point 102.763098
(b)r: 1.0633 phi: -2.26984 vel: ( 0, 0 ) (382,0) rel: ( 1.06247, -0.042113 ), (382,0) global: ( 12.4937, -4.92552 ), (382,0), changes: 0.25, -1.6 last seen:(-1,0) globalposderived: (380,0)
 382: ball (12.493720,-4.925517), agent (13.787473,-5.684597), to (14.342682,0.740254) ang -174.401273 161.598727
 382: relpos body (1.063304,-26.269837), vel. ball:(0.000000,0.000000) dist: 1.084558 (0.300000,0.085000,0.699558)
 382: point good and can reach point 105.123631
(b)r: 1.0633 phi: -2.26984 vel: ( 0, 0 ) (383,0) rel: ( 1.06247, -0.042113 ), (382,0) global: ( 12.4937, -4.92552 ), (383,0), changes: 0.25, -1.6 last seen:(-1,0) globalposderived: (380,0)
 383: ball (12.493720,-4.925517), agent (13.437176,-5.756494), to (14.342682,0.740254) ang -174.401273 -174.401273
 383: relpos body (1.063304,-2.269837), vel. ball:(0.000000,0.000000) dist: 1.084558 (0.300000,0.085000,0.699558)
 383: point good and can reach point 100.478984
(b)r: 0.931505 phi: 9.35941 vel: ( -2.08966, -0.810114 ) (504,0) rel: ( 0.919105, 0.151488 ), (504,0) global: ( 26.039, -5.16824 ), (504,0), changes: -2.788, 2.3 last seen:(503,0) globalposderived: (503,0)
 504: ball (26.038991,-5.168237), agent (25.249944,-5.663321), to (1.842751,-0.861087) ang 25.746641 22.746641
 504: relpos body (0.931505,6.359413), vel. ball:(-2.089664,-0.810114) dist: 1.084558 (0.300000,0.085000,0.699558)
 504: pos (-3.472970,0.618220) too far, but can acc ball good to 3.721739 k=2.148832,1.163798
 505: 2 pos: ball(22.992267,-4.603574), ball_prev(28.262037,-4.306414), agentdiff(0.003489,0.013965)
 505: direction old: 161.713551, new: 161.597884
 794: direction old: 42.729334, new: 41.506087
(b)r: 1.43376 phi: 19.6663 vel: ( -0.518879, -0.141402 ) (795,0) rel: ( 1.35013, 0.482521 ), (795,0) global: ( 17.9777, -6.61649 ), (795,0), changes: -0.572, 7.1 last seen:(794,0) globalposderived: (794,0)
(b)r: 0.82012 phi: 0.0031165 vel: ( -0.487747, -0.132918 ) (796,0) rel: ( 0.82012, 4.46089e-05 ), (796,0) global: ( 17.4588, -6.75789 ), (796,0), changes: -0.572, 7.1 last seen:(794,0) globalposderived: (794,0)
 796: ball (17.458792,-6.757891), agent (17.433967,-7.577636), to (18.568844,-4.209238) ang 37.262273 88.262273
 796: relpos body (0.820120,51.003116), vel. ball:(-0.487747,-0.132918) dist: 1.084558 (0.300000,0.085000,0.699558)
 796: point good and can reach point 108.907802
 796: direction old: 83.768746, new: 84.504056
(b)r: 0.9 phi: -3 vel: ( -0.47206, -0.126388 ) (796,0) rel: ( 0.898767, -0.0471024 ), (796,0) global: ( 17.4344, -6.87529 ), (796,0), changes: -0.27, 36.6 last seen:(796,0) globalposderived: (796,0)
 796: ball (17.434355,-6.875289), agent (17.348158,-7.771152), to (18.639499,-5.063305) ang 36.504056 87.504056
 796: relpos body (0.900000,48.000000), vel. ball:(-0.472060,-0.126388) dist: 1.084558 (0.300000,0.085000,0.699558)
 796: point good, but reposition ball since need 108.697347
 796: (kick 49.524646 -58.793978), vecDesired (0.454995,-0.506410) 0.000000 posDes(17.889351,-7.381700)
(b)r: 0.504719 phi: -50.8289 vel: ( 0.423279, -0.46026 ) (797,0) rel: ( 0.3188, -0.391291 ), (797,0) global: ( 17.8847, -7.36493 ), (797,0), changes: -0.27, 36.6 last seen:(796,0) globalposderived: (796,0)
 797: ball (17.884652,-7.364927), agent (17.479849,-7.666385), to (18.665964,-5.113906) ang 36.504056 87.504056
 797: relpos body (0.504719,0.171051), vel. ball:(0.423279,-0.460260) dist: 1.084558 (0.300000,0.085000,0.699558)
 797: point good and can reach point 84.192955
 797: direction old: 46.242519, new: 44.588827
(b)r: 0.5 phi: -43 vel: ( 0.401498, -0.437291 ) (797,0) rel: ( 0.365677, -0.340999 ), (797,0) global: ( 17.8721, -7.39894 ), (797,0), changes: -0.1, -63.4 last seen:(797,0) globalposderived: (797,0)
 797: ball (17.872057,-7.398944), agent (17.515976,-7.749951), to (18.631837,-5.291323) ang 36.588827 87.588827
 797: relpos body (0.500000,8.000000), vel. ball:(0.401498,-0.437291) dist: 1.084558 (0.300000,0.085000,0.699558)
 797: point good and can reach point 83.980528
(b)r: 0.980107 phi: -41.8337 vel: ( 0, 0 ) (800,0) rel: ( 0.730261, -0.653703 ), (800,0) global: ( 18.071, -6.82972 ), (800,0), changes: -0.1, -63.4 last seen:(797,0) globalposderived: (797,0)
 800: ball (18.071006,-6.829720), agent (17.598594,-7.688462), to (18.690266,-5.240046) ang 52.017615 103.017615
 800: relpos body (0.980107,9.166265), vel. ball:(0.000000,0.000000) dist: 1.084558 (0.300000,0.085000,0.699558)
 800: point good and can reach point 86.473235
(b)r: 1.86013 phi: -17.3142 vel: ( 0.722502, -1.39675 ) (886,0) rel: ( 1.77584, -0.553597 ), (886,0) global: ( 1.86296, -8.27637 ), (886,0), changes: -1.92, -2.7 last seen:(884,0) globalposderived: (884,0)
 886: direction old: 84.935225, new: 91.945485
(b)r: 1.8 phi: -20 vel: ( 0.717794, -1.36848 ) (886,0) rel: ( 1.69145, -0.615636 ), (886,0) global: ( 1.62238, -8.50239 ), (886,0), changes: -1.548, -22.7 last seen:(886,0) globalposderived: (886,0)
(b)r: 0.732646 phi: -70.886 vel: ( 0.674726, -1.28637 ) (887,0) rel: ( 0.239904, -0.692255 ), (887,0) global: ( 2.34018, -9.87087 ), (887,0), changes: -1.548, -22.7 last seen:(886,0) globalposderived: (886,0)
 887: ball (2.340178,-9.870871), agent (1.649446,-10.115124), to (-0.783683,0.387347) ang 89.360274 90.360274
 887: relpos body (0.732646,-69.885995), vel. ball:(0.674726,-1.286371) dist: 1.084558 (0.300000,0.085000,0.699558)
 887: point good, but reposition ball since need 178.516823
 887: kickBallCloseToBody: cannot compensate ball speed, freeze
 887: 2 pos: ball(1.709461,-9.774852), ball_prev(1.622384,-8.502392), agentdiff(-0.587985,0.075516)
 887: vel based on 2 pos: (0.634558,-1.267098)
 887: direction old: 7.517170, new: 22.223588
(b)r: 0.7 phi: -68 vel: ( 0.634558, -1.2671 ) (887,0) rel: ( 0.262225, -0.649029 ), (887,0) global: ( 1.70946, -9.77485 ), (887,0), changes: -1.548, -22.7 last seen:(887,0) globalposderived: (887,0)
 887: ball (1.709461,-9.774852), agent (1.061461,-10.039607), to (-1.267538,0.711009) ang 89.223588 90.223588
 887: relpos body (0.700000,-67.000000), vel. ball:(0.634558,-1.267098) dist: 1.084558 (0.300000,0.085000,0.699558)
 887: point good, but reposition ball since need 180.226630
 887: (kick 95.435612 39.907502), vecDesired (-0.657241,0.320699) 0.000000 posDes(1.052220,-9.454153)
(b)r: 0.656292 phi: -69.7088 vel: ( -0.0399041, 0.0459535 ) (888,0) rel: ( 0.227596, -0.615564 ), (888,0) global: ( 1.66701, -9.72597 ), (888,0), changes: -1.548, -22.7 last seen:(887,0) globalposderived: (887,0)
 888: ball (1.667010,-9.725965), agent (1.052339,-9.955962), to (-1.283512,0.799581) ang 89.223588 90.223588
 888: relpos body (0.656292,-68.708804), vel. ball:(-0.039904,0.045953) dist: 1.084558 (0.300000,0.085000,0.699558)
 888: point good, but reposition ball since need 110.491787
 888: (kick 28.843034 66.288535), vecDesired (-0.612274,0.306651) 0.000000 posDes(1.054736,-9.419314)
(b)r: 0.49076 phi: -3.22521 vel: ( -0.558607, 0.283717 ) (889,0) rel: ( 0.489982, -0.0276105 ), (889,0) global: ( 1.07275, -9.42414 ), (889,0), changes: -1.548, -22.7 last seen:(887,0) globalposderived: (887,0)
 889: ball (1.072747,-9.424139), agent (1.047049,-9.914226), to (-1.291106,0.841686) ang 89.223588 90.223588
 889: relpos body (0.490760,-2.225209), vel. ball:(-0.558607,0.283717) dist: 1.084558 (0.300000,0.085000,0.699558)
 889: point good and can reach point 76.226745
 889: direction old: 146.919355, new: 86.289103
(b)r: 0.4 phi: -5 vel: ( -0.552065, 0.261544 ) (889,0) rel: ( 0.398478, -0.0348623 ), (889,0) global: ( 1.83712, -9.50603 ), (889,0), changes: 0.184, 79.6 last seen:(889,0) globalposderived: (889,0)
 889: ball (1.837120,-9.506034), agent (1.811231,-9.905195), to (0.197070,-0.036331) ang 90.289103 91.289103
 889: relpos body (0.400000,-4.000000), vel. ball:(-0.552065,0.261544) dist: 1.084558 (0.300000,0.085000,0.699558)
 889: point good and can reach point 75.900017
 890: direction old: 98.480905, new: 102.289103
 943: direction old: 14.945551, new: 14.097993
 986: 2 pos: ball(7.287966,-15.003044), ball_prev(7.838268,-15.942880), agentdiff(-0.151510,-0.262998)
 986: vel based on 2 pos: (-0.374864,1.130664)
 986: direction old: -136.668641, new: -137.370329
(b)r: 2 phi: -93 vel: ( -0.374864, 1.13066 ) (986,0) rel: ( -0.104672, -1.99726 ), (986,0) global: ( 7.28797, -15.003 ), (986,0), changes: -1.32, -5.6 last seen:(986,0) globalposderived: (986,0)
(b)r: 1.83201 phi: -100.215 vel: ( -0.352372, 1.06282 ) (987,0) rel: ( -0.324884, -1.80297 ), (987,0) global: ( 6.9131, -13.8724 ), (987,0), changes: -1.32, -5.6 last seen:(986,0) globalposderived: (986,0)
 988: 2 pos: ball(6.676747,-12.744553), ball_prev(7.287966,-15.003044), agentdiff(0.243962,0.071230)
 988: direction old: 159.311529, new: 156.977852
 1094: direction old: 52.288858, new: 54.841173
 1096: direction old: 57.490081, new: 48.681933
 1097: direction old: 37.679783, new: 43.679942
(b)r: 1.98899 phi: -0.359067 vel: ( 0.154281, -0.0444005 ) (1099,0) rel: ( 1.98895, -0.0124647 ), (1099,0) global: ( 5.18297, -11.0179 ), (1099,0), changes: -0.044, -4.8 last seen:(1097,0) globalposderived: (1097,0)
 1099: direction old: 35.987427, new: 32.984558
(b)r: 2 phi: -3 vel: ( 0.174806, -0.0409819 ) (1099,0) rel: ( 1.99726, -0.104672 ), (1099,0) global: ( 5.19652, -11.1375 ), (1099,0), changes: 0, -4.8 last seen:(1099,0) globalposderived: (1099,0)
(b)r: 1.82698 phi: 0.304462 vel: ( 0.164318, -0.038523 ) (1100,0) rel: ( 1.82696, 0.00970828 ), (1100,0) global: ( 5.37133, -11.1785 ), (1100,0), changes: 0, -4.8 last seen:(1099,0) globalposderived: (1099,0)
 1100: direction old: 25.563548, new: 25.879534
(b)r: 1.74903 phi: -1.04947 vel: ( 0.137372, -0.065751 ) (1101,0) rel: ( 1.74873, -0.0320345 ), (1101,0) global: ( 5.80388, -11.0992 ), (1101,0), changes: -0.04, -5.1 last seen:(1100,0) globalposderived: (1100,0)
(b)r: 1.68792 phi: -0.895506 vel: ( 0.12913, -0.0618059 ) (1102,0) rel: ( 1.68772, -0.0263804 ), (1102,0) global: ( 5.94126, -11.1649 ), (1102,0), changes: -0.04, -5.1 last seen:(1100,0) globalposderived: (1100,0)
 1102: direction old: 11.741765, new: 13.143638
(b)r: 1.6 phi: -1 vel: ( 0.127344, -0.0459111 ) (1102,0) rel: ( 1.59976, -0.0279239 ), (1102,0) global: ( 5.74306, -11.1662 ), (1102,0), changes: 0.032, -4 last seen:(1102,0) globalposderived: (1102,0)
(b)r: 1.39965 phi: 1.1318 vel: ( 0.119703, -0.0431564 ) (1103,0) rel: ( 1.39938, 0.0276464 ), (1103,0) global: ( 5.8704, -11.2121 ), (1103,0), changes: 0.032, -4 last seen:(1102,0) globalposderived: (1102,0)
 1103: direction old: 19.097803, new: 10.400131
(b)r: 1.5 phi: 0 vel: ( 0.125437, -0.0468055 ) (1103,0) rel: ( 1.5, 0 ), (1103,0) global: ( 6.10887, -11.3695 ), (1103,0), changes: -0.03, -3 last seen:(1103,0) globalposderived: (1103,0)
(b)r: 1.25391 phi: -1.4289 vel: ( 0.117911, -0.0439971 ) (1104,0) rel: ( 1.25352, -0.031268 ), (1104,0) global: ( 6.23431, -11.4164 ), (1104,0), changes: -0.03, -3 last seen:(1103,0) globalposderived: (1103,0)
(b)r: 1.17371 phi: -4.33412 vel: ( 0.110836, -0.0413573 ) (1105,0) rel: ( 1.17035, -0.0886999 ), (1105,0) global: ( 6.35222, -11.4604 ), (1105,0), changes: -0.03, -3 last seen:(1103,0) globalposderived: (1103,0)
 1105: 2 pos: ball(3.681010,-10.196290), ball_prev(6.108872,-11.369549), agentdiff(-0.004038,0.028989)
 1105: direction old: 3.031938, new: 138.461181
(b)r: 1.89009 phi: -8.41192 vel: ( 0.104186, -0.0388759 ) (1106,0) rel: ( 1.86976, -0.276499 ), (1106,0) global: ( 3.79185, -10.2376 ), (1106,0), changes: -0.03, -3 last seen:(1105,0) globalposderived: (1105,0)
(b)r: 0.945966 phi: -94.0369 vel: ( 2.06195, 0.560119 ) (1282,0) rel: ( -0.0665957, -0.943619 ), (1282,0) global: ( -11.4366, -17.8197 ), (1282,0), changes: -2.52, -6.5 last seen:(1280,0) globalposderived: (1280,0)
 1282: ball (-11.436626,-17.819718), agent (-11.640977,-18.743347), to (-6.461324,0.301832) ang 171.561342 171.561342
 1282: relpos body (0.945966,-94.036947), vel. ball:(2.061951,0.560119) dist: 1.084558 (0.300000,0.085000,0.699558)
 1282: point good, but reposition ball since need 145.686862
 1282: kickBallCloseToBody: cannot compensate ball speed, freeze
 1282: freeze ball will end up oustide -> accelerate
 1282: 2 pos: ball(-11.665936,-17.690714), ball_prev(-15.963770,-19.049495), agentdiff(-0.122205,-0.143419)
 1282: direction old: 72.983958, new: 85.351723
(b)r: 1.2 phi: -85 vel: ( 2.01317, 0.684198 ) (1282,0) rel: 