 0: change player from message 62 -> 1
 0: changed player from message 62 -> 1
 0: change player from message 63 -> 2
 0: changed player from message 63 -> 2
 0: change player from message 64 -> 3
 0: changed player from message 64 -> 3
 0: change player from message 65 -> 4
 0: changed player from message 65 -> 4
 0: change player from message 66 -> 5
 0: changed player from message 66 -> 5
 0: change player from message 67 -> 6
 0: changed player from message 67 -> 6
 0: change player from message 68 -> 7
 0: changed player from message 68 -> 7
 0: change player from message 69 -> 8
 0: changed player from message 69 -> 8
 0: change player from message 70 -> 9
 0: changed player from message 70 -> 9
 0: change player from message 71 -> 10
 0: changed player from message 71 -> 10
(b)r: 1.44501 phi: 0.861251 vel: ( -0.514618, 0.180098 ) (3981,0) rel: ( 1.44484, 0.0217201 ), (3981,0) global: ( -37.5621, -5.828 ), (3981,0), changes: -0.96, -0.1 last seen:(3980,0) globalposderived: (3980,0)
 3981: direction old: -26.631723, new: -20.851824
(b)r: 1.5 phi: 0 vel: ( -0.528516, 0.178784 ) (3981,0) rel: ( 1.5, 0 ), (3981,0) global: ( -37.5907, -5.64469 ), (3981,0), changes: -0.96, -1.3 last seen:(3981,0) globalposderived: (3981,0)
(b)r: 0.467716 phi: -0.757036 vel: ( -0.496805, 0.168057 ) (3982,0) rel: ( 0.467676, -0.00617965 ), (3982,0) global: ( -38.1192, -5.46591 ), (3982,0), changes: -0.96, -1.3 last seen:(3981,0) globalposderived: (3981,0)
(b)r: 0.2 phi: 86.243 vel: ( 0, 0 ) (3983,0) rel: ( 0.0131051, 0.19957 ), (3983,0) global: ( -38.3665, -5.3634 ), (3983,0), changes: -0.96, -1.3 last seen:(3981,0) globalposderived: (3981,0)
 3983: 2 pos: ball(-38.226919,-5.522677), ball_prev(-37.590667,-5.644692), agentdiff(-0.042482,-0.076345)
 3983: direction old: -0.058857, new: -23.501367
(b)r: 0.4 phi: 90 vel: ( 0, 0 ) (3983,0) rel: ( 2.44929e-17, 0.4 ), (3983,0) global: ( -38.2269, -5.52268 ), (3983,0), changes: -0.96, -1.3 last seen:(3983,0) globalposderived: (3983,0)
(b)r: 0.4 phi: -7.10543e-15 vel: ( 0, 0 ) (3984,0) rel: ( 0.4, -4.96052e-17 ), (3984,0) global: ( -38.2269, -5.52268 ), (3984,0), changes: -0.96, -1.3 last seen:(3983,0) globalposderived: (3983,0)
 3984: direction old: 3.386019, new: 1.155708
(b)r: 0.4 phi: 24 vel: ( 0, 0 ) (3984,0) rel: ( 0.365418, 0.162695 ), (3984,0) global: ( -38.1758, -5.53525 ), (3984,0), changes: 0, 0 last seen:(3984,0) globalposderived: (3984,0)
(b)r: 0.4 phi: 24.0034 vel: ( 0, 0 ) (3985,0) rel: ( 0.365409, 0.162716 ), (3985,0) global: ( -38.1758, -5.53525 ), (3985,0), changes: 0, 0 last seen:(3984,0) globalposderived: (3984,0)
(b)r: 0.4 phi: -0.000150519 vel: ( 0, 0 ) (3986,0) rel: ( 0.4, -1.05082e-06 ), (3986,0) global: ( -38.1758, -5.53525 ), (3986,0), changes: 0, 0 last seen:(3984,0) globalposderived: (3984,0)
 3986: direction old: 1.155708, new: 1.048192
(b)r: 0.4 phi: 0 vel: ( 0, 0 ) (3986,0) rel: ( 0.4, 0 ), (3986,0) global: ( -38.1758, -5.536 ), (3986,0), changes: 0, 0 last seen:(3986,0) globalposderived: (3986,0)
(b)r: 0.4 phi: 4.66294e-15 vel: ( 0, 0 ) (3987,0) rel: ( 0.4, 3.25534e-17 ), (3987,0) global: ( -38.1758, -5.536 ), (3987,0), changes: 0, 0 last seen:(3986,0) globalposderived: (3986,0)
 3987: direction old: 1.048192, new: 1.048192
(b)r: 0.4 phi: 0 vel: ( 0, 0 ) (3987,0) rel: ( 0.4, 0 ), (3987,0) global: ( -38.1758, -5.536 ), (3987,0), changes: 0, 0 last seen:(3987,0) globalposderived: (3987,0)
(b)r: 0.4 phi: 1.46549e-14 vel: ( 0, 0 ) (3988,0) rel: ( 0.4, 1.02311e-16 ), (3988,0) global: ( -38.1758, -5.536 ), (3988,0), changes: 0, 0 last seen:(3987,0) globalposderived: (3987,0)
(b)r: 0.4 phi: 4.66294e-15 vel: ( 0, 0 ) (3989,0) rel: ( 0.4, 3.25534e-17 ), (3989,0) global: ( -38.1758, -5.536 ), (3989,0), changes: 0, 0 last seen:(3987,0) globalposderived: (3987,0)
 3989: direction old: 1.048192, new: 1.048192
(b)r: 0.4 phi: 0 vel: ( 0, 0 ) (3989,0) rel: ( 0.4, 0 ), (3989,0) global: ( -38.1758, -5.536 ), (3989,0), changes: 0, 0 last seen:(3989,0) globalposderived: (3989,0)
(b)r: 0.4 phi: 4.66294e-15 vel: ( 0, 0 ) (3990,0) rel: ( 0.4, 3.25534e-17 ), (3990,0) global: ( -38.1758, -5.536 ), (3990,0), changes: 0, 0 last seen:(3989,0) globalposderived: (3989,0)
 3990: direction old: 1.048192, new: 1.048192
(b)r: 0.4 phi: 0 vel: ( 0, 0 ) (3990,0) rel: ( 0.4, 0 ), (3990,0) global: ( -38.1758, -5.536 ), (3990,0), changes: 0, 0 last seen:(3990,0) globalposderived: (3990,0)
(b)r: 0.4 phi: 1.46549e-14 vel: ( 0, 0 ) (3991,0) rel: ( 0.4, 1.02311e-16 ), (3991,0) global: ( -38.1758, -5.536 ), (3991,0), changes: 0, 0 last seen:(3990,0) globalposderived: (3990,0)
(b)r: 0.4 phi: 4.66294e-15 vel: ( 0, 0 ) (3992,0) rel: ( 0.4, 3.25534e-17 ), (3992,0) global: ( -38.1758, -5.536 ), (3992,0), changes: 0, 0 last seen:(3990,0) globalposderived: (3990,0)
 3992: direction old: 1.048192, new: 1.048192
(b)r: 0.4 phi: 0 vel: ( 0, 0 ) (3992,0) rel: ( 0.4, 0 ), (3992,0) global: ( -38.1758, -5.536 ), (3992,0), changes: 0, 0 last seen:(3992,0) globalposderived: (3992,0)
(b)r: 0.4 phi: 4.66294e-15 vel: ( 0, 0 ) (3993,0) rel: ( 0.4, 3.25534e-17 ), (3993,0) global: ( -38.1758, -5.536 ), (3993,0), changes: 0, 0 last seen:(3992,0) globalposderived: (3992,0)
 3993: direction old: 1.048192, new: 1.048192
(b)r: 0.4 phi: 0 vel: ( 0, 0 ) (3993,0) rel: ( 0.4, 0 ), (3993,0) global: ( -38.1758, -5.536 ), (3993,0), changes: 0, 0 last seen:(3993,0) globalposderived: (3993,0)
(b)r: 0.4 phi: 1.46549e-14 vel: ( 0, 0 ) (3994,0) rel: ( 0.4, 1.02311e-16 ), (3994,0) global: ( -38.1758, -5.536 ), (3994,0), changes: 0, 0 last seen:(3993,0) globalposderived: (3993,0)
(b)r: 0.4 phi: 4.66294e-15 vel: ( 0, 0 ) (3995,0) rel: ( 0.4, 3.25534e-17 ), (3995,0) global: ( -38.1758, -5.536 ), (3995,0), changes: 0, 0 last seen:(3993,0) globalposderived: (3993,0)
 3995: direction old: 1.048192, new: 1.048192
(b)r: 0.4 phi: 0 vel: ( 0, 0 ) (3995,0) rel: ( 0.4, 0 ), (3995,0) global: ( -38.1758, -5.536 ), (3995,0), changes: 0, 0 last seen:(3995,0) globalposderived: (3995,0)
(b)r: 0.4 phi: 4.66294e-15 vel: ( 0, 0 ) (3996,0) rel: ( 0.4, 3.25534e-17 ), (3996,0) global: ( -38.1758, -5.536 ), (3996,0), changes: 0, 0 last seen:(3995,0) globalposderived: (3995,0)
 3996: direction old: 1.048192, new: 1.048192
(b)r: 0.4 phi: 0 vel: ( 0, 0 ) (3996,0) rel: ( 0.4, 0 ), (3996,0) global: ( -38.1758, -5.536 ), (3996,0), changes: 0, 0 last seen:(3996,0) globalposderived: (3996,0)
(b)r: 0.4 phi: 1.46549e-14 vel: ( 0, 0 ) (3997,0) rel: ( 0.4, 1.02311e-16 ), (3997,0) global: ( -38.1758, -5.536 ), (3997,0), changes: 0, 0 last seen:(3996,0) globalposderived: (3996,0)
(b)r: 0.4 phi: 4.66294e-15 vel: ( 0, 0 ) (3998,0) rel: ( 0.4, 3.25534e-17 ), (3998,0) global: ( -38.1758, -5.536 ), (3998,0), changes: 0, 0 last seen:(3996,0) globalposderived: (3996,0)
 3998: direction old: 1.048192, new: 1.048192
(b)r: 0.4 phi: 0 vel: ( 0, 0 ) (3998,0) rel: ( 0.4, 0 ), (3998,0) global: ( -38.1758, -5.536 ), (3998,0), changes: 0, 0 last seen:(3998,0) globalposderived: (3998,0)
(b)r: 0.4 phi: 4.66294e-15 vel: ( 0, 0 ) (3999,0) rel: ( 0.4, 3.25534e-17 ), (3999,0) global: ( -38.1758, -5.536 ), (3999,0), changes: 0, 0 last seen:(3998,0) globalposderived: (3998,0)
 3999: direction old: 1.048192, new: 1.048192
(b)r: 0.4 phi: 0 vel: ( 0, 0 ) (3999,0) rel: ( 0.4, 0 ), (3999,0) global: ( -38.1758, -5.536 ), (3999,0), changes: 0, 0 last seen:(3999,0) globalposderived: (3999,0)
(b)r: 0.4 phi: 1.46549e-14 vel: ( 0, 0 ) (4000,0) rel: ( 0.4, 1.02311e-16 ), (4000,0) global: ( -38.1758, -5.536 ), (4000,0), changes: 0, 0 last seen:(3999,0) globalposderived: (3999,0)
(b)r: 0.4 phi: 4.66294e-15 vel: ( 0, 0 ) (4001,0) rel: ( 0.4, 3.25534e-17 ), (4001,0) global: ( -38.1758, -5.536 ), (4001,0), changes: 0, 0 last seen:(3999,0) globalposderived: (3999,0)
 4001: direction old: 1.048192, new: 1.048192
(b)r: 0.4 phi: 0 vel: ( 0, 0 ) (4001,0) rel: ( 0.4, 0 ), (4001,0) global: ( -38.1758, -5.536 ), (4001,0), changes: 0, 0 last seen:(4001,0) globalposderived: (4001,0)
(b)r: 0.4 phi: 4.66294e-15 vel: ( 0, 0 ) (4002,0) rel: ( 0.4, 3.25534e-17 ), (4002,0) global: ( -38.1758, -5.536 ), (4002,0), changes: 0, 0 last seen:(4001,0) globalposderived: (4001,0)
 4002: direction old: 1.048192, new: 1.048192
(b)r: 0.4 phi: 0 vel: ( 0, 0 ) (4002,0) rel: ( 0.4, 0 ), (4002,0) global: ( -38.1758, -5.536 ), (4002,0), changes: 0, 0 last seen:(4002,0) globalposderived: (4002,0)
(b)r: 0.4 phi: 1.46549e-14 vel: ( 0, 0 ) (4003,0) rel: ( 0.4, 1.02311e-16 ), (4003,0) global: ( -38.1758, -5.536 ), (4003,0), changes: 0, 0 last seen:(4002,0) globalposderived: (4002,0)
(b)r: 0.4 phi: 4.66294e-15 vel: ( 0, 0 ) (4004,0) rel: ( 0.4, 3.25534e-17 ), (4004,0) global: ( -38.1758, -5.536 ), (4004,0), changes: 0, 0 last seen:(4002,0) globalposderived: (4002,0)
 4004: direction old: 1.048192, new: 1.048192
(b)r: 0.4 phi: 0 vel: ( 0, 0 ) (4004,0) rel: ( 0.4, 0 ), (4004,0) global: ( -38.1758, -5.536 ), (4004,0), changes: 0, 0 last seen:(4004,0) globalposderived: (4004,0)
(b)r: 0.4 phi: 4.66294e-15 vel: ( 0, 0 ) (4005,0) rel: ( 0.4, 3.25534e-17 ), (4005,0) global: ( -38.1758, -5.536 ), (4005,0), changes: 0, 0 last seen:(4004,0) globalposderived: (4004,0)
 4005: direction old: 1.048192, new: 1.048192
(b)r: 0.4 phi: 0 vel: ( 0, 0 ) (4005,0) rel: ( 0.4, 0 ), (4005,0) global: ( -38.1758, -5.536 ), (4005,0), changes: 0, 0 last seen:(4005,0) globalposderived: (4005,0)
(b)r: 0.4 phi: 1.46549e-14 vel: ( 0, 0 ) (4006,0) rel: ( 0.4, 1.02311e-16 ), (4006,0) global: ( -38.1758, -5.536 ), (4006,0), changes: 0, 0 last seen:(4005,0) globalposderived: (4005,0)
(b)r: 0.4 phi: 4.66294e-15 vel: ( 0, 0 ) (4007,0) rel: ( 0.4, 3.25534e-17 ), (4007,0) global: ( -38.1758, -5.536 ), (4007,0), changes: 0, 0 last seen:(4005,0) globalposderived: (4005,0)
 4007: direction old: 1.048192, new: 1.048192
(b)r: 0.4 phi: 0 vel: ( 0, 0 ) (4007,0) rel: ( 0.4, 0 ), (4007,0) global: ( -38.1758, -5.536 ), (4007,0), changes: 0, 0 last seen:(4007,0) globalposderived: (4007,0)
(b)r: 0.4 phi: 1.46549e-14 vel: ( 0, 0 ) (4008,0) rel: ( 0.4, 1.02311e-16 ), (4008,0) global: ( -38.1758, -5.536 ), (4008,0), changes: 0, 0 last seen:(4007,0) globalposderived: (4007,0)
 4008: direction old: -83.035731, new: 0.744329
(b)r: 0.4 phi: 0 vel: ( 0, 0 ) (4008,0) rel: ( 0.4, 0 ), (4008,0) global: ( -39.6839, 10.0899 ), (4008,0), changes: 0, 0 last seen:(4008,0) globalposderived: (4008,0)
(b)r: 0.4 phi: -3.75255e-14 vel: ( 0, 0 ) (4009,0) rel: ( 0.4, -2.61978e-16 ), (4009,0) global: ( -39.6839, 10.0899 ), (4009,0), changes: 0, 0 last seen:(4008,0) globalposderived: (4008,0)
(b)r: 0.4 phi: -3.75255e-14 vel: ( 0, 0 ) (4010,0) rel: ( 0.4, -2.61978e-16 ), (4010,0) global: ( -39.6839, 10.0899 ), (4010,0), changes: 0, 0 last seen:(4008,0) globalposderived: (4008,0)
 4010: direction old: 0.744329, new: 0.744329
(b)r: 0.4 phi: 0 vel: ( 0, 0 ) (4010,0) rel: ( 0.4, 0 ), (4010,0) global: ( -39.6839, 10.0899 ), (4010,0), changes: 0, 0 last seen:(4010,0) globalposderived: (4010,0)
(b)r: 0.4 phi: -3.75255e-14 vel: ( 0, 0 ) (4011,0) rel: ( 0.4, -2.61978e-16 ), (4011,0) global: ( -39.6839, 10.0899 ), (4011,0), changes: 0, 0 last seen:(4010,0) globalposderived: (4010,0)
 4011: ball (-39.683933,10.089920), agent (-40.083900,10.084723), to (-14.000635,17.438178) ang 0.744329 0.744329
 4011: relpos body (0.400000,-0.000000), vel. ball:(0.000000,0.000000) dist: 1.085000 (0.300000,0.085000,0.700000)
 4011: pos (3.391483,0.970339) too far, but can acc ball good to 2.685536 k=2.685536,-0.000000
 4011: direction old: 0.744329, new: 0.744329
(b)r: 0.4 phi: 0 vel: ( 0, 0 ) (4011,0) rel: ( 0.4, 0 ), (4011,0) global: ( -39.6839, 10.0899 ), (4011,0), changes: 0, 0 last seen:(4011,0) globalposderived: (4011,0)
(b)r: 1.2509 phi: -1.25709 vel: ( -0.509334, -0.498784 ) (4619,0) rel: ( 1.2506, -0.0274429 ), (4619,0) global: ( -36.5973, -2.90491 ), (4619,0), changes: -0.984, -3.9 last seen:(4617,0) globalposderived: (4617,0)
 4619: direction old: 14.619335, new: 14.808117
(b)r: 1.2 phi: 6 vel: ( -0.428413, -0.467248 ) (4619,0) rel: ( 1.19343, 0.125434 ), (4619,0) global: ( -36.7434, -2.93893 ), (4619,0), changes: -0.816, -4.2 last seen:(4619,0) globalposderived: (4619,0)
(b)r: 0.412603 phi: -4.3595 vel: ( -0.402708, -0.439213 ) (4620,0) rel: ( 0.41141, -0.0313637 ), (4620,0) global: ( -37.1718, -3.40618 ), (4620,0), changes: -0.816, -4.2 last seen:(4619,0) globalposderived: (4619,0)
 4620: direction old: -19.811160, new: -3.237189
(b)r: 0.4 phi: -6 vel: ( -0.400201, -0.437569 ) (4620,0) rel: ( 0.397809, -0.0418114 ), (4620,0) global: ( -37.1824, -3.28107 ), (4620,0), changes: -0.504, -58.7 last seen:(4620,0) globalposderived: (4620,0)
(b)r: 0.423259 phi: -3.4393 vel: ( -0.376189, -0.411314 ) (4621,0) rel: ( 0.422496, -0.0253917 ), (4621,0) global: ( -37.5826, -3.71864 ), (4621,0), changes: -0.504, -58.7 last seen:(4620,0) globalposderived: (4620,0)
(b)r: 0.972964 phi: -6.62317 vel: ( -0.353618, -0.386636 ) (4622,0) rel: ( 0.966471, -0.112221 ), (4622,0) global: ( -37.9588, -4.12995 ), (4622,0), changes: -0.504, -58.7 last seen:(4620,0) globalposderived: (4620,0)
 4622: direction old: -131.770721, new: -128.326461
(b)r: 1 phi: -10 vel: ( -0.371094, -0.379757 ) (4622,0) rel: ( 0.984808, -0.173648 ), (4622,0) global: ( -37.9856, -4.25009 ), (4622,0), changes: 0.54, -5.3 last seen:(4622,0) globalposderived: (4622,0)
(b)r: 1.53943 phi: -12.934 vel: ( -0.348829, -0.356972 ) (4623,0) rel: ( 1.50037, -0.344568 ), (4623,0) global: ( -38.3567, -4.62985 ), (4623,0), changes: 0.54, -5.3 last seen:(4622,0) globalposderived: (4622,0)
 4623: direction old: -131.258194, new: -131.371050
(b)r: 1.5 phi: -13 vel: ( -0.35289, -0.358281 ) (4623,0) rel: ( 1.46156, -0.337427 ), (4623,0) global: ( -38.3328, -4.59816 ), (4623,0), changes: 0.51, -1.5 last seen:(4623,0) globalposderived: (4623,0)
(b)r: 1.8754 phi: -0.795109 vel: ( -0.311813, -0.316577 ) (4625,0) rel: ( 1.87522, -0.0260245 ), (4625,0) global: ( -39.0174, -5.29322 ), (4625,0), changes: 0.51, -1.5 last seen:(4623,0) globalposderived: (4623,0)
 4625: direction old: -135.680853, new: -135.216718
(b)r: 1.60415 phi: 0.852055 vel: ( -0.290088, -0.294238 ) (4626,0) rel: ( 1.60397, 0.0238547 ), (4626,0) global: ( -39.3964, -5.69757 ), (4626,0), changes: 0.2, -1.3 last seen:(4625,0) globalposderived: (4625,0)
 4626: direction old: -136.350453, new: -139.944278
(b)r: 1.6 phi: 0 vel: ( -0.293255, -0.301745 ) (4626,0) rel: ( 1.6, 0 ), (4626,0) global: ( -39.3638, -5.52789 ), (4626,0), changes: 0.096, -1.3 last seen:(4626,0) globalposderived: (4626,0)
(b)r: 1.09096 phi: 2.16932 vel: ( -0.27566, -0.283641 ) (4627,0) rel: ( 1.09017, 0.0412957 ), (4627,0) global: ( -39.657, -5.82963 ), (4627,0), changes: 0.096, -1.3 last seen:(4626,0) globalposderived: (4626,0)
(b)r: 1.09096 phi: 1.29338 vel: ( 0, 0 ) (4627,1) rel: ( 1.09068, 0.0246249 ), (4627,1) global: ( -39.657, -5.82963 ), (4627,1), changes: 0.096, -1.3 last seen:(4626,0) globalposderived: (4626,0)
 4627: direction old: -165.612793, new: -76.924205
(b)r: 0.4 phi: 23 vel: ( 0, 0 ) (4627,1) rel: ( 0.368202, 0.156292 ), (4627,1) global: ( -36, -20.16 ), (4627,1), changes: 0, 0 last seen:(4627,1) globalposderived: (4627,1)
 4627: 2 pos: ball(-39.680748,-5.970370), ball_prev(-36.000000,-20.160000), agentdiff(0.000000,0.000000)
 4627: vel based on 2 pos: (-3.459903,13.338253)
 4627: direction old: -76.924205, new: -76.924205
(b)r: 0.4 phi: -65 vel: ( 0, 0 ) (4627,2) rel: ( 0.169047, -0.362523 ), (4627,2) global: ( -36, -20.16 ), (4627,2), changes: 0, 0 last seen:(4627,2) globalposderived: (4627,2)
 4627: 2 pos: ball(-39.680934,-5.970086), ball_prev(-36.000000,-20.160000), agentdiff(0.000000,0.000000)
 4627: direction old: -76.924205, new: -76.924205
(b)r: 0.4 phi: -69 vel: ( 0, 0 ) (4627,4) rel: ( 0.143347, -0.373432 ), (4627,4) global: ( -36, -20.16 ), (4627,4), changes: 0, 0 last seen:(4627,4) globalposderived: (4627,4)
 4627: 2 pos: ball(-39.680934,-5.970086), ball_prev(-36.000000,-20.160000), agentdiff(0.000000,0.000000)
 4627: vel based on 2 pos: (-3.460078,13.338519)
 4627: direction old: -76.924205, new: -76.924205
(b)r: 0.4 phi: -69 vel: ( 0, 0 ) (4627,5) rel: ( 0.143347, -0.373432 ), (4627,5) global: ( -36, -20.16 ), (4627,5), changes: 0, 0 last seen:(4627,5) globalposderived: (4627,5)
 4627: 2 pos: ball(-39.680934,-5.970086), ball_prev(-36.000000,-20.160000), agentdiff(0.000000,0.000000)
 4627: direction old: -76.924205, new: -76.924205
(b)r: 0.4 phi: -69 vel: ( 0, 0 ) (4627,7) rel: ( 0.143347, -0.373432 ), (4627,7) global: ( -36, -20.16 ), (4627,7), changes: 0, 0 last seen:(4627,7) globalposderived: (4627,7)
 4627: 2 pos: ball(-39.680934,-5.970086), ball_prev(-36.000000,-20.160000), agentdiff(0.000000,0.000000)
 4627: vel based on 2 pos: (-3.460078,13.338519)
 4627: direction old: -76.924205, new: -76.924205
(b)r: 0.4 phi: -69 vel: ( 0, 0 ) (4627,8) rel: ( 0.143347, -0.373432 ), (4627,8) global: ( -36, -20.16 ), (4627,8), changes: 0, 0 last seen:(4627,8) globalposderived: (4627,8)
 4627: 2 pos: ball(-39.680934,-5.970086), ball_prev(-36.000000,-20.160000), agentdiff(0.000000,0.000000)
 4627: direction old: -76.924205, new: -76.924205
(b)r: 0.4 phi: -69 vel: ( 0, 0 ) (4627,10) rel: ( 0.143347, -0.373432 ), (4627,10) global: ( -36, -20.16 ), (4627,10), changes: 0, 0 last seen:(4627,10) globalposderived: (4627,10)
 4627: 2 pos: ball(-39.680934,-5.970086), ball_prev(-36.000000,-20.160000), agentdiff(0.000000,0.000000)
 4627: vel based on 2 pos: (-3.460078,13.338519)
 4627: direction old: -76.924205, new: -76.924205
(b)r: 0.4 phi: -69 vel: ( 0, 0 ) (4627,11) rel: ( 0.143347, -0.373432 ), (4627,11) global: ( -36, -20.16 ), (4627,11), changes: 0, 0 last seen:(4627,11) globalposderived: (4627,11)
 4627: 2 pos: ball(-39.680934,-5.970086), ball_prev(-36.000000,-20.160000), agentdiff(0.000000,0.000000)
 4627: direction old: -76.924205, new: -76.924205
(b)r: 0.4 phi: -69 vel: ( 0, 0 ) (4627,13) rel: ( 0.143347, -0.373432 ), (4627,13) global: ( -36, -20.16 ), (4627,13), changes: 0, 0 last seen:(4627,13) globalposderived: (4627,13)
 4627: 2 pos: ball(-39.680934,-5.970086), ball_prev(-36.000000,-20.160000), agentdiff(0.000000,0.000000)
 4627: vel based on 2 pos: (-3.460078,13.338519)
 4627: direction old: -76.924205, new: -76.924205
(b)r: 0.4 phi: -69 vel: ( 0, 0 ) (4627,14) rel: ( 0.143347, -0.373432 ), (4627,14) global: ( -36, -20.16 ), (4627,14), changes: 0, 0 last seen:(4627,14) globalposderived: (4627,14)
 4627: 2 pos: ball(-39.680934,-5.970086), ball_prev(-36.000000,-20.160000), agentdiff(0.000000,0.000000)
 4627: direction old: -76.924205, new: -76.924205
(b)r: 0.4 phi: -69 vel: ( 0, 0 ) (4627,16) rel: ( 0.143347, -0.373432 ), (4627,16) global: ( -36, -20.16 ), (4627,16), changes: 0, 0 last seen:(4627,16) globalposderived: (4627,16)
 4627: 2 pos: ball(-39.680934,-5.970086), ball_prev(-36.000000,-20.160000), agentdiff(0.000000,0.000000)
 4627: vel based on 2 pos: (-3.460078,13.338519)
 4627: direction old: -76.924205, new: -76.924205
(b)r: 0.4 phi: -69 vel: ( 0, 0 ) (4627,17) rel: ( 0.143347, -0.373432 ), (4627,17) global: ( -36, -20.16 ), (4627,17), changes: 0, 0 last seen:(4627,17) globalposderived: (4627,17)
 4627: 2 pos: ball(-39.680934,-5.970086), ball_prev(-36.000000,-20.160000), agentdiff(0.000000,0.000000)
 4627: direction old: -76.924205, new: -76.924205
(b)r: 0.4 phi: -69 vel: ( 0, 0 ) (4627,19) rel: ( 0.143347, -0.373432 ), (4627,19) global: ( -36, -20.16 ), (4627,19), changes: 0, 0 last seen:(4627,19) globalposderived: (4627,19)
 4627: 2 pos: ball(-39.680934,-5.970086), ball_prev(-36.000000,-20.160000), agentdiff(0.000000,0.000000)
 4627: vel based on 2 pos: (-3.460078,13.338519)
 4627: direction old: -76.924205, new: -76.924205
(b)r: 0.4 phi: -69 vel: ( 0, 0 ) (4627,20) rel: ( 0.143347, -0.373432 ), (4627,20) global: ( -36, -20.16 ), (4627,20), changes: 0, 0 last seen:(4627,20) globalposderived: (4627,20)
 4627: 2 pos: ball(-39.680934,-5.970086), ball_prev(-36.000000,-20.160000), agentdiff(0.000000,0.000000)
 4627: direction old: -76.924205, new: -76.924205
(b)r: 0.4 phi: -69 vel: ( 0, 0 ) (4627,22) rel: ( 0.143347, -0.373432 ), (4627,22) global: ( -36, -20.16 ), (4627,22), changes: 0, 0 last seen:(4627,22) globalposderived: (4627,22)
 4627: 2 pos: ball(-39.680934,-5.970086), ball_prev(-36.000000,-20.160000), agentdiff(0.000000,0.000000)
 4627: vel based on 2 pos: (-3.460078,13.338519)
 4627: direction old: -76.924205, new: -76.924205
(b)r: 0.4 phi: -69 vel: ( 0, 0 ) (4627,23) rel: ( 0.143347, -0.373432 ), (4627,23) global: ( -36, -20.16 ), (4627,23), changes: 0, 0 last seen:(4627,23) globalposderived: (4627,23)
 4627: 2 pos: ball(-39.680934,-5.970086), ball_prev(-36.000000,-20.160000), agentdiff(0.000000,0.000000)
 4627: direction old: -76.924205, new: -76.924205
(b)r: 0.4 phi: -69 vel: ( 0, 0 ) (4627,25) rel: ( 0.143347, -0.373432 ), (4627,25) global: ( -36, -20.16 ), (4627,25), changes: 0, 0 last seen:(4627,25) globalposderived: (4627,25)
(b)r: 0.496405 phi: -51.2019 vel: ( 0, 0 ) (4661,0) rel: ( 0.311037, -0.386878 ), (4661,0) global: ( -33.7339, 0.289103 ), (4661,0), changes: -2.132, -2.9 last seen:(4659,0) globalposderived: (4659,0)
 4661: ball (-33.733903,0.289103), agent (-34.042822,-0.099468), to (36.000000,-20.160000) ang -167.283273 102.716727
 4661: relpos body (0.496405,-141.201928), vel. ball:(0.000000,0.000000) dist: 1.085000 (0.300000,0.085000,0.700000)
 4661: point too far, reposition ball (k_r = 0.764099)
 4661: (kick 56.744808 14.524360), vecDesired (-1.040841,-0.535863) 0.000000 posDes(-34.774743,-0.246761)
 4661: 2 pos: ball(-33.797023,0.460477), ball_prev(-36.534790,-2.676726), agentdiff(0.026907,0.225152)
 4661: direction old: 30.091179, new: 56.822908
(b)r: 0.4 phi: -49 vel: ( 1.2347, 1.32633 ) (4661,0) rel: ( 0.262424, -0.301884 ), (4661,0) global: ( -33.797, 0.460477 ), (4661,0), changes: -2.132, -2.9 last seen:(4661,0) globalposderived: (4661,0)
 4661: ball (-33.797023,0.460477), agent (-34.015915,0.125684), to (-1000.000000,-1000.000000) ang -164.177092 105.822908
 4661: relpos body (0.400000,-139.000000), vel. ball:(1.234699,1.326334) dist: 1.085000 (0.300000,0.085000,0.700000)
 4661: point too far, reposition ball (k_r = 0.801587)
 4661: kickBallCloseToBody: cannot compensate ball speed, freeze
(b)r: 0.615917 phi: -65.5567 vel: ( 0.00519951, 0.0153735 ) (4662,0) rel: ( 0.254862, -0.560714 ), (4662,0) global: ( -33.7915, 0.476832 ), (4662,0), changes: -2.132, -2.9 last seen:(4661,0) globalposderived: (4661,0)
 4662: ball (-33.791492,0.476832), agent (-34.261468,0.078740), to (-1000.000000,-1000.000000) ang -164.177092 105.822908
 4662: relpos body (0.615917,-155.556746), vel. ball:(0.005200,0.015374) dist: 1.085000 (0.300000,0.085000,0.700000)
 4662: point too far, reposition ball (k_r = 0.701478)
 4662: (kick 63.096719 12.542426), vecDesired (-1.046365,-0.552383) 0.000000 posDes(-34.837857,-0.075551)
 4662: 2 pos: ball(-34.573690,-0.002337), ball_prev(-33.797023,0.460477), agentdiff(0.081789,-0.012120)
 4662: vel based on 2 pos: (-0.806948,-0.423653)
 4662: direction old: 46.580168, new: -170.072947
(b)r: 0.4 phi: 84 vel: ( -0.806948, -0.423653 ) (4662,0) rel: ( 0.0418114, 0.397809 ), (4662,0) global: ( -34.5737, -0.00233749 ), (4662,0), changes: -2.132, -2.9 last seen:(4662,0) globalposderived: (4662,0)
 4662: ball (-34.573690,-0.002337), agent (-34.179679,0.066620), to (36.000000,-20.160000) ang -164.072947 105.927053
 4662: relpos body (0.400000,-6.000000), vel. ball:(-0.806948,-0.423653) dist: 1.085000 (0.300000,0.085000,0.700000)
 4662: point too far, freeze ball
 4697: 2 pos: ball(-46.793131,-9.229236), ball_prev(-52.829739,-34.426514), agentdiff(-0.000000,0.000000)
 4697: direction old: -101.757105, new: 20.598339
 4698: direction old: 47.469428, new: 21.069427
 4700: direction old: 5.526840, new: 3.019424
(b)r: 1.62777 phi: -1.21269 vel: ( 0.0190461, 0.00994809 ) (4701,0) rel: ( 1.6274, -0.03445 ), (4701,0) global: ( -47.0637, -9.13421 ), (4701,0), changes: 0, -2.3 last seen:(4700,0) globalposderived: (4700,0)
 4701: direction old: 0.853637, new: -0.019716
(b)r: 1.6 phi: -1 vel: ( 0.0123547, 0.00257594 ) (4701,0) rel: ( 1.59976, -0.0279239 ), (4701,0) global: ( -47.1672, -9.16014 ), (4701,0), changes: -0.224, -1.4 last seen:(4701,0) globalposderived: (4701,0)
(b)r: 0.788346 phi: -0.0161155 vel: ( 0.0116135, 0.00242138 ) (4702,0) rel: ( 0.788346, -0.000221737 ), (4702,0) global: ( -47.1549, -9.15756 ), (4702,0), changes: -0.224, -1.4 last seen:(4701,0) globalposderived: (4701,0)
(b)r: 0.2 phi: -168.541 vel: ( -0.00109167, -0.00022761 ) (4703,0) rel: ( -0.196014, -0.0397329 ), (4703,0) global: ( -47.2118, -9.16357 ), (4703,0), changes: -0.224, -1.4 last seen:(4701,0) globalposderived: (4701,0)
 4703: 2 pos: ball(-46.905724,-9.202549), ball_prev(-47.167240,-9.160139), agentdiff(0.264013,0.304767)
 4703: direction old: -144.560907, new: -113.019206
(b)r: 0.4 phi: -110 vel: ( -0.00109167, -0.00022761 ) (4703,0) rel: ( -0.136808, -0.375877 ), (4703,0) global: ( -46.9057, -9.20255 ), (4703,0), changes: -0.224, -1.4 last seen:(4703,0) globalposderived: (4703,0)
(b)r: 0.2 phi: -21.131 vel: ( 0.000102617, 2.13953e-05 ) (4704,0) rel: ( 0.186552, -0.0721002 ), (4704,0) global: ( -46.8279, -9.0183 ), (4704,0), changes: -0.224, -1.4 last seen:(4703,0) globalposderived: (4703,0)
 4704: direction old: -79.782389, new: -108.054427
(b)r: 0.4 phi: -17 vel: ( -0.00132751, 0.00043273 ) (4704,0) rel: ( 0.382522, -0.116949 ), (4704,0) global: ( -46.9805, -9.24004 ), (4704,0), changes: 0, -0.2 last seen:(4704,0) globalposderived: (4704,0)
(b)r: 0.400002 phi: -17.2 vel: ( -0.00124786, 0.000406767 ) (4705,0) rel: ( 0.382114, -0.118284 ), (4705,0) global: ( -46.9818, -9.23961 ), (4705,0), changes: 0, -0.2 last seen:(4704,0) globalposderived: (4704,0)
(b)r: 0.400009 phi: -17.388 vel: ( -0.00117299, 0.000382361 ) (4706,0) rel: ( 0.38173, -0.119539 ), (4706,0) global: ( -46.9831, -9.2392 ), (4706,0), changes: 0, -0.2 last seen:(4704,0) globalposderived: (4704,0)
 4706: direction old: -108.442421, new: -108.054427
(b)r: 0.4 phi: -17 vel: ( 0, 0 ) (4706,0) rel: ( 0.382522, -0.116949 ), (4706,0) global: ( -46.9805, -9.24004 ), (4706,0), changes: 0, 0 last seen:(4706,0) globalposderived: (4706,0)
(b)r: 0.4 phi: -17 vel: ( 0, 0 ) (4707,0) rel: ( 0.382522, -0.116949 ), (4707,0) global: ( -46.9805, -9.24004 ), (4707,0), changes: 0, 0 last seen:(4706,0) globalposderived: (4706,0)
 4707: direction old: -108.054427, new: -108.054427
(b)r: 0.4 phi: -17 vel: ( 0, 0 ) (4707,0) rel: ( 0.382522, -0.116949 ), (4707,0) global: ( -46.9805, -9.24004 ), (4707,0), changes: 0, 0 last seen:(4707,0) globalposderived: (4707,0)
(b)r: 0.4 phi: -17 vel: ( 0, 0 ) (4708,0) rel: ( 0.382522, -0.116949 ), (4708,0) global: ( -46.9805, -9.24004 ), (4708,0), changes: 0, 0 last seen:(4707,0) globalposderived: (4707,0)
(b)r: 0.4 phi: -17 vel: ( 0, 0 ) (4709,0) rel: ( 0.382522, -0.116949 ), (4709,0) global: ( -46.9805, -9.24004 ), (4709,0), changes: 0, 0 last seen:(4707,0) globalposderived: (4707,0)
 4709: direction old: -108.054427, new: -108.054427
(b)r: 0.4 phi: -17 vel: ( 0, 0 ) (4709,0) rel: ( 0.382522, -0.116949 ), (4709,0) global: ( -46.9805, -9.24004 ), (4709,0), changes: 0, 0 last seen:(4709,0) globalposderived: (4709,0)
(b)r: 0.4 phi: -17 vel: ( 0, 0 ) (4710,0) rel: ( 0.382522, -0.116949 ), (4710,0) global: ( -46.9805, -9.24004 ), (4710,0), changes: 0, 0 last seen:(4709,0) globalposderived: (4709,0)
 4710: direction old: -108.054427, new: -108.054427
(b)r: 0.4 phi: -17 vel: ( 0, 0 ) (4710,0) rel: ( 0.382522, -0.116949 ), (4710,0) global: ( -46.9805, -9.24004 ), (4710,0), changes: 0, 0 last seen:(4710,0) globalposderived: (4710,0)
(b)r: 0.4 phi: -17 vel: ( 0, 0 ) (4711,0) rel: ( 0.382522, -0.116949 ), (4711,0) global: ( -46.9805, -9.24004 ), (4711,0), changes: 0, 0 last seen:(4710,0) globalposderived: (4710,0)
(b)r: 0.4 phi: -17 vel: ( 0, 0 ) (4712,0) rel: ( 0.382522, -0.116949 ), (4712,0) global: ( -46.9805, -9.24004 ), (4712,0), changes: 0, 0 last seen:(4710,0) globalposderived: (4710,0)
 4712: direction old: -108.054427, new: -108.054427
(b)r: 0.4 phi: -17 vel: ( 0, 0 ) (4712,0) rel: ( 0.382522, -0.116949 ), (4712,0) global: ( -46.9805, -9.24004 ), (4712,0), changes: 0, 0 last seen:(4712,0) globalposderived: (4712,0)
(b)r: 0.4 phi: -17 vel: ( 0, 0 ) (4713,0) rel: ( 0.382522, -0.116949 ), (4713,0) global: ( -46.9805, -9.24004 ), (4713,0), changes: 0, 0 last seen:(4712,0) globalposderived: (4712,0)
 4713: direction old: -108.054427, new: -108.054427
(b)r: 0.4 phi: -17 vel: ( 0, 0 ) (4713,0) rel: ( 0.382522, -0.116949 ), (4713,0) global: ( -46.9805, -9.24004 ), (4713,0), changes: 0, 0 last seen:(4713,0) globalposderived: (4713,0)
(b)r: 0.4 phi: -17 vel: ( 0, 0 ) (4714,0) rel: ( 0.382522, -0.116949 ), (4714,0) global: ( -46.9805, -9.24004 ), (4714,0), changes: 0, 0 last seen:(4713,0) globalposderived: (4713,0)
(b)r: 0.4 phi: -17 vel: ( 0, 0 ) (4715,0) rel: ( 0.382522, -0.116949 ), (4715,0) global: ( -46.9805, -9.24004 ), (4715,0), changes: 0, 0 last seen:(4713,0) globalposderived: (4713,0)
 4715: direction old: -108.054427, new: -108.054427
(b)r: 0.4 phi: -17 vel: ( 0, 0 ) (4715,0) rel: ( 0.382522, -0.116949 ), (4715,0) global: ( -46.9805, -9.24004 ), (4715,0), changes: 0, 0 last seen:(4715,0) globalposderived: (4715,0)
(b)r: 0.4 phi: -17 vel: ( 0, 0 ) (4716,0) rel: ( 0.382522, -0.116949 ), (4716,0) global: ( -46.9805, -9.24004 ), (4716,0), changes: 0, 0 last seen:(4715,0) globalposderived: (4715,0)
 4716: direction old: -108.054427, new: -108.054427
(b)r: 0.4 phi: -17 vel: ( 0, 0 ) (4716,0) rel: ( 0.382522, -0.116949 ), (4716,0) global: ( -46.9805, -9.24004 ), (4716,0), changes: 0, 0 last seen:(4716,0) globalposderived: (4716,0)
(b)r: 0.4 phi: -17 vel: ( 0, 0 ) (4717,0) rel: ( 0.382522, -0.116949 ), (4717,0) global: ( -46.9805, -9.24004 ), (4717,0), changes: 0, 0 last seen:(4716,0) globalposderived: (4716,0)
(b)r: 0.4 phi: -17 vel: ( 0, 0 ) (4718,0) rel: ( 0.382522, -0.116949 ), (4718,0) global: ( -46.9805, -9.24004 ), (4718,0), changes: 0, 0 last seen:(4716,0) globalposderived: (4716,0)
 4718: direction old: -108.054427, new: -108.054427
(b)r: 0.4 phi: -17 vel: ( 0, 0 ) (4718,0) rel: ( 0.382522, -0.116949 ), (4718,0) global: ( -46.9805, -9.24004 ), (4718,0), changes: 0, 0 last seen:(4718,0) globalposderived: (4718,0)
(b)r: 0.4 phi: -17 vel: ( 0, 0 ) (4719,0) rel: ( 0.382522, -0.116949 ), (4719,0) global: ( -46.9805, -9.24004 ), (4719,0), changes: 0, 0 last seen:(4718,0) globalposderived: (4718,0)
 4719: direction old: -108.054427, new: -108.054427
(b)r: 0.4 phi: -17 vel: ( 0, 0 ) (4719,0) rel: ( 0.382522, -0.116949 ), (4719,0) global: ( -46.9805, -9.24004 ), (4719,0), changes: 0, 0 last seen:(4719,0) globalposderived: (4719,0)
(b)r: 0.4 phi: -17 vel: ( 0, 0 ) (4720,0) rel: ( 0.382522, -0.116949 ), (4720,0) global: ( -46.9805, -9.24004 ), (4720,0), changes: 0, 0 last seen:(4719,0) globalposderived: (4719,0)
(b)r: 0.4 phi: -17 vel: ( 0, 0 ) (4721,0) rel: ( 0.382522, -0.116949 ), (4721,0) global: ( -46.9805, -9.24004 ), (4721,0), changes: 0, 0 last seen:(4719,0) globalposderived: (4719,0)
 4721: direction old: -108.054427, new: -108.054427
(b)r: 0.4 phi: -17 vel: ( 0, 0 ) (4721,0) rel: ( 0.382522, -0.116949 ), (4721,0) global: ( -46.9805, -9.24004 ), (4721,0), changes: 0, 0 last seen:(4721,0) globalposderived: (4721,0)
(b)r: 0.4 phi: -17 vel: ( 0, 0 ) (4722,0) rel: ( 0.382522, -0.116949 ), (4722,0) global: ( -46.9805, -9.24004 ), (4722,0), changes: 0, 0 last seen:(4721,0) globalposderived: (4721,0)
 4722: direction old: -108.054427, new: -108.054427
(b)r: 0.4 phi: -17 vel: ( 0, 0 ) (4722,0) rel: ( 0.382522, -0.116949 ), (4722,0) global: ( -46.9805, -9.24004 ), (4722,0), changes: 0, 0 last seen:(4722,0) globalposderived: (4722,0)
(b)r: 0.4 phi: -17 vel: ( 0, 0 ) (4723,0) rel: ( 0.382522, -0.116949 ), (4723,0) global: ( -46.9805, -9.24004 ), (4723,0), changes: 0, 0 last seen:(4722,0) globalposderived: (4722,0)
(b)r: 0.4 phi: -17 vel: ( 0, 0 ) (4724,0) rel: ( 0.382522, -0.116949 ), (4724,0) global: ( -46.9805, -9.24004 ), (4724,0), changes: 0, 0 last seen:(4722,0) globalposderived: (4722,0)
 4724: ball (-46.980485,-9.240038), agent (-46.856517,-8.859733), to (-20.199080,23.763846) ang -1.054427 -91.054427
 4724: relpos body (0.400000,-107.000000), vel. ball:(0.000000,0.000000) dist: 1.085000 (0.300000,0.085000,0.700000)
 4724: point too far, reposition ball (k_r = 0.846032)
 4724: (kick 31.666982 31.925049), vecDesired (0.620884,0.371159) 0.000000 posDes(-46.359601,-8.868879)
 4724: direction old: -108.054427, new: -108.054427
(b)r: 0.4 phi: -17 vel: ( 0, 0 ) (4724,0) rel: ( 0.382522, -0.116949 ), (4724,0) global: ( -46.9805, -9.24004 ), (4724,0), changes: 0, 0 last seen:(4724,0) globalposderived: (4724,0)
 4724: ball (-46.980485,-9.240038), agent (-46.856517,-8.859733), to (-20.199080,23.763846) ang -1.054427 -91.054427
 4724: relpos body (0.400000,-107.000000), vel. ball:(0.000000,0.000000) dist: 1.085000 (0.300000,0.085000,0.700000)
 4724: point too far, reposition ball (k_r = 0.846032)
 4724: (kick 31.666982 31.925049), vecDesired (0.620884,0.371159) 0.000000 posDes(-46.359601,-8.868879)
(b)r: 0.490359 phi: 87.9187 vel: ( 0.576778, 0.332273 ) (4725,0) rel: ( 0.0178087, 0.490036 ), (4725,0) global: ( -46.3669, -8.88656 ), (4725,0), changes: 0, 0 last seen:(4724,0) globalposderived: (4724,0)
 4725: ball (-46.366892,-8.886556), agent (-46.856517,-8.859733), to (-20.199080,23.763846) ang -1.054427 -91.054427
 4725: relpos body (0.490359,-2.081308), vel. ball:(0.576778,0.332273) dist: 1.085000 (0.300000,0.085000,0.700000)
 4725: pos (2.825611,3.525604) too far, but can acc ball good to 3.199232 k=2.590598,-0.242269
 4725: 2 pos: ball(-46.356601,-8.868934), ball_prev(-46.980485,-9.240038), agentdiff(0.000000,0.000000)
 4725: vel based on 2 pos: (0.586450,0.348838)
 4725: direction old: -3.135735, new: -1.054427
(b)r: 0.5 phi: 90 vel: ( 0.58645, 0.348838 ) (4725,0) rel: ( 3.06162e-17, 0.5 ), (4725,0) global: ( -46.3566, -8.86893 ), (4725,0), changes: 0, 0 last seen:(4725,0) globalposderived: (4725,0)
 4725: ball (-46.356601,-8.868934), agent (-46.856517,-8.859733), to (-20.199080,23.763846) ang -1.054427 -91.054427
 4725: relpos body (0.500000,0.000000), vel. ball:(0.586450,0.348838) dist: 1.085000 (0.300000,0.085000,0.700000)
 4725: pos (2.825863,3.525402) too far, but can acc ball good to 3.216993 k=2.589107,-0.239412
(b)r: 1.76699 phi: 0.0352129 vel: ( -0.360659, 0.148518 ) (5661,0) rel: ( 1.76699, 0.00108596 ), (5661,0) global: ( -35.9302, 9.4298 ), (5661,0), changes: -0.72, 4.1 last seen:(5660,0) globalposderived: (5660,0)
 5661: direction old: 31.583669, new: 25.964734
(b)r: 1.8 phi: 0 vel: ( -0.361904, 0.142749 ) (5661,0) rel: ( 1.8, 0 ), (5661,0) global: ( -35.9793, 9.19275 ), (5661,0), changes: -0.648, 6.4 last seen:(5661,0) globalposderived: (5661,0)
(b)r: 0.551412 phi: -7.30313 vel: ( -0.34019, 0.134184 ) (5662,0) rel: ( 0.546939, -0.0700948 ), (5662,0) global: ( -36.3412, 9.3355 ), (5662,0), changes: -0.648, 6.4 last seen:(5661,0) globalposderived: (5661,0)
(b)r: 0.2 phi: -103.303 vel: ( 0, 0 ) (5663,0) rel: ( -0.0460206, -0.194633 ), (5663,0) global: ( -36.6555, 9.17831 ), (5663,0), changes: -0.648, 6.4 last seen:(5661,0) globalposderived: (5661,0)
 5663: 2 pos: ball(-36.198869,9.503751), ball_prev(-35.979313,9.192747), agentdiff(0.288058,0.216737)
 5663: direction old: -130.623627, new: 29.696573
(b)r: 0.4 phi: -89 vel: ( 0, 0 ) (5663,0) rel: ( 0.00698096, -0.399939 ), (5663,0) global: ( -36.1989, 9.50375 ), (5663,0), changes: -0.648, 6.4 last seen:(5663,0) globalposderived: (5663,0)
(b)r: 0.4 phi: 0 vel: ( 0, 0 ) (5664,0) rel: ( 0.4, 0 ), (5664,0) global: ( -36.1989, 9.50375 ), (5664,0), changes: -0.648, 6.4 last seen:(5663,0) globalposderived: (5663,0)
 5664: direction old: 16.852674, new: -0.679011
(b)r: 0.4 phi: -30 vel: ( 0, 0 ) (5664,0) rel: ( 0.34641, -0.2 ), (5664,0) global: ( -36.2911, 9.3499 ), (5664,0), changes: 0, 0 last seen:(5664,0) globalposderived: (5664,0)
(b)r: 0.4 phi: -30.0043 vel: ( 0, 0 ) (5665,0) rel: ( 0.346395, -0.200026 ), (5665,0) global: ( -36.2911, 9.3499 ), (5665,0), changes: 0, 0 last seen:(5664,0) globalposderived: (5664,0)
(b)r: 0.4 phi: 6.44758e-07 vel: ( 0, 0 ) (5666,0) rel: ( 0.4, 4.50126e-09 ), (5666,0) global: ( -36.2911, 9.3499 ), (5666,0), changes: 0, 0 last seen:(5664,0) globalposderived: (5664,0)
 5666: direction old: -0.679011, new: -0.691810
(b)r: 0.4 phi: 0 vel: ( 0, 0 ) (5666,0) rel: ( 0.4, 0 ), (5666,0) global: ( -36.2911, 9.34981 ), (5666,0), changes: 0, 0 last seen:(5666,0) globalposderived: (5666,0)
(b)r: 0.4 phi: -1.42109e-14 vel: ( 0, 0 ) (5667,0) rel: ( 0.4, -9.92105e-17 ), (5667,0) global: ( -36.2911, 9.34981 ), (5667,0), changes: 0, 0 last seen:(5666,0) globalposderived: (5666,0)
 5667: direction old: -0.691810, new: -0.691810
(b)r: 0.4 phi: 0 vel: ( 0, 0 ) (5667,0) rel: ( 0.4, 0 ), (5667,0) global: ( -36.2911, 9.34981 ), (5667,0), changes: 0, 0 last seen:(5667,0) globalposderived: (5667,0)
(b)r: 0.4 phi: -6.35048e-14 vel: ( 0, 0 ) (5668,0) rel: ( 0.4, -4.43347e-16 ), (5668,0) global: ( -36.2911, 9.34981 ), (5668,0), changes: 0, 0 last seen:(5667,0) globalposderived: (5667,0)
(b)r: 0.4 phi: -1.42109e-14 vel: ( 0, 0 ) (5669,0) rel: ( 0.4, -9.92105e-17 ), (5669,0) global: ( -36.2911, 9.34981 ), (5669,0), changes: 0, 0 last seen:(5667,0) globalposderived: (5667,0)
 5669: direction old: -0.691810, new: -0.691810
(b)r: 0.4 phi: 0 vel: ( 0, 0 ) (5669,0) rel: ( 0.4, 0 ), (5669,0) global: ( -36.2911, 9.34981 ), (5669,0), changes: 0, 0 last seen:(5669,0) globalposderived: (5669,0)
(b)r: 0.4 phi: -1.42109e-14 vel: ( 0, 0 ) (5670,0) rel: ( 0.4, -9.92105e-17 ), (5670,0) global: ( -36.2911, 9.34981 ), (5670,0), changes: 0, 0 last seen:(5669,0) globalposderived: (5669,0)
 5670: direction old: -0.691810, new: -0.691810
(b)r: 0.4 phi: 0 vel: ( 0, 0 ) (5670,0) rel: ( 0.4, 0 ), (5670,0) global: ( -36.2911, 9.34981 ), (5670,0), changes: 0, 0 last seen:(5670,0) globalposderived: (5670,0)
(b)r: 0.4 phi: -6.35048e-14 vel: ( 0, 0 ) (5671,0) rel: ( 0.4, -4.43347e-16 ), (5671,0) global: ( -36.2911, 9.34981 ), (5671,0), changes: 0, 0 last seen:(5670,0) globalposderived: (5670,0)
(b)r: 0.4 phi: -1.42109e-14 vel: ( 0, 0 ) (5672,0) rel: ( 0.4, -9.92105e-17 ), (5672,0) global: ( -36.2911, 9.34981 ), (5672,0), changes: 0, 0 last seen:(5670,0) globalposderived: (5670,0)
 5672: direction old: -0.691810, new: -0.691810
(b)r: 0.4 phi: 0 vel: ( 0, 0 ) (5672,0) rel: ( 0.4, 0 ), (5672,0) global: ( -36.2911, 9.34981 ), (5672,0), changes: 0, 0 last seen:(5672,0) globalposderived: (5672,0)
(b)r: 0.4 phi: -1.42109e-14 vel: ( 0, 0 ) (5673,0) rel: ( 0.4, -9.92105e-17 ), (5673,0) global: ( -36.2911, 9.34981 ), (5673,0), changes: 0, 0 last seen:(5672,0) globalposderived: (5672,0)
 5673: direction old: -0.691810, new: -0.691810
(b)r: 0.4 phi: 0 vel: ( 0, 0 ) (5673,0) rel: ( 0.4, 0 ), (5673,0) global: ( -36.2911, 9.34981 ), (5673,0), changes: 0, 0 last seen:(5673,0) globalposderived: (5673,0)
(b)r: 0.4 phi: -6.35048e-14 vel: ( 0, 0 ) (5674,0) rel: ( 0.4, -4.43347e-16 ), (5674,0) global: ( -36.2911, 9.34981 ), (5674,0), changes: 0, 0 last seen:(5673,0) globalposderived: (5673,0)
(b)r: 0.4 phi: -1.42109e-14 vel: ( 0, 0 ) (5675,0) rel: ( 0.4, -9.92105e-17 ), (5675,0) global: ( -36.2911, 9.34981 ), (5675,0), changes: 0, 0 last seen:(5673,0) globalposderived: (5673,0)
 5675: direction old: -0.691810, new: -0.691810
(b)r: 0.4 phi: 0 vel: ( 0, 0 ) (5675,0) rel: ( 0.4, 0 ), (5675,0) global: ( -36.2911, 9.34981 ), (5675,0), changes: 0, 0 last seen:(5675,0) globalposderived: (5675,0)
(b)r: 0.4 phi: -1.42109e-14 vel: ( 0, 0 ) (5676,0) rel: ( 0.4, -9.92105e-17 ), (5676,0) global: ( -36.2911, 9.34981 ), (5676,0), changes: 0, 0 last seen:(5675,0) globalposderived: (5675,0)
 5676: direction old: -0.691810, new: -0.691810
(b)r: 0.4 phi: 0 vel: ( 0, 0 ) (5676,0) rel: ( 0.4, 0 ), (5676,0) global: ( -36.2911, 9.34981 ), (5676,0), changes: 0, 0 last seen:(5676,0) globalposderived: (5676,0)
(b)r: 0.4 phi: -6.35048e-14 vel: ( 0, 0 ) (5677,0) rel: ( 0.4, -4.43347e-16 ), (5677,0) global: ( -36.2911, 9.34981 ), (5677,0), changes: 0, 0 last seen:(5676,0) globalposderived: (5676,0)
(b)r: 0.4 phi: -1.42109e-14 vel: ( 0, 0 ) (5678,0) rel: ( 0.4, -9.92105e-17 ), (5678,0) global: ( -36.2911, 9.34981 ), (5678,0), changes: 0, 0 last seen:(5676,0) globalposderived: (5676,0)
 5678: direction old: -0.691810, new: -0.691810
(b)r: 0.4 phi: 0 vel: ( 0, 0 ) (5678,0) rel: ( 0.4, 0 ), (5678,0) global: ( -36.2911, 9.34981 ), (5678,0), changes: 0, 0 last seen:(5678,0) globalposderived: (5678,0)
(b)r: 0.4 phi: -1.42109e-14 vel: ( 0, 0 ) (5679,0) rel: ( 0.4, -9.92105e-17 ), (5679,0) global: ( -36.2911, 9.34981 ), (5679,0), changes: 0, 0 last seen:(5678,0) globalposderived: (5678,0)
 5679: direction old: -0.691810, new: -0.691810
(b)r: 0.4 phi: 0 vel: ( 0, 0 ) (5679,0) rel: ( 0.4, 0 ), (5679,0) global: ( -36.2911, 9.34981 ), (5679,0), changes: 0, 0 last seen:(5679,0) globalposderived: (5679,0)
(b)r: 0.4 phi: -6.35048e-14 vel: ( 0, 0 ) (5680,0) rel: ( 0.4, -4.43347e-16 ), (5680,0) global: ( -36.2911, 9.34981 ), (5680,0), changes: 0, 0 last seen:(5679,0) globalposderived: (5679,0)
(b)r: 0.4 phi: -1.42109e-14 vel: ( 0, 0 ) (5681,0) rel: ( 0.4, -9.92105e-17 ), (5681,0) global: ( -36.2911, 9.34981 ), (5681,0), changes: 0, 0 last seen:(5679,0) globalposderived: (5679,0)
 5681: direction old: -0.691810, new: -0.691810
(b)r: 0.4 phi: 0 vel: ( 0, 0 ) (5681,0) rel: ( 0.4, 0 ), (5681,0) global: ( -36.2911, 9.34981 ), (5681,0), changes: 0, 0 last seen:(5681,0) globalposderived: (5681,0)
(b)r: 0.4 phi: -1.42109e-14 vel: ( 0, 0 ) (5682,0) rel: ( 0.4, -9.92105e-17 ), (5682,0) global: ( -36.2911, 9.34981 ), (5682,0), changes: 0, 0 last seen:(5681,0) globalposderived: (5681,0)
 5682: direction old: -0.691810, new: -0.691810
(b)r: 0.4 phi: 0 vel: ( 0, 0 ) (5682,0) rel: ( 0.4, 0 ), (5682,0) global: ( -36.2911, 9.34981 ), (5682,0), changes: 0, 0 last seen:(5682,0) globalposderived: (5682,0)
(b)r: 0.4 phi: -6.35048e-14 vel: ( 0, 0 ) (5683,0) rel: ( 0.4, -4.43347e-16 ), (5683,0) global: ( -36.2911, 9.34981 ), (5683,0), changes: 0, 0 last seen:(5682,0) globalposderived: (5682,0)
(b)r: 0.4 phi: -1.42109e-14 vel: ( 0, 0 ) (5684,0) rel: ( 0.4, -9.92105e-17 ), (5684,0) global: ( -36.2911, 9.34981 ), (5684,0), changes: 0, 0 last seen:(5682,0) globalposderived: (5682,0)
 5684: direction old: -0.691810, new: -0.691810
(b)r: 0.4 phi: 0 vel: ( 0, 0 ) (5684,0) rel: ( 0.4, 0 ), (5684,0) global: ( -36.2911, 9.34981 ), (5684,0), changes: 0, 0 last seen:(5684,0) globalposderived: (5684,0)
(b)r: 0.4 phi: -1.42109e-14 vel: ( 0, 0 ) (5685,0) rel: ( 0.4, -9.92105e-17 ), (5685,0) global: ( -36.2911, 9.34981 ), (5685,0), changes: 0, 0 last seen:(5684,0) globalposderived: (5684,0)
 5685: direction old: -0.691810, new: -0.691810
(b)r: 0.4 phi: 0 vel: ( 0, 0 ) (5685,0) rel: ( 0.4, 0 ), (5685,0) global: ( -36.2911, 9.34981 ), (5685,0), changes: 0, 0 last seen:(5685,0) globalposderived: (5685,0)
(b)r: 0.4 phi: -6.35048e-14 vel: ( 0, 0 ) (5686,0) rel: ( 0.4, -4.43347e-16 ), (5686,0) global: ( -36.2911, 9.34981 ), (5686,0), changes: 0, 0 last seen:(5685,0) globalposderived: (5685,0)
(b)r: 0.4 phi: -1.42109e-14 vel: ( 0, 0 ) (5687,0) rel: ( 0.4, -9.92105e-17 ), (5687,0) global: ( -36.2911, 9.34981 ), (5687,0), changes: 0, 0 last seen:(5685,0) globalposderived: (5685,0)
 5687: direction old: -0.691810, new: -0.691810
(b)r: 0.4 phi: 0 vel: ( 0, 0 ) (5687,0) rel: ( 0.4, 0 ), (5687,0) global: ( -36.2911, 9.34981 ), (5687,0), changes: 0, 0 last seen:(5687,0) globalposderived: (5687,0)
(b)r: 0.4 phi: -6.35048e-14 vel: ( 0, 0 ) (5688,0) rel: ( 0.4, -4.43347e-16 ), (5688,0) global: ( -36.2911, 9.34981 ), (5688,0), changes: 0, 0 last seen:(5687,0) globalposderived: (5687,0)
 5688: direction old: 78.957174, new: -0.708615
(b)r: 0.4 phi: 0 vel: ( 0, 0 ) (5688,0) rel: ( 0.4, 0 ), (5688,0) global: ( -39.6839, -10.0897 ), (5688,0), changes: 0, 0 last seen:(5688,0) globalposderived: (5688,0)
(b)r: 0.4 phi: 2.68674e-14 vel: ( 0, 0 ) (5689,0) rel: ( 0.4, 1.8757e-16 ), (5689,0) global: ( -39.6839, -10.0897 ), (5689,0), changes: 0, 0 last seen:(5688,0) globalposderived: (5688,0)
(b)r: 0.4 phi: 2.68674e-14 vel: ( 0, 0 ) (5690,0) rel: ( 0.4, 1.8757e-16 ), (5690,0) global: ( -39.6839, -10.0897 ), (5690,0), changes: 0, 0 last seen:(5688,0) globalposderived: (5688,0)
 5690: direction old: -0.708615, new: -0.708615
(b)r: 0.4 phi: 0 vel: ( 0, 0 ) (5690,0) rel: ( 0.4, 0 ), (5690,0) global: ( -39.6839, -10.0897 ), (5690,0), changes: 0, 0 last seen:(5690,0) globalposderived: (5690,0)
(b)r: 0.4 phi: 2.68674e-14 vel: ( 0, 0 ) (5691,0) rel: ( 0.4, 1.8757e-16 ), (5691,0) global: ( -39.6839, -10.0897 ), (5691,0), changes: 0, 0 last seen:(5690,0) globalposderived: (5690,0)
 5691: ball (-39.683930,-10.089670), agent (-40.083900,-10.084723), to (-21.512011,-26.063927) ang -0.708615 -0.708615
 5691: relpos body (0.400000,0.000000), vel. ball:(0.000000,0.000000) dist: 1.085000 (0.300000,0.085000,0.700000)
 5691: pos (2.649422,-2.329008) too far, but can acc ball good to 2.685536 k=2.685536,0.000000
 5691: direction old: -0.708615, new: -0.708615
(b)r: 0.4 phi: 0 vel: ( 0, 0 ) (5691,0) rel: ( 0.4, 0 ), (5691,0) global: ( -39.6839, -10.0897 ), (5691,0), changes: 0, 0 last seen:(5691,0) globalposderived: (5691,0)
