 0: change player from message 62 -> 1
 0: changed player from message 62 -> 1
 0: change player from message 63 -> 2
 0: changed player from message 63 -> 2
 0: change player from message 64 -> 3
 0: changed player from message 64 -> 3
 0: change player from message 65 -> 4
 0: changed player from message 65 -> 4
 0: change player from message 66 -> 5
 0: changed player from message 66 -> 5
 0: change player from message 67 -> 6
 0: changed player from message 67 -> 6
 0: change player from message 68 -> 7
 0: changed player from message 68 -> 7
 0: change player from message 69 -> 8
 0: changed player from message 69 -> 8
 0: change player from message 70 -> 9
 0: changed player from message 70 -> 9
 0: change player from message 71 -> 10
 0: changed player from message 71 -> 10
(b)r: 1.51279 phi: 1.1199 vel: ( 0.196737, -0.118717 ) (60,0) rel: ( 1.5125, 0.0295669 ), (60,0) global: ( 3.22977, -10.5114 ), (60,0), changes: -0.24, -4.3 last seen:(58,0) globalposderived: (58,0)
 60: direction old: 42.867245, new: 47.962946
(b)r: 1.3 phi: -1 vel: ( 0, 0 ) (60,0) rel: ( 1.2998, -0.0226881 ), (60,0) global: ( 2.80725, -10.746 ), (60,0), changes: -0.234, -9.1 last seen:(60,0) globalposderived: (60,0)
(b)r: 0.542231 phi: -0.896866 vel: ( 0, 0 ) (61,0) rel: ( 0.542164, -0.00848733 ), (61,0) global: ( 2.80725, -10.746 ), (61,0), changes: -0.234, -9.1 last seen:(60,0) globalposderived: (60,0)
 61: ball (2.807247,-10.746033), agent (2.452863,-11.156431), to (1.272518,0.410452) ang 47.085890 50.085890
 61: relpos body (0.542231,2.103134), vel. ball:(0.000000,0.000000) dist: 1.030009 (0.300000,0.085000,0.645009)
 61: point good and can reach point 97.494097
 61: direction old: 42.677091, new: 73.872865
(b)r: 1.1 phi: 24 vel: ( 0, 0 ) (61,0) rel: ( 1.0049, 0.44741 ), (61,0) global: ( 2.82403, -9.95557 ), (61,0), changes: 0.264, 18.2 last seen:(61,0) globalposderived: (61,0)
(b)r: 0.2 phi: 8.52651e-14 vel: ( 0, 0 ) (62,0) rel: ( 0.2, 2.97631e-16 ), (62,0) global: ( 2.96989, -10.2574 ), (62,0), changes: 0.264, 18.2 last seen:(61,0) globalposderived: (61,0)
 62: ball (2.969890,-10.257369), agent (3.056922,-10.437439), to (1.945008,-0.066661) ang 46.795542 115.795542
 62: relpos body (0.200000,69.000000), vel. ball:(0.000000,0.000000) dist: 1.030009 (0.300000,0.085000,0.645009)
 62: point good and can reach point 87.913068
(b)r: 0.2 phi: 2.13163e-13 vel: ( 0, 0 ) (63,0) rel: ( 0.2, 7.44079e-16 ), (63,0) global: ( 2.96989, -10.2574 ), (63,0), changes: 0.264, 18.2 last seen:(61,0) globalposderived: (61,0)
 63: ball (2.969890,-10.257369), agent (3.056922,-10.437439), to (1.937409,-0.080570) ang 46.795542 115.795542
 63: relpos body (0.200000,69.000000), vel. ball:(0.000000,0.000000) dist: 1.030009 (0.300000,0.085000,0.645009)
 63: point good and can reach point 87.913068
 151: Received coach message: online_coach_left (advice (0 (true) (do our {1} (home (pt -50 0))) (do our {2} (home (pt -12 26))) (do our {3} (home (pt -20 10))) (do our {4} (home (pt -20 -10))) (do our {5} (home (pt -12 -26))) (do our {6} (home (pt 20 0))) (do our {7} (home (pt 35 22))) (do our {8} (home (pt 12 -15))) (do our {9} (home (pt 0 0))) (do our {10} (home (pt 12 15))) (do our {11} (home (pt 35 -22))))))
 151: new home position for player 0: -50 0
 151: new home position for player 1: -12 26
 151: new home position for player 2: -20 10
 151: new home position for player 3: -20 -10
 151: new home position for player 4: -12 -26
 151: new home position for player 5: 20 0
 151: new home position for player 6: 35 22
 151: new home position for player 7: 12 -15
 151: new home position for player 8: 0 0
 151: new home position for player 9: 12 15
 151: new home position for player 10: 35 -22
 351: Received coach message: online_coach_left (advice (0 (true) (do our {1} (home (pt -50 0))) (do our {2} (home (pt -12 26))) (do our {3} (home (pt -20 10))) (do our {4} (home (pt -20 -10))) (do our {5} (home (pt -12 -26))) (do our {6} (home (pt 20 0))) (do our {7} (home (pt 35 22))) (do our {8} (home (pt 12 -15))) (do our {9} (home (pt 0 0))) (do our {10} (home (pt 12 15))) (do our {11} (home (pt 35 -22))))))
 351: new home position for player 0: -50 0
 351: new home position for player 1: -12 26
 351: new home position for player 2: -20 10
 351: new home position for player 3: -20 -10
 351: new home position for player 4: -12 -26
 351: new home position for player 5: 20 0
 351: new home position for player 6: 35 22
 351: new home position for player 7: 12 -15
 351: new home position for player 8: 0 0
 351: new home position for player 9: 12 15
 351: new home position for player 10: 35 -22
 632: Received coach message: online_coach_left (advice (0 (true) (do our {1} (home (pt -50 0))) (do our {2} (home (pt -12 26))) (do our {3} (home (pt -20 10))) (do our {4} (home (pt -20 -10))) (do our {5} (home (pt -12 -26))) (do our {6} (home (pt 20 0))) (do our {7} (home (pt 35 22))) (do our {8} (home (pt 12 -15))) (do our {9} (home (pt 0 0))) (do our {10} (home (pt 12 15))) (do our {11} (home (pt 35 -22))))))
 632: new home position for player 0: -50 0
 632: new home position for player 1: -12 26
 632: new home position for player 2: -20 10
 632: new home position for player 3: -20 -10
 632: new home position for player 4: -12 -26
 632: new home position for player 5: 20 0
 632: new home position for player 6: 35 22
 632: new home position for player 7: 12 -15
 632: new home position for player 8: 0 0
 632: new home position for player 9: 12 15
 632: new home position for player 10: 35 -22
 981: Received coach message: online_coach_left (advice (0 (true) (do our {1} (home (pt -50 0))) (do our {2} (home (pt -12 26))) (do our {3} (home (pt -20 10))) (do our {4} (home (pt -20 -10))) (do our {5} (home (pt -12 -26))) (do our {6} (home (pt 12 15))) (do our {7} (home (pt 35 22))) (do our {8} (home (pt 35 -22))) (do our {9} (home (pt 0 0))) (do our {10} (home (pt 20 0))) (do our {11} (home (pt 12 -15))))))
 981: new home position for player 0: -50 0
 981: new home position for player 1: -12 26
 981: new home position for player 2: -20 10
 981: new home position for player 3: -20 -10
 981: new home position for player 4: -12 -26
 981: new home position for player 5: 12 15
 981: new home position for player 6: 35 22
 981: new home position for player 7: 35 -22
 981: new home position for player 8: 0 0
 981: new home position for player 9: 20 0
 981: new home position for player 10: 12 -15
(b)r: 1.69913 phi: 0.28518 vel: ( -0.588069, -0.110998 ) (1003,0) rel: ( 1.69911, 0.0084571 ), (1003,0) global: ( 12.2931, -0.0678078 ), (1003,0), changes: -0.78, 4.8 last seen:(1002,0) globalposderived: (1002,0)
 1003: direction old: 33.348762, new: 42.303245
(b)r: 1.8 phi: 2 vel: ( 0, 0 ) (1003,0) rel: ( 1.7989, 0.0628191 ), (1003,0) global: ( 12.4549, 0.374057 ), (1003,0), changes: -0.756, 12.5 last seen:(1003,0) globalposderived: (1003,0)
(b)r: 1.54355 phi: -60.8045 vel: ( 0, 0 ) (1004,0) rel: ( 0.75293, -1.34746 ), (1004,0) global: ( 12.4549, 0.374057 ), (1004,0), changes: -0.756, 12.5 last seen:(1003,0) globalposderived: (1003,0)
(b)r: 1.45818 phi: -61.0901 vel: ( 0, 0 ) (1005,0) rel: ( 0.704934, -1.27646 ), (1005,0) global: ( 12.4549, 0.374057 ), (1005,0), changes: -0.756, 12.5 last seen:(1003,0) globalposderived: (1003,0)
 1005: direction old: 45.276767, new: 109.729350
(b)r: 0.9 phi: 3 vel: ( -0.660807, -0.057713 ) (1005,0) rel: ( 0.898767, 0.0471024 ), (1005,0) global: ( 11.0487, 0.108183 ), (1005,0), changes: 0.162, 42.7 last seen:(1005,0) globalposderived: (1005,0)
 1005: ball (11.048738,0.108183), agent (11.352557,-0.738985), to (14.055122,0.563377) ang 45.729350 106.729350
 1005: relpos body (0.900000,64.000000), vel. ball:(-0.660807,-0.057713) dist: 1.030009 (0.300000,0.085000,0.645009)
 1005: point good, but reposition ball since need 134.628524
 1005: (kick 72.692778 -63.389978), vecDesired (0.669845,-0.481371) 0.000000 posDes(11.718583,-0.373188)
(b)r: 0.491484 phi: -59.2559 vel: ( 0.62039, -0.440252 ) (1006,0) rel: ( 0.251249, -0.422411 ), (1006,0) global: ( 11.7087, -0.36017 ), (1006,0), changes: 0.162, 42.7 last seen:(1005,0) globalposderived: (1005,0)
 1006: ball (11.708727,-0.360170), agent (11.376517,-0.722377), to (14.024789,0.547327) ang 45.729350 106.729350
 1006: relpos body (0.491484,1.744089), vel. ball:(0.620390,-0.440252) dist: 1.030009 (0.300000,0.085000,0.645009)
 1006: point good and can reach point 59.257796
 1006: 2 pos: ball(11.669050,-0.351903), ball_prev(11.048738,0.108183), agentdiff(-0.023960,-0.016609)
 1006: vel based on 2 pos: (0.605615,-0.416868)
 1006: direction old: 46.764760, new: 50.729350
(b)r: 0.5 phi: -56 vel: ( 0.605615, -0.416868 ) (1006,0) rel: ( 0.279596, -0.414519 ), (1006,0) global: ( 11.669, -0.351903 ), (1006,0), changes: 0.162, 42.7 last seen:(1006,0) globalposderived: (1006,0)
 1006: ball (11.669050,-0.351903), agent (11.352557,-0.738985), to (13.262988,0.352003) ang 45.729350 106.729350
 1006: relpos body (0.500000,5.000000), vel. ball:(0.605615,-0.416868) dist: 1.030009 (0.300000,0.085000,0.645009)
 1006: point good and can reach point 60.702350
 1261: Received coach message: online_coach_left (advice (0 (true) (do our {1} (home (pt -50 0))) (do our {2} (home (pt -12 26))) (do our {3} (home (pt -20 10))) (do our {4} (home (pt -20 -10))) (do our {5} (home (pt -12 -26))) (do our {6} (home (pt 0 0))) (do our {7} (home (pt 35 22))) (do our {8} (home (pt 35 -22))) (do our {9} (home (pt 20 0))) (do our {10} (home (pt 12 15))) (do our {11} (home (pt 12 -15))))))
 1261: new home position for player 0: -50 0
 1261: new home position for player 1: -12 26
 1261: new home position for player 2: -20 10
 1261: new home position for player 3: -20 -10
 1261: new home position for player 4: -12 -26
 1261: new home position for player 5: 0 0
 1261: new home position for player 6: 35 22
 1261: new home position for player 7: 35 -22
 1261: new home position for player 8: 20 0
 1261: new home position for player 9: 12 15
 1261: new home position for player 10: 12 -15
 1397: 2 pos: ball(13.848982,-24.339739), ball_prev(12.783298,-23.651397), agentdiff(-0.053003,-0.041443)
 1397: vel based on 2 pos: (1.051566,-0.608085)
 1397: direction old: -143.991972, new: -144.401943
 1399: direction old: -103.344850, new: -107.334787
 1400: direction old: -97.730046, new: -98.391053
 1402: direction old: -88.411681, new: -86.229508
 1403: direction old: -81.191663, new: -82.473674
 1415: direction old: -57.729627, new: -53.038793
 1417: direction old: -44.838076, new: -49.966932
(b)r: 1.79458 phi: -1.5271 vel: ( 0, 0 ) (1418,0) rel: ( 1.79394, -0.0478251 ), (1418,0) global: ( 26.5493, -33.0798 ), (1418,0), changes: 0.1, 2.5 last seen:(1417,0) globalposderived: (1417,0)
 1418: direction old: -63.862369, new: -62.538218
(b)r: 1.5 phi: -7 vel: ( 0, 0 ) (1418,0) rel: ( 1.48882, -0.182804 ), (1418,0) global: ( 26.356, -32.6074 ), (1418,0), changes: -0.39, -9.2 last seen:(1418,0) globalposderived: (1418,0)
(b)r: 0.2 phi: 2.84217e-14 vel: ( 0, 0 ) (1419,0) rel: ( 0.2, 9.92105e-17 ), (1419,0) global: ( 26.3244, -31.9188 ), (1419,0), changes: -0.39, -9.2 last seen:(1418,0) globalposderived: (1418,0)
 1419: ball (26.324405,-31.918849), agent (26.315232,-31.719059), to (6.074945,-0.562368) ang -36.371019 -87.371019
 1419: relpos body (0.200000,-51.000000), vel. ball:(0.000000,0.000000) dist: 1.030009 (0.300000,0.085000,0.645009)
 1419: pos (-2.304026,3.567806) too far, but can acc ball good to 2.702352 k=2.702352,-0.000000
 1420: 2 pos: ball(25.173810,-31.263880), ball_prev(26.356019,-32.607354), agentdiff(-0.058340,-0.125889)
 1420: direction old: 121.966762, new: 151.863344
(b)r: 1.2 phi: -122 vel: ( -1.36967, 2.13931 ) (1420,0) rel: ( -0.635903, -1.01766 ), (1420,0) global: ( 25.1738, -31.2639 ), (1420,0), changes: -0.39, -9.2 last seen:(1420,0) globalposderived: (1420,0)
 1421: direction old: 133.389858, new: 137.013756
