(b)r: 0.455648 phi: -6.36158 vel: ( -1.78264, 0.19963 ) (1418,0) rel: ( 0.452843, -0.0504869 ), (1418,0) global: ( -46.1896, 0.519024 ), (1418,0), changes: -2.22, 6.2 last seen:(1417,0) globalposderived: (1417,0)
(b)r: 0.2 phi: -59.3616 vel: ( 0, 0 ) (1419,0) rel: ( 0.101924, -0.17208 ), (1419,0) global: ( -46.403, 0.378125 ), (1419,0), changes: -2.22, 6.2 last seen:(1417,0) globalposderived: (1417,0)
 1419: 2 pos: ball(-46.261989,0.696419), ball_prev(-44.293219,0.306652), agentdiff(-0.009858,0.185502)
 1419: direction old: -23.069155, new: 37.412469
(b)r: 0.4 phi: -90 vel: ( 0, 0 ) (1419,0) rel: ( 2.44929e-17, -0.4 ), (1419,0) global: ( -46.262, 0.696419 ), (1419,0), changes: -2.22, 6.2 last seen:(1419,0) globalposderived: (1419,0)
(b)r: 0.4 phi: 0 vel: ( 0, 0 ) (1420,0) rel: ( 0.4, 0 ), (1420,0) global: ( -46.262, 0.696419 ), (1420,0), changes: -2.22, 6.2 last seen:(1419,0) globalposderived: (1419,0)
 1420: direction old: 37.412469, new: 3.465364
(b)r: 0.4 phi: -38 vel: ( 0, 0 ) (1420,0) rel: ( 0.315204, -0.246265 ), (1420,0) global: ( -46.1804, 0.477577 ), (1420,0), changes: 0, 0 last seen:(1420,0) globalposderived: (1420,0)
(b)r: 0.4 phi: 0.000150015 vel: ( 0, 0 ) (1421,0) rel: ( 0.4, 1.0473e-06 ), (1421,0) global: ( -46.1804, 0.477577 ), (1421,0), changes: 0, 0 last seen:(1420,0) globalposderived: (1420,0)
(b)r: 0.4 phi: -2.25056e-08 vel: ( 0, 0 ) (1422,0) rel: ( 0.4, -1.57119e-10 ), (1422,0) global: ( -46.1804, 0.477577 ), (1422,0), changes: 0, 0 last seen:(1420,0) globalposderived: (1420,0)
 1422: direction old: -1.509926, new: 3.460018
(b)r: 0.4 phi: 0 vel: ( 0, 0 ) (1422,0) rel: ( 0.4, 0 ), (1422,0) global: ( -46.1526, 0.511509 ), (1422,0), changes: 0, 0 last seen:(1422,0) globalposderived: (1422,0)
(b)r: 0.4 phi: 4.88498e-15 vel: ( 0, 0 ) (1423,0) rel: ( 0.4, 3.41036e-17 ), (1423,0) global: ( -46.1526, 0.511509 ), (1423,0), changes: 0, 0 last seen:(1422,0) globalposderived: (1422,0)
 1423: direction old: 3.460018, new: 3.460018
(b)r: 0.4 phi: 0 vel: ( 0, 0 ) (1423,0) rel: ( 0.4, 0 ), (1423,0) global: ( -46.1526, 0.511509 ), (1423,0), changes: 0, 0 last seen:(1423,0) globalposderived: (1423,0)
(b)r: 0.4 phi: 4.88498e-15 vel: ( 0, 0 ) (1424,0) rel: ( 0.4, 3.41036e-17 ), (1424,0) global: ( -46.1526, 0.511509 ), (1424,0), changes: 0, 0 last seen:(1423,0) globalposderived: (1423,0)
(b)r: 0.4 phi: 4.88498e-15 vel: ( 0, 0 ) (1425,0) rel: ( 0.4, 3.41036e-17 ), (1425,0) global: ( -46.1526, 0.511509 ), (1425,0), changes: 0, 0 last seen:(1423,0) globalposderived: (1423,0)
 1425: direction old: 3.460018, new: 3.460018
(b)r: 0.4 phi: 0 vel: ( 0, 0 ) (1425,0) rel: ( 0.4, 0 ), (1425,0) global: ( -46.1526, 0.511509 ), (1425,0), changes: 0, 0 last seen:(1425,0) globalposderived: (1425,0)
(b)r: 0.4 phi: 4.88498e-15 vel: ( 0, 0 ) (1426,0) rel: ( 0.4, 3.41036e-17 ), (1426,0) global: ( -46.1526, 0.511509 ), (1426,0), changes: 0, 0 last seen:(1425,0) globalposderived: (1425,0)
 1426: direction old: 3.460018, new: 3.460018
(b)r: 0.4 phi: 0 vel: ( 0, 0 ) (1426,0) rel: ( 0.4, 0 ), (1426,0) global: ( -46.1526, 0.511509 ), (1426,0), changes: 0, 0 last seen:(1426,0) globalposderived: (1426,0)
(b)r: 0.4 phi: 4.88498e-15 vel: ( 0, 0 ) (1427,0) rel: ( 0.4, 3.41036e-17 ), (1427,0) global: ( -46.1526, 0.511509 ), (1427,0), changes: 0, 0 last seen:(1426,0) globalposderived: (1426,0)
(b)r: 0.4 phi: 4.88498e-15 vel: ( 0, 0 ) (1428,0) rel: ( 0.4, 3.41036e-17 ), (1428,0) global: ( -46.1526, 0.511509 ), (1428,0), changes: 0, 0 last seen:(1426,0) globalposderived: (1426,0)
 1428: direction old: 3.460018, new: 3.460018
(b)r: 0.4 phi: 0 vel: ( 0, 0 ) (1428,0) rel: ( 0.4, 0 ), (1428,0) global: ( -46.1526, 0.511509 ), (1428,0), changes: 0, 0 last seen:(1428,0) globalposderived: (1428,0)
(b)r: 0.4 phi: 4.88498e-15 vel: ( 0, 0 ) (1429,0) rel: ( 0.4, 3.41036e-17 ), (1429,0) global: ( -46.1526, 0.511509 ), (1429,0), changes: 0, 0 last seen:(1428,0) globalposderived: (1428,0)
 1429: direction old: 3.460018, new: 3.460018
(b)r: 0.4 phi: 0 vel: ( 0, 0 ) (1429,0) rel: ( 0.4, 0 ), (1429,0) global: ( -46.1526, 0.511509 ), (1429,0), changes: 0, 0 last seen:(1429,0) globalposderived: (1429,0)
(b)r: 0.4 phi: 4.88498e-15 vel: ( 0, 0 ) (1430,0) rel: ( 0.4, 3.41036e-17 ), (1430,0) global: ( -46.1526, 0.511509 ), (1430,0), changes: 0, 0 last seen:(1429,0) globalposderived: (1429,0)
(b)r: 0.4 phi: 4.88498e-15 vel: ( 0, 0 ) (1431,0) rel: ( 0.4, 3.41036e-17 ), (1431,0) global: ( -46.1526, 0.511509 ), (1431,0), changes: 0, 0 last seen:(1429,0) globalposderived: (1429,0)
 1431: direction old: 3.460018, new: 3.460018
(b)r: 0.4 phi: 0 vel: ( 0, 0 ) (1431,0) rel: ( 0.4, 0 ), (1431,0) global: ( -46.1526, 0.511509 ), (1431,0), changes: 0, 0 last seen:(1431,0) globalposderived: (1431,0)
(b)r: 0.4 phi: 4.88498e-15 vel: ( 0, 0 ) (1432,0) rel: ( 0.4, 3.41036e-17 ), (1432,0) global: ( -46.1526, 0.511509 ), (1432,0), changes: 0, 0 last seen:(1431,0) globalposderived: (1431,0)
 1432: direction old: 3.460018, new: 3.460018
(b)r: 0.4 phi: 0 vel: ( 0, 0 ) (1432,0) rel: ( 0.4, 0 ), (1432,0) global: ( -46.1526, 0.511509 ), (1432,0), changes: 0, 0 last seen:(1432,0) globalposderived: (1432,0)
(b)r: 0.4 phi: 4.88498e-15 vel: ( 0, 0 ) (1433,0) rel: ( 0.4, 3.41036e-17 ), (1433,0) global: ( -46.1526, 0.511509 ), (1433,0), changes: 0, 0 last seen:(1432,0) globalposderived: (1432,0)
(b)r: 0.4 phi: 4.88498e-15 vel: ( 0, 0 ) (1434,0) rel: ( 0.4, 3.41036e-17 ), (1434,0) global: ( -46.1526, 0.511509 ), (1434,0), changes: 0, 0 last seen:(1432,0) globalposderived: (1432,0)
 1434: direction old: 3.460018, new: 3.460018
(b)r: 0.4 phi: 0 vel: ( 0, 0 ) (1434,0) rel: ( 0.4, 0 ), (1434,0) global: ( -46.1526, 0.511509 ), (1434,0), changes: 0, 0 last seen:(1434,0) globalposderived: (1434,0)
(b)r: 0.4 phi: 4.88498e-15 vel: ( 0, 0 ) (1435,0) rel: ( 0.4, 3.41036e-17 ), (1435,0) global: ( -46.1526, 0.511509 ), (1435,0), changes: 0, 0 last seen:(1434,0) globalposderived: (1434,0)
 1435: direction old: 3.460018, new: 3.460018
(b)r: 0.4 phi: 0 vel: ( 0, 0 ) (1435,0) rel: ( 0.4, 0 ), (1435,0) global: ( -46.1526, 0.511509 ), (1435,0), changes: 0, 0 last seen:(1435,0) globalposderived: (1435,0)
(b)r: 0.4 phi: 4.88498e-15 vel: ( 0, 0 ) (1436,0) rel: ( 0.4, 3.41036e-17 ), (1436,0) global: ( -46.1526, 0.511509 ), (1436,0), changes: 0, 0 last seen:(1435,0) globalposderived: (1435,0)
(b)r: 0.4 phi: 4.88498e-15 vel: ( 0, 0 ) (1437,0) rel: ( 0.4, 3.41036e-17 ), (1437,0) global: ( -46.1526, 0.511509 ), (1437,0), changes: 0, 0 last seen:(1435,0) globalposderived: (1435,0)
 1437: direction old: 3.460018, new: 3.460018
(b)r: 0.4 phi: 0 vel: ( 0, 0 ) (1437,0) rel: ( 0.4, 0 ), (1437,0) global: ( -46.1526, 0.511509 ), (1437,0), changes: 0, 0 last seen:(1437,0) globalposderived: (1437,0)
(b)r: 0.4 phi: 4.88498e-15 vel: ( 0, 0 ) (1438,0) rel: ( 0.4, 3.41036e-17 ), (1438,0) global: ( -46.1526, 0.511509 ), (1438,0), changes: 0, 0 last seen:(1437,0) globalposderived: (1437,0)
 1438: direction old: 3.460018, new: 3.460018
(b)r: 0.4 phi: 0 vel: ( 0, 0 ) (1438,0) rel: ( 0.4, 0 ), (1438,0) global: ( -46.1526, 0.511509 ), (1438,0), changes: 0, 0 last seen:(1438,0) globalposderived: (1438,0)
(b)r: 0.4 phi: 4.88498e-15 vel: ( 0, 0 ) (1439,0) rel: ( 0.4, 3.41036e-17 ), (1439,0) global: ( -46.1526, 0.511509 ), (1439,0), changes: 0, 0 last seen:(1438,0) globalposderived: (1438,0)
(b)r: 0.4 phi: 4.88498e-15 vel: ( 0, 0 ) (1440,0) rel: ( 0.4, 3.41036e-17 ), (1440,0) global: ( -46.1526, 0.511509 ), (1440,0), changes: 0, 0 last seen:(1438,0) globalposderived: (1438,0)
 1440: direction old: 3.460018, new: 3.460018
(b)r: 0.4 phi: 0 vel: ( 0, 0 ) (1440,0) rel: ( 0.4, 0 ), (1440,0) global: ( -46.1526, 0.511509 ), (1440,0), changes: 0, 0 last seen:(1440,0) globalposderived: (1440,0)
(b)r: 0.4 phi: 4.88498e-15 vel: ( 0, 0 ) (1441,0) rel: ( 0.4, 3.41036e-17 ), (1441,0) global: ( -46.1526, 0.511509 ), (1441,0), changes: 0, 0 last seen:(1440,0) globalposderived: (1440,0)
 1441: direction old: 3.460018, new: 3.460018
(b)r: 0.4 phi: 0 vel: ( 0, 0 ) (1441,0) rel: ( 0.4, 0 ), (1441,0) global: ( -46.1526, 0.511509 ), (1441,0), changes: 0, 0 last seen:(1441,0) globalposderived: (1441,0)
(b)r: 0.4 phi: 4.88498e-15 vel: ( 0, 0 ) (1442,0) rel: ( 0.4, 3.41036e-17 ), (1442,0) global: ( -46.1526