 0: change player from message 62 -> 1
 0: changed player from message 62 -> 1
 0: change player from message 63 -> 2
 0: changed player from message 63 -> 2
 0: change player from message 64 -> 3
 0: changed player from message 64 -> 3
 0: change player from message 65 -> 4
 0: changed player from message 65 -> 4
 0: change player from message 66 -> 5
 0: changed player from message 66 -> 5
 0: change player from message 67 -> 6
 0: changed player from message 67 -> 6
 0: change player from message 68 -> 7
 0: changed player from message 68 -> 7
 0: change player from message 69 -> 8
 0: changed player from message 69 -> 8
 0: change player from message 70 -> 9
 0: changed player from message 70 -> 9
 0: change player from message 71 -> 10
 0: changed player from message 71 -> 10
 151: Received coach message: online_coach_left (advice (0 (true) (do our {1} (home (pt -20 -10))) (do our {2} (home (pt -12 26))) (do our {3} (home (pt -20 10))) (do our {4} (home (pt 20 0))) (do our {5} (home (pt -12 -26))) (do our {6} (home (pt 0 0))) (do our {7} (home (pt 35 22))) (do our {8} (home (pt 12 -15))) (do our {9} (home (pt 0 0))) (do our {10} (home (pt 12 15))) (do our {11} (home (pt 35 -22))))))
 151: new home position for player 0: -20 -10
 151: new home position for player 1: -12 26
 151: new home position for player 2: -20 10
 151: new home position for player 3: 20 0
 151: new home position for player 4: -12 -26
 151: new home position for player 5: 0 0
 151: new home position for player 6: 35 22
 151: new home position for player 7: 12 -15
 151: new home position for player 8: 0 0
 151: new home position for player 9: 12 15
 151: new home position for player 10: 35 -22
 351: Received coach message: online_coach_left (advice (0 (true) (do our {1} (home (pt -20 10))) (do our {2} (home (pt -12 26))) (do our {3} (home (pt 0 0))) (do our {4} (home (pt -20 -10))) (do our {5} (home (pt -12 -26))) (do our {6} (home (pt 12 -15))) (do our {7} (home (pt 35 22))) (do our {8} (home (pt 20 0))) (do our {9} (home (pt 0 0))) (do our {10} (home (pt 12 15))) (do our {11} (home (pt 35 -22))))))
 351: new home position for player 0: -20 10
 351: new home position for player 1: -12 26
 351: new home position for player 2: 0 0
 351: new home position for player 3: -20 -10
 351: new home position for player 4: -12 -26
 351: new home position for player 5: 12 -15
 351: new home position for player 6: 35 22
 351: new home position for player 7: 20 0
 351: new home position for player 8: 0 0
 351: new home position for player 9: 12 15
 351: new home position for player 10: 35 -22
(b)r: 1.23739 phi: 35.9119 vel: ( -1.19121, 0.237066 ) (365,0) rel: ( 1.00219, 0.725781 ), (365,0) global: ( -17.986, -18.5234 ), (365,0), changes: -1.254, 7.4 last seen:(363,0) globalposderived: (363,0)
 365: direction old: 57.936907, new: 53.740815
(b)r: 1.3 phi: 32 vel: ( -1.18664, 0.229604 ) (365,0) rel: ( 1.10246, 0.688895 ), (365,0) global: ( -17.8886, -18.5471 ), (365,0), changes: -0.52, 47.8 last seen:(365,0) globalposderived: (365,0)
(b)r: 1.34442 phi: 54.3632 vel: ( -1.11544, 0.215827 ) (366,0) rel: ( 0.783316, 1.09264 ), (366,0) global: ( -19.0753, -18.3175 ), (366,0), changes: -0.52, 47.8 last seen:(365,0) globalposderived: (365,0)
 366: 2 pos: ball(-19.056541,-18.304687), ball_prev(-17.888635,-18.547102), agentdiff(-0.036703,0.042184)
 366: vel based on 2 pos: (-1.063331,0.188216)
 366: direction old: 107.139073, new: 106.183689
(b)r: 1.3 phi: 56 vel: ( -1.06333, 0.188216 ) (366,0) rel: ( 0.726951, 1.07775 ), (366,0) global: ( -19.0565, -18.3047 ), (366,0), changes: -0.52, 47.8 last seen:(366,0) globalposderived: (366,0)
 374: direction old: 157.084999, new: 161.304271
 375: direction old: 166.285156, new: 163.713427
(b)r: 1.72332 phi: 10.845 vel: ( -0.524307, 0.103901 ) (377,0) rel: ( 1.69254, 0.324249 ), (377,0) global: ( -27.9612, -16.8129 ), (377,0), changes: 0.15, 1.4 last seen:(375,0) globalposderived: (375,0)
 377: direction old: 172.429742, new: 169.671287
(b)r: 1.6 phi: 11 vel: ( -0.519049, 0.107447 ) (377,0) rel: ( 1.5706, 0.305294 ), (377,0) global: ( -27.8509, -16.7499 ), (377,0), changes: 0.064, 2.6 last seen:(377,0) globalposderived: (377,0)
(b)r: 1.17139 phi: 19.6545 vel: ( -0.487906, 0.101 ) (378,0) rel: ( 1.10314, 0.393994 ), (378,0) global: ( -28.37, -16.6424 ), (378,0), changes: 0.064, 2.6 last seen:(377,0) globalposderived: (377,0)
 378: direction old: 176.403292, new: 176.859354
(b)r: 1.2 phi: 18 vel: ( -0.495739, 0.111375 ) (378,0) rel: ( 1.14127, 0.37082 ), (378,0) global: ( -28.3444, -16.6536 ), (378,0), changes: 0.072, 2.3 last seen:(378,0) globalposderived: (378,0)
(b)r: 0.809134 phi: 33.4273 vel: ( -0.465995, 0.104692 ) (379,0) rel: ( 0.675292, 0.445734 ), (379,0) global: ( -28.8401, -16.5422 ), (379,0), changes: 0.072, 2.3 last seen:(378,0) globalposderived: (378,0)
 379: turnWithBall: turn since ball will be kickable in t+1
(b)r: 0.921336 phi: 85.1376 vel: ( -0.438035, 0.0984106 ) (380,0) rel: ( 0.0780951, 0.918021 ), (380,0) global: ( -29.3061, -16.4376 ), (380,0), changes: 0.072, 2.3 last seen:(378,0) globalposderived: (378,0)
 380: turnWithBall: freeze ball
 380: 2 pos: ball(-29.393643,-16.382919), ball_prev(-28.344377,-16.653624), agentdiff(0.004468,0.007808)
 380: direction old: -164.190023, new: -168.572809
(b)r: 1 phi: 74 vel: ( -0.438035, 0.0984106 ) (380,0) rel: ( 0.275637, 0.961262 ), (380,0) global: ( -29.3936, -16.3829 ), (380,0), changes: 0.072, 2.3 last seen:(380,0) globalposderived: (380,0)
 380: turnWithBall: freeze ball
(b)r: 0.843318 phi: 81.4262 vel: ( -0.0169628, 0.00445659 ) (381,0) rel: ( 0.125724, 0.833894 ), (381,0) global: ( -29.4117, -16.3782 ), (381,0), changes: 0.072, 2.3 last seen:(380,0) globalposderived: (380,0)
 381: turnWithBall: turn since ball will be kickable in t+1
 381: 2 pos: ball(-29.429022,-16.385704), ball_prev(-29.393643,-16.382919), agentdiff(0.032808,0.020842)
 381: vel based on 2 pos: (-0.064096,-0.022210)
 381: direction old: -160.553460, new: -160.469006
(b)r: 0.9 phi: 82 vel: ( -0.0640962, -0.0222097 ) (381,0) rel: ( 0.125256, 0.891241 ), (381,0) global: ( -29.429, -16.3857 ), (381,0), changes: 0.072, 2.3 last seen:(381,0) globalposderived: (381,0)
 381: turnWithBall: turn since ball will be kickable in t+1
(b)r: 0.927319 phi: -158.751 vel: ( -0.0602505, -0.0208771 ) (382,0) rel: ( -0.864276, -0.336078 ), (382,0) global: ( -29.4931, -16.4079 ), (382,0), changes: 0.072, 2.3 last seen:(381,0) globalposderived: (381,0)
 382: ball (-29.493118,-16.407914), agent (-28.646609,-16.029307), to (-19.152811,2.642090) ang 2.848141 2.848141
 382: relpos body (0.927319,-158.751203), vel. ball:(-0.060250,-0.020877) dist: 1.137590 (0.300000,0.085000,0.752590)
 382: point too far, reposition ball (k_r = 0.599361)
 382: (kick 89.760054 15.215049), vecDesired (1.320725,0.429513) 0.000000 posDes(-28.172393,-15.978401)
(b)r: 0.2 phi: 2.31579 vel: ( -0.123206, -0.0395324 ) (383,0) rel: ( 0.199837, 0.00808144 ), (383,0) global: ( -28.4474, -16.0113 ), (383,0), changes: 0.072, 2.3 last seen:(381,0) globalposderived: (381,0)
 383: ball (-28.447421,-16.011306), agent (-28.646609,-16.029307), to (-19.152811,2.642090) ang 2.848141 2.848141
 383: relpos body (0.200000,2.315792), vel. ball:(-0.123206,-0.039532) dist: 1.137590 (0.300000,0.085000,0.752590)
 383: pos (1.478835,2.967881) too far, but can acc ball good to 2.765410 k=2.857243,0.092644
 383: direction old: 25.805875, new: 50.895687
(b)r: 0.4 phi: 33 vel: ( -0.102064, -0.0613724 ) (383,0) rel: ( 0.335468, 0.217856 ), (383,0) global: ( -28.5879, -15.8908 ), (383,0), changes: -0.112, 5.8 last seen:(383,0) globalposderived: (383,0)
 383: ball (-28.587883,-15.890821), agent (-28.840176,-16.201221), to (-25.033706,-14.972081) ang 17.895687 17.895687
 383: relpos body (0.400000,33.000000), vel. ball:(-0.102064,-0.061372) dist: 1.137590 (0.300000,0.085000,0.752590)
 383: point good and can reach point 32.762392
(b)r: 1.05433 phi: 9.63709 vel: ( 0.641674, 0.166354 ) (384,0) rel: ( 1.03945, 0.176503 ), (384,0) global: ( -27.9053, -15.7138 ), (384,0), changes: -0.112, 5.8 last seen:(383,0) globalposderived: (383,0)
 384: direction old: 27.532772, new: 26.895687
(b)r: 1.1 phi: 9 vel: ( 0.668198, 0.176491 ) (384,0) rel: ( 1.08646, 0.172078 ), (384,0) global: ( -27.8592, -15.7036 ), (384,0), changes: 0.704, -7.7 last seen:(384,0) globalposderived: (384,0)
(b)r: 1.22704 phi: 7.22082 vel: ( 0, 0 ) (385,0) rel: ( 1.21731, 0.154232 ), (385,0) global: ( -27.191, -15.5271 ), (385,0), changes: 0.704, -7.7 last seen:(384,0) globalposderived: (384,0)
(b)r: 0.2 phi: 20.622 vel: ( 0, 0 ) (386,0) rel: ( 0.187185, 0.0704402 ), (386,0) global: ( -27.3973, -15.6913 ), (386,0), changes: 0.704, -7.7 last seen:(384,0) globalposderived: (384,0)
 386: 2 pos: ball(-27.752416,-15.552477), ball_prev(-27.859162,-15.703616), agentdiff(0.098543,-0.004301)
 386: direction old: 65.788119, new: 137.990069
(b)r: 0.4 phi: 120 vel: ( 0, 0 ) (386,0) rel: ( -0.2, 0.34641 ), (386,0) global: ( -27.7524, -15.5525 ), (386,0), changes: 0.704, -7.7 last seen:(386,0) globalposderived: (386,0)
 386: ball (-27.752416,-15.552477), agent (-27.455204,-15.820181), to (-23.650764,-14.584772) ang 17.990069 17.990069
 386: relpos body (0.400000,120.000000), vel. ball:(0.000000,0.000000) dist: 1.137590 (0.300000,0.085000,0.752590)
 386: point good and can reach point 34.474431
(b)r: 0.668297 phi: 25.8237 vel: ( 0.693598, 0.172806 ) (387,0) rel: ( 0.60156, 0.291113 ), (387,0) global: ( -27.0145, -15.3686 ), (387,0), changes: 0.704, -7.7 last seen:(386,0) globalposderived: (386,0)
 387: ball (-27.014546,-15.368641), agent (-27.496785,-15.831314), to (-23.692344,-14.595906) ang 17.990069 17.990069
 387: relpos body (0.668297,25.823727), vel. ball:(0.693598,0.172806) dist: 1.137590 (0.300000,0.085000,0.752590)
 387: point good and can reach point 0.640236
 387: direction old: 45.698747, new: 39.990069
(b)r: 0.7 phi: 22 vel: ( -0.0679861, -0.0125078 ) (387,0) rel: ( 0.649029, 0.262225 ), (387,0) global: ( -26.9189, -15.3703 ), (387,0), changes: -0.042, 2.1 last seen:(387,0) globalposderived: (387,0)
 387: ball (-26.918895,-15.370322), agent (-27.455204,-15.820181), to (-23.650764,-14.584772) ang 17.990069 17.990069
 387: relpos body (0.700000,22.000000), vel. ball:(-0.067986,-0.012508) dist: 1.137590 (0.300000,0.085000,0.752590)
 387: point good and can reach point 33.996490
(b)r: 1.38738 phi: 8.92856 vel: ( 0.638918, 0.163347 ) (388,0) rel: ( 1.37057, 0.215326 ), (388,0) global: ( -26.2392, -15.1965 ), (388,0), changes: -0.042, 2.1 last seen:(387,0) globalposderived: (387,0)
(b)r: 1.52491 phi: 6.48814 vel: ( 0.600583, 0.153546 ) (389,0) rel: ( 1.51514, 0.172311 ), (389,0) global: ( -25.6003, -15.0332 ), (389,0), changes: -0.042, 2.1 last seen:(387,0) globalposderived: (387,0)
(b)r: 1.93186 phi: -28.8978 vel: ( 1.52977, -0.39671 ) (534,0) rel: ( 1.69131, -0.93357 ), (534,0) global: ( -20.7616, -14.9013 ), (534,0), changes: -1.998, -9.4 last seen:(533,0) globalposderived: (533,0)
 534: direction old: 127.031055, new: 135.904316
(b)r: 1.8 phi: -27 vel: ( 1.46947, -0.390189 ) (534,0) rel: ( 1.60381, -0.817183 ), (534,0) global: ( -20.8701, -15.2185 ), (534,0), changes: -1.368, -24.5 last seen:(534,0) globalposderived: (534,0)
(b)r: 0.894888 phi: 13.7705 vel: ( 1.3813, -0.366778 ) (535,0) rel: ( 0.869166, 0.213014 ), (535,0) global: ( -19.4007, -15.6087 ), (535,0), changes: -1.368, -24.5 last seen:(534,0) globalposderived: (534,0)
 535: turnWithBall: freeze ball
 535: freeze ball will end up oustide -> accelerate
(b)r: 0.814204 phi: 9.82813 vel: ( -0.0146277, -0.0838274 ) (536,0) rel: ( 0.802255, 0.138979 ), (536,0) global: ( -19.4162, -15.6979 ), (536,0), changes: -1.368, -24.5 last seen:(534,0) globalposderived: (534,0)
 536: turnWithBall: turn since ball will be kickable in t+1
 536: direction old: 59.518545, new: 61.644948
(b)r: 0.7 phi: 5 vel: ( 0.0868497, -0.133438 ) (536,0) rel: ( 0.697336, 0.061009 ), (536,0) global: ( -19.4334, -15.6758 ), (536,0), changes: -0.07, -13 last seen:(536,0) globalposderived: (536,0)
 536: turnWithBall: turn since ball will be kickable in t+1
(b)r: 0.648442 phi: 46.9802 vel: ( 0.0816388, -0.125432 ) (537,0) rel: ( 0.442401, 0.474088 ), (537,0) global: ( -19.3465, -15.8093 ), (537,0), changes: -0.07, -13 last seen:(536,0) globalposderived: (536,0)
 537: ball (-19.346529,-15.809272), agent (-19.786447,-16.285664), to (-15.786502,-16.264772) ang 0.299262 0.299262
 537: relpos body (0.648442,46.980194), vel. ball:(0.081639,-0.125432) dist: 1.137590 (0.300000,0.085000,0.752590)
 537: point good and can reach point 27.896849
 537: direction old: 56.949925, new: 46.750791
(b)r: 0.7 phi: 40 vel: ( 0.0877088, -0.129783 ) (537,0) rel: ( 0.536231, 0.449951 ), (537,0) global: ( -19.2339, -15.8634 ), (537,0), changes: -0.028, -13.8 last seen:(537,0) globalposderived: (537,0)
 537: ball (-19.233859,-15.863381), agent (-19.713480,-16.373248), to (-15.741213,-15.903043) ang 6.750791 6.750791
 537: relpos body (0.700000,40.000000), vel. ball:(0.087709,-0.129783) dist: 1.137590 (0.300000,0.085000,0.752590)
 537: point good and can reach point 28.600634
(b)r: 1.3097 phi: 15.4761 vel: ( 0.668771, -0.0106706 ) (538,0) rel: ( 1.26221, 0.349475 ), (538,0) global: ( -18.5224, -15.8747 ), (538,0), changes: -0.028, -13.8 last seen:(537,0) globalposderived: (537,0)
(b)r: 1.9426 phi: 69.4648 vel: ( 0.628644, -0.0100304 ) (539,0) rel: ( 0.681431, 1.81917 ), (539,0) global: ( -17.8536, -15.8854 ), (539,0), changes: -0.028, -13.8 last seen:(537,0) globalposderived: (537,0)
 539: 2 pos: ball(-17.719846,-16.011314), ball_prev(-19.233859,-15.863381), agentdiff(0.062810,-0.076141)
 539: direction old: 17.143241, new: 12.561832
 540: 2 pos: ball(-17.137023,-16.141648), ball_prev(-17.719846,-16.011314), agentdiff(-0.159742,-0.105508)
 540: vel based on 2 pos: (0.698010,-0.023337)
 540: direction old: 20.341499, new: 18.865826
 677: Received coach message: online_coach_left (advice (0 (true) (do our {1} (home (pt -20 10))) (do our {2} (home (pt -12 26))) (do our {3} (home (pt 0 0))) (do our {4} (home (pt -20 -10))) (do our {5} (home (pt -12 -26))) (do our {6} (home (pt 20 0))) (do our {7} (home (pt 35 22))) (do our {8} (home (pt 12 -15))) (do our {9} (home (pt 0 0))) (do our {10} (home (pt 12 15))) (do our {11} (home (pt 35 -22))))))
 677: new home position for player 0: -20 10
 677: new home position for player 1: -12 26
 677: new home position for player 2: 0 0
 677: new home position for player 3: -20 -10
 677: new home position for player 4: -12 -26
 677: new home position for player 5: 20 0
 677: new home position for player 6: 35 22
 677: new home position for player 7: 12 -15
 677: new home position for player 8: 0 0
 677: new home position for player 9: 12 15
 677: new home position for player 10: 35 -22
 977: Received coach message: online_coach_left (advice (0 (true) (do our {1} (home (pt -20 10))) (do our {2} (home (pt -12 26))) (do our {3} (home (pt 0 0))) (do our {4} (home (pt -20 -10))) (do our {5} (home (pt -12 -26))) (do our {6} (home (pt 0 0))) (do our {7} (home (pt 12 15))) (do our {8} (home (pt 12 -15))) (do our {9} (home (pt 20 0))) (do our {10} (home (pt 35 22))) (do our {11} (home (pt 35 -22))))))
 977: new home position for player 0: -20 10
 977: new home position for player 1: -12 26
 977: new home position for player 2: 0 0
 977: new home position for player 3: -20 -10
 977: new home position for player 4: -12 -26
 977: new home position for player 5: 0 0
 977: new home position for player 6: 12 15
 977: new home position for player 7: 12 -15
 977: new home position for player 8: 20 0
 977: new home position for player 9: 35 22
 977: new home position for player 10: 35 -22
 1277: Received coach message: online_coach_left (advice (0 (true) (do our {1} (home (pt -20 10))) (do our {2} (home (pt -12 26))) (do our {3} (home (pt 0 0))) (do our {4} (home (pt -20 -10))) (do our {5} (home (pt -12 -26))) (do our {6} (home (pt 0 0))) (do our {7} (home (pt 35 22))) (do our {8} (home (pt 12 -15))) (do our {9} (home (pt 20 0))) (do our {10} (home (pt 12 15))) (do our {11} (home (pt 35 -22))))))
 1277: new home position for player 0: -20 10
 1277: new home position for player 1: -12 26
 1277: new home position for player 2: 0 0
 1277: new home position for player 3: -20 -10
 1277: new home position for player 4: -12 -26
 1277: new home position for player 5: 0 0
 1277: new home position for player 6: 35 22
 1277: new home position for player 7: 12 -15
 1277: new home position for player 8: 20 0
 1277: new home position for player 9: 12 15
 1277: new home position for player 10: 35 -22
(b)r: 1.59195 phi: 14.0029 vel: ( -0.110023, -0.109171 ) (1286,0) rel: ( 1.54464, 0.385206 ), (1286,0) global: ( -19.8285, -14.7255 ), (1286,0), changes: -0.33, 2.9 last seen:(1284,0) globalposderived: (1284,0)
 1286: direction old: 177.992626, new: -178.817093
(b)r: 1.5 phi: 14 vel: ( -0.132448, -0.108818 ) (1286,0) rel: ( 1.45544, 0.362883 ), (1286,0) global: ( -19.7252, -14.8127 ), (1286,0), changes: -0.3, 8.5 last seen:(1286,0) globalposderived: (1286,0)
(b)r: 1.63589 phi: 18.4616 vel: ( -0.124501, -0.102289 ) (1287,0) rel: ( 1.5517, 0.518034 ), (1287,0) global: ( -19.8576, -14.9215 ), (1287,0), changes: -0.3, 8.5 last seen:(1286,0) globalposderived: (1286,0)
 1287: direction old: -174.355285, new: -173.790080
(b)r: 1.6 phi: 19 vel: ( 0, 0 ) (1287,0) rel: ( 1.51283, 0.520909 ), (1287,0) global: ( -19.8202, -14.9337 ), (1287,0), changes: 0.128, 3.2 last seen:(1287,0) globalposderived: (1287,0)
(b)r: 1.08171 phi: 28.1988 vel: ( 0, 0 ) (1288,0) rel: ( 0.953326, 0.511143 ), (1288,0) global: ( -19.8202, -14.9337 ), (1288,0), changes: 0.128, 3.2 last seen:(1287,0) globalposderived: (1287,0)
(b)r: 0.2 phi: 71.4645 vel: ( 0, 0 ) (1289,0) rel: ( 0.0635785, 0.189625 ), (1289,0) global: ( -19.6464, -14.6481 ), (1289,0), changes: 0.128, 3.2 last seen:(1287,0) globalposderived: (1287,0)
 1289: direction old: -112.925641, new: 165.989523
 1587: Received coach message: online_coach_left (advice (0 (true) (do our {1} (home (pt -20 10))) (do our {2} (home (pt -12 26))) (do our {3} (home (pt 0 0))) (do our {4} (home (pt -20 -10))) (do our {5} (home (pt -12 -26))) (do our {6} (home (pt 20 0))) (do our {7} (home (pt 35 22))) (do our {8} (home (pt 12 -15))) (do our {9} (home (pt 0 0))) (do our {10} (home (pt 12 15))) (do our {11} (home (pt 35 -22))))))
 1587: new home position for player 0: -20 10
 1587: new home position for player 1: -12 26
 1587: new home position for player 2: 0 0
 1587: new home position for player 3: -20 -10
 1587: new home position for player 4: -12 -26
 1587: new home position for player 5: 20 0
 1587: new home position for player 6: 35 22
 1587: new home position for player 7: 12 -15
 1587: new home position for player 8: 0 0
 1587: new home position for player 9: 12 15
 1587: new home position for player 10: 35 -22
 1704: 2 pos: ball(-6.209562,-14.513669), ball_prev(-5.736230,-14.861025), agentdiff(-0.103157,0.297694)
 1704: vel based on 2 pos: (-0.347964,0.046683)
 1704: direction old: 16.779020, new: 23.419027
(b)r: 1.99349 phi: -8.7458 vel: ( -0.327086, 0.0438816 ) (1705,0) rel: ( 1.97031, -0.303112 ), (1705,0) global: ( -6.55753, -14.467 ), (1705,0), changes: -0.792, 3.7 last seen:(1704,0) globalposderived: (1704,0)
(b)r: 1.11701 phi: -4.0742 vel: ( -0.307461, 0.0412487 ) (1706,0) rel: ( 1.11418, -0.0793615 ), (1706,0) global: ( -6.88461, -14.4231 ), (1706,0), changes: -0.792, 3.7 last seen:(1704,0) globalposderived: (1704,0)
 1706: direction old: 50.249825, new: 41.137756
(b)r: 1.1 phi: 7 vel: ( -0.38673, 0.0450988 ) (1706,0) rel: ( 1.0918, 0.134056 ), (1706,0) global: ( -6.8419, -14.6442 ), (1706,0), changes: -0.55, 16.6 last seen:(1706,0) globalposderived: (1706,0)
 1706: turnWithBall: kick ball away from opp at ang 18.137756
 1706: (kick 50.305782 -166.191299), vecDesired (-1.071590,-0.714088) 164.000000 posDes(-7.913492,-15.358269)
(b)r: 0.484042 phi: 165.274 vel: ( -1.00101, -0.669037 ) (1707,0) rel: ( -0.468142, 0.123045 ), (1707,0) global: ( -7.90681, -15.3559 ), (1707,0), changes: -0.55, 16.6 last seen:(1706,0) globalposderived: (1706,0)
 1707: turnWithBall: freeze ball
 1707: 2 pos: ball(-8.401395,-15.064382), ball_prev(-6.841902,-14.644181), agentdiff(-0.057831,0.240400)
 1707: vel based on 2 pos: (-1.411563,-0.620965)
 1707: direction old: -134.815557, new: -172.996895
(b)r: 0.9 phi: 153 vel: ( -1.41156, -0.620965 ) (1707,0) rel: ( -0.801906, 0.408591 ), (1707,0) global: ( -8.4014, -15.0644 ), (1707,0), changes: -0.55, 16.6 last seen:(1707,0) globalposderived: (1707,0)
 1707: turnWithBall: kick ball close to desired turnangle 0.000000
 1707: kickBallCloseToBody: cannot compensate ball speed, freeze
 1707: freeze ball will end up oustide -> accelerate
(b)r: 0.870953 phi: 155.585 vel: ( 0.113213, 0.0276633 ) (1708,0) rel: ( -0.793068, 0.360002 ), (1708,0) global: ( -8.28096, -15.035 ), (1708,0), changes: -0.55, 16.6 last seen:(1707,0) globalposderived: (1707,0)
 1708: turnWithBall: turn since ball will be kickable in t+1
(b)r: 0.2 phi: -167.57 vel: ( -0.0106421, -0.00260035 ) (1709,0) rel: ( -0.195312, -0.0430503 ), (1709,0) global: ( -7.5788, -14.8967 ), (1709,0), changes: -0.55, 16.6 last seen:(1707,0) globalposderived: (1707,0)
 1709: ball (-7.578804,-14.896701), agent (-7.382239,-14.859791), to (-3.384203,-14.985107) ang -1.795320 -1.795320
 1709: relpos body (0.200000,-167.569704), vel. ball:(-0.010642,-0.002600) dist: 1.137590 (0.300000,0.085000,0.752590)
 1709: point good and can reach point 34.932401
 1709: 2 pos: ball(-7.931581,-14.641541), ball_prev(-8.401395,-15.064382), agentdiff(-0.107144,-0.015120)
 1709: direction old: -166.305036, new: 152.177121
(b)r: 0.5 phi: 155 vel: ( -0.0106421, -0.00260035 ) (1709,0) rel: ( -0.453154, 0.211309 ), (1709,0) global: ( -7.93158, -14.6415 ), (1709,0), changes: -0.55, 16.6 last seen:(1709,0) globalposderived: (1709,0)
 1709: ball (-7.931581,-14.641541), agent (-7.489383,-14.874911), to (0.190878,-21.974734) ang -2.822879 -2.822879
 1709: relpos body (0.500000,155.000000), vel. ball:(-0.010642,-0.002600) dist: 1.137590 (0.300000,0.085000,0.752590)
 1709: point good and can reach point 122.563937
(b)r: 1.5269 phi: -42.5603 vel: ( 1.42376, -1.24103 ) (1710,0) rel: ( 1.12466, -1.03274 ), (1710,0) global: ( -6.41694, -15.9618 ), (1710,0), changes: -0.55, 16.6 last seen:(1709,0) globalposderived: (1709,0)
 1710: direction old: -45.383141, new: -9.822879
(b)r: 1.8 phi: -7 vel: ( 2.06982, -0.495469 ) (1710,0) rel: ( 1.78658, -0.219365 ), (1710,0) global: ( -5.71577, -15.182 ), (1710,0), changes: 2.124, -4.3 last seen:(1710,0) globalposderived: (1710,0)
 1887: Received coach message: online_coach_left (advice (0 (true) (do our {1} (home (pt -20 10))) (do our {2} (home (pt -12 26))) (do our {3} (home (pt 0 0))) (do our {4} (home (pt -20 -10))) (do our {5} (home (pt -12 -26))) (do our {6} (home (pt 12 15))) (do our {7} (home (pt 20 0))) (do our {8} (home (pt 12 -15))) (do our {9} (home (pt 0 0))) (do our {10} (home (pt 35 22))) (do our {11} (home (pt 35 -22))))))
 1887: new home position for player 0: -20 10
 1887: new home position for player 1: -12 26
 1887: new home position for player 2: 0 0
 1887: new home position for player 3: -20 -10
 1887: new home position for player 4: -12 -26
 1887: new home position for player 5: 12 15
 1887: new home position for player 6: 20 0
 1887: new home position for player 7: 12 -15
 1887: new home position for player 8: 0 0
 1887: new home position for player 9: 35 22
 1887: new home position for player 10: 35 -22
(b)r: 1.45372 phi: -0.298396 vel: ( -0.222701, -0.154416 ) (2075,0) rel: ( 1.4537, -0.00757094 ), (2075,0) global: ( -10.3411, -26.2688 ), (2075,0), changes: -0.24, -3.5 last seen:(2073,0) globalposderived: (2073,0)
 2075: direction old: -102.412690, new: -103.243936
(b)r: 1.3 phi: -1 vel: ( 0, 0 ) (2075,0) rel: ( 1.2998, -0.0226881 ), (2075,0) global: ( -10.3263, -26.1134 ), (2075,0), changes: -0.26, -8.1 last seen:(2075,0) globalposderived: (2075,0)
(b)r: 0.2 phi: -2.54757 vel: ( 0, 0 ) (2076,0) rel: ( 0.199802, -0.00888978 ), (2076,0) global: ( -10.247, -25.8132 ), (2076,0), changes: -0.26, -8.1 last seen:(2075,0) globalposderived: (2075,0)
 2076: direction old: -66.084324, new: -92.683919
(b)r: 0.6 phi: 9 vel: ( -0.00702568, -0.00797792 ) (2076,0) rel: ( 0.592613, 0.0938607 ), (2076,0) global: ( -10.4274, -26.0692 ), (2076,0), changes: 0.048, -1.1 last seen:(2076,0) globalposderived: (2076,0)
 2076: turnWithBall: kick ball away from opp at ang -16.683919
 2076: (kick 36.669853 -139.130521), vecDesired (-0.449314,0.783872) -95.000000 posDes(-10.876676,-25.285349)
(b)r: 0.494821 phi: -93.1451 vel: ( -0.416424, 0.722311 ) (2077,0) rel: ( -0.0271484, -0.494076 ), (2077,0) global: ( -10.8704, -25.3008 ), (2077,0), changes: 0.048, -1.1 last seen:(2076,0) globalposderived: (2076,0)
 2077: ball (-10.870366,-25.300805), agent (-10.392025,-25.427447), to (-1.917747,3.359536) ang -101.683919 -101.683919
 2077: relpos body (0.494821,-93.145113), vel. ball:(-0.416424,0.722311) dist: 1.137590 (0.300000,0.085000,0.752590)
 2077: pos (1.118920,3.582038) too far, but can acc ball good to 2.732518 k=2.252207,0.612849
 2187: Received coach message: online_coach_left (advice (0 (true) (do our {1} (home (pt -20 10))) (do our {2} (home (pt -12 26))) (do our {3} (home (pt 0 0))) (do our {4} (home (pt -20 -10))) (do our {5} (home (pt -12 -26))) (do our {6} (home (pt 20 0))) (do our {7} (home (pt 35 22))) (do our {8} (home (pt 12 -15))) (do our {9} (home (pt 0 0))) (do our {10} (home (pt 12 15))) (do our {11} (home (pt 35 -22))))))
 2187: new home position for player 0: -20 10
 2187: new home position for player 1: -12 26
 2187: new home position for player 2: 0 0
 2187: new home position for player 3: -20 -10
 2187: new home position for player 4: -12 -26
 2187: new home position for player 5: 20 0
 2187: new home position for player 6: 35 22
 2187: new home position for player 7: 12 -15
 2187: new home position for player 8: 0 0
 2187: new home position for player 9: 12 15
 2187: new home position for player 10: 35 -22
 2487: Received coach message: online_coach_left (advice (0 (true) (do our {1} (home (pt -20 10))) (do our {2} (home (pt -12 26))) (do our {3} (home (pt 0 0))) (do our {4} (home (pt -20 -10))) (do our {5} (home (pt -12 -26))) (do our {6} (home (pt 35 22))) (do our {7} (home (pt 35 -22))) (do our {8} (home (pt 12 15))) (do our {9} (home (pt 0 0))) (do our {10} (home (pt 20 0))) (do our {11} (home (pt 12 -15))))))
 2487: new home position for player 0: -20 10
 2487: new home position for player 1: -12 26
 2487: new home position for player 2: 0 0
 2487: new home position for player 3: -20 -10
 2487: new home position for player 4: -12 -26
 2487: new home position for player 5: 35 22
 2487: new home position for player 6: 35 -22
 2487: new home position for player 7: 12 15
 2487: new home position for player 8: 0 0
 2487: new home position for player 9: 20 0
 2487: new home position for player 10: 12 -15
(b)r: 1.92464 phi: -2.53645 vel: ( -0.00756977, -0.146093 ) (2649,0) rel: ( 1.92275, -0.085175 ), (2649,0) global: ( -0.596969, -6.97478 ), (2649,0), changes: -0.54, -1.9 last seen:(2648,0) globalposderived: (2648,0)
 2649: direction old: 51.227040, new: 54.907387
(b)r: 1.2755 phi: 2.45102 vel: ( 0, 0 ) (2650,0) rel: ( 1.27433, 0.054547 ), (2650,0) global: ( -0.579544, -6.72758 ), (2650,0), changes: -0.396, 1.6 last seen:(2649,0) globalposderived: (2649,0)
(b)r: 0.371691 phi: 1.11579 vel: ( 0, 0 ) (2651,0) rel: ( 0.37162, 0.0072379 ), (2651,0) global: ( -0.579544, -6.72758 ), (2651,0), changes: -0.396, 1.6 last seen:(2649,0) globalposderived: (2649,0)
 2651: 2 pos: ball(-1.235217,-6.685321), ball_prev(-0.579544,-6.727582), agentdiff(0.135801,-0.205856)
 2651: direction old: 81.391637, new: 136.303109
(b)r: 0.8 phi: 82 vel: ( 0, 0 ) (2651,0) rel: ( 0.111338, 0.792214 ), (2651,0) global: ( -1.23522, -6.68532 ), (2651,0), changes: -0.396, 1.6 last seen:(2651,0) globalposderived: (2651,0)
 2651: turnWithBall: kick ball away from opp at ang 77.303109
 2651: (kick 48.527380 -99.223938), vecDesired (0.694199,-0.692283) -157.000000 posDes(-0.541018,-7.377604)
(b)r: 0.506456 phi: -158.196 vel: ( 0.647966, -0.641146 ) (2652,0) rel: ( -0.470225, -0.188112 ), (2652,0) global: ( -0.545891, -7.36739 ), (2652,0), changes: -0.396, 1.6 last seen:(2651,0) globalposderived: (2651,0)
 2652: ball (-0.545891,-7.367391), agent (-0.424285,-6.875752), to (17.696088,-4.338260) ang 54.303109 54.303109
 2652: relpos body (0.506456,-158.196307), vel. ball:(0.647966,-0.641146) dist: 1.137590 (0.300000,0.085000,0.752590)
 2652: point good and can reach point 127.255224
 2652: 2 pos: ball(-1.522639,-6.902946), ball_prev(-1.235217,-6.685321), agentdiff(-0.225379,0.191698)
 2652: vel based on 2 pos: (-0.058321,-0.384764)
 2652: direction old: -81.364980, new: -165.923716
(b)r: 0.9 phi: 140 vel: ( -0.0583209, -0.384764 ) (2652,0) rel: ( -0.68944, 0.578509 ), (2652,0) global: ( -1.52264, -6.90295 ), (2652,0), changes: -0.396, 1.6 last seen:(2652,0) globalposderived: (2652,0)
 2652: turnWithBall: kick ball away from opp at ang 112.076284
 2652: (kick 73.946300 -40.229310), vecDesired (1.171635,-0.081588) -122.000000 posDes(-0.351004,-6.984534)
(b)r: 0.497348 phi: -122.947 vel: ( 1.08541, -0.0757744 ) (2653,0) rel: ( -0.270487, -0.417363 ), (2653,0) global: ( -0.367951, -6.98356 ), (2653,0), changes: -0.396, 1.6 last seen:(2652,0) globalposderived: (2652,0)
 2653: ball (-0.367951,-6.983557), agent (-0.547235,-6.519647), to (17.693002,-4.356192) ang 54.076284 54.076284
 2653: relpos body (0.497348,-122.946644), vel. ball:(1.085406,-0.075774) dist: 1.137590 (0.300000,0.085000,0.752590)
 2653: point good and can reach point 81.428281
 2654: direction old: -1.479491, new: 32.160335
 2787: Received coach message: online_coach_left (advice (0 (true) (do our {1} (home (pt -20 10))) (do our {2} (home (pt -12 26))) (do our {3} (home (pt 0 0))) (do our {4} (home (pt -20 -10))) (do our {5} (home (pt -12 -26))) (do our {6} (home (pt 35 22))) (do our {7} (home (pt 20 0))) (do our {8} (home (pt 12 15))) (do our {9} (home (pt 35 -22))) (do our {10} (home (pt 0 0))) (do our {11} (home (pt 12 -15))))))
 2787: new home position for player 0: -20 10
 2787: new home position for player 1: -12 26
 2787: new home position for player 2: 0 0
 2787: new home position for player 3: -20 -10
 2787: new home position for player 4: -12 -26
 2787: new home position for player 5: 35 22
 2787: new home position for player 6: 20 0
 2787: new home position for player 7: 12 15
 2787: new home position for player 8: 35 -22
 2787: new home position for player 9: 0 0
 2787: new home position for player 10: 12 -15
 3087: Received coach message: online_coach_left (advice (0 (true) (do our {1} (home (pt -20 10))) (do our {2} (home (pt -12 26))) (do our {3} (home (pt 0 0))) (do our {4} (home (pt -20 -10))) (do our {5} (home (pt -12 -26))) (do our {6} (home (pt 0 0))) (do our {7} (home (pt 12 15))) (do our {8} (home (pt 35 -22))) (do our {9} (home (pt 20 0))) (do our {10} (home (pt 35 22))) (do our {11} (home (pt 12 -15))))))
 3087: new home position for player 0: -20 10
 3087: new home position for player 1: -12 26
 3087: new home position for player 2: 0 0
 3087: new home position for player 3: -20 -10
 3087: new home position for player 4: -12 -26
 3087: new home position for player 5: 0 0
 3087: new home position for player 6: 12 15
 3087: new home position for player 7: 35 -22
 3087: new home position for player 8: 20 0
 3087: new home position for player 9: 35 22
 3087: new home position for player 10: 12 -15
 3140: direction old: 27.881865, new: 27.814369
(b)r: 1.40598 phi: -15.4899 vel: ( -0.123045, -0.507021 ) (3141,0) rel: ( 1.35492, -0.375493 ), (3141,0) global: ( -10.9431, -19.9855 ), (3141,0), changes: -0.68, -10.8 last seen:(3140,0) globalposderived: (3140,0)
 3141: direction old: 17.206239, new: 13.160787
(b)r: 1.5 phi: -15 vel: ( -0.130925, -0.528749 ) (3141,0) rel: ( 1.44889, -0.388229 ), (3141,0) global: ( -10.7458, -20.0352 ), (3141,0), changes: -0.39, -19.7 last seen:(3141,0) globalposderived: (3141,0)
(b)r: 1.22509 phi: -23.5023 vel: ( -0.12307, -0.497024 ) (3142,0) rel: ( 1.12346, -0.488547 ), (3142,0) global: ( -10.8767, -20.5639 ), (3142,0), changes: -0.39, -19.7 last seen:(3141,0) globalposderived: (3141,0)
(b)r: 1.25589 phi: -25.8545 vel: ( -0.115686, -0.467202 ) (3143,0) rel: ( 1.13018, -0.547679 ), (3143,0) global: ( -10.9998, -21.0609 ), (3143,0), changes: -0.39, -19.7 last seen:(3141,0) globalposderived: (3141,0)
 3143: direction old: -37.717517, new: -37.303131
(b)r: 1.2 phi: -27 vel: ( -0.105918, -0.450885 ) (3143,0) rel: ( 1.06921, -0.544789 ), (3143,0) global: ( -10.9526, -21.0865 ), (3143,0), changes: 0.168, -20.4 last seen:(3143,0) globalposderived: (3143,0)
(b)r: 1.4425 phi: -16.3717 vel: ( -0.0995629, -0.423832 ) (3144,0) rel: ( 1.38401, -0.406592 ), (3144,0) global: ( -11.0585, -21.5373 ), (3144,0), changes: 0.168, -20.4 last seen:(3143,0) globalposderived: (3143,0)
 3144: direction old: -55.010501, new: -54.095249
(b)r: 1.5 phi: -17 vel: ( -0.0979228, -0.434566 ) (3144,0) rel: ( 1.43446, -0.438558 ), (3144,0) global: ( -11.0063, -21.5701 ), (3144,0), changes: 0.3, -13.3 last seen:(3144,0) globalposderived: (3144,0)
(b)r: 1.82021 phi: 11.6615 vel: ( -0.0920475, -0.408492 ) (3145,0) rel: ( 1.78264, 0.36792 ), (3145,0) global: ( -11.1043, -22.0047 ), (3145,0), changes: 0.3, -13.3 last seen:(3144,0) globalposderived: (3144,0)
(b)r: 1.65218 phi: 5.83821 vel: ( -0.0865246, -0.383983 ) (3146,0) rel: ( 1.64361, 0.168059 ), (3146,0) global: ( -11.1963, -22.4132 ), (3146,0), changes: 0.3, -13.3 last seen:(3144,0) globalposderived: (3144,0)
 3146: direction old: -67.101944, new: -69.953869
(b)r: 1.6 phi: 9 vel: ( -0.0757978, -0.381745 ) (3146,0) rel: ( 1.5803, 0.250295 ), (3146,0) global: ( -11.3544, -22.2434 ), (3146,0), changes: 0.096, -5.8 last seen:(3146,0) globalposderived: (3146,0)
(b)r: 1.70642 phi: -6.05019 vel: ( -0.07125, -0.35884 ) (3147,0) rel: ( 1.69692, -0.179856 ), (3147,0) global: ( -11.4302, -22.6251 ), (3147,0), changes: 0.096, -5.8 last seen:(3146,0) globalposderived: (3146,0)
 3147: direction old: -74.545570, new: -76.369550
(b)r: 1.8 phi: -7 vel: ( -0.0771892, -0.357214 ) (3147,0) rel: ( 1.78658, -0.219365 ), (3147,0) global: ( -11.4369, -22.8161 ), (3147,0), changes: 0.216, -5.3 last seen:(3147,0) globalposderived: (3147,0)
(b)r: 1.54321 phi: -14.8855 vel: ( -0.0725579, -0.335781 ) (3148,0) rel: ( 1.49143, -0.396433 ), (3148,0) global: ( -11.5141, -23.1734 ), (3148,0), changes: 0.216, -5.3 last seen:(3147,0) globalposderived: (3147,0)
(b)r: 1.13237 phi: -30.3916 vel: ( -0.0682044, -0.315634 ) (3149,0) rel: ( 0.976771, -0.572875 ), (3149,0) global: ( -11.5866, -23.5091 ), (3149,0), changes: 0.216, -5.3 last seen:(3147,0) globalposderived: (3147,0)
 3149: direction old: -96.223537, new: -95.540491
(b)r: 1.1 phi: -26 vel: ( -0.06665, -0.31299 ) (3149,0) rel: ( 0.988673, -0.482208 ), (3149,0) global: ( -11.578, -23.5509 ), (3149,0), changes: 0.352, -1 last seen:(3149,0) globalposderived: (3149,0)
 3149: turnWithBall: kick ball close to desired turnangle 0.000000
 3149: (kick 81.180378 134.801980), vecDesired (0.599617,1.133018) 69.540491 posDes(-10.978362,-22.417833)
(b)r: 0.2 phi: 72.3912 vel: ( -0.058117, -0.105314 ) (3150,0) rel: ( 0.0605034, 0.190629 ), (3150,0) global: ( -11.272, -22.446 ), (3150,0), changes: 0.352, -1 last seen:(3149,0) globalposderived: (3149,0)
 3150: turnWithBall: kick ball away from opp at ang 22.218239
 3150: (kick 23.781347 -101.532054), vecDesired (-0.667640,-0.201062) -88.241270 posDes(-11.939663,-22.647106)
 3150: 2 pos: ball(-11.062982,-22.408911), ball_prev(-11.577979,-23.550851), agentdiff(-0.288465,-0.014815)
 3150: direction old: 2.903458, new: 5.072731
(b)r: 0.7 phi: 74 vel: ( -0.058117, -0.105314 ) (3150,0) rel: ( 0.192946, 0.672883 ), (3150,0) global: ( -11.063, -22.4089 ), (3150,0), changes: 0.352, -1 last seen:(3150,0) globalposderived: (3150,0)
 3150: ball (-11.062982,-22.408911), agent (-11.760240,-22.470805), to (-0.609572,-13.814676) ang -68.927269 -68.927269
 3150: relpos body (0.700000,74.000000), vel. ball:(-0.058117,-0.105314) dist: 1.137590 (0.300000,0.085000,0.752590)
 3150: point good and can reach point 127.742590
 3387: Received coach message: online_coach_left (advice (0 (true) (do our {1} (home (pt -20 10))) (do our {2} (home (pt -12 26))) (do our {3} (home (pt 0 0))) (do our {4} (home (pt -20 -10))) (do our {5} (home (pt -12 -26))) (do our {6} (home (pt 20 0))) (do our {7} (home (pt 35 22))) (do our {8} (home (pt 35 -22))) (do our {9} (home (pt 0 0))) (do our {10} (home (pt 12 15))) (do our {11} (home (pt 12 -15))))))
 3387: new home position for player 0: -20 10
 3387: new home position for player 1: -12 26
 3387: new home position for player 2: 0 0
 3387: new home position for player 3: -20 -10
 3387: new home position for player 4: -12 -26
 3387: new home position for player 5: 20 0
 3387: new home position for player 6: 35 22
 3387: new home position for player 7: 35 -22
 3387: new home position for player 8: 0 0
 3387: new home position for player 9: 12 15
 3387: new home position for player 10: 12 -15
 3687: Received coach message: online_coach_left (advice (0 (true) (do our {1} (home (pt -20 10))) (do our {2} (home (pt -12 26))) (do our {3} (home (pt 0 0))) (do our {4} (home (pt -20 -10))) (do our {5} (home (pt -12 -26))) (do our {6} (home (pt 0 0))) (do our {7} (home (pt 12 15))) (do our {8} (home (pt 35 -22))) (do our {9} (home (pt 20 0))) (do our {10} (home (pt 35 22))) (do our {11} (home (pt 12 -15))))))
 3687: new home position for player 0: -20 10
 3687: new home position for player 1: -12 26
 3687: new home position for player 2: 0 0
 3687: new home position for player 3: -20 -10
 3687: new home position for player 4: -12 -26
 3687: new home position for player 5: 0 0
 3687: new home position for player 6: 12 15
 3687: new home position for player 7: 35 -22
 3687: new home position for player 8: 20 0
 3687: new home position for player 9: 35 22
 3687: new home position for player 10: 12 -15
 3797: direction old: 164.158802, new: 155.349329
(b)r: 0.993273 phi: -31.6839 vel: ( 1.44564, -0.351356 ) (3798,0) rel: ( 0.845234, -0.521699 ), (3798,0) global: ( -19.4667, -14.9761 ), (3798,0), changes: -1.9, -9.9 last seen:(3797,0) globalposderived: (3797,0)
 3798: ball (-19.466680,-14.976096), agent (-18.732428,-15.645024), to (1.651725,-14.960602) ang 169.349329 169.349329
 3798: relpos body (0.993273,-31.683907), vel. ball:(1.445642,-0.351356) dist: 1.137590 (0.300000,0.085000,0.752590)
 3798: pos (3.315911,0.002433) too far, but can acc ball good to 3.450269 k=2.035624,-0.352417
 3798: direction old: 137.665423, new: 137.349329
(b)r: 1.1 phi: -32 vel: ( 1.41783, -0.330392 ) (3798,0) rel: ( 0.932853, -0.582911 ), (3798,0) global: ( -19.5415, -14.8997 ), (3798,0), changes: -1.232, -37.2 last seen:(3798,0) globalposderived: (3798,0)
 3798: ball (-19.541476,-14.899745), agent (-18.732428,-15.645024), to (1.651725,-14.960602) ang 169.349329 169.349329
 3798: relpos body (1.100000,-32.000000), vel. ball:(1.417829,-0.330392) dist: 1.137590 (0.300000,0.085000,0.752590)
 3798: pos (3.315898,-0.009522) too far, but can acc ball good to 3.329826 k=1.938715,-0.326320
 3982: Received coach message: online_coach_left (advice (0 (true) (do our {1} (home (pt -20 10))) (do our {2} (home (pt -12 26))) (do our {3} (home (pt 0 0))) (do our {4} (home (pt -20 -10))) (do our {5} (home (pt -12 -26))) (do our {6} (home (pt 0 0))) (do our {7} (home (pt 12 15))) (do our {8} (home (pt 35 -22))) (do our {9} (home (pt 20 0))) (do our {10} (home (pt 35 22))) (do our {11} (home (pt 12 -15))))))
 3982: new home position for player 0: -20 10
 3982: new home position for player 1: -12 26
 3982: new home position for player 2: 0 0
 3982: new home position for player 3: -20 -10
 3982: new home position for player 4: -12 -26
 3982: new home position for player 5: 0 0
 3982: new home position for player 6: 12 15
 3982: new home position for player 7: 35 -22
 3982: new home position for player 8: 20 0
 3982: new home position for player 9: 35 22
 3982: new home position for player 10: 12 -15
 4130: direction old: -19.931970, new: -21.304020
 4136: direction old: -49.795610, new: -45.320861
 4137: direction old: -47.260206, new: -47.346422
 4139: direction old: -45.725699, new: -49.162307
(b)r: 1.6 phi: 2 vel: ( 0.074509, -0.205244 ) (4139,0) rel: ( 1.59903, 0.0558392 ), (4139,0) global: ( -1.83443, -22.8626 ), (4139,0), changes: 0.224, -2.8 last seen:(4139,0) globalposderived: (4139,0)
(b)r: 1.30219 phi: -0.63741 vel: ( 0.0700385, -0.192929 ) (4140,0) rel: ( 1.30211, -0.0144864 ), (4140,0) global: ( -1.75992, -23.0679 ), (4140,0), changes: 0.224, -2.8 last seen:(4139,0) globalposderived: (4139,0)
 4140: direction old: -64.303212, new: -51.792182
(b)r: 1.5 phi: 0 vel: ( 0, 0 ) (4140,0) rel: ( 1.5, 0 ), (4140,0) global: ( -1.38203, -23.1038 ), (4140,0), changes: 0.24, -2.5 last seen:(4140,0) globalposderived: (4140,0)
(b)r: 1.52139 phi: 104.232 vel: ( 0, 0 ) (4141,0) rel: ( -0.374043, 1.4747 ), (4141,0) global: ( -1.38203, -23.1038 ), (4141,0), changes: 0.24, -2.5 last seen:(4140,0) globalposderived: (4140,0)
(b)r: 1.71172 phi: 120.512 vel: ( 0, 0 ) (4142,0) rel: ( -0.869064, 1.4747 ), (4142,0) global: ( -1.38203, -23.1038 ), (4142,0), changes: 0.24, -2.5 last seen:(4140,0) globalposderived: (4140,0)
 4142: 2 pos: ball(-1.517393,-23.632374), ball_prev(-1.382026,-23.103807), agentdiff(-0.239166,-0.197169)
 4142: direction old: -26.109505, new: -41.601379
 4143: 2 pos: ball(-1.651586,-23.517972), ball_prev(-1.517393,-23.632374), agentdiff(-0.078967,0.053114)
 4143: vel based on 2 pos: (-0.051912,0.057611)
 4143: direction old: -35.281661, new: -34.826731
(b)r: 1.52886 phi: 176.547 vel: ( 0, 0 ) (4144,0) rel: ( -1.52608, 0.0920894 ), (4144,0) global: ( -1.65159, -23.518 ), (4144,0), changes: 0.24, -2.5 last seen:(4143,0) globalposderived: (4143,0)
(b)r: 0.2 phi: 176.078 vel: ( 0, 0 ) (4145,0) rel: ( -0.199532, 0.013681 ), (4145,0) global: ( -2.1403, -23.1914 ), (4145,0), changes: 0.24, -2.5 last seen:(4143,0) globalposderived: (4143,0)
 4145: 2 pos: ball(-2.167131,-23.270592), ball_prev(-1.651586,-23.517972), agentdiff(0.040914,0.197403)
 4145: direction old: -67.883001, new: -75.737137
(b)r: 0.4 phi: 134 vel: ( 0, 0 ) (4145,0) rel: ( -0.277863, 0.287736 ), (4145,0) global: ( -2.16713, -23.2706 ), (4145,0), changes: 0.24, -2.5 last seen:(4145,0) globalposderived: (4145,0)
 4145: turnWithBall: kick ball away from opp at ang -11.737137
 4145: (kick 36.607338 -9.508631), vecDesired (-0.619181,0.505816) 18.000000 posDes(-2.786312,-22.764776)
(b)r: 0.484533 phi: 19.8765 vel: ( -0.576502, 0.462479 ) (4146,0) rel: ( 0.455668, 0.164738 ), (4146,0) global: ( -2.78043, -22.7786 ), (4146,0), changes: 0.24, -2.5 last seen:(4145,0) globalposderived: (4145,0)
 4146: turnWithBall: freeze ball
 4146: direction old: -175.870340, new: 158.382063
(b)r: 1.2 phi: 8 vel: ( -1.16037, 0.773732 ) (4146,0) rel: ( 1.18832, 0.167008 ), (4146,0) global: ( -3.36974, -22.2985 ), (4146,0), changes: 1.344, -13.8 last seen:(4146,0) globalposderived: (4146,0)
(b)r: 1.99928 phi: 1.65383 vel: ( -1.09075, 0.727308 ) (4147,0) rel: ( 1.99844, 0.0577008 ), (4147,0) global: ( -4.53011, -21.5248 ), (4147,0), changes: 1.344, -13.8 last seen:(4146,0) globalposderived: (4146,0)
 4148: direction old: 147.669872, new: 149.347455
 4278: direction old: 80.379713, new: 78.579065
 4280: 2 pos: ball(-5.248188,-13.142998), ball_prev(-4.923474,-11.640324), agentdiff(0.024406,0.038988)
 4280: direction old: 74.861327, new: 71.650894
 4281: 2 pos: ball(-5.713032,-13.720211), ball_prev(-5.248188,-13.142998), agentdiff(-0.232181,0.268911)
 4281: vel based on 2 pos: (-0.218704,-0.795357)
 4281: direction old: 60.458322, new: 67.429202
(b)r: 1.77852 phi: -176.55 vel: ( -0.205582, -0.747636 ) (4282,0) rel: ( -1.7753, -0.107039 ), (4282,0) global: ( -5.93174, -14.5156 ), (4282,0), changes: -1.56, 0 last seen:(4281,0) globalposderived: (4281,0)
(b)r: 0.474843 phi: 166.729 vel: ( -0.193247, -0.702777 ) (4283,0) rel: ( -0.462163, 0.109001 ), (4283,0) global: ( -6.13732, -15.2632 ), (4283,0), changes: -1.56, 0 last seen:(4281,0) globalposderived: (4281,0)
 4283: 2 pos: ball(-5.688844,-15.311910), ball_prev(-5.713032,-13.720211), agentdiff(0.232507,-0.420354)
 4283: direction old: 83.788890, new: 53.707146
(b)r: 0.9 phi: 173 vel: ( -0.0948819, -0.533505 ) (4283,0) rel: ( -0.893292, 0.109682 ), (4283,0) global: ( -5.68884, -15.3119 ), (4283,0), changes: -1.56, 0 last seen:(4283,0) globalposderived: (4283,0)
 4283: turnWithBall: turn since ball will be kickable in t+1
(b)r: 0.2 phi: 45.5904 vel: ( 0.0089189, 0.0501495 ) (4284,0) rel: ( 0.139956, 0.142871 ), (4284,0) global: ( -5.91221, -15.8284 ), (4284,0), changes: -1.56, 0 last seen:(4283,0) globalposderived: (4283,0)
 4284: turnWithBall: kick ball away from opp at ang 11.695988
 4284: (kick 26.644111 -115.967030), vecDesired (-0.696140,-0.085813) -115.185887 posDes(-6.608346,-15.914251)
 4284: direction old: -48.474044, new: -27.271436
(b)r: 0.4 phi: 33 vel: ( 0.0133368, 0.0596478 ) (4284,0) rel: ( 0.335468, 0.217856 ), (4284,0) global: ( -5.80588, -15.7303 ), (4284,0), changes: -0.016, 9.9 last seen:(4284,0) globalposderived: (4284,0)
 4284: turnWithBall: turn since ball will be kickable in t+1
(b)r: 0.389043 phi: -23.0714 vel: ( 0.0125366, 0.056069 ) (4285,0) rel: ( 0.357926, -0.152457 ), (4285,0) global: ( -5.79254, -15.6706 ), (4285,0), changes: -0.016, 9.9 last seen:(4284,0) globalposderived: (4284,0)
 4285: ball (-5.792542,-15.670648), agent (-6.161417,-15.547013), to (-2.173978,-15.230259) ang 4.541926 4.541926
 4285: relpos body (0.389043,-23.071377), vel. ball:(0.012537,0.056069) dist: 1.137590 (0.300000,0.085000,0.752590)
 4285: point good and can reach point 27.113767
(b)r: 1.08499 phi: -5.81113 vel: ( 0.672901, 0.093626 ) (4286,0) rel: ( 1.07942, -0.109855 ), (4286,0) global: ( -5.07669, -15.571 ), (4286,0), changes: -0.016, 9.9 last seen:(4284,0) globalposderived: (4284,0)
 4286: direction old: -1.269206, new: -6.829963
(b)r: 1.1 phi: -6 vel: ( 0.663536, -0.00986476 ) (4286,0) rel: ( 1.09397, -0.114981 ), (4286,0) global: ( -5.06922, -15.6778 ), (4286,0), changes: 0.66, 3.6 last seen:(4286,0) globalposderived: (4286,0)
 4286: ball (-5.069223,-15.677829), agent (-6.161417,-15.547013), to (-2.161836,-15.604954) ang -0.829963 -0.829963
 4286: relpos body (1.100000,-6.000000), vel. ball:(0.663536,-0.009865) dist: 1.137590 (0.300000,0.085000,0.752590)
 4286: point good and can reach point 1.578556
(b)r: 1.24732 phi: -5.71684 vel: ( 0.623724, -0.00927288 ) (4287,0) rel: ( 1.24112, -0.124249 ), (4287,0) global: ( -4.40569, -15.6877 ), (4287,0), changes: 0.66, 3.6 last seen:(4286,0) globalposderived: (4286,0)
 4287: direction old: -7.510510, new: -6.796577
(b)r: 1.2 phi: -6 vel: ( 0.612083, -0.0130344 ) (4287,0) rel: ( 1.19343, -0.125434 ), (4287,0) global: ( -4.51195, -15.6586 ), (4287,0), changes: 0.36, 1.2 last seen:(4287,0) globalposderived: (4287,0)
 4287: Received coach message: online_coach_left (advice (0 (true) (do our {1} (home (pt -20 10))) (do our {2} (home (pt -12 26))) (do our {3} (home (pt 20 0))) (do our {4} (home (pt -20 -10))) (do our {5} (home (pt -12 -26))) (do our {6} (home (pt 0 0))) (do our {7} (home (pt 12 15))) (do our {8} (home (pt 35 -22))) (do our {9} (home (pt 0 0))) (do our {10} (home (pt 35 22))) (do our {11} (home (pt 12 -15))))))
 4287: new home position for player 0: -20 10
 4287: new home position for player 1: -12 26
 4287: new home position for player 2: 20 0
 4287: new home position for player 3: -20 -10
 4287: new home position for player 4: -12 -26
 4287: new home position for player 5: 0 0
 4287: new home position for player 6: 12 15
 4287: new home position for player 7: 35 -22
 4287: new home position for player 8: 0 0
 4287: new home position for player 9: 35 22
 4287: new home position for player 10: 12 -15
(b)r: 1.57619 phi: 64.8304 vel: ( 0.575358, -0.0122523 ) (4288,0) rel: ( 0.670351, 1.42653 ), (4288,0) global: ( -3.89987, -15.6716 ), (4288,0), changes: 0.36, 1.2 last seen:(4287,0) globalposderived: (4287,0)
 4289: 2 pos: ball(-3.293123,-15.878251), ball_prev(-4.511949,-15.658603), agentdiff(0.082945,-0.129960)
 4289: direction old: -1.742613, new: -7.289402
 4290: 2 pos: ball(-2.827658,-15.922017), ball_prev(-3.293123,-15.878251), agentdiff(0.002162,-0.001256)
 4290: vel based on 2 pos: (0.435505,-0.039960)
 4290: direction old: 3.373701, new: 2.784651
(b)r: 1.37293 phi: 16.6136 vel: ( 1.15519, -1.14394 ) (4465,0) rel: ( 1.31561, 0.392541 ), (4465,0) global: ( -7.77483, -18.1234 ), (4465,0), changes: -1.62, 8.2 last seen:(4464,0) globalposderived: (4464,0)
(b)r: 0.807214 phi: 92.7551 vel: ( 1.08587, -1.07531 ) (4466,0) rel: ( -0.0388002, 0.806281 ), (4466,0) global: ( -6.61964, -19.2673 ), (4466,0), changes: -1.62, 8.2 last seen:(4464,0) globalposderived: (4464,0)
 4466: turnWithBall: freeze ball
 4466: 2 pos: ball(-6.694490,-19.239737), ball_prev(-9.003749,-16.906440), agentdiff(0.000000,0.000000)
 4466: direction old: -102.232743, new: -107.899831
(b)r: 0.8 phi: 88 vel: ( 1.05178, -1.06273 ) (4466,0) rel: ( 0.0279196, 0.799513 ), (4466,0) global: ( -6.69449, -19.2397 ), (4466,0), changes: -1.62, 8.2 last seen:(4466,0) globalposderived: (4466,0)
 4466: turnWithBall: freeze ball
(b)r: 0.816924 phi: 88.7209 vel: ( 0.00432311, -0.0180502 ) (4467,0) rel: ( 0.0182359, 0.81672 ), (4467,0) global: ( -6.68989, -19.2589 ), (4467,0), changes: -1.62, 8.2 last seen:(4466,0) globalposderived: (4466,0)
 4467: turnWithBall: turn since ball will be kickable in t+1
 4467: 2 pos: ball(-6.572304,-19.369919), ball_prev(-6.694490,-19.239737), agentdiff(0.000000,0.000000)
 4467: vel based on 2 pos: (0.114854,-0.122372)
 4467: direction old: -107.178929, new: -97.899831
(b)r: 0.9 phi: 98 vel: ( 0.114854, -0.122372 ) (4467,0) rel: ( -0.125256, 0.891241 ), (4467,0) global: ( -6.5723, -19.3699 ), (4467,0), changes: -1.62, 8.2 last seen:(4467,0) globalposderived: (4467,0)
 4467: turnWithBall: freeze ball
 4467: freeze ball will end up oustide -> accelerate
(b)r: 0.7992 phi: 98.1232 vel: ( 0.0146236, 0.0936321 ) (4468,0) rel: ( -0.112929, 0.791181 ), (4468,0) global: ( -6.55675, -19.2703 ), (4468,0), changes: -1.62, 8.2 last seen:(4467,0) globalposderived: (4467,0)
 4468: turnWithBall: turn since ball will be kickable in t+1
(b)r: 0.704453 phi: -97.6286 vel: ( 0.0137462, 0.0880142 ) (4469,0) rel: ( -0.0935167, -0.698218 ), (4469,0) global: ( -6.54212, -19.1767 ), (4469,0), changes: -1.62, 8.2 last seen:(4467,0) globalposderived: (4467,0)
 4469: ball (-6.542124,-19.176679), agent (-6.448607,-18.478461), to (-2.448607,-18.478461) ang 0.000000 0.000000
 4469: relpos body (0.704453,-97.628584), vel. ball:(0.013746,0.088014) dist: 1.137590 (0.300000,0.085000,0.752590)
 4469: point good and can reach point 36.508877
 4469: 2 pos: ball(-6.583214,-19.368337), ball_prev(-6.572304,-19.369919), agentdiff(0.000000,0.000000)
 4469: direction old: -97.628584, new: -98.601647
(b)r: 0.9 phi: -110 vel: ( 0.0137462, 0.0880142 ) (4469,0) rel: ( -0.307818, -0.845723 ), (4469,0) global: ( -6.58321, -19.3683 ), (4469,0), changes: -1.62, 8.2 last seen:(4469,0) globalposderived: (4469,0)
 4469: ball (-6.583214,-19.368337), agent (-6.448607,-18.478461), to (15.391575,-21.794826) ang 11.398353 11.398353
 4469: relpos body (0.900000,-110.000000), vel. ball:(0.013746,0.088014) dist: 1.137590 (0.300000,0.085000,0.752590)
 4469: point too far, reposition ball (k_r = 0.676146)
 4469: (kick 59.829121 44.250646), vecDesired (0.630053,0.989762) 0.000000 posDes(-5.953161,-18.378576)
(b)r: 0.498048 phi: -1.60439 vel: ( 0.587873, 0.916122 ) (4470,0) rel: ( 0.497853, -0.0139444 ), (4470,0) global: ( -5.95782, -18.3937 ), (4470,0), changes: -1.62, 8.2 last seen:(4469,0) globalposderived: (4469,0)
 4470: ball (-5.957817,-18.393740), agent (-6.448607,-18.478461), to (15.391575,-21.794826) ang 11.398353 11.398353
 4470: relpos body (0.498048,-1.604386), vel. ball:(0.587873,0.916122) dist: 1.137590 (0.300000,0.085000,0.752590)
 4470: pos (3.274619,-0.521667) too far, but can acc ball good to 2.829566 k=2.592590,0.997199
 4470: direction old: 9.793967, new: 7.398353
(b)r: 0.5 phi: -4 vel: ( 0.581663, 0.882618 ) (4470,0) rel: ( 0.498782, -0.0348782 ), (4470,0) global: ( -5.95277, -18.4141 ), (4470,0), changes: 0.68, 88 last seen:(4470,0) globalposderived: (4470,0)
 4470: ball (-5.952769,-18.414077), agent (-6.448607,-18.478461), to (15.391575,-21.794826) ang 11.398353 11.398353
 4470: relpos body (0.500000,-4.000000), vel. ball:(0.581663,0.882618) dist: 1.137590 (0.300000,0.085000,0.752590)
 4470: pos (3.275084,-0.518743) too far, but can acc ball good to 2.832066 k=2.581856,0.962746
 4587: Received coach message: online_coach_left (advice (0 (true) (do our {1} (home (pt -20 10))) (do our {2} (home (pt -12 26))) (do our {3} (home (pt 0 0))) (do our {4} (home (pt -20 -10))) (do our {5} (home (pt -12 -26))) (do our {6} (home (pt 0 0))) (do our {7} (home (pt 12 15))) (do our {8} (home (pt 35 -22))) (do our {9} (home (pt 20 0))) (do our {10} (home (pt 35 22))) (do our {11} (home (pt 12 -15))))))
 4587: new home position for player 0: -20 10
 4587: new home position for player 1: -12 26
 4587: new home position for player 2: 0 0
 4587: new home position for player 3: -20 -10
 4587: new home position for player 4: -12 -26
 4587: new home position for player 5: 0 0
 4587: new home position for player 6: 12 15
 4587: new home position for player 7: 35 -22
 4587: new home position for player 8: 20 0
 4587: new home position for player 9: 35 22
 4587: new home position for player 10: 12 -15
(b)r: 1.6863 phi: 34.2562 vel: ( 1.18833, -0.949825 ) (4878,0) rel: ( 1.39377, 0.949207 ), (4878,0) global: ( -19.6354, -12.5413 ), (4878,0), changes: -2.072, -3.9 last seen:(4877,0) globalposderived: (4877,0)
 4878: direction old: 125.212710, new: 126.661212
(b)r: 1.6 phi: 38 vel: ( 1.16402, -0.964487 ) (4878,0) rel: ( 1.26082, 0.985058 ), (4878,0) global: ( -19.6197, -12.6338 ), (4878,0), changes: -1.664, -12.8 last seen:(4878,0) globalposderived: (4878,0)
(b)r: 0.2 phi: 15.662 vel: ( -0.109417, 0.0906618 ) (4879,0) rel: ( 0.192574, 0.0539924 ), (4879,0) global: ( -18.6265, -13.6847 ), (4879,0), changes: -1.664, -12.8 last seen:(4878,0) globalposderived: (4878,0)
 4879: ball (-18.626454,-13.684688), agent (-18.804906,-13.774993), to (-14.880809,-12.999453) ang 11.179605 11.179605
 4879: relpos body (0.200000,15.662004), vel. ball:(-0.109417,0.090662) dist: 1.137590 (0.300000,0.085000,0.752590)
 4879: point good and can reach point 29.328949
(b)r: 0.910396 phi: 3.20187 vel: ( 0.661211, 0.127667 ) (4880,0) rel: ( 0.908975, 0.0508493 ), (4880,0) global: ( -17.923, -13.5489 ), (4880,0), changes: -1.664, -12.8 last seen:(4878,0) globalposderived: (4878,0)
 4880: ball (-17.923038,-13.548872), agent (-18.804906,-13.774993), to (-14.880809,-12.999453) ang 11.179605 11.179605
 4880: relpos body (0.910396,3.201869), vel. ball:(0.661211,0.127667) dist: 1.137590 (0.300000,0.085000,0.752590)
 4880: point good and can reach point 0.511577
 4880: direction old: 4.508235, new: 11.010516
(b)r: 1.1 phi: 7 vel: ( 0.688146, 0.034144 ) (4880,0) rel: ( 1.0918, 0.134056 ), (4880,0) global: ( -17.897, -13.4219 ), (4880,0), changes: 0.682, -5.1 last seen:(4880,0) globalposderived: (4880,0)
 4880: ball (-17.896991,-13.421865), agent (-18.976742,-13.631953), to (-14.986537,-13.352195) ang 4.010516 4.010516
 4880: relpos body (1.100000,7.000000), vel. ball:(0.688146,0.034144) dist: 1.137590 (0.300000,0.085000,0.752590)
 4880: point good and can reach point 0.943867
(b)r: 1.24671 phi: 4.22402 vel: ( 0.646857, 0.0320954 ) (4881,0) rel: ( 1.24332, 0.0918278 ), (4881,0) global: ( -17.2088, -13.3877 ), (4881,0), changes: 0.682, -5.1 last seen:(4880,0) globalposderived: (4880,0)
 4881: direction old: 20.432414, new: 6.288216
(b)r: 1.2 phi: 2 vel: ( 0.630465, 0.0141483 ) (4881,0) rel: ( 1.19927, 0.0418794 ), (4881,0) global: ( -17.1879, -13.6928 ), (4881,0), changes: 0.36, -3.6 last seen:(4881,0) globalposderived: (4881,0)
(b)r: 1.57161 phi: 66.0303 vel: ( 0.592637, 0.0132994 ) (4882,0) rel: ( 0.638473, 1.43608 ), (4882,0) global: ( -16.5575, -13.6787 ), (4882,0), changes: 0.36, -3.6 last seen:(4881,0) globalposderived: (4881,0)
(b)r: 1.91127 phi: 79.4262 vel: ( 0.557079, 0.0125015 ) (4883,0) rel: ( 0.350723, 1.87882 ), (4883,0) global: ( -15.9648, -13.6654 ), (4883,0), changes: 0.36, -3.6 last seen:(4881,0) globalposderived: (4881,0)
 4883: 2 pos: ball(-16.141997,-13.668604), ball_prev(-17.187921,-13.692849), agentdiff(-0.069830,0.026328)
 4883: direction old: 15.926785, new: 17.376497
(b)r: 1.8 phi: 84 vel: ( 0.508186, -0.000948907 ) (4883,0) rel: ( 0.188151, 1.79014 ), (4883,0) global: ( -16.142, -13.6686 ), (4883,0), changes: 0.36, -3.6 last seen:(4883,0) globalposderived: (4883,0)
 4884: direction old: 18.319716, new: 19.087324
 4886: direction old: 19.666666, new: 22.948653
(b)r: 1.65193 phi: 28.7652 vel: ( 0.459612, -0.0166859 ) (4887,0) rel: ( 1.44808, 0.794946 ), (4887,0) global: ( -13.9604, -13.516 ), (4887,0), changes: 0.08, -1.9 last seen:(4886,0) globalposderived: (4886,0)
 4887: direction old: 34.530247, new: 28.169476
(b)r: 1.6 phi: 28 vel: ( 0.45342, -0.0159542 ) (4887,0) rel: ( 1.41272, 0.751155 ), (4887,0) global: ( -13.9841, -13.7476 ), (4887,0), changes: 0.032, -0.7 last seen:(4887,0) globalposderived: (4887,0)
(b)r: 1.26293 phi: 37.2192 vel: ( 0.426215, -0.0149969 ) (4888,0) rel: ( 1.00571, 0.763904 ), (4888,0) global: ( -13.5307, -13.7635 ), (4888,0), changes: 0.032, -0.7 last seen:(4887,0) globalposderived: (4887,0)
(b)r: 0.963233 phi: 59.5273 vel: ( 0.400642, -0.0140971 ) (4889,0) rel: ( 0.488482, 0.830183 ), (4889,0) global: ( -13.1045, -13.7785 ), (4889,0), changes: 0.032, -0.7 last seen:(4887,0) globalposderived: (4887,0)
 4889: 2 pos: ball(-12.998383,-13.634198), ball_prev(-13.984105,-13.747556), agentdiff(0.025633,0.033011)
 4889: direction old: 60.037037, new: 59.003887
(b)r: 1.1 phi: 59 vel: ( 0.400642, -0.0140971 ) (4889,0) rel: ( 0.566542, 0.942884 ), (4889,0) global: ( -12.9984, -13.6342 ), (4889,0), changes: 0.032, -0.7 last seen:(4889,0) globalposderived: (4889,0)
 4889: ball (-12.998383,-13.634198), agent (-13.564861,-14.577120), to (-9.564861,-14.576849) ang 0.003887 0.003887
 4889: relpos body (1.100000,59.000000), vel. ball:(0.400642,-0.014097) dist: 1.137590 (0.300000,0.085000,0.752590)
 4889: point good and can reach point 18.897572
(b)r: 1.16386 phi: 43.3563 vel: ( 0.645861, -0.168683 ) (4890,0) rel: ( 0.846241, 0.799029 ), (4890,0) global: ( -12.3113, -13.8136 ), (4890,0), changes: 0.032, -0.7 last seen:(4889,0) globalposderived: (4889,0)
 4890: direction old: 47.006781, new: 42.182260
(b)r: 1.2 phi: 42 vel: ( 0.670563, -0.15703 ) (4890,0) rel: ( 0.891774, 0.802957 ), (4890,0) global: ( -12.2639, -13.9108 ), (4890,0), changes: 0.288, -20.8 last seen:(4890,0) globalposderived: (4890,0)
(b)r: 1.56681 phi: 110.811 vel: ( 0.630329, -0.147609 ) (4891,0) rel: ( -0.556671, 1.46458 ), (4891,0) global: ( -11.5933, -14.0678 ), (4891,0), changes: 0.288, -20.8 last seen:(4890,0) globalposderived: (4890,0)
 4892: 2 pos: ball(-11.058166,-14.359299), ball_prev(-12.263905,-13.910816), agentdiff(0.094745,-0.072402)
 4892: direction old: 33.085240, new: 31.120237
 4893: direction old: 23.667121, new: 29.050669
 4909: Received coach message: online_coach_left (advice (0 (true) (do our {1} (home (pt -20 10))) (do our {2} (home (pt -12 26))) (do our {3} (home (pt 0 0))) (do our {4} (home (pt -20 -10))) (do our {5} (home (pt -12 -26))) (do our {6} (home (pt 20 0))) (do our {7} (home (pt 12 15))) (do our {8} (home (pt 35 -22))) (do our {9} (home (pt 0 0))) (do our {10} (home (pt 35 22))) (do our {11} (home (pt 12 -15))))))
 4909: new home position for player 0: -20 10
 4909: new home position for player 1: -12 26
 4909: new home position for player 2: 0 0
 4909: new home position for player 3: -20 -10
 4909: new home position for player 4: -12 -26
 4909: new home position for player 5: 20 0
 4909: new home position for player 6: 12 15
 4909: new home position for player 7: 35 -22
 4909: new home position for player 8: 0 0
 4909: new home position for player 9: 35 22
 4909: new home position for player 10: 12 -15
 4914: direction old: 29.598372, new: 29.227104
(b)r: 1.92493 phi: 28.7502 vel: ( 0.151684, -0.017689 ) (4915,0) rel: ( 1.68764, 0.925878 ), (4915,0) global: ( -3.49944, -15.6026 ), (4915,0), changes: -0.27, 1.1 last seen:(4914,0) globalposderived: (4914,0)
(b)r: 1.19744 phi: 46.5292 vel: ( 0.142583, -0.0166277 ) (4916,0) rel: ( 0.82382, 0.869011 ), (4916,0) global: ( -3.34775, -15.6203 ), (4916,0), changes: -0.27, 1.1 last seen:(4914,0) globalposderived: (4914,0)
 4916: 2 pos: ball(-3.479955,-15.578115), ball_prev(-3.660805,-15.583830), agentdiff(-0.145102,0.048302)
 4916: direction old: 48.033085, new: 54.085660
(b)r: 1.2 phi: 46 vel: ( 0, 0 ) (4916,0) rel: ( 0.83359, 0.863208 ), (4916,0) global: ( -3.47995, -15.5781 ), (4916,0), changes: -0.27, 1.1 last seen:(4916,0) globalposderived: (4916,0)
(b)r: 0.788541 phi: 91.747 vel: ( 0, 0 ) (4917,0) rel: ( -0.0240396, 0.788175 ), (4917,0) global: ( -3.47995, -15.5781 ), (4917,0), changes: -0.27, 1.1 last seen:(4916,0) globalposderived: (4916,0)
 4917: 2 pos: ball(-3.020769,-15.134676), ball_prev(-3.479955,-15.578115), agentdiff(0.078216,0.045947)
 4917: vel based on 2 pos: (0.358111,0.373642)
 4917: direction old: 106.235968, new: 78.155420
(b)r: 1.2 phi: 70 vel: ( 0, 0 ) (4917,0) rel: ( 0.410424, 1.12763 ), (4917,0) global: ( -3.02077, -15.1347 ), (4917,0), changes: -0.27, 1.1 last seen:(4917,0) globalposderived: (4917,0)
(b)r: 1.10211 phi: 41.3024 vel: ( 0, 0 ) (4918,0) rel: ( 0.827945, 0.727429 ), (4918,0) global: ( -3.02077, -15.1347 ), (4918,0), changes: -0.27, 1.1 last seen:(4917,0) globalposderived: (4917,0)
(b)r: 0.906994 phi: 78.517 vel: ( 0, 0 ) (4919,0) rel: ( 0.180562, 0.888839 ), (4919,0) global: ( -3.02077, -15.1347 ), (4919,0), changes: -0.27, 1.1 last seen:(4917,0) globalposderived: (4917,0)
 4919: 2 pos: ball(-2.973822,-14.921436), ball_prev(-3.020769,-15.134676), agentdiff(-0.185120,0.051647)
 4919: direction old: 128.030479, new: 117.249303
(b)r: 0.9 phi: 59 vel: ( 0, 0 ) (4919,0) rel: ( 0.463534, 0.771451 ), (4919,0) global: ( -2.97382, -14.9214 ), (4919,0), changes: -0.27, 1.1 last seen:(4919,0) globalposderived: (4919,0)
 4919: turnWithBall: kick ball away from opp at ang 169.249303
 4919: (kick 65.370389 -89.201142), vecDesired (1.130676,-0.678086) -69.000000 posDes(-1.843146,-15.599522)
(b)r: 0.50516 phi: -67.4103 vel: ( 1.05903, -0.630075 ) (4920,0) rel: ( 0.194047, -0.466404 ), (4920,0) global: ( -1.84719, -15.5917 ), (4920,0), changes: -0.27, 1.1 last seen:(4919,0) globalposderived: (4919,0)
 4920: turnWithBall: freeze ball
 4920: 2 pos: ball(-2.765235,-15.379369), ball_prev(-2.973822,-14.921436), agentdiff(0.155663,-0.039494)
 4920: vel based on 2 pos: (0.049749,-0.393333)
 4920: direction old: -6.804190, new: 163.398567
(b)r: 0.6 phi: 105 vel: ( 0.0497486, -0.393333 ) (4920,0) rel: ( -0.155291, 0.579555 ), (4920,0) global: ( -2.76524, -15.3794 ), (4920,0), changes: -0.27, 1.1 last seen:(4920,0) globalposderived: (4920,0)
 4920: turnWithBall: kick ball away from opp at ang -179.601433
 4920: (kick 55.644742 -42.438042), vecDesired (1.180420,-0.069961) -58.000000 posDes(-1.584815,-15.449331)
(b)r: 0.480394 phi: -58.0716 vel: ( 1.09495, -0.061263 ) (4921,0) rel: ( 0.254061, -0.407715 ), (4921,0) global: ( -1.60039, -15.4445 ), (4921,0), changes: -0.27, 1.1 last seen:(4920,0) globalposderived: (4920,0)
 4921: turnWithBall: freeze ball
(b)r: 0.453415 phi: -62.8432 vel: ( 0.0174651, 0.00609467 ) (4922,0) rel: ( 0.206951, -0.403431 ), (4922,0) global: ( -1.58181, -15.4381 ), (4922,0), changes: -0.27, 1.1 last seen:(4920,0) globalposderived: (4920,0)
 4922: turnWithBall: turn since ball will be kickable in t+1
 4922: 2 pos: ball(-3.987379,-14.819797), ball_prev(-2.765235,-15.379369), agentdiff(-0.058298,-0.055745)
 4922: direction old: 2.312315, new: 161.371247
(b)r: 2 phi: 103 vel: ( 0, 0 ) (4922,0) rel: ( -0.449902, 1.94874 ), (4922,0) global: ( -3.98738, -14.8198 ), (4922,0), changes: -0.27, 1.1 last seen:(4922,0) globalposderived: (4922,0)
(b)r: 1.66573 phi: -13.1827 vel: ( 0, 0 ) (4925,0) rel: ( 1.62184, -0.379882 ), (4925,0) global: ( -4.82944, -14.4458 ), (4925,0), changes: 0.96, 0.5 last seen:(4923,0) globalposderived: (4923,0)
 4929: direction old: -179.128748, new: 175.139141
(b)r: 1.77011 phi: -16.0761 vel: ( 0, 0 ) (4930,0) rel: ( 1.70089, -0.490169 ), (4930,0) global: ( -7.80138, -14.9519 ), (4930,0), changes: -0.25, -2.1 last seen:(4929,0) globalposderived: (4929,0)
(b)r: 0.998627 phi: -30.3654 vel: ( 0, 0 ) (4931,0) rel: ( 0.861635, -0.504819 ), (4931,0) global: ( -7.80138, -14.9519 ), (4931,0), changes: -0.25, -2.1 last seen:(4929,0) globalposderived: (4929,0)
(b)r: 1.06673 phi: -34.3699 vel: ( 0, 0 ) (4931,0) rel: ( 0.880491, -0.602206 ), (4931,0) global: ( -8.44254, -15.2098 ), (4931,0), changes: -0.25, -2.1 last seen:(4929,0) globalposderived: (4929,0)
 4931: turnWithBall: kick ball away from opp at ang 171.118672
 4931: (kick 88.477239 161.445403), vecDesired (1.693177,-0.373382) 165.000000 posDes(-6.749360,-15.583201)
(b)r: 1.22989 phi: -19.6763 vel: ( 0, 0 ) (4932,0) rel: ( 1.15807, -0.41411 ), (4932,0) global: ( -8.44254, -15.2098 ), (4932,0), changes: -0.25, -2.1 last seen:(4929,0) globalposderived: (4929,0)
(b)r: 1.88496 phi: -151.668 vel: ( 1.07044, -0.202959 ) (5174,0) rel: ( -1.65916, -0.894576 ), (5174,0) global: ( -14.0866, -14.4614 ), (5174,0), changes: -1.804, 1.1 last seen:(5169,0) globalposderived: (5169,0)
 5174: direction old: 121.200544, new: 127.431038
(b)r: 1.6 phi: -146 vel: ( 1.07044, -0.202959 ) (5174,0) rel: ( -1.32646, -0.894709 ), (5174,0) global: ( -14.0564, -14.8465 ), (5174,0), changes: -1.804, 1.1 last seen:(5174,0) globalposderived: (5174,0)
(b)r: 1.41183 phi: -131.154 vel: ( 1.00621, -0.190782 ) (5175,0) rel: ( -0.929095, -1.06304 ), (5175,0) global: ( -12.986, -15.0495 ), (5175,0), changes: -1.804, 1.1 last seen:(5174,0) globalposderived: (5174,0)
 5175: 2 pos: ball(-13.067900,-14.958421), ball_prev(-14.056390,-14.846534), agentdiff(0.014785,0.001753)
 5175: vel based on 2 pos: (0.915282,-0.106822)
 5175: direction old: 87.966204, new: 91.219567
(b)r: 1.5 phi: -130 vel: ( 0.915282, -0.106822 ) (5175,0) rel: ( -0.964181, -1.14907 ), (5175,0) global: ( -13.0679, -14.9584 ), (5175,0), changes: -1.804, 1.1 last seen:(5175,0) globalposderived: (5175,0)
(b)r: 1.77634 phi: -75.5626 vel: ( 0.860366, -0.100413 ) (5176,0) rel: ( 0.442881, -1.72024 ), (5176,0) global: ( -12.1526, -15.0652 ), (5176,0), changes: -1.804, 1.1 last seen:(5175,0) globalposderived: (5175,0)
 5177: direction old: 40.307918, new: 31.139418
 5212: Received coach message: online_coach_left (advice (0 (true) (do our {1} (home (pt -20 -10))) (do our {2} (home (pt -12 26))) (do our {3} (home (pt -20 10))) (do our {4} (home (pt 0 0))) (do our {5} (home (pt -12 -26))) (do our {6} (home (pt 20 0))) (do our {7} (home (pt 12 15))) (do our {8} (home (pt 35 -22))) (do our {9} (home (pt 0 0))) (do our {10} (home (pt 35 22))) (do our {11} (home (pt 12 -15))))))
 5212: new home position for player 0: -20 -10
 5212: new home position for player 1: -12 26
 5212: new home position for player 2: -20 10
 5212: new home position for player 3: 0 0
 5212: new home position for player 4: -12 -26
 5212: new home position for player 5: 20 0
 5212: new home position for player 6: 12 15
 5212: new home position for player 7: 35 -22
 5212: new home position for player 8: 0 0
 5212: new home position for player 9: 35 22
 5212: new home position for player 10: 12 -15
 5280: direction old: -107.667258, new: -91.129951
 5282: direction old: -8.153572, new: -81.251049
(b)r: 1.5 phi: -14 vel: ( 0, 0 ) (5282,0) rel: ( 1.45544, -0.362883 ), (5282,0) global: ( -10.9116, -34 ), (5282,0), changes: -0.36, -1.3 last seen:(5282,0) globalposderived: (5282,0)
(b)r: 1.17487 phi: 2.54057 vel: ( 0, 0 ) (5283,0) rel: ( 1.17372, 0.0520783 ), (5283,0) global: ( -10.9116, -34 ), (5283,0), changes: -0.36, -1.3 last seen:(5282,0) globalposderived: (5282,0)
 5283: direction old: -82.787335, new: -82.103562
(b)r: 1.2 phi: 2 vel: ( 0, 0 ) (5283,0) rel: ( 1.19927, 0.0418794 ), (5283,0) global: ( -10.8974, -34 ), (5283,0), changes: -0.168, -0.8 last seen:(5283,0) globalposderived: (5283,0)
(b)r: 0.48885 phi: 0.951678 vel: ( 0, 0 ) (5284,0) rel: ( 0.488783, 0.00811939 ), (5284,0) global: ( -10.8974, -34 ), (5284,0), changes: -0.168, -0.8 last seen:(5283,0) globalposderived: (5283,0)
 5284: ball (-10.897438,-34.000000), agent (-10.954459,-33.514487), to (-1000.000000,-1000.000000) ang -84.253254 -84.253254
 5284: relpos body (0.488850,0.951678), vel. ball:(0.000000,0.000000) dist: 1.137590 (0.300000,0.085000,0.752590)
 5284: pos (-63.006179,-61.534537) too far, but can acc ball good to 2.603288 k=2.603288,0.000000
 5512: Received coach message: online_coach_left (advice (0 (true) (do our {1} (home (pt -20 -10))) (do our {2} (home (pt -12 26))) (do our {3} (home (pt -20 10))) (do our {4} (home (pt 0 0))) (do our {5} (home (pt -12 -26))) (do our {6} (home (pt 20 0))) (do our {7} (home (pt 12 15))) (do our {8} (home (pt 35 -22))) (do our {9} (home (pt 0 0))) (do our {10} (home (pt 35 22))) (do our {11} (home (pt 12 -15))))))
 5512: new home position for player 0: -20 -10
 5512: new home position for player 1: -12 26
 5512: new home position for player 2: -20 10
 5512: new home position for player 3: 0 0
 5512: new home position for player 4: -12 -26
 5512: new home position for player 5: 20 0
 5512: new home position for player 6: 12 15
 5512: new home position for player 7: 35 -22
 5512: new home position for player 8: 0 0
 5512: new home position for player 9: 35 22
 5512: new home position for player 10: 12 -15
 5552: direction old: 42.080871, new: 33.790498
(b)r: 1.77811 phi: -4.26627 vel: ( -0.0042177, -0.0993449 ) (5553,0) rel: ( 1.77318, -0.132277 ), (5553,0) global: ( -4.47817, -12.1126 ), (5553,0), changes: -0.432, -1.4 last seen:(5552,0) globalposderived: (5552,0)
 5553: direction old: 26.696861, new: 31.527066
(b)r: 1.8 phi: -4 vel: ( 0, 0 ) (5553,0) rel: ( 1.79562, -0.125562 ), (5553,0) global: ( -4.46495, -11.9363 ), (5553,0), changes: -0.468, -3 last seen:(5553,0) globalposderived: (5553,0)
(b)r: 0.874817 phi: -5.05791 vel: ( 0, 0 ) (5554,0) rel: ( 0.87141, -0.0771261 ), (5554,0) global: ( -4.46495, -11.9363 ), (5554,0), changes: -0.468, -3 last seen:(5553,0) globalposderived: (5553,0)
(b)r: 0.12401 phi: -141.543 vel: ( 0, 0 ) (5555,0) rel: ( -0.0971088, -0.0771261 ), (5555,0) global: ( -4.46495, -11.9363 ), (5555,0), changes: -0.468, -3 last seen:(5553,0) globalposderived: (5553,0)
 5555: direction old: -94.272468, new: 34.331654
(b)r: 1.8 phi: -1 vel: ( 0.655542, 0.476244 ) (5555,0) rel: ( 1.79973, -0.0314143 ), (5555,0) global: ( -2.9571, -10.6342 ), (5555,0), changes: 0.36, 0.5 last seen:(5555,0) globalposderived: (5555,0)
 5556: direction old: 32.449858, new: 35.192914
(b)r: 1.7575 phi: 15.8625 vel: ( -0.059082, -0.0780412 ) (5807,0) rel: ( 1.69058, 0.480379 ), (5807,0) global: ( -11.4432, -16.3674 ), (5807,0), changes: -0.198, 2.3 last seen:(5805,0) globalposderived: (5805,0)
 5807: direction old: 161.270383, new: 173.811871
(b)r: 1.70342 phi: 7.35161 vel: ( -0.0797523, -0.0725441 ) (5808,0) rel: ( 1.68942, 0.217967 ), (5808,0) global: ( -11.8923, -16.7796 ), (5808,0), changes: -0.32, 5.5 last seen:(5807,0) globalposderived: (5807,0)
 5808: direction old: -172.228566, new: -178.889778
(b)r: 1.6 phi: 6 vel: ( -0.0772852, -0.0722531 ) (5808,0) rel: ( 1.59124, 0.167246 ), (5808,0) global: ( -11.7132, -16.5679 ), (5808,0), changes: -0.096, 5.4 last seen:(5808,0) globalposderived: (5808,0)
(b)r: 1.51402 phi: 5.72537 vel: ( -0.0726481, -0.0679179 ) (5809,0) rel: ( 1.50647, 0.15104 ), (5809,0) global: ( -11.7905, -16.6401 ), (5809,0), changes: -0.096, 5.4 last seen:(5808,0) globalposderived: (5808,0)
(b)r: 1.59532 phi: 1.73309 vel: ( -0.0682892, -0.0638429 ) (5810,0) rel: ( 1.59459, 0.0482481 ), (5810,0) global: ( -11.8632, -16.7081 ), (5810,0), changes: -0.096, 5.4 last seen:(5808,0) globalposderived: (5808,0)
 5810: direction old: -172.997778, new: -172.331795
(b)r: 1.6 phi: 1 vel: ( -0.0567204, -0.0583559 ) (5810,0) rel: ( 1.59976, 0.0279239 ), (5810,0) global: ( -11.8904, -16.7302 ), (5810,0), changes: 0.064, 1.8 last seen:(5810,0) globalposderived: (5810,0)
(b)r: 1.14212 phi: 3.98132 vel: ( -0.0533172, -0.0548545 ) (5811,0) rel: ( 1.13936, 0.0792986 ), (5811,0) global: ( -11.9471, -16.7885 ), (5811,0), changes: 0.064, 1.8 last seen:(5810,0) globalposderived: (5810,0)
 5811: direction old: -167.220383, new: -171.234855
(b)r: 1.1 phi: 2 vel: ( -0.0516412, -0.0564394 ) (5811,0) rel: ( 1.09933, 0.0383894 ), (5811,0) global: ( -11.9953, -16.7205 ), (5811,0), changes: 0.088, 2.4 last seen:(5811,0) globalposderived: (5811,0)
 5811: turnWithBall: kick ball close to desired turnangle 0.000000
 5811: (kick 82.353378 -179.111308), vecDesired (1.622554,0.168547) 173.234855 posDes(-10.372762,-16.551922)
(b)r: 0.2 phi: 173.582 vel: ( -0.151804, -0.0160571 ) (5812,0) rel: ( -0.198747, 0.0223566 ), (5812,0) global: ( -10.7082, -16.5516 ), (5812,0), changes: 0.088, 2.4 last seen:(5811,0) globalposderived: (5811,0)
 5812: turnWithBall: kick ball away from opp at ang 75.133205
 5812: (kick 22.841860 62.652342), vecDesired (-0.329672,-0.489707) 68.368059 posDes(-11.037838,-17.041341)
 5812: Received coach message: online_coach_left (advice (0 (true) (do our {1} (home (pt -20 -10))) (do our {2} (home (pt -12 26))) (do our {3} (home (pt -20 10))) (do our {4} (home (pt 0 0))) (do our {5} (home (pt -12 -26))) (do our {6} (home (pt 20 0))) (do our {7} (home (pt 12 15))) (do our {8} (home (pt 35 -22))) (do our {9} (home (pt 0 0))) (do our {10} (home (pt 35 22))) (do our {11} (home (pt 12 -15))))))
 5812: new home position for player 0: -20 -10
 5812: new home position for player 1: -12 26
 5812: new home position for player 2: -20 10
 5812: new home position for player 3: 0 0
 5812: new home position for player 4: -12 -26
 5812: new home position for player 5: 20 0
 5812: new home position for player 6: 12 15
 5812: new home position for player 7: 35 -22
 5812: new home position for player 8: 0 0
 5812: new home position for player 9: 35 22
 5812: new home position for player 10: 12 -15
(b)r: 0.48629 phi: 67.9368 vel: ( -0.308601, -0.442054 ) (5813,0) rel: ( 0.182665, 0.450679 ), (5813,0) global: ( -11.0365, -17.0219 ), (5813,0), changes: 0.088, 2.4 last seen:(5811,0) globalposderived: (5811,0)
 5813: turnWithBall: freeze ball
 5813: direction old: -118.182338, new: 148.708357
(b)r: 1 phi: -38 vel: ( -1.15689, 0.407014 ) (5813,0) rel: ( 0.788011, -0.615661 ), (5813,0) global: ( -11.6638, -16.0786 ), (5813,0), changes: 1.2, 14.5 last seen:(5813,0) globalposderived: (5813,0)
 5813: turnWithBall: kick ball away from opp at ang 123.708357
 5813: kickBallCloseToBody: cannot compensate ball speed, freeze
 5813: freeze ball will end up oustide -> accelerate
(b)r: 0.797465 phi: -37.5858 vel: ( 0.159891, -0.103524 ) (5814,0) rel: ( 0.631944, -0.486413 ), (5814,0) global: ( -11.4937, -16.1887 ), (5814,0), changes: 1.2, 14.5 last seen:(5813,0) globalposderived: (5813,0)
 5814: turnWithBall: kick ball away from opp at ang 145.737716
 5814: (kick 50.791297 141.226506), vecDesired (1.102147,-0.693802) 139.029360 posDes(-10.391599,-16.882484)
 5814: 2 pos: ball(-10.526123,-16.671361), ball_prev(-11.663842,-16.078550), agentdiff(-0.098854,0.045099)
 5814: vel based on 2 pos: (1.162379,-0.599636)
 5814: direction old: 148.123293, new: -17.234855
(b)r: 0.4 phi: 156 vel: ( 1.16238, -0.599636 ) (5814,0) rel: ( -0.365418, 0.162695 ), (5814,0) global: ( -10.5261, -16.6714 ), (5814,0), changes: 1.2, 14.5 last seen:(5814,0) globalposderived: (5814,0)
 5814: turnWithBall: freeze ball
(b)r: 0.404693 phi: 155.709 vel: ( 0.00363696, -0.00314983 ) (5815,0) rel: ( -0.368866, 0.166478 ), (5815,0) global: ( -10.5223, -16.6747 ), (5815,0), changes: 1.2, 14.5 last seen:(5814,0) globalposderived: (5814,0)
 5815: turnWithBall: turn since ball will be kickable in t+1
(b)r: 0.409115 phi: -17.7929 vel: ( 0, 0 ) (5816,0) rel: ( 0.389545, -0.125016 ), (5816,0) global: ( -10.5186, -16.6779 ), (5816,0), changes: 1.2, 14.5 last seen:(5814,0) globalposderived: (5814,0)
 5816: ball (-10.518617,-16.677862), agent (-10.908162,-16.552846), to (-6.908162,-16.552846) ang 0.000000 0.000000
 5816: relpos body (0.409115,-17.792937), vel. ball:(0.000000,0.000000) dist: 1.137590 (0.300000,0.085000,0.752590)
 5816: point good and can reach point 27.751613
 5816: 2 pos: ball(-12.534149,-15.780727), ball_prev(-10.526123,-16.671361), agentdiff(-0.000000,-0.000000)
 5816: direction old: -17.792937, new: 154.598767
(b)r: 1.8 phi: 149 vel: ( 0, 0 ) (5816,0) rel: ( -1.5429, 0.927069 ), (5816,0) global: ( -12.5341, -15.7807 ), (5816,0), changes: 1.2, 14.5 last seen:(5816,0) globalposderived: (5816,0)
(b)r: 1.35475 phi: 137.898 vel: ( 0, 0 ) (5817,0) rel: ( -1.00516, 0.90829 ), (5817,0) global: ( -12.5341, -15.7807 ), (5817,0), changes: 1.2, 14.5 last seen:(5816,0) globalposderived: (5816,0)
 5817: 2 pos: ball(-12.929008,-15.702278), ball_prev(-12.534149,-15.780727), agentdiff(0.053821,-0.051391)
 5817: vel based on 2 pos: (-0.421759,0.122050)
 5817: direction old: 143.124308, new: 148.677722
(b)r: 1.8 phi: 143 vel: ( -0.421759, 0.12205 ) (5817,0) rel: ( -1.43754, 1.08327 ), (5817,0) global: ( -12.929, -15.7023 ), (5817,0), changes: 1.2, 14.5 last seen:(5817,0) globalposderived: (5817,0)
 5819: direction old: 145.929770, new: 149.184475
 5820: direction old: 147.275830, new: 149.099401
 5822: direction old: 159.698194, new: 155.131226
 5823: 2 pos: ball(-15.820564,-14.660087), ball_prev(-15.424154,-14.832128), agentdiff(-0.071183,0.023742)
 5823: vel based on 2 pos: (-0.305714,0.139402)
 5823: direction old: 157.596346, new: 157.069238
