(b)r: 1.92245 phi: -11.1617 vel: ( -0.444476, -0.34721 ) (425,0) rel: ( 1.88608, -0.372146 ), (425,0) global: ( -3.17637, 32.2551 ), (425,0), changes: -0.858, -5.8 last seen:(423,0) globalposderived: (423,0)
 425: direction old: -11.967898, new: -9.318965
(b)r: 1.62191 phi: -16.5659 vel: ( -0.429435, -0.337658 ) (426,0) rel: ( 1.55459, -0.462435 ), (426,0) global: ( -3.62408, 31.9885 ), (426,0), changes: -0.44, -13.1 last seen:(425,0) globalposderived: (425,0)
 426: direction old: -25.372142, new: -26.993325
(b)r: 1.6 phi: -18 vel: ( -0.424551, -0.350888 ) (426,0) rel: ( 1.52169, -0.494427 ), (426,0) global: ( -3.66376, 31.9572 ), (426,0), changes: -0.224, -18.9 last seen:(426,0) globalposderived: (426,0)
(b)r: 1.45775 phi: -21.4621 vel: ( -0.399078, -0.329835 ) (427,0) rel: ( 1.35667, -0.533368 ), (427,0) global: ( -4.08831, 31.6063 ), (427,0), changes: -0.224, -18.9 last seen:(426,0) globalposderived: (426,0)
(b)r: 1.52613 phi: -18.851 vel: ( -0.375133, -0.310045 ) (428,0) rel: ( 1.44427, -0.493105 ), (428,0) global: ( -4.48739, 31.2765 ), (428,0), changes: -0.224, -18.9 last seen:(426,0) globalposderived: (426,0)
 428: direction old: -62.331003, new: -69.488603
(b)r: 1.6 phi: -22 vel: ( -0.394929, -0.318014 ) (428,0) rel: ( 1.48349, -0.599371 ), (428,0) global: ( -4.53945, 30.9464 ), (428,0), changes: 0.16, -18 last seen:(428,0) globalposderived: (428,0)
(b)r: 1.82412 phi: 23.5621 vel: ( -0.371233, -0.298933 ) (429,0) rel: ( 1.67204, 0.729179 ), (429,0) global: ( -4.93438, 30.6284 ), (429,0), changes: 0.16, -18 last seen:(428,0) globalposderived: (428,0)
 429: direction old: -86.871975, new: -85.056928
(b)r: 1.8 phi: 26 vel: ( -0.371958, -0.31012 ) (429,0) rel: ( 1.61783, 0.789068 ), (429,0) global: ( -4.90368, 31.1114 ), (429,0), changes: 0.288, -12.7 last seen:(429,0) globalposderived: (429,0)
(b)r: 1.62567 phi: 21.2863 vel: ( -0.34964, -0.291513 ) (430,0) rel: ( 1.51476, 0.590163 ), (430,0) global: ( -5.27563, 30.8013 ), (430,0), changes: 0.288, -12.7 last seen:(429,0) globalposderived: (429,0)
(b)r: 1.20969 phi: 18.4059 vel: ( -0.328662, -0.274022 ) (431,0) rel: ( 1.14781, 0.381956 ), (431,0) global: ( -5.62527, 30.5098 ), (431,0), changes: 0.288, -12.7 last seen:(429,0) globalposderived: (429,0)
 431: direction old: -102.377362, new: -94.411099
(b)r: 1.2 phi: 17 vel: ( -0.334342, -0.274245 ) (431,0) rel: ( 1.14757, 0.350846 ), (431,0) global: ( -5.5142, 30.2401 ), (431,0), changes: 0.024, -10.9 last seen:(431,0) globalposderived: (431,0)
(b)r: 1.21882 phi: -8.84487 vel: ( -0.314281, -0.25779 ) (432,0) rel: ( 1.20433, -0.187405 ), (432,0) global: ( -5.84854, 29.9658 ), (432,0), changes: 0.024, -10.9 last seen:(431,0) globalposderived: (431,0)
 432: direction old: -97.083069, new: -104.696016
(b)r: 1.3 phi: -9 vel: ( -0.330404, -0.265497 ) (432,0) rel: ( 1.28399, -0.203365 ), (432,0) global: ( -6.01472, 30.0251 ), (432,0), changes: 0.234, -10.8 last seen:(432,0) globalposderived: (432,0)
(b)r: 1.55519 phi: -7.89252 vel: ( -0.31058, -0.249567 ) (433,0) rel: ( 1.54046, -0.213551 ), (433,0) global: ( -6.34513, 29.7596 ), (433,0), changes: 0.234, -10.8 last seen:(432,0) globalposderived: (432,0)
(b)r: 1.86278 phi: -6.01102 vel: ( -0.291945, -0.234593 ) (433,1) rel: ( 1.85253, -0.195069 ), (433,1) global: ( -6.65571, 29.51 ), (433,1), changes: 0.234, -10.8 last seen:(432,0) globalposderived: (432,0)
 433: direction old: -128.845430, new: -113.491495
(b)r: 1.5 phi: -1 vel: ( 0, 0 ) (433,1) rel: ( 1.49977, -0.0261786 ), (433,1) global: ( -6.05724, 29.6199 ), (433,1), changes: -0.03, 0.1 last seen:(433,1) globalposderived: (433,1)
(b)r: 0.894102 phi: -2.35656 vel: ( 0, 0 ) (433,2) rel: ( 0.893346, -0.0367638 ), (433,2) global: ( -6.05724, 29.6199 ), (433,2), changes: -0.03, 0.1 last seen:(433,1) globalposderived: (433,1)
 433: ball (-6.057240,29.619935), agent (-5.681527,30.431266), to (-1000.000000,-1000.000000) ang -112.491495 -112.491495
 433: relpos body (0.894102,-2.356559), vel. ball:(0.000000,0.000000) dist: 1.035542 (0.300000,0.085000,0.650542)
 433: point too far, reposition ball (k_r = 0.801082)
 433: (kick 8.275903 166.831960), vecDesired (0.104352,0.145438) 0.000000 posDes(-5.952888,29.765373)
 433: direction old: -83.697980, new: -114.930990
(b)r: 0.9 phi: -3 vel: ( 0, 0 ) (433,2) rel: ( 0.898767, -0.0471024 ), (433,2) global: ( -6.56555, 29.9713 ), (433,2), changes: -0.216, -1 last seen:(433,2) globalposderived: (433,2)
 433: ball (-6.565550,29.971315), agent (-6.186177,30.787449), to (-1000.000000,-1000.000000) ang -111.930990 -111.930990
 433: relpos body (0.900000,-3.000000), vel. ball:(0.000000,0.000000) dist: 1.035542 (0.300000,0.085000,0.650542)
 433: point too far, reposition ball (k_r = 0.797921)
 433: (kick 8.672675 164.122626), vecDesired (0.114539,0.147618) 0.000000 posDes(-6.451011,30.118933)
(b)r: 0.662716 phi: -3.35811 vel: ( 0, 0 ) (433,3) rel: ( 0.661578, -0.0388196 ), (433,3) global: ( -6.56555, 29.9713 ), (433,3), changes: -0.216, -1 last seen:(433,2) globalposderived: (433,2)
 433: ball (-6.565550,29.971315), agent (-6.282447,30.570518), to (-1000.000000,-1000.000000) ang -111.930990 -111.930990
 433: relpos body (0.662716,-3.358106), vel. ball:(0.000000,0.000000) dist: 1.035542 (0.300000,0.085000,0.650542)
 433: point too far, reposition ball (k_r = 0.888611)
 433: (kick 3.748125 156.624764), vecDesired (0.063927,0.063247) 0.000000 posDes(-6.501623,30.034562)
(b)r: 0.583607 phi: -3.40665 vel: ( 0, 0 ) (433,4) rel: ( 0.582576, -0.0346792 ), (433,4) global: ( -6.56555, 29.9713 ), (433,4), changes: -0.216, -1 last seen:(433,2) globalposderived: (433,2)
 433: ball (-6.565550,29.971315), agent (-6.315795,30.498779), to (-1.564759,16.622263) ang -111.930990 -111.930990
 433: relpos body (0.583607,-3.406649), vel. ball:(0.000000,0.000000) dist: 1.035542 (0.300000,0.085000,0.650542)
 433: point good and can reach point 105.657588
 433: direction old: -145.407244, new: -115.239283
(b)r: 0.7 phi: -3 vel: ( 0, 0 ) (433,4) rel: ( 0.699041, -0.0366352 ), (433,4) global: ( -6.46533, 29.6131 ), (433,4), changes: -0.028, 0 last seen:(433,4) globalposderived: (433,4)
 433: ball (-6.465331,29.613110), agent (-6.166851,30.246284), to (-1000.000000,-1000.000000) ang -112.239283 -112.239283
 433: relpos body (0.700000,-3.000000), vel. ball:(0.000000,0.000000) dist: 1.035542 (0.300000,0.085000,0.650542)
 433: point too far, reposition ball (k_r = 0.874780)
 433: (kick 7.764014 168.976202), vecDesired (0.100580,0.153334) 0.000000 posDes(-6.364750,29.766444)
(b)r: 0.67363 phi: -3 vel: ( 0, 0 ) (433,5) rel: ( 0.672706, -0.0352551 ), (433,5) global: ( -6.46533, 29.6131 ), (433,5), changes: -0.028, 0 last seen:(433,4) globalposderived: (433,4)
 433: ball (-6.465331,29.613110), agent (-6.178095,30.222432), to (-1000.000000,-1000.000000) ang -112.239283 -112.239283
 433: relpos body (0.673630,-3.000000), vel. ball:(0.000000,0.000000) dist: 1.035542 (0.300000,0.085000,0.650542)
 433: point too far, reposition ball (k_r = 0.884914)
 433: (kick 7.411182 168.688481), vecDesired (0.097864,0.147572) 0.000000 posDes(-6.367467,29.760682)
 433: direction old: -122.891664, new: -115.310225
(b)r: 0.6 phi: -3 vel: ( 0, 0 ) (433,5) rel: ( 0.599178, -0.0314016 ), (433,5) global: ( -6.37454, 29.6077 ), (433,5), changes: -0.012, 0 last seen:(433,5) globalposderived: (433,5)
 433: ball (-6.374536,29.607731), agent (-6.118025,30.150135), to (-1000.000000,-1000.000000) ang -112.310225 -112.310225
 433: relpos body (0.600000,-3.000000), vel. ball:(0.000000,0.000000) dist: 1.035542 (0.300000,0.085000,0.650542)
 433: pos (-65.061178,-67.417246) too far, but can acc ball good to 2.465667 k=2.465667,0.000000
(b)r: 0.6 phi: -3 vel: ( 0, 0 ) (433,6) rel: ( 0.599178, -0.0314016 ), (433,6) global: ( -6.37454, 29.6077 ), (433,6), changes: -0.012, 0 last seen:(433,5) globalposderived: (433,5)
 433: ball (-6.374536,29.607731), agent (-6.118025,30.150135), to (-1000.000000,-1000.000000) ang -112.310225 -112.310225
 433: relpos body (0.600000,-3.000000), vel. ball:(0.000000,0.000000) dist: 1.035542 (0.300000,0.085000,0.650542)
 433: pos (-65.061178,-67.417246) too far, but can acc ball good to 2.465667 k=2.465667,0.000000
(b)r: 0.6 phi: -3 vel: ( 0, 0 ) (433,7) rel: ( 0.599178, -0.0314016 ), (433,7) global: ( -6.37454, 29.6077 ), (433,7), changes: -0.012, 0 last seen:(433,5) globalposderived: (433,5)
 433: ball (-6.374536,29.607731), agent (-6.118025,30.150135), to (-1.343410,16.035849) ang -112.310225 -112.310225
 433: relpos body (0.600000,-3.000000), vel. ball:(0.000000,0.000000) dist: 1.035542 (0.300000,0.085000,0.650542)
 433: point good and can reach point 106.321124
 433: direction old: -115.310225, new: -115.310225
(b)r: 0.6 phi: -3 vel: ( 0, 0 ) (433,7) rel: ( 0.599178, -0.0314016 ), (433,7) global: ( -6.37454, 29.6077 ), (433,7), changes: 0, 0 last seen:(433,7) globalposderived: (433,7)
 433: ball (-6.374536,29.607731), agent (-6.118025,30.150135), to (-1000.000000,-1000.000000) ang -112.310225 -112.310225
 433: relpos body (0.600000,-3.000000), vel. ball:(0.000000,0.000000) dist: 1.035542 (0.300000,0.085000,0.650542)
 433: pos (-65.061178,-67.417246) too far, but can acc ball good to 2.465667 k=2.465667,0.000000
(b)r: 0.6 phi: -3 vel: ( 0, 0 ) (433,8) rel: ( 0.599178, -0.0314016 ), (433,8) global: ( -6.37454, 29.6077 ), (433,8), changes: 0, 0 last seen:(433,7) globalposderived: (433,7)
 433: ball (-6.374536,29.607731), agent (-6.118025,30.150135), to (-1000.000000,-1000.000000) ang -112.310225 -112.310225
 433: relpos body (0.600000,-3.000000), vel. ball:(0.000000,0.000000) dist: 1.035542 (0.300000,0.085000,0.650542)
 433: pos (-65.061178,-67.417246) too far, but can acc ball good to 2.465667 k=2.465667,0.000000
 433: direction old: -115.310225, new: -115.310225
(b)r: 0.6 phi: -3 vel: ( 0, 0 ) (433,8) rel: ( 0.599178, -0.0314016 ), (433,8) global: ( -6.37454, 29.6077 ), (433,8), changes: 0, 0 last seen:(433,8) globalposderived: (433,8)
 433: ball (-6.374536,29.607731), agent (-6.118025,30.150135), to (-1000.000000,-1000.000000) ang -112.310225 -112.310225
 433: relpos body (0.600000,-3.000000), vel. ball:(0.000000,0.000000) dist: 1.035542 (0.300000,0.085000,0.650542)
 433: pos (-65.061178,-67.417246) too far, but can acc ball good to 2.465667 k=2.465667,0.000000
(b)r: 0.6 phi: -3 vel: ( 0, 0 ) (433,9) rel: ( 0.599178, -0.0314016 ), (433,9) global: ( -6.37454, 29.6077 ), (433,9), changes: 0, 0 last seen:(433,8) globalposderived: (433,8)
 433: ball (-6.374536,29.607731), agent (-6.118025,30.150135), to (-1000.000000,-1000.000000) ang -112.310225 -112.310225
 433: relpos body (0.600000,-3.000000), vel. ball:(0.000000,0.000000) dist: 1.035542 (0.300000,0.085000,0.650542)
 433: pos (-65.061178,-67.417246) too far, but can acc ball good to 2.465667 k=2.465667,0.000000
(b)r: 0.6 phi: -3 vel: ( 0, 0 ) (433,10) rel: ( 0.599178, -0.0314016 ), (433,10) global: ( -6.37454, 29.6077 ), (433,10), changes: 0, 0 last seen:(433,8) globalposderived: (433,8)
 433: ball (-6.374536,29.607731), agent (-6.118025,30.150135), to (-1.343410,16.035849) ang -112.310225 -112.310225
 433: relpos body (0.600000,-3.000000), vel. ball:(0.000000,0.000000) dist: 1.035542 (0.300000,0.085000,0.650542)
 433: point good and can reach point 106.321124
 433: direction old: -115.310225, new: -115.310225
(b)r: 0.6 phi: -3 vel: ( 0, 0 ) (433,10) rel: ( 0.599178, -0.0314016 ), (433,10) global: ( -6.37454, 29.6077 ), (433,10), changes: 0, 0 last seen:(433,10) globalposderived: (433,10)
 433: ball (-6.374536,29.607731), agent (-6.118025,30.150135), to (-1000.000000,-1000.000000) ang -112.310225 -112.310225
 433: relpos body (0.600000,-3.000000), vel. ball:(0.000000,0.000000) dist: 1.035542 (0.300000,0.085000,0.650542)
 433: pos (-65.061178,-67.417246) too far, but can acc ball good to 2.465667 k=2.465667,0.000000
(b)r: 0.6 phi: -3 vel: ( 0, 0 ) (433,11) rel: ( 0.599178, -0.0314016 ), (433,11) global: ( -6.37454, 29.6077 ), (433,11), changes: 0, 0 last seen:(433,10) globalposderived: (433,10)
 433: ball (-6.374536,29.607731), agent (-6.118025,30.150135), to (-1000.000000,-1000.000000) ang -112.310225 -112.310225
 433: relpos body (0.600000,-3.000000), vel. ball:(0.000000,0.000000) dist: 1.035542 (0.300000,0.085000,0.650542)
 433: pos (-65.061178,-67.417246) too far, but can acc ball good to 2.465667 k=2.465667,0.000000
 433: direction old: -115.310225, new: -115.310225
(b)r: 0.6 phi: -3 vel: ( 0, 0 ) (433,11) rel: ( 0.599178, -0.0314016 ), (433,11) global: ( -6.37454, 29.6077 ), (433,11), changes: 0, 0 last seen:(433,11) globalposderived: (433,11)
 433: ball (-6.374536,29.607731), agent (-6.118025,30.150135), to (-1000.000000,-1000.000000) ang -112.310225 -112.310225
 433: relpos body (0.600000,-3.000000), vel. ball:(0.000000,0.000000) dist: 1.035542 (0.300000,0.085000,0.650542)
 433: pos (-65.061178,-67.417246) too far, but can acc ball good to 2.465667 k=2.465667,0.000000
(b)r: 0.6 phi: -3 vel: ( 0, 0 ) (433,12) rel: ( 0.599178, -0.0314016 ), (433,12) global: ( -6.37454, 29.6077 ), (433,12), changes: 0, 0 last seen:(433,11) globalposderived: (433,11)
 433: ball (-6.374536,29.607731), agent (-6.118025,30.150135), to (-1000.000000,-1000.000000) ang -112.310225 -112.310225
 433: relpos body (0.600000,-3.000000), vel. ball:(0.000000,0.000000) dist: 1.035542 (0.300000,0.085000,0.650542)
 433: pos (-65.061178,-67.417246) too far, but can acc ball good to 2.465667 k=2.465667,0.000000
(b)r: 0.6 phi: -3 vel: ( 0, 0 ) (433,13) rel: ( 0.599178, -0.0314016 ), (433,13) global: ( -6.37454, 29.6077 ), (433,13), changes: 0, 0 last seen:(433,11) globalposderived: (433,11)
 433: ball (-6.374536,29.607731), agent (-6.118025,30.150135), to (-1.343410,16.035849) ang -112.310225 -112.310225
 433: relpos body (0.600000,-3.000000), vel. ball:(0.000000,0.000000) dist: 1.035542 (0.300000,0.085000,0.650542)
 433: point good and can reach point 106.321124
 433: direction old: -115.310225, new: -115.310225
(b)r: 0.6 phi: -3 vel: ( 0, 0 ) (433,13) rel: ( 0.599178, -0.0314016 ), (433,13) global: ( -6.37454, 29.6077 ), (433,13), changes: 0, 0 last seen:(433,13) globalposderived: (433,13)
 433: ball (-6.374536,29.607731), agent (-6.118025,30.150135), to (-1000.000000,-1000.000000) ang -112.310225 -112.310225
 433: relpos body (0.600000,-3.000000), vel. ball:(0.000000,0.000000) dist: 1.035542 (0.300000,0.085000,0.650542)
 433: pos (-65.061178,-67.417246) too far, but can acc ball good to 2.465667 k=2.465667,0.000000
(b)r: 0.6 phi: -3 vel: ( 0, 0 ) (433,14) rel: ( 0.599178, -0.0314016 ), (433,14) global: ( -6.37454, 29.6077 ), (433,14), changes: 0, 0 last seen:(433,13) globalposderived: (433,13)
 433: ball (-6.374536,29.607731), agent (-6.118025,30.150135), to (-1000.000000,-1000.000000) ang -112.310225 -112.310225
 433: relpos body (0.600000,-3.000000), vel. ball:(0.000000,0.000000) dist: 1.035542 (0.300000,0.085000,0.650542)
 433: pos (-65.061178,-67.417246) too far, but can acc ball good to 2.465667 k=2.465667,0.000000
 433: direction old: -115.310225, new: -115.310225
(b)r: 0.6 phi: -3 vel: ( 0, 0 ) (433,14) rel: ( 0.599178, -0.0314016 ), (433,14) global: ( -6.37454, 29.6077 ), (433,14), changes: 0, 0 last seen:(433,14) globalposderived: (433,14)
 433: ball (-6.374536,29.607731), agent (-6.118025,30.150135), to (-1000.000000,-1000.000000) ang -112.310225 -112.310225
 433: relpos body (0.600000,-3.000000), vel. ball:(0.000000,0.000000) dist: 1.035542 (0.300000,0.085000,0.650542)
 433: pos (-65.061178,-67.417246) too far, but can acc ball good to 2.465667 k=2.465667,0.000000
(b)r: 0.6 phi: -3 vel: ( 0, 0 ) (433,15) rel: ( 0.599178, -0.0314016 ), (433,15) global: ( -6.37454, 29.6077 ), (433,15), changes: 0, 0 last seen:(433,14) globalposderived: (433,14)
 433: ball (-6.374536,29.607731), agent (-6.118025,30.150135), to (-1000.000000,-1000.000000) ang -112.310225 -112.310225
 433: relpos body (0.600000,-3.000000), vel. ball:(0.000000,0.000000) dist: 1.035542 (0.300000,0.085000,0.650542)
 433: pos (-65.061178,-67.417246) too far, but can acc ball good to 2.465667 k=2.465667,0.000000
(b)r: 0.6 phi: -3 vel: ( 0, 0 ) (433,16) rel: ( 0.599178, -0.0314016 ), (433,16) global: ( -6.37454, 29.6077 ), (433,16), changes: 0, 0 last seen:(433,14) globalposderived: (433,14)
 433: ball (-6.374536,29.607731), agent (-6.118025,30.150135), to (-1.343410,16.035849) ang -112.310225 -112.310225
 433: relpos body (0.600000,-3.000000), vel. ball:(0.000000,0.000000) dist: 1.035542 (0.300000,0.085000,0.650542)
 433: point good and can reach point 106.321124
 433: direction old: -115.310225, new: -115.310225
(b)r: 0.6 phi: -3 vel: ( 0, 0 ) (433,16) rel: ( 0.599178, -0.0314016 ), (433,16) global: ( -6.37454, 29.6077 ), (433,16), changes: 0, 0 last seen:(433,16) globalposderived: (433,16)
 433: ball (-6.374536,29.607731), agent (-6.118025,30.150135), to (-1000.000000,-1000.000000) ang -112.310225 -112.310225
 433: relpos body (0.600000,-3.000000), vel. ball:(0.000000,0.000000) dist: 1.035542 (0.300000,0.085000,0.650542)
 433: pos (-65.061178,-67.417246) too far, but can acc ball good to 2.465667 k=2.465667,0.000000
(b)r: 0.6 phi: -3 vel: ( 0, 0 ) (433,17) rel: ( 0.599178, -0.0314016 ), (433,17) global: ( -6.37454, 29.6077 ), (433,17), changes: 0, 0 last seen:(433,16) globalposderived: (433,16)
 433: ball (-6.374536,29.607731), agent (-6.118025,30.150135), to (-1000.000000,-1000.000000) ang -112.310225 -112.310225
 433: relpos body (0.600000,-3.000000), vel. ball:(0.000000,0.000000) dist: 1.035542 (0.300000,0.085000,0.650542)
 433: pos (-65.061178,-67.417246) too far, but can acc ball good to 2.465667 k=2.465667,0.000000
 433: direction old: -115.310225, new: -115.310225
(b)r: 0.6 phi: -3 vel: ( 0, 0 ) (433,17) rel: ( 0.599178, -0.0314016 ), (433,17) global: ( -6.37454, 29.6077 ), (433,17), changes: 0, 0 last seen:(433,17) globalposderived: (433,17)
 433: ball (-6.374536,29.607731), agent (-6.118025,30.150135), to (-1000.000000,-1000.000000) ang -112.310225 -112.310225
 433: relpos body (0.600000,-3.000000), vel. ball:(0.000000,0.000000) dist: 1.035542 (0.300000,0.085000,0.650542)
 433: pos (-65.061178,-67.417246) too far, but can acc ball good to 2.465667 k=2.465667,0.000000
(b)r: 0.6 phi: -3 vel: ( 0, 0 ) (433,18) rel: ( 0.599178, -0.0314016 ), (433,18) global: ( -6.37454, 29.6077 ), (433,18), changes: 0, 0 last seen:(433,17) globalposderived: (433,17)
 433: ball (-6.374536,29.607731), agent (-6.118025,30.150135), to (-1000.000000,-1000.000000) ang -112.310225 -112.310225
 433: relpos body (0.600000,-3.000000), vel. ball:(0.000000,0.000000) dist: 1.035542 (0.300000,0.085000,0.650542)
 433: pos (-65.061178,-67.417246) too far, but can acc ball good to 2.465667 k=2.465667,0.000000
(b)r: 0.6 phi: -3 vel: ( 0, 0 ) (433,19) rel: ( 0.599178, -0.0314016 ), (433,19) global: ( -6.37454, 29.6077 ), (433,19), changes: 0, 0 last seen:(433,17) globalposderived: (433,17)
 433: ball (-6.374536,29.607731), agent (-6.118025,30.150135), to (-1.343410,16.035849) ang -112.310225 -112.310225
 433: relpos body (0.600000,-3.000000), vel. ball:(0.000000,0.000000) dist: 1.035542 (0.300000,0.085000,0.650542)
 433: point good and can reach point 106.321124
 433: direction old: -115.310225, new: -115.310225
(b)r: 0.6 phi: -3 vel: ( 0, 0 ) (433,19) rel: ( 0.599178, -0.0314016 ), (433,19) global: ( -6.37454, 29.6077 ), (433,19), changes: 0, 0 last seen:(433,19) globalposderived: (433,19)
 433: ball (-6.374536,29.607731), agent (-6.118025,30.150135), to (-1000.000000,-1000.000000) ang -112.310225 -112.310225
 433: relpos body (0.600000,-3.000000), vel. ball:(0.000000,0.000000) dist: 1.035542 (0.300000,0.085000,0.650542)
 433: pos (-65.061178,-67.417246) too far, but can acc ball good to 2.465667 k=2.465667,0.000000
(b)r: 0.6 phi: -3 vel: ( 0, 0 ) (433,20) rel: ( 0.599178, -0.0314016 ), (433,20) global: ( -6.37454, 29.6077 ), (433,20), changes: 0, 0 last seen:(433,19) globalposderived: (433,19)
 433: ball (-6.374536,29.607731), agent (-6.118025,30.150135), to (-1000.000000,-1000.000000) ang -112.310225 -112.310225
 433: relpos body (0.600000,-3.000000), vel. ball:(0.000000,0.000000) dist: 1.035542 (0.300000,0.085000,0.650542)
 433: pos (-65.061178,-67.417246) too far, but can acc ball good to 2.465667 k=2.465667,0.000000
 433: direction old: -115.310225, new: -115.310225
(b)r: 0.6 phi: -3 vel: ( 0, 0 ) (433,20) rel: ( 0.599178, -0.0314016 ), (433,20) global: ( -6.37454, 29.6077 ), (433,20), changes: 0, 0 last seen:(433,20) globalposderived: (433,20)
 433: ball (-6.374536,29.607731), agent (-6.118025,30.150135), to (-1000.000000,-1000.000000) ang -112.310225 -112.310225
 433: relpos body (0.600000,-3.000000), vel. ball:(0.000000,0.000000) dist: 1.035542 (0.300000,0.085000,0.650542)
 433: pos (-65.061178,-67.417246) too far, but can acc ball good to 2.465667 k=2.465667,0.000000
(b)r: 0.6 phi: -3 vel: ( 0, 0 ) (433,21) rel: ( 0.599178, -0.0314016 ), (433,21) global: ( -6.37454, 29.6077 ), (433,21), changes: 0, 0 last seen:(433,20) globalposderived: (433,20)
 433: ball (-6.374536,29.607731), agent (-6.118025,30.150135), to (-1000.000000,-1000.000000) ang -112.310225 -112.310225
 433: relpos body (0.600000,-3.000000), vel. ball:(0.000000,0.000000) dist: 1.035542 (0.300000,0.085000,0.650542)
 433: pos (-65.061178,-67.417246) too far, but can acc ball good to 2.465667 k=2.465667,0.000000
(b)r: 0.6 phi: -3 vel: ( 0, 0 ) (433,22) rel: ( 0.599178, -0.0314016 ), (433,22) global: ( -6.37454, 29.6077 ), (433,22), changes: 0, 0 last seen:(433,20) globalposderived: (433,20)
 433: ball (-6.374536,29.607731), agent (-6.118025,30.150135), to (-1.343410,16.035849) ang -112.310225 -112.310225
 433: relpos body (0.600000,-3.000000), vel. ball:(0.000000,0.000000) dist: 1.035542 (0.300000,0.085000,0.650542)
 433: point good and can reach point 106.321124
 433: direction old: -115.310225, new: -115.310225
(b)r: 0.6 phi: -3 vel: ( 0, 0 ) (433,22) rel: ( 0.599178, -0.0314016 ), (433,22) global: ( -6.37454, 29.6077 ), (433,22), changes: 0, 0 last seen:(433,22) globalposderived: (433,22)
 433: ball (-6.374536,29.607731), agent (-6.118025,30.150135), to (-1000.000000,-1000.000000) ang -112.310225 -112.310225
 433: relpos body (0.600000,-3.000000), vel. ball:(0.000000,0.000000) dist: 1.035542 (0.300000,0.085000,0.650542)
 433: pos (-65.061178,-67.417246) too far, but can acc ball good to 2.465667 k=2.465667,0.000000
(b)r: 0.6 phi: -3 vel: ( 0, 0 ) (433,23) rel: ( 0.599178, -0.0314016 ), (433,23) global: ( -6.37454, 29.6077 ), (433,23), changes: 0, 0 last seen:(433,22) globalposderived: (433,22)
 433: ball (-6.374536,29.607731), agent (-6.118025,30.150135), to (-1000.000000,-1000.000000) ang -112.310225 -112.310225
 433: relpos body (0.600000,-3.000000), vel. ball:(0.000000,0.000000) dist: 1.035542 (0.300000,0.085000,0.650542)
 433: pos (-65.061178,-67.417246) too far, but can acc ball good to 2.465667 k=2.465667,0.000000
 433: direction old: -115.310225, new: -115.310225
(b)r: 0.6 phi: -3 vel: ( 0, 0 ) (433,23) rel: ( 0.599178, -0.0314016 ), (433,23) global: ( -6.37454, 29.6077 ), (433,23), changes: 0, 0 last seen:(433,23) globalposderived: (433,23)
 433: ball (-6.374536,29.607731), agent (-6.118025,30.150135), to (-1000.000000,-1000.000000) ang -112.310225 -112.310225
 433: relpos body (0.600000,-3.000000), vel. ball:(0.000000,0.000000) dist: 1.035542 (0.300000,0.085000,0.650542)
 433: pos (-65.061178,-67.417246) too far, but can acc ball good to 2.465667 k=2.465667,0.000000
(b)r: 0.6 phi: -3 vel: ( 0, 0 ) (433,24) rel: ( 0.599178, -0.0314016 ), (433,24) global: ( -6.37454, 29.6077 ), (433,24), changes: 0, 0 last seen:(433,23) globalposderived: (433,23)
 433: ball (-6.374536,29.607731), agent (-6.118025,30.150135), to (-1000.000000,-1000.000000) ang -112.310225 -112.310225
 433: relpos body (0.600000,-3.000000), vel. ball:(0.000000,0.000000) dist: 1.035542 (0.300000,0.085000,0.650542)
 433: pos (-65.061178,-67.417246) too far, but can acc ball good to 2.465667 k=2.465667,0.000000
(b)r: 0.6 phi: -3 vel: ( 0, 0 ) (433,25) rel: ( 0.599178, -0.0314016 ), (433,25) global: ( -6.37454, 29.6077 ), (433,25), changes: 0, 0 last seen:(433,23) globalposderived: (433,23)
 433: ball (-6.374536,29.607731), agent (-6.118025,30.150135), to (-1.343410,16.035849) ang -112.310225 -112.310225
 433: relpos body (0.600000,-3.000000), vel. ball:(0.000000,0.000000) dist: 1.035542 (0.300000,0.085000,0.650542)
 433: point good and can reach point 106.321124
 433: direction old: -115.310225, new: -115.310225
(b)r: 0.6 phi: -3 vel: ( 0, 0 ) (433,25) rel: ( 0.599178, -0.0314016 ), (433,25) global: ( -6.37454, 29.6077 ), (433,25), changes: 0, 0 last seen:(433,25) globalposderived: (433,25)
 433: ball (-6.374536,29.607731), agent (-6.118025,30.150135), to (-1000.000000,-1000.000000) ang -112.310225 -112.310225
 433: relpos body (0.600000,-3.000000), vel. ball:(0.000000,0.000000) dist: 1.035542 (0.300000,0.085000,0.650542)
 433: pos (-65.061178,-67.417246) too far, but can acc ball good to 2.465667 k=2.465667,0.000000
(b)r: 0.6 phi: -3 vel: ( 0, 0 ) (433,26) rel: ( 0.599178, -0.0314016 ), (433,26) global: ( -6.37454, 29.6077 ), (433,26), changes: 0, 0 last seen:(433,25) globalposderived: (433,25)
 433: ball (-6.374536,29.607731), agent (-6.118025,30.150135), to (-1000.000000,-1000.000000) ang -112.310225 -112.310225
 433: relpos body (0.600000,-3.000000), vel. ball:(0.000000,0.000000) dist: 1.035542 (0.300000,0.085000,0.650542)
 433: pos (-65.061178,-67.417246) too far, but can acc ball good to 2.465667 k=2.465667,0.000000
 433: direction old: -115.310225, new: -115.310225
(b)r: 0.6 phi: -3 vel: ( 0, 0 ) (433,26) rel: ( 0.599178, -0.0314016 ), (433,26) global: ( -6.37454, 29.6077 ), (433,26), changes: 0, 0 last seen:(433,26) globalposderived: (433,26)
 433: ball (-6.374536,29.607731), agent (-6.118025,30.150135), to (-1.343410,16.035849) ang -112.310225 -112.310225
 433: relpos body (0.600000,-3.000000), vel. ball:(0.000000,0.000000) dist: 1.035542 (0.300000,0.085000,0.650542)
 433: point good, but reposition ball since need 106.321124
 433: (kick 4.643037 164.080108), vecDesired (0.070844,0.089929) 0.000000 posDes(-6.303692,29.697660)
(b)r: 0.6 phi: -3 vel: ( 0, 0 ) (433,27) rel: ( 0.599178, -0.0314016 ), (433,27) global: ( -6.37454, 29.6077 ), (433,27), changes: 0, 0 last seen:(433,26) globalposderived: (433,26)
 433: ball (-6.374536,29.607731), agent (-6.118025,30.150135), to (-1.343410,16.035849) ang -112.310225 -112.310225
 433: relpos body (0.600000,-3.000000), vel. ball:(0.000000,0.000000) dist: 1.035542 (0.300000,0.085000,0.650542)
 433: point good, but reposition ball since need 106.321124
 433: (kick 4.643037 164.080108), vecDesired (0.070844,0.089929) 0.000000 posDes(-6.303692,29.697660)
(b)r: 0.6 phi: -3 vel: ( 0, 0 ) (433,28) rel: ( 0.599178, -0.0314016 ), (433,28) global: ( -6.37454, 29.6077 ), (433,28), changes: 0, 0 last seen:(433,26) globalposderived: (433,26)
 433: ball (-6.374536,29.607731), agent (-6.118025,30.150135), to (-1.343410,16.035849) ang -112.310225 -112.310225
 433: relpos body (0.600000,-3.000000), vel. ball:(0.000000,0.000000) dist: 1.035542 (0.300000,0.085000,0.650542)
 433: point good, but reposition ball since need 106.321124
 433: (kick 4.643037 164.080108), vecDesired (0.070844,0.089929) 0.000000 posDes(-6.303692,29.697660)
 433: direction old: -115.310225, new: -115.310225
(b)r: 0.6 phi: -3 vel: ( 0, 0 ) (433,28) rel: ( 0.599178, -0.0314016 ), (433,28) global: ( -6.37454, 29.6077 ), (433,28), changes: 0, 0 last seen:(433,28) globalposderived: (433,28)
 433: ball (-6.374536,29.607731), agent (-6.118025,30.150135), to (-1.343410,16.035849) ang -112.310225 -112.310225
 433: relpos body (0.600000,-3.000000), vel. ball:(0.000000,0.000000) dist: 1.035542 (0.300000,0.085000,0.650542)
 433: point good, but reposition ball since need 106.321124
 433: (kick 4.643037 164.080108), vecDesired (0.070844,0.089929) 0.000000 posDes(-6.303692,29.697660)
(b)r: 0.6 phi: -3 vel: ( 0, 0 ) (433,29) rel: ( 0.599178, -0.0314016 ), (433,29) global: ( -6.37454, 29.6077 ), (433,29), changes: 0, 0 last seen:(433,28) globalposderived: (433,28)
 433: ball (-6.374536,29.607731), agent (-6.118025,30.150135), to (-1.343410,16.035849) ang -112.310225 -112.310225
 433: relpos body (0.600000,-3.000000), vel. ball:(0.000000,0.000000) dist: 1.035542 (0.300000,0.085000,0.650542)
 433: point good, but reposition ball since need 106.321124
 433: (kick 4.643037 164.080108), vecDesired (0.070844,0.089929) 0.000000 posDes(-6.303692,29.697660)
 433: direction old: -115.310225, new: -115.310225
(b)r: 0.6 phi: -3 vel: ( 0, 0 ) (433,29) rel: ( 0.599178, -0.0314016 ), (433,29) global: ( -6.37454, 29.6077 ), (433,29), changes: 0, 0 last seen:(433,29) globalposderived: (433,29)
 433: ball (-6.374536,29.607731), agent (-6.118025,30.150135), to (-1.343410,16.035849) ang -112.310225 -112.310225
 433: relpos body (0.600000,-3.000000), vel. ball:(0.000000,0.000000) dist: 1.035542 (0.300000,0.085000,0.650542)
 433: point good, but reposition ball since need 106.321124
 433: (kick 4.643037 164.080108), vecDesired (0.070844,0.089929) 0.000000 posDes(-6.303692,29.697660)
(b)r: 0.6 phi: -3 vel: ( 0, 0 ) (433,30) rel: ( 0.599178, -0.0314016 ), (433,30) global: ( -6.37454, 29.6077 ), (433,30), changes: 0, 0 last seen:(433,29) globalposderived: (433,29)
 433: ball (-6.374536,29.607731), agent (-6.118025,30.150135), to (-1.343410,16.035849) ang -112.310225 -112.310225
 433: relpos body (0.600000,-3.000000), vel. ball:(0.000000,0.000000) dist: 1.035542 (0.300000,0.085000,0.650542)
 433: point good, but reposition ball since need 106.321124
 433: (kick 4.643037 164.080108), vecDesired (0.070844,0.089929) 0.000000 posDes(-6.303692,29.697660)
(b)r: 0.6 phi: -3 vel: ( 0, 0 ) (434,0) rel: ( 0.599178, -0.0314016 ), (434,0) global: ( -6.37454, 29.6077 ), (434,0), changes: 0, 0 last seen:(433,29) globalposderived: (433,29)
 434: ball (-6.374536,29.607731), agent (-6.118025,30.150135), to (-1.343410,16.035849) ang -112.310225 -112.310225
 434: relpos body (0.600000,-3.000000), vel. ball:(0.000000,0.000000) dist: 1.035542 (0.300000,0.085000,0.650542)
 434: point good, but reposition ball since need 106.321124
 434: (kick 4.643037 164.080108), vecDesired (0.070844,0.089929) 0.000000 posDes(-6.303692,29.697660)
 434: direction old: -115.310225, new: -115.310225
(b)r: 0.6 phi: -3 vel: ( 0, 0 ) (434,0) rel: ( 0.599178, -0.0314016 ), (434,0) global: ( -6.37454, 29.6077 ), (434,0), changes: 0, 0 last seen:(434,0) globalposderived: (434,0)
 434: ball (-6.374536,29.607731), agent (-6.118025,30.150135), to (-1.343410,16.035849) ang -112.310225 -112.310225
 434: relpos body (0.600000,-3.000000), vel. ball:(0.000000,0.000000) dist: 1.035542 (0.300000,0.085000,0.650542)
 434: point good, but reposition ball since need 106.321124
 434: (kick 4.643037 164.080108), vecDesired (0.070844,0.089929) 0.000000 posDes(-6.303692,29.697660)
(b)r: 0.504389 phi: -0.478962 vel: ( 0.0574721, 0.0727456 ) (435,0) rel: ( 0.504372, -0.00421638 ), (435,0) global: ( -6.3134, 29.6851 ), (435,0), changes: 0, 0 last seen:(434,0) globalposderived: (434,0)
 435: turnWithBall: turn since ball will be kickable in t+1
 435: direction old: -112.789187, new: -112.310225
(b)r: 0.5 phi: 0 vel: ( 0.0575254, 0.0732006 ) (435,0) rel: ( 0.5, 0 ), (435,0) global: ( -6.30784, 29.6876 ), (435,0), changes: -0.09, 2.9 last seen:(435,0) globalposderived: (435,0)
 435: turnWithBall: turn since ball will be kickable in t+1
(b)r: 0.411228 phi: -108.765 vel: ( 0.0540739, 0.0688086 ) (436,0) rel: ( -0.132285, -0.38937 ), (436,0) global: ( -6.25031, 29.7608 ), (436,0), changes: -0.09, 2.9 last seen:(435,0) globalposderived: (435,0)
 436: ball (-6.250310,29.760764), agent (-6.118025,30.150135), to (-2.118025,30.150135) ang 0.000000 0.000000
 436: relpos body (0.411228,-108.764747), vel. ball:(0.054074,0.068809) dist: 1.035542 (0.300000,0.085000,0.650542)
 436: point good and can reach point 31.505390
(b)r: 0.701447 phi: -27.1937 vel: ( 0.710827, 0.0646801 ) (437,0) rel: ( 0.623913, -0.320562 ), (437,0) global: ( -5.49411, 29.8296 ), (437,0), changes: -0.09, 2.9 last seen:(435,0) globalposderived: (435,0)
 437: ball (-5.494111,29.829573), agent (-6.118025,30.150135), to (-2.118025,30.150135) ang 0.000000 0.000000
 437: relpos body (0.701447,-27.193748), vel. ball:(0.710827,0.064680) dist: 1.035542 (0.300000,0.085000,0.650542)
 437: point good and can reach point 0.500830
 437: direction old: -29.784533, new: -25.696623
(b)r: 0.7 phi: -27 vel: ( 0.717183, 0.0738332 ) (437,0) rel: ( 0.623705, -0.317793 ), (437,0) global: ( -5.4993, 29.89 ), (437,0), changes: 0.616, 31.8 last seen:(437,0) globalposderived: (437,0)
 437: ball (-5.499297,29.890037), agent (-6.130069,30.193561), to (-2.131104,30.284546) ang 1.303377 1.303377
 437: relpos body (0.700000,-27.000000), vel. ball:(0.717183,0.073833) dist: 1.035542 (0.300000,0.085000,0.650542)
 437: point good and can reach point 0.476098
(b)r: 0.855533 phi: -17.7128 vel: ( 0.674152, 0.0694032 ) (438,0) rel: ( 0.814975, -0.260292 ), (438,0) global: ( -4.78211, 29.9639 ), (438,0), changes: 0.616, 31.8 last seen:(437,0) globalposderived: (437,0)
 438: ball (-4.782114,29.963870), agent (-5.602798,30.205558), to (-1.603833,30.296543) ang 1.303377 1.303377
 438: relpos body (0.855533,-17.712814), vel. ball:(0.674152,0.069403) dist: 1.035542 (0.300000,0.085000,0.650542)
 438: point good and can reach point 2.194251
 438: direction old: -16.326430, new: -16.878524
(b)r: 0.8 phi: -18 vel: ( 0.656414, 0.0707821 ) (438,0) rel: ( 0.760845, -0.247214 ), (438,0) global: ( -4.91906, 29.996 ), (438,0), changes: 0.4, 13.8 last seen:(438,0) globalposderived: (438,0)
 438: ball (-4.919059,29.995952), agent (-5.684597,30.228227), to (-1.685363,30.306515) ang 1.121476 1.121476
 438: relpos body (0.800000,-18.000000), vel. ball:(0.656414,0.070782) dist: 1.035542 (0.300000,0.085000,0.650542)
 438: point good and can reach point 2.954648
(b)r: 0.651604 phi: -15.6234 vel: ( 0.617029, 0.0665352 ) (439,0) rel: ( 0.627529, -0.175486 ), (439,0) global: ( -4.26265, 30.0667 ), (439,0), changes: 0.4, 13.8 last seen:(438,0) globalposderived: (438,0)
 439: ball (-4.262645,30.066734), agent (-4.893488,30.229904), to (-0.894255,30.308193) ang 1.121476 1.121476
 439: relpos body (0.651604,-15.623416), vel. ball:(0.617029,0.066535) dist: 1.035542 (0.300000,0.085000,0.650542)
 439: point good and can reach point 4.520831
(b)r: 0.2 phi: -5.79193 vel: ( -0.0668084, -0.00503551 ) (439,1) rel: ( 0.198979, -0.0201832 ), (439,1) global: ( -4.69415, 30.2136 ), (439,1), changes: 0.4, 13.8 last seen:(438,0) globalposderived: (438,0)
 439: ball (-4.694153,30.213619), agent (-4.893488,30.229904), to (-0.894255,30.308193) ang 1.121476 1.121476
 439: relpos body (0.200000,-5.791931), vel. ball:(-0.066808,-0.005036) dist: 1.035542 (0.300000,0.085000,0.650542)
 439: point good and can reach point 27.582914
 439: direction old: -155.045591, new: -20.971515
(b)r: 0.4 phi: -22 vel: ( 0, 0 ) (439,1) rel: ( 0.370874, -0.149843 ), (439,1) global: ( -4.11483, 30.1662 ), (439,1), changes: 0.008, 0.6 last seen:(439,1) globalposderived: (439,1)
 439: ball (-4.114826,30.166235), agent (-4.488329,30.309397), to (-0.488974,30.381194) ang 1.028485 1.028485
 439: relpos body (0.400000,-22.000000), vel. ball:(0.000000,0.000000) dist: 1.035542 (0.300000,0.085000,0.650542)
 439: point good and can reach point 27.855199
(b)r: 0.4 phi: -22 vel: ( 0, 0 ) (439,2) rel: ( 0.370874, -0.149843 ), (439,2) global: ( -4.11483, 30.1662 ), (439,2), changes: 0.008, 0.6 last seen:(439,1) globalposderived: (439,1)
 439: ball (-4.114826,30.166235), agent (-4.488329,30.309397), to (-0.488974,30.381194) ang 1.028485 1.028485
 439: relpos body (0.400000,-22.000000), vel. ball:(0.000000,0.000000) dist: 1.035542 (0.300000,0.085000,0.650542)
 439: point good and can reach point 27.855199
 439: direction old: -20.971515, new: -20.971515
(b)r: 0.4 phi: -22 vel: ( 0, 0 ) (439,2) rel: ( 0.370874, -0.149843 ), (439,2) global: ( -4.11483, 30.1662 ), (439,2), changes: 0.008, 0.2 last seen:(439,2) globalposderived: (439,2)
 439: ball (-4.114826,30.166235), agent (-4.488329,30.309397), to (-0.488974,30.381194) ang 1.028485 1.028485
 439: relpos body (0.400000,-22.000000), vel. ball:(0.000000,0.000000) dist: 1.035542 (0.300000,0.085000,0.650542)
 439: point good and can reach point 27.855199
(b)r: 0.4 phi: -22 vel: ( 0, 0 ) (439,3) rel: ( 0.370874, -0.149843 ), (439,3) global: ( -4.11483, 30.1662 ), (439,3), changes: 0.008, 0.2 last seen:(439,2) globalposderived: (439,2)
 439: ball (-4.114826,30.166235), agent (-4.488329,30.309397), to (-0.488974,30.381194) ang 1.028485 1.028485
 439: relpos body (0.400000,-22.000000), vel. ball:(0.000000,0.000000) dist: 1.035542 (0.300000,0.085000,0.650542)
 439: point good and can reach point 27.855199
(b)r: 0.4 phi: -22 vel: ( 0, 0 ) (439,4) rel: ( 0.370874, -0.149843 ), (439,4) global: ( -4.11483, 30.1662 ), (439,4), changes: 0.008, 0.2 last seen:(439,2) globalposderived: (439,2)
 439: ball (-4.114826,30.166235), agent (-4.488329,30.309397), to (-0.488974,30.381194) ang 1.028485 1.028485
 439: relpos body (0.400000,-22.000000), vel. ball:(0.000000,0.000000) dist: 1.035542 (0.300000,0.085000,0.650542)
 439: point good and can reach point 27.855199
 439: direction old: -20.971515, new: -20.971515
(b)r: 0.4 phi: -22 vel: ( 0, 0 ) (439,4) rel: ( 0.370874, -0.149843 ), (439,4) global: ( -4.11483, 30.1662 ), (439,4), changes: 0, 0 last seen:(439,4) globalposderived: (439,4)
 439: ball (-4.114826,30.166235), agent (-4.488329,30.309397), to (-0.488974,30.381194) ang 1.028485 1.028485
 439: relpos body (0.400000,-22.000000), vel. ball:(0.000000,0.000000) dist: 1.035542 (0.300000,0.085000,0.650542)
 439: point good and can reach point 27.855199
(b)r: 0.4 phi: -22 vel: ( 0, 0 ) (439,5) rel: ( 0.370874, -0.149843 ), (439,5) global: ( -4.11483, 30.1662 ), (439,5), changes: 0, 0 last seen:(439,4) globalposderived: (439,4)
 439: ball (-4.114826,30.166235), agent (-4.488329,30.309397), to (-0.488974,30.381194) ang 1.028485 1.028485
 439: relpos body (0.400000,-22.000000), vel. ball:(0.000000,0.000000) dist: 1.035542 (0.300000,0.085000,0.650542)
 439: point good and can reach point 27.855199
 439: direction old: -20.971515, new: -20.971515
(b)r: 0.4 phi: -22 vel: ( 0, 0 ) (439,5) rel: ( 0.370874, -0.149843 ), (439,5) global: ( -4.11483, 30.1662 ), (439,5), changes: 0, 0 last seen:(439,5) globalposderived: (439,5)
 439: ball (-4.114826,30.166235), agent (-4.488329,30.309397), to (-0.488974,30.381194) ang 1.028485 1.028485
 439: relpos body (0.400000,-22.000000), vel. ball:(0.000000,0.000000) dist: 1.035542 (0.300000,0.085000,0.650542)
 439: point good and can reach point 27.855199
(b)r: 0.4 phi: -22 vel: ( 0, 0 ) (439,6) rel: ( 0.370874, -0.149843 ), (439,6) global: ( -4.11483, 30.1662 ), (439,6), changes: 0, 0 last seen:(439,5) globalposderived: (439,5)
 439: ball (-4.114826,30.166235), agent (-4.488329,30.309397), to (-0.488974,30.381194) ang 1.028485 1.028485
 439: relpos body (0.400000,-22.000000), vel. ball:(0.000000,0.000000) dist: 1.035542 (0.300000,0.085000,0.650542)
 439: point good and can reach point 27.855199
(b)r: 0.4 phi: -22 vel: ( 0, 0 ) (439,7) rel: ( 0.370874, -0.149843 ), (439,7) global: ( -4.11483, 30.1662 ), (439,7), changes: 0, 0 last seen:(439,5) globalposderived: (439,5)
 439: ball (-4.114826,30.166235), agent (-4.488329,30.309397), to (-0.488974,30.381194) ang 1.028485 1.028485
 439: relpos body (0.400000,-22.000000), vel. ball:(0.000000,0.000000) dist: 1.035542 (0.300000,0.085000,0.650542)
 439: point good and can reach point 27.855199
 439: direction old: -20.971515, new: -20.971515
(b)r: 0.4 phi: -22 vel: ( 0, 0 ) (439,7) rel: ( 0.370874, -0.149843 ), (439,7) global: ( -4.11483, 30.1662 ), (439,7), changes: 0, 0 last seen:(439,7) globalposderived: (439,7)
 439: ball (-4.114826,30.166235), agent (-4.488329,30.309397), to (-0.488974,30.381194) ang 1.028485 1.028485
 439: relpos body (0.400000,-22.000000), vel. ball:(0.000000,0.000000) dist: 1.035542 (0.300000,0.085000,0.650542)
 439: point good and can reach point 27.855199
(b)r: 0.4 phi: -22 vel: ( 0, 0 ) (439,8) rel: ( 0.370874, -0.149843 ), (439,8) global: ( -4.11483, 30.1662 ), (439,8), changes: 0, 0 last seen:(439,7) globalposderived: (439,7)
 439: ball (-4.114826,30.166235), agent (-4.488329,30.309397), to (-0.488974,30.381194) ang 1.028485 1.028485
 439: relpos body (0.400000,-22.000000), vel. ball:(0.000000,0.000000) dist: 1.035542 (0.300000,0.085000,0.650542)
 439: point good and can reach point 27.855199
 439: direction old: -20.971515, new: -20.971515
(b)r: 0.4 phi: -22 vel: ( 0, 0 ) (439,8) rel: ( 0.370874, -0.149843 ), (439,8) global: ( -4.11483, 30.1662 ), (439,8), changes: 0, 0 last seen:(439,8) globalposderived: (439,8)
 439: ball (-4.114826,30.166235), agent (-4.488329,30.309397), to (-0.488974,30.381194) ang 1.028485 1.028485
 439: relpos body (0.400000,-22.000000), vel. ball:(0.000000,0.000000) dist: 1.035542 (0.300000,0.085000,0.650542)
 439: point good and can reach point 27.855199
(b)r: 0.4 phi: -22 vel: ( 0, 0 ) (439,9) rel: ( 0.370874, -0.149843 ), (439,9) global: ( -4.11483, 30.1662 ), (439,9), changes: 0, 0 last seen:(439,8) globalposderived: (439,8)
 439: ball (-4.114826,30.166235), agent (-4.488329,30.309397), to (-0.488974,30.381194) ang 1.028485 1.028485
 439: relpos body (0.400000,-22.000000), vel. ball:(0.000000,0.000000) dist: 1.035542 (0.300000,0.085000,0.650542)
 439: point good and can reach point 27.855199
(b)r: 0.4 phi: -22 vel: ( 0, 0 ) (439,10) rel: ( 0.370874, -0.149843 ), (439,10) global: ( -4.11483, 30.1662 ), (439,10), changes: 0, 0 last seen:(439,8) globalposderived: (439,8)
 439: ball (-4.114826,30.166235), agent (-4.488329,30.309397), to (-0.488974,30.381194) ang 1.028485 1.028485
 439: relpos body (0.400000,-22.000000), vel. ball:(0.000000,0.000000) dist: 1.035542 (0.300000,0.085000,0.650542)
 439: point good and can reach point 27.855199
 439: direction old: -20.971515, new: -20.971515
(b)r: 0.4 phi: -22 vel: ( 0, 0 ) (439,10) rel: ( 0.370874, -0.149843 ), (439,10) global: ( -4.11483, 30.1662 ), (439,10), changes: 0, 0 last seen:(439,10) globalposderived: (439,10)
 439: ball (-4.114826,30.166235), agent (-4.488329,30.309397), to (-0.488974,30.381194) ang 1.028485 1.028485
 439: relpos body (0.400000,-22.000000), vel. ball:(0.000000,0.000000) dist: 1.035542 (0.300000,0.085000,0.650542)
 439: point good and can reach point 27.855199
(b)r: 0.4 phi: -22 vel: ( 0, 0 ) (439,11) rel: ( 0.370874, -0.149843 ), (439,11) global: ( -4.11483, 30.1662 ), (439,11), changes: 0, 0 last seen:(439,10) globalposderived: (439,10)
 439: ball (-4.114826,30.166235), agent (-4.488329,30.309397), to (-0.488974,30.381194) ang 1.028485 1.028485
 439: relpos body (0.400000,-22.000000), vel. ball:(0.000000,0.000000) dist: 1.035542 (0.300000,0.085000,0.650542)
 439: point good and can reach point 27.855199
 439: direction old: -20.971515, new: -20.971515
(b)r: 0.4 phi: -22 vel: ( 0, 0 ) (439,11) rel: ( 0.370874, -0.149843 ), (439,11) global: ( -4.11483, 30.1662 ), (439,11), changes: 0, 0 last seen:(439,11) globalposderived: (439,11)
 439: ball (-4.114826,30.166235), agent (-4.488329,30.309397), to (-0.488974,30.381194) ang 1.028485 1.028485
 439: relpos body (0.400000,-22.000000), vel. ball:(0.000000,0.000000) dist: 1.035542 (0.300000,0.085000,0.650542)
 439: point good and can reach point 27.855199
(b)r: 0.4 phi: -22 vel: ( 0, 0 ) (439,12) rel: ( 0.370874, -0.149843 ), (439,12) global: ( -4.11483, 30.1662 ), (439,12), changes: 0, 0 last seen:(439,11) globalposderived: (439,11)
 439: ball (-4.114826,30.166235), agent (-4.488329,30.309397), to (-0.488974,30.381194) ang 1.028485 1.028485
 439: relpos body (0.400000,-22.000000), vel. ball:(0.000000,0.000000) dist: 1.035542 (0.300000,0.085000,0.650542)
 439: point good and can reach point 27.855199
(b)r: 0.4 phi: -22 vel: ( 0, 0 ) (439,13) rel: ( 0.370874, -0.149843 ), (439,13) global: ( -4.11483, 30.1662 ), (439,13), changes: 0, 0 last seen:(439,11) globalposderived: (439,11)
 439: ball (-4.114826,30.166235), agent (-4.488329,30.309397), to (-0.488974,30.381194) ang 1.028485 1.028485
 439: relpos body (0.400000,-22.000000), vel. ball:(0.000000,0.000000) dist: 1.035542 (0.300000,0.085000,0.650542)
 439: point good and can reach point 27.855199
 439: direction old: -20.971515, new: -20.971515
(b)r: 0.4 phi: -22 vel: ( 0, 0 ) (439,13) rel: ( 0.370874, -0.149843 ), (439,13) global: ( -4.11483, 30.1662 ), (439,13), changes: 0, 0 last seen:(439,13) globalposderived: (439,13)
 439: ball (-4.114826,30.166235), agent (-4.488329,30.309397), to (-0.488974,30.381194) ang 1.028485 1.028485
 439: relpos body (0.400000,-22.000000), vel. ball:(0.000000,0.000000) dist: 1.035542 (0.300000,0.085000,0.650542)
 439: point good and can reach point 27.855199
(b)r: 0.4 phi: -22 vel: ( 0, 0 ) (439,14) rel: ( 0.370874, -0.149843 ), (439,14) global: ( -4.11483, 30.1662 ), (439,14), changes: 0, 0 last seen:(439,13) globalposderived: (439,13)
 439: ball (-4.114826,30.166235), agent (-4.488329,30.309397), to (-0.488974,30.381194) ang 1.028485 1.028485
 439: relpos body (0.400000,-22.000000), vel. ball:(0.000000,0.000000) dist: 1.035542 (0.300000,0.085000,0.650542)
 439: point good and can reach point 27.855199
 439: direction old: -20.971515, new: -20.971515
(b)r: 0.4 phi: -22 vel: ( 0, 0 ) (439,14) rel: ( 0.370874, -0.149843 ), (439,14) global: ( -4.11483, 30.1662 ), (439,14), changes: 0, 0 last seen:(439,14) globalposderived: (439,14)
 439: ball (-4.114826,30.166235), agent (-4.488329,30.309397), to (-0.488974,30.381194) ang 1.028485 1.028485
 439: relpos body (0.400000,-22.000000), vel. ball:(0.000000,0.000000) dist: 1.035542 (0.300000,0.085000,0.650542)
 439: point good and can reach point 27.855199
(b)r: 0.4 phi: -22 vel: ( 0, 0 ) (439,15) rel: ( 0.370874, -0.149843 ), (439,15) global: ( -4.11483, 30.1662 ), (439,15), changes: 0, 0 last seen:(439,14) globalposderived: (439,14)
 439: ball (-4.114826,30.166235), agent (-4.488329,30.309397), to (-0.488974,30.381194) ang 1.028485 1.028485
 439: relpos body (0.400000,-22.000000), vel. ball:(0.000000,0.000000) dist: 1.035542 (0.300000,0.085000,0.650542)
 439: point good and can reach point 27.855199
(b)r: 0.4 phi: -22 vel: ( 0, 0 ) (439,16) rel: ( 0.370874, -0.149843 ), (439,16) global: ( -4.11483, 30.1662 ), (439,16), changes: 0, 0 last seen:(439,14) globalposderived: (439,14)
 439: ball (-4.114826,30.166235), agent (-4.488329,30.309397), to (-0.488974,30.381194) ang 1.028485 1.028485
 439: relpos body (0.400000,-22.000000), vel. ball:(0.000000,0.000000) dist: 1.035542 (0.300000,0.085000,0.650542)
 439: point good and can reach point 27.855199
 439: direction old: -20.971515, new: -20.971515
(b)r: 0.4 phi: -22 vel: ( 0, 0 ) (439,16) rel: ( 0.370874, -0.149843 ), (439,16) global: ( -4.11483, 30.1662 ), (439,16), changes: 0, 0 last seen:(439,16) globalposderived: (439,16)
 439: ball (-4.114826,30.166235), agent (-4.488329,30.309397), to (-0.488974,30.381194) ang 1.028485 1.028485
 439: relpos body (0.400000,-22.000000), vel. ball:(0.000000,0.000000) dist: 1.035542 (0.300000,0.085000,0.650542)
 439: point good and can reach point 27.855199
(b)r: 0.4 phi: -22 vel: ( 0, 0 ) (439,17) rel: ( 0.370874, -0.149843 ), (439,17) global: ( -4.11483, 30.1662 ), (439,17), changes: 0, 0 last seen:(439,16) globalposderived: (439,16)
 439: ball (-4.114826,30.166235), agent (-4.488329,30.309397), to (-0.488974,30.381194) ang 1.028485 1.028485
 439: relpos body (0.400000,-22.000000), vel. ball:(0.000000,0.000000) dist: 1.035542 (0.300000,0.085000,0.650542)
 439: point good and can reach point 27.855199
 439: direction old: -20.971515, new: -20.971515
(b)r: 0.4 phi: -22 vel: ( 0, 0 ) (439,17) rel: ( 0.370874, -0.149843 ), (439,17) global: ( -4.11483, 30.1662 ), (439,17), changes: 0, 0 last seen:(439,17) globalposderived: (439,17)
 439: ball (-4.114826,30.166235), agent (-4.488329,30.309397), to (-0.488974,30.381194) ang 1.028485 1.028485
 439: relpos body (0.400000,-22.000000), vel. ball:(0.000000,0.000000) dist: 1.035542 (0.300000,0.085000,0.650542)
 439: point good and can reach point 27.855199
(b)r: 0.4 phi: -22 vel: ( 0, 0 ) (439,18) rel: ( 0.370874, -0.149843 ), (439,18) global: ( -4.11483, 30.1662 ), (439,18), changes: 0, 0 last seen:(439,17) globalposderived: (439,17)
 439: ball (-4.114826,30.166235), agent (-4.488329,30.309397), to (-0.488974,30.381194) ang 1.028485 1.028485
 439: relpos body (0.400000,-22.000000), vel. ball:(0.000000,0.000000) dist: 1.035542 (0.300000,0.085000,0.650542)
 439: point good and can reach point 27.855199
(b)r: 0.4 phi: -22 vel: ( 0, 0 ) (439,19) rel: ( 0.370874, -0.149843 ), (439,19) global: ( -4.11483, 30.1662 ), (439,19), changes: 0, 0 last seen:(439,17) globalposderived: (439,17)
 439: ball (-4.114826,30.166235), agent (-4.488329,30.309397), to (-0.488974,30.381194) ang 1.028485 1.028485
 439: relpos body (0.400000,-22.000000), vel. ball:(0.000000,0.000000) dist: 1.035542 (0.300000,0.085000,0.650542)
 439: point good and can reach point 27.855199
 439: direction old: -20.971515, new: -20.971515
(b)r: 0.4 phi: -22 vel: ( 0, 0 ) (439,19) rel: ( 0.370874, -0.149843 ), (439,19) global: ( -4.11483, 30.1662 ), (439,19), changes: 0, 0 last seen:(439,19) globalposderived: (439,19)
 439: ball (-4.114826,30.166235), agent (-4.488329,30.309397), to (-0.488974,30.381194) ang 1.028485 1.028485
 439: relpos body (0.400000,-22.000000), vel. ball:(0.000000,0.000000) dist: 1.035542 (0.300000,0.085000,0.650542)
 439: point good and can reach point 27.855199
(b)r: 0.4 phi: -22 vel: ( 0, 0 ) (439,20) rel: ( 0.370874, -0.149843 ), (439,20) global: ( -4.11483, 30.1662 ), (439,20), changes: 0, 0 last seen:(439,19) globalposderived: (439,19)
 439: ball (-4.114826,30.166235), agent (-4.488329,30.309397), to (-0.488974,30.381194) ang 1.028485 1.028485
 439: relpos body (0.400000,-22.000000), vel. ball:(0.000000,0.000000) dist: 1.035542 (0.300000,0.085000,0.650542)
 439: point good and can reach point 27.855199
 439: direction old: -20.971515, new: -20.971515
(b)r: 0.4 phi: -22 vel: ( 0, 0 ) (439,20) rel: ( 0.370874, -0.149843 ), (439,20) global: ( -4.11483, 30.1662 ), (439,20), changes: 0, 0 last seen:(439,20) globalposderived: (439,20)
 439: ball (-4.114826,30.166235), agent (-4.488329,30.309397), to (-0.488974,30.381194) ang 1.028485 1.028485
 439: relpos body (0.400000,-22.000000), vel. ball:(0.000000,0.000000) dist: 1.035542 (0.300000,0.085000,0.650542)
 439: point good and can reach point 27.855199
(b)r: 0.4 phi: -22 vel: ( 0, 0 ) (439,21) rel: ( 0.370874, -0.149843 ), (439,21) global: ( -4.11483, 30.1662 ), (439,21), changes: 0, 0 last seen:(439,20) globalposderived: (439,20)
 439: ball (-4.114826,30.166235), agent (-4.488329,30.309397), to (-0.488974,30.381194) ang 1.028485 1.028485
 439: relpos body (0.400000,-22.000000), vel. ball:(0.000000,0.000000) dist: 1.035542 (0.300000,0.085000,0.650542)
 439: point good and can reach point 27.855199
(b)r: 0.4 phi: -22 vel: ( 0, 0 ) (439,22) rel: ( 0.370874, -0.149843 ), (439,22) global: ( -4.11483, 30.1662 ), (439,22), changes: 0, 0 last seen:(439,20) globalposderived: (439,20)
 439: ball (-4.114826,30.166235), agent (-4.488329,30.309397), to (-0.488974,30.381194) ang 1.028485 1.028485
 439: relpos body (0.400000,-22.000000), vel. ball:(0.000000,0.000000) dist: 1.035542 (0.300000,0.085000,0.650542)
 439: point good and can reach point 27.855199
 439: direction old: -20.971515, new: -20.971515
(b)r: 0.4 phi: -22 vel: ( 0, 0 ) (439,22) rel: ( 0.370874, -0.149843 ), (439,22) global: ( -4.11483, 30.1662 ), (439,22), changes: 0, 0 last seen:(439,22) globalposderived: (439,22)
 439: ball (-4.114826,30.166235), agent (-4.488329,30.309397), to (-0.488974,30.381194) ang 1.028485 1.028485
 439: relpos body (0.400000,-22.000000), vel. ball:(0.000000,0.000000) dist: 1.035542 (0.300000,0.085000,0.650542)
 439: point good and can reach point 27.855199
(b)r: 0.4 phi: -22 vel: ( 0, 0 ) (439,23) rel: ( 0.370874, -0.149843 ), (439,23) global: ( -4.11483, 30.1662 ), (439,23), changes: 0, 0 last seen:(439,22) globalposderived: (439,22)
 439: ball (-4.114826,30.166235), agent (-4.488329,30.309397), to (-0.488974,30.381194) ang 1.028485 1.028485
 439: relpos body (0.400000,-22.000000), vel. ball:(0.000000,0.000000) dist: 1.035542 (0.300000,0.085000,0.650542)
 439: point good and can reach point 27.855199
 439: direction old: -20.971515, new: -20.971515
(b)r: 0.4 phi: -22 vel: ( 0, 0 ) (439,23) rel: ( 0.370874, -0.149843 ), (439,23) global: ( -4.11483, 30.1662 ), (439,23), changes: 0, 0 last seen:(439,23) globalposderived: (439,23)
 439: ball (-4.114826,30.166235), agent (-4.488329,30.309397), to (-0.488974,30.381194) ang 1.028485 1.028485
 439: relpos body (0.400000,-22.000000), vel. ball:(0.000000,0.000000) dist: 1.035542 (0.300000,0.085000,0.650542)
 439: point good and can reach point 27.855199
(b)r: 0.4 phi: -22 vel: ( 0, 0 ) (439,24) rel: ( 0.370874, -0.149843 ), (439,24) global: ( -4.11483, 30.1662 ), (439,24), changes: 0, 0 last seen:(439,23) globalposderived: (439,23)
 439: ball (-4.114826,30.166235), agent (-4.488329,30.309397), to (-0.488974,30.381194) ang 1.028485 1.028485
 439: relpos body (0.400000,-22.000000), vel. ball:(0.000000,0.000000) dist: 1.035542 (0.300000,0.085000,0.650542)
 439: point good and can reach point 27.855199
(b)r: 0.4 phi: -22 vel: ( 0, 0 ) (439,25) rel: ( 0.370874, -0.149843 ), (439,25) global: ( -4.11483, 30.1662 ), (439,25), changes: 0, 0 last seen:(439,23) globalposderived: (439,23)
 439: ball (-4.114826,30.166235), agent (-4.488329,30.309397), to (-0.488974,30.381194) ang 1.028485 1.028485
 439: relpos body (0.400000,-22.000000), vel. ball:(0.000000,0.000000) dist: 1.035542 (0.300000,0.085000,0.650542)
 439: point good and can reach point 27.855199
 439: direction old: -20.971515, new: -20.971515
(b)r: 0.4 phi: -22 vel: ( 0, 0 ) (439,25) rel: ( 0.370874, -0.149843 ), (439,25) global: ( -4.11483, 30.1662 ), (439,25), changes: 0, 0 last seen:(439,25) globalposderived: (439,25)
 439: ball (-4.114826,30.166235), agent (-4.488329,30.309397), to (-0.488974,30.381194) ang 1.028485 1.028485
 439: relpos body (0.400000,-22.000000), vel. ball:(0.000000,0.000000) dist: 1.035542 (0.300000,0.085000,0.650542)
 439: point good and can reach point 27.855199
(b)r: 0.4 phi: -22 vel: ( 0, 0 ) (439,26) rel: ( 0.370874, -0.149843 ), (439,26) global: ( -4.11483, 30.1662 ), (439,26), changes: 0, 0 last seen:(439,25) globalposderived: (439,25)
 439: ball (-4.114826,30.166235), agent (-4.488329,30.309397), to (-0.488974,30.381194) ang 1.028485 1.028485
 439: relpos body (0.400000,-22.000000), vel. ball:(0.000000,0.000000) dist: 1.035542 (0.300000,0.085000,0.650542)
 439: point good and can reach point 27.855199
 458: direction old: 4.236613, new: 4.159219
(b)r: 1.88857 phi: -0.742665 vel: ( 0, 0 ) (459,0) rel: ( 1.88841, -0.0244788 ), (459,0) global: ( 1.00417, 34 ), (459,0), changes: -0.308, 0.6 last seen:(458,0) globalposderived: (458,0)
 459: direction old: 2.887623, new: 2.567514
(b)r: 1.31371 phi: -3.45915 vel: ( 0, 0 ) (460,0) rel: ( 1.31131, -0.0792649 ), (460,0) global: ( 1.22586, 34 ), (460,0), changes: -0.12, 0.2 last seen:(459,0) globalposderived: (459,0)
(b)r: 0.500154 phi: -9.11874 vel: ( 0, 0 ) (461,0) rel: ( 0.493833, -0.0792649 ), (461,0) global: ( 1.22586, 34 ), (461,0), changes: -0.12, 0.2 last seen:(459,0) globalposderived: (459,0)
 461: ball (1.225856,34.000000), agent (0.726881,34.034326), to (-1000.000000,-1000.000000) ang 5.183404 5.183404
 461: relpos body (0.500154,-9.118745), vel. ball:(0.000000,0.000000) dist: 1.035542 (0.300000,0.085000,0.650542)
 461: pos (-65.174388,-67.307808) too far, but can acc ball good to 2.546322 k=2.546322,0.000000
 461: direction old: 3.063085, new: 5.165033
(b)r: 0.4 phi: -8 vel: ( 0, 0 ) (461,0) rel: ( 0.396107, -0.0556692 ), (461,0) global: ( 0.950521, 34 ), (461,0), changes: -0.264, -5.4 last seen:(461,0) globalposderived: (461,0)
 461: ball (0.950521,34.000000), agent (0.551017,33.963888), to (-1000.000000,-1000.000000) ang 5.147357 5.147357
 461: relpos body (0.400000,-8.000000), vel. ball:(0.000000,0.000000) dist: 1.035542 (0.300000,0.085000,0.650542)
 461: pos (-65.165136,-67.316765) too far, but can acc ball good to 2.654436 k=2.654436,0.000000
 462: 2 pos: ball(-0.706371,32.170858), ball_prev(0.950521,34.000000), agentdiff(0.088189,0.082096)
 462: vel based on 2 pos: (-1.640376,-1.796564)
 462: direction old: -132.603518, new: -130.850314
 975: direction old: 4.661229, new: 4.232067
(b)r: 1.67276 phi: -4.76159 vel: ( -0.142049, 0.154062 ) (976,0) rel: ( 1.66699, -0.138855 ), (976,0) global: ( -11.2292, 24.9848 ), (976,0), changes: -0.486, 2.8 last seen:(975,0) globalposderived: (975,0)
(b)r: 0.608927 phi: 2.19826 vel: ( -0.133526, 0.144819 ) (977,0) rel: ( 0.608479, 0.0233569 ), (977,0) global: ( -11.3713, 25.1389 ), (977,0), changes: -0.486, 2.8 last seen:(975,0) globalposderived: (975,0)
 977: direction old: -15.236217, new: -23.946918
(b)r: 1.6 phi: -35 vel: ( 0, 0 ) (977,0) rel: ( 1.31064, -0.917722 ), (977,0) global: ( -10.5247, 24.6572 ), (977,0), changes: 0.64, -15 last seen:(977,0) globalposderived: (977,0)
(b)r: 0.976934 phi: -69.9494 vel: ( 0, 0 ) (978,0) rel: ( 0.334941, -0.917722 ), (978,0) global: ( -10.5247, 24.6572 ), (978,0), changes: 0.64, -15 last seen:(977,0) globalposderived: (977,0)
 978: 2 pos: ball(-10.495776,24.669306), ball_prev(-10.524717,24.657188), agentdiff(-0.023671,0.005955)
 978: vel based on 2 pos: (0.049456,0.005793)
 978: direction old: -57.905753, new: -56.131800
(b)r: 1 phi: -67 vel: ( 0.0494557