 0: change player from message 62 -> 1
 0: changed player from message 62 -> 1
 0: change player from message 63 -> 2
 0: changed player from message 63 -> 2
 0: change player from message 64 -> 3
 0: changed player from message 64 -> 3
 0: change player from message 65 -> 4
 0: changed player from message 65 -> 4
 0: change player from message 66 -> 5
 0: changed player from message 66 -> 5
 0: change player from message 67 -> 6
 0: changed player from message 67 -> 6
 0: change player from message 68 -> 7
 0: changed player from message 68 -> 7
 0: change player from message 69 -> 8
 0: changed player from message 69 -> 8
 0: change player from message 70 -> 9
 0: changed player from message 70 -> 9
 0: change player from message 71 -> 10
 0: changed player from message 71 -> 10
 61: direction old: -62.028586, new: -88.129320
 62: direction old: -93.628113, new: -105.246609
(b)r: 1.62582 phi: 12.8651 vel: ( 0.0587586, 1.02767 ) (247,0) rel: ( 1.585, 0.361999 ), (247,0) global: ( -10.4128, 10.6884 ), (247,0), changes: -1.5, 3.1 last seen:(245,0) globalposderived: (245,0)
 247: direction old: -71.052292, new: -62.870454
(b)r: 1.6 phi: 12 vel: ( 0.060448, 0.999645 ) (247,0) rel: ( 1.56504, 0.332659 ), (247,0) global: ( -10.1569, 10.6444 ), (247,0), changes: -0.96, 20.2 last seen:(247,0) globalposderived: (247,0)
(b)r: 0.836974 phi: 41.0367 vel: ( 0.0568211, 0.939666 ) (248,0) rel: ( 0.63132, 0.549509 ), (248,0) global: ( -10.0965, 11.644 ), (248,0), changes: -0.96, 20.2 last seen:(247,0) globalposderived: (247,0)
 248: ball (-10.096485,11.644041), agent (-10.888799,11.913785), to (0.948884,19.037833) ang -59.837880 -59.837880
 248: relpos body (0.836974,41.036701), vel. ball:(0.056821,0.939666) dist: 1.081482 (0.300000,0.085000,0.696482)
 248: point good and can reach point 103.607613
 248: direction old: -16.699292, new: -22.038727
(b)r: 0.8 phi: 38 vel: ( 0.0369166, 0.909915 ) (248,0) rel: ( 0.630409, 0.492529 ), (248,0) global: ( -10.4699, 11.6784 ), (248,0), changes: -0.336, 62.9 last seen:(248,0) globalposderived: (248,0)
 248: ball (-10.469928,11.678352), agent (-11.211472,11.978538), to (0.948884,19.037833) ang -60.038727 -60.038727
 248: relpos body (0.800000,38.000000), vel. ball:(0.036917,0.909915) dist: 1.081482 (0.300000,0.085000,0.696482)
 248: point good and can reach point 103.274537
 266: direction old: -28.919652, new: -20.237940
 268: 2 pos: ball(4.836619,12.063280), ball_prev(4.357920,12.351597), agentdiff(-0.023359,0.248452)
 268: direction old: -55.470930, new: -53.463138
 269: 2 pos: ball(5.306503,11.321490), ball_prev(4.836619,12.063280), agentdiff(0.086898,-0.307884)
 269: vel based on 2 pos: (0.360007,-0.407871)
 269: direction old: -72.239149, new: -71.188174
 271: 2 pos: ball(6.187719,11.345444), ball_prev(5.306503,11.321490), agentdiff(-0.141182,0.044684)
 271: direction old: -117.372437, new: -87.233047
 305: direction old: -15.611350, new: -18.931268
(b)r: 1.88157 phi: 8.13539 vel: ( 0.23063, -0.010176 ) (307,0) rel: ( 1.86264, 0.266267 ), (307,0) global: ( 32.6074, 8.52161 ), (307,0), changes: -0.108, 0.9 last seen:(305,0) globalposderived: (305,0)
 307: direction old: -24.853954, new: -19.190583
(b)r: 1.8 phi: 9 vel: ( 0.263604, -0.0230736 ) (307,0) rel: ( 1.77784, 0.281582 ), (307,0) global: ( 32.5817, 8.72926 ), (307,0), changes: 0.108, 1.4 last seen:(307,0) globalposderived: (307,0)
(b)r: 1.38767 phi: 10.7129 vel: ( 0.247788, -0.0216892 ) (308,0) rel: ( 1.36348, 0.257951 ), (308,0) global: ( 32.8453, 8.70618 ), (308,0), changes: 0.108, 1.4 last seen:(307,0) globalposderived: (307,0)
 308: direction old: -14.124126, new: -18.176124
(b)r: 1.5 phi: 10 vel: ( 0.255446, -0.0268486 ) (308,0) rel: ( 1.47721, 0.260472 ), (308,0) global: ( 32.9705, 8.56538 ), (308,0), changes: 0, 1.8 last seen:(308,0) globalposderived: (308,0)
(b)r: 0.932804 phi: 15.9889 vel: ( 0.240119, -0.0252377 ) (309,0) rel: ( 0.896719, 0.256942 ), (309,0) global: ( 33.2259, 8.53853 ), (309,0), changes: 0, 1.8 last seen:(308,0) globalposderived: (308,0)
 309: ball (33.225933,8.538535), agent (32.314151,8.735456), to (5.813991,-0.536737) ang -22.176124 -28.176124
 309: relpos body (0.932804,9.988918), vel. ball:(0.240119,-0.025238) dist: 1.081482 (0.300000,0.085000,0.696482)
 309: point too far, reposition ball (k_r = 0.789494)
 309: (kick 18.858895 -146.225983), vecDesired (-0.153675,-0.106057) 0.000000 posDes(33.072258,8.432478)
(b)r: 0.2 phi: 6.99835 vel: ( 0.0127308, 0.00976266 ) (310,0) rel: ( 0.19851, 0.0243682 ), (310,0) global: ( 32.5006, 8.6632 ), (310,0), changes: 0, 1.8 last seen:(308,0) globalposderived: (308,0)
 310: ball (32.500644,8.663203), agent (32.314151,8.735456), to (5.813991,-0.536737) ang -22.176124 -28.176124
 310: relpos body (0.200000,0.998351), vel. ball:(0.012731,0.009763) dist: 1.081482 (0.300000,0.085000,0.696482)
 310: pos (-3.547825,-1.223075) too far, but can acc ball good to 2.860328 k=2.875550,-0.005080
 310: direction old: -104.867161, new: -58.105165
(b)r: 0.8 phi: -30 vel: ( 0.0284497, 0.0459567 ) (310,0) rel: ( 0.69282, -0.4 ), (310,0) global: ( 32.9404, 8.04829 ), (310,0), changes: -0.016, 3.9 last seen:(310,0) globalposderived: (310,0)
 310: ball (32.940404,8.048291), agent (32.517714,8.727506), to (5.813991,-0.536737) ang -22.105165 -28.105165
 310: relpos body (0.800000,-36.000000), vel. ball:(0.028450,0.045957) dist: 1.081482 (0.300000,0.085000,0.696482)
 310: point too far, reposition ball (k_r = 0.801037)
 310: (kick 20.808522 112.171623), vecDesired (0.027928,0.496003) 0.000000 posDes(32.968332,8.544294)
(b)r: 0.494494 phi: 4.15958 vel: ( 0.0274891, 0.449805 ) (311,0) rel: ( 0.493191, 0.0358679 ), (311,0) global: ( 32.9696, 8.52681 ), (311,0), changes: -0.016, 3.9 last seen:(310,0) globalposderived: (310,0)
 311: ball (32.969648,8.526806), agent (32.517714,8.727506), to (5.813991,-0.536737) ang -22.105165 -28.105165
 311: relpos body (0.494494,-1.840418), vel. ball:(0.027489,0.449805) dist: 1.081482 (0.300000,0.085000,0.696482)
 311: point too far, freeze ball
 311: direction old: -23.945583, new: -13.105165
(b)r: 0.5 phi: 15 vel: ( -0.000549539, -0.0464641 ) (311,0) rel: ( 0.482963, 0.12941 ), (311,0) global: ( 33.0047, 8.61414 ), (311,0), changes: 0.01, -5.2 last seen:(311,0) globalposderived: (311,0)
 311: ball (33.004692,8.614136), agent (32.517714,8.727506), to (5.813991,-0.536737) ang -22.105165 -28.105165
 311: relpos body (0.500000,9.000000), vel. ball:(-0.000550,-0.046464) dist: 1.081482 (0.300000,0.085000,0.696482)
 311: pos (-3.556710,-1.196990) too far, but can acc ball good to 2.569762 k=2.554797,0.043862
 383: direction old: 25.588870, new: 22.471643
(b)r: 1.97903 phi: 0.618122 vel: ( 0, 0 ) (384,0) rel: ( 1.97891, 0.0213498 ), (384,0) global: ( 28.5674, 15.7719 ), (384,0), changes: -0.108, 0.2 last seen:(383,0) globalposderived: (383,0)
(b)r: 0.2 phi: 0.0171174 vel: ( 0, 0 ) (385,0) rel: ( 0.2, 5.97511e-05 ), (385,0) global: ( 27.5651, 15.4111 ), (385,0), changes: -0.108, 0.2 last seen:(383,0) globalposderived: (383,0)
 385: ball (27.565135,15.411091), agent (27.376957,15.343348), to (-26.469144,11.569797) ang 25.781702 19.781702
 385: relpos body (0.200000,-5.982883), vel. ball:(0.000000,0.000000) dist: 1.081482 (0.300000,0.085000,0.696482)
 385: pos (-5.426071,-0.385739) too far, but can acc ball good to 2.856858 k=2.856858,0.000000
 385: 2 pos: ball(27.182205,15.630772), ball_prev(28.567350,15.771888), agentdiff(-0.024659,-0.074609)
 385: direction old: 33.775943, new: 115.165433
(b)r: 0.4 phi: 95 vel: ( 0, 0 ) (385,0) rel: ( -0.0348623, 0.398478 ), (385,0) global: ( 27.1822, 15.6308 ), (385,0), changes: -0.108, 0.2 last seen:(385,0) globalposderived: (385,0)
 385: ball (27.182205,15.630772), agent (27.352298,15.268739), to (-26.469144,11.569797) ang 26.165433 20.165433
 385: relpos body (0.400000,89.000000), vel. ball:(0.000000,0.000000) dist: 1.081482 (0.300000,0.085000,0.696482)
 385: point too far, reposition ball (k_r = 0.871005)
 385: (kick 25.845975 -40.885014), vecDesired (0.587875,-0.154441) 0.000000 posDes(27.770080,15.476332)
(b)r: 0.2 phi: 8.75719 vel: ( -0.053662, 0.013215 ) (386,0) rel: ( 0.197668, 0.0304495 ), (386,0) global: ( 27.5274, 15.3655 ), (386,0), changes: -0.108, 0.2 last seen:(385,0) globalposderived: (385,0)
 386: ball (27.527353,15.365465), agent (27.352298,15.268739), to (-26.469144,11.569797) ang 26.165433 20.165433
 386: relpos body (0.200000,2.757194), vel. ball:(-0.053662,0.013215) dist: 1.081482 (0.300000,0.085000,0.696482)
 386: pos (-5.426374,-0.381445) too far, but can acc ball good to 2.921508 k=2.868954,-0.016945
 386: direction old: 1.598049, new: 26.862672
(b)r: 0.6 phi: 7 vel: ( 0.619486, -0.107642 ) (386,0) rel: ( 0.595528, 0.0731216 ), (386,0) global: ( 27.743, 15.6277 ), (386,0), changes: 0.504, -35.9 last seen:(386,0) globalposderived: (386,0)
 386: ball (27.742957,15.627659), agent (27.207702,15.356547), to (-26.469144,11.569797) ang 25.862672 19.862672
 386: relpos body (0.600000,1.000000), vel. ball:(0.619486,-0.107642) dist: 1.081482 (0.300000,0.085000,0.696482)
 386: point too far, freeze ball
(b)r: 0.607275 phi: 6.84594 vel: ( 0.00679192, 0.00171966 ) (387,0) rel: ( 0.602945, 0.0723872 ), (387,0) global: ( 27.7502, 15.6295 ), (387,0), changes: 0.504, -35.9 last seen:(386,0) globalposderived: (386,0)
 387: ball (27.750183,15.629488), agent (27.207702,15.356547), to (-26.469144,11.569797) ang 25.862672 19.862672
 387: relpos body (0.607275,0.845944), vel. ball:(0.006792,0.001720) dist: 1.081482 (0.300000,0.085000,0.696482)
 387: pos (-5.424580,-0.406167) too far, but can acc ball good to 2.474507 k=2.481409,-0.001208
(b)r: 1.9295 phi: 156.943 vel: ( -2.32084, -0.155515 ) (388,0) rel: ( -1.77537, 0.755666 ), (388,0) global: ( 25.2812, 15.464 ), (388,0), changes: 0.504, -35.9 last seen:(386,0) globalposderived: (386,0)
 553: direction old: 120.562342, new: 114.727874
 554: direction old: 111.682941, new: 119.036580
 556: direction old: 127.626837, new: 126.450975
 557: direction old: 131.321914, new: 129.722030
(b)r: 1.92591 phi: 0.723379 vel: ( -0.195381, 0.0217844 ) (559,0) rel: ( 1.92576, 0.0243147 ), (559,0) global: ( 9.56788, 16.7151 ), (559,0), changes: 0, 3.4 last seen:(557,0) globalposderived: (557,0)
 559: direction old: 139.566997, new: 135.967192
(b)r: 1.8 phi: 1 vel: ( -0.189813, 0.0191142 ) (559,0) rel: ( 1.79973, 0.0314143 ), (559,0) global: ( 9.73046, 16.7251 ), (559,0), changes: -0.036, 3.9 last seen:(559,0) globalposderived: (559,0)
(b)r: 1.49022 phi: -0.48748 vel: ( -0.178424, 0.0179673 ) (560,0) rel: ( 1.49016, -0.0126788 ), (560,0) global: ( 9.54065, 16.7442 ), (560,0), changes: -0.036, 3.9 last seen:(559,0) globalposderived: (559,0)
 560: direction old: 140.504627, new: 140.978045
(b)r: 1.5 phi: 1 vel: ( 0, 0 ) (560,0) rel: ( 1.49977, 0.0261786 ), (560,0) global: ( 9.52559, 16.7406 ), (560,0), changes: -0.03, 4.3 last seen:(560,0) globalposderived: (560,0)
(b)r: 1.01046 phi: -1.94396 vel: ( 0, 0 ) (561,0) rel: ( 1.00988, -0.0342767 ), (561,0) global: ( 9.52559, 16.7406 ), (561,0), changes: -0.03, 4.3 last seen:(560,0) globalposderived: (560,0)
 561: turnWithBall: kick ball away from opp at ang 102.893352
 561: (kick 59.989407 168.869516), vecDesired (0.748473,-1.000148) 144.953060 posDes(10.274063,15.740421)
(b)r: 0.469843 phi: 137.299 vel: ( 0.67785, -0.935028 ) (562,0) rel: ( -0.345287, 0.318637 ), (562,0) global: ( 10.2467, 15.7459 ), (562,0), changes: -0.03, 4.3 last seen:(560,0) globalposderived: (560,0)
 562: turnWithBall: freeze ball
 562: 2 pos: ball(10.826047,16.479179), ball_prev(9.525589,16.740569), agentdiff(0.078538,0.134684)
 562: direction old: -89.522233, new: 13.127909
(b)r: 0.6 phi: -129 vel: ( 0.67785, -0.935028 ) (562,0) rel: ( -0.377592, -0.466288 ), (562,0) global: ( 10.826, 16.4792 ), (562,0), changes: -0.03, 4.3 last seen:(562,0) globalposderived: (562,0)
 562: turnWithBall: kick ball away from opp at ang 95.127909
 562: (kick 65.156056 27.712251), vecDesired (-0.596671,-0.589707) 138.000000 posDes(10.229376,15.889472)
(b)r: 0.2 phi: 127.229 vel: ( 0.0553883, 0.054027 ) (563,0) rel: ( -0.121002, 0.159244 ), (563,0) global: ( 10.2395, 16.1429 ), (563,0), changes: -0.03, 4.3 last seen:(562,0) globalposderived: (562,0)
 563: turnWithBall: turn since ball will be kickable in t+1
 563: 2 pos: ball(10.222358,15.878511), ball_prev(10.826047,16.479179), agentdiff(-0.206838,-0.111043)
 563: direction old: -23.496251, new: -62.051951
(b)r: 0.4 phi: 156 vel: ( 0.0553883, 0.054027 ) (563,0) rel: ( -0.365418, 0.162695 ), (563,0) global: ( 10.2224, 15.8785 ), (563,0), changes: -0.03, 4.3 last seen:(563,0) globalposderived: (563,0)
 563: turnWithBall: turn since ball will be kickable in t+1
(b)r: 0.385452 phi: -55.9457 vel: ( 0, 0 ) (564,0) rel: ( 0.215845, -0.319349 ), (564,0) global: ( 10.2777, 15.9325 ), (564,0), changes: -0.03, 4.3 last seen:(563,0) globalposderived: (563,0)
 564: ball (10.277747,15.932538), agent (10.034890,16.231860), to (15.034890,16.231860) ang 0.000000 5.000000
 564: relpos body (0.385452,-50.945664), vel. ball:(0.000000,0.000000) dist: 1.081482 (0.300000,0.085000,0.696482)
 564: point good and can reach point 32.698688
(b)r: 0.385452 phi: -55.9457 vel: ( 0, 0 ) (565,0) rel: ( 0.215845, -0.319349 ), (565,0) global: ( 10.2777, 15.9325 ), (565,0), changes: -0.03, 4.3 last seen:(563,0) globalposderived: (563,0)
 565: ball (10.277747,15.932538), agent (10.034890,16.231860), to (15.034890,16.231860) ang 0.000000 5.000000
 565: relpos body (0.385452,-50.945664), vel. ball:(0.000000,0.000000) dist: 1.081482 (0.300000,0.085000,0.696482)
 565: point good and can reach point 32.698688
 565: 2 pos: ball(9.998795,17.344625), ball_prev(10.222358,15.878511), agentdiff(0.046033,-0.084422)
 565: direction old: -47.513986, new: 93.924395
(b)r: 1.2 phi: 99 vel: ( 0, 0 ) (565,0) rel: ( -0.187721, 1.18523 ), (565,0) global: ( 9.9988, 17.3446 ), (565,0), changes: -0.03, 4.3 last seen:(565,0) globalposderived: (565,0)
(b)r: 1.2 phi: 0 vel: ( 0, 0 ) (566,0) rel: ( 1.2, 0 ), (566,0) global: ( 9.9988, 17.3446 ), (566,0), changes: -0.03, 4.3 last seen:(565,0) globalposderived: (565,0)
 566: direction old: 90.318870, new: 95.346321
(b)r: 1.3 phi: -5 vel: ( 0, 0 ) (566,0) rel: ( 1.29505, -0.113302 ), (566,0) global: ( 9.88453, 17.4063 ), (566,0), changes: 0.078, 1.5 last seen:(566,0) globalposderived: (566,0)
(b)r: 1.01697 phi: 0 vel: ( 0, 0 ) (567,0) rel: ( 1.01697, 0 ), (567,0) global: ( 9.88453, 17.4063 ), (567,0), changes: 0.078, 1.5 last seen:(566,0) globalposderived: (566,0)
 567: turnWithBall: kick ball away from opp at ang 91.372461
 567: (kick 73.615094 174.219017), vecDesired (0.084180,-1.520598) 172.422828 posDes(9.968707,15.885715)
(b)r: 1.01697 phi: 0 vel: ( 0, 0 ) (568,0) rel: ( 1.01697, 0 ), (568,0) global: ( 9.88453, 17.4063 ), (568,0), changes: 0.078, 1.5 last seen:(566,0) globalposderived: (566,0)
 568: turnWithBall: kick ball away from opp at ang 93.510690
 568: (kick 73.154625 174.856016), vecDesired (0.100448,-1.510063) 174.561056 posDes(9.984975,15.896250)
 568: 2 pos: ball(7.859135,17.573747), ball_prev(9.884527,17.406313), agentdiff(0.088825,-0.034143)
 568: direction old: 98.614556, new: 150.892248
 697: direction old: 178.460905, new: 176.689450
 698: direction old: 158.874426, new: 158.922862
 1033: direction old: 176.696252, new: 177.762919
(b)r: 0.798994 phi: 5.41417 vel: ( 1.51956, -0.112557 ) (1034,0) rel: ( 0.79543, 0.0753887 ), (1034,0) global: ( -11.8749, 19.1857 ), (1034,0), changes: -1.62, 1.2 last seen:(1033,0) globalposderived: (1033,0)
 1034: ball (-11.874938,19.185658), agent (-11.076520,19.216010), to (6.201718,0.037065) ang 176.762919 176.762919
 1034: relpos body (0.798994,5.414165), vel. ball:(1.519565,-0.112557) dist: 1.081482 (0.300000,0.085000,0.696482)
 1034: pos (2.421534,-2.565130) too far, but can acc ball good to 3.158498 k=2.278472,1.027712
 1034: direction old: -177.906665, new: -175.406919
(b)r: 0.9 phi: 8 vel: ( 1.48828, -0.138993 ) (1034,0) rel: ( 0.891241, 0.125256 ), (1034,0) global: ( -11.9737, 19.1428 ), (1034,0), changes: -1.548, 18.9 last seen:(1034,0) globalposderived: (1034,0)
 1034: ball (-11.973694,19.142769), agent (-11.076584,19.214839), to (6.201718,0.037065) ang 176.593081 176.593081
 1034: relpos body (0.900000,8.000000), vel. ball:(1.488281,-0.138993) dist: 1.081482 (0.300000,0.085000,0.696482)
 1034: pos (2.431365,-2.555813) too far, but can acc ball good to 3.062328 k=2.170884,0.982498
 1252: 2 pos: ball(3.345571,3.983325), ball_prev(0.814892,2.410024), agentdiff(0.224995,-0.180713)
 1252: direction old: -35.681569, new: -37.403139
 1462: direction old: 14.360046, new: 18.265560
 1463: direction old: 58.945553, new: 59.309110
 1759: direction old: 127.170209, new: 125.457945
(b)r: 1.60647 phi: -14.4799 vel: ( 0.494166, -0.0239383 ) (1760,0) rel: ( 1.55544, -0.401682 ), (1760,0) global: ( -9.1227, 20.6356 ), (1760,0), changes: -0.48, -14.5 last seen:(1759,0) globalposderived: (1759,0)
 1760: direction old: 99.884385, new: 106.306967
(b)r: 1.6 phi: -17 vel: ( 0.497516, -0.0339643 ) (1760,0) rel: ( 1.53009, -0.467795 ), (1760,0) global: ( -9.2968, 20.5921 ), (1760,0), changes: -0.224, -18.8 last seen:(1760,0) globalposderived: (1760,0)
(b)r: 1.48794 phi: -18.642 vel: ( 0.467665, -0.0319264 ) (1761,0) rel: ( 1.40987, -0.475625 ), (1761,0) global: ( -8.79928, 20.5581 ), (1761,0), changes: -0.224, -18.8 last seen:(1760,0) globalposderived: (1760,0)
(b)r: 1.57061 phi: -16.3898 vel: ( 0.439605, -0.0300108 ) (1762,0) rel: ( 1.50678, -0.44318 ), (1762,0) global: ( -8.33162, 20.5262 ), (1762,0), changes: -0.224, -18.8 last seen:(1760,0) globalposderived: (1760,0)
 1762: direction old: 63.109539, new: 67.358867
(b)r: 1.6 phi: -14 vel: ( 0.44166, -0.021523 ) (1762,0) rel: ( 1.55247, -0.387075 ), (1762,0) global: ( -8.31301, 20.825 ), (1762,0), changes: 0.16, -15.2 last seen:(1762,0) globalposderived: (1762,0)
(b)r: 1.7989 phi: -12.1934 vel: ( 0.415161, -0.0202317 ) (1763,0) rel: ( 1.75831, -0.37995 ), (1763,0) global: ( -7.87135, 20.8035 ), (1763,0), changes: 0.16, -15.2 last seen:(1762,0) globalposderived: (1762,0)
 1763: direction old: 60.747204, new: 54.311615
(b)r: 1.8 phi: -12 vel: ( 0.412199, -0.0241146 ) (1763,0) rel: ( 1.76067, -0.374241 ), (1763,0) global: ( -7.68934, 20.7156 ), (1763,0), changes: 0.216, -11.1 last seen:(1763,0) globalposderived: (1763,0)
 1765: direction old: 30.802325, new: 37.124810
 1766: direction old: 35.215128, new: 32.875323
 1772: direction old: 20.353243, new: 17.022094
 1774: direction old: 5.003878, new: 11.773223
(b)r: 1.91644 phi: 0.543992 vel: ( 0, 0 ) (1775,0) rel: ( 1.91636, 0.0181953 ), (1775,0) global: ( -4.05661, 20.6074 ), (1775,0), changes: 0, -2.3 last seen:(1774,0) globalposderived: (1774,0)
 1775: direction old: 19.380252, new: 9.193376
(b)r: 1.56362 phi: 0.399646 vel: ( 0, 0 ) (1776,0) rel: ( 1.56358, 0.0109064 ), (1776,0) global: ( -3.99144, 20.2553 ), (1776,0), changes: 0.04, -2.2 last seen:(1775,0) globalposderived: (1775,0)
(b)r: 0.2 phi: 1.92735e-13 vel: ( 0, 0 ) (1777,0) rel: ( 0.2, 6.72771e-16 ), (1777,0) global: ( -4.89922, 20.165 ), (1777,0), changes: 0.04, -2.2 last seen:(1775,0) globalposderived: (1775,0)
 1777: ball (-4.899216,20.164974), agent (-5.098233,20.145166), to (-0.694592,16.266238) ang 12.683760 5.683760
 1777: relpos body (0.200000,-7.000000), vel. ball:(0.000000,0.000000) dist: 1.081482 (0.300000,0.085000,0.696482)
 1777: point good and can reach point 71.739261
 1777: direction old: -4.809418, new: 8.971061
(b)r: 0.4 phi: 2 vel: ( 0.0914668, 0.0109068 ) (1777,0) rel: ( 0.399756, 0.0139598 ), (1777,0) global: ( -4.80583, 20.2527 ), (1777,0), changes: 0.112, -0.3 last seen:(1777,0) globalposderived: (1777,0)
 1777: ball (-4.805830,20.252734), agent (-5.200937,20.190360), to (-0.694592,16.266238) ang 13.971061 6.971061
 1777: relpos body (0.400000,-5.000000), vel. ball:(0.091467,0.010907) dist: 1.081482 (0.300000,0.085000,0.696482)
 1777: point good and can reach point 74.622397
 1778: 2 pos: ball(-4.425949,18.790577), ball_prev(-4.805830,20.252734), agentdiff(0.025294,0.004903)
 1778: vel based on 2 pos: (0.333312,-1.379037)
 1778: direction old: -35.959202, new: -61.028939
(b)r: 1.6 phi: -68 vel: ( 0.333312, -1.37904 ) (1778,0) rel: ( 0.599371, -1.48349 ), (1778,0) global: ( -4.42595, 18.7906 ), (1778,0), changes: 0.112, -0.3 last seen:(1778,0) globalposderived: (1778,0)
 2476: direction old: 153.218475, new: 149.593463
 2477: direction old: 145.257002, new: 146.363276
(b)r: 1.86369 phi: -8.33343 vel: ( -0.0345859, 0.108464 ) (2479,0) rel: ( 1.84401, -0.270111 ), (2479,0) global: ( -13.7403, 6.28051 ), (2479,0), changes: -0.088, -2.7 last seen:(2477,0) globalposderived: (2477,0)
 2479: direction old: 139.634678, new: 140.453167
(b)r: 1.8 phi: -9 vel: ( -0.0384164, 0.1095 ) (2479,0) rel: ( 1.77784, -0.281582 ), (2479,0) global: ( -13.7637, 6.26665 ), (2479,0), changes: -0.036, -2.4 last seen:(2479,0) globalposderived: (2479,0)
(b)r: 1.48868 phi: -11.5861 vel: ( -0.0361114, 0.10293 ) (2480,0) rel: ( 1.45834, -0.298987 ), (2480,0) global: ( -13.8021, 6.37615 ), (2480,0), changes: -0.036, -2.4 last seen:(2479,0) globalposderived: (2479,0)
 2480: direction old: 136.589831, new: 137.474883
(b)r: 1.6 phi: -12 vel: ( -0.0334653, 0.10539 ) (2480,0) rel: ( 1.56504, -0.332659 ), (2480,0) global: ( -13.8537, 6.39095 ), (2480,0), changes: -0.064, -2.5 last seen:(2480,0) globalposderived: (2480,0)
(b)r: 1.54245 phi: -5.39735 vel: ( -0.0314574, 0.0990666 ) (2481,0) rel: ( 1.53561, -0.145086 ), (2481,0) global: ( -13.8872, 6.49634 ), (2481,0), changes: -0.064, -2.5 last seen:(2480,0) globalposderived: (2480,0)
(b)r: 1.27457 phi: -7.39842 vel: ( -0.0295699, 0.0931226 ) (2482,0) rel: ( 1.26395, -0.164124 ), (2482,0) global: ( -13.9186, 6.59541 ), (2482,0), changes: -0.064, -2.5 last seen:(2480,0) globalposderived: (2480,0)
 2482: direction old: 145.566413, new: 133.904200
(b)r: 1.2 phi: -7 vel: ( -0.0302031, 0.0955517 ) (2482,0) rel: ( 1.19106, -0.146243 ), (2482,0) global: ( -13.8987, 6.87586 ), (2482,0), changes: -0.048, -2.3 last seen:(2482,0) globalposderived: (2482,0)
(b)r: 0.853439 phi: -10.5029 vel: ( -0.0283909, 0.0898186 ) (2483,0) rel: ( 0.839141, -0.155569 ), (2483,0) global: ( -13.9289, 6.97141 ), (2483,0), changes: -0.048, -2.3 last seen:(2482,0) globalposderived: (2482,0)
 2483: ball (-13.928901,6.971408), agent (-13.375754,6.321494), to (-7.649577,20.915359) ang 136.904200 140.904200
 2483: relpos body (0.853439,-6.502863), vel. ball:(-0.028391,0.089819) dist: 1.081482 (0.300000,0.085000,0.696482)
 2483: point good and can reach point 114.873524
 2483: direction old: 134.667253, new: 130.958691
(b)r: 0.9 phi: -10 vel: ( -0.024592, 0.088578 ) (2483,0) rel: ( 0.886327, -0.156283 ), (2483,0) global: ( -13.8729, 6.99752 ), (2483,0), changes: -0.09, -3.4 last seen:(2483,0) globalposderived: (2483,0)
 2483: ball (-13.872864,6.997525), agent (-13.282901,6.317861), to (-7.649577,20.915359) ang 136.958691 140.958691
 2483: relpos body (0.900000,-6.000000), vel. ball:(-0.024592,0.088578) dist: 1.081482 (0.300000,0.085000,0.696482)
 2483: point good and can reach point 117.122293
 2566: direction old: -145.346360, new: -142.064444
 3131: direction old: -154.835236, new: -149.386225
 3133: direction old: 172.088395, new: 166.014240
 3134: direction old: 139.566378, new: 141.119905
 3463: direction old: 125.434315, new: 123.293007
(b)r: 1.47069 phi: -15.502 vel: ( 0.346747, -0.162775 ) (3464,0) rel: ( 1.41718, -0.393072 ), (3464,0) global: ( 3.01028, 17.0659 ), (3464,0), changes: -0.55, -4.5 last seen:(3463,0) globalposderived: (3463,0)
 3464: direction old: 120.700470, new: 116.407107
(b)r: 1.5 phi: -15 vel: ( 0.350515, -0.178474 ) (3464,0) rel: ( 1.44889, -0.388229 ), (3464,0) global: ( 3.07298, 17.1802 ), (3464,0), changes: -0.6, -9.9 last seen:(3464,0) globalposderived: (3464,0)
(b)r: 0.967347 phi: -24.0118 vel: ( 0.329484, -0.167766 ) (3465,0) rel: ( 0.883635, -0.393637 ), (3465,0) global: ( 3.4235, 17.0018 ), (3465,0), changes: -0.6, -9.9 last seen:(3464,0) globalposderived: (3464,0)
 3465: ball (3.423497,17.001759), agent (3.595155,16.049765), to (-1.199312,0.914433) ang 114.233152 124.233152
 3465: relpos body (0.967347,-14.011752), vel. ball:(0.329484,-0.167766) dist: 1.081482 (0.300000,0.085000,0.696482)
 3465: point good, but reposition ball since need 131.668147
 3465: (kick 23.347270 96.544063), vecDesired (-0.088361,-0.416626) 0.000000 posDes(3.335135,16.585133)
(b)r: 0.499571 phi: -11.2333 vel: ( -0.0793882, -0.384465 ) (3466,0) rel: ( 0.49, -0.0973187 ), (3466,0) global: ( 3.33904, 16.5928 ), (3466,0), changes: -0.6, -9.9 last seen:(3464,0) globalposderived: (3464,0)
 3466: ball (3.339041,16.592754), agent (3.534238,16.132896), to (-1.199312,0.914433) ang 114.233152 124.233152
 3466: relpos body (0.499571,-1.233310), vel. ball:(-0.079388,-0.384465) dist: 1.081482 (0.300000,0.085000,0.696482)
 3466: point good and can reach point 92.777107
 3466: direction old: 90.221428, new: 110.813930
(b)r: 0.5 phi: -14 vel: ( -0.0733683, -0.377033 ) (3466,0) rel: ( 0.485148, -0.120961 ), (3466,0) global: ( 3.16333, 16.5542 ), (3466,0), changes: -0.36, 21 last seen:(3466,0) globalposderived: (3466,0)
 3466: ball (3.163329,16.554250), agent (3.340996,16.086880), to (-1.199312,0.914433) ang 114.813930 124.813930
 3466: relpos body (0.500000,-4.000000), vel. ball:(-0.073368,-0.377033) dist: 1.081482 (0.300000,0.085000,0.696482)
 3466: point good and can reach point 93.496228
 3467: 2 pos: ball(2.215218,13.584853), ball_prev(3.163329,16.554250), agentdiff(-0.095386,-0.250060)
 3467: vel based on 2 pos: (-0.801562,-2.556176)
 3467: direction old: -112.691634, new: -113.530523
 4027: direction old: -114.079706, new: -125.549288
 4028: 2 pos: ball(-10.346654,16.186500), ball_prev(-12.692433,16.487809), agentdiff(0.000000,0.000000)
 4028: vel based on 2 pos: (2.205032,-0.283231)
 4028: direction old: -69.493707, new: -69.089548
 4597: direction old: -177.755087, new: -174.529115
(b)r: 1.77323 phi: 0.52275 vel: ( 0, 0 ) (4597,9) rel: ( 1.77315, 0.0161782 ), (4597,9) global: ( -14.4761, 18.5252 ), (4597,9), changes: -0.162, -0.1 last seen:(4597,7) globalposderived: (4597,7)
 4597: direction old: -172.547257, new: -174.462350
(b)r: 1.6 phi: 0 vel: ( 0, 0 ) (4597,9) rel: ( 1.6, 0 ), (4597,9) global: ( -14.2616, 18.6071 ), (4597,9), changes: -0.16, -0.2 last seen:(4597,9) globalposderived: (4597,9)
(b)r: 1.13622 phi: -8.52651e-14 vel: ( 0, 0 ) (4597,10) rel: ( 1.13622, -1.69088e-15 ), (4597,10) global: ( -14.2616, 18.6071 ), (4597,10), changes: -0.16, -0.2 last seen:(4597,9) globalposderived: (4597,9)
 4597: direction old: -166.079716, new: -174.297678
(b)r: 1.2 phi: 0 vel: ( 0, 0 ) (4597,10) rel: ( 1.2, 0 ), (4597,10) global: ( -14.3937, 18.7511 ), (4597,10), changes: -0.168, -0.1 last seen:(4597,10) globalposderived: (4597,10)
(b)r: 0.762409 phi: -1.14886 vel: ( 0, 0 ) (4597,11) rel: ( 0.762256, -0.0152864 ), (4597,11) global: ( -14.3937, 18.7511 ), (4597,11), changes: -0.168, -0.1 last seen:(4597,10) globalposderived: (4597,10)
 4597: ball (-14.393677,18.751123), agent (-13.633675,18.811650), to (-3.470406,18.316261) ang -174.297678 -174.297678
 4597: relpos body (0.762409,-1.148862), vel. ball:(0.000000,0.000000) dist: 1.081482 (0.300000,0.085000,0.696482)
 4597: point good, but reposition ball since need 105.764555
 4597: (kick 4.216495 167.526275), vecDesired (0.097556,-0.011583) 0.000000 posDes(-14.296121,18.739539)
(b)r: 0.608931 phi: -2.7071 vel: ( 0, 0 ) (4597,12) rel: ( 0.608252, -0.02876 ), (4597,12) global: ( -14.3937, 18.7511 ), (4597,12), changes: -0.168, -0.1 last seen:(4597,10) globalposderived: (4597,10)
 4597: ball (-14.393677,18.751123), agent (-13.785578,18.782941), to (-3.470406,18.316261) ang -174.297678 -174.297678
 4597: relpos body (0.608931,-2.707099), vel. ball:(0.000000,0.000000) dist: 1.081482 (0.300000,0.085000,0.696482)
 4597: point good and can reach point 99.652596
 4597: direction old: 174.736392, new: -177.426110
(b)r: 0.7 phi: -3 vel: ( 0, 0 ) (4597,12) rel: ( 0.699041, -0.0366352 ), (4597,12) global: ( -14.4133, 18.6571 ), (4597,12), changes: -0.07, -0.9 last seen:(4597,12) globalposderived: (4597,12)
 4597: ball (-14.413341,18.657075), agent (-13.714047,18.688511), to (-3.470406,18.316261) ang -174.426110 -174.426110
 4597: relpos body (0.700000,-3.000000), vel. ball:(0.000000,0.000000) dist: 1.081482 (0.300000,0.085000,0.696482)
 4597: point good and can reach point 103.388656
(b)r: 0.623549 phi: -3.98852 vel: ( 0, 0 ) (4597,13) rel: ( 0.622039, -0.043372 ), (4597,13) global: ( -14.4133, 18.6571 ), (4597,13), changes: -0.07, -0.9 last seen:(4597,12) globalposderived: (4597,12)
 4597: ball (-14.413341,18.657075), agent (-13.790030,18.674327), to (-3.470406,18.316261) ang -174.426110 -174.426110
 4597: relpos body (0.623549,-3.988522), vel. ball:(0.000000,0.000000) dist: 1.081482 (0.300000,0.085000,0.696482)
 4597: point good and can reach point 100.423065
 4597: direction old: -178.466765, new: -178.496960
(b)r: 0.6 phi: -4 vel: ( 0, 0 ) (4597,13) rel: ( 0.598538, -0.0418539 ), (4597,13) global: ( -14.3897, 18.658 ), (4597,13), changes: -0.024, -0.4 last seen:(4597,13) globalposderived: (4597,13)
 4597: ball (-14.389716,18.658024), agent (-13.789923,18.673762), to (-1000.000000,-1000.000000) ang -174.496960 -174.496960
 4597: relpos body (0.600000,-4.000000), vel. ball:(0.000000,0.000000) dist: 1.081482 (0.300000,0.085000,0.696482)
 4597: pos (-65.148461,-67.332904) too far, but can acc ball good to 2.476631 k=2.476631,0.000000
(b)r: 0.574823 phi: -4.53396 vel: ( 0, 0 ) (4597,14) rel: ( 0.573024, -0.0454397 ), (4597,14) global: ( -14.3897, 18.658 ), (4597,14), changes: -0.024, -0.4 last seen:(4597,13) globalposderived: (4597,13)
 4597: ball (-14.389716,18.658024), agent (-13.814976,18.667746), to (-1000.000000,-1000.000000) ang -174.496960 -174.496960
 4597: relpos body (0.574823,-4.533962), vel. ball:(0.000000,0.000000) dist: 1.081482 (0.300000,0.085000,0.696482)
 4597: pos (-65.148461,-67.332904) too far, but can acc ball good to 2.499030 k=2.499030,0.000000
(b)r: 0.574823 phi: -4.53396 vel: ( 0, 0 ) (4597,15) rel: ( 0.573024, -0.0454397 ), (4597,15) global: ( -14.3897, 18.658 ), (4597,15), changes: -0.024, -0.4 last seen:(4597,13) globalposderived: (4597,13)
 4597: ball (-14.389716,18.658024), agent (-13.814976,18.667746), to (-1000.000000,-1000.000000) ang -174.496960 -174.496960
 4597: relpos body (0.574823,-4.533962), vel. ball:(0.000000,0.000000) dist: 1.081482 (0.300000,0.085000,0.696482)
 4597: pos (-65.148461,-67.332904) too far, but can acc ball good to 2.499030 k=2.499030,0.000000
 4597: direction old: -178.698791, new: -179.431385
(b)r: 0.5 phi: -5 vel: ( 0, 0 ) (4597,15) rel: ( 0.498097, -0.0435779 ), (4597,15) global: ( -14.2996, 18.6665 ), (4597,15), changes: 0, -0.1 last seen:(4597,15) globalposderived: (4597,15)
 4597: ball (-14.299622,18.666465), agent (-13.799646,18.671427), to (-1000.000000,-1000.000000) ang -174.431385 -174.431385
 4597: relpos body (0.500000,-5.000000), vel. ball:(0.000000,0.000000) dist: 1.081482 (0.300000,0.085000,0.696482)
 4597: pos (-65.151258,-67.330198) too far, but can acc ball good to 2.569797 k=2.569797,0.000000
(b)r: 0.5 phi: -5 vel: ( 0, 0 ) (4597,16) rel: ( 0.498097, -0.0435779 ), (4597,16) global: ( -14.2996, 18.6665 ), (4597,16), changes: 0, -0.1 last seen:(4597,15) globalposderived: (4597,15)
 4597: ball (-14.299622,18.666465), agent (-13.799646,18.671427), to (-1000.000000,-1000.000000) ang -174.431385 -174.431385
 4597: relpos body (0.500000,-5.000000), vel. ball:(0.000000,0.000000) dist: 1.081482 (0.300000,0.085000,0.696482)
 4597: pos (-65.151258,-67.330198) too far, but can acc ball good to 2.569797 k=2.569797,0.000000
 4597: direction old: -179.431385, new: -179.431385
(b)r: 0.5 phi: -5 vel: ( 0, 0 ) (4597,16) rel: ( 0.498097, -0.0435779 ), (4597,16) global: ( -14.2996, 18.6665 ), (4597,16), changes: 0, 0 last seen:(4597,16) globalposderived: (4597,16)
 4597: ball (-14.299622,18.666465), agent (-13.799646,18.671427), to (-1000.000000,-1000.000000) ang -174.431385 -174.431385
 4597: relpos body (0.500000,-5.000000), vel. ball:(0.000000,0.000000) dist: 1.081482 (0.300000,0.085000,0.696482)
 4597: pos (-65.151258,-67.330198) too far, but can acc ball good to 2.569797 k=2.569797,0.000000
(b)r: 0.5 phi: -5 vel: ( 0, 0 ) (4597,17) rel: ( 0.498097, -0.0435779 ), (4597,17) global: ( -14.2996, 18.6665 ), (4597,17), changes: 0, 0 last seen:(4597,16) globalposderived: (4597,16)
 4597: ball (-14.299622,18.666465), agent (-13.799646,18.671427), to (-1000.000000,-1000.000000) ang -174.431385 -174.431385
 4597: relpos body (0.500000,-5.000000), vel. ball:(0.000000,0.000000) dist: 1.081482 (0.300000,0.085000,0.696482)
 4597: pos (-65.151258,-67.330198) too far, but can acc ball good to 2.569797 k=2.569797,0.000000
(b)r: 0.5 phi: -5 vel: ( 0, 0 ) (4597,18) rel: ( 0.498097, -0.0435779 ), (4597,18) global: ( -14.2996, 18.6665 ), (4597,18), changes: 0, 0 last seen:(4597,16) globalposderived: (4597,16)
 4597: ball (-14.299622,18.666465), agent (-13.799646,18.671427), to (-1000.000000,-1000.000000) ang -174.431385 -174.431385
 4597: relpos body (0.500000,-5.000000), vel. ball:(0.000000,0.000000) dist: 1.081482 (0.300000,0.085000,0.696482)
 4597: pos (-65.151258,-67.330198) too far, but can acc ball good to 2.569797 k=2.569797,0.000000
 4597: direction old: -179.431385, new: -179.431385
(b)r: 0.5 phi: -5 vel: ( 0, 0 ) (4597,18) rel: ( 0.498097, -0.0435779 ), (4597,18) global: ( -14.2996, 18.6665 ), (4597,18), changes: 0, 0 last seen:(4597,18) globalposderived: (4597,18)
 4597: ball (-14.299622,18.666465), agent (-13.799646,18.671427), to (-1000.000000,-1000.000000) ang -174.431385 -174.431385
 4597: relpos body (0.500000,-5.000000), vel. ball:(0.000000,0.000000) dist: 1.081482 (0.300000,0.085000,0.696482)
 4597: pos (-65.151258,-67.330198) too far, but can acc ball good to 2.569797 k=2.569797,0.000000
(b)r: 0.5 phi: -5 vel: ( 0, 0 ) (4597,19) rel: ( 0.498097, -0.0435779 ), (4597,19) global: ( -14.2996, 18.6665 ), (4597,19), changes: 0, 0 last seen:(4597,18) globalposderived: (4597,18)
 4597: ball (-14.299622,18.666465), agent (-13.799646,18.671427), to (-1000.000000,-1000.000000) ang -174.431385 -174.431385
 4597: relpos body (0.500000,-5.000000), vel. ball:(0.000000,0.000000) dist: 1.081482 (0.300000,0.085000,0.696482)
 4597: pos (-65.151258,-67.330198) too far, but can acc ball good to 2.569797 k=2.569797,0.000000
 4597: direction old: -179.431385, new: -179.431385
(b)r: 0.5 phi: -5 vel: ( 0, 0 ) (4597,19) rel: ( 0.498097, -0.0435779 ), (4597,19) global: ( -14.2996, 18.6665 ), (4597,19), changes: 0, 0 last seen:(4597,19) globalposderived: (4597,19)
 4597: ball (-14.299622,18.666465), agent (-13.799646,18.671427), to (-1000.000000,-1000.000000) ang -174.431385 -174.431385
 4597: relpos body (0.500000,-5.000000), vel. ball:(0.000000,0.000000) dist: 1.081482 (0.300000,0.085000,0.696482)
 4597: pos (-65.151258,-67.330198) too far, but can acc ball good to 2.569797 k=2.569797,0.000000
(b)r: 0.5 phi: -5 vel: ( 0, 0 ) (4597,20) rel: ( 0.498097, -0.0435779 ), (4597,20) global: ( -14.2996, 18.6665 ), (4597,20), changes: 0, 0 last seen:(4597,19) globalposderived: (4597,19)
 4597: ball (-14.299622,18.666465), agent (-13.799646,18.671427), to (-1000.000000,-1000.000000) ang -174.431385 -174.431385
 4597: relpos body (0.500000,-5.000000), vel. ball:(0.000000,0.000000) dist: 1.081482 (0.300000,0.085000,0.696482)
 4597: pos (-65.151258,-67.330198) too far, but can acc ball good to 2.569797 k=2.569797,0.000000
(b)r: 0.5 phi: -5 vel: ( 0, 0 ) (4597,21) rel: ( 0.498097, -0.0435779 ), (4597,21) global: ( -14.2996, 18.6665 ), (4597,21), changes: 0, 0 last seen:(4597,19) globalposderived: (4597,19)
 4597: ball (-14.299622,18.666465), agent (-13.799646,18.671427), to (-1000.000000,-1000.000000) ang -174.431385 -174.431385
 4597: relpos body (0.500000,-5.000000), vel. ball:(0.000000,0.000000) dist: 1.081482 (0.300000,0.085000,0.696482)
 4597: pos (-65.151258,-67.330198) too far, but can acc ball good to 2.569797 k=2.569797,0.000000
 4597: direction old: -179.431385, new: -179.431385
(b)r: 0.5 phi: -5 vel: ( 0, 0 ) (4597,21) rel: ( 0.498097, -0.0435779 ), (4597,21) global: ( -14.2996, 18.6665 ), (4597,21), changes: 0, 0 last seen:(4597,21) globalposderived: (4597,21)
 4597: ball (-14.299622,18.666465), agent (-13.799646,18.671427), to (-1000.000000,-1000.000000) ang -174.431385 -174.431385
 4597: relpos body (0.500000,-5.000000), vel. ball:(0.000000,0.000000) dist: 1.081482 (0.300000,0.085000,0.696482)
 4597: pos (-65.151258,-67.330198) too far, but can acc ball good to 2.569797 k=2.569797,0.000000
(b)r: 0.5 phi: -5 vel: ( 0, 0 ) (4597,22) rel: ( 0.498097, -0.0435779 ), (4597,22) global: ( -14.2996, 18.6665 ), (4597,22), changes: 0, 0 last seen:(4597,21) globalposderived: (4597,21)
 4597: ball (-14.299622,18.666465), agent (-13.799646,18.671427), to (-1000.000000,-1000.000000) ang -174.431385 -174.431385
 4597: relpos body (0.500000,-5.000000), vel. ball:(0.000000,0.000000) dist: 1.081482 (0.300000,0.085000,0.696482)
 4597: pos (-65.151258,-67.330198) too far, but can acc ball good to 2.569797 k=2.569797,0.000000
 4597: direction old: -179.431385, new: -179.431385
(b)r: 0.5 phi: -5 vel: ( 0, 0 ) (4597,22) rel: ( 0.498097, -0.0435779 ), (4597,22) global: ( -14.2996, 18.6665 ), (4597,22), changes: 0, 0 last seen:(4597,22) globalposderived: (4597,22)
 4597: ball (-14.299622,18.666465), agent (-13.799646,18.671427), to (-1000.000000,-1000.000000) ang -174.431385 -174.431385
 4597: relpos body (0.500000,-5.000000), vel. ball:(0.000000,0.000000) dist: 1.081482 (0.300000,0.085000,0.696482)
 4597: pos (-65.151258,-67.330198) too far, but can acc ball good to 2.569797 k=2.569797,0.000000
(b)r: 0.5 phi: -5 vel: ( 0, 0 ) (4597,23) rel: ( 0.498097, -0.0435779 ), (4597,23) global: ( -14.2996, 18.6665 ), (4597,23), changes: 0, 0 last seen:(4597,22) globalposderived: (4597,22)
 4597: ball (-14.299622,18.666465), agent (-13.799646,18.671427), to (-1000.000000,-1000.000000) ang -174.431385 -174.431385
 4597: relpos body (0.500000,-5.000000), vel. ball:(0.000000,0.000000) dist: 1.081482 (0.300000,0.085000,0.696482)
 4597: pos (-65.151258,-67.330198) too far, but can acc ball good to 2.569797 k=2.569797,0.000000
(b)r: 0.5 phi: -5 vel: ( 0, 0 ) (4597,24) rel: ( 0.498097, -0.0435779 ), (4597,24) global: ( -14.2996, 18.6665 ), (4597,24), changes: 0, 0 last seen:(4597,22) globalposderived: (4597,22)
 4597: ball (-14.299622,18.666465), agent (-13.799646,18.671427), to (-1000.000000,-1000.000000) ang -174.431385 -174.431385
 4597: relpos body (0.500000,-5.000000), vel. ball:(0.000000,0.000000) dist: 1.081482 (0.300000,0.085000,0.696482)
 4597: pos (-65.151258,-67.330198) too far, but can acc ball good to 2.569797 k=2.569797,0.000000
 4597: direction old: -179.431385, new: -179.431385
(b)r: 0.5 phi: -5 vel: ( 0, 0 ) (4597,24) rel: ( 0.498097, -0.0435779 ), (4597,24) global: ( -14.2996, 18.6665 ), (4597,24), changes: 0, 0 last seen:(4597,24) globalposderived: (4597,24)
 4597: ball (-14.299622,18.666465), agent (-13.799646,18.671427), to (-1000.000000,-1000.000000) ang -174.431385 -174.431385
 4597: relpos body (0.500000,-5.000000), vel. ball:(0.000000,0.000000) dist: 1.081482 (0.300000,0.085000,0.696482)
 4597: pos (-65.151258,-67.330198) too far, but can acc ball good to 2.569797 k=2.569797,0.000000
(b)r: 0.5 phi: -5 vel: ( 0, 0 ) (4597,25) rel: ( 0.498097, -0.0435779 ), (4597,25) global: ( -14.2996, 18.6665 ), (4597,25), changes: 0, 0 last seen:(4597,24) globalposderived: (4597,24)
 4597: ball (-14.299622,18.666465), agent (-13.799646,18.671427), to (-1000.000000,-1000.000000) ang -174.431385 -174.431385
 4597: relpos body (0.500000,-5.000000), vel. ball:(0.000000,0.000000) dist: 1.081482 (0.300000,0.085000,0.696482)
 4597: pos (-65.151258,-67.330198) too far, but can acc ball good to 2.569797 k=2.569797,0.000000
 4597: direction old: -179.431385, new: -179.431385
(b)r: 0.5 phi: -5 vel: ( 0, 0 ) (4597,25) rel: ( 0.498097, -0.0435779 ), (4597,25) global: ( -14.2996, 18.6665 ), (4597,25), changes: 0, 0 last seen:(4597,25) globalposderived: (4597,25)
 4597: ball (-14.299622,18.666465), agent (-13.799646,18.671427), to (-1000.000000,-1000.000000) ang -174.431385 -174.431385
 4597: relpos body (0.500000,-5.000000), vel. ball:(0.000000,0.000000) dist: 1.081482 (0.300000,0.085000,0.696482)
 4597: pos (-65.151258,-67.330198) too far, but can acc ball good to 2.569797 k=2.569797,0.000000
(b)r: 0.5 phi: -5 vel: ( 0, 0 ) (4597,26) rel: ( 0.498097, -0.0435779 ), (4597,26) global: ( -14.2996, 18.6665 ), (4597,26), changes: 0, 0 last seen:(4597,25) globalposderived: (4597,25)
 4597: ball (-14.299622,18.666465), agent (-13.799646,18.671427), to (-1000.000000,-1000.000000) ang -174.431385 -174.431385
 4597: relpos body (0.500000,-5.000000), vel. ball:(0.000000,0.000000) dist: 1.081482 (0.300000,0.085000,0.696482)
 4597: pos (-65.151258,-67.330198) too far, but can acc ball good to 2.569797 k=2.569797,0.000000
(b)r: 0.5 phi: -5 vel: ( 0, 0 ) (4597,27) rel: ( 0.498097, -0.0435779 ), (4597,27) global: ( -14.2996, 18.6665 ), (4597,27), changes: 0, 0 last seen:(4597,25) globalposderived: (4597,25)
 4597: ball (-14.299622,18.666465), agent (-13.799646,18.671427), to (-1000.000000,-1000.000000) ang -174.431385 -174.431385
 4597: relpos body (0.500000,-5.000000), vel. ball:(0.000000,0.000000) dist: 1.081482 (0.300000,0.085000,0.696482)
 4597: pos (-65.151258,-67.330198) too far, but can acc ball good to 2.569797 k=2.569797,0.000000
 4597: direction old: -179.431385, new: -179.431385
(b)r: 0.5 phi: -5 vel: ( 0, 0 ) (4597,27) rel: ( 0.498097, -0.0435779 ), (4597,27) global: ( -14.2996, 18.6665 ), (4597,27), changes: 0, 0 last seen:(4597,27) globalposderived: (4597,27)
 4597: ball (-14.299622,18.666465), agent (-13.799646,18.671427), to (-1000.000000,-1000.000000) ang -174.431385 -174.431385
 4597: relpos body (0.500000,-5.000000), vel. ball:(0.000000,0.000000) dist: 1.081482 (0.300000,0.085000,0.696482)
 4597: pos (-65.151258,-67.330198) too far, but can acc ball good to 2.569797 k=2.569797,0.000000
(b)r: 0.5 phi: -5 vel: ( 0, 0 ) (4597,28) rel: ( 0.498097, -0.0435779 ), (4597,28) global: ( -14.2996, 18.6665 ), (4597,28), changes: 0, 0 last seen:(4597,27) globalposderived: (4597,27)
 4597: ball (-14.299622,18.666465), agent (-13.799646,18.671427), to (-1000.000000,-1000.000000) ang -174.431385 -174.431385
 4597: relpos body (0.500000,-5.000000), vel. ball:(0.000000,0.000000) dist: 1.081482 (0.300000,0.085000,0.696482)
 4597: pos (-65.151258,-67.330198) too far, but can acc ball good to 2.569797 k=2.569797,0.000000
 4597: direction old: -179.431385, new: -179.431385
(b)r: 0.5 phi: -5 vel: ( 0, 0 ) (4597,28) rel: ( 0.498097, -0.0435779 ), (4597,28) global: ( -14.2996, 18.6665 ), (4597,28), changes: 0, 0 last seen:(4597,28) globalposderived: (4597,28)
 4597: ball (-14.299622,18.666465), agent (-13.799646,18.671427), to (-1000.000000,-1000.000000) ang -174.431385 -174.431385
 4597: relpos body (0.500000,-5.000000), vel. ball:(0.000000,0.000000) dist: 1.081482 (0.300000,0.085000,0.696482)
 4597: pos (-65.151258,-67.330198) too far, but can acc ball good to 2.569797 k=2.569797,0.000000
(b)r: 0.5 phi: -5 vel: ( 0, 0 ) (4597,29) rel: ( 0.498097, -0.0435779 ), (4597,29) global: ( -14.2996, 18.6665 ), (4597,29), changes: 0, 0 last seen:(4597,28) globalposderived: (4597,28)
 4597: ball (-14.299622,18.666465), agent (-13.799646,18.671427), to (-1000.000000,-1000.000000) ang -174.431385 -174.431385
 4597: relpos body (0.500000,-5.000000), vel. ball:(0.000000,0.000000) dist: 1.081482 (0.300000,0.085000,0.696482)
 4597: pos (-65.151258,-67.330198) too far, but can acc ball good to 2.569797 k=2.569797,0.000000
(b)r: 0.5 phi: -5 vel: ( 0, 0 ) (4597,30) rel: ( 0.498097, -0.0435779 ), (4597,30) global: ( -14.2996, 18.6665 ), (4597,30), changes: 0, 0 last seen:(4597,28) globalposderived: (4597,28)
 4597: ball (-14.299622,18.666465), agent (-13.799646,18.671427), to (-1000.000000,-1000.000000) ang -174.431385 -174.431385
 4597: relpos body (0.500000,-5.000000), vel. ball:(0.000000,0.000000) dist: 1.081482 (0.300000,0.085000,0.696482)
 4597: pos (-65.151258,-67.330198) too far, but can acc ball good to 2.569797 k=2.569797,0.000000
 4597: direction old: -179.431385, new: -179.431385
(b)r: 0.5 phi: -5 vel: ( 0, 0 ) (4597,30) rel: ( 0.498097, -0.0435779 ), (4597,30) global: ( -14.2996, 18.6665 ), (4597,30), changes: 0, 0 last seen:(4597,30) globalposderived: (4597,30)
 4597: ball (-14.299622,18.666465), agent (-13.799646,18.671427), to (-1000.000000,-1000.000000) ang -174.431385 -174.431385
 4597: relpos body (0.500000,-5.000000), vel. ball:(0.000000,0.000000) dist: 1.081482 (0.300000,0.085000,0.696482)
 4597: pos (-65.151258,-67.330198) too far, but can acc ball good to 2.569797 k=2.569797,0.000000
(b)r: 0.5 phi: -5 vel: ( 0, 0 ) (4598,0) rel: ( 0.498097, -0.0435779 ), (4598,0) global: ( -14.2996, 18.6665 ), (4598,0), changes: 0, 0 last seen:(4597,30) globalposderived: (4597,30)
 4598: ball (-14.299622,18.666465), agent (-13.799646,18.671427), to (-1000.000000,-1000.000000) ang -174.431385 -174.431385
 4598: relpos body (0.500000,-5.000000), vel. ball:(0.000000,0.000000) dist: 1.081482 (0.300000,0.085000,0.696482)
 4598: pos (-65.151258,-67.330198) too far, but can acc ball good to 2.569797 k=2.569797,0.000000
 4598: direction old: -179.431385, new: -179.431385
(b)r: 0.5 phi: -5 vel: ( 0, 0 ) (4598,0) rel: ( 0.498097, -0.0435779 ), (4598,0) global: ( -14.2996, 18.6665 ), (4598,0), changes: 0, 0 last seen:(4598,0) globalposderived: (4598,0)
 4598: ball (-14.299622,18.666465), agent (-13.799646,18.671427), to (-1000.000000,-1000.000000) ang -174.431385 -174.431385
 4598: relpos body (0.500000,-5.000000), vel. ball:(0.000000,0.000000) dist: 1.081482 (0.300000,0.085000,0.696482)
 4598: pos (-65.151258,-67.330198) too far, but can acc ball good to 2.569797 k=2.569797,0.000000
 4762: 2 pos: ball(-14.012308,17.192163), ball_prev(-19.149404,17.627611), agentdiff(0.000000,0.000000)
 4762: direction old: -117.288491, new: -110.084696
 4763: direction old: -52.978432, new: -50.957682
(b)r: 1.78736 phi: -3.34361 vel: ( -1.4559, 0.230711 ) (4773,0) rel: ( 1.78432, -0.104246 ), (4773,0) global: ( -10.3245, 16.7607 ), (4773,0), changes: -1.38, -15.4 last seen:(4772,0) globalposderived: (4772,0)
(b)r: 1.58172 phi: -29.4142 vel: ( -1.36854, 0.216869 ) (4774,0) rel: ( 1.37783, -0.776814 ), (4774,0) global: ( -11.7804, 16.9914 ), (4774,0), changes: -1.38, -15.4 last seen:(4772,0) globalposderived: (4772,0)
 4774: direction old: -117.230058, new: -119.359748
(b)r: 1.5 phi: -30 vel: ( -1.38955, 0.264937 ) (4774,0) rel: ( 1.29904, -0.75 ), (4774,0) global: ( -11.7942, 17.0865 ), (4774,0), changes: 0.42, -53.2 last seen:(4774,0) globalposderived: (4774,0)
 4775: direction old: -148.003774, new: -154.940481
 4789: direction old: 157.842684, new: 154.328689
(b)r: 1.6 phi: 19 vel: ( 0.642347, -0.0670731 ) (4789,0) rel: ( 1.51283, 0.520909 ), (4789,0) global: ( -12.5436, 19.1697 ), (4789,0), changes: -0.608, -7.8 last seen:(4789,0) globalposderived: (4789,0)
(b)r: 1.01563 phi: 23 vel: ( 0.603806, -0.0630487 ) (4790,0) rel: ( 0.934894, 0.396839 ), (4790,0) global: ( -11.9013, 19.1026 ), (4790,0), changes: -0.608, -7.8 last seen:(4789,0) globalposderived: (4789,0)
 4790: ball (-11.901298,19.102596), agent (-11.101574,18.476537), to (-1.821104,15.397983) ang 141.944571 118.944571
 4790: relpos body (1.015632,0.000000), vel. ball:(0.603806,-0.063049) dist: 1.081482 (0.300000,0.085000,0.696482)
 4790: point good and can reach point 83.028163
 4790: direction old: 141.944571, new: 142.042258
(b)r: 1 phi: 24 vel: ( 0.60191, -0.0696577 ) (4790,0) rel: ( 0.913545, 0.406737 ), (4790,0) global: ( -11.89, 19.0916 ), (4790,0), changes: -0.52, -17.7 last seen:(4790,0) globalposderived: (4790,0)
 4790: ball (-11.890039,19.091617), agent (-11.101574,18.476537), to (-1.821104,15.397983) ang 141.042258 118.042258
 4790: relpos body (1.000000,1.000000), vel. ball:(0.601910,-0.069658) dist: 1.081482 (0.300000,0.085000,0.696482)
 4790: point good and can reach point 82.520912
(b)r: 1.39576 phi: -124.372 vel: ( 2.04517, -0.722832 ) (4791,0) rel: ( -0.788002, -1.15204 ), (4791,0) global: ( -9.71432, 18.3226 ), (4791,0), changes: -0.52, -17.7 last seen:(4790,0) globalposderived: (4790,0)
(b)r: 1.76091 phi: -19.787 vel: ( -0.535295, 0.0254299 ) (4885,0) rel: ( 1.65694, -0.596112 ), (4885,0) global: ( 14.9586, 13.628 ), (4885,0), changes: -0.54, -6.5 last seen:(4883,0) globalposderived: (4883,0)
 4885: direction old: -57.939138, new: -59.558499
(b)r: 1.6 phi: -20 vel: ( -0.475107, 0.0506212 ) (4885,0) rel: ( 1.50351, -0.547232 ), (4885,0) global: ( 14.8667, 13.6896 ), (4885,0), changes: -0.32, -14.4 last seen:(4885,0) globalposderived: (4885,0)
(b)r: 1.33024 phi: -25.2663 vel: ( -0.4466, 0.0475839 ) (4886,0) rel: ( 1.20298, -0.567782 ), (4886,0) global: ( 14.3916, 13.7402 ), (4886,0), changes: -0.32, -14.4 last seen:(4885,0) globalposderived: (4885,0)
 4886: direction old: -70.856989, new: -77.580404
(b)r: 1.3 phi: -26 vel: ( -0.440967, 0.0345703 ) (4886,0) rel: ( 1.16843, -0.569882 ), (4886,0) global: ( 14.2484, 13.6885 ), (4886,0), changes: -0.13, -19.1 last seen:(4886,0) globalposderived: (4886,0)
(b)r: 1.23464 phi: -28.5987 vel: ( -0.414509, 0.0324961 ) (4887,0) rel: ( 1.08401, -0.590989 ), (4887,0) global: ( 13.8075, 13.7231 ), (4887,0), changes: -0.13, -19.1 last seen:(4886,0) globalposderived: (4886,0)
(b)r: 1.33025 phi: -24.5807 vel: ( -0.389638, 0.0305463 ) (4888,0) rel: ( 1.2097, -0.553352 ), (4888,0) global: ( 13.393, 13.7556 ), (4888,0), changes: -0.13, -19.1 last seen:(4886,0) globalposderived: (4886,0)
 4888: direction old: -121.914350, new: -116.144682
(b)r: 1.5 phi: -27 vel: ( -0.431835, 0.0114555 ) (4888,0) rel: ( 1.33651, -0.680986 ), (4888,0) global: ( 13.5175, 13.6703 ), (4888,0), changes: 0.18, -15 last seen:(4888,0) globalposderived: (4888,0)
(b)r: 1.72529 phi: 0 vel: ( -0.405925, 0.0107682 ) (4889,0) rel: ( 1.72529, 0 ), (4889,0) global: ( 13.0856, 13.6817 ), (4889,0), changes: 0.18, -15 last seen:(4888,0) globalposderived: (4888,0)
 4889: direction old: -129.301313, new: -128.312870
(b)r: 1.8 phi: 4 vel: ( -0.41049, 0.00877128 ) (4889,0) rel: ( 1.79562, 0.125562 ), (4889,0) global: ( 13.0625, 13.6045 ), (4889,0), changes: 0.252, -10.5 last seen:(4889,0) globalposderived: (4889,0)
 4891: direction old: -143.882800, new: -157.205491
 4925: direction old: -170.159606, new: -170.340332
(b)r: 0.80747 phi: 4.40368 vel: ( 0.871651, 0.120359 ) (4926,0) rel: ( 0.805087, 0.062 ), (4926,0) global: ( 7.90882, 14.923 ), (4926,0), changes: -0.96, 0.6 last seen:(4925,0) globalposderived: (4925,0)
 4926: ball (7.908819,14.922984), agent (8.698458,15.091740), to (1.713666,0.454292) ang -172.340332 -172.340332
 4926: relpos body (0.807470,4.403676), vel. ball:(0.871651,0.120359) dist: 1.081482 (0.300000,0.085000,0.696482)
 4926: point good, but reposition ball since need 146.394653
 4926: (kick 29.624711 -4.866449), vecDesired (0.198772,0.087530) 0.000000 posDes(8.107590,15.010514)
(b)r: 0.48012 phi: 1.32411 vel: ( 0.200711, 0.0735692 ) (4927,0) rel: ( 0.479992, 0.0110946 ), (4927,0) global: ( 8.12234, 15.0012 ), (4927,0), changes: -0.96, 0.6 last seen:(4925,0) globalposderived: (4925,0)
 4927: ball (8.122341,15.001249), agent (8.596571,15.076222), to (1.713843,0.454772) ang -172.340332 -172.340332
 4927: relpos body (0.480120,1.324108), vel. ball:(0.200711,0.073569) dist: 1.081482 (0.300000,0.085000,0.696482)
 4927: point good, but reposition ball since need 112.996823
 4927: (kick 10.279735 7.681346), vecDesired (-0.057321,0.002781) 0.000000 posDes(8.065020,15.004030)
 4927: direction old: -125.320902, new: 177.919246
(b)r: 0.4 phi: -10 vel: ( 0.148646, 0.105024 ) (4927,0) rel: ( 0.393923, -0.0694593 ), (4927,0) global: ( 7.92996, 15.3084 ), (4927,0), changes: -0.184, -16.9 last seen:(4927,0) globalposderived: (4927,0)
 4927: ball (7.929955,15.308398), agent (8.329692,15.293874), to (1.713843,0.454772) ang -172.080754 -172.080754
 4927: relpos body (0.400000,-10.000000), vel. ball:(0.148646,0.105024) dist: 1.081482 (0.300000,0.085000,0.696482)
 4927: point good, but reposition ball since need 111.206528
 4927: (kick 12.871409 26.805118), vecDesired (-0.131483,-0.089123) 0.000000 posDes(7.798473,15.219275)
(b)r: 0.46665 phi: -2.01449 vel: ( -0.108133, -0.0679536 ) (4928,0) rel: ( 0.466361, -0.0164038 ), (4928,0) global: ( 7.81492, 15.2361 ), (4928,0), changes: -0.184, -16.9 last seen:(4927,0) globalposderived: (4927,0)
 4928: ball (7.814920,15.236107), agent (8.279094,15.284113), to (1.713912,0.454958) ang -172.080754 -172.080754
 4928: relpos body (0.466650,-2.014490), vel. ball:(-0.108133,-0.067954) dist: 1.081482 (0.300000,0.085000,0.696482)
 4928: point good and can reach point 102.773964
 4928: direction old: -165.451236, new: -176.021652
(b)r: 0.5 phi: -4 vel: ( -0.0759778, -0.0584641 ) (4928,0) rel: ( 0.498782, -0.0348782 ), (4928,0) global: ( 7.78912, 15.3242 ), (4928,0), changes: 0.06, 5.8 last seen:(4928,0) globalposderived: (4928,0)
 4928: ball (7.789121,15.324171), agent (8.287916,15.358861), to (1.713912,0.454958) ang -172.021652 -172.021652
 4928: relpos body (0.500000,-4.000000), vel. ball:(-0.075978,-0.058464) dist: 1.081482 (0.300000,0.085000,0.696482)
 4928: point good, but reposition ball since need 105.163337
 4928: (kick 2.592354 -170.137221), vecDesired (-0.012471,-0.038024) 0.000000 posDes(7.776650,15.286148)
(b)r: 0.505697 phi: 0.400692 vel: ( -0.0253988, -0.0400226 ) (4929,0) rel: ( 0.505685, 0.00353651 ), (4929,0) global: ( 7.7621, 15.2816 ), (4929,0), changes: 0.06, 5.8 last seen:(4928,0) globalposderived: (4928,0)
 4929: ball (7.762101,15.281594), agent (8.262400,15.355285), to (1.713912,0.454958) ang -172.021652 -172.021652
 4929: relpos body (0.505697,0.400692), vel. ball:(-0.025399,-0.040023) dist: 1.081482 (0.300000,0.085000,0.696482)
 4929: point good and can reach point 106.224801
(b)r: 1.13834 phi: -176.101 vel: ( 1.67884, 0.70688 ) (5226,0) rel: ( -1.1357, -0.0774134 ), (5226,0) global: ( -3.314, 15.552 ), (5226,0), changes: -0.592, -0.1 last seen:(5223,0) globalposderived: (5222,0)
(b)r: 0.950012 phi: 86.4629 vel: ( 1.57811, 0.664467 ) (5227,0) rel: ( 0.0586105, 0.948202 ), (5227,0) global: ( -1.63516, 16.2589 ), (5227,0), changes: -0.592, -0.1 last seen:(5223,0) globalposderived: (5222,0)
 5227: ball (-1.635160,16.258880), agent (-1.907747,15.348815), to (-1.563395,16.704462) ang -6.137169 -13.137169
 5227: relpos body (0.950012,79.462917), vel. ball:(1.578110,0.664467) dist: 1.081482 (0.300000,0.085000,0.696482)
 5227: point good and can reach point 89.234427
 5227: direction old: 71.793331, new: -173.779918
(b)r: 1.08546 phi: -63.4489 vel: ( 1.48342, 0.624599 ) (5228,0) rel: ( 0.485198, -0.970987 ), (5228,0) global: ( -2.84843, 15.7218 ), (5228,0), changes: -0.592, -0.1 last seen:(5227,0) globalposderived: (5227,0)
 5228: direction old: 159.103374, new: 170.364787
(b)r: 1.3 phi: -44 vel: ( 1.00591, 0.404576 ) (5228,0) rel: ( 0.935142, -0.903056 ), (5228,0) global: ( -3.2837, 15.6163 ), (5228,0), changes: -0.884, -25 last seen:(5228,0) globalposderived: (5228,0)
(b)r: 0.708071 phi: 132.08 vel: ( 0.945551, 0.380301 ) (5229,0) rel: ( -0.474531, 0.525533 ), (5229,0) global: ( -2.2778, 16.0209 ), (5229,0), changes: -0.884, -25 last seen:(5228,0) globalposderived: (5228,0)
 5229: ball (-2.277796,16.020856), agent (-1.950849,15.392787), to (-1.828719,16.888645) ang -7.580862 -14.580862
 5229: relpos body (0.708071,125.080493), vel. ball:(0.945551,0.380301) dist: 1.081482 (0.300000,0.085000,0.696482)
 5229: point good and can reach point 64.197459
 5230: 2 pos: ball(-1.013845,17.829916), ball_prev(-3.283702,15.616280), agentdiff(0.217401,0.038342)
 5230: direction old: 82.709683, new: 73.882802
(b)r: 0.83248 phi: 51.3432 vel: ( 0.7, -0.2 ) (5230,0) rel: ( 0.520012, 0.650085 ), (5230,0) global: ( -1, 16 ), (5230,0), changes: -0.884, -25 last seen:(5230,0) globalposderived: (5230,0)
 5231: ball (-1.000000,16.000000), agent (-1.630074,15.455914), to (-1.511558,16.951225) ang -3.531701 -10.531701
 5231: relpos body (0.832480,44.343177), vel. ball:(0.700000,-0.200000) dist: 1.081482 (0.300000,0.085000,0.696482)
 5231: point good, but reposition ball since need 113.057443
 5231: (kick 43.562211 -152.291631), vecDesired (-0.134580,-0.574667) 0.000000 posDes(-1.134580,15.425333)
(b)r: 1.37386 phi: 25.0359 vel: ( 0.658, -0.188 ) (5232,0) rel: ( 1.24478, 0.5814 ), (5232,0) global: ( -0.3, 15.8 ), (5232,0), changes: -0.884, -25 last seen:(5230,0) globalposderived: (5230,0)
(b)r: 1.718 phi: 16.9898 vel: ( 0.61852, -0.17672 ) (5233,0) rel: ( 1.64302, 0.502003 ), (5233,0) global: ( 0.358, 15.612 ), (5233,0), changes: -0.884, -25 last seen:(5230,0) globalposderived: (5230,0)
 5500: direction old: -40.396958, new: -41.174150
 5501: direction old: -50.391929, new: -52.248247
(b)r: 1.89116 phi: -28.866 vel: ( -0.527767, -0.033994 ) (5502,0) rel: ( 1.65618, -0.912981 ), (5502,0) global: ( 7.20307, -6.87248 ), (5502,0), changes: -0.396, -12.1 last seen:(5501,0) globalposderived: (5501,0)
(b)r: 1.76008 phi: -31.7934 vel: ( -0.496101, -0.0319544 ) (5503,0) rel: ( 1.49599, -0.927312 ), (5503,0) global: ( 6.6753, -6.90647 ), (5503,0), changes: -0.396, -12.1 last seen:(5501,0) globalposderived: (5501,0)
 5503: direction old: -79.386085, new: -82.546819
(b)r: 1.8 phi: -33 vel: ( -0.5042, -0.03561 ) (5503,0) rel: ( 1.50961, -0.98035 ), (5503,0) global: ( 6.62582, -7.18126 ), (5503,0), changes: -0.036, -16.5 last seen:(5503,0) globalposderived: (5503,0)
(b)r: 1.84042 phi: -29.8183 vel: ( -0.473948, -0.0334734 ) (5504,0) rel: ( 1.59676, -0.915152 ), (5504,0) global: ( 6.12162, -7.21687 ), (5504,0), changes: -0.036, -16.5 last seen:(5503,0) globalposderived: (5503,0)
 5504: direction old: -93.199919, new: -98.949477
(b)r: 1.8 phi: -31 vel: ( -0.48278, -0.0326924 ) (5504,0) rel: ( 1.5429, -0.927069 ), (5504,0) global: ( 5.94875, -7.0784 ), (5504,0), changes: 0.108, -15.3 last seen:(5504,0) globalposderived: (5504,0)
(b)r: 1.96489 phi: 0 vel: ( -0.453814, -0.0307309 ) (5505,0) rel: ( 1.96489, 0 ), (5505,0) global: ( 5.46597, -7.11109 ), (5505,0), changes: 0.108, -15.3 last seen:(5504,0) globalposderived: (5504,0)
(b)r: 1.93206 phi: -0.0568784 vel: ( -0.426585, -0.028887 ) (5506,0) rel: ( 1.93206, -0.00191798 ), (5506,0) global: ( 5.01216, -7.14182 ), (5506,0), changes: 0.108, -15.3 last seen:(5504,0) globalposderived: (5504,0)
 5506: direction old: -119.579547, new: -121.700349
(b)r: 2 phi: -4 vel: ( -0.430729, -0.0376351 ) (5506,0) rel: ( 1.99513, -0.139513 ), (5506,0) global: ( 4.92887, -7.13862 ), (5506,0), changes: 0.16, -9.3 last seen:(5506,0) globalposderived: (5506,0)
(b)r: 1.873 phi: -0.101249 vel: ( -0.404885, -0.035377 ) (5507,0) rel: ( 1.873, -0.00330982 ), (5507,0) global: ( 4.49814, -7.17626 ), (5507,0), changes: 0.16, -9.3 last seen:(5506,0) globalposderived: (5506,0)
 5507: direction old: -132.805416, new: -130.973549
(b)r: 1.8 phi: -1 vel: ( -0.403808, -0.0440639 ) (5507,0) rel: ( 1.79973, -0.0314143 ), (5507,0) global: ( 4.58837, -7.16352 ), (5507,0), changes: 0.144, -8.4 last seen:(5507,0) globalposderived: (5507,0)
(b)r: 1.65263 phi: -0.258267 vel: ( -0.37958, -0.0414201 ) (5508,0) rel: ( 1.65261, -0.00744938 ), (5508,0) global: ( 4.18456, -7.20759 ), (5508,0), changes: 0.144, -8.4 last seen:(5507,0) globalposderived: (5507,0)
(b)r: 1.50418 phi: -10.6507 vel: ( -0.356805, -0.0389349 ) (5509,0) rel: ( 1.47827, -0.278004 ), (5509,0) global: ( 3.80498, -7.24901 ), (5509,0), changes: 0.144, -8.4 last seen:(5507,0) globalposderived: (5507,0)
 5509: direction old: -149.044925, new: -148.872942
(b)r: 1.6 phi: -11 vel: ( -0.362985, -0.0443099 ) (5509,0) rel: ( 1.5706, -0.305294 ), (5509,0) global: ( 3.75361, -7.28542 ), (5509,0), changes: 0.16, -7.3 last seen:(5509,0) globalposderived: (5509,0)
(b)r: 1.50176 phi: 0.938861 vel: ( -0.341206, -0.0416513 ) (5510,0) rel: ( 1.50156, 0.024607 ), (5510,0) global: ( 3.39063, -7.32973 ), (5510,0), changes: 0.16, -7.3 last seen:(5509,0) globalposderived: (5509,0)
 5510: direction old: -164.447147, new: -158.110483
(b)r: 1.5 phi: 1 vel: ( -0.332386, -0.0431624 ) (5510,0) rel: ( 1.49977, 0.0261786 ), (5510,0) global: ( 3.67638, -7.42205 ), (5510,0), changes: 0.15, -5.6 last seen:(5510,0) globalposderived: (5510,0)
(b)r: 1.66689 phi: -0.207784 vel: ( -0.312443, -0.0405726 ) (5511,0) rel: ( 1.66688, -0.00604501 ), (5511,0) global: ( 3.34399, -7.46521 ), (5511,0), changes: 0.15, -5.6 last seen:(5510,0) globalposderived: (5510,0)
(b)r: 1.61844 phi: 0.564311 vel: ( -0.293696, -0.0381383 ) (5512,0) rel: ( 1.61836, 0.0159399 ), (5512,0) global: ( 3.03155, -7.50578 ), (5512,0), changes: 0.15, -5.6 last seen:(5510,0) globalposderived: (5510,0)
 5512: direction old: -166.974581, new: -165.906977
(b)r: 1.6 phi: 1 vel: ( -0.298488, -0.0306846 ) (5512,0) rel: ( 1.59976, 0.0279239 ), (5512,0) global: ( 3.01299, -7.54067 ), (5512,0), changes: 0.16, -2.1 last seen:(5512,0) globalposderived: (5512,0)
(b)r: 1.511 phi: 0.583889 vel: ( -0.280579, -0.0288435 ) (5513,0) rel: ( 1.51092, 0.015398 ), (5513,0) global: ( 2.7145, -7.57136 ), (5513,0), changes: 0.16, -2.1 last seen:(5512,0) globalposderived: (5512,0)
 5513: direction old: -157.032883, new: -167.714381
(b)r: 1.6 phi: -1 vel: ( -0.279976, -0.0261754 ) (5513,0) rel: ( 1.59976, -0.0279239 ), (5513,0) global: ( 2.63965, -7.28099 ), (5513,0), changes: 0.128, -1.4 last seen:(5513,0) globalposderived: (5513,0)
(b)r: 1.4674 phi: 1.06476 vel: ( -0.263177, -0.0246049 ) (5514,0) rel: ( 1.46715, 0.0272681 ), (5514,0) global: ( 2.35967, -7.30716 ), (5514,0), changes: 0.128, -1.4 last seen:(5513,0) globalposderived: (5513,0)
(b)r: 1.26666 phi: -0.278841 vel: ( -0.247387, -0.0231286 ) (5515,0) rel: ( 1.26664, -0.00616441 ), (5515,0) global: ( 2.0965, -7.33177 ), (5515,0), changes: 0.128, -1.4 last seen:(5513,0) globalposderived: (5513,0)
 5515: direction old: -178.958922, new: -169.742745
(b)r: 1.3 phi: -1 vel: ( 0, 0 ) (5515,0) rel: ( 1.2998, -0.0226881 ), (5515,0) global: ( 2.06216, -7.54063 ), (5515,0), changes: 0.078, -1.4 last seen:(5515,0) globalposderived: (5515,0)
(b)r: 0.836359 phi: 1.72679 vel: ( 0, 0 ) (5516,0) rel: ( 0.835979, 0.0252025 ), (5516,0) global: ( 2.06216, -7.54063 ), (5516,0), changes: 0.078, -1.4 last seen:(5515,0) globalposderived: (5515,0)
 5516: ball (2.062163,-7.540634), agent (2.883507,-7.382866), to (6.124019,-0.190599) ang -167.853583 -170.853583
 5516: relpos body (0.836359,-1.273209), vel. ball:(0.000000,0.000000) dist: 1.081482 (0.300000,0.085000,0.696482)
 5516: point good and can reach point 96.439367
 5516: direction old: -153.802735, new: -171.535773
(b)r: 1.1 phi: -1 vel: ( 0, 0 ) (5516,0) rel: ( 1.09983, -0.0191976 ), (5516,0) global: ( 1.80101, -7.29572 ), (5516,0), changes: 0.066, -1.1 last seen:(5516,0) globalposderived: (5516,0)
(b)r: 0.638108 phi: -0.788029 vel: ( 0, 0 ) (5517,0) rel: ( 0.638047, -0.00877607 ), (5517,0) global: ( 1.80101, -7.29572 ), (5517,0), changes: 0.066, -1.1 last seen:(5516,0) globalposderived: (5516,0)
 5517: ball (1.801012,-7.295724), agent (2.436066,-7.233369), to (6.124019,-0.190599) ang -167.604171 -173.604171
 5517: relpos body (0.638108,-6.788029), vel. ball:(0.000000,0.000000) dist: 1.081482 (0.300000,0.085000,0.696482)
 5517: point good and can reach point 89.632683
(b)r: 1.95659 phi: -115.447 vel: ( 1.03465, 1.74922 ) (5518,0) rel: ( -0.84071, -1.76677 ), (5518,0) global: ( 2.90171, -5.43486 ), (5518,0), changes: 0.066, -1.1 last seen:(5516,0) globalposderived: (5516,0)
 5518: 2 pos: ball(1.883776,-6.944383), ball_prev(1.801012,-7.295724), agentdiff(-0.006663,-0.252697)
 5518: direction old: 72.934043, new: 122.160349
(b)r: 0.7 phi: -64 vel: ( 1.03465, 1.74922 ) (5518,0) rel: ( 0.30686, -0.629156 ), (5518,0) global: ( 1.88378, -6.94438 ), (5518,0), changes: 0.066, -1.1 last seen:(5518,0) globalposderived: (5518,0)
 5518: ball (1.883776,-6.944383), agent (2.256380,-7.536976), to (6.124019,-0.190599) ang -167.839651 -173.839651
 5518: relpos body (0.700000,-70.000000), vel. ball:(1.034655,1.749215) dist: 1.081482 (0.300000,0.085000,0.696482)
 5518: point good and can reach point 7.289282
 5519: 2 pos: ball(2.140877,-5.436271), ball_prev(1.883776,-6.944383), agentdiff(0.072025,0.126745)
 5519: vel based on 2 pos: (0.173971,1.298486)
 5519: direction old: 71.464578, new: 93.258236
(b)r: 2 phi: -93 vel: ( 0.173971, 1.29849 ) (5519,0) rel: ( -0.104672, -1.99726 ), (5519,0) global: ( 2.14088, -5.43627 ), (5519,0), changes: 0.066, -1.1 last seen:(5519,0) globalposderived: (5519,0)
