 0: change player from message 62 -> 1
 0: changed player from message 62 -> 1
 0: change player from message 63 -> 2
 0: changed player from message 63 -> 2
 0: change player from message 64 -> 3
 0: changed player from message 64 -> 3
 0: change player from message 65 -> 4
 0: changed player from message 65 -> 4
 0: change player from message 66 -> 5
 0: changed player from message 66 -> 5
 0: change player from message 67 -> 6
 0: changed player from message 67 -> 6
 0: change player from message 68 -> 7
 0: changed player from message 68 -> 7
 0: change player from message 69 -> 8
 0: changed player from message 69 -> 8
 0: change player from message 70 -> 9
 0: changed player from message 70 -> 9
 0: change player from message 71 -> 10
 0: changed player from message 71 -> 10
(b)r: 1.21061 phi: 5.24549 vel: ( 0, 0 ) (2338,0) rel: ( 1.20554, 0.110678 ), (2338,0) global: ( 33.8536, -13.0348 ), (2338,0), changes: -0.24, 0.2 last seen:(2336,0) globalposderived: (2336,0)
 2338: direction old: 0.050118, new: 6.941602
(b)r: 1.3 phi: 5 vel: ( 0, 0 ) (2338,0) rel: ( 1.29505, 0.113302 ), (2338,0) global: ( 33.8392, -12.8788 ), (2338,0), changes: -0.416, 1.5 last seen:(2338,0) globalposderived: (2338,0)
(b)r: 0.872442 phi: -2.26401 vel: ( 0, 0 ) (2339,0) rel: ( 0.871761, -0.034465 ), (2339,0) global: ( 33.8392, -12.8788 ), (2339,0), changes: -0.416, 1.5 last seen:(2338,0) globalposderived: (2338,0)
 2339: direction old: 27.108917, new: 13.819614
(b)r: 1 phi: 1 vel: ( 0.00237015, -0.00597673 ) (2339,0) rel: ( 0.999848, 0.0174524 ), (2339,0) global: ( 33.9639, -13.0732 ), (2339,0), changes: 0.02, -0.7 last seen:(2339,0) globalposderived: (2339,0)
 2339: turnWithBall: kick ball away from opp at ang 39.819614
 2339: (kick 68.825697 -170.843273), vecDesired (-1.384092,-0.565478) -153.000000 posDes(32.579834,-13.638708)
(b)r: 0.2 phi: 0.637206 vel: ( 0, 0 ) (2340,0) rel: ( 0.199988, 0.00222422 ), (2340,0) global: ( 33.6723, -13.1496 ), (2340,0), changes: 0.02, -0.7 last seen:(2339,0) globalposderived: (2339,0)
 2340: turnWithBall: kick ball away from opp at ang 16.316125
 2340: (kick 25.621380 -177.407721), vecDesired (-0.705241,-0.194413) -176.503489 posDes(32.967065,-13.343966)
(b)r: 0.221069 phi: 0.481132 vel: ( 0, 0 ) (2341,0) rel: ( 0.221062, 0.00185637 ), (2341,0) global: ( 33.6723, -13.1496 ), (2341,0), changes: 0.02, -0.7 last seen:(2339,0) globalposderived: (2339,0)
 2341: turnWithBall: kick ball away from opp at ang -20.315607
 2341: (kick 25.223882 157.141991), vecDesired (-0.704860,0.124773) 146.864780 posDes(32.967446,-13.024780)
 3759: direction old: -89.616036, new: -86.331770
(b)r: 1.67684 phi: -2.09121 vel: ( 0.0215527, -0.236561 ) (3760,0) rel: ( 1.67572, -0.0611886 ), (3760,0) global: ( 40.9192, -22.7369 ), (3760,0), changes: 0.044, -1.5 last seen:(3759,0) globalposderived: (3759,0)
 3760: direction old: -83.308463, new: -88.855242
(b)r: 1.6 phi: -3 vel: ( 0.0221478, -0.237277 ) (3760,0) rel: ( 1.59781, -0.0837375 ), (3760,0) global: ( 40.7698, -22.791 ), (3760,0), changes: -0.128, -1.2 last seen:(3760,0) globalposderived: (3760,0)
(b)r: 1.46309 phi: 0.843934 vel: ( 0.020819, -0.22304 ) (3761,0) rel: ( 1.46293, 0.0215497 ), (3761,0) global: ( 40.792, -23.0283 ), (3761,0), changes: -0.128, -1.2 last seen:(3760,0) globalposderived: (3760,0)
(b)r: 1.03279 phi: 1.98633 vel: ( 0.0195698, -0.209658 ) (3762,0) rel: ( 1.03217, 0.0357978 ), (3762,0) global: ( 40.8128, -23.2514 ), (3762,0), changes: -0.128, -1.2 last seen:(3760,0) globalposderived: (3760,0)
 3762: turnWithBall: turn since ball will be kickable in t+1
 3762: direction old: -98.622953, new: -89.086470
(b)r: 1.1 phi: 3 vel: ( 0.0194063, -0.204594 ) (3762,0) rel: ( 1.09849, 0.0575696 ), (3762,0) global: ( 40.9979, -23.2461 ), (3762,0), changes: -0.11, 1.4 last seen:(3762,0) globalposderived: (3762,0)
 3762: turnWithBall: freeze ball
(b)r: 0.802867 phi: 4.16874 vel: ( 0.000115919, -0.0173201 ) (3763,0) rel: ( 0.800743, 0.0583636 ), (3763,0) global: ( 40.998, -23.2645 ), (3763,0), changes: -0.11, 1.4 last seen:(3762,0) globalposderived: (3762,0)
 3763: turnWithBall: turn since ball will be kickable in t+1
 3763: direction old: -74.728085, new: -86.535038
(b)r: 0.8 phi: 5 vel: ( 0.0035765, -0.0212519 ) (3763,0) rel: ( 0.796956, 0.0697246 ), (3763,0) global: ( 40.8227, -23.2437 ), (3763,0), changes: -0.128, 1.1 last seen:(3763,0) globalposderived: (3763,0)
 3763: turnWithBall: turn since ball will be kickable in t+1
(b)r: 0.677017 phi: -81.9697 vel: ( 0.00336191, -0.0199768 ) (3764,0) rel: ( 0.094577, -0.670378 ), (3764,0) global: ( 40.8263, -23.265 ), (3764,0), changes: -0.128, 1.1 last seen:(3763,0) globalposderived: (3763,0)
 3764: turnWithBall: turn since ball will be kickable in t+1
(b)r: 0.634104 phi: -149.623 vel: ( 0.00316019, -0.0187782 ) (3765,0) rel: ( -0.547051, -0.320661 ), (3765,0) global: ( 40.8296, -23.2849 ), (3765,0), changes: -0.128, 1.1 last seen:(3763,0) globalposderived: (3763,0)
 3765: ball (40.829619,-23.284944), agent (40.759418,-22.654738), to (42.794780,-18.087758) ang 65.978937 65.978937
 3765: relpos body (0.634104,-149.622779), vel. ball:(0.003160,-0.018778) dist: 1.177293 (0.300000,0.085000,0.792293)
 3765: point good and can reach point 46.146890
 3765: 2 pos: ball(40.777745,-23.224781), ball_prev(40.822680,-23.243715), agentdiff(-0.048027,0.126804)
 3765: direction old: -81.123390, new: -84.560664
(b)r: 0.7 phi: -146 vel: ( 0.00316019, -0.0187782 ) (3765,0) rel: ( -0.580326, -0.391435 ), (3765,0) global: ( 40.7777, -23.2248 ), (3765,0), changes: -0.128, 1.1 last seen:(3765,0) globalposderived: (3765,0)
 3765: ball (40.777745,-23.224781), agent (40.711390,-22.527933), to (43.101835,-18.136376) ang 61.439336 61.439336
 3765: relpos body (0.700000,-146.000000), vel. ball:(0.003160,-0.018778) dist: 1.177293 (0.300000,0.085000,0.792293)
 3765: point good and can reach point 47.153792
(b)r: 0.458151 phi: -44.703 vel: ( 0.348967, 0.739444 ) (3766,0) rel: ( 0.325637, -0.322278 ), (3766,0) global: ( 41.149, -22.4381 ), (3766,0), changes: -0.128, 1.1 last seen:(3765,0) globalposderived: (3765,0)
 3766: ball (41.148986,-22.438139), agent (40.710242,-22.570072), to (43.100687,-18.178515) ang 61.439336 61.439336
 3766: relpos body (0.458151,-44.702996), vel. ball:(0.348967,0.739444) dist: 1.177293 (0.300000,0.085000,0.792293)
 3766: point good and can reach point 0.389209
 3766: direction old: 39.240607, new: 20.689394
(b)r: 0.4 phi: -41 vel: ( 0.322773, 0.702377 ) (3766,0) rel: ( 0.301884, -0.262424 ), (3766,0) global: ( 41.2581, -22.5133 ), (3766,0), changes: 0.52, 76.8 last seen:(3766,0) globalposderived: (3766,0)
 3766: ball (41.258084,-22.513347), agent (40.883880,-22.654667), to (43.255136,-18.252720) ang 61.689394 61.689394
 3766: relpos body (0.400000,-41.000000), vel. ball:(0.322773,0.702377) dist: 1.177293 (0.300000,0.085000,0.792293)
 3766: point good and can reach point 1.880482
(b)r: 0.583412 phi: -20.4975 vel: ( 0.303407, 0.660234 ) (3767,0) rel: ( 0.546474, -0.204291 ), (3767,0) global: ( 41.5809, -21.811 ), (3767,0), changes: 0.52, 76.8 last seen:(3766,0) globalposderived: (3766,0)
 3767: ball (41.580858,-21.810970), agent (41.141836,-22.195195), to (43.513092,-17.793248) ang 61.689394 61.689394
 3767: relpos body (0.583412,-20.497454), vel. ball:(0.303407,0.660234) dist: 1.177293 (0.300000,0.085000,0.792293)
 3767: point good and can reach point 1.887373
(b)r: 0.516619 phi: -17.8422 vel: ( 0.285203, 0.62062 ) (3768,0) rel: ( 0.491772, -0.15829 ), (3768,0) global: ( 41.8843, -21.1507 ), (3768,0), changes: 0.52, 76.8 last seen:(3766,0) globalposderived: (3766,0)
 3768: ball (41.884265,-21.150736), agent (41.511684,-21.508618), to (43.882940,-17.106670) ang 61.689394 61.689394
 3768: relpos body (0.516619,-17.842199), vel. ball:(0.285203,0.620620) dist: 1.177293 (0.300000,0.085000,0.792293)
 3768: point good and can reach point 3.585060
 3768: direction old: 36.428921, new: 47.615453
(b)r: 0.5 phi: -14 vel: ( 0.274645, 0.622363 ) (3768,0) rel: ( 0.485148, -0.120961 ), (3768,0) global: ( 41.6989, -21.167 ), (3768,0), changes: 0.28, 15.6 last seen:(3768,0) globalposderived: (3768,0)
 3768: ball (41.698877,-21.167000), agent (41.361825,-21.536319), to (43.738760,-17.137435) ang 61.615453 61.615453
 3768: relpos body (0.500000,-14.000000), vel. ball:(0.274645,0.622363) dist: 1.177293 (0.300000,0.085000,0.792293)
 3768: point good and can reach point 3.865694
(b)r: 0.807731 phi: -5.82723 vel: ( 0.258166, 0.585021 ) (3769,0) rel: ( 0.803557, -0.0820082 ), (3769,0) global: ( 41.9735, -20.5446 ), (3769,0), changes: 0.28, 15.6 last seen:(3768,0) globalposderived: (3768,0)
 3769: ball (41.973522,-20.544637), agent (41.531824,-21.220901), to (43.826863,-16.778739) ang 62.676908 62.676908
 3769: relpos body (0.807731,-5.827229), vel. ball:(0.258166,0.585021) dist: 1.177293 (0.300000,0.085000,0.792293)
 3769: point good and can reach point 5.815775
 3769: direction old: 67.496438, new: 56.857867
(b)r: 0.8 phi: -6 vel: ( 0.255396, 0.578685 ) (3769,0) rel: ( 0.795618, -0.0836228 ), (3769,0) global: ( 42.1065, -20.6095 ), (3769,0), changes: 0.448, 6.2 last seen:(3769,0) globalposderived: (3769,0)
 3769: ball (42.106507,-20.609516), agent (41.669133,-21.279369), to (43.950130,-16.829981) ang 62.857867 62.857867
 3769: relpos body (0.800000,-6.000000), vel. ball:(0.255396,0.578685) dist: 1.177293 (0.300000,0.085000,0.792293)
 3769: point good and can reach point 6.069239
(b)r: 0.733042 phi: -3.66818 vel: ( 0.240073, 0.543964 ) (3770,0) rel: ( 0.73154, -0.0468986 ), (3770,0) global: ( 42.3619, -20.0308 ), (3770,0), changes: 0.448, 6.2 last seen:(3769,0) globalposderived: (3769,0)
 3770: ball (42.361903,-20.030831), agent (41.986441,-20.660417), to (44.267438,-16.211029) ang 62.857867 62.857867
 3770: relpos body (0.733042,-3.668179), vel. ball:(0.240073,0.543964) dist: 1.177293 (0.300000,0.085000,0.792293)
 3770: point good and can reach point 7.503373
(b)r: 1.15409 phi: -1.7706 vel: ( 0.316179, 0.639909 ) (3771,0) rel: ( 1.15354, -0.0356589 ), (3771,0) global: ( 42.6983, -19.3501 ), (3771,0), changes: 0.448, 6.2 last seen:(3769,0) globalposderived: (3769,0)
 3771: ball (42.698264,-19.350077), agent (42.140288,-20.360318), to (44.421285,-15.910930) ang 62.857867 62.857867
 3771: relpos body (1.154091,-1.770596), vel. ball:(0.316179,0.639909) dist: 1.177293 (0.300000,0.085000,0.792293)
 3771: point good and can reach point 0.574640
 3771: direction old: 56.777322, new: 58.531152
(b)r: 1.1 phi: -4 vel: ( 0.325439, 0.620617 ) (3771,0) rel: ( 1.09732, -0.0767321 ), (3771,0) global: ( 42.6317, -19.3903 ), (3771,0), changes: 0.528, 0.9 last seen:(3771,0) globalposderived: (3771,0)
 3771: ball (42.631670,-19.390308), agent (42.057432,-20.328525), to (44.363763,-15.892216) ang 62.531152 62.531152
 3771: relpos body (1.100000,-4.000000), vel. ball:(0.325439,0.620617) dist: 1.177293 (0.300000,0.085000,0.792293)
 3771: point good and can reach point 3.483265
(b)r: 1.10538 phi: -4.10937 vel: ( 0.305913, 0.58338 ) (3772,0) rel: ( 1.10254, -0.0792121 ), (3772,0) global: ( 42.9571, -18.7697 ), (3772,0), changes: 0.528, 0.9 last seen:(3771,0) globalposderived: (3771,0)
 3772: ball (42.957110,-18.769691), agent (42.378265,-19.711392), to (44.684596,-15.275083) ang 62.531152 62.531152
 3772: relpos body (1.105378,-4.109375), vel. ball:(0.305913,0.583380) dist: 1.177293 (0.300000,0.085000,0.792293)
 3772: point good and can reach point 5.485363
 3772: direction old: 51.581015, new: 58.195331
(b)r: 1.2 phi: -4 vel: ( 0.317667, 0.595028 ) (3772,0) rel: ( 1.19708, -0.0837078 ), (3772,0) global: ( 42.9224, -18.591 ), (3772,0), changes: 0.36, 0.8 last seen:(3772,0) globalposderived: (3772,0)
(b)r: 1.03117 phi: -4.0277 vel: ( 0.298607, 0.559326 ) (3773,0) rel: ( 1.02862, -0.072428 ), (3773,0) global: ( 43.2401, -17.996 ), (3773,0), changes: 0.36, 0.8 last seen:(3772,0) globalposderived: (3772,0)
 3773: ball (43.240061,-17.995999), agent (42.696186,-18.872075), to (45.028479,-14.449361) ang 62.195331 62.195331
 3773: relpos body (1.031170,-4.027696), vel. ball:(0.298607,0.559326) dist: 1.177293 (0.300000,0.085000,0.792293)
 3773: point good and can reach point 6.463683
(b)r: 0.761987 phi: -6.89476 vel: ( 0.280691, 0.525767 ) (3774,0) rel: ( 0.756477, -0.0914736 ), (3774,0) global: ( 43.5387, -17.4367 ), (3774,0), changes: 0.36, 0.8 last seen:(3772,0) globalposderived: (3772,0)
 3774: ball (43.538668,-17.436673), agent (43.104891,-18.063140), to (50.000000,0.000000) ang 62.195331 62.195331
 3774: relpos body (0.761987,-6.894762), vel. ball:(0.280691,0.525767) dist: 1.177293 (0.300000,0.085000,0.792293)
 3774: pos (1.420365,3.833025) too far, but can acc ball good to 2.942128 k=2.352968,-0.080512
 3774: direction old: 65.917026, new: 58.581975
(b)r: 0.7 phi: -4 vel: ( 0.270406, 0.524645 ) (3774,0) rel: ( 0.698295, -0.0488295 ), (3774,0) global: ( 43.5694, -17.5869 ), (3774,0), changes: 0.154, 1.1 last seen:(3774,0) globalposderived: (3774,0)
 3774: ball (43.569392,-17.586946), agent (43.204498,-18.184317), to (50.000000,0.000000) ang 62.581975 62.581975
 3774: relpos body (0.700000,-4.000000), vel. ball:(0.270406,0.524645) dist: 1.177293 (0.300000,0.085000,0.792293)
 3774: pos (1.403767,3.839135) too far, but can acc ball good to 3.001106 k=2.416633,-0.073794
 4183: 2 pos: ball(-2.940279,-16.129372), ball_prev(-3.751420,-16.104860), agentdiff(0.095398,-0.227893)
 4183: direction old: 145.804802, new: 148.465271
(b)r: 2 phi: -93 vel: ( 0.325995, 0.0926326 ) (4183,0) rel: ( -0.104672, -1.99726 ), (4183,0) global: ( -2.94028, -16.1294 ), (4183,0), changes: -0.33, -1.4 last seen:(4183,0) globalposderived: (4183,0)
(b)r: 1.89279 phi: -111.016 vel: ( 0.306436, 0.0870746 ) (4184,0) rel: ( -0.678807, -1.76688 ), (4184,0) global: ( -2.61428, -16.0367 ), (4184,0), changes: -0.33, -1.4 last seen:(4183,0) globalposderived: (4183,0)
 4184: 2 pos: ball(-2.739950,-16.008830), ball_prev(-2.940279,-16.129372), agentdiff(0.002822,-0.001393)
 4184: vel based on 2 pos: (0.185656,0.114619)
 4184: direction old: 130.486910, new: 132.706383
(b)r: 2 phi: -109 vel: ( 0.185656, 0.114619 ) (4184,0) rel: ( -0.651136, -1.89104 ), (4184,0) global: ( -2.73995, -16.0088 ), (4184,0), changes: -0.33, -1.4 last seen:(4184,0) globalposderived: (4184,0)
 4186: 2 pos: ball(-2.433374,-15.752390), ball_prev(-2.739950,-16.008830), agentdiff(-0.182878,0.116705)
 4186: direction old: 111.688972, new: 112.754987
(b)r: 1.74822 phi: 66.3647 vel: ( 0.209553, 0.0598257 ) (4187,0) rel: ( 0.700884, 1.60157 ), (4187,0) global: ( -2.21045, -15.6887 ), (4187,0), changes: -0.33, -1.4 last seen:(4186,0) globalposderived: (4186,0)
 4187: 2 pos: ball(-2.020996,-15.648124), ball_prev(-2.433374,-15.752390), agentdiff(0.204463,-0.010250)
 4187: vel based on 2 pos: (0.195440,0.107644)
 4187: direction old: 124.462298, new: 118.749142
(b)r: 1.8 phi: 66 vel: ( 0.19544, 0.107644 ) (4187,0) rel: ( 0.732126, 1.64438 ), (4187,0) global: ( -2.021, -15.6481 ), (4187,0), changes: -0.33, -1.4 last seen:(4187,0) globalposderived: (4187,0)
(b)r: 1.82754 phi: 43.2969 vel: ( 0.183714, 0.101186 ) (4188,0) rel: ( 1.3301, 1.25329 ), (4188,0) global: ( -1.82556, -15.5405 ), (4188,0), changes: -0.33, -1.4 last seen:(4187,0) globalposderived: (4187,0)
(b)r: 1.49161 phi: 48.6649 vel: ( 0.172691, 0.0951146 ) (4189,0) rel: ( 0.985153, 1.11999 ), (4189,0) global: ( -1.64184, -15.4393 ), (4189,0), changes: -0.33, -1.4 last seen:(4187,0) globalposderived: (4187,0)
 4189: 2 pos: ball(-1.696156,-15.340637), ball_prev(-2.020996,-15.648124), agentdiff(0.219368,0.264292)
 4189: direction old: 129.618026, new: 128.813126
(b)r: 1.5 phi: 69 vel: ( 0, 0 ) (4189,0) rel: ( 0.537552, 1.40037 ), (4189,0) global: ( -1.69616, -15.3406 ), (4189,0), changes: -0.33, -1.4 last seen:(4189,0) globalposderived: (4189,0)
(b)r: 1.40041 phi: 89.5654 vel: ( 0, 0 ) (4190,0) rel: ( 0.0106216, 1.40037 ), (4190,0) global: ( -1.69616, -15.3406 ), (4190,0), changes: -0.33, -1.4 last seen:(4189,0) globalposderived: (4189,0)
 4190: 2 pos: ball(-1.635157,-15.594882), ball_prev(-1.696156,-15.340637), agentdiff(-0.176062,-0.250046)
 4190: vel based on 2 pos: (0.222837,-0.003947)
 4190: direction old: 136.888625, new: 143.776753
(b)r: 1.2 phi: 84 vel: ( 0, 0 ) (4190,0) rel: ( 0.125434, 1.19343 ), (4190,0) global: ( -1.63516, -15.5949 ), (4190,0), changes: -0.33, -1.4 last seen:(4190,0) globalposderived: (4190,0)
(b)r: 1.20022 phi: 96.0977 vel: ( 0, 0 ) (4191,0) rel: ( -0.127492, 1.19343 ), (4191,0) global: ( -1.63516, -15.5949 ), (4191,0), changes: -0.33, -1.4 last seen:(4190,0) globalposderived: (4190,0)
(b)r: 1.2223 phi: 101.991 vel: ( 0, 0 ) (4192,0) rel: ( -0.253936, 1.19563 ), (4192,0) global: ( -1.63516, -15.5949 ), (4192,0), changes: -0.33, -1.4 last seen:(4190,0) globalposderived: (4190,0)
 4192: 2 pos: ball(-1.238195,-15.360277), ball_prev(-1.635157,-15.594882), agentdiff(0.099185,0.112098)
 4192: direction old: 167.892057, new: 149.673075
(b)r: 1 phi: 90 vel: ( 0, 0 ) (4192,0) rel: ( 6.12323e-17, 1 ), (4192,0) global: ( -1.23819, -15.3603 ), (4192,0), changes: -0.33, -1.4 last seen:(4192,0) globalposderived: (4192,0)
 4192: turnWithBall: kick ball away from opp at ang -145.326925
 4192: (kick 72.080977 -66.718091), vecDesired (1.315237,-0.162540) -25.000000 posDes(0.077042,-15.522817)
(b)r: 0.519243 phi: -23.7724 vel: ( 1.23675, -0.137127 ) (4193,0) rel: ( 0.475187, -0.209309 ), (4193,0) global: ( 0.0774956, -15.5062 ), (4193,0), changes: -0.33, -1.4 last seen:(4192,0) globalposderived: (4192,0)
 4193: turnWithBall: freeze ball
 4193: direction old: 62.793446, new: 34.964240
(b)r: 0.6 phi: -25 vel: ( 1.26763, -0.11476 ) (4193,0) rel: ( 0.543785, -0.253571 ), (4193,0) global: ( 0.31878, -15.6494 ), (4193,0), changes: 0.984, -79.5 last seen:(4193,0) globalposderived: (4193,0)
 4193: turnWithBall: freeze ball
(b)r: 0.67253 phi: -27.9765 vel: ( 0.0839025, 0.028832 ) (4194,0) rel: ( 0.593938, -0.31549 ), (4194,0) global: ( 0.408038, -15.6188 ), (4194,0), changes: 0.984, -79.5 last seen:(4193,0) globalposderived: (4193,0)
 4194: turnWithBall: turn since ball will be kickable in t+1
(b)r: 0.741619 phi: 10.2265 vel: ( 0.0788683, 0.0271021 ) (4195,0) rel: ( 0.729837, 0.131667 ), (4195,0) global: ( 0.49194, -15.5899 ), (4195,0), changes: 0.984, -79.5 last seen:(4193,0) globalposderived: (4193,0)
 4195: ball (0.491940,-15.589945), agent (-0.152928,-15.956200), to (4.564109,-14.298021) ang 19.368102 19.368102
 4195: relpos body (0.741619,10.226482), vel. ball:(0.078868,0.027102) dist: 1.177293 (0.300000,0.085000,0.792293)
 4195: point good and can reach point 29.165334
 4195: direction old: 29.978378, new: 26.189842
(b)r: 1 phi: 11 vel: ( 0.181278, 0.0582743 ) (4195,0) rel: ( 0.981627, 0.190809 ), (4195,0) global: ( 0.684943, -15.5549 ), (4195,0), changes: 0.18, -1.9 last seen:(4195,0) globalposderived: (4195,0)
 4195: ball (0.684943,-15.554891), agent (-0.212393,-15.996238), to (4.612921,-14.686147) ang 15.189842 15.189842
 4195: relpos body (1.000000,11.000000), vel. ball:(0.181278,0.058274) dist: 1.177293 (0.300000,0.085000,0.792293)
 4195: point good and can reach point 27.249557
(b)r: 1.75408 phi: 5.21196 vel: ( 0.701913, 0.159922 ) (4196,0) rel: ( 1.74683, 0.159342 ), (4196,0) global: ( 1.43166, -15.3848 ), (4196,0), changes: 0.18, -1.9 last seen:(4195,0) globalposderived: (4195,0)
 4196: direction old: 20.401806, new: 19.189842
(b)r: 1.8 phi: 4 vel: ( 0.727056, 0.149319 ) (4196,0) rel: ( 1.79562, 0.125562 ), (4196,0) global: ( 1.48759, -15.4046 ), (4196,0), changes: 0.756, -3.7 last seen:(4196,0) globalposderived: (4196,0)
(b)r: 1.98996 phi: 2.27987 vel: ( 0.683433, 0.14036 ) (4197,0) rel: ( 1.98839, 0.0791622 ), (4197,0) global: ( 2.21465, -15.2553 ), (4197,0), changes: 0.756, -3.7 last seen:(4196,0) globalposderived: (4196,0)
(b)r: 1.90746 phi: 2.29433 vel: ( 0.642427, 0.131938 ) (4198,0) rel: ( 1.90593, 0.0763613 ), (4198,0) global: ( 2.89808, -15.1149 ), (4198,0), changes: 0.756, -3.7 last seen:(4196,0) globalposderived: (4196,0)
 4198: direction old: 17.684758, new: 15.132725
(b)r: 1.77256 phi: -4.14051 vel: ( 0.625707, 0.106149 ) (4199,0) rel: ( 1.76793, -0.127983 ), (4199,0) global: ( 3.53285, -15.1053 ), (4199,0), changes: 0.32, -2 last seen:(4198,0) globalposderived: (4198,0)
 4199: direction old: 1.566514, new: 8.990323
(b)r: 1.6 phi: -6 vel: ( 0.617954, 0.0939076 ) (4199,0) rel: ( 1.59124, -0.167246 ), (4199,0) global: ( 3.44178, -14.901 ), (4199,0), changes: 0.192, -3.2 last seen:(4199,0) globalposderived: (4199,0)
(b)r: 1.81964 phi: -0.636136 vel: ( 0.580877, 0.0882732 ) (4200,0) rel: ( 1.81953, -0.0202024 ), (4200,0) global: ( 4.05974, -14.8071 ), (4200,0), changes: 0.192, -3.2 last seen:(4199,0) globalposderived: (4199,0)
(b)r: 1.69365 phi: -1.96334 vel: ( 0.546025, 0.0829768 ) (4201,0) rel: ( 1.69266, -0.0580247 ), (4201,0) global: ( 4.64062, -14.7188 ), (4201,0), changes: 0.192, -3.2 last seen:(4199,0) globalposderived: (4199,0)
 4201: direction old: 3.031607, new: 3.968640
(b)r: 1.8 phi: -2 vel: ( 0.548083, 0.0750412 ) (4201,0) rel: ( 1.7989, -0.0628191 ), (4201,0) global: ( 4.76149, -14.6829 ), (4201,0), changes: 0.216, -0.4 last seen:(4201,0) globalposderived: (4201,0)
(b)r: 1.49158 phi: -3.47479 vel: ( 0.515198, 0.0705387 ) (4202,0) rel: ( 1.48884, -0.0904035 ), (4202,0) global: ( 5.30957, -14.6079 ), (4202,0), changes: 0.216, -0.4 last seen:(4201,0) globalposderived: (4201,0)
 4202: direction old: 2.475803, new: 2.040313
(b)r: 1.5 phi: -4 vel: ( 0.520061, 0.0683089 ) (4202,0) rel: ( 1.49635, -0.104635 ), (4202,0) global: ( 5.31838, -14.6189 ), (4202,0), changes: 0.12, -0.1 last seen:(4202,0) globalposderived: (4202,0)
(b)r: 1.62329 phi: 4.50829 vel: ( 0.488857, 0.0642103 ) (4203,0) rel: ( 1.61827, 0.127596 ), (4203,0) global: ( 5.83844, -14.5506 ), (4203,0), changes: 0.12, -0.1 last seen:(4202,0) globalposderived: (4202,0)
(b)r: 1.46258 phi: 6.83977 vel: ( 0.459526, 0.0603577 ) (4204,0) rel: ( 1.45217, 0.174183 ), (4204,0) global: ( 6.3273, -14.4864 ), (4204,0), changes: 0.12, -0.1 last seen:(4202,0) globalposderived: (4202,0)
 4204: direction old: 1.174052, new: 5.098855
(b)r: 1.5 phi: 7 vel: ( 0.456762, 0.0698047 ) (4204,0) rel: ( 1.48882, 0.182804 ), (4204,0) global: ( 6.26178, -14.385 ), (4204,0), changes: 0.15, 2.3 last seen:(4204,0) globalposderived: (4204,0)
(b)r: 1.64581 phi: -0.170491 vel: ( 0.429356, 0.0656165 ) (4205,0) rel: ( 1.6458, -0.00489729 ), (4205,0) global: ( 6.71854, -14.3152 ), (4205,0), changes: 0.15, 2.3 last seen:(4204,0) globalposderived: (4204,0)
 4205: direction old: 10.861763, new: 7.776276
(b)r: 1.6 phi: 1 vel: ( 0.413201, 0.0772782 ) (4205,0) rel: ( 1.59976, 0.0279239 ), (4205,0) global: ( 6.73865, -14.3991 ), (4205,0), changes: 0.256, 1.7 last seen:(4205,0) globalposderived: (4205,0)
(b)r: 1.36846 phi: 3.29734 vel: ( 0.388409, 0.0726415 ) (4206,0) rel: ( 1.36619, 0.0787106 ), (4206,0) global: ( 7.15185, -14.3218 ), (4206,0), changes: 0.256, 1.7 last seen:(4205,0) globalposderived: (4205,0)
(b)r: 1.44757 phi: -2.1112 vel: ( 0.365105, 0.068283 ) (4207,0) rel: ( 1.44659, -0.0533271 ), (4207,0) global: ( 7.54026, -14.2491 ), (4207,0), changes: 0.256, 1.7 last seen:(4205,0) globalposderived: (4205,0)
 4207: direction old: 11.887839, new: 12.512248
(b)r: 1.3 phi: 0 vel: ( 0.324059, 0.0704933 ) (4207,0) rel: ( 1.3, 0 ), (4207,0) global: ( 7.35787, -14.2731 ), (4207,0), changes: 0.182, 0.4 last seen:(4207,0) globalposderived: (4207,0)
(b)r: 0.979783 phi: -2.08133 vel: ( 0.304615, 0.0662637 ) (4208,0) rel: ( 0.979136, -0.0355837 ), (4208,0) global: ( 7.68193, -14.2026 ), (4208,0), changes: 0.182, 0.4 last seen:(4207,0) globalposderived: (4207,0)
 4208: ball (7.681926,-14.202565), agent (6.718335,-14.379955), to (11.599584,-13.296713) ang 12.512248 12.512248
 4208: relpos body (0.979783,-2.081325), vel. ball:(0.304615,0.066264) dist: 1.177293 (0.300000,0.085000,0.792293)
 4208: point good and can reach point 21.018034
 4208: direction old: 11.367513, new: 10.562141
(b)r: 1.1 phi: -2 vel: ( 0.313847, 0.0691827 ) (4208,0) rel: ( 1.09933, -0.0383894 ), (4208,0) global: ( 7.81549, -14.1915 ), (4208,0), changes: 0.022, -0.8 last seen:(4208,0) globalposderived: (4208,0)
 4208: ball (7.815490,-14.191484), agent (6.734127,-14.393116), to (11.614431,-13.305624) ang 12.562141 12.562141
 4208: relpos body (1.100000,-2.000000), vel. ball:(0.313847,0.069183) dist: 1.177293 (0.300000,0.085000,0.792293)
 4208: point good and can reach point 21.585224
(b)r: 1.52422 phi: -2.50954 vel: ( 0.694802, 0.161471 ) (4209,0) rel: ( 1.52276, -0.0667392 ), (4209,0) global: ( 8.55464, -14.0197 ), (4209,0), changes: 0.022, -0.8 last seen:(4208,0) globalposderived: (4208,0)
(b)r: 1.60486 phi: -2.1516 vel: ( 0.653114, 0.151782 ) (4210,0) rel: ( 1.60373, -0.0602524 ), (4210,0) global: ( 9.24944, -13.8582 ), (4210,0), changes: 0.022, -0.8 last seen:(4208,0) globalposderived: (4208,0)
 4210: direction old: 13.489465, new: 9.512174
(b)r: 1.6 phi: -3 vel: ( 0.646113, 0.140228 ) (4210,0) rel: ( 1.59781, -0.0837375 ), (4210,0) global: ( 9.22719, -13.9777 ), (4210,0), changes: 0.352, 0.2 last seen:(4210,0) globalposderived: (4210,0)
(b)r: 1.43956 phi: -3.45755 vel: ( 0.607346, 0.131814 ) (4211,0) rel: ( 1.43694, -0.0868188 ), (4211,0) global: ( 9.8733, -13.8375 ), (4211,0), changes: 0.352, 0.2 last seen:(4210,0) globalposderived: (4210,0)
 4211: direction old: 8.776736, new: 8.634099
(b)r: 1.3 phi: -4 vel: ( 0.584091, 0.121098 ) (4211,0) rel: ( 1.29683, -0.0906834 ), (4211,0) global: ( 9.73539, -13.862 ), (4211,0), changes: 0.182, -0.1 last seen:(4211,0) globalposderived: (4211,0)
(b)r: 1.49547 phi: 2.50555 vel: ( 0.549045, 0.113832 ) (4212,0) rel: ( 1.49404, 0.065376 ), (4212,0) global: ( 10.3195, -13.7409 ), (4212,0), changes: 0.182, -0.1 last seen:(4211,0) globalposderived: (4211,0)
(b)r: 1.34208 phi: 5.30255 vel: ( 0.516102, 0.107002 ) (4213,0) rel: ( 1.33634, 0.124029 ), (4213,0) global: ( 10.8685, -13.6271 ), (4213,0), changes: 0.182, -0.1 last seen:(4211,0) globalposderived: (4211,0)
 4213: direction old: 9.904708, new: 10.330109
(b)r: 1.5 phi: 3 vel: ( 0.528435, 0.101375 ) (4213,0) rel: ( 1.49794, 0.0785039 ), (4213,0) global: ( 11.0383, -13.5862 ), (4213,0), changes: 0.21, 0.8 last seen:(4213,0) globalposderived: (4213,0)
(b)r: 1.25908 phi: 4.46501 vel: ( 0.496729, 0.0952929 ) (4214,0) rel: ( 1.25526, 0.0980197 ), (4214,0) global: ( 11.5667, -13.4848 ), (4214,0), changes: 0.21, 0.8 last seen:(4213,0) globalposderived: (4213,0)
 4214: direction old: 11.999131, new: 12.351901
(b)r: 1.2 phi: 5 vel: ( 0.50084, 0.0940119 ) (4214,0) rel: ( 1.19543, 0.104587 ), (4214,0) global: ( 11.5071, -13.4899 ), (4214,0), changes: 0.144, 0.4 last seen:(4214,0) globalposderived: (4214,0)
(b)r: 1.3302 phi: -2.06307 vel: ( 0.470789, 0.0883712 ) (4215,0) rel: ( 1.32934, -0.0478868 ), (4215,0) global: ( 12.0079, -13.3959 ), (4215,0), changes: 0.144, 0.4 last seen:(4214,0) globalposderived: (4214,0)
(b)r: 1.13954 phi: -5.74674 vel: ( 0.442542, 0.0830689 ) (4216,0) rel: ( 1.13381, -0.114103 ), (4216,0) global: ( 12.4787, -13.3075 ), (4216,0), changes: 0.144, 0.4 last seen:(4214,0) globalposderived: (4214,0)
 4216: ball (12.478707,-13.307527), agent (11.351940,-13.477636), to (16.196330,-12.239944) ang 14.331895 14.331895
 4216: relpos body (1.139535,-5.746743), vel. ball:(0.442542,0.083069) dist: 1.177293 (0.300000,0.085000,0.792293)
 4216: point good and can reach point 13.740947
 4216: direction old: 10.574277, new: 6.806162
(b)r: 1.2 phi: -8 vel: ( 0.459, 0.0837799 ) (4216,0) rel: ( 1.18832, -0.167008 ), (4216,0) global: ( 12.6016, -13.3648 ), (4216,0), changes: 0.168, -1.6 last seen:(4216,0) globalposderived: (4216,0)
(b)r: 1.35963 phi: 5.10055 vel: ( 0.43146, 0.0787531 ) (4217,0) rel: ( 1.35424, 0.120876 ), (4217,0) global: ( 13.0606, -13.281 ), (4217,0), changes: 0.168, -1.6 last seen:(4216,0) globalposderived: (4216,0)
 4217: direction old: -3.777845, new: 3.887645
(b)r: 1.5 phi: 3 vel: ( 0.449855, 0.0798286 ) (4217,0) rel: ( 1.49794, 0.0785039 ), (4217,0) global: ( 13.0773, -13.0816 ), (4217,0), changes: 0.33, 0.1 last seen:(4217,0) globalposderived: (4217,0)
(b)r: 1.30149 phi: 4.66174 vel: ( 0.422864, 0.0750389 ) (4218,0) rel: ( 1.29718, 0.105776 ), (4218,0) global: ( 13.5271, -13.0018 ), (4218,0), changes: 0.33, 0.1 last seen:(4217,0) globalposderived: (4217,0)
(b)r: 0.888801 phi: 8.41903 vel: ( 0.397492, 0.0705366 ) (4219,0) rel: ( 0.879223, 0.130131 ), (4219,0) global: ( 13.95, -12.9268 ), (4219,0), changes: 0.33, 0.1 last seen:(4217,0) globalposderived: (4217,0)
 4219: ball (13.950006,-12.926753), agent (13.072905,-13.070489), to (18.072305,-12.993030) ang 0.887645 0.887645
 4219: relpos body (0.888801,8.419027), vel. ball:(0.397492,0.070537) dist: 1.177293 (0.300000,0.085000,0.792293)
 4219: point good and can reach point 17.083797
 4219: direction old: 7.083483, new: 11.770835
(b)r: 0.9 phi: 11 vel: ( 0.410167, 0.0797732 ) (4219,0) rel: ( 0.883464, 0.171728 ), (4219,0) global: ( 14.1154, -12.8321 ), (4219,0), changes: 0.036, 3.6 last seen:(4219,0) globalposderived: (4219,0)
 4219: ball (14.115363,-12.832093), agent (13.234289,-13.015690), to (18.233837,-12.948424) ang 0.770835 0.770835
 4219: relpos body (0.900000,11.000000), vel. ball:(0.410167,0.079773) dist: 1.177293 (0.300000,0.085000,0.792293)
 4219: point good and can reach point 16.873411
(b)r: 1.24373 phi: 6.5133 vel: ( 0.707718, -0.0127187 ) (4220,0) rel: ( 1.2357, 0.141081 ), (4220,0) global: ( 14.8683, -12.8456 ), (4220,0), changes: 0.036, 3.6 last seen:(4219,0) globalposderived: (4219,0)
 4220: direction old: 11.267609, new: 7.940427
(b)r: 1.2 phi: 7 vel: ( 0.703741, -0.00670528 ) (4220,0) rel: ( 1.19106, 0.146243 ), (4220,0) global: ( 14.6051, -12.9691 ), (4220,0), changes: 0.504, -3.7 last seen:(4220,0) globalposderived: (4220,0)
(b)r: 1.70927 phi: -4.39295 vel: ( 0.661517, -0.00630297 ) (4221,0) rel: ( 1.70424, -0.130924 ), (4221,0) global: ( 15.3088, -12.9758 ), (4221,0), changes: 0.504, -3.7 last seen:(4220,0) globalposderived: (4220,0)
(b)r: 1.79022 phi: -9.07843 vel: ( 0.621826, -0.00592479 ) (4222,0) rel: ( 1.76779, -0.282472 ), (4222,0) global: ( 15.9703, -12.9821 ), (4222,0), changes: 0.504, -3.7 last seen:(4220,0) globalposderived: (4220,0)
 4222: direction old: 1.823608, new: -0.636629
(b)r: 1.8 phi: -10 vel: ( 0.626622, -0.0165843 ) (4222,0) rel: ( 1.77265, -0.312567 ), (4222,0) global: ( 16.1149, -13.0548 ), (4222,0), changes: 0.36, -2.8 last seen:(4222,0) globalposderived: (4222,0)
 4223: direction old: -2.358612, new: -1.858406
(b)r: 2 phi: 4 vel: ( 0.526887, -0.00180668 ) (4223,0) rel: ( 1.99513, 0.139513 ), (4223,0) global: ( 16.5829, -13.0474 ), (4223,0), changes: 0.4, -0.4 last seen:(4223,0) globalposderived: (4223,0)
(b)r: 1.92041 phi: 6.36281 vel: ( 0.495273, -0.00169828 ) (4224,0) rel: ( 1.90858, 0.212827 ), (4224,0) global: ( 17.1098, -13.0492 ), (4224,0), changes: 0.4, -0.4 last seen:(4223,0) globalposderived: (4223,0)
 4225: direction old: 0.852462, new: 0.383214
 4226: direction old: -2.768796, new: -0.766150
(b)r: 1.78332 phi: -4.58224 vel: ( 0.418796, -0.00937363 ) (4227,0) rel: ( 1.77762, -0.142469 ), (4227,0) global: ( 18.6463, -13.0086 ), (4227,0), changes: 0.132, -0.6 last seen:(4226,0) globalposderived: (4226,0)
(b)r: 1.30854 phi: -9.48323 vel: ( 0.393668, -0.00881121 ) (4228,0) rel: ( 1.29065, -0.215593 ), (4228,0) global: ( 19.0651, -13.018 ), (4228,0), changes: 0.132, -0.6 last seen:(4226,0) globalposderived: (4226,0)
 4228: direction old: 4.133399, new: -7.428656
(b)r: 1.2 phi: -10 vel: ( 0.407163, -0.0115693 ) (4228,0) rel: ( 1.18177, -0.208378 ), (4228,0) global: ( 19.184, -13.2506 ), (4228,0), changes: 0, -2.7 last seen:(4228,0) globalposderived: (4228,0)
(b)r: 1.17291 phi: 10.8629 vel: ( 0.382733, -0.0108752 ) (4229,0) rel: ( 1.15189, 0.221046 ), (4229,0) global: ( 19.5911, -13.2621 ), (4229,0), changes: 0, -2.7 last seen:(4228,0) globalposderived: (4228,0)
 4229: turnWithBall: kick ball close to desired turnangle 20.979335
 4229: (kick 47.524533 174.966792), vecDesired (-0.468479,0.399077) 41.662043 posDes(19.122634,-12.863048)
 4229: direction old: -8.142434, new: -9.205579
(b)r: 1.2 phi: 11 vel: ( 0.379587, -0.00596485 ) (4229,0) rel: ( 1.17795, 0.228971 ), (4229,0) global: ( 19.4901, -13.2702 ), (4229,0), changes: 0.168, 0.4 last seen:(4229,0) globalposderived: (4229,0)
(b)r: 1.37206 phi: 11.0119 vel: ( 0.356812, -0.00560696 ) (4230,0) rel: ( 1.3468, 0.262082 ), (4230,0) global: ( 19.8697, -13.2761 ), (4230,0), changes: 0.168, 0.4 last seen:(4229,0) globalposderived: (4229,0)
(b)r: 1.62275 phi: 2.9531 vel: ( 0.335403, -0.00527054 ) (4231,0) rel: ( 1.62059, 0.0836017 ), (4231,0) global: ( 20.2265, -13.2817 ), (4231,0), changes: 0.168, 0.4 last seen:(4229,0) globalposderived: (4229,0)
 4231: direction old: -13.567692, new: -8.499125
(b)r: 1.6 phi: 3 vel: ( 0.321107, -0.00759798 ) (4231,0) rel: ( 1.59781, 0.0837375 ), (4231,0) global: ( 20.1767, -13.1243 ), (4231,0), changes: 0.256, 0.9 last seen:(4231,0) globalposderived: (4231,0)
(b)r: 1.33392 phi: 6.92808 vel: ( 0.30184, -0.0071421 ) (4232,0) rel: ( 1.32418, 0.160902 ), (4232,0) global: ( 20.4978, -13.1319 ), (4232,0), changes: 0.256, 0.9 last seen:(4231,0) globalposderived: (4231,0)
 4232: direction old: -6.757331, new: -5.313407
(b)r: 1.3 phi: 6 vel: ( 0.302203, -0.014422 ) (4232,0) rel: ( 1.29288, 0.135887 ), (4232,0) global: ( 20.4762, -13.0963 ), (4232,0), changes: 0.026, 2 last seen:(4232,0) globalposderived: (4232,0)
(b)r: 1.33277 phi: -2.62054 vel: ( 0.284071, -0.0135566 ) (4233,0) rel: ( 1.33137, -0.0609356 ), (4233,0) global: ( 20.7784, -13.1108 ), (4233,0), changes: 0.026, 2 last seen:(4232,0) globalposderived: (4232,0)
(b)r: 0.963826 phi: -2.99389 vel: ( 0.267026, -0.0127432 ) (4234,0) rel: ( 0.96251, -0.05034 ), (4234,0) global: ( 21.0625, -13.1243 ), (4234,0), changes: 0.026, 2 last seen:(4232,0) globalposderived: (4232,0)
 4234: turnWithBall: turn since ball will be kickable in t+1
 4234: direction old: -7.840555, new: -3.925135
(b)r: 1.1 phi: -4 vel: ( 0.276992, -0.0175294 ) (4234,0) rel: ( 1.09732, -0.0767321 ), (4234,0) global: ( 21.2695, -13.077 ), (4234,0), changes: -0.022, -0.7 last seen:(4234,0) globalposderived: (4234,0)
 4234: turnWithBall: freeze ball
(b)r: 0.791582 phi: -4.29279 vel: ( 0.00729817, 0.000886747 ) (4235,0) rel: ( 0.789361, -0.0592525 ), (4235,0) global: ( 21.2772, -13.0761 ), (4235,0), changes: -0.022, -0.7 last seen:(4234,0) globalposderived: (4234,0)
 4235: turnWithBall: turn since ball will be kickable in t+1
 4235: direction old: 1.801736, new: -3.893980
(b)r: 0.7 phi: -4 vel: ( 0.0243485, 0.00464025 ) (4235,0) rel: ( 0.698295, -0.0488295 ), (4235,0) global: ( 21.1319, -13.1501 ), (4235,0), changes: -0.126, 0.3 last seen:(4235,0) globalposderived: (4235,0)
 4235: turnWithBall: turn since ball will be kickable in t+1
(b)r: 0.576493 phi: -29.721 vel: ( 0.0228876, 0.00436183 ) (4236,0) rel: ( 0.500655, -0.285812 ), (4236,0) global: ( 21.1563, -13.1455 ), (4236,0), changes: -0.126, 0.3 last seen:(4235,0) globalposderived: (4235,0)
 4236: ball (21.156251,-13.145498), agent (20.580622,-13.113959), to (25.051983,-10.876342) ang 26.584889 26.584889
 4236: relpos body (0.576493,-29.721024), vel. ball:(0.022888,0.004362) dist: 1.177293 (0.300000,0.085000,0.792293)
 4236: point good and can reach point 30.885772
(b)r: 1.2114 phi: -10.1121 vel: ( 0.610322, 0.352111 ) (4237,0) rel: ( 1.19258, -0.212692 ), (4237,0) global: ( 21.8055, -12.7709 ), (4237,0), changes: -0.126, 0.3 last seen:(4235,0) globalposderived: (4235,0)
 4237: direction old: 9.603324, new: 15.700835
(b)r: 1.2 phi: -13 vel: ( 0.583456, 0.348416 ) (4237,0) rel: ( 1.16924, -0.269941 ), (4237,0) global: ( 21.7196, -12.6562 ), (4237,0), changes: 0.6, 9 last seen:(4237,0) globalposderived: (4237,0)
(b)r: 1.8446 phi: 5.82046 vel: ( 0.548449, 0.327511 ) (4238,0) rel: ( 1.83509, 0.187064 ), (4238,0) global: ( 22.303, -12.3078 ), (4238,0), changes: 0.6, 9 last seen:(4237,0) globalposderived: (4237,0)
 4238: direction old: 26.263376, new: 21.544028
(b)r: 1.8 phi: 6 vel: ( 0.526913, 0.320785 ) (4238,0) rel: ( 1.79014, 0.188151 ), (4238,0) global: ( 22.3594, -12.4451 ), (4238,0), changes: 0.576, 3.5 last seen:(4238,0) globalposderived: (4238,0)
(b)r: 1.91308 phi: 10.9938 vel: ( 0.495298, 0.301538 ) (4239,0) rel: ( 1.87797, 0.364831 ), (4239,0) global: ( 22.8863, -12.1243 ), (4239,0), changes: 0.576, 3.5 last seen:(4238,0) globalposderived: (4238,0)
 4240: direction old: 27.460850, new: 28.802432
 4241: direction old: 31.636523, new: 30.846137
(b)r: 1.90234 phi: 3.21089 vel: ( 0.40648, 0.276003 ) (4242,0) rel: ( 1.89935, 0.106553 ), (4242,0) global: ( 24.2596, -11.2284 ), (4242,0), changes: 0.22, 1.5 last seen:(4241,0) globalposderived: (4241,0)
(b)r: 1.46892 phi: 5.61223 vel: ( 0.382091, 0.259443 ) (4243,0) rel: ( 1.46188, 0.143654 ), (4243,0) global: ( 24.6661, -10.9524 ), (4243,0), changes: 0.22, 1.5 last seen:(4241,0) globalposderived: (4241,0)
 4243: direction old: 37.090775, new: 37.021677
(b)r: 1.5 phi: 7 vel: ( 0.380107, 0.266592 ) (4243,0) rel: ( 1.48882, 0.182804 ), (4243,0) global: ( 24.7633, -10.8812 ), (4243,0), changes: 0.03, 1.7 last seen:(4243,0) globalposderived: (4243,0)
(b)r: 1.50244 phi: -3.80716 vel: ( 0.3573, 0.250597 ) (4244,0) rel: ( 1.49912, -0.0997596 ), (4244,0) global: ( 25.1435, -10.6146 ), (4244,0), changes: 0.03, 1.7 last seen:(4243,0) globalposderived: (4243,0)
 4244: direction old: 32.125347, new: 37.474906
(b)r: 1.5 phi: -5 vel: ( 0.35239, 0.251361 ) (4244,0) rel: ( 1.49429, -0.130734 ), (4244,0) global: ( 25.0092, -10.5338 ), (4244,0), changes: 0.21, 0.3 last seen:(4244,0) globalposderived: (4244,0)
(b)r: 1.13215 phi: -6.46234 vel: ( 0.331247, 0.236279 ) (4245,0) rel: ( 1.12496, -0.127424 ), (4245,0) global: ( 25.3616, -10.2824 ), (4245,0), changes: 0.21, 0.3 last seen:(4244,0) globalposderived: (4244,0)
 4245: turnWithBall: freeze ball
(b)r: 1.15983 phi: -7.12034 vel: ( 0.311372, 0.222102 ) (4246,0) rel: ( 1.15088, -0.143765 ), (4246,0) global: ( 25.6928, -10.0461 ), (4246,0), changes: 0.21, 0.3 last seen:(4244,0) globalposderived: (4244,0)
 4246: turnWithBall: kick ball close to desired turnangle 21.114731
 4246: (kick 43.447302 -179.221686), vecDesired (-0.325680,-0.377244) -21.360175 posDes(25.367133,-10.423367)
 4246: direction old: 29.279760, new: 37.184149
(b)r: 1.2 phi: -5 vel: ( 0.315331, 0.228215 ) (4246,0) rel: ( 1.19543, -0.104587 ), (4246,0) global: ( 25.6534, -9.87902 ), (4246,0), changes: 0.216, -0.3 last seen:(4246,0) globalposderived: (4246,0)
(b)r: 0.873616 phi: -7.21538 vel: ( 0.296411, 0.214522 ) (4247,0) rel: ( 0.866698, -0.109726 ), (4247,0) global: ( 25.9687, -9.6508 ), (4247,0), changes: 0.216, -0.3 last seen:(4246,0) globalposderived: (4246,0)
 4247: turnWithBall: turn since ball will be kickable in t+1
 4247: direction old: 45.351578, new: 36.504459
(b)r: 1 phi: -6 vel: ( 0.29493, 0.228004 ) (4247,0) rel: ( 0.994522, -0.104528 ), (4247,0) global: ( 26.0993, -9.73747 ), (4247,0), changes: 0.04, 0.1 last seen:(4247,0) globalposderived: (4247,0)
 4247: turnWithBall: freeze ball
(b)r: 1.03589 phi: 26.1945 vel: ( 0.277234, 0.214324 ) (4248,0) rel: ( 0.929502, 0.45726 ), (4248,0) global: ( 26.3942, -9.50947 ), (4248,0), changes: 0.04, 0.1 last seen:(4247,0) globalposderived: (4247,0)
 4248: ball (26.394246,-9.509468), agent (25.573693,-10.141729), to (30.474689,-9.151658) ang 11.420864 11.420864
 4248: relpos body (1.035886,26.194488), vel. ball:(0.277234,0.214324) dist: 1.177293 (0.300000,0.085000,0.792293)
 4248: point good and can reach point 25.028068
(b)r: 1.57422 phi: 10.7268 vel: ( 0.721701, 0.0641868 ) (4249,0) rel: ( 1.54671, 0.293002 ), (4249,0) global: ( 27.162, -9.44118 ), (4249,0), changes: 0.04, 0.1 last seen:(4247,0) globalposderived: (4247,0)
 4249: direction old: 18.143752, new: 22.238477
(b)r: 1.6 phi: 8 vel: ( 0.728937, 0.0766977 ) (4249,0) rel: ( 1.58443, 0.222677 ), (4249,0) global: ( 27.1521, -9.32419 ), (4249,0), changes: 0.64, -8 last seen:(4249,0) globalposderived: (4249,0)
(b)r: 1.72278 phi: 3.23218 vel: ( 0.685201, 0.0720959 ) (4250,0) rel: ( 1.72004, 0.0971341 ), (4250,0) global: ( 27.8811, -9.24749 ), (4250,0), changes: 0.64, -8 last seen:(4249,0) globalposderived: (4249,0)
 4250: direction old: 17.552329, new: 17.140684
(b)r: 1.6 phi: 3 vel: ( 0.679483, 0.0701782 ) (4250,0) rel: ( 1.59781, 0.0837375 ), (4250,0) global: ( 27.7674, -9.29551 ), (4250,0), changes: 0.384, -4.6 last seen:(4250,0) globalposderived: (4250,0)
(b)r: 1.4519 phi: -0.56081 vel: ( 0.638714, 0.0659675 ) (4251,0) rel: ( 1.45183, -0.014211 ), (4251,0) global: ( 28.4469, -9.22533 ), (4251,0), changes: 0.384, -4.6 last seen:(4250,0) globalposderived: (4250,0)
(b)r: 1.1228 phi: -5.43166 vel: ( 0.600391, 0.0620094 ) (4252,0) rel: ( 1.11776, -0.106283 ), (4252,0) global: ( 29.0856, -9.15936 ), (4252,0), changes: 0.384, -4.6 last seen:(4250,0) globalposderived: (4250,0)
 4252: ball (29.085593,-9.159363), agent (27.975738,-9.329374), to (32.824232,-8.107856) ang 14.140684 14.140684
 4252: relpos body (1.122801,-5.431662), vel. ball:(0.600391,0.062009) dist: 1.177293 (0.300000,0.085000,0.792293)
 4252: point good and can reach point 9.950827
 4252: direction old: 21.836375, new: 8.468399
(b)r: 1.2 phi: -6 vel: ( 0.600285, 0.0576411 ) (4252,0) rel: ( 1.19343, -0.125434 ), (4252,0) global: ( 29.3085, -9.36894 ), (4252,0), changes: 0.144, -4 last seen:(4252,0) globalposderived: (4252,0)
(b)r: 1.34399 phi: 4.05726 vel: ( 0.564268, 0.0541826 ) (4253,0) rel: ( 1.34062, 0.0950917 ), (4253,0) global: ( 29.9088, -9.3113 ), (4253,0), changes: 0.144, -4 last seen:(4252,0) globalposderived: (4252,0)
 4253: direction old: 4.541149, new: 4.155086
(b)r: 1.3 phi: 2 vel: ( 0.557661, 0.0518389 ) (4253,0) rel: ( 1.29921, 0.0453693 ), (4253,0) global: ( 29.8639, -9.32365 ), (4253,0), changes: 0.338, -1.6 last seen:(4253,0) globalposderived: (4253,0)
(b)r: 1.12279 phi: 1.26266 vel: ( 0.524202, 0.0487286 ) (4254,0) rel: ( 1.12252, 0.0247415 ), (4254,0) global: ( 30.4216, -9.27181 ), (4254,0), changes: 0.338, -1.6 last seen:(4253,0) globalposderived: (4253,0)
 4254: ball (30.421556,-9.271808), agent (29.300761,-9.338744), to (34.297225,-9.150722) ang 2.155086 2.155086
 4254: relpos body (1.122791,1.262656), vel. ball:(0.524202,0.048729) dist: 1.177293 (0.300000,0.085000,0.792293)
 4254: point good and can reach point 9.769829
(b)r: 1.31212 phi: 1.31881 vel: ( 0.492749, 0.0458049 ) (4255,0) rel: ( 1.31177, 0.030199 ), (4255,0) global: ( 30.9458, -9.22308 ), (4255,0), changes: 0.338, -1.6 last seen:(4253,0) globalposderived: (4253,0)
 4255: direction old: -3.986433, new: 2.975622
(b)r: 1.3 phi: 1 vel: ( 0.48173, 0.039329 ) (4255,0) rel: ( 1.2998, 0.0226881 ), (4255,0) global: ( 30.8189, -9.05628 ), (4255,0), changes: 0.312, 0 last seen:(4255,0) globalposderived: (4255,0)
(b)r: 1.04593 phi: 0.371304 vel: ( 0.452826, 0.0369693 ) (4256,0) rel: ( 1.04591, 0.00677809 ), (4256,0) global: ( 31.3006, -9.01695 ), (4256,0), changes: 0.312, 0 last seen:(4255,0) globalposderived: (4255,0)
 4256: turnWithBall: freeze ball
 4256: direction old: 1.553026, new: 2.900701
(b)r: 1.2 phi: 1 vel: ( 0.472734, 0.0360324 ) (4256,0) rel: ( 1.19982, 0.0209429 ), (4256,0) global: ( 31.5589, -8.98171 ), (4256,0), changes: 0.144, -0.1 last seen:(4256,0) globalposderived: (4256,0)
(b)r: 1.31571 phi: 1.25302 vel: ( 0.44437, 0.0338705 ) (4257,0) rel: ( 1.31539, 0.0287712 ), (4257,0) global: ( 32.0317, -8.94568 ), (4257,0), changes: 0.144, -0.1 last seen:(4256,0) globalposderived: (4256,0)
(b)r: 1.04587 phi: 3.31025 vel: ( 0.417708, 0.0318383 ) (4258,0) rel: ( 1.04412, 0.0603913 ), (4258,0) global: ( 32.476, -8.91181 ), (4258,0), changes: 0.144, -0.1 last seen:(4256,0) globalposderived: (4256,0)
 4258: turnWithBall: freeze ball
 4258: direction old: 11.643961, new: 4.243811
(b)r: 1 phi: 2 vel: ( 0.418188, 0.0295315 ) (4258,0) rel: ( 0.999391, 0.0348995 ), (4258,0) global: ( 32.4062, -9.05771 ), (4258,0), changes: 0.08, 0.8 last seen:(4258,0) globalposderived: (4258,0)
 4258: turnWithBall: freeze ball
(b)r: 0.67183 phi: 4.37977 vel: ( 0.00685583, -0.000901051 ) (4259,0) rel: ( 0.669868, 0.0513057 ), (4259,0) global: ( 32.4135, -9.05866 ), (4259,0), changes: 0.08, 0.8 last seen:(4258,0) globalposderived: (4258,0)
 4259: turnWithBall: turn since ball will be kickable in t+1
 4259: direction old: 6.744887, new: 6.981897
(b)r: 0.7 phi: 5 vel: ( -0.0248339, 0.00898871 ) (4259,0) rel: ( 0.697336, 0.061009 ), (4259,0) global: ( 32.4409, -9.0525 ), (4259,0), changes: -0.182, 2.8 last seen:(4259,0) globalposderived: (4259,0)
 4259: turnWithBall: turn since ball will be kickable in t+1
(b)r: 0.510546 phi: -16.3519 vel: ( -0.0233439, 0.00844939 ) (4260,0) rel: ( 0.489895, -0.143737 ), (4260,0) global: ( 32.4161, -9.04351 ), (4260,0), changes: -0.182, 2.8 last seen:(4259,0) globalposderived: (4259,0)
 4260: ball (32.416082,-9.043514), agent (31.914709,-9.139860), to (36.360617,-6.852088) ang 27.229401 27.229401
 4260: relpos body (0.510546,-16.351851), vel. ball:(-0.023344,0.008449) dist: 1.177293 (0.300000,0.085000,0.792293)
 4260: point good and can reach point 31.107776
(b)r: 1.20459 phi: -4.7056 vel: ( 0.634045, 0.3455 ) (4261,0) rel: ( 1.20053, -0.0988197 ), (4261,0) global: ( 33.0906, -8.67596 ), (4261,0), changes: -0.182, 2.8 last seen:(4259,0) globalposderived: (4259,0)
 4261: direction old: 21.519682, new: 21.315350
(b)r: 1.2 phi: -4 vel: ( 0.643274, 0.3325 ) (4261,0) rel: ( 1.19708, -0.0837078 ), (4261,0) global: ( 33.12, -8.66898 ), (4261,0), changes: 0.696, 3.4 last seen:(4261,0) globalposderived: (4261,0)
(b)r: 1.37364 phi: -1.63018 vel: ( 0.604678, 0.31255 ) (4262,0) rel: ( 1.37308, -0.0390774 ), (4262,0) global: ( 33.7632, -8.33648 ), (4262,0), changes: 0.696, 3.4 last seen:(4261,0) globalposderived: (4261,0)
 4262: direction old: 20.933752, new: 23.063043
(b)r: 1.3 phi: -2 vel: ( 0.594697, 0.299249 ) (4262,0) rel: ( 1.29921, -0.0453693 ), (4262,0) global: ( 33.5866, -8.35234 ), (4262,0), changes: 0.39, 1.5 last seen:(4262,0) globalposderived: (4262,0)
(b)r: 1.20701 phi: 0.640442 vel: ( 0.559015, 0.281294 ) (4263,0) rel: ( 1.20694, 0.0134915 ), (4263,0) global: ( 34.1813, -8.05309 ), (4263,0), changes: 0.39, 1.5 last seen:(4262,0) globalposderived: (4262,0)
(b)r: 0.989658 phi: 0.971398 vel: ( 0.525474, 0.264416 ) (4264,0) rel: ( 0.989516, 0.0167779 ), (4264,0) global: ( 34.7403, -7.7718 ), (4264,0), changes: 0.39, 1.5 last seen:(4262,0) globalposderived: (4262,0)
 4264: ball (34.740298,-7.771801), agent (33.851060,-8.206173), to (50.000000,0.000000) ang 25.063043 25.063043
 4264: relpos body (0.989658,0.971398), vel. ball:(0.525474,0.264416) dist: 1.177293 (0.300000,0.085000,0.792293)
 4264: pos (3.642521,1.855144) too far, but can acc ball good to 2.769456 k=2.181214,-0.002860
 4264: direction old: 27.360483, new: 27.315191
(b)r: 1.1 phi: 2 vel: ( 0.518436, 0.264663 ) (4264,0) rel: ( 1.09933, 0.0383894 ), (4264,0) global: ( 34.955, -7.66168 ), (4264,0), changes: 0.176, 0.4 last seen:(4264,0) globalposderived: (4264,0)
 4264: ball (34.954989,-7.661683), agent (33.977643,-8.166457), to (50.000000,0.000000) ang 25.315191 25.315191
 4264: relpos body (1.100000,2.000000), vel. ball:(0.518436,0.264663) dist: 1.177293 (0.300000,0.085000,0.792293)
 4264: pos (3.642597,1.854995) too far, but can acc ball good to 2.665435 k=2.083350,0.000578
 4855: direction old: -59.833580, new: -62.814587
 4856: 2 pos: ball(9.225869,-30.247685), ball_prev(9.874186,-32.237950), agentdiff(-0.000520,-0.000326)
 4856: vel based on 2 pos: (-0.608929,1.871156)
 4856: direction old: -63.226193, new: -10.471089
(b)r: 0.4 phi: 52 vel: ( -0.608929, 1.87116 ) (4856,0) rel: ( 0.246265, 0.315204 ), (4856,0) global: ( 9.22587, -30.2477 ), (4856,0), changes: -0.2, -0.3 last seen:(4856,0) globalposderived: (4856,0)
 4856: turnWithBall: freeze ball
(b)r: 0.2 phi: 56.128 vel: ( -0.000829053, -0.00263115 ) (4857,0) rel: ( 0.111468, 0.166057 ), (4857,0) global: ( 9.03131, -30.1971 ), (4857,0), changes: -0.2, -0.3 last seen:(4856,0) globalposderived: (4856,0)
 4857: turnWithBall: turn since ball will be kickable in t+1
(b)r: 0.2 phi: -41.7657 vel: ( 7.7931e-05, 0.000247328 ) (4858,0) rel: ( 0.149175, -0.133217 ), (4858,0) global: ( 9.03099, -30.1998 ), (4858,0), changes: -0.2, -0.3 last seen:(4856,0) globalposderived: (4856,0)
 4858: ball (9.030988,-30.199780), agent (8.832530,-30.174989), to (12.945973,-27.332528) ang 34.645155 34.645155
 4858: relpos body (0.200000,-41.765656), vel. ball:(0.000078,0.000247) dist: 1.177293 (0.300000,0.085000,0.792293)
 4858: point good and can reach point 30.360812
 4858: direction old: -46.747514, new: 12.883412
(b)r: 0.4 phi: -19 vel: ( 0.00233491, -0.0102084 ) (4858,0) rel: ( 0.378207, -0.130227 ), (4858,0) global: ( 9.31428, -29.9972 ), (4858,0), changes: 0, -1.5 last seen:(4858,0) globalposderived: (4858,0)
 4858: ball (9.314278,-29.997242), agent (8.924348,-30.086429), to (13.169971,-27.445466) ang 31.883412 31.883412
 4858: relpos body (0.400000,-19.000000), vel. ball:(0.002335,-0.010208) dist: 1.177293 (0.300000,0.085000,0.792293)
 4858: point good and can reach point 29.617516
(b)r: 1.13865 phi: -5.72842 vel: ( 0.594203, 0.387968 ) (4859,0) rel: ( 1.13297, -0.113653 ), (4859,0) global: ( 9.94641, -29.5845 ), (4859,0), changes: 0, -1.5 last seen:(4858,0) globalposderived: (4858,0)
 4859: ball (9.946409,-29.584509), agent (8.924348,-30.086429), to (13.169971,-27.445466) ang 31.883412 31.883412
 4859: relpos body (1.138654,-5.728423), vel. ball:(0.594203,0.387968) dist: 1.177293 (0.300000,0.085000,0.792293)
 4859: point good and can reach point 0.787595
 4859: direction old: 26.154989, new: 24.883412
(b)r: 1.1 phi: -7 vel: ( 0.590289, 0.372301 ) (4859,0) rel: ( 1.0918, -0.134056 ), (4859,0) global: ( 9.92223, -29.6236 ), (4859,0), changes: 0.682, 4 last seen:(4859,0) globalposderived: (4859,0)
 4859: ball (9.922231,-29.623578), agent (8.924348,-30.086429), to (13.169971,-27.445466) ang 31.883412 31.883412
 4859: relpos body (1.100000,-7.000000), vel. ball:(0.590289,0.372301) dist: 1.177293 (0.300000,0.085000,0.792293)
 4859: point good and can reach point 3.680602
(b)r: 1.39525 phi: -5.33434 vel: ( 0.554871, 0.349962 ) (4860,0) rel: ( 1.38921, -0.129713 ), (4860,0) global: ( 10.5125, -29.2513 ), (4860,0), changes: 0.682, 4 last seen:(4859,0) globalposderived: (4859,0)
(b)r: 1.85984 phi: 2.77066 vel: ( 0.521579, 0.328965 ) (4861,0) rel: ( 1.85767, 0.0899016 ), (4861,0) global: ( 11.0674, -28.9013 ), (4861,0), changes: 0.682, 4 last seen:(4859,0) globalposderived: (4859,0)
 4861: direction old: 32.524305, new: 27.023933
 4862: direction old: 28.297319, new: 29.065180
(b)r: 2 phi: 3 vel: ( 0.502049, 0.316332 ) (4862,0) rel: ( 1.99726, 0.104672 ), (4862,0) global: ( 11.6395, -28.7335 ), (4862,0), changes: 0.36, 1.4 last seen:(4862,0) globalposderived: (4862,0)
(b)r: 1.93971 phi: 4.29983 vel: ( 0.471926, 0.297352 ) (4863,0) rel: ( 1.93425, 0.145431 ), (4863,0) global: ( 12.1416, -28.4171 ), (4863,0), changes: 0.36, 1.4 last seen:(4862,0) globalposderived: (4862,0)
(b)r: 1.80375 phi: 6.14367 vel: ( 0.443611, 0.279511 ) (4864,0) rel: ( 1.79339, 0.19304 ), (4864,0) global: ( 12.6135, -28.1198 ), (4864,0), changes: 0.36, 1.4 last seen:(4862,0) globalposderived: (4862,0)
 4864: direction old: 28.258458, new: 31.942270
(b)r: 1.8 phi: 6 vel: ( 0.436959, 0.275461 ) (4864,0) rel: ( 1.79014, 0.188151 ), (4864,0) global: ( 12.5791, -28.0069 ), (4864,0), changes: 0.18, 1 last seen:(4864,0) globalposderived: (4864,0)
(b)r: 1.97963 phi: -1.26794 vel: ( 0.410741, 0.258933 ) (4865,0) rel: ( 1.97914, -0.0438051 ), (4865,0) global: ( 13.0161, -27.7315 ), (4865,0), changes: 0.18, 1 last seen:(4864,0) globalposderived: (4864,0)
 4865: direction old: 34.947516, new: 32.831339
 4867: direction old: 32.766304, new: 34.850649
(b)r: 1.73017 phi: 2.58094 vel: ( 0.337899, 0.247005 ) (4868,0) rel: ( 1.72841, 0.0779108 ), (4868,0) global: ( 14.3252, -26.8488 ), (4868,0), changes: 0.16, 1.2 last seen:(4867,0) globalposderived: (4867,0)
 4868: direction old: 33.675687, new: 37.682273
(b)r: 1.6 phi: 4 vel: ( 0.325284, 0.25003 ) (4868,0) rel: ( 1.5961, 0.11161 ), (4868,0) global: ( 14.1579, -26.8259 ), (4868,0), changes: 0.064, 1.6 last seen:(4868,0) globalposderived: (4868,0)
(b)r: 1.29514 phi: 5.61677 vel: ( 0.305767, 0.235028 ) (4869,0) rel: ( 1.28893, 0.126761 ), (4869,0) global: ( 14.4832, -26.5758 ), (4869,0), changes: 0.064, 1.6 last seen:(4868,0) globalposderived: (4868,0)
(b)r: 1.36513 phi: -2.99222 vel: ( 0.287421, 0.220926 ) (4870,0) rel: ( 1.36327, -0.0712604 ), (4870,0) global: ( 14.789, -26.3408 ), (4870,0), changes: 0.064, 1.6 last seen:(4868,0) globalposderived: (4868,0)
 4870: direction old: 47.652087, new: 40.852291
(b)r: 1.5 phi: -2 vel: ( 0.281353, 0.226042 ) (4870,0) rel: ( 1.49909, -0.0523492 ), (4870,0) global: ( 15.0167, -26.3547 ), (4870,0), changes: 0.21, 0.3 last seen:(4870,0) globalposderived: (4870,0)
(b)r: 1.33381 phi: -2.56095 vel: ( 0.264472, 0.21248 ) (4871,0) rel: ( 1.33247, -0.0595972 ), (4871,0) global: ( 15.298, -26.1286 ), (4871,0), changes: 0.21, 0.3 last seen:(4870,0) globalposderived: (4870,0)
 4871: direction old: 38.652754, new: 40.875518
(b)r: 1.3 phi: -2 vel: ( 0.266072, 0.222072 ) (4871,0) rel: ( 1.29921, -0.0453693 ), (4871,0) global: ( 15.1701, -26.1663 ), (4871,0), changes: 0.104, 0 last seen:(4871,0) globalposderived: (4871,0)
(b)r: 1.07764 phi: -2.85806 vel: ( 0.250107, 0.208748 ) (4872,0) rel: ( 1.0763, -0.0537329 ), (4872,0) global: ( 15.4362, -25.9442 ), (4872,0), changes: 0.104, 0 last seen:(4871,0) globalposderived: (4871,0)
 4872: ball (15.436220,-25.944239), agent (14.610914,-26.637182), to (18.275082,-23.235143) ang 42.875518 42.875518
 4872: relpos body (1.077636,-2.858058), vel. ball:(0.250107,0.208748) dist: 1.177293 (0.300000,0.085000,0.792293)
 4872: point good and can reach point 21.270501
(b)r: 1.5475 phi: -1.20028 vel: ( 0.5236, 0.493676 ) (4873,0) rel: ( 1.54716, -0.0324161 ), (4873,0) global: ( 15.9932, -25.4191 ), (4873,0), changes: 0.104, 0 last seen:(4871,0) globalposderived: (4871,0)
 4873: direction old: 41.286778, new: 42.873251
(b)r: 1.5 phi: 0 vel: ( 0.500926, 0.488847 ) (4873,0) rel: ( 1.5, 0 ), (4873,0) global: ( 15.9774, -25.3777 ), (4873,0), changes: 0.54, 1.4 last seen:(4873,0) globalposderived: (4873,0)
(b)r: 1.73629 phi: 0.0413923 vel: ( 0.470871, 0.459516 ) (4874,0) rel: ( 1.73629, 0.00125436 ), (4874,0) global: ( 16.4784, -24.8888 ), (4874,0), changes: 0.54, 1.4 last seen:(4873,0) globalposderived: (4873,0)
 4874: direction old: 38.835813, new: 43.705054
(b)r: 1.8 phi: 1 vel: ( 0.463252, 0.463196 ) (4874,0) rel: ( 1.79973, 0.0314143 ), (4874,0) global: ( 16.3654, -24.7836 ), (4874,0), changes: 0.432, 0.6 last seen:(4874,0) globalposderived: (4874,0)
(b)r: 1.86486 phi: 1.13719 vel: ( 0.435457, 0.435404 ) (4875,0) rel: ( 1.8645, 0.0370108 ), (4875,0) global: ( 16.8286, -24.3204 ), (4875,0), changes: 0.432, 0.6 last seen:(4874,0) globalposderived: (4874,0)
(b)r: 1.82721 phi: 1.21765 vel: ( 0.40933, 0.40928 ) (4876,0) rel: ( 1.8268, 0.038829 ), (4876,0) global: ( 17.2641, -23.885 ), (4876,0), changes: 0.432, 0.6 last seen:(4874,0) globalposderived: (4874,0)
 4876: direction old: 41.696309, new: 44.657266
(b)r: 1.8 phi: 2 vel: ( 0.400131, 0.406614 ) (4876,0) rel: ( 1.7989, 0.0628191 ), (4876,0) global: ( 17.2239, -23.7963 ), (4876,0), changes: 0.252, 0.4 last seen:(4876,0) globalposderived: (4876,0)
(b)r: 1.71713 phi: 1.88634 vel: ( 0.376123, 0.382217 ) (4877,0) rel: ( 1.7162, 0.0565224 ), (4877,0) global: ( 17.6241, -23.3897 ), (4877,0), changes: 0.252, 0.4 last seen:(4876,0) globalposderived: (4876,0)
 4877: direction old: 49.754370, new: 43.814922
(b)r: 1.6 phi: 1 vel: ( 0.378843, 0.377784 ) (4877,0) rel: ( 1.59976, 0.0279239 ), (4877,0) global: ( 17.7178, -23.5352 ), (4877,0), changes: 0.224, -0.2 last seen:(4877,0) globalposderived: (4877,0)
(b)r: 1.48162 phi: 0.957967 vel: ( 0.356113, 0.355117 ) (4878,0) rel: ( 1.48142, 0.0247711 ), (4878,0) global: ( 18.0966, -23.1574 ), (4878,0), changes: 0.224, -0.2 last seen:(4877,0) globalposderived: (4877,0)
(b)r: 1.35216 phi: 1.36486 vel: ( 0.334746, 0.33381 ) (4879,0) rel: ( 1.35177, 0.032207 ), (4879,0) global: ( 18.4527, -22.8023 ), (4879,0), changes: 0.224, -0.2 last seen:(4877,0) globalposderived: (4877,0)
 4879: direction old: 38.594259, new: 43.738585
(b)r: 1.5 phi: 1 vel: ( 0.334438, 0.339454 ) (4879,0) rel: ( 1.49977, 0.0261786 ), (4879,0) global: ( 18.4563, -22.6274 ), (4879,0), changes: 0.18, 0.7 last seen:(4879,0) globalposderived: (4879,0)
(b)r: 1.34433 phi: 2.0686 vel: ( 0.314372, 0.319087 ) (4880,0) rel: ( 1.34346, 0.048525 ), (4880,0) global: ( 18.7907, -22.2879 ), (4880,0), changes: 0.18, 0.7 last seen:(4879,0) globalposderived: (4879,0)
 4880: direction old: 46.058725, new: 45.734296
(b)r: 1.3 phi: 3 vel: ( 0.313681, 0.325108 ) (4880,0) rel: ( 1.29822, 0.0680367 ), (4880,0) global: ( 18.703, -22.3895 ), (4880,0), changes: 0.156, 1 last seen:(4880,0) globalposderived: (4880,0)
(b)r: 1.14069 phi: 3.6509 vel: ( 0.29486, 0.305602 ) (4881,0) rel: ( 1.13837, 0.0726357 ), (4881,0) global: ( 19.0167, -22.0644 ), (4881,0), changes: 0.156, 1 last seen:(4880,0) globalposderived: (4880,0)
 4881: ball (19.016730,-22.064413), agent (18.229877,-22.890263), to (21.902419,-19.497266) ang 42.734296 42.734296
 4881: relpos body (1.140686,3.650902), vel. ball:(0.294860,0.305602) dist: 1.177293 (0.300000,0.085000,0.792293)
 4881: point good and can reach point 14.838701
(b)r: 1.29144 phi: 3.24619 vel: ( 0.277169, 0.287266 ) (4882,0) rel: ( 1.28937, 0.0731297 ), (4882,0) global: ( 19.3116, -21.7588 ), (4882,0), changes: 0.156, 1 last seen:(4880,0) globalposderived: (4880,0)
 4882: direction old: 49.176032, new: 46.901483
(b)r: 1.3 phi: 4 vel: ( 0.270156, 0.287561 ) (4882,0) rel: ( 1.29683, 0.0906834 ), (4882,0) global: ( 19.4078, -21.7263 ), (4882,0), changes: 0.26, 0.1 last seen:(4882,0) globalposderived: (4882,0)
(b)r: 1.18881 phi: 4.38767 vel: ( 0.253946, 0.270307 ) (4883,0) rel: ( 1.18532, 0.090949 ), (4883,0) global: ( 19.678, -21.4387 ), (4883,0), changes: 0.26, 0.1 last seen:(4882,0) globalposderived: (4882,0)
 4883: direction old: 40.479379, new: 46.635634
(b)r: 1.2 phi: 4 vel: ( 0.255749, 0.277601 ) (4883,0) rel: ( 1.19708, 0.0837078 ), (4883,0) global: ( 19.5812, -21.3522 ), (4883,0), changes: 0.144, 0.6 last seen:(4883,0) globalposderived: (4883,0)
(b)r: 1.03283 phi: 6.91047 vel: ( 0.240404, 0.260945 ) (4884,0) rel: ( 1.02533, 0.124269 ), (4884,0) global: ( 19.837, -21.0746 ), (4884,0), changes: 0.144, 0.6 last seen:(4883,0) globalposderived: (4883,0)
 4884: ball (19.836965,-21.074570), agent (19.166825,-21.860482), to (22.845205,-18.473814) ang 42.635634 42.635634
 4884: relpos body (1.032833,6.910465), vel. ball:(0.240404,0.260945) dist: 1.177293 (0.300000,0.085000,0.792293)
 4884: point good and can reach point 19.811758
(b)r: 1.50874 phi: 3.96276 vel: ( 0.534022, 0.466115 ) (4885,0) rel: ( 1.50514, 0.104267 ), (4885,0) global: ( 20.4051, -20.5787 ), (4885,0), changes: 0.144, 0.6 last seen:(4883,0) globalposderived: (4883,0)
 4885: direction old: 49.888880, new: 47.766163
(b)r: 1.6 phi: 5 vel: ( 0.534156, 0.466968 ) (4885,0) rel: ( 1.59391, 0.139449 ), (4885,0) global: ( 20.5308, -20.5214 ), (4885,0), changes: 0.576, -2.5 last seen:(4885,0) globalposderived: (4885,0)
(b)r: 1.84331 phi: 3.71916 vel: ( 0.502107, 0.43895 ) (4886,0) rel: ( 1.83943, 0.119568 ), (4886,0) global: ( 21.065, -20.0544 ), (4886,0), changes: 0.576, -2.5 last seen:(4885,0) globalposderived: (4885,0)
 4886: direction old: 47.461918, new: 46.762763
(b)r: 1.8 phi: 4 vel: ( 0.498087, 0.434305 ) (4886,0) rel: ( 1.79562, 0.125562 ), (4886,0) global: ( 20.9948, -20.1634 ), (4886,0), changes: 0.432, -1.6 last seen:(4886,0) globalposderived: (4886,0)
(b)r: 1.91645 phi: 4.60894 vel: ( 0.468201, 0.408247 ) (4887,0) rel: ( 1.91025, 0.153995 ), (4887,0) global: ( 21.4929, -19.7291 ), (4887,0), changes: 0.432, -1.6 last seen:(4886,0) globalposderived: (4886,0)
 4888: direction old: 38.432327, new: 43.884275
 4889: direction old: 53.967461, new: 42.398675
 4891: direction old: 40.037290, new: 41.882649
 4892: direction old: 41.286612, new: 41.805675
 4894: direction old: 40.142593, new: 43.684964
 4895: direction old: 43.416958, new: 43.670282
(b)r: 1.96963 phi: 1.63727 vel: ( 0.245954, 0.231976 ) (4896,0) rel: ( 1.96883, 0.0562762 ), (4896,0) global: ( 24.7493, -17.0124 ), (4896,0), changes: 0.088, 0.5 last seen:(4895,0) globalposderived: (4895,0)
(b)r: 1.76001 phi: 2.15029 vel: ( 0.231197, 0.218057 ) (4897,0) rel: ( 1.75877, 0.0660372 ), (4897,0) global: ( 24.9953, -16.7804 ), (4897,0), changes: 0.088, 0.5 last seen:(4895,0) globalposderived: (4895,0)
 4897: direction old: 41.328978, new: 44.683407
(b)r: 1.8 phi: 3 vel: ( 0.219962, 0.213722 ) (4897,0) rel: ( 1.79753, 0.0942047 ), (4897,0) global: ( 24.9139, -16.7117 ), (4897,0), changes: 0.036, 0.5 last seen:(4897,0) globalposderived: (4897,0)
(b)r: 1.56263 phi: 5.0011 vel: ( 0.206764, 0.200899 ) (4898,0) rel: ( 1.55668, 0.136222 ), (4898,0) global: ( 25.1339, -16.498 ), (4898,0), changes: 0.036, 0.5 last seen:(4897,0) globalposderived: (4897,0)
 4898: direction old: 55.287112, new: 46.951947
(b)r: 1.5 phi: 5 vel: ( 0.208979, 0.198499 ) (4898,0) rel: ( 1.49429, 0.130734 ), (4898,0) global: ( 25.2643, -16.6917 ), (4898,0), changes: 0.03, 0.6 last seen:(4898,0) globalposderived: (4898,0)
(b)r: 1.5369 phi: -2.1651 vel: ( 0.19644, 0.186589 ) (4899,0) rel: ( 1.5358, -0.0580625 ), (4899,0) global: ( 25.4732, -16.4932 ), (4899,0), changes: 0.03, 0.6 last seen:(4898,0) globalposderived: (4898,0)
(b)r: 1.38637 phi: -3.60027 vel: ( 0.184654, 0.175394 ) (4900,0) rel: ( 1.38363, -0.0870573 ), (4900,0) global: ( 25.6697, -16.3066 ), (4900,0), changes: 0.03, 0.6 last seen:(4898,0) globalposderived: (4898,0)
 4900: direction old: 46.263703, new: 46.251702
(b)r: 1.5 phi: -3 vel: ( 0.187801, 0.176075 ) (4900,0) rel: ( 1.49794, -0.0785039 ), (4900,0) global: ( 25.7346, -16.2392 ), (4900,0), changes: 0.06, -1 last seen:(4900,0) globalposderived: (4900,0)
(b)r: 1.25255 phi: -4.84765 vel: ( 0.176533, 0.165511 ) (4901,0) rel: ( 1.24807, -0.105848 ), (4901,0) global: ( 25.9224, -16.0631 ), (4901,0), changes: 0.06, -1 last seen:(4900,0) globalposderived: (4900,0)
 4901: direction old: 39.559971, new: 44.145360
(b)r: 1.2 phi: -5 vel: ( 0.181939, 0.175115 ) (4901,0) rel: ( 1.19543, -0.104587 ), (4901,0) global: ( 25.82, -16.0232 ), (4901,0), changes: 0.024, -0.9 last seen:(4901,0) globalposderived: (4901,0)
(b)r: 1.22225 phi: 0.691221 vel: ( 0.171023, 0.164608 ) (4902,0) rel: ( 1.22217, 0.014745 ), (4902,0) global: ( 26.002, -15.8481 ), (4902,0), changes: 0.024, -0.9 last seen:(4901,0) globalposderived: (4901,0)
(b)r: 1.03812 phi: 1.19255 vel: ( 0.160761, 0.154731 ) (4903,0) rel: ( 1.03789, 0.0216057 ), (4903,0) global: ( 26.173, -15.6835 ), (4903,0), changes: 0.024, -0.9 last seen:(4901,0) globalposderived: (4901,0)
 4903: ball (26.172988,-15.683504), agent (25.419234,-16.397325), to (29.120393,-13.035567) ang 42.248831 42.248831
 4903: relpos body (1.038117,1.192551), vel. ball:(0.160761,0.154731) dist: 1.177293 (0.300000,0.085000,0.792293)
 4903: point good and can reach point 25.622654
 4903: direction old: 37.289618, new: 43.216380
(b)r: 1.1 phi: 1 vel: ( 0.156542, 0.158387 ) (4903,0) rel: ( 1.09983, 0.0191976 ), (4903,0) global: ( 26.1231, -15.5788 ), (4903,0), changes: 0.022, 0.9 last seen:(4903,0) globalposderived: (4903,0)
 4903: ball (26.123058,-15.578759), agent (25.321408,-16.331990), to (29.024470,-12.972328) ang 42.216380 42.216380
 4903: relpos body (1.100000,1.000000), vel. ball:(0.156542,0.158387) dist: 1.177293 (0.300000,0.085000,0.792293)
 4903: point good and can reach point 26.299411
(b)r: 1.65413 phi: 0.756686 vel: ( 0.530851, 0.484983 ) (4904,0) rel: ( 1.65399, 0.0218449 ), (4904,0) global: ( 26.6878, -15.0628 ), (4904,0), changes: 0.022, 0.9 last seen:(4903,0) globalposderived: (4903,0)
 4904: direction old: 45.888355, new: 44.495452
(b)r: 1.6 phi: 2 vel: ( 0.514244, 0.494307 ) (4904,0) rel: ( 1.59903, 0.0558392 ), (4904,0) global: ( 26.7066, -15.0993 ), (4904,0), changes: 0.608, 0.5 last seen:(4904,0) globalposderived: (4904,0)
(b)r: 1.89286 phi: 2.65348 vel: ( 0.48339, 0.464649 ) (4905,0) rel: ( 1.89083, 0.0876305 ), (4905,0) global: ( 27.2208, -14.605 ), (4905,0), changes: 0.608, 0.5 last seen:(4904,0) globalposderived: (4904,0)
 4906: direction old: 47.393197, new: 47.630538
 4907: direction old: 43.081039, new: 48.311527
 4909: direction old: 50.206301, new: 50.647287
 4915: direction old: 46.724854, new: 48.716301
 4916: direction old: 48.943468, new: 48.579819
 4918: direction old: 48.433091, new: 47.714983
(b)r: 2 phi: -3 vel: ( 0.196537, 0.229413 ) (4918,0) rel: ( 1.99726, -0.104672 ), (4918,0) global: ( 31.474, -9.64842 ), (4918,0), changes: 0.04, -0.2 last seen:(4918,0) globalposderived: (4918,0)
(b)r: 1.77584 phi: -3.60087 vel: ( 0.184745, 0.215648 ) (4919,0) rel: ( 1.77234, -0.111533 ), (4919,0) global: ( 31.6706, -9.419 ), (4919,0), changes: 0.04, -0.2 last seen:(4918,0) globalposderived: (4918,0)
 4919: direction old: 48.480852, new: 47.762474
(b)r: 1.8 phi: -3 vel: ( 0.182376, 0.219023 ) (4919,0) rel: ( 1.79753, -0.0942047 ), (4919,0) global: ( 31.7076, -9.41121 ), (4919,0), changes: 0.036, 0.1 last seen:(4919,0) globalposderived: (4919,0)
(b)r: 1.5593 phi: -3.90223 vel: ( 0.171434, 0.205882 ) (4920,0) rel: ( 1.55568, -0.106117 ), (4920,0) global: ( 31.89, -9.19219 ), (4920,0), changes: 0.036, 0.1 last seen:(4919,0) globalposderived: (4919,0)
(b)r: 1.2802 phi: -4.86942 vel: ( 0.161148, 0.193529 ) (4921,0) rel: ( 1.27557, -0.10867 ), (4921,0) global: ( 32.0614, -8.98631 ), (4921,0), changes: 0.036, 0.1 last seen:(4919,0) globalposderived: (4919,0)
 4921: direction old: 49.259133, new: 45.904949
(b)r: 1.2 phi: -5 vel: ( 0.161801, 0.198386 ) (4921,0) rel: ( 1.19543, -0.104587 ), (4921,0) global: ( 31.9814, -9.18676 ), (4921,0), changes: 0, 0.1 last seen:(4921,0) globalposderived: (4921,0)
(b)r: 1.18207 phi: 2.01679 vel: ( 0.152093, 0.186483 ) (4922,0) rel: ( 1.18134, 0.0415998 ), (4922,0) global: ( 32.1432, -8.98838 ), (4922,0), changes: 0, 0.1 last seen:(4921,0) globalposderived: (4921,0)
 4922: direction old: 46.911613, new: 46.389417
(b)r: 1.2 phi: 2 vel: ( 0.14365, 0.184565 ) (4922,0) rel: ( 1.19927, 0.0418794 ), (4922,0) global: ( 32.2436, -8.89714 ), (4922,0), changes: 0.096, 0.8 last seen:(4922,0) globalposderived: (4922,0)
(b)r: 0.991203 phi: 1.56182 vel: ( 0.135031, 0.173492 ) (4923,0) rel: ( 0.990834, 0.0270157 ), (4923,0) global: ( 32.3872, -8.71257 ), (4923,0), changes: 0.096, 0.8 last seen:(4922,0) globalposderived: (4922,0)
 4923: turnWithBall: freeze ball
(b)r: 0.783435 phi: 0.306815 vel: ( 0.00200137, 0.000921552 ) (4924,0) rel: ( 0.783424, 0.00419523 ), (4924,0) global: ( 32.3893, -8.71159 ), (4924,0), changes: 0.096, 0.8 last seen:(4922,0) globalposderived: (4922,0)
 4924: turnWithBall: turn since ball will be kickable in t+1
 4924: direction old: 35.328023, new: 45.968853
(b)r: 0.8 phi: 2 vel: ( -0.0205522, 0.00283904 ) (4924,0) rel: ( 0.799513, 0.0279196 ), (4924,0) global: ( 32.2575, -8.62394 ), (4924,0), changes: -0.112, 0.7 last seen:(4924,0) globalposderived: (4924,0)
 4924: turnWithBall: turn since ball will be kickable in t+1
(b)r: 0.682655 phi: 25.235 vel: ( -0.019319, 0.0026687 ) (4925,0) rel: ( 0.617507, 0.291038 ), (4925,0) global: ( 32.237, -8.62111 ), (4925,0), changes: -0.112, 0.7 last seen:(4924,0) globalposderived: (4924,0)
 4925: ball (32.236982,-8.621106), agent (31.769822,-9.118880), to (36.419276,-7.279700) ang 21.582214 21.582214
 4925: relpos body (0.682655,25.235019), vel. ball:(-0.019319,0.002669) dist: 1.177293 (0.300000,0.085000,0.792293)
 4925: point good and can reach point 33.534724
 4925: direction old: 40.535408, new: 47.469831
(b)r: 0.7 phi: 25 vel: ( -0.0168344, 0.00720723 ) (4925,0) rel: ( 0.634415, 0.295833 ), (4925,0) global: ( 32.1749, -8.56296 ), (4925,0), changes: -0.056, 1.2 last seen:(4925,0) globalposderived: (4925,0)
 4925: ball (32.174943,-8.562957), agent (31.701758,-9.078802), to (36.322163,-7.167818) ang 22.469831 22.469831
 4925: relpos body (0.700000,25.000000), vel. ball:(-0.016834,0.007207) dist: 1.177293 (0.300000,0.085000,0.792293)
 4925: point good and can reach point 33.568366
(b)r: 1.37368 phi: 9.94736 vel: ( 0.672032, 0.236526 ) (4926,0) rel: ( 1.35303, 0.237294 ), (4926,0) global: ( 32.8899, -8.31133 ), (4926,0), changes: -0.056, 1.2 last seen:(4925,0) globalposderived: (4925,0)
 4927: direction old: 28.029484, new: 27.250137
(b)r: 2 phi: -3 vel: ( 0.645737, 0.223722 ) (4927,0) rel: ( 1.99726, -0.104672 ), (4927,0) global: ( 33.5087, -8.13394 ), (4927,0), changes: 0.68, -3 last seen:(4927,0) globalposderived: (4927,0)
 4928: direction old: 29.436753, new: 24.671876
 4942: direction old: 13.544679, new: 16.742201
 4943: direction old: 17.526927, new: 17.614688
(b)r: 1.93058 phi: 3.25701 vel: ( 0.204192, 0.0850699 ) (4945,0) rel: ( 1.92746, 0.109686 ), (4945,0) global: ( 41.0431, -5.53712 ), (4945,0), changes: 0, 0.9 last seen:(4943,0) globalposderived: (4943,0)
 4945: direction old: 16.948149, new: 18.577825
(b)r: 1.8 phi: 3 vel: ( 0.202019, 0.0810912 ) (4945,0) rel: ( 1.79753, 0.0942047 ), (4945,0) global: ( 40.947, -5.51289 ), (4945,0), changes: -0.036, 0.3 last seen:(4945,0) globalposderived: (4945,0)
(b)r: 1.49104 phi: 4.18722 vel: ( 0.189898, 0.0762257 ) (4946,0) rel: ( 1.48706, 0.108869 ), (4946,0) global: ( 41.149, -5.4318 ), (4946,0), changes: -0.036, 0.3 last seen:(4945,0) globalposderived: (4945,0)
 4946: direction old: 19.823060, new: 18.529977
(b)r: 1.6 phi: 3 vel: ( 0.197838, 0.0738882 ) (4946,0) rel: ( 1.59781, 0.0837375 ), (4946,0) global: ( 41.187, -5.4565 ), (4946,0), changes: -0.032, 0.4 last seen:(4946,0) globalposderived: (4946,0)
(b)r: 1.24331 phi: 4.70387 vel: ( 0.185967, 0.0694549 ) (4947,0) rel: ( 1.23912, 0.101959 ), (4947,0) global: ( 41.3848, -5.38262 ), (4947,0), changes: -0.032, 0.4 last seen:(4946,0) globalposderived: (4946,0)
(b)r: 1.17102 phi: -0.267758 vel: ( 0.174809, 0.0652876 ) (4948,0) rel: ( 1.171, -0.00547244 ), (4948,0) global: ( 41.5708, -5.31316 ), (4948,0), changes: -0.032, 0.4 last seen:(4946,0) globalposderived: (4946,0)
 4948: ball (41.570772,-5.313161), agent (40.485859,-5.753889), to (50.000000,0.000000) ang 22.376399 22.376399
 4948: relpos body (1.171015,-0.267758), vel. ball:(0.174809,0.065288) dist: 1.177293 (0.300000,0.085000,0.792293)
 4948: point too far, reposition ball (k_r = 0.751609)
 4948: (kick 35.370779 -179.127878), vecDesired (-0.484702,-0.218040) 0.000000 posDes(41.086070,-5.531202)
 4948: direction old: 21.956336, new: 22.607781
(b)r: 1.2 phi: 0 vel: ( 0.18085, 0.0684047 ) (4948,0) rel: ( 1.2, 0 ), (4948,0) global: ( 41.6138, -5.28111 ), (4948,0), changes: 0.072, 0.8 last seen:(4948,0) globalposderived: (4948,0)
(b)r: 0.97177 phi: 0.0579373 vel: ( 0.169999, 0.0643004 ) (4949,0) rel: ( 0.97177, 0.000982651 ), (4949,0) global: ( 41.7946, -5.21271 ), (4949,0), changes: 0.072, 0.8 last seen:(4948,0) globalposderived: (4948,0)
 4949: ball (41.794626,-5.212709), agent (40.897907,-5.587185), to (50.000000,0.000000) ang 22.607781 22.607781
 4949: relpos body (0.971770,0.057937), vel. ball:(0.169999,0.064300) dist: 1.177293 (0.300000,0.085000,0.792293)
 4949: point too far, reposition ball (k_r = 0.814770)
 4949: (kick 20.077944 179.802992), vecDesired (-0.238332,-0.104092) 0.000000 posDes(41.556294,-5.316801)
 4949: direction old: 22.158306, new: 22.474799
(b)r: 0.9 phi: 0 vel: ( 0.16884, 0.0674961 ) (4949,0) rel: ( 0.9, 0 ), (4949,0) global: ( 41.6492, -5.26655 ), (4949,0), changes: -0.018, 0.3 last seen:(4949,0) globalposderived: (4949,0)
 4949: ball (41.649241,-5.266549), agent (40.817598,-5.610598), to (50.000000,0.000000) ang 22.474799 22.474799
 4949: relpos body (0.900000,0.000000), vel. ball:(0.168840,0.067496) dist: 1.177293 (0.300000,0.085000,0.792293)
 4949: pos (3.055092,1.926746) too far, but can acc ball good to 2.439818 k=2.261242,-0.032976
(b)r: 0.419005 phi: 1.2851 vel: ( -0.236892, -0.0921842 ) (4950,0) rel: ( 0.418899, 0.00939715 ), (4950,0) global: ( 41.3972, -5.36462 ), (4950,0), changes: -0.018, 0.3 last seen:(4949,0) globalposderived: (4949,0)
 4950: ball (41.397229,-5.364617), agent (41.013738,-5.533436), to (50.000000,0.000000) ang 22.474799 22.474799
 4950: relpos body (0.419005,1.285098), vel. ball:(-0.236892,-0.092184) dist: 1.177293 (0.300000,0.085000,0.792293)
 4950: point too far, freeze ball
(b)r: 0.2 phi: 1.49828 vel: ( 0.00127754, 0.000407698 ) (4951,0) rel: ( 0.199932, 0.00522939 ), (4951,0) global: ( 41.1965, -5.45217 ), (4951,0), changes: -0.018, 0.3 last seen:(4949,0) globalposderived: (4949,0)
 4951: ball (41.196486,-5.452174), agent (41.013738,-5.533436), to (50.000000,0.000000) ang 22.474799 22.474799
 4951: relpos body (0.200000,1.498280), vel. ball:(0.001278,0.000408) dist: 1.177293 (0.300000,0.085000,0.792293)
 4951: pos (3.070715,1.901749) too far, but can acc ball good to 2.853294 k=2.851994,-0.000326
 4951: direction old: 117.913134, new: 26.842754
(b)r: 0.4 phi: 4 vel: ( 0.00745323, 0.00298944 ) (4951,0) rel: ( 0.399026, 0.0279026 ), (4951,0) global: ( 41.6151, -5.38806 ), (4951,0), changes: 0.008, -0.1 last seen:(4951,0) globalposderived: (4951,0)
 4951: ball (41.615103,-5.388057), agent (41.258203,-5.568675), to (50.000000,0.000000) ang 22.842754 22.842754
 4951: relpos body (0.400000,4.000000), vel. ball:(0.007453,0.002989) dist: 1.177293 (0.300000,0.085000,0.792293)
 4951: pos (3.038634,1.952598) too far, but can acc ball good to 2.680107 k=2.672221,-0.001514
 4952: direction old: 31.168045, new: 32.842754
