 0: change player from message 62 -> 1
 0: changed player from message 62 -> 1
 0: change player from message 63 -> 2
 0: changed player from message 63 -> 2
 0: change player from message 64 -> 3
 0: changed player from message 64 -> 3
 0: change player from message 65 -> 4
 0: changed player from message 65 -> 4
 0: change player from message 66 -> 5
 0: changed player from message 66 -> 5
 0: change player from message 67 -> 6
 0: changed player from message 67 -> 6
 0: change player from message 68 -> 7
 0: changed player from message 68 -> 7
 0: change player from message 69 -> 8
 0: changed player from message 69 -> 8
 0: change player from message 70 -> 9
 0: changed player from message 70 -> 9
 0: change player from message 71 -> 10
 0: changed player from message 71 -> 10
 752: direction old: -115.855158, new: -115.804527
(b)r: 1.71605 phi: 22.1726 vel: ( -0.344176, 0.0898193 ) (753,0) rel: ( 1.58915, 0.647633 ), (753,0) global: ( -30.0609, 3.54232 ), (753,0), changes: -0.25, -6.1 last seen:(752,0) globalposderived: (752,0)
 753: direction old: -110.969304, new: -116.165367
(b)r: 1.6 phi: 22 vel: ( -0.347619, 0.0791081 ) (753,0) rel: ( 1.48349, 0.599371 ), (753,0) global: ( -30.0836, 3.88797 ), (753,0), changes: -0.224, -8 last seen:(753,0) globalposderived: (753,0)
(b)r: 0.8248 phi: 21.9699 vel: ( -0.326762, 0.0743617 ) (754,0) rel: ( 0.764904, 0.308573 ), (754,0) global: ( -30.4312, 3.96708 ), (754,0), changes: -0.224, -8 last seen:(753,0) globalposderived: (753,0)
 754: ball (-30.431184,3.967082), agent (-30.067087,4.707170), to (-2.324283,19.840223) ang -138.165367 -138.165367
 754: relpos body (0.824800,21.969865), vel. ball:(-0.326762,0.074362) dist: 1.032194 (0.300000,0.085000,0.647194)
 754: point too far, reposition ball (k_r = 0.799599)
 754: (kick 6.248331 -164.863509), vecDesired (-0.253235,0.187458) 0.000000 posDes(-30.684418,4.154540)
(b)r: 0.481462 phi: 2.14565 vel: ( -0.242334, 0.172974 ) (755,0) rel: ( 0.481124, 0.0180259 ), (755,0) global: ( -30.689, 4.1511 ), (755,0), changes: -0.224, -8 last seen:(753,0) globalposderived: (753,0)
 755: ball (-30.688985,4.151097), agent (-30.342536,4.485429), to (-2.324283,19.840223) ang -138.165367 -138.165367
 755: relpos body (0.481462,2.145651), vel. ball:(-0.242334,0.172974) dist: 1.032194 (0.300000,0.085000,0.647194)
 755: pos (3.493471,1.932314) too far, but can acc ball good to 2.449049 k=2.591348,0.268656
 755: direction old: -179.251102, new: -132.106799
(b)r: 0.6 phi: 7 vel: ( -0.251264, 0.166309 ) (755,0) rel: ( 0.595528, 0.0731216 ), (755,0) global: ( -30.5514, 3.71302 ), (755,0), changes: -0.072, -26.5 last seen:(755,0) globalposderived: (755,0)
 755: ball (-30.551383,3.713017), agent (-30.149075,4.158155), to (-2.324283,19.840223) ang -139.106799 -139.106799
 755: relpos body (0.600000,7.000000), vel. ball:(-0.251264,0.166309) dist: 1.032194 (0.300000,0.085000,0.647194)
 755: point too far, freeze ball
(b)r: 0.498992 phi: 9.23708 vel: ( -0.00740965, 0.00139616 ) (756,0) rel: ( 0.492522, 0.0800983 ), (756,0) global: ( -30.5593, 3.7145 ), (756,0), changes: -0.072, -26.5 last seen:(755,0) globalposderived: (755,0)
 756: ball (-30.559266,3.714502), agent (-30.239390,4.097481), to (-2.324283,19.840223) ang -139.106799 -139.106799
 756: relpos body (0.498992,9.237080), vel. ball:(-0.007410,0.001396) dist: 1.032194 (0.300000,0.085000,0.647194)
 756: pos (3.466709,1.979926) too far, but can acc ball good to 2.540724 k=2.546471,0.004887
 756: direction old: -98.879421, new: -128.432825
(b)r: 0.5 phi: 10 vel: ( -0.00677106, -0.00516166 ) (756,0) rel: ( 0.492404, 0.0868241 ), (756,0) global: ( -30.7893, 3.83989 ), (756,0), changes: -0.03, 1.1 last seen:(756,0) globalposderived: (756,0)
 756: ball (-30.789285,3.839893), agent (-30.478487,4.231562), to (-2.324283,19.840223) ang -138.432825 -138.432825
 756: relpos body (0.500000,10.000000), vel. ball:(-0.006771,-0.005162) dist: 1.032194 (0.300000,0.085000,0.647194)
 756: pos (3.480147,1.956209) too far, but can acc ball good to 2.534127 k=2.542559,-0.001182
 3327: direction old: 77.940438, new: 80.860775
(b)r: 1.56291 phi: -8.04519 vel: ( -0.470493, -0.224618 ) (3328,0) rel: ( 1.54753, -0.218735 ), (3328,0) global: ( -27.6878, 17.806 ), (3328,0), changes: -0.648, 8.1 last seen:(3327,0) globalposderived: (3327,0)
(b)r: 0.49675 phi: 36.0468 vel: ( -0.442263, -0.211141 ) (3329,0) rel: ( 0.401641, 0.292311 ), (3329,0) global: ( -28.1583, 17.5814 ), (3329,0), changes: -0.648, 8.1 last seen:(3327,0) globalposderived: (3327,0)
 3329: ball (-28.158267,17.581351), agent (-27.820071,17.217505), to (-7.713283,12.134958) ang 96.860775 96.860775
 3329: relpos body (0.496750,36.046796), vel. ball:(-0.442263,-0.211141) dist: 1.032194 (0.300000,0.085000,0.647194)
 3329: point too far, freeze ball
 3329: direction old: 149.060564, new: 142.267298
(b)r: 0.4 phi: 45 vel: ( -0.424873, -0.190696 ) (3329,0) rel: ( 0.282843, 0.282843 ), (3329,0) global: ( -27.9859, 17.5332 ), (3329,0), changes: -0.032, 92.1 last seen:(3329,0) globalposderived: (3329,0)
 3329: ball (-27.985877,17.533180), agent (-27.669527,17.288389), to (-7.713283,12.134958) ang 97.267298 97.267298
 3329: relpos body (0.400000,45.000000), vel. ball:(-0.424873,-0.190696) dist: 1.032194 (0.300000,0.085000,0.647194)
 3329: point too far, freeze ball
(b)r: 0.2 phi: 46.5524 vel: ( 0.00113502, 0.000431844 ) (3330,0) rel: ( 0.137538, 0.145201 ), (3330,0) global: ( -27.831, 17.4065 ), (3330,0), changes: -0.032, 92.1 last seen:(3329,0) globalposderived: (3329,0)
 3330: ball (-27.830959,17.406455), agent (-27.669527,17.288389), to (-7.713283,12.134958) ang 97.267298 97.267298
 3330: relpos body (0.200000,46.552361), vel. ball:(0.001135,0.000432) dist: 1.032194 (0.300000,0.085000,0.647194)
 3330: pos (3.207620,-0.840502) too far, but can acc ball good to 2.719365 k=2.718377,0.000705
 3330: 2 pos: ball(-28.028645,17.570057), ball_prev(-27.985877,17.533180), agentdiff(0.011101,0.433120)
 3330: direction old: -118.706559, new: -157.751194
(b)r: 0.4 phi: 105 vel: ( 0.00113502, 0.000431844 ) (3330,0) rel: ( -0.103528, 0.38637 ), (3330,0) global: ( -28.0286, 17.5701 ), (3330,0), changes: -0.032, 92.1 last seen:(3330,0) globalposderived: (3330,0)
 3330: ball (-28.028645,17.570057), agent (-27.658426,17.721508), to (-21.076671,26.535163) ang 97.248806 97.248806
 3330: relpos body (0.400000,105.000000), vel. ball:(0.001135,0.000432) dist: 1.032194 (0.300000,0.085000,0.647194)
 3330: point good, but reposition ball since need 107.534729
 3330: (kick 30.457223 -33.495457), vecDesired (0.309663,0.626157) 0.000000 posDes(-27.718982,18.196214)
(b)r: 0.500403 phi: 1.30525 vel: ( 0.281709, 0.582207 ) (3331,0) rel: ( 0.500273, 0.0113987 ), (3331,0) global: ( -27.729, 18.1894 ), (3331,0), changes: -0.032, 92.1 last seen:(3330,0) globalposderived: (3330,0)
 3331: ball (-27.728954,18.189426), agent (-27.654523,17.694589), to (-21.075583,26.525223) ang 97.248806 97.248806
 3331: relpos body (0.500403,1.305250), vel. ball:(0.281709,0.582207) dist: 1.032194 (0.300000,0.085000,0.647194)
 3331: point good and can reach point 65.702294
 3332: direction old: 59.411002, new: 59.248806
 4656: direction old: -159.809818, new: -159.382712
 4657: direction old: -154.774910, new: -159.300300
(b)r: 2 phi: 10 vel: ( -0.314366, 0.0575524 ) (4657,0) rel: ( 1.96962, 0.347296 ), (4657,0) global: ( -45.8369, -4.17553 ), (4657,0), changes: -0.04, -3 last seen:(4657,0) globalposderived: (4657,0)
(b)r: 1.44343 phi: 9.26439 vel: ( -0.295504, 0.0540992 ) (4658,0) rel: ( 1.4246, 0.232379 ), (4658,0) global: ( -46.1513, -4.11798 ), (4658,0), changes: -0.04, -3 last seen:(4657,0) globalposderived: (4657,0)
(b)r: 0.736275 phi: 9.72385 vel: ( -0.277774, 0.0508533 ) (4659,0) rel: ( 0.725697, 0.124357 ), (4659,0) global: ( -46.4468, -4.06388 ), (4659,0), changes: -0.04, -3 last seen:(4657,0) globalposderived: (4657,0)
 4659: ball (-46.446773,-4.063882), agent (-45.756781,-3.806953), to (-18.781530,-20.372221) ang -169.300300 -169.300300
 4659: relpos body (0.736275,9.723854), vel. ball:(-0.277774,0.050853) dist: 1.032194 (0.300000,0.085000,0.647194)
 4659: point too far, reposition ball (k_r = 0.850803)
 4659: (kick 6.202746 -170.785873), vecDesired (-0.143806,0.099385) 0.000000 posDes(-46.590579,-3.964496)
 4659: direction old: 178.031603, new: -160.794404
(b)r: 0.8 phi: 10 vel: ( -0.245559, 0.0649357 ) (4659,0) rel: ( 0.787846, 0.138919 ), (4659,0) global: ( -46.414, -4.35414 ), (4659,0), changes: -0.144, -5.7 last seen:(4659,0) globalposderived: (4659,0)
 4659: ball (-46.414019,-4.354139), agent (-45.658544,-4.090972), to (-18.781530,-20.372221) ang -170.794404 -170.794404
 4659: relpos body (0.800000,10.000000), vel. ball:(-0.245559,0.064936) dist: 1.032194 (0.300000,0.085000,0.647194)
 4659: point too far, reposition ball (k_r = 0.825804)
 4659: (kick 7.846449 -168.280709), vecDesired (-0.082147,0.127418) 0.000000 posDes(-46.496166,-4.226721)
(b)r: 0.513586 phi: 0.344175 vel: ( -0.094047, 0.114108 ) (4660,0) rel: ( 0.513577, 0.00308508 ), (4660,0) global: ( -46.5141, -4.23275 ), (4660,0), changes: -0.144, -5.7 last seen:(4659,0) globalposderived: (4659,0)
 4660: ball (-46.514069,-4.232748), agent (-46.007600,-4.147542), to (-18.781530,-20.372221) ang -170.794404 -170.794404
 4660: relpos body (0.513586,0.344175), vel. ball:(-0.094047,0.114108) dist: 1.032194 (0.300000,0.085000,0.647194)
 4660: point too far, freeze ball
 4660: direction old: -145.695147, new: -167.675314
(b)r: 0.5 phi: 2 vel: ( -0.0989342, 0.107435 ) (4660,0) rel: ( 0.499695, 0.0174497 ), (4660,0) global: ( -46.5669, -4.04226 ), (4660,0), changes: -0.05, -13.3 last seen:(4660,0) globalposderived: (4660,0)
 4660: ball (-46.566927,-4.042261), agent (-46.078450,-3.935535), to (-18.781530,-20.372221) ang -169.675314 -169.675314
 4660: relpos body (0.500000,2.000000), vel. ball:(-0.098934,0.107435) dist: 1.032194 (0.300000,0.085000,0.647194)
 4660: pos (3.441849,-2.022834) too far, but can acc ball good to 2.432478 k=2.572559,0.042494
 4668: direction old: -31.404097, new: -14.315944
(b)r: 0.781504 phi: 92.4023 vel: ( -1.65421, 1.24094 ) (4669,0) rel: ( -0.0327579, 0.780817 ), (4669,0) global: ( -42.5533, -5.11381 ), (4669,0), changes: -2.36, 26.7 last seen:(4668,0) globalposderived: (4668,0)
 4669: turnWithBall: freeze ball
 4669: 2 pos: ball(-42.401858,-5.332743), ball_prev(-40.793486,-6.433957), agentdiff(0.134719,-0.113049)
 4669: vel based on 2 pos: (-1.638505,1.141407)
 4669: direction old: 73.038115, new: 55.690877
(b)r: 0.7 phi: 87 vel: ( -1.63851, 1.14141 ) (4669,0) rel: ( 0.0366352, 0.699041 ), (4669,0) global: ( -42.4019, -5.33274 ), (4669,0), changes: -2.36, 26.7 last seen:(4669,0) globalposderived: (4669,0)
 4669: turnWithBall: freeze ball
(b)r: 0.719688 phi: 81.5279 vel: ( 0.000169145, 0.0217979 ) (4670,0) rel: ( 0.10603, 0.711834 ), (4670,0) global: ( -42.4017, -5.30955 ), (4670,0), changes: -2.36, 26.7 last seen:(4669,0) globalposderived: (4669,0)
 4670: turnWithBall: turn since ball will be kickable in t+1
(b)r: 0.74003 phi: 49.8731 vel: ( 0.000158997, 0.0204901 ) (4671,0) rel: ( 0.476936, 0.565842 ), (4671,0) global: ( -42.4015, -5.28776 ), (4671,0), changes: -2.36, 26.7 last seen:(4669,0) globalposderived: (4669,0)
 4671: ball (-42.401508,-5.287756), agent (-42.885072,-5.847944), to (-38.885349,-5.895029) ang -0.674451 -0.674451
 4671: relpos body (0.740030,49.873149), vel. ball:(0.000159,0.020490) dist: 1.032194 (0.300000,0.085000,0.647194)
 4671: point good and can reach point 33.993951
 4671: 2 pos: ball(-42.486638,-5.168161), ball_prev(-42.401858,-5.332743), agentdiff(-0.034883,-0.109036)
 4671: direction old: 52.235134, new: 61.218934
(b)r: 0.9 phi: 65 vel: ( 0.000158997, 0.0204901 ) (4671,0) rel: ( 0.380356, 0.815677 ), (4671,0) global: ( -42.4866, -5.16816 ), (4671,0), changes: -2.36, 26.7 last seen:(4671,0) globalposderived: (4671,0)
 4671: ball (-42.486638,-5.168161), agent (-42.919955,-5.956981), to (-38.928662,-6.220757) ang -3.781066 -3.781066
 4671: relpos body (0.900000,65.000000), vel. ball:(0.000159,0.020490) dist: 1.032194 (0.300000,0.085000,0.647194)
 4671: point good and can reach point 38.074682
(b)r: 1.27133 phi: 31.2592 vel: ( 0.652914, -0.190081 ) (4672,0) rel: ( 1.08677, 0.659707 ), (4672,0) global: ( -41.792, -5.37038 ), (4672,0), changes: -2.36, 26.7 last seen:(4671,0) globalposderived: (4671,0)
 4672: direction old: 19.787705, new: 30.088013
(b)r: 1.2 phi: 34 vel: ( 0.596154, -0.119334 ) (4672,0) rel: ( 0.994845, 0.671031 ), (4672,0) global: ( -41.9432, -5.19672 ), (4672,0), changes: 0.456, -19.2 last seen:(4672,0) globalposderived: (4672,0)
(b)r: 1.13814 phi: 28.3523 vel: ( 0.560384, -0.112174 ) (4673,0) rel: ( 1.00161, 0.540492 ), (4673,0) global: ( -41.347, -5.31606 ), (4673,0), changes: 0.456, -19.2 last seen:(4672,0) globalposderived: (4672,0)
(b)r: 0.889049 phi: 28.5961 vel: ( 0.526761, -0.105443 ) (4674,0) rel: ( 0.780599, 0.425527 ), (4674,0) global: ( -40.7867, -5.42823 ), (4674,0), changes: 0.456, -19.2 last seen:(4672,0) globalposderived: (4672,0)
 4674: ball (-40.786661,-5.428230), agent (-41.594473,-5.799510), to (-37.603792,-6.072407) ang -3.911987 -3.911987
 4674: relpos body (0.889049,28.596096), vel. ball:(0.526761,-0.105443) dist: 1.032194 (0.300000,0.085000,0.647194)
 4674: point good and can reach point 9.074151
 4674: direction old: 17.390209, new: 24.047173
(b)r: 1 phi: 28 vel: ( 0.539153, -0.102843 ) (4674,0) rel: ( 0.882948, 0.469472 ), (4674,0) global: ( -40.7325, -5.2898 ), (4674,0), changes: 0.2, -11.1 last seen:(4674,0) globalposderived: (4674,0)
 4674: ball (-40.732538,-5.289802), agent (-41.645748,-5.697290), to (-37.655264,-5.973031) ang -3.952827 -3.952827
 4674: relpos body (1.000000,28.000000), vel. ball:(0.539153,-0.102843) dist: 1.032194 (0.300000,0.085000,0.647194)
 4674: point good and can reach point 6.842732
(b)r: 0.645242 phi: 38.7691 vel: ( 0.506804, -0.0966723 ) (4675,0) rel: ( 0.50308, 0.40404 ), (4675,0) global: ( -40.1934, -5.39264 ), (4675,0), changes: 0.2, -11.1 last seen:(4674,0) globalposderived: (4674,0)
 4675: ball (-40.193385,-5.392645), agent (-40.723120,-5.761044), to (-11.813142,-2.536874) ang -3.952827 -3.952827
 4675: relpos body (0.645242,38.769081), vel. ball:(0.506804,-0.096672) dist: 1.032194 (0.300000,0.085000,0.647194)
 4675: pos (3.733873,0.375722) too far, but can acc ball good to 2.773039 k=2.283193,-0.146928
 4675: direction old: 43.835925, new: 34.089686
(b)r: 0.6 phi: 38 vel: ( 0.509127, -0.101538 ) (4675,0) rel: ( 0.472806, 0.369397 ), (4675,0) global: ( -40.2231, -5.56199 ), (4675,0), changes: 0.096, -15.8 last seen:(4675,0) globalposderived: (4675,0)
 4675: ball (-40.223098,-5.561986), agent (-40.719995,-5.898280), to (-13.827197,-2.553521) ang -3.910314 -3.910314
 4675: relpos body (0.600000,38.000000), vel. ball:(0.509127,-0.101538) dist: 1.032194 (0.300000,0.085000,0.647194)
 4675: pos (3.504874,0.399467) too far, but can acc ball good to 2.822224 k=2.333263,-0.158540
(b)r: 1.03535 phi: -5.3888 vel: ( -0.238932, -0.0121822 ) (5056,0) rel: ( 1.03077, -0.0972332 ), (5056,0) global: ( -23.6603, 2.6563 ), (5056,0), changes: -0.528, -2.5 last seen:(5054,0) globalposderived: (5054,0)
 5056: direction old: -49.691105, new: -54.638169
(b)r: 1.1 phi: -4 vel: ( -0.220097, -0.0393139 ) (5056,0) rel: ( 1.09732, -0.0767321 ), (5056,0) global: ( -23.6662, 2.51661 ), (5056,0), changes: -0.44, -13.7 last seen:(5056,0) globalposderived: (5056,0)
(b)r: 0.693653 phi: -74.1401 vel: ( -0.206891, -0.0369551 ) (5057,0) rel: ( 0.189565, -0.667248 ), (5057,0) global: ( -23.8863, 2.4773 ), (5057,0), changes: -0.44, -13.7 last seen:(5056,0) globalposderived: (5056,0)
 5057: ball (-23.886328,2.477300), agent (-24.072295,3.145560), to (-11.103102,0.457053) ang -0.308728 -0.308728
 5057: relpos body (0.693653,-74.140141), vel. ball:(-0.206891,-0.036955) dist: 1.032194 (0.300000,0.085000,0.647194)
 5057: point good, but reposition ball since need 126.839553
 5057: (kick 40.346918 45.776653), vecDesired (0.387335,0.567056) 0.000000 posDes(-23.498993,3.044357)
 5057: 2 pos: ball(-23.897844,2.404862), ball_prev(-23.666231,2.516614), agentdiff(0.016988,-0.058638)
 5057: vel based on 2 pos: (-0.233686,-0.049928)
 5057: direction old: -74.507360, new: -77.000342
(b)r: 0.7 phi: -81 vel: ( -0.233686, -0.0499277 ) (5057,0) rel: ( 0.109504, -0.691382 ), (5057,0) global: ( -23.8978, 2.40486 ), (5057,0), changes: -0.44, -13.7 last seen:(5057,0) globalposderived: (5057,0)
 5057: ball (-23.897844,2.404862), agent (-24.055306,3.086922), to (-10.803355,0.510921) ang 3.999658 3.999658
 5057: relpos body (0.700000,-81.000000), vel. ball:(-0.233686,-0.049928) dist: 1.032194 (0.300000,0.085000,0.647194)
 5057: point good, but reposition ball since need 137.681516
 5057: (kick 45.475093 41.803125), vecDesired (0.421823,0.624212) 0.000000 posDes(-23.476022,3.029074)
(b)r: 0.482619 phi: -1.77826 vel: ( 0.398806, 0.571531 ) (5058,0) rel: ( 0.482387, -0.0149764 ), (5058,0) global: ( -23.4736, 3.01287 ), (5058,0), changes: -0.44, -13.7 last seen:(5057,0) globalposderived: (5057,0)
 5058: ball (-23.473583,3.012873), agent (-23.955840,2.994167), to (-10.697943,0.488384) ang 3.999658 3.999658
 5058: relpos body (0.482619,-1.778256), vel. ball:(0.398806,0.571531) dist: 1.032194 (0.300000,0.085000,0.647194)
 5058: point good and can reach point 87.789248
 5059: direction old: -9.616411, new: -9.049075
