(b)r: 1.47396 phi: 16.8978 vel: ( -0.600331, -0.0015069 ) (121,0) rel: ( 1.41032, 0.428431 ), (121,0) global: ( 1.95833, 7.80268 ), (121,0), changes: -0.66, 2.8 last seen:(119,0) globalposderived: (119,0)
 121: direction old: 27.724856, new: 29.776148
(b)r: 1.5 phi: 19 vel: ( -0.680689, 0.01642 ) (121,0) rel: ( 1.41828, 0.488352 ), (121,0) global: ( 1.9559, 7.86206 ), (121,0), changes: -0.78, 16.2 last seen:(121,0) globalposderived: (121,0)
(b)r: 0.846221 phi: 24.7188 vel: ( -0.639847, 0.0154348 ) (122,0) rel: ( 0.768683, 0.35386 ), (122,0) global: ( 1.27521, 7.87848 ), (122,0), changes: -0.78, 16.2 last seen:(121,0) globalposderived: (121,0)
 122: turnWithBall: turn since ball will be kickable in t+1
 122: direction old: 62.015710, new: 60.912268
(b)r: 0.8 phi: 25 vel: ( -0.634334, 0.0155863 ) (122,0) rel: ( 0.725046, 0.338095 ), (122,0) global: ( 1.28482, 7.86374 ), (122,0), changes: -0.336, 43.8 last seen:(122,0) globalposderived: (122,0)
 122: turnWithBall: turn since ball will be kickable in t+1
(b)r: 0.767662 phi: 114.396 vel: ( -0.596274, 0.0146511 ) (123,0) rel: ( -0.31708, 0.699117 ), (123,0) global: ( 0.65049, 7.87932 ), (123,0), changes: -0.336, 43.8 last seen:(122,0) globalposderived: (122,0)
 123: ball (0.650490,7.879324), agent (0.951473,7.173127), to (10.948849,6.944065) ang -1.312540 -1.312540
 123: relpos body (0.767662,114.396365), vel. ball:(-0.596274,0.014651) dist: 1.109328 (0.300000,0.085000,0.724328)
 123: point good and can reach point 93.218423
(b)r: 1.05105 phi: 37.1372 vel: ( 1.11028, -0.0829315 ) (124,0) rel: ( 0.837888, 0.634546 ), (124,0) global: ( 1.83164, 7.7911 ), (124,0), changes: -0.336, 43.8 last seen:(122,0) globalposderived: (122,0)
 124: ball (1.831643,7.791099), agent (0.979440,7.175912), to (10.976816,6.946851) ang -1.312540 -1.312540
 124: relpos body (1.051049,37.137218), vel. ball:(1.110285,-0.082932) dist: 1.109328 (0.300000,0.085000,0.724328)
 124: point good and can reach point 1.030094
 124: direction old: 30.612089, new: 43.709021
(b)r: 1 phi: 42 vel: ( 1.06272, -0.0455368 ) (124,0) rel: ( 0.743145, 0.669131 ), (124,0) global: ( 1.69313, 7.97244 ), (124,0), changes: 0.72, -40.2 last seen:(124,0) globalposderived: (124,0)
 124: ball (1.693133,7.972438), agent (0.970275,7.281441), to (10.965827,7.579678) ang 1.709021 1.709021
 124: relpos body (1.000000,42.000000), vel. ball:(1.062723,-0.045537) dist: 1.109328 (0.300000,0.085000,0.724328)
 124: point good and can reach point 2.739947
(b)r: 1.34187 phi: 25.1991 vel: ( 0, 0 ) (125,0) rel: ( 1.21417, 0.571321 ), (125,0) global: ( 2.75586, 7.9269 ), (125,0), changes: 0.72, -40.2 last seen:(124,0) globalposderived: (124,0)
 125: direction old: 27.110657, new: 34.752195
(b)r: 1.2 phi: 33 vel: ( 0, 0 ) (125,0) rel: ( 1.0064, 0.653567 ), (125,0) global: ( 2.47945, 7.96466 ), (125,0), changes: -0.24, 7.2 last seen:(125,0) globalposderived: (125,0)
(b)r: 0.2 phi: 18.3253 vel: ( 0, 0 ) (126,0) rel: ( 0.189857, 0.0628824 ), (126,0) global: ( 2.33534, 7.50281 ), (126,0), changes: -0.24, 7.2 last seen:(125,0) globalposderived: (125,0)
 126: ball (2.335340,7.502810), agent (2.275766,7.311888), to (12.267392,7.721051) ang 2.344984 54.344984
 126: relpos body (0.200000,70.325315), vel. ball:(0.000000,0.000000) dist: 1.109328 (0.300000,0.085000,0.724328)
 126: point good and can reach point 42.843692
(b)r: 1.14043 phi: -113.434 vel: ( 0.97338, 0.0228537 ) (127,0) rel: ( -0.453549, -1.04636 ), (127,0) global: ( 3.37085, 7.52712 ), (127,0), changes: -0.24, 7.2 last seen:(125,0) globalposderived: (125,0)
 127: 2 pos: ball(3.906057,7.930063), ball_prev(2.479453,7.964660), agentdiff(-0.053258,0.058713)
 127: direction old: 8.513344, new: 18.730048
(b)r: 1.8 phi: -73 vel: ( 0.97338, 0.0228537 ) (127,0) rel: ( 0.526269, -1.72135 ), (127,0) global: ( 3.90606, 7.93006 ), (127,0), changes: -0.24, 7.2 last seen:(127,0) globalposderived: (127,0)
 128: 2 pos: ball(4.826473,8.028475), ball_prev(3.906057,7.930063), agentdiff(0.031817,-0.075208)
 128: vel based on 2 pos: (0.835283,0.163203)
 128: direction old: 14.331337, new: 16.163362
 181: direction old: -108.062719, new: -106.332775
 182: 2 pos: ball(-7.470336,-13.383632), ball_prev(-8.835682,-15.763014), agentdiff(-0.128818,0.141758)
 182: vel based on 2 pos: (1.404515,2.103367)
 182: direction old: -103.297026, new: -43.033213
(b)r: 0.9 phi: -163 vel: ( 1.40452, 2.10337 ) (182,0) rel: ( -0.860674, -0.263135 ), (182,0) global: ( -7.47034, -13.3836 ), (182,0), changes: -0.24, -1.3 last seen:(182,0) globalposderived: (182,0)
 182: turnWithBall: kick ball close to desired turnangle 0.000000
 182: kickBallCloseToBody: cannot compensate ball speed, freeze
 182: freeze ball will end up oustide -> accelerate
 254: direction old: -42.322099, new: -35.393214
(b)r: 2 phi: -4 vel: ( 0, 0 ) (254,0) rel: ( 1.99513, -0.139513 ), (254,0) global: ( 1.59597, 15.503 ), (254,0), changes: -1.56, -30.3 last seen:(254,0) globalposderived: (254,0)
(b)r: 1.90095 phi: -2.13141 vel: ( 0, 0 ) (255,0) rel: ( 1.89964, -0.0706993 ), (255,0) global: ( 1.59597, 15.503 ), (255,0), changes: -1.56, -30.3 last seen:(254,0) globalposderived: (254,0)
(b)r: 1.33939 phi: -0.97058 vel: ( 0, 0 ) (256,0) rel: ( 1.33919, -0.0226879 ), (256,0) global: ( 1.59597, 15.503 ), (256,0), changes: -1.56, -30.3 last seen:(254,0) globalposderived: (254,0)
(b)r: 1.22225 phi: -29.3572 vel: ( 1.30648, -1.16033 ) (303,0) rel: ( 1.06529, -0.599212 ), (303,0) global: ( -13.4064, 5.17967 ), (303,0), changes: -1.92, -11.8 last seen:(302,0) globalposderived: (302,0)
(b)r: 1.3724 phi: -83.0824 vel: ( 1.22809, -1.09071 ) (304,0) rel: ( 0.165295, -1.36241 ), (304,0) global: ( -12.0999, 4.01934 ), (304,0), changes: -1.92, -11.8 last seen:(302,0) globalposderived: (302,0)
 304: 2 pos: ball(-12.298927,4.103956), ball_prev(-14.796245,6.414065), agentdiff(-0.026673,0.087816)
 304: direction old: -2.698109, new: 0.892539
(b)r: 1.2 phi: -84 vel: ( 1.14959, -1.09217 ) (304,0) rel: ( 0.125434, -1.19343 ), (304,0) global: ( -12.2989, 4.10396 ), (304,0), changes: -1.92, -11.8 last seen:(304,0) globalposderived: (304,0)
 305: direction old: -29.703949, new: -24.311771
 343: 2 pos: ball(0.306094,-9.610733), ball_prev(2.698265,-11.206632), agentdiff(0.015156,0.158687)
 343: direction old: -9.928222, new: 36.517493
(b)r: 1.6 phi: 45 vel: ( 0, 0 ) (343,0) rel: ( 1.13137, 1.13137 ), (343,0) global: ( 0.306094, -9.61073 ), (343,0), changes: -0.246, 1.8 last seen:(343,0) globalposderived: (343,0)
(b)r: 1.58669 phi: -2.81901 vel: ( 0, 0 ) (344,0) rel: ( 1.58477, -0.0780353 ), (344,0) global: ( 0.306094, -9.61073 ), (344,0), changes: -0.246, 1.8 last seen:(343,0) globalposderived: (343,0)
 344: 2 pos: ball(-1.770884,-8.387913), ball_prev(0.306094,-9.610733), agentdiff(0.038406,-0.162535)
 344: vel based on 2 pos: (-1.988461,1.302234)
 344: direction old: 42.670460, new: 109.999341
 473: direction old: 137.435925, new: 138.245726
 508: direction old: 171.139597, new: -87.648432
 592: 2 pos: ball(-0.224534,-23.390293), ball_prev(0.748261,-22.799053), agentdiff(-0.256854,-0.114147)
 592: direction old: -56.568491, new: -61.701494
 593: direction old: -69.958050, new: -68.055503
 595: 2 pos: ball(-0.850335,-24.144370), ball_prev(-0.461731,-23.589695), agentdiff(0.018404,0.023483)
 595: direction old: -81.996772, new: -80.326614
 596: direction old: -83.459710, new: -86.705823
 598: direction old: -105.108160, new: -101.856473
 599: direction old: -96.153229, new: -101.260361
(b)r: 1.61298 phi: -13.8089 vel: ( -0.172189, -0.185533 ) (601,0) rel: ( 1.56636, -0.384994 ), (601,0) global: ( -2.22462, -25.5989 ), (601,0), changes: 0.25, -3.6 last seen:(599,0) globalposderived: (599,0)
 601: direction old: -108.578610, new: -108.389829
(b)r: 1.5 phi: -13 vel: ( -0.171046, -0.180084 ) (601,0) rel: ( 1.46156, -0.337427 ), (601,0) global: ( -2.18696, -25.5023 ), (601,0), changes: -0.06, -4.8 last seen:(601,0) globalposderived: (601,0)
(b)r: 1.45129 phi: -9.93102 vel: ( -0.160783, -0.169279 ) (602,0) rel: ( 1.42954, -0.250293 ), (602,0) global: ( -2.358, -25.6824 ), (602,0), changes: -0.06, -4.8 last seen:(601,0) globalposderived: (601,0)
 602: direction old: -117.728233, new: -113.414027
(b)r: 1.3 phi: -9 vel: ( -0.151173, -0.164314 ) (602,0) rel: ( 1.28399, -0.203365 ), (602,0) global: ( -2.1928, -25.5783 ), (602,0), changes: 0.104, -3.7 last seen:(602,0) globalposderived: (602,0)
(b)r: 0.849235 phi: -17.9571 vel: ( -0.142103, -0.154455 ) (603,0) rel: ( 0.807867, -0.261823 ), (603,0) global: ( -2.34398, -25.7426 ), (603,0), changes: 0.104, -3.7 last seen:(602,0) globalposderived: (602,0)
 603: turnWithBall: turn since ball will be kickable in t+1
(b)r: 0.80457 phi: -112.112 vel: ( -0.133576, -0.145188 ) (604,0) rel: ( -0.302857, -0.745392 ), (604,0) global: ( -2.48608, -25.8971 ), (604,0), changes: 0.104, -3.7 last seen:(602,0) globalposderived: (602,0)
 604: ball (-2.486078,-25.897062), agent (-2.014793,-25.244972), to (7.397288,-28.623245) ang -19.744562 -13.744562
 604: relpos body (0.804570,-106.112173), vel. ball:(-0.133576,-0.145188) dist: 1.109328 (0.300000,0.085000,0.724328)
 604: point good and can reach point 67.560474
 604: 2 pos: ball(-2.556029,-25.808115), ball_prev(-2.192803,-25.578294), agentdiff(-0.029869,0.177468)
 604: direction old: -118.017852, new: -124.623725
(b)r: 0.9 phi: -118 vel: ( -0.133576, -0.145188 ) (604,0) rel: ( -0.422524, -0.794653 ), (604,0) global: ( -2.55603, -25.8081 ), (604,0), changes: 0.104, -3.7 last seen:(604,0) globalposderived: (604,0)
 604: ball (-2.556029,-25.808115), agent (-2.044662,-25.067504), to (7.713601,-27.252977) ang -12.623725 -6.623725
 604: relpos body (0.900000,-112.000000), vel. ball:(-0.133576,-0.145188) dist: 1.109328 (0.300000,0.085000,0.724328)
 604: point good and can reach point 72.837924
(b)r: 1.12886 phi: -48.1837 vel: ( 1.09224, -0.170997 ) (605,0) rel: ( 0.752658, -0.841321 ), (605,0) global: ( -1.39407, -25.99 ), (605,0), changes: 0.104, -3.7 last seen:(604,0) globalposderived: (604,0)
 605: 2 pos: ball(-1.444473,-25.803995), ball_prev(-2.556029,-25.808115), agentdiff(0.259691,-0.012571)
 605: vel based on 2 pos: (0.800753,0.015689)
 605: direction old: -66.752540, new: -64.809865
(b)r: 0.8 phi: -58 vel: ( 0.800753, 0.0156893 ) (605,0) rel: ( 0.423935, -0.678438 ), (605,0) global: ( -1.44447, -25.804 ), (605,0), changes: 0.104, -3.7 last seen:(605,0) globalposderived: (605,0)
 605: ball (-1.444473,-25.803995), agent (-1.784972,-25.080075), to (7.966140,-27.297239) ang -12.809865 -6.809865
 605: relpos body (0.800000,-52.000000), vel. ball:(0.800753,0.015689) dist: 1.109328 (0.300000,0.085000,0.724328)
 605: point good and can reach point 16.908705
(b)r: 0.794373 phi: -4.42726 vel: ( 0.752708, 0.014748 ) (606,0) rel: ( 0.792003, -0.0613204 ), (606,0) global: ( -0.64372, -25.7883 ), (606,0), changes: 0.104, -3.7 last seen:(605,0) globalposderived: (605,0)
 606: ball (-0.643720,-25.788306), agent (-1.216130,-25.237511), to (8.466645,-27.736285) ang -14.470260 -39.470260
 606: relpos body (0.794373,-29.427264), vel. ball:(0.752708,0.014748) dist: 1.109328 (0.300000,0.085000,0.724328)
 606: point good and can reach point 19.079022
(b)r: 1.23313 phi: 16.8788 vel: ( 0.707545, 0.0138631 ) (607,0) rel: ( 1.18001, 0.358038 ), (607,0) global: ( 0.108988, -25.7736 ), (607,0), changes: 0.104, -3.7 last seen:(605,0) globalposderived: (605,0)
 607: direction old: -5.127000, new: -27.400605
(b)r: 1.8 phi: 11 vel: ( 0.91163, -0.112084 ) (607,0) rel: ( 1.76693, 0.343456 ), (607,0) global: ( 0.611597, -26.5036 ), (607,0), changes: 0.792, 9.8 last seen:(607,0) globalposderived: (607,0)
 608: direction old: -24.674356, new: -21.103699
 619: direction old: 0.891551, new: -0.834829
(b)r: 1.69409 phi: 0.541398 vel: ( 0.395425, -0.0211436 ) (620,0) rel: ( 1.69401, 0.0160075 ), (620,0) global: ( 9.04833, -27.254 ), (620,0), changes: 0.088, -0.4 last seen:(619,0) globalposderived: (619,0)
 620: direction old: -0.024021, new: -0.776626
(b)r: 1.6 phi: 0 vel: ( 0.394459, -0.0231869 ) (620,0) rel: ( 1.6, 0 ), (620,0) global: ( 9.09463, -27.2751 ), (620,0), changes: 0.064, -0.3 last seen:(620,0) globalposderived: (620,0)
(b)r: 1.0679 phi: 0.779652 vel: ( 0.370791, -0.0217957 ) (621,0) rel: ( 1.0678, 0.014531 ), (621,0) global: ( 9.48909, -27.2982 ), (621,0), changes: 0.064, -0.3 last seen:(620,0) globalposderived: (620,0)
 621: ball (9.489087,-27.298246), agent (8.421184,-27.298303), to (11.938549,-14.481167) ang -2.776626 -0.776626
 621: relpos body (1.067903,2.779652), vel. ball:(0.370791,-0.021796) dist: 1.109328 (0.300000,0.085000,0.724328)
 621: point good, but reposition ball since need 119.032354
 621: (kick 29.664167 -175.481721), vecDesired (-0.237986,-0.040307) 0.000000 posDes(9.251101,-27.338553)
(b)r: 1.10183 phi: 0.495767 vel: ( 0.348544, -0.0204879 ) (622,0) rel: ( 1.10179, 0.00953378 ), (622,0) global: ( 9.85988, -27.32 ), (622,0), changes: 0.064, -0.3 last seen:(620,0) globalposderived: (620,0)
 622: ball (9.859879,-27.320042), agent (8.758060,-27.314641), to (11.938549,-14.481167) ang -2.776626 -0.776626
 622: relpos body (1.101832,2.495767), vel. ball:(0.348544,-0.020488) dist: 1.109328 (0.300000,0.085000,0.724328)
 622: point good, but reposition ball since need 121.300843
 622: (kick 41.046101 -176.934312), vecDesired (-0.481655,-0.024676) 0.000000 posDes(9.378224,-27.344718)
 622: direction old: -2.004207, new: 2.128180
(b)r: 1.2 phi: 3 vel: ( 0.342355, -0.0155183 ) (622,0) rel: ( 1.19836, 0.0628031 ), (622,0) global: ( 9.89024, -27.2346 ), (622,0), changes: 0.216, -0.6 last seen:(622,0) globalposderived: (622,0)
(b)r: 0.842214 phi: 5.24685 vel: ( 0.321814, -0.0145872 ) (623,0) rel: ( 0.838686, 0.0770179 ), (623,0) global: ( 10.2326, -27.2501 ), (623,0), changes: 0.216, -0.6 last seen:(622,0) globalposderived: (622,0)
 623: ball (10.232595,-27.250096), agent (9.392835,-27.314344), to (11.938549,-14.481167) ang -2.871820 -0.871820
 623: relpos body (0.842214,7.246849), vel. ball:(0.321814,-0.014587) dist: 1.109328 (0.300000,0.085000,0.724328)
 623: point good, but reposition ball since need 109.363540
 623: (kick 18.728274 -165.156404), vecDesired (-0.089811,-0.101869) 0.000000 posDes(10.142784,-27.351965)
 623: direction old: -5.756874, new: 4.884615
(b)r: 0.8 phi: 6 vel: ( 0.325339, -0.00789862 ) (623,0) rel: ( 0.795618, 0.0836228 ), (623,0) global: ( 10.0114, -27.0793 ), (623,0), changes: 0.08, 0.4 last seen:(623,0) globalposderived: (623,0)
 623: ball (10.011415,-27.079318), agent (9.214321,-27.147438), to (11.938549,-14.481167) ang -3.115385 -1.115385
 623: relpos body (0.800000,8.000000), vel. ball:(0.325339,-0.007899) dist: 1.109328 (0.300000,0.085000,0.724328)
 623: point good, but reposition ball since need 107.050965
 623: (kick 16.910163 -161.715756), vecDesired (-0.047312,-0.108928) 0.000000 posDes(9.964103,-27.188247)
(b)r: 0.547304 phi: -1.35933 vel: ( -0.0244708, -0.101414 ) (624,0) rel: ( 0.54715, -0.0129835 ), (624,0) global: ( 9.98538, -27.1872 ), (624,0), changes: 0.08, 0.4 last seen:(623,0) globalposderived: (623,0)
 624: ball (9.985382,-27.187206), agent (9.438589,-27.163574), to (11.938549,-14.481167) ang -3.115385 -1.115385
 624: relpos body (0.547304,0.640665), vel. ball:(-0.024471,-0.101414) dist: 1.109328 (0.300000,0.085000,0.724328)
 624: point good and can reach point 100.858344
 625: 2 pos: ball(10.513518,-25.209459), ball_prev(10.011415,-27.079318), agentdiff(0.106406,-0.376655)
 625: direction old: 75.149934, new: 69.279087
 706: direction old: 21.711138, new: 40.600942
(b)r: 1.66257 phi: 18.1723 vel: ( -0.635734, -0.0130062 ) (707,0) rel: ( 1.57965, 0.518517 ), (707,0) global: ( 0.989369, 7.81728 ), (707,0), changes: -0.572, 9.9 last seen:(706,0) globalposderived: (706,0)
 707: direction old: 53.298813, new: 53.558733
(b)r: 1.6 phi: 18 vel: ( -0.619382, -0.00745489 ) (707,0) rel: ( 1.52169, 0.494427 ), (707,0) global: ( 0.945706, 7.77085 ), (707,0), changes: -0.384, 16.7 last seen:(707,0) globalposderived: (707,0)
(b)r: 1.2941 phi: 25.3027 vel: ( -0.582219, -0.0070076 ) (708,0) rel: ( 1.16994, 0.553097 ), (708,0) global: ( 0.326325, 7.76339 ), (708,0), changes: -0.384, 16.7 last seen:(707,0) globalposderived: (707,0)
(b)r: 1.27027 phi: 28.4642 vel: ( -0.547286, -0.00658714 ) (709,0) rel: ( 1.11671, 0.605421 ), (709,0) global: ( -0.255894, 7.75638 ), (709,0), changes: -0.384, 16.7 last seen:(707,0) globalposderived: (707,0)
 709: direction old: 101.289505, new: 98.936832
(b)r: 1.3 phi: 27 vel: ( 0, 0 ) (709,0) rel: ( 1.15831, 0.590188 ), (709,0) global: ( -0.205767, 7.77788 ), (709,0), changes: 0.078, 23.1 last seen:(709,0) globalposderived: (709,0)
(b)r: 1.3 phi: 3 vel: ( 0, 0 ) (710,0) rel: ( 1.29822, 0.0680367 ), (710,0) global: ( -0.205767, 7.77788 ), (710,0), changes: 0.078, 23.1 last seen:(709,0) globalposderived: (709,0)
 710: direction old: 98.936832, new: 120.809064
(b)r: 1.5 phi: 27 vel: ( 0, 0 ) (710,0) rel: ( 1.33651, 0.680986 ), (710,0) global: ( -0.772086, 7.78198 ), (710,0), changes: 0.27, 17 last seen:(710,0) globalposderived: (710,0)
(b)r: 1.04655 phi: 39.9255 vel: ( 0, 0 ) (711,0) rel: ( 0.802577, 0.671666 ), (711,0) global: ( -0.772086, 7.78198 ), (711,0), changes: 0.27, 17 last seen:(710,0) globalposderived: (710,0)
 711: turnWithBall: kick ball away from opp at ang 104.970446
 711: (kick 69.065285 -148.270322), vecDesired (0.836961,-1.050745) -171.838618 posDes(0.064875,6.731235)
(b)r: 0.898489 phi: 7.16395 vel: ( 0, 0 ) (712,0) rel: ( 0.891475, 0.11205 ), (712,0) global: ( -0.772086, 7.78198 ), (712,0), changes: 0.27, 17 last seen:(710,0) globalposderived: (710,0)
 712: turnWithBall: kick ball away from opp at ang 130.919136
 712: (kick 65.173143 -138.605077), vecDesired (1.022626,-0.869510) -147.312365 posDes(0.250540,6.912470)
 712: direction old: 146.419943, new: 164.108230
 713: direction old: 168.922844, new: 168.554581
 719: direction old: 166.649389, new: 172.333314
(b)r: 1.60348 phi: 4.08409 vel: ( -0.337562, -0.0298033 ) (721,0) rel: ( 1.59941, 0.114201 ), (721,0) global: ( -6.45514, 7.54709 ), (721,0), changes: 0.054, 1.6 last seen:(719,0) globalposderived: (719,0)
 721: direction old: 178.413734, new: 175.250251
(b)r: 1.6 phi: 4 vel: ( -0.341475, -0.0284864 ) (721,0) rel: ( 1.5961, 0.11161 ), (721,0) global: ( -6.4483, 7.63523 ), (721,0), changes: 0.032, 1.8 last seen:(721,0) globalposderived: (721,0)
(b)r: 1.04495 phi: 9.69729 vel: ( -0.320987, -0.0267772 ) (722,0) rel: ( 1.03002, 0.176014 ), (722,0) global: ( -6.78977, 7.60674 ), (722,0), changes: 0.032, 1.8 last seen:(721,0) globalposderived: (721,0)
 722: turnWithBall: freeze ball
 722: direction old: 178.194634, new: -178.586729
(b)r: 1 phi: 10 vel: ( -0.318146, -0.0306499 ) (722,0) rel: ( 0.984808, 0.173648 ), (722,0) global: ( -6.63402, 7.54566 ), (722,0), changes: 0, 4.4 last seen:(722,0) globalposderived: (722,0)
 722: turnWithBall: freeze ball
(b)r: 0.704516 phi: 15.2982 vel: ( -0.00366233, -0.000818846 ) (723,0) rel: ( 0.679553, 0.185881 ), (723,0) global: ( -6.63791, 7.54479 ), (723,0), changes: 0, 4.4 last seen:(722,0) globalposderived: (722,0)
 723: turnWithBall: turn since ball will be kickable in t+1
(b)r: 0.600075 phi: 143.205 vel: ( -0.00344259, -0.000769715 ) (724,0) rel: ( -0.480528, 0.35942 ), (724,0) global: ( -6.64157, 7.54397 ), (724,0), changes: 0, 4.4 last seen:(722,0) globalposderived: (722,0)
 724: turnWithBall: turn since ball will be kickable in t+1
 724: 2 pos: ball(-6.847475,7.582582), ball_prev(-6.634015,7.545661), agentdiff(-0.101836,0.014758)
 724: direction old: -167.004430, new: -173.890321
(b)r: 0.7 phi: 142 vel: ( -0.00344259, -0.000769715 ) (724,0) rel: ( -0.551608, 0.430963 ), (724,0) global: ( -6.84747, 7.58258 ), (724,0), changes: 0, 4.4 last seen:(724,0) globalposderived: (724,0)
 724: turnWithBall: turn since ball will be kickable in t+1
(b)r: 0.677259 phi: -166.62 vel: ( -0.00323604, -0.000723532 ) (725,0) rel: ( -0.658876, -0.156724 ), (725,0) global: ( -6.85092, 7.58181 ), (725,0), changes: 0, 4.4 last seen:(724,0) globalposderived: (724,0)
 725: ball (-6.850917,7.581812), agent (-6.178673,7.664076), to (3.812531,7.244733) ang -2.403361 -6.403361
 725: relpos body (0.677259,-170.619962), vel. ball:(-0.003236,-0.000724) dist: 1.109328 (0.300000,0.085000,0.724328)
 725: point good and can reach point 66.684959
 725: 2 pos: ball(-6.775469,7.595791), ball_prev(-6.847475,7.582582), agentdiff(-0.000456,-0.002111)
 725: vel based on 2 pos: (0.068114,0.014400)
 725: direction old: -173.196057, new: -173.667909
(b)r: 0.6 phi: -172 vel: ( 0.0681141, 0.0144 ) (725,0) rel: ( -0.594161, -0.0835039 ), (725,0) global: ( -6.77547, 7.59579 ), (725,0), changes: 0, 4.4 last seen:(725,0) globalposderived: (725,0)
 725: ball (-6.775469,7.595791), agent (-6.179130,7.661965), to (3.812588,8.068879) ang 2.332091 -1.667909
 725: relpos body (0.600000,-176.000000), vel. ball:(0.068114,0.014400) dist: 1.109328 (0.300000,0.085000,0.724328)
 725: point good and can reach point 60.901176
(b)r: 0.71292 phi: 1.25446 vel: ( 1.2044, 0.0599776 ) (726,0) rel: ( 0.712749, 0.0156078 ), (726,0) global: ( -5.4942, 7.6596 ), (726,0), changes: 0, 4.4 last seen:(725,0) globalposderived: (725,0)
 726: ball (-5.494197,7.659597), agent (-6.207098,7.664741), to (3.784620,8.071655) ang 2.332091 -1.667909
 726: relpos body (0.712920,-2.745539), vel. ball:(1.204396,0.059978) dist: 1.109328 (0.300000,0.085000,0.724328)
 726: point good and can reach point 3.710119
(b)r: 1.35617 phi: 3.8474 vel: ( 1.13213, 0.056379 ) (727,0) rel: ( 1.35311, 0.0909979 ), (727,0) global: ( -4.2898, 7.71957 ), (727,0), changes: 0, 4.4 last seen:(725,0) globalposderived: (725,0)
 727: direction old: 10.349574, new: 6.498087
(b)r: 1 phi: 8 vel: ( 0.995248, 0.0888064 ) (727,0) rel: ( 0.990268, 0.139173 ), (727,0) global: ( -4.52104, 7.60906 ), (727,0), changes: 0.8, -0.2 last seen:(727,0) globalposderived: (727,0)
 727: ball (-4.521037,7.609063), agent (-5.514612,7.495893), to (4.475884,7.931754) ang 2.498087 -1.501913
 727: relpos body (1.000000,4.000000), vel. ball:(0.995248,0.088806) dist: 1.109328 (0.300000,0.085000,0.724328)
 727: point good and can reach point 3.545132
(b)r: 1.24051 phi: 8.09642 vel: ( 0.935533, 0.083478 ) (728,0) rel: ( 1.22814, 0.174712 ), (728,0) global: ( -3.52579, 7.69787 ), (728,0), changes: 0.8, -0.2 last seen:(727,0) globalposderived: (727,0)
 728: direction old: -5.163348, new: 4.240749
(b)r: 1.2 phi: 6 vel: ( 0.926439, 0.063149 ) (728,0) rel: ( 1.19343, 0.125434 ), (728,0) global: ( -3.55833, 7.89768 ), (728,0), changes: 0.648, -1.2 last seen:(728,0) globalposderived: (728,0)
(b)r: 1.28613 phi: 7.06455 vel: ( 0.870853, 0.05936 ) (729,0) rel: ( 1.27636, 0.158178 ), (729,0) global: ( -2.63189, 7.96083 ), (729,0), changes: 0.648, -1.2 last seen:(728,0) globalposderived: (728,0)
(b)r: 1.28894 phi: 8.18321 vel: ( 0.818602, 0.0557984 ) (730,0) rel: ( 1.27582, 0.183467 ), (730,0) global: ( -1.76104, 8.02019 ), (730,0), changes: 0.648, -1.2 last seen:(728,0) globalposderived: (728,0)
 730: direction old: 7.056032, new: 3.252908
(b)r: 1.3 phi: 5 vel: ( 0.811491, 0.035549 ) (730,0) rel: ( 1.29505, 0.113302 ), (730,0) global: ( -1.77909, 7.93107 ), (730,0), changes: 0.494, -1.1 last seen:(730,0) globalposderived: (730,0)
(b)r: 1.21459 phi: 6.7228 vel: ( 0.762802, 0.033416 ) (731,0) rel: ( 1.20624, 0.142187 ), (731,0) global: ( -0.967594, 7.96662 ), (731,0), changes: 0.494, -1.1 last seen:(730,0) globalposderived: (730,0)
 731: direction old: 10.241806, new: 4.353759
(b)r: 1.2 phi: 6 vel: ( 0.757013, 0.0309609 ) (731,0) rel: ( 1.19343, 0.125434 ), (731,0) global: ( -0.994844, 7.83661 ), (731,0), changes: 0.432, -0.3 last seen:(731,0) globalposderived: (731,0)
(b)r: 1.00947 phi: 10.1635 vel: ( 0.711592, 0.0291032 ) (732,0) rel: ( 0.993634, 0.17813 ), (732,0) global: ( -0.237831, 7.86757 ), (732,0), changes: 0.432, -0.3 last seen:(731,0) globalposderived: (731,0)
 732: ball (-0.237831,7.867566), agent (-1.236172,7.718055), to (8.755391,8.128748) ang 2.353759 -1.646241
 732: relpos body (1.009474,6.163528), vel. ball:(0.711592,0.029103) dist: 1.109328 (0.300000,0.085000,0.724328)
 732: point good and can reach point 16.161030
(b)r: 1.71716 phi: 7.61634 vel: ( 0.98397, 0.0293024 ) (733,0) rel: ( 1.70202, 0.227591 ), (733,0) global: ( 0.808945, 7.89874 ), (733,0), changes: 0.432, -0.3 last seen:(731,0) globalposderived: (731,0)
 733: direction old: 5.967523, new: 6.416874
(b)r: 1.8 phi: 8 vel: ( 1.0025, 0.0357223 ) (733,0) rel: ( 1.78248, 0.250512 ), (733,0) global: ( 0.819453, 7.91403 ), (733,0), changes: 0.9, -1.9 last seen:(733,0) globalposderived: (733,0)
 734: direction old: 10.785712, new: 6.475810
 736: direction old: -0.022776, new: 7.339218
(b)r: 1.9539 phi: 0.348231 vel: ( 0.775538, 0.0229012 ) (737,0) rel: ( 1.95386, 0.0118753 ), (737,0) global: ( 4.3453, 8.10651 ), (737,0), changes: 0.48, -1.6 last seen:(736,0) globalposderived: (736,0)
 737: direction old: 7.777916, new: 8.237782
(b)r: 1.86126 phi: 0.398666 vel: ( 0.718126, 0.02081 ) (738,0) rel: ( 1.86122, 0.0129506 ), (738,0) global: ( 5.15112, 8.15057 ), (738,0), changes: 0.44, -1.4 last seen:(737,0) globalposderived: (737,0)
 739: 2 pos: ball(5.728553,8.096459), ball_prev(4.387160,8.128432), agentdiff(-0.077169,-0.003416)
 739: direction old: 5.018979, new: 3.395605
 740: direction old: 6.144678, new: 2.554412
 742: direction old: -9.663791, new: -1.793289
 743: direction old: 9.816978, new: -4.337689
(b)r: 1.85131 phi: 0.699197 vel: ( 0.463762, -0.0308179 ) (745,0) rel: ( 1.85118, 0.0225916 ), (745,0) global: ( 9.35735, 7.51805 ), (745,0), changes: 0.25, -1.2 last seen:(743,0) globalposderived: (743,0)
 745: direction old: -21.035082, new: -15.472532
(b)r: 1.8 phi: -2 vel: ( 0.443869, -0.0443903 ) (745,0) rel: ( 1.7989, -0.0628191 ), (745,0) global: ( 9.30646, 7.72456 ), (745,0), changes: 0.144, -1.6 last seen:(745,0) globalposderived: (745,0)
(b)r: 1.94984 phi: 31.8159 vel: ( 0.417237, -0.0417269 ) (746,0) rel: ( 1.65687, 1.02794 ), (746,0) global: ( 9.75033, 7.68017 ), (746,0), changes: 0.144, -1.6 last seen:(745,0) globalposderived: (745,0)
 746: direction old: -22.054327, new: -17.529809
(b)r: 1.74276 phi: 32.6023 vel: ( 0.39353, -0.0530608 ) (747,0) rel: ( 1.46815, 0.939006 ), (747,0) global: ( 10.1712, 7.79306 ), (747,0), changes: 0.32, 0.5 last seen:(746,0) globalposderived: (746,0)
(b)r: 1.26523 phi: -3.45458 vel: ( 0.369919, -0.0498771 ) (748,0) rel: ( 1.26293, -0.0762395 ), (748,0) global: ( 10.5647, 7.74 ), (748,0), changes: 0.32, 0.5 last seen:(746,0) globalposderived: (746,0)
 748: direction old: -7.672395, new: -14.234533
(b)r: 1.2 phi: -3 vel: ( 0.362583, -0.0527124 ) (748,0) rel: ( 1.19836, -0.0628031 ), (748,0) global: ( 10.464, 7.61518 ), (748,0), changes: 0.048, 1.6 last seen:(748,0) globalposderived: (748,0)
(b)r: 0.70601 phi: 2.47024 vel: ( 0.340828, -0.0495497 ) (749,0) rel: ( 0.705354, 0.0304294 ), (749,0) global: ( 10.8266, 7.56247 ), (749,0), changes: 0.048, 1.6 last seen:(748,0) globalposderived: (748,0)
 749: ball (10.826603,7.562472), agent (10.123114,7.622084), to (5.754732,7.327209) ang -19.313785 -7.313785
 749: relpos body (0.706010,14.470242), vel. ball:(0.340828,-0.049550) dist: 1.109328 (0.300000,0.085000,0.724328)
 749: point good and can reach point 101.671578
 749: direction old: -4.027974, new: -5.247596
(b)r: 0.7 phi: 3 vel: ( 0.332124, -0.0541485 ) (749,0) rel: ( 0.699041, 0.0366352 ), (749,0) global: ( 10.8167, 7.54824 ), (749,0), changes: 0.028, 4.2 last seen:(749,0) globalposderived: (749,0)
 749: ball (10.816670,7.548235), agent (10.119603,7.612257), to (5.754732,7.327209) ang -20.247596 -8.247596
 749: relpos body (0.700000,15.000000), vel. ball:(0.332124,-0.054149) dist: 1.109328 (0.300000,0.085000,0.724328)
 749: point good and can reach point 101.148238
(b)r: 1.61142 phi: -170.258 vel: ( -1.8968, -0.0799097 ) (750,0) rel: ( -1.58818, -0.272683 ), (750,0) global: ( 8.79879, 7.46323 ), (750,0), changes: 0.028, 4.2 last seen:(749,0) globalposderived: (749,0)
 814: direction old: -169.163892, new: -173.924331
(b)r: 1.9893 phi: 1 vel: ( 0.481553, 0.014785 ) (815,0) rel: ( 1.98899, 0.034718 ), (815,0) global: ( -13.6983, -1.48953 ), (815,0), changes: -0.5, 0.9 last seen:(814,0) globalposderived: (814,0)
 815: direction old: 178.352855, new: -173.160224
(b)r: 1.8 phi: 1 vel: ( 0.651994, 0.00543006 ) (815,0) rel: ( 1.79973, 0.0314143 ), (815,0) global: ( -13.5131, -1.76062 ), (815,0), changes: -0.648, 2.3 last seen:(815,0) globalposderived: (815,0)
(b)r: 1.15426 phi: 2.85982 vel: ( 0.612874, 0.00510426 ) (816,0) rel: ( 1.15283, 0.0575892 ), (816,0) global: ( -12.8611, -1.75519 ), (816,0), changes: -0.648, 2.3 last seen:(815,0) globalposderived: (815,0)
(b)r: 0.560686 phi: 1 vel: ( 0.576101, 0.004798 ) (817,0) rel: ( 0.5606, 0.00978532 ), (817,0) global: ( -12.2483, -1.75008 ), (817,0), changes: -0.648, 2.3 last seen:(815,0) globalposderived: (815,0)
 817: turnWithBall: kick ball away from opp at ang -72.872270
 817: (kick 27.874540 -94.775566), vecDesired (0.374808,0.682512) -94.190237 posDes(-11.873448,-1.067572)
 817: direction old: -156.163449, new: -160.280807
(b)r: 0.5 phi: 0 vel: ( 0.566661, 0.0104854 ) (817,0) rel: ( 0.5, 0 ), (817,0) global: ( -12.1821, -1.68159 ), (817,0), changes: -0.53, 19.8 last seen:(817,0) globalposderived: (817,0)
 817: turnWithBall: turn since ball will be kickable in t+1
(b)r: 0.2 phi: -57.7575 vel: ( -0.0532661, -0.000985624 ) (818,0) rel: ( 0.106701, -0.16916 ), (818,0) global: ( -11.6077, -1.68388 ), (818,0), changes: -0.53, 19.8 last seen:(817,0) globalposderived: (817,0)
 818: ball (-11.607656,-1.683883), agent (-11.711388,-1.512887), to (-2.646804,20.914276) ang 0.000000 -1.000000
 818: relpos body (0.200000,-58.757500), vel. ball:(-0.053266,-0.000986) dist: 1.109328 (0.300000,0.085000,0.724328)
 818: pos (1.300290,3.279171) too far, but can acc ball good to 2.631054 k=2.652061,0.049152
 818: direction old: -70.927327, new: -14.125536
(b)r: 1.69007 phi: -62.4307 vel: ( 0.443731, -1.67164 ) (894,0) rel: ( 0.7822, -1.49816 ), (894,0) global: ( 0.755421, -0.684059 ), (894,0), changes: -2, -9 last seen:(892,0) globalposderived: (892,0)
(b)r: 1.86917 phi: -4.07449 vel: ( 0.417107, -1.57134 ) (895,0) rel: ( 1.86445, -0.132811 ), (895,0) global: ( 1.19915, -2.35569 ), (895,0), changes: -2, -9 last seen:(892,0) globalposderived: (892,0)
 895: direction old: -19.862237, new: -20.454879
 1093: direction old: 131.096397, new: 131.117884
 1094: direction old: 133.840591, new: 134.218262
 1096: direction old: 141.837856, new: 139.566164
(b)r: 1.96606 phi: 0.376068 vel: ( -0.176556, 0.0589279 ) (1097,0) rel: ( 1.96602, 0.0129044 ), (1097,0) global: ( -4.90747, 10.883 ), (1097,0), changes: 0.132, 2 last seen:(1096,0) globalposderived: (1096,0)
 1097: direction old: 142.492115, new: 142.563495
(b)r: 1.73957 phi: -0.531464 vel: ( -0.171186, 0.0585208 ) (1098,0) rel: ( 1.73949, -0.0161356 ), (1098,0) global: ( -5.11853, 10.9643 ), (1098,0), changes: 0.04, 2.3 last seen:(1097,0) globalposderived: (1097,0)
(b)r: 1.74873 phi: -8.99687 vel: ( -0.160915, 0.0550096 ) (1099,0) rel: ( 1.72722, -0.273467 ), (1099,0) global: ( -5.28972, 11.0229 ), (1099,0), changes: 0.04, 2.3 last seen:(1097,0) globalposderived: (1097,0)
 1099: direction old: 150.129321, new: 149.606383
(b)r: 1.8 phi: -8 vel: ( -0.162257, 0.0529835 ) (1099,0) rel: ( 1.78248, -0.250512 ), (1099,0) global: ( -5.35894, 11.0816 ), (1099,0), changes: 0.108, 1.6 last seen:(1099,0) globalposderived: (1099,0)
(b)r: 1.57847 phi: -4.93701 vel: ( -0.152522, 0.0498045 ) (1100,0) rel: ( 1.57261, -0.135844 ), (1100,0) global: ( -5.5212, 11.1345 ), (1100,0), changes: 0.108, 1.6 last seen:(1099,0) globalposderived: (1099,0)
 1100: direction old: 152.572678, new: 152.719718
(b)r: 1.6 phi: -5 vel: ( -0.158338, 0.0510575 ) (1100,0) rel: ( 1.59391, -0.139449 ), (1100,0) global: ( -5.54261, 11.141 ), (1100,0), changes: 0.032, 1.9 last seen:(1100,0) globalposderived: (1100,0)
(b)r: 1.31541 phi: -3.13153 vel: ( -0.148838, 0.047994 ) (1101,0) rel: ( 1.31344, -0.0718585 ), (1101,0) global: ( -5.70095, 11.1921 ), (1101,0), changes: 0.032, 1.9 last seen:(1100,0) globalposderived: (1100,0)
(b)r: 1.33081 phi: -9.74052 vel: ( -0.139908, 0.0451144 ) (1102,0) rel: ( 1.31163, -0.225155 ), (1102,0) global: ( -5.84978, 11.2401 ), (1102,0), changes: 0.032, 1.9 last seen:(1100,0) globalposderived: (1100,0)
 1102: direction old: 148.204784, new: 155.927748
(b)r: 1.3 phi: -9 vel: ( -0.143009, 0.0473481 ) (1102,0) rel: ( 1.28399, -0.203365 ), (1102,0) global: ( -5.82983, 11.0222 ), (1102,0), changes: 0.104, 0.9 last seen:(1102,0) globalposderived: (1102,0)
(b)r: 1.05651 phi: -8.181 vel: ( -0.134429, 0.0445072 ) (1103,0) rel: ( 1.04576, -0.150342 ), (1103,0) global: ( -5.97283, 11.0695 ), (1103,0), changes: 0.104, 0.9 last seen:(1102,0) globalposderived: (1102,0)
 1103: turnWithBall: kick ball close to desired turnangle 0.000000
 1103: (kick 74.128432 -170.232184), vecDesired (1.343755,-0.360001) -154.927748 posDes(-4.629080,10.709507)
 1103: direction old: 156.719836, new: 156.048081
(b)r: 1.1 phi: -9 vel: ( -0.133135, 0.0462852 ) (1103,0) rel: ( 1.08646, -0.172078 ), (1103,0) global: ( -6.00762, 11.0985 ), (1103,0), changes: 0, 0.5 last seen:(1103,0) globalposderived: (1103,0)
 1103: turnWithBall: kick ball close to desired turnangle 0.000000
 1103: (kick 77.489638 -171.140560), vecDesired (1.378223,-0.389731) -155.048081 posDes(-4.629401,10.708785)
(b)r: 0.2 phi: -146.451 vel: ( -0.123907, 0.0320807 ) (1104,0) rel: ( -0.166682, -0.110531 ), (1104,0) global: ( -4.81279, 10.7157 ), (1104,0), changes: 0, 0.5 last seen:(1103,0) globalposderived: (1103,0)
 1104: turnWithBall: kick ball away from opp at ang 51.510836
 1104: (kick 26.129460 77.231611), vecDesired (-0.501295,-0.455845) 76.462755 posDes(-5.314089,10.259888)
(b)r: 0.497871 phi: 66.1725 vel: ( -0.471302, -0.424791 ) (1105,0) rel: ( 0.201132, 0.455436 ), (1105,0) global: ( -5.31418, 10.2638 ), (1105,0), changes: 0, 0.5 last seen:(1103,0) globalposderived: (1103,0)
 1105: turnWithBall: freeze ball
 1105: 2 pos: ball(-3.746439,9.873931), ball_prev(-6.007625,11.098516), agentdiff(-0.179666,-0.071535)
 1105: direction old: -112.658544, new: -26.202915
(b)r: 1.6 phi: 169 vel: ( -0.471302, -0.424791 ) (1105,0) rel: ( -1.5706, 0.305294 ), (1105,0) global: ( -3.74644, 9.87393 ), (1105,0), changes: 0, 0.5 last seen:(1105,0) globalposderived: (1105,0)
(b)r: 1.48647 phi: -33.3535 vel: ( -0.443024, -0.399304 ) (1106,0) rel: ( 1.24164, -0.817267 ), (1106,0) global: ( -4.21774, 9.44914 ), (1106,0), changes: 0, 0.5 last seen:(1105,0) globalposderived: (1105,0)
 1106: direction old: -57.534679, new: -30.277643
 1327: direction old: 127.215960, new: 130.479729
 1328: direction old: 131.980772, new: 126.319720
(b)r: 2 phi: 29 vel: ( 0.405168, -0.232961 ) (1328,0) rel: ( 1.74924, 0.969619 ), (1328,0) global: ( -13.6745, 5.16199 ), (1328,0), changes: -0.48, -5.6 last seen:(1328,0) globalposderived: (1328,0)
(b)r: 1.20117 phi: 18.3121 vel: ( 0.380857, -0.218983 ) (1329,0) rel: ( 1.14034, 0.377401 ), (1329,0) global: ( -13.2693, 4.92902 ), (1329,0), changes: -0.48, -5.6 last seen:(1328,0) globalposderived: (1328,0)
(b)r: 0.763638 phi: 14.3465 vel: ( 0.358006, -0.205844 ) (1330,0) rel: ( 0.739824, 0.189218 ), (1330,0) global: ( -12.8885, 4.71004 ), (1330,0), changes: -0.48, -5.6 last seen:(1328,0) globalposderived: (1328,0)
 1330: turnWithBall: turn since ball will be kickable in t+1
 1330: direction old: 76.414524, new: 95.319613
(b)r: 0.8 phi: 17 vel: ( 0.343282, -0.188359 ) (1330,0) rel: ( 0.765044, 0.233897 ), (1330,0) global: ( -13.147, 4.74379 ), (1330,0), changes: -0.24, -24.5 last seen:(1330,0) globalposderived: (1330,0)
 1330: turnWithBall: turn since ball will be kickable in t+1
(b)r: 0.652906 phi: 95.1034 vel: ( 0.322685, -0.177058 ) (1331,0) rel: ( -0.0580786, 0.650318 ), (1331,0) global: ( -12.8037, 4.55543 ), (1331,0), changes: -0.24, -24.5 last seen:(1330,0) globalposderived: (1330,0)
 1331: ball (-12.803676,4.555428), agent (-13.116631,3.982413), to (-8.116681,4.004680) ang 0.255162 -33.744838
 1331: relpos body (0.652906,61.103434), vel. ball:(0.322685,-0.177058) dist: 1.109328 (0.300000,0.085000,0.724328)
 1331: point good and can reach point 22.449087
 1331: 2 pos: ball(-12.780659,4.605427), ball_prev(-13.146958,4.743787), agentdiff(0.005506,0.005930)
 1331: vel based on 2 pos: (0.339146,-0.135633)
 1331: direction old: 61.535287, new: 61.829672
(b)r: 0.7 phi: 104 vel: ( 0.339146, -0.135633 ) (1331,0) rel: ( -0.169345, 0.679207 ), (1331,0) global: ( -12.7807, 4.60543 ), (1331,0), changes: -0.24, -24.5 last seen:(1331,0) globalposderived: (1331,0)
 1331: ball (-12.780659,4.605427), agent (-13.111125,3.988343), to (-8.161876,3.277762) ang -8.170328 -42.170328
 1331: relpos body (0.700000,70.000000), vel. ball:(0.339146,-0.135633) dist: 1.109328 (0.300000,0.085000,0.724328)
 1331: point good and can reach point 21.376571
(b)r: 1.25012 phi: 64.1067 vel: ( 0.76212, -0.121075 ) (1332,0) rel: ( 0.545922, 1.12462 ), (1332,0) global: ( -11.9699, 4.47662 ), (1332,0), changes: -0.24, -24.5 last seen:(1331,0) globalposderived: (1331,0)
(b)r: 1.95262 phi: 21.7045 vel: ( 0.716392, -0.11381 ) (1333,0) rel: ( 1.81418, 0.722115 ), (1333,0) global: ( -11.2078, 4.35555 ), (1333,0), changes: -0.24, -24.5 last seen:(1331,0) globalposderived: (1331,0)
 1333: direction old: 10.197974, new: 6.876492
 1334: direction old: 0.579102, new: 1.428254
 1363: direction old: -17.436567, new: -34.157316
 1364: direction old: -34.617299, new: -44.279855
(b)r: 1.90333 phi: -0.604724 vel: ( 0, 0 ) (1366,0) rel: ( 1.90322, -0.0200881 ), (1366,0) global: ( -2.37664, 0.444112 ), (1366,0), changes: -0.396, -11.7 last seen:(1364,0) globalposderived: (1364,0)
 1366: 2 pos: ball(-3.668094,0.977957), ball_prev(-2.376643,0.444112), agentdiff(0.242710,0.427930)
 1366: direction old: -59.640413, new: -100.155118
(b)r: 1.3 phi: -54 vel: ( 0, 0 ) (1366,0) rel: ( 0.764121, -1.05172 ), (1366,0) global: ( -3.66809, 0.977957 ), (1366,0), changes: -0.396, -11.7 last seen:(1366,0) globalposderived: (1366,0)
(b)r: 1.2599 phi: -0.475835 vel: ( 0, 0 ) (1367,0) rel: ( 1.25986, -0.0104632 ), (1367,0) global: ( -3.66809, 0.977957 ), (1367,0), changes: -0.396, -11.7 last seen:(1366,0) globalposderived: (1366,0)
 1367: direction old: -115.294082, new: -131.259457
(b)r: 1.6 phi: -32 vel: ( 0, 0 ) (1367,0) rel: ( 1.35688, -0.847871 ), (1367,0) global: ( -4.25606, 0.763794 ), (1367,0), changes: 0.416, -21.3 last seen:(1367,0) globalposderived: (1367,0)
(b)r: 1.30471 phi: -37.5701 vel: ( 0, 0 ) (1368,0) rel: ( 1.03412, -0.795522 ), (1368,0) global: ( -4.25606, 0.763794 ), (1368,0), changes: 0.416, -21.3 last seen:(1367,0) globalposderived: (1367,0)
(b)r: 0.999056 phi: 0 vel: ( 0, 0 ) (1369,0) rel: ( 0.999056, 0 ), (1369,0) global: ( -4.25606, 0.763794 ), (1369,0), changes: 0.416, -21.3 last seen:(1367,0) globalposderived: (1367,0)
 1369: turnWithBall: kick ball away from opp at ang -150.886562
 1369: (kick 78.401655 128.409281), vecDesired (1.354147,0.666849) 131.304813 posDes(-2.901912,1.430642)
 1369: direction old: -148.145176, new: -172.952947
 1370: direction old: -172.703262, new: -171.535097
 1555: direction old: 102.367758, new: 102.681391
(b)r: 1.86145 phi: 1.04624 vel: ( -0.257971, 0.062845 ) (1556,0) rel: ( 1.86114, 0.0339889 ), (1556,0) global: ( -2.03318, 21.7739 ), (1556,0), changes: -0.044, 6 last seen:(1555,0) globalposderived: (1555,0)
 1556: direction old: 112.051928, new: 107.865076
(b)r: 1.67653 phi: 9.68167 vel: ( -0.242812, 0.0545371 ) (1557,0) rel: ( 1.65265, 0.281948 ), (1557,0) global: ( -2.16385, 21.9057 ), (1557,0), changes: -0.04, 6.5 last seen:(1556,0) globalposderived: (1556,0)
(b)r: 1.39185 phi: -0.157919 vel: ( -0.228243, 0.0512649 ) (1558,0) rel: ( 1.39185, -0.00383622 ), (1558,0) global: ( -2.40666, 21.9603 ), (1558,0), changes: -0.04, 6.5 last seen:(1556,0) globalposderived: (1556,0)
 1558: direction old: 126.533930, new: 129.696403
(b)r: 1.3 phi: 2 vel: ( -0.223982, 0.052251 ) (1558,0) rel: ( 1.29921, 0.0453693 ), (1558,0) global: ( -2.41084, 21.8454 ), (1558,0), changes: 0.026, 9 last seen:(1558,0) globalposderived: (1558,0)
(b)r: 1.32354 phi: -29.4453 vel: ( -0.210543, 0.049116 ) (1559,0) rel: ( 1.15257, -0.650644 ), (1559,0) global: ( -2.63482, 21.8977 ), (1559,0), changes: 0.026, 9 last seen:(1558,0) globalposderived: (1558,0)
 1559: direction old: 137.712202, new: 137.865771
(b)r: 1.5 phi: -30 vel: ( -0.218455, 0.054493 ) (1559,0) rel: ( 1.29904, -0.75 ), (1559,0) global: ( -2.87055, 22.1066 ), (1559,0), changes: 0.15, 5.6 last seen:(1559,0) globalposderived: (1559,0)
(b)r: 1.65744 phi: -33.6329 vel: ( -0.205347, 0.0512234 ) (1560,0) rel: ( 1.37999, -0.918006 ), (1560,0) global: ( -3.089, 22.1611 ), (1560,0), changes: 0.15, 5.6 last seen:(1559,0) globalposderived: (1559,0)
(b)r: 1.4885 phi: -30.5544 vel: ( -0.193027, 0.04815 ) (1561,0) rel: ( 1.28182, -0.756687 ), (1561,0) global: ( -3.29435, 22.2124 ), (1561,0), changes: 0.15, 5.6 last seen:(1559,0) globalposderived: (1559,0)
 1561: direction old: 144.050663, new: 147.419410
(b)r: 1.3 phi: 