 0: change player from message 62 -> 1
 0: changed player from message 62 -> 1
 0: change player from message 63 -> 2
 0: changed player from message 63 -> 2
 0: change player from message 64 -> 3
 0: changed player from message 64 -> 3
 0: change player from message 65 -> 4
 0: changed player from message 65 -> 4
 0: change player from message 66 -> 5
 0: changed player from message 66 -> 5
 0: change player from message 67 -> 6
 0: changed player from message 67 -> 6
 0: change player from message 68 -> 7
 0: changed player from message 68 -> 7
 0: change player from message 69 -> 8
 0: changed player from message 69 -> 8
 0: change player from message 70 -> 9
 0: changed player from message 70 -> 9
 0: change player from message 71 -> 10
 0: changed player from message 71 -> 10
 1059: direction old: 31.252103, new: 25.287431
(b)r: 1.8 phi: 1 vel: ( -0.0292149, -0.195829 ) (1059,0) rel: ( 1.79973, 0.0314143 ), (1059,0) global: ( -6.83842, -18.082 ), (1059,0), changes: -0.54, -5 last seen:(1059,0) globalposderived: (1059,0)
(b)r: 1.26975 phi: -7.10619 vel: ( -0.027462, -0.184079 ) (1060,0) rel: ( 1.26, -0.15708 ), (1060,0) global: ( -6.86764, -18.2779 ), (1060,0), changes: -0.54, -5 last seen:(1059,0) globalposderived: (1059,0)
 1060: direction old: 22.398663, new: 24.211139
(b)r: 1.2 phi: -1 vel: ( -0.0546781, -0.219779 ) (1060,0) rel: ( 1.19982, -0.0209429 ), (1060,0) global: ( -6.71507, -18.1739 ), (1060,0), changes: -0.12, -8.5 last seen:(1060,0) globalposderived: (1060,0)
(b)r: 1.09763 phi: -3.30163 vel: ( -0.0513974, -0.206592 ) (1061,0) rel: ( 1.0958, -0.0632149 ), (1061,0) global: ( -6.76975, -18.3937 ), (1061,0), changes: -0.12, -8.5 last seen:(1060,0) globalposderived: (1060,0)
 1061: ball (-6.769751,-18.393710), agent (-7.830371,-18.676321), to (-4.030961,-17.425529) ang 18.221888 18.221888
 1061: relpos body (1.097626,-3.301628), vel. ball:(-0.051397,-0.206592) dist: 1.146167 (0.300000,0.085000,0.761167)
 1061: point good and can reach point 39.798466
(b)r: 1.76467 phi: -2.0469 vel: ( 0.596145, 0.196438 ) (1062,0) rel: ( 1.76354, -0.0630297 ), (1062,0) global: ( -6.13555, -18.1847 ), (1062,0), changes: -0.12, -8.5 last seen:(1060,0) globalposderived: (1060,0)
 1062: direction old: 15.713204, new: 17.280122
(b)r: 1.8 phi: -2 vel: ( 0, 0 ) (1062,0) rel: ( 1.7989, -0.0628191 ), (1062,0) global: ( -6.15729, -18.1397 ), (1062,0), changes: 0.648, 1.2 last seen:(1062,0) globalposderived: (1062,0)
(b)r: 1.24271 phi: -2.89755 vel: ( 0, 0 ) (1063,0) rel: ( 1.24112, -0.0628191 ), (1063,0) global: ( -6.15729, -18.1397 ), (1063,0), changes: 0.648, 1.2 last seen:(1062,0) globalposderived: (1062,0)
 1063: direction old: 16.508171, new: 19.357121
(b)r: 1.8 phi: 0 vel: ( 0, 0 ) (1063,0) rel: ( 1.8, 0 ), (1063,0) global: ( -5.6504, -17.8962 ), (1063,0), changes: 0.36, 1.2 last seen:(1063,0) globalposderived: (1063,0)
(b)r: 0.994041 phi: 2.4869e-14 vel: ( 0, 0 ) (1064,0) rel: ( 0.994041, 4.3146e-16 ), (1064,0) global: ( -5.6504, -17.8962 ), (1064,0), changes: 0.36, 1.2 last seen:(1063,0) globalposderived: (1063,0)
 1064: ball (-5.650404,-17.896180), agent (-6.588253,-18.225660), to (-2.814369,-16.899839) ang 19.357121 19.357121
 1064: relpos body (0.994041,0.000000), vel. ball:(0.000000,0.000000) dist: 1.146167 (0.300000,0.085000,0.761167)
 1064: point good and can reach point 31.542508
(b)r: 1.68682 phi: -0.0413153 vel: ( 0.593817, 0.208617 ) (1065,0) rel: ( 1.68682, -0.00121635 ), (1065,0) global: ( -5.01868, -17.6742 ), (1065,0), changes: 0.36, 1.2 last seen:(1063,0) globalposderived: (1063,0)
 1065: 2 pos: ball(-7.289894,-16.624281), ball_prev(-5.650404,-17.896180), agentdiff(-0.058808,-0.081732)
 1065: direction old: 21.182940, new: 110.165972
(b)r: 1.8 phi: 91 vel: ( 0, 0 ) (1065,0) rel: ( -0.0314143, 1.79973 ), (1065,0) global: ( -7.28989, -16.6243 ), (1065,0), changes: 0.36, 1.2 last seen:(1065,0) globalposderived: (1065,0)
(b)r: 1.79829 phi: 5.85866 vel: ( 0, 0 ) (1066,0) rel: ( 1.78889, 0.18356 ), (1066,0) global: ( -7.28989, -16.6243 ), (1066,0), changes: 0.36, 1.2 last seen:(1065,0) globalposderived: (1065,0)
 1066: direction old: 111.995244, new: 116.162460
 1645: direction old: -86.230714, new: -84.469434
(b)r: 1.70057 phi: -6.41096 vel: ( -0.141721, -0.214297 ) (1646,0) rel: ( 1.68993, -0.189883 ), (1646,0) global: ( -20.8083, -31.556 ), (1646,0), changes: -0.2, -4.8 last seen:(1645,0) globalposderived: (1645,0)
 1646: direction old: -85.263063, new: -90.830061
(b)r: 1.5 phi: -7 vel: ( -0.136118, -0.219074 ) (1646,0) rel: ( 1.48882, -0.182804 ), (1646,0) global: ( -20.9632, -31.4487 ), (1646,0), changes: -0.21, -7.2 last seen:(1646,0) globalposderived: (1646,0)
(b)r: 0.772319 phi: -26.2576 vel: ( -0.127951, -0.20593 ) (1647,0) rel: ( 0.692627, -0.341679 ), (1647,0) global: ( -21.0993, -31.6678 ), (1647,0), changes: -0.21, -7.2 last seen:(1646,0) globalposderived: (1646,0)
 1647: turnWithBall: turn since ball will be kickable in t+1
(b)r: 0.659633 phi: -98.7411 vel: ( -0.120274, -0.193574 ) (1648,0) rel: ( -0.100245, -0.651971 ), (1648,0) global: ( -21.2273, -31.8737 ), (1648,0), changes: -0.21, -7.2 last seen:(1646,0) globalposderived: (1646,0)
 1648: turnWithBall: turn since ball will be kickable in t+1
 1648: 2 pos: ball(-21.084420,-32.083519), ball_prev(-20.963230,-31.448678), agentdiff(0.181953,-0.190868)
 1648: direction old: -154.131547, new: -133.105821
(b)r: 0.7 phi: -105 vel: ( -0.120274, -0.193574 ) (1648,0) rel: ( -0.181173, -0.676148 ), (1648,0) global: ( -21.0844, -32.0835 ), (1648,0), changes: -0.21, -7.2 last seen:(1648,0) globalposderived: (1648,0)
 1648: turnWithBall: turn since ball will be kickable in t+1
(b)r: 0.831245 phi: -152.268 vel: ( -0.113058, -0.181959 ) (1649,0) rel: ( -0.735765, -0.386806 ), (1649,0) global: ( -21.2047, -32.2771 ), (1649,0), changes: -0.21, -7.2 last seen:(1648,0) globalposderived: (1648,0)
 1649: kick results in collision, change velDes from (0.788222,0.226977)
 1649: ball (-21.204694,-32.277093), agent (-20.559854,-31.752546), to (-16.638699,-30.962264) ang 11.394923 11.394923
 1649: relpos body (0.831245,-152.268204), vel. ball:(-0.113058,-0.181959) dist: 1.146167 (0.300000,0.085000,0.761167)
 1649: point good and can reach point 75.963914
 1649: 2 pos: ball(-21.337438,-31.885262), ball_prev(-21.084420,-32.083519), agentdiff(-0.139882,0.350333)
 1649: vel based on 2 pos: (-0.106347,-0.142951)
 1649: direction old: -119.992433, new: -142.856648
(b)r: 0.8 phi: -150 vel: ( -0.106347, -0.142951 ) (1649,0) rel: ( -0.69282, -0.4 ), (1649,0) global: ( -21.3374, -31.8853 ), (1649,0), changes: -0.21, -7.2 last seen:(1649,0) globalposderived: (1649,0)
 1649: kick results in collision, change velDes from (0.802282,0.170754)
 1649: ball (-21.337438,-31.885262), agent (-20.699736,-31.402213), to (-16.730783,-30.904804) ang 7.143352 7.143352
 1649: relpos body (0.800000,-150.000000), vel. ball:(-0.106347,-0.142951) dist: 1.146167 (0.300000,0.085000,0.761167)
 1649: point good and can reach point 70.564405
(b)r: 0.541387 phi: -24.9584 vel: ( 1.09209, 0.233338 ) (1650,0) rel: ( 0.490829, -0.228444 ), (1650,0) global: ( -20.1756, -31.637 ), (1650,0), changes: -0.21, -7.2 last seen:(1649,0) globalposderived: (1649,0)
 1650: ball (-20.175639,-31.637030), agent (-20.691066,-31.471395), to (-16.722113,-30.973986) ang 7.143352 7.143352
 1650: relpos body (0.541387,-24.958383), vel. ball:(1.092091,0.233338) dist: 1.146167 (0.300000,0.085000,0.761167)
 1650: point good and can reach point 15.901839
(b)r: 1.24734 phi: -7.41593 vel: ( 0.690699, 0.128442 ) (1651,0) rel: ( 1.2369, -0.160995 ), (1651,0) global: ( -19.4409, -31.5004 ), (1651,0), changes: -0.21, -7.2 last seen:(1649,0) globalposderived: (1649,0)
 1651: direction old: -3.616485, new: -3.876122
(b)r: 1.1 phi: -11 vel: ( 0.657808, 0.10548 ) (1651,0) rel: ( 1.07979, -0.20989 ), (1651,0) global: ( -19.5745, -31.4969 ), (1651,0), changes: 0.616, 7 last seen:(1651,0) globalposderived: (1651,0)
 1651: ball (-19.574486,-31.496938), agent (-20.671969,-31.422579), to (-16.702848,-30.926519) ang 7.123878 7.123878
 1651: relpos body (1.100000,-11.000000), vel. ball:(0.657808,0.105480) dist: 1.146167 (0.300000,0.085000,0.761167)
 1651: point good and can reach point 1.441323
(b)r: 1.15652 phi: -9.2952 vel: ( 0.618339, 0.0991514 ) (1652,0) rel: ( 1.14133, -0.186802 ), (1652,0) global: ( -18.9167, -31.3915 ), (1652,0), changes: 0.616, 7 last seen:(1651,0) globalposderived: (1651,0)
 1652: direction old: 3.644339, new: -3.762379
(b)r: 1.2 phi: -11 vel: ( 0.607696, 0.0841881 ) (1652,0) rel: ( 1.17795, -0.228971 ), (1652,0) global: ( -18.8066, -31.5395 ), (1652,0), changes: 0.336, 2.8 last seen:(1652,0) globalposderived: (1652,0)
(b)r: 1.55287 phi: 0.901596 vel: ( 0.571234, 0.0791368 ) (1653,0) rel: ( 1.55268, 0.0244347 ), (1653,0) global: ( -18.1989, -31.4553 ), (1653,0), changes: 0.336, 2.8 last seen:(1652,0) globalposderived: (1652,0)
 1654: direction old: 3.917863, new: 0.049404
 1655: direction old: 1.141639, new: 0.849560
 1660: direction old: 5.182929, new: 8.673462
 1661: direction old: 19.074831, new: 9.853014
 1663: direction old: -6.978613, new: 9.051903
 1679: direction old: 8.360502, new: 6.847883
(b)r: 1.80988 phi: -0.149181 vel: ( 0.0807915, 0.00524081 ) (1680,0) rel: ( 1.80987, -0.00471239 ), (1680,0) global: ( -10.4249, -31.0519 ), (1680,0), changes: -0.324, -0.1 last seen:(1679,0) globalposderived: (1679,0)
(b)r: 1.42634 phi: -0.835029 vel: ( 0.075944, 0.00492636 ) (1681,0) rel: ( 1.42619, -0.0207868 ), (1681,0) global: ( -10.3441, -31.0466 ), (1681,0), changes: -0.324, -0.1 last seen:(1679,0) globalposderived: (1679,0)
 1681: direction old: -3.623011, new: 4.566677
(b)r: 1.3 phi: -2 vel: ( 0, 0 ) (1681,0) rel: ( 1.29921, -0.0453693 ), (1681,0) global: ( -10.4377, -30.8551 ), (1681,0), changes: -0.078, -0.8 last seen:(1681,0) globalposderived: (1681,0)
(b)r: 0.2 phi: -5.6055 vel: ( 0, 0 ) (1682,0) rel: ( 0.199044, -0.0195357 ), (1682,0) global: ( -10.7736, -30.8608 ), (1682,0), changes: -0.078, -0.8 last seen:(1681,0) globalposderived: (1681,0)
 1682: direction old: 6.562197, new: 8.496400
(b)r: 0.8 phi: 2 vel: ( 0.0826105, 0.00228287 ) (1682,0) rel: ( 0.799513, 0.0279196 ), (1682,0) global: ( -10.3624, -30.7863 ), (1682,0), changes: 0.112, -0.6 last seen:(1682,0) globalposderived: (1682,0)
 1682: ball (-10.362358,-30.786294), agent (-11.153578,-30.904492), to (-7.179262,-30.451929) ang 6.496400 6.496400
 1682: relpos body (0.800000,2.000000), vel. ball:(0.082610,0.002283) dist: 1.146167 (0.300000,0.085000,0.761167)
 1682: point good and can reach point 27.636682
(b)r: 0.2 phi: 3.88071 vel: ( 0, 0 ) (1683,0) rel: ( 0.199541, 0.0135359 ), (1683,0) global: ( -10.4239, -30.8104 ), (1683,0), changes: 0.112, -0.6 last seen:(1682,0) globalposderived: (1682,0)
 1683: ball (-10.423923,-30.810413), agent (-10.620652,-30.846438), to (-6.646336,-30.393875) ang 6.496400 6.496400
 1683: relpos body (0.200000,3.880713), vel. ball:(0.000000,0.000000) dist: 1.146167 (0.300000,0.085000,0.761167)
 1683: point good and can reach point 25.435104
(b)r: 0.912018 phi: 0.850397 vel: ( 0.665334, 0.0757629 ) (1684,0) rel: ( 0.911918, 0.0135359 ), (1684,0) global: ( -9.71612, -30.7298 ), (1684,0), changes: 0.112, -0.6 last seen:(1682,0) globalposderived: (1682,0)
 1684: ball (-9.716121,-30.729814), agent (-10.620652,-30.846438), to (-6.646336,-30.393875) ang 6.496400 6.496400
 1684: relpos body (0.912018,0.850397), vel. ball:(0.665334,0.075763) dist: 1.146167 (0.300000,0.085000,0.761167)
 1684: point good and can reach point 0.539351
 1684: direction old: 8.424888, new: 32.506730
(b)r: 0.8 phi: 26 vel: ( 0.219539, 0.370035 ) (1684,0) rel: ( 0.719035, 0.350697 ), (1684,0) global: ( -9.87784, -30.4238 ), (1684,0), changes: 0.384, 13.9 last seen:(1684,0) globalposderived: (1684,0)
 1684: ball (-9.877836,-30.423772), agent (-10.552499,-30.853691), to (-6.578264,-30.400411) ang 6.506730 6.506730
 1684: relpos body (0.800000,26.000000), vel. ball:(0.219539,0.370035) dist: 1.146167 (0.300000,0.085000,0.761167)
 1684: point good and can reach point 27.890898
(b)r: 1.45656 phi: 11.4754 vel: ( 0.6681, 0.0185639 ) (1685,0) rel: ( 1.42744, 0.289777 ), (1685,0) global: ( -9.16709, -30.404 ), (1685,0), changes: 0.384, 13.9 last seen:(1684,0) globalposderived: (1684,0)
 1685: direction old: 17.982111, new: 24.506730
(b)r: 1.2 phi: 18 vel: ( 0.434782, 0.0877193 ) (1685,0) rel: ( 1.14127, 0.37082 ), (1685,0) global: ( -9.4606, -30.3559 ), (1685,0), changes: 0.432, -4.8 last seen:(1685,0) globalposderived: (1685,0)
(b)r: 1.0823 phi: 22.1868 vel: ( 0.408696, 0.0824561 ) (1686,0) rel: ( 1.00216, 0.408705 ), (1686,0) global: ( -9.02582, -30.2682 ), (1686,0), changes: 0.432, -4.8 last seen:(1685,0) globalposderived: (1685,0)
 1686: ball (-9.025821,-30.268212), agent (-9.975213,-30.787849), to (-6.000979,-30.334569) ang 6.506730 6.506730
 1686: relpos body (1.082298,22.186780), vel. ball:(0.408696,0.082456) dist: 1.146167 (0.300000,0.085000,0.761167)
 1686: point good and can reach point 14.477106
(b)r: 1.24733 phi: 21.3071 vel: ( 0.384174, 0.0775087 ) (1687,0) rel: ( 1.16207, 0.453239 ), (1687,0) global: ( -8.61713, -30.1858 ), (1687,0), changes: 0.432, -4.8 last seen:(1685,0) globalposderived: (1685,0)
 1687: direction old: 33.141450, new: 26.507171
(b)r: 1.3 phi: 20 vel: ( 0.388555, 0.0794882 ) (1687,0) rel: ( 1.2216, 0.444626 ), (1687,0) global: ( -8.56867, -30.3335 ), (1687,0), changes: 0.286, -2.7 last seen:(1687,0) globalposderived: (1687,0)
(b)r: 1.57831 phi: -1.54082 vel: ( 0.365242, 0.0747189 ) (1688,0) rel: ( 1.57774, -0.0424396 ), (1688,0) global: ( -8.18012, -30.254 ), (1688,0), changes: 0.286, -2.7 last seen:(1687,0) globalposderived: (1687,0)
 1688: direction old: 23.525815, new: 24.907200
(b)r: 1.6 phi: -3 vel: ( 0.366206, 0.0773198 ) (1688,0) rel: ( 1.59781, -0.0837375 ), (1688,0) global: ( -8.19954, -30.2204 ), (1688,0), changes: 0.32, -2.3 last seen:(1688,0) globalposderived: (1688,0)
(b)r: 1.92238 phi: -3.45487 vel: ( 0.344234, 0.0726806 ) (1689,0) rel: ( 1.91889, -0.115847 ), (1689,0) global: ( -7.83333, -30.1431 ), (1689,0), changes: 0.32, -2.3 last seen:(1688,0) globalposderived: (1688,0)
 1690: direction old: 18.339889, new: 21.290838
 1691: direction old: 19.997806, new: 19.560220
 1697: direction old: 14.200630, new: 13.616336
(b)r: 1.9981 phi: -8.67104 vel: ( 0.20552, 0.0380889 ) (1698,0) rel: ( 1.97526, -0.301235 ), (1698,0) global: ( -5.56519, -29.5587 ), (1698,0), changes: -0.108, -1.4 last seen:(1697,0) globalposderived: (1697,0)
(b)r: 1.26931 phi: -14.496 vel: ( 0.193189, 0.0358036 ) (1699,0) rel: ( 1.2289, -0.317724 ), (1699,0) global: ( -5.35967, -29.5206 ), (1699,0), changes: -0.108, -1.4 last seen:(1697,0) globalposderived: (1697,0)
 1699: direction old: 4.875140, new: 7.731921
(b)r: 1.3 phi: -12 vel: ( 0, 0 ) (1699,0) rel: ( 1.27159, -0.270285 ), (1699,0) global: ( -5.32464, -29.4526 ), (1699,0), changes: -0.208, -2 last seen:(1699,0) globalposderived: (1699,0)
(b)r: 0.2 phi: -41.6648 vel: ( 0, 0 ) (1700,0) rel: ( 0.149409, -0.132954 ), (1700,0) global: ( -5.50629, -29.3794 ), (1700,0), changes: -0.208, -2 last seen:(1699,0) globalposderived: (1699,0)
 1700: direction old: -45.563533, new: -22.236817
(b)r: 0.7 phi: -42 vel: ( 0.181249, 0.0384276 ) (1700,0) rel: ( 0.520201, -0.468391 ), (1700,0) global: ( -4.97163, -29.5288 ), (1700,0), changes: 0.182, 10.8 last seen:(1700,0) globalposderived: (1700,0)
 1700: ball (-4.971626,-29.528811), agent (-5.619565,-29.263906), to (-1.855172,-27.911373) ang 19.763183 19.763183
 1700: relpos body (0.700000,-42.000000), vel. ball:(0.181249,0.038428) dist: 1.146167 (0.300000,0.085000,0.761167)
 1700: point good and can reach point 24.232854
(b)r: 0.512931 phi: -70.7269 vel: ( 0, 0 ) (1701,0) rel: ( 0.169304, -0.484184 ), (1701,0) global: ( -4.79038, -29.4904 ), (1701,0), changes: 0.182, 10.8 last seen:(1700,0) globalposderived: (1700,0)
 1701: ball (-4.790377,-29.490384), agent (-5.113427,-29.091966), to (-1.349034,-27.739433) ang 19.763183 19.763183
 1701: relpos body (0.512931,-70.726919), vel. ball:(0.000000,0.000000) dist: 1.146167 (0.300000,0.085000,0.761167)
 1701: point good and can reach point 31.222443
(b)r: 0.968433 phi: -24.1678 vel: ( 0.603971, 0.304601 ) (1702,0) rel: ( 0.883551, -0.396486 ), (1702,0) global: ( -4.14785, -29.1663 ), (1702,0), changes: 0.182, 10.8 last seen:(1700,0) globalposderived: (1700,0)
 1702: ball (-4.147854,-29.166340), agent (-5.113427,-29.091966), to (-1.349034,-27.739433) ang 19.763183 19.763183
 1702: relpos body (0.968433,-24.167758), vel. ball:(0.603971,0.304601) dist: 1.146167 (0.300000,0.085000,0.761167)
 1702: point good and can reach point 0.271936
 1702: 2 pos: ball(-4.885516,-28.696025), ball_prev(-4.971626,-29.528811), agentdiff(0.309493,0.004348)
 1702: direction old: -6.842170, new: 101.768278
(b)r: 0.4 phi: 82 vel: ( 0.603971, 0.304601 ) (1702,0) rel: ( 0.0556692, 0.396107 ), (1702,0) global: ( -4.88552, -28.696 ), (1702,0), changes: 0.182, 10.8 last seen:(1702,0) globalposderived: (1702,0)
 1702: ball (-4.885516,-28.696025), agent (-4.803935,-29.087617), to (-1.039662,-27.734750) ang 19.768278 19.768278
 1702: relpos body (0.400000,82.000000), vel. ball:(0.603971,0.304601) dist: 1.146167 (0.300000,0.085000,0.761167)
 1702: point good and can reach point 7.816893
(b)r: 0.879449 phi: 22.442 vel: ( 0.688997, 0.187313 ) (1703,0) rel: ( 0.812845, 0.335728 ), (1703,0) global: ( -4.15254, -28.4968 ), (1703,0), changes: 0.182, 10.8 last seen:(1702,0) globalposderived: (1702,0)
 1703: ball (-4.152541,-28.496756), agent (-4.803935,-29.087617), to (-1.039662,-27.734750) ang 19.768278 19.768278
 1703: relpos body (0.879449,22.442017), vel. ball:(0.688997,0.187313) dist: 1.146167 (0.300000,0.085000,0.761167)
 1703: point good and can reach point 0.973420
 1703: 2 pos: ball(-4.733376,-28.903543), ball_prev(-4.885516,-28.696025), agentdiff(-0.074558,-0.188674)
 1703: vel based on 2 pos: (0.213097,-0.017714)
 1703: direction old: 47.038407, new: 68.728224
(b)r: 0.4 phi: 49 vel: ( 0.213097, -0.0177135 ) (1703,0) rel: ( 0.262424, 0.301884 ), (1703,0) global: ( -4.73338, -28.9035 ), (1703,0), changes: 0.182, 10.8 last seen:(1703,0) globalposderived: (1703,0)
 1703: ball (-4.733376,-28.903543), agent (-4.878492,-29.276291), to (-1.113275,-27.926055) ang 19.728224 19.728224
 1703: relpos body (0.400000,49.000000), vel. ball:(0.213097,-0.017714) dist: 1.146167 (0.300000,0.085000,0.761167)
 1703: point good and can reach point 21.122249
(b)r: 0.244439 phi: 108.407 vel: ( 0.200311, -0.0166507 ) (1704,0) rel: ( -0.0771869, 0.231933 ), (1704,0) global: ( -4.52028, -28.9213 ), (1704,0), changes: 0.182, 10.8 last seen:(1703,0) globalposderived: (1703,0)
 1704: ball (-4.520279,-28.921257), agent (-4.369332,-29.113521), to (-0.604114,-27.763285) ang 19.728224 19.728224
 1704: relpos body (0.244439,108.407381), vel. ball:(0.200311,-0.016651) dist: 1.146167 (0.300000,0.085000,0.761167)
 1704: point good and can reach point 24.324141
(b)r: 0.2 phi: 14.6398 vel: ( -0.0691459, -0.0195119 ) (1705,0) rel: ( 0.193507, 0.0505483 ), (1705,0) global: ( -4.20425, -29.0006 ), (1705,0), changes: 0.182, 10.8 last seen:(1703,0) globalposderived: (1703,0)
 1705: ball (-4.204246,-29.000619), agent (-4.369332,-29.113521), to (-0.604114,-27.763285) ang 19.728224 19.728224
 1705: relpos body (0.200000,14.639812), vel. ball:(-0.069146,-0.019512) dist: 1.146167 (0.300000,0.085000,0.761167)
 1705: point good and can reach point 28.354335
 1705: 2 pos: ball(-4.359916,-28.463027), ball_prev(-4.733376,-28.903543), agentdiff(0.130112,0.269137)
 1705: direction old: -77.382315, new: 107.562213
(b)r: 0.4 phi: 88 vel: ( -0.0691459, -0.0195119 ) (1705,0) rel: ( 0.0139598, 0.399756 ), (1705,0) global: ( -4.35992, -28.463 ), (1705,0), changes: 0.182, 10.8 last seen:(1705,0) globalposderived: (1705,0)
 1705: ball (-4.359916,-28.463027), agent (-4.239219,-28.844383), to (-0.470105,-27.505063) ang 19.562213 19.562213
 1705: relpos body (0.400000,88.000000), vel. ball:(-0.069146,-0.019512) dist: 1.146167 (0.300000,0.085000,0.761167)
 1705: point good and can reach point 35.763842
(b)r: 0.83325 phi: 23.5281 vel: ( 0.685448, 0.176607 ) (1706,0) rel: ( 0.763977, 0.332633 ), (1706,0) global: ( -3.63072, -28.2751 ), (1706,0), changes: 0.182, 10.8 last seen:(1705,0) globalposderived: (1705,0)
 1706: ball (-3.630715,-28.275148), agent (-4.239219,-28.844383), to (-0.470105,-27.505063) ang 19.562213 19.562213
 1706: relpos body (0.833250,23.528127), vel. ball:(0.685448,0.176607) dist: 1.146167 (0.300000,0.085000,0.761167)
 1706: point good and can reach point 0.875703
 1706: direction old: 43.090340, new: 42.562213
(b)r: 0.9 phi: 23 vel: ( 0.704588, 0.199884 ) (1706,0) rel: ( 0.828454, 0.351658 ), (1706,0) global: ( -3.57633, -28.2356 ), (1706,0), changes: 0.684, -20.7 last seen:(1706,0) globalposderived: (1706,0)
 1706: ball (-3.576330,-28.235632), agent (-4.239219,-28.844383), to (-0.470105,-27.505063) ang 19.562213 19.562213
 1706: relpos body (0.900000,23.000000), vel. ball:(0.704588,0.199884) dist: 1.146167 (0.300000,0.085000,0.761167)
 1706: point good and can reach point 1.574405
(b)r: 1.03734 phi: 14.8111 vel: ( 0.662313, 0.187891 ) (1707,0) rel: ( 1.00287, 0.265178 ), (1707,0) global: ( -2.87174, -28.0357 ), (1707,0), changes: 0.684, -20.7 last seen:(1706,0) globalposderived: (1706,0)
 1707: ball (-2.871743,-28.035748), agent (-3.727937,-28.621411), to (0.041177,-27.282090) ang 19.562213 19.562213
 1707: relpos body (1.037338,14.811078), vel. ball:(0.662313,0.187891) dist: 1.146167 (0.300000,0.085000,0.761167)
 1707: point good and can reach point 0.844998
(b)r: 0.920583 phi: 12.0944 vel: ( 0.622574, 0.176617 ) (1708,0) rel: ( 0.900149, 0.192883 ), (1708,0) global: ( -2.20943, -27.8479 ), (1708,0), changes: 0.684, -20.7 last seen:(1706,0) globalposderived: (1706,0)
 1708: ball (-2.209430,-27.847858), agent (-2.993038,-28.331005), to (0.776076,-26.991684) ang 19.562213 19.562213
 1708: relpos body (0.920583,12.094385), vel. ball:(0.622574,0.176617) dist: 1.146167 (0.300000,0.085000,0.761167)
 1708: point good and can reach point 1.568999
 1708: direction old: 29.402395, new: 30.576325
(b)r: 1 phi: 11 vel: ( 0.644147, 0.189216 ) (1708,0) rel: ( 0.981627, 0.190809 ), (1708,0) global: ( -2.17673, -27.8059 ), (1708,0), changes: 0.34, -6.4 last seen:(1708,0) globalposderived: (1708,0)
 1708: ball (-2.176730,-27.805914), agent (-3.037682,-28.314600), to (0.731102,-26.974350) ang 19.576325 19.576325
 1708: relpos body (1.000000,11.000000), vel. ball:(0.644147,0.189216) dist: 1.146167 (0.300000,0.085000,0.761167)
 1708: point good and can reach point 0.522699
(b)r: 0.761125 phi: 11.6164 vel: ( 0.605498, 0.177863 ) (1709,0) rel: ( 0.745536, 0.153259 ), (1709,0) global: ( -1.53258, -27.6167 ), (1709,0), changes: 0.34, -6.4 last seen:(1708,0) globalposderived: (1708,0)
 1709: ball (-1.532583,-27.616697), agent (-2.183673,-28.010898), to (1.585111,-26.670649) ang 19.576325 19.576325
 1709: relpos body (0.761125,11.616371), vel. ball:(0.605498,0.177863) dist: 1.146167 (0.300000,0.085000,0.761167)
 1709: point good and can reach point 4.041798
 1709: direction old: 43.187390, new: 31.683531
(b)r: 0.8 phi: 12 vel: ( 0.608271, 0.185559 ) (1709,0) rel: ( 0.782518, 0.166329 ), (1709,0) global: ( -1.49684, -27.802 ), (1709,0), changes: 0.24, -5.4 last seen:(1709,0) globalposderived: (1709,0)
 1709: ball (-1.496843,-27.801972), agent (-2.177612,-28.222153), to (1.588657,-26.874855) ang 19.683531 19.683531
 1709: relpos body (0.800000,12.000000), vel. ball:(0.608271,0.185559) dist: 1.146167 (0.300000,0.085000,0.761167)
 1709: point good and can reach point 3.886155
(b)r: 0.435045 phi: 15.8369 vel: ( 0.571775, 0.174426 ) (1710,0) rel: ( 0.418531, 0.118724 ), (1710,0) global: ( -0.888572, -27.6164 ), (1710,0), changes: 0.24, -5.4 last seen:(1709,0) globalposderived: (1709,0)
 1710: ball (-0.888572,-27.616413), agent (-1.242658,-27.869171), to (2.523611,-26.521872) ang 19.683531 19.683531
 1710: relpos body (0.435045,15.836939), vel. ball:(0.571775,0.174426) dist: 1.146167 (0.300000,0.085000,0.761167)
 1710: point good and can reach point 4.904626
(b)r: 0.659331 phi: 6.61561 vel: ( 0.628794, 0.19844 ) (1711,0) rel: ( 0.654941, 0.07596 ), (1711,0) global: ( -0.219642, -27.4053 ), (1711,0), changes: 0.24, -5.4 last seen:(1709,0) globalposderived: (1709,0)
 1711: ball (-0.219642,-27.405307), agent (-0.810727,-27.697428), to (2.955542,-26.350130) ang 19.683531 19.683531
 1711: relpos body (0.659331,6.615608), vel. ball:(0.628794,0.198440) dist: 1.146167 (0.300000,0.085000,0.761167)
 1711: point good and can reach point 2.723901
 1711: direction old: 24.280164, new: 28.692959
(b)r: 0.7 phi: 9 vel: ( 0.629893, 0.210652 ) (1711,0) rel: ( 0.691382, 0.109504 ), (1711,0) global: ( -0.0595571, -27.274 ), (1711,0), changes: 0.462, -6.8 last seen:(1711,0) globalposderived: (1711,0)
 1711: ball (-0.059557,-27.274007), agent (-0.673601,-27.610088), to (3.092447,-26.262170) ang 19.692959 19.692959
 1711: relpos body (0.700000,9.000000), vel. ball:(0.629893,0.210652) dist: 1.146167 (0.300000,0.085000,0.761167)
 1711: point good and can reach point 2.562777
(b)r: 0.642097 phi: 8.56011 vel: ( 0.592099, 0.198013 ) (1712,0) rel: ( 0.634944, 0.0955742 ), (1712,0) global: ( 0.570336, -27.0634 ), (1712,0), changes: 0.462, -6.8 last seen:(1711,0) globalposderived: (1711,0)
 1712: ball (0.570336,-27.063355), agent (0.004735,-27.367303), to (3.770783,-26.019384) ang 19.692959 19.692959
 1712: relpos body (0.642097,8.560108), vel. ball:(0.592099,0.198013) dist: 1.146167 (0.300000,0.085000,0.761167)
 1712: point good and can reach point 4.121727
 1712: direction old: 18.335014, new: 29.670575
(b)r: 0.6 phi: 10 vel: ( 0.573056, 0.19993 ) (1712,0) rel: ( 0.590885, 0.104189 ), (1712,0) global: ( 0.412316, -26.9915 ), (1712,0), changes: 0.276, -4.3 last seen:(1712,0) globalposderived: (1712,0)
 1712: ball (0.412316,-26.991482), agent (-0.109016,-27.288490), to (3.657558,-25.942043) ang 19.670575 19.670575
 1712: relpos body (0.600000,10.000000), vel. ball:(0.573056,0.199930) dist: 1.146167 (0.300000,0.085000,0.761167)
 1712: point good and can reach point 4.806941
(b)r: 0.998604 phi: 5.32396 vel: ( 0.628159, 0.213038 ) (1713,0) rel: ( 0.994296, 0.0926574 ), (1713,0) global: ( 1.08057, -26.7648 ), (1713,0), changes: 0.276, -4.3 last seen:(1712,0) globalposderived: (1712,0)
 1713: ball (1.080570,-26.764846), agent (0.175487,-27.186788), to (3.942061,-25.840341) ang 19.670575 19.670575
 1713: relpos body (0.998604,5.323960), vel. ball:(0.628159,0.213038) dist: 1.146167 (0.300000,0.085000,0.761167)
 1713: point good and can reach point 0.957433
(b)r: 1.01116 phi: 5.28712 vel: ( 0.590469, 0.200256 ) (1714,0) rel: ( 1.00686, 0.093175 ), (1714,0) global: ( 1.70873, -26.5518 ), (1714,0), changes: 0.276, -4.3 last seen:(1712,0) globalposderived: (1712,0)
 1714: ball (1.708729,-26.551808), agent (0.791992,-26.978465), to (4.558566,-25.632018) ang 19.670575 19.670575
 1714: relpos body (1.011159,5.287120), vel. ball:(0.590469,0.200256) dist: 1.146167 (0.300000,0.085000,0.761167)
 1714: point good and can reach point 2.756914
 1714: direction old: 28.292623, new: 23.618675
(b)r: 1 phi: 4 vel: ( 0.593806, 0.189748 ) (1714,0) rel: ( 0.997564, 0.0697565 ), (1714,0) global: ( 1.66079, -26.6702 ), (1714,0), changes: 0.34, -2.9 last seen:(1714,0) globalposderived: (1714,0)
 1714: ball (1.660793,-26.670151), agent (0.744561,-27.070799), to (4.512353,-25.727764) ang 19.618675 19.618675
 1714: relpos body (1.000000,4.000000), vel. ball:(0.593806,0.189748) dist: 1.146167 (0.300000,0.085000,0.761167)
 1714: point good and can reach point 2.722879
(b)r: 0.717288 phi: 5.19383 vel: ( 0.558178, 0.178363 ) (1715,0) rel: ( 0.714343, 0.0649328 ), (1715,0) global: ( 2.2546, -26.4804 ), (1715,0), changes: 0.34, -2.9 last seen:(1714,0) globalposderived: (1714,0)
 1715: ball (2.254600,-26.480403), agent (1.603527,-26.781413), to (5.371320,-25.438378) ang 19.618675 19.618675
 1715: relpos body (0.717288,5.193832), vel. ball:(0.558178,0.178363) dist: 1.146167 (0.300000,0.085000,0.761167)
 1715: point good and can reach point 5.828699
 1715: direction old: 6.791583, new: 22.500797
(b)r: 0.7 phi: 3 vel: ( 0.558136, 0.161616 ) (1715,0) rel: ( 0.699041, 0.0366352 ), (1715,0) global: ( 2.2475, -26.2904 ), (1715,0), changes: 0.182, -4.3 last seen:(1715,0) globalposderived: (1715,0)
 1715: ball (2.247497,-26.290380), agent (1.600785,-26.558268), to (5.371332,-25.222988) ang 19.500797 19.500797
 1715: relpos body (0.700000,3.000000), vel. ball:(0.558136,0.161616) dist: 1.146167 (0.300000,0.085000,0.761167)
 1715: point good and can reach point 6.099608
(b)r: 0.981334 phi: 0.827304 vel: ( 0.63001, 0.193424 ) (1716,0) rel: ( 0.981232, 0.0141692 ), (1716,0) global: ( 2.91772, -26.0846 ), (1716,0), changes: 0.182, -4.3 last seen:(1715,0) globalposderived: (1715,0)
 1716: ball (2.917720,-26.084610), agent (1.997504,-26.425521), to (5.768052,-25.090241) ang 19.500797 19.500797
 1716: relpos body (0.981334,0.827304), vel. ball:(0.630010,0.193424) dist: 1.146167 (0.300000,0.085000,0.761167)
 1716: point good and can reach point 1.554534
(b)r: 0.826348 phi: -0.957705 vel: ( 0.592209, 0.181819 ) (1717,0) rel: ( 0.826233, -0.0138119 ), (1717,0) global: ( 3.54773, -25.8912 ), (1717,0), changes: 0.182, -4.3 last seen:(1715,0) globalposderived: (1715,0)
 1717: ball (3.547730,-25.891186), agent (2.764282,-26.153979), to (6.534829,-24.818699) ang 19.500797 19.500797
 1717: relpos body (0.826348,-0.957705), vel. ball:(0.592209,0.181819) dist: 1.146167 (0.300000,0.085000,0.761167)
 1717: point good and can reach point 2.988074
 1717: direction old: 28.298045, new: 13.493605
(b)r: 0.9 phi: -6 vel: ( 0.597295, 0.160187 ) (1717,0) rel: ( 0.89507, -0.0940756 ), (1717,0) global: ( 3.69891, -26.071 ), (1717,0), changes: 0.27, -2.7 last seen:(1717,0) globalposderived: (1717,0)
 1717: ball (3.698910,-26.070972), agent (2.823753,-26.280975), to (6.594468,-24.946168) ang 19.493605 19.493605
 1717: relpos body (0.900000,-6.000000), vel. ball:(0.597295,0.160187) dist: 1.146167 (0.300000,0.085000,0.761167)
 1717: point good and can reach point 4.250173
(b)r: 0.658928 phi: -7.18406 vel: ( 0.561457, 0.150576 ) (1718,0) rel: ( 0.653755, -0.0824037 ), (1718,0) global: ( 4.2962, -25.9108 ), (1718,0), changes: 0.27, -2.7 last seen:(1717,0) globalposderived: (1717,0)
 1718: ball (4.296205,-25.910784), agent (3.652425,-26.051263), to (7.423140,-24.716457) ang 19.493605 19.493605
 1718: relpos body (0.658928,-7.184058), vel. ball:(0.561457,0.150576) dist: 1.146167 (0.300000,0.085000,0.761167)
 1718: point good and can reach point 6.511068
 1718: direction old: 11.650363, new: 10.651152
(b)r: 0.7 phi: -9 vel: ( 0.569843, 0.141095 ) (1718,0) rel: ( 0.691382, -0.109504 ), (1718,0) global: ( 4.3383, -25.9146 ), (1718,0), changes: 0.224, -0.8 last seen:(1718,0) globalposderived: (1718,0)
 1718: ball (4.338302,-25.914568), agent (3.650363,-26.043949), to (7.417393,-24.698779) ang 19.651152 19.651152
 1718: relpos body (0.700000,-9.000000), vel. ball:(0.569843,0.141095) dist: 1.146167 (0.300000,0.085000,0.761167)
 1718: point good and can reach point 6.822790
(b)r: 0.938957 phi: 14.178 vel: ( 0.535652, 0.13263 ) (1719,0) rel: ( 0.910356, 0.229983 ), (1719,0) global: ( 4.90814, -25.7735 ), (1719,0), changes: 0.224, -0.8 last seen:(1718,0) globalposderived: (1718,0)
 1719: ball (4.908145,-25.773473), agent (3.995275,-25.993265), to (7.995025,-26.037980) ang -0.640497 -0.640497
 1719: relpos body (0.938957,14.177981), vel. ball:(0.535652,0.132630) dist: 1.146167 (0.300000,0.085000,0.761167)
 1719: point good and can reach point 11.065409
(b)r: 1.46152 phi: 6.28227 vel: ( 0.638764, -0.0524889 ) (1720,0) rel: ( 1.45274, 0.159929 ), (1720,0) global: ( 5.58768, -25.8293 ), (1720,0), changes: 0.224, -0.8 last seen:(1718,0) globalposderived: (1718,0)
 1720: direction old: 14.901969, new: 5.835360
(b)r: 1.3 phi: 4 vel: ( 0.61246, -0.0426997 ) (1720,0) rel: ( 1.29683, 0.0906834 ), (1720,0) global: ( 5.51103, -26.0617 ), (1720,0), changes: 0.52, -4.3 last seen:(1720,0) globalposderived: (1720,0)
(b)r: 1.83911 phi: -127.954 vel: ( 0.575712, -0.0401378 ) (1721,0) rel: ( -1.1311, -1.45015 ), (1721,0) global: ( 6.12349, -26.1044 ), (1721,0), changes: 0.52, -4.3 last seen:(1720,0) globalposderived: (1720,0)
 1721: 2 pos: ball(5.731141,-26.006076), ball_prev(5.511028,-26.061698), agentdiff(-0.353944,0.119083)
 1721: vel based on 2 pos: (0.539614,-0.059653)
 1721: direction old: -1.161694, new: 1.715369
(b)r: 1.8 phi: -128 vel: ( 0.539614, -0.0596526 ) (1721,0) rel: ( -1.10819, -1.41842 ), (1721,0) global: ( 5.73114, -26.0061 ), (1721,0), changes: 0.52, -4.3 last seen:(1721,0) globalposderived: (1721,0)
 2132: direction old: 54.921376, new: 43.553615
 2134: direction old: 48.045715, new: 57.851051
(b)r: 1.8 phi: 13 vel: ( -0.0556311, -0.00691613 ) (2134,0) rel: ( 1.75387, 0.404912 ), (2134,0) global: ( -10.894, -19.212 ), (2134,0), changes: -0.072, 1.9 last seen:(2134,0) globalposderived: (2134,0)
(b)r: 1.72299 phi: 2.4405 vel: ( -0.0522932, -0.00650116 ) (2135,0) rel: ( 1.72143, 0.0733681 ), (2135,0) global: ( -10.9496, -19.2189 ), (2135,0), changes: -0.072, 1.9 last seen:(2134,0) globalposderived: (2134,0)
 2135: direction old: 59.920229, new: 59.346030
(b)r: 1.6 phi: 2 vel: ( -0.0569568, -0.0195688 ) (2135,0) rel: ( 1.59903, 0.0558392 ), (2135,0) global: ( -10.9975, -19.3336 ), (2135,0), changes: -0.064, 1.7 last seen:(2135,0) globalposderived: (2135,0)
(b)r: 1.53434 phi: 1.45919 vel: ( -0.0535394, -0.0183947 ) (2136,0) rel: ( 1.53384, 0.0390717 ), (2136,0) global: ( -11.0545, -19.3531 ), (2136,0), changes: -0.064, 1.7 last seen:(2135,0) globalposderived: (2135,0)
(b)r: 1.49291 phi: 1.37681 vel: ( -0.050327, -0.017291 ) (2137,0) rel: ( 1.49248, 0.0358712 ), (2137,0) global: ( -11.108, -19.3715 ), (2137,0), changes: -0.064, 1.7 last seen:(2135,0) globalposderived: (2135,0)
 2137: direction old: 62.407226, new: 63.138335
(b)r: 1.6 phi: 3 vel: ( -0.051827, -0.00962066 ) (2137,0) rel: ( 1.59781, 0.0837375 ), (2137,0) global: ( -11.0818, -19.2774 ), (2137,0), changes: -0.032, 1.5 last seen:(2137,0) globalposderived: (2137,0)
(b)r: 1.56856 phi: 1.53025 vel: ( -0.0487174, -0.00904342 ) (2138,0) rel: ( 1.568, 0.0418879 ), (2138,0) global: ( -11.1337, -19.287 ), (2138,0), changes: -0.032, 1.5 last seen:(2137,0) globalposderived: (2137,0)
 2138: direction old: 64.668584, new: 65.116458
(b)r: 1.6 phi: 2 vel: ( -0.0500907, -0.0102237 ) (2138,0) rel: ( 1.59903, 0.0558392 ), (2138,0) global: ( -11.1315, -19.2533 ), (2138,0), changes: -0.032, 1.5 last seen:(2138,0) globalposderived: (2138,0)
(b)r: 1.57019 phi: 1.97106 vel: ( -0.0470853, -0.00961023 ) (2139,0) rel: ( 1.56926, 0.0540063 ), (2139,0) global: ( -11.1816, -19.2635 ), (2139,0), changes: -0.032, 1.5 last seen:(2138,0) globalposderived: (2138,0)
(b)r: 1.54318 phi: 1.46318 vel: ( -0.0442602, -0.00903362 ) (2140,0) rel: ( 1.54268, 0.0394046 ), (2140,0) global: ( -11.2287, -19.2731 ), (2140,0), changes: -0.032, 1.5 last seen:(2138,0) globalposderived: (2138,0)
 2140: direction old: 68.080955, new: 68.116458
(b)r: 1.5 phi: 3 vel: ( -0.0451925, -0.0141774 ) (2140,0) rel: ( 1.49794, 0.0785039 ), (2140,0) global: ( -11.2457, -19.3128 ), (2140,0), changes: -0.03, 1.4 last seen:(2140,0) globalposderived: (2140,0)
(b)r: 1.47046 phi: 1.42828 vel: ( -0.042481, -0.0133267 ) (2141,0) rel: ( 1.47, 0.0366519 ), (2141,0) global: ( -11.2909, -19.327 ), (2141,0), changes: -0.03, 1.4 last seen:(2140,0) globalposderived: (2140,0)
 2141: direction old: 69.544734, new: 69.116458
(b)r: 1.5 phi: 2 vel: ( -0.0437096, -0.0141453 ) (2141,0) rel: ( 1.49909, 0.0523492 ), (2141,0) global: ( -11.2701, -19.3033 ), (2141,0), changes: -0.03, 1.4 last seen:(2141,0) globalposderived: (2141,0)
(b)r: 1.47164 phi: 1.96551 vel: ( -0.041087, -0.0132966 ) (2142,0) rel: ( 1.47077, 0.0504741 ), (2142,0) global: ( -11.3138, -19.3174 ), (2142,0), changes: -0.03, 1.4 last seen:(2141,0) globalposderived: (2141,0)
(b)r: 1.4458 phi: 1.35927 vel: ( -0.0386218, -0.0124988 ) (2143,0) rel: ( 1.4454, 0.0342965 ), (2143,0) global: ( -11.3549, -19.3307 ), (2143,0), changes: -0.03, 1.4 last seen:(2141,0) globalposderived: (2141,0)
 2143: direction old: 71.869513, new: 69.297835
(b)r: 1.6 phi: 0 vel: ( -0.955142, 0.0872885 ) (2143,0) rel: ( 1.6, 0 ), (2143,0) global: ( -11.2392, -19.208 ), (2143,0), changes: -0.256, 33.1 last seen:(2143,0) globalposderived: (2143,0)
(b)r: 1.63117 phi: 34.518 vel: ( -0.897833, 0.0820512 ) (2144,0) rel: ( 1.344, 0.924326 ), (2144,0) global: ( -12.1943, -19.1208 ), (2144,0), changes: -0.256, 33.1 last seen:(2143,0) globalposderived: (2143,0)
 2144: direction old: 103.815805, new: 92.297835
(b)r: 1.5 phi: 23 vel: ( -0.566025, 0.06736 ) (2144,0) rel: ( 1.38076, 0.586097 ), (2144,0) global: ( -11.8649, -19.2059 ), (2144,0), changes: 0.09, 21.5 last seen:(2144,0) globalposderived: (2144,0)
(b)r: 1.68669 phi: 7.97627 vel: ( -0.532063, 0.0633184 ) (2145,0) rel: ( 1.67037, 0.23405 ), (2145,0) global: ( -12.431, -19.1386 ), (2145,0), changes: 0.09, 21.5 last seen:(2144,0) globalposderived: (2144,0)
(b)r: 1.99917 phi: 13.6131 vel: ( -0.500139, 0.0595193 ) (2146,0) rel: ( 1.94301, 0.470534 ), (2146,0) global: ( -12.963, -19.0753 ), (2146,0), changes: 0.09, 21.5 last seen:(2144,0) globalposderived: (2144,0)
 2146: direction old: 125.697917, new: 124.598938
 2147: direction old: 134.273351, new: 133.398864
 2282: direction old: 156.098916, new: 158.425675
(b)r: 1.54268 phi: -9.71931 vel: ( 0.0114442, -0.00405257 ) (2283,0) rel: ( 1.52053, -0.260437 ), (2283,0) global: ( -20.6849, -18.1877 ), (2283,0), changes: -0.4, -1.1 last seen:(2282,0) globalposderived: (2282,0)
(b)r: 0.2 phi: -25.9918 vel: ( -0.00107575, 0.000380942 ) (2284,0) rel: ( 0.179771, -0.0876486 ), (2284,0) global: ( -20.3799, -18.452 ), (2284,0), changes: -0.4, -1.1 last seen:(2282,0) globalposderived: (2282,0)
 2284: ball (-20.379857,-18.452045), agent (-20.230219,-18.584742), to (-0.502460,-16.111555) ang 164.425675 164.425675
 2284: relpos body (0.200000,-25.991835), vel. ball:(-0.001076,0.000381) dist: 1.146167 (0.300000,0.085000,0.761167)
 2284: point good and can reach point 107.276257
 2284: direction old: -135.127292, new: 160.609100
(b)r: 0.4 phi: -4 vel: ( -0.00777799, 0.00199756 ) (2284,0) rel: ( 0.399026, -0.0279026 ), (2284,0) global: ( -20.5505, -18.1135 ), (2284,0), changes: 0.048, 0.1 last seen:(2284,0) globalposderived: (2284,0)
 2284: turnWithBall: turn since ball will be kickable in t+1
(b)r: 0.453078 phi: 139.612 vel: ( 0, 0 ) (2285,0) rel: ( -0.345095, 0.293579 ), (2285,0) global: ( -20.5583, -18.1115 ), (2285,0), changes: 0.048, 0.1 last seen:(2284,0) globalposderived: (2284,0)
 2285: turnWithBall: kick ball away from opp at ang -121.924405
 2285: (kick 36.657691 -0.634792), vecDesired (0.719364,0.290239) 35.468373 posDes(-19.838927,-17.821266)
 2285: 2 pos: ball(-20.572855,-18.188819), ball_prev(-20.550513,-18.113503), agentdiff(-0.070255,-0.076129)
 2285: vel based on 2 pos: (0.045039,0.000764)
 2285: direction old: 149.295417, new: 159.943650
(b)r: 0.4 phi: 151 vel: ( 0.0450387, 0.000764127 ) (2285,0) rel: ( -0.349848, 0.193924 ), (2285,0) global: ( -20.5729, -18.1888 ), (2285,0), changes: 0.048, 0.1 last seen:(2285,0) globalposderived: (2285,0)
 2285: ball (-20.572855,-18.188819), agent (-20.197113,-18.325997), to (-16.245746,-17.704145) ang 8.943650 8.943650
 2285: relpos body (0.400000,151.000000), vel. ball:(0.045039,0.000764) dist: 1.146167 (0.300000,0.085000,0.761167)
 2285: point good and can reach point 34.247727
(b)r: 0.480236 phi: 24.3791 vel: ( 0.751172, 0.112272 ) (2286,0) rel: ( 0.437415, 0.198228 ), (2286,0) global: ( -19.7737, -18.0694 ), (2286,0), changes: 0.048, 0.1 last seen:(2285,0) globalposderived: (2285,0)
 2286: ball (-19.773736,-18.069381), agent (-20.175016,-18.333201), to (-0.156317,-20.103718) ang 8.943650 8.943650
 2286: relpos body (0.480236,24.379104), vel. ball:(0.751172,0.112272) dist: 1.146167 (0.300000,0.085000,0.761167)
 2286: pos (3.100331,-0.321506) too far, but can acc ball good to 3.252610 k=2.524123,0.189155
 2287: direction old: -3.251591, new: 26.823132
(b)r: 2 phi: 18 vel: ( 1.91032, 0.211018 ) (2287,0) rel: ( 1.90211, 0.618034 ), (2287,0) global: ( -18.3909, -17.2665 ), (2287,0), changes: 1.8, -19.3 last seen:(2287,0) globalposderived: (2287,0)
 4112: direction old: 79.281941, new: 84.346753
 4126: direction old: 138.833044, new: 140.646990
 4127: direction old: 142.678202, new: 142.642147
(b)r: 1.81743 phi: 7.47034 vel: ( -0.208434, 0.0382482 ) (4129,0) rel: ( 1.80201, 0.23629 ), (4129,0) global: ( -16.5257, -28.2944 ), (4129,0), changes: 0.044, 2.6 last seen:(4127,0) globalposderived: (4127,0)
 4129: direction old: 149.765202, new: 150.595157
(b)r: 1.8 phi: 8 vel: ( -0.208015, 0.032409 ) (4129,0) rel: ( 1.78248, 0.250512 ), (4129,0) global: ( -16.5909, -28.2866 ), (4129,0), changes: -0.072, 4 last seen:(4129,0) globalposderived: (4129,0)
(b)r: 1.19346 phi: 18.5827 vel: ( -0.195535, 0.0304644 ) (4130,0) rel: ( 1.13124, 0.380324 ), (4130,0) global: ( -16.7989, -28.2542 ), (4130,0), changes: -0.072, 4 last seen:(4129,0) globalposderived: (4129,0)
 4130: direction old: 159.687059, new: 162.590463
(b)r: 1.1 phi: 20 vel: ( -0.198277, 0.0319033 ) (4130,0) rel: ( 1.03366, 0.376222 ), (4130,0) global: ( -16.6938, -28.3525 ), (4130,0), changes: -0.132, 8.5 last seen:(4130,0) globalposderived: (4130,0)
 4130: turnWithBall: kick ball away from opp at ang 76.590463
 4130: (kick 53.095123 -178.865672), vecDesired (0.653935,-0.593541) 114.000000 posDes(-16.039898,-28.946017)
(b)r: 0.541779 phi: 64.3456 vel: ( -0.18638, 0.0299891 ) (4131,0) rel: ( 0.234559, 0.488371 ), (4131,0) global: ( -16.8921, -28.3206 ), (4131,0), changes: -0.132, 8.5 last seen:(4130,0) globalposderived: (4130,0)
 4131: turnWithBall: turn since ball will be kickable in t+1
(b)r: 0.620333 phi: 144.232 vel: ( -0.175197, 0.0281898 ) (4132,0) rel: ( -0.503331, 0.36259 ), (4132,0) global: ( -17.0785, -28.2906 ), (4132,0), changes: -0.132, 8.5 last seen:(4130,0) globalposderived: (4130,0)
 4132: turnWithBall: turn since ball will be kickable in t+1
 4132: 2 pos: ball(-17.226249,-28.209003), ball_prev(-16.693833,-28.352477), agentdiff(-0.080406,0.130541)
 4132: direction old: -114.191573, new: -128.096170
(b)r: 0.7 phi: 142 vel: ( -0.175197, 0.0281898 ) (4132,0) rel: ( -0.551608, 0.430963 ), (4132,0) global: ( -17.2262, -28.209 ), (4132,0), changes: -0.132, 8.5 last seen:(4132,0) globalposderived: (4132,0)
 4132: turnWithBall: turn since ball will be kickable in t+1
(b)r: 0.805614 phi: -124.609 vel: ( -0.164685, 0.0264984 ) (4133,0) rel: ( -0.457568, -0.663058 ), (4133,0) global: ( -17.4014, -28.1808 ), (4133,0), changes: -0.132, 8.5 last seen:(4132,0) globalposderived: (4132,0)
 4133: ball (-17.401446,-28.180813), agent (-16.909309,-27.542993), to (-12.914954,-27.755435) ang -3.044440 -3.044440
 4133: relpos body (0.805614,-124.609051), vel. ball:(-0.164685,0.026498) dist: 1.146167 (0.300000,0.085000,0.761167)
 4133: point good and can reach point 50.191913
 4133: 2 pos: ball(-17.088170,-28.381882), ball_prev(-17.226249,-28.209003), agentdiff(0.234459,-0.273941)
 4133: vel based on 2 pos: (-0.090597,0.094998)
 4133: direction old: -153.398273, new: -126.189434
(b)r: 0.7 phi: -128 vel: ( -0.0905971, 0.0949981 ) (4133,0) rel: ( -0.430963, -0.551608 ), (4133,0) global: ( -17.0882, -28.3819 ), (4133,0), changes: -0.132, 8.5 last seen:(4133,0) globalposderived: (4133,0)
 4133: ball (-17.088170,-28.381882), agent (-16.674850,-27.816934), to (-12.676847,-27.690553) ang 1.810566 1.810566
 4133: relpos body (0.700000,-128.000000), vel. ball:(-0.090597,0.094998) dist: 1.146167 (0.300000,0.085000,0.761167)
 4133: point good and can reach point 43.937898
(b)r: 0.65036 phi: -39.4342 vel: ( 0.820512, 0.197463 ) (4134,0) rel: ( 0.502309, -0.413103 ), (4134,0) global: ( -16.2153, -28.1718 ), (4134,0), changes: -0.132, 8.5 last seen:(4133,0) globalposderived: (4133,0)
 4134: ball (-16.215284,-28.171816), agent (-16.730394,-27.774789), to (-12.732391,-27.648409) ang 1.810566 1.810566
 4134: relpos body (0.650360,-39.434156), vel. ball:(0.820512,0.197463) dist: 1.146167 (0.300000,0.085000,0.761167)
 4134: point good and can reach point 5.922489
(b)r: 0.830063 phi: -16.9261 vel: ( 0, 0 ) (4135,0) rel: ( 0.794105, -0.241663 ), (4135,0) global: ( -15.3948, -27.9744 ), (4135,0), changes: -0.132, 8.5 last seen:(4133,0) globalposderived: (4133,0)
 4135: ball (-15.394772,-27.974353), agent (-16.196116,-27.757900), to (-12.198113,-27.631520) ang 1.810566 1.810566
 4135: relpos body (0.830063,-16.926125), vel. ball:(0.000000,0.000000) dist: 1.146167 (0.300000,0.085000,0.761167)
 4135: point good and can reach point 32.329342
 4135: direction old: -20.390729, new: -27.304901
(b)r: 0.7 phi: -29 vel: ( 0.674736, 0.136014 ) (4135,0) rel: ( 0.612234, -0.339367 ), (4135,0) global: ( -15.7387, -27.9364 ), (4135,0), changes: 0.336, 26.1 last seen:(4135,0) globalposderived: (4135,0)
 4135: ball (-15.738694,-27.936414), agent (-16.360698,-27.615306), to (-12.362449,-27.496983) ang 1.695099 1.695099
 4135: relpos body (0.700000,-29.000000), vel. ball:(0.674736,0.136014) dist: 1.146167 (0.300000,0.085000,0.761167)
 4135: point good and can reach point 2.644430
(b)r: 0.574965 phi: -17.3535 vel: ( 0, 0 ) (4136,0) rel: ( 0.548794, -0.171492 ), (4136,0) global: ( -15.064, -27.8004 ), (4136,0), changes: 0.336, 26.1 last seen:(4135,0) globalposderived: (4135,0)
 4136: ball (-15.063958,-27.800400), agent (-15.617585,-27.645216), to (-11.619335,-27.526893) ang 1.695099 1.695099
 4136: relpos body (0.574965,-17.353473), vel. ball:(0.000000,0.000000) dist: 1.146167 (0.300000,0.085000,0.761167)
 4136: point good and can reach point 29.385159
 4136: 2 pos: ball(-16.297226,-27.359644), ball_prev(-15.738694,-27.936414), agentdiff(0.049277,-0.044090)
 4136: vel based on 2 pos: (-0.571341,0.583608)
 4136: direction old: -12.422179, new: 155.664566
(b)r: 0.8 phi: 154 vel: ( -0.571341, 0.583608 ) (4136,0) rel: ( -0.719035, 0.350697 ), (4136,0) global: ( -16.2972, -27.3596 ), (4136,0), changes: 0.336, 26.1 last seen:(4136,0) globalposderived: (4136,0)
 4136: kick results in collision, change velDes from (0.819417,-0.037003)
 4136: ball (-16.297226,-27.359644), agent (-15.568307,-27.689307), to (-11.569995,-27.573114) ang 1.664566 1.664566
 4136: relpos body (0.800000,154.000000), vel. ball:(-0.571341,0.583608) dist: 1.146167 (0.300000,0.085000,0.761167)
 4136: point good and can reach point 103.329815
(b)r: 1.46552 phi: 138.045 vel: ( -0.0597673, 0.579161 ) (4137,0) rel: ( -1.08987, 0.979768 ), (4137,0) global: ( -16.3608, -26.7435 ), (4137,0), changes: 0.336, 26.1 last seen:(4136,0) globalposderived: (4136,0)
 4138: direction old: 138.263456, new: 135.929674
 4139: direction old: 133.090442, new: 130.507954
 4141: direction old: 124.829772, new: 125.428618
 4142: direction old: 121.272447, new: 120.796521
 4144: direction old: 110.841908, new: 113.510919
