 0: change player from message 62 -> 1
 0: changed player from message 62 -> 1
 0: change player from message 63 -> 2
 0: changed player from message 63 -> 2
 0: change player from message 64 -> 3
 0: changed player from message 64 -> 3
 0: change player from message 65 -> 4
 0: changed player from message 65 -> 4
 0: change player from message 66 -> 5
 0: changed player from message 66 -> 5
 0: change player from message 67 -> 6
 0: changed player from message 67 -> 6
 0: change player from message 68 -> 7
 0: changed player from message 68 -> 7
 0: change player from message 69 -> 8
 0: changed player from message 69 -> 8
 0: change player from message 70 -> 9
 0: changed player from message 70 -> 9
 0: change player from message 71 -> 10
 0: changed player from message 71 -> 10
 54: direction old: 133.346461, new: 124.963441
 55: direction old: 119.055649, new: 127.514259
(b)r: 1.67176 phi: 25.1935 vel: ( -0.216434, 0.170186 ) (57,0) rel: ( 1.51273, 0.711627 ), (57,0) global: ( -2.22988, 10.0303 ), (57,0), changes: 0.216, 2.1 last seen:(55,0) globalposderived: (55,0)
 57: direction old: 141.171623, new: 135.843154
(b)r: 1.8 phi: 25 vel: ( -0.222211, 0.173535 ) (57,0) rel: ( 1.63135, 0.760713 ), (57,0) global: ( -2.21649, 10.2341 ), (57,0), changes: -0.036, 3.2 last seen:(57,0) globalposderived: (57,0)
(b)r: 1.75829 phi: 15.3878 vel: ( -0.208878, 0.163123 ) (58,0) rel: ( 1.69526, 0.466562 ), (58,0) global: ( -2.4387, 10.4077 ), (58,0), changes: -0.036, 3.2 last seen:(57,0) globalposderived: (57,0)
 58: direction old: 135.641736, new: 139.390862
(b)r: 1.8 phi: 15 vel: ( -0.212415, 0.155281 ) (58,0) rel: ( 1.73867, 0.465874 ), (58,0) global: ( -2.55365, 10.3555 ), (58,0), changes: 0.144, 1.9 last seen:(58,0) globalposderived: (58,0)
(b)r: 1.31597 phi: 17.0236 vel: ( -0.199671, 0.145964 ) (59,0) rel: ( 1.25831, 0.38527 ), (59,0) global: ( -2.76607, 10.5107 ), (59,0), changes: 0.144, 1.9 last seen:(58,0) globalposderived: (58,0)
(b)r: 0.678827 phi: 20.5475 vel: ( -0.18769, 0.137206 ) (60,0) rel: ( 0.635641, 0.238257 ), (60,0) global: ( -2.96574, 10.6567 ), (60,0), changes: 0.144, 1.9 last seen:(58,0) globalposderived: (58,0)
 60: turnWithBall: kick ball away from opp at ang 62.381601
 60: (kick 33.676984 149.665246), vecDesired (0.086542,-0.613951) 101.990739 posDes(-2.879198,10.042751)
 60: direction old: 141.063155, new: 145.529344
(b)r: 0.6 phi: 21 vel: ( -0.189532, 0.136163 ) (60,0) rel: ( 0.560148, 0.215021 ), (60,0) global: ( -2.86891, 10.5184 ), (60,0), changes: -0.084, 2.9 last seen:(60,0) globalposderived: (60,0)
 60: turnWithBall: kick ball away from opp at ang 73.529344
 60: (kick 32.401277 151.810996), vecDesired (0.112890,-0.599743) 113.000000 posDes(-2.756021,9.918659)
(b)r: 0.476717 phi: 125.772 vel: ( 0.0928982, -0.559096 ) (61,0) rel: ( -0.278668, 0.386785 ), (61,0) global: ( -2.77008, 9.92362 ), (61,0), changes: -0.084, 2.9 last seen:(60,0) globalposderived: (60,0)
 61: ball (-2.770083,9.923618), agent (-2.609393,10.372436), to (6.742443,0.755447) ang 140.529344 124.529344
 61: relpos body (0.476717,109.771710), vel. ball:(0.092898,-0.559096) dist: 1.027941 (0.300000,0.085000,0.642941)
 61: point good and can reach point 100.036630
 61: 2 pos: ball(-2.725388,10.066745), ball_prev(-2.868911,10.518401), agentdiff(0.042878,0.061405)
 61: vel based on 2 pos: (0.094606,-0.482277)
 61: direction old: -111.751066, new: -113.402286
(b)r: 0.4 phi: 122 vel: ( 0.0946061, -0.482277 ) (61,0) rel: ( -0.211968, 0.339219 ), (61,0) global: ( -2.72539, 10.0667 ), (61,0), changes: -0.084, 2.9 last seen:(61,0) globalposderived: (61,0)
 61: ball (-2.725388,10.066745), agent (-2.566514,10.433840), to (6.742443,0.755447) ang 140.597714 124.597714
 61: relpos body (0.400000,106.000000), vel. ball:(0.094606,-0.482277) dist: 1.027941 (0.300000,0.085000,0.642941)
 61: point good and can reach point 97.658842
 117: direction old: -1.621049, new: -9.986813
(b)r: 0.397138 phi: -28.6701 vel: ( -0.77937, 0.0353141 ) (118,0) rel: ( 0.348447, -0.190533 ), (118,0) global: ( 3.72296, -18.7747 ), (118,0), changes: -1.144, -4.2 last seen:(117,0) globalposderived: (117,0)
 118: ball (3.722956,-18.774696), agent (3.404363,-18.537596), to (13.366510,-19.406861) ang -4.986813 -7.986813
 118: relpos body (0.397138,-31.670081), vel. ball:(-0.779370,0.035314) dist: 1.027941 (0.300000,0.085000,0.642941)
 118: point good and can reach point 73.884983
 118: direction old: -70.690043, new: -36.426159
(b)r: 0.4 phi: -28 vel: ( -0.698384, 0.0364359 ) (118,0) rel: ( 0.353179, -0.187789 ), (118,0) global: ( 3.85205, -18.4621 ), (118,0), changes: -0.904, -81.7 last seen:(118,0) globalposderived: (118,0)
 118: ball (3.852052,-18.462100), agent (3.530203,-18.224585), to (13.485392,-19.170214) ang -5.426159 -8.426159
 118: relpos body (0.400000,-31.000000), vel. ball:(-0.698384,0.036436) dist: 1.027941 (0.300000,0.085000,0.642941)
 118: point good and can reach point 70.751183
(b)r: 1.07226 phi: -7.62183 vel: ( 1.02823, -0.0961551 ) (119,0) rel: ( 1.06279, -0.142218 ), (119,0) global: ( 4.94591, -18.5644 ), (119,0), changes: -0.904, -81.7 last seen:(118,0) globalposderived: (118,0)
(b)r: 1.32948 phi: -0.998599 vel: ( 0.966532, -0.0903858 ) (120,0) rel: ( 1.32928, -0.0231702 ), (120,0) global: ( 5.97413, -18.6605 ), (120,0), changes: -0.904, -81.7 last seen:(118,0) globalposderived: (118,0)
 120: direction old: -13.161038, new: -19.289907
(b)r: 1.3 phi: -6 vel: ( 0, 0 ) (120,0) rel: ( 1.29288, -0.135887 ), (120,0) global: ( 5.72477, -18.7448 ), (120,0), changes: -0.338, -4.3 last seen:(120,0) globalposderived: (120,0)
(b)r: 0.2 phi: 3.48166e-13 vel: ( 0, 0 ) (121,0) rel: ( 0.2, 1.21533e-15 ), (121,0) global: ( 5.54465, -18.5403 ), (121,0), changes: -0.338, -4.3 last seen:(120,0) globalposderived: (120,0)
 121: ball (5.544647,-18.540283), agent (5.412450,-18.390203), to (15.539529,-18.950039) ang -5.625187 -48.625187
 121: relpos body (0.200000,-43.000000), vel. ball:(0.000000,0.000000) dist: 1.027941 (0.300000,0.085000,0.642941)
 121: point good and can reach point 84.756702
 121: 2 pos: ball(4.724026,-18.741662), ball_prev(5.724773,-18.744778), agentdiff(-0.242434,-0.125424)
 121: direction old: -3.765561, new: -153.123360
(b)r: 0.5 phi: -105 vel: ( 0, 0 ) (121,0) rel: ( -0.12941, -0.482963 ), (121,0) global: ( 4.72403, -18.7417 ), (121,0), changes: -0.338, -4.3 last seen:(121,0) globalposderived: (121,0)
 121: ball (4.724026,-18.741662), agent (5.170017,-18.515626), to (15.539529,-18.950039) ang -5.123360 -48.123360
 121: relpos body (0.500000,-148.000000), vel. ball:(0.000000,0.000000) dist: 1.027941 (0.300000,0.085000,0.642941)
 121: point good and can reach point 121.734667
(b)r: 1.6001 phi: 38.5642 vel: ( 1.90244, -0.0373047 ) (122,0) rel: ( 1.25114, 0.997491 ), (122,0) global: ( 6.7479, -18.7813 ), (122,0), changes: -0.338, -4.3 last seen:(121,0) globalposderived: (121,0)
 123: 2 pos: ball(6.046045,-18.228295), ball_prev(4.724026,-18.741662), agentdiff(0.590655,-0.325048)
 123: direction old: 0.410683, new: 60.870794
(b)r: 0.7 phi: 66 vel: ( 1.7883, -0.0350664 ) (123,0) rel: ( 0.284716, 0.639482 ), (123,0) global: ( 6.04605, -18.2283 ), (123,0), changes: -0.338, -4.3 last seen:(123,0) globalposderived: (123,0)
 123: ball (6.046045,-18.228295), agent (5.705299,-18.839762), to (13.903706,-19.001360) ang -5.129206 -5.129206
 123: relpos body (0.700000,66.000000), vel. ball:(1.788297,-0.035066) dist: 1.027941 (0.300000,0.085000,0.642941)
 123: point good and can reach point 19.721182
 124: 2 pos: ball(5.989581,-15.989123), ball_prev(6.046045,-18.228295), agentdiff(-0.107139,0.179162)
 124: vel based on 2 pos: (0.047634,1.936410)
 124: direction old: 4.974341, new: 81.664417
 148: direction old: 49.526080, new: 40.567046
(b)r: 1.848 phi: 0.475694 vel: ( -0.624599, 0.15615 ) (149,0) rel: ( 1.84794, 0.0153427 ), (149,0) global: ( 1.39524, -1.54357 ), (149,0), changes: 0.2, -5.1 last seen:(148,0) globalposderived: (148,0)
(b)r: 0.905942 phi: 0.309603 vel: ( -0.587123, 0.146781 ) (150,0) rel: ( 0.905929, 0.00489532 ), (150,0) global: ( 0.770642, -1.38742 ), (150,0), changes: 0.2, -5.1 last seen:(148,0) globalposderived: (148,0)
 150: turnWithBall: kick ball away from opp at ang 13.422575
 150: (kick 40.388012 116.527622), vecDesired (-1.279278,-0.201053) 103.268956 posDes(-0.508635,-1.588469)
 150: direction old: 32.339701, new: 17.787755
(b)r: 1 phi: -11 vel: ( -0.557592, 0.128675 ) (150,0) rel: ( 0.981627, -0.190809 ), (150,0) global: ( 0.924687, -1.58727 ), (150,0), changes: -0.56, -2.9 last seen:(150,0) globalposderived: (150,0)
 150: turnWithBall: turn since ball will be kickable in t+1
(b)r: 0.44078 phi: 69.288 vel: ( -0.524137, 0.120954 ) (151,0) rel: ( 0.155891, 0.412292 ), (151,0) global: ( 0.367094, -1.45859 ), (151,0), changes: -0.56, -2.9 last seen:(150,0) globalposderived: (150,0)
 151: ball (0.367094,-1.458593), agent (-0.053858,-1.589309), to (9.763652,0.312400) ang 10.962758 -52.037242
 151: relpos body (0.440780,6.287986), vel. ball:(-0.524137,0.120954) dist: 1.027941 (0.300000,0.085000,0.642941)
 151: point good and can reach point 62.063533
 151: 2 pos: ball(0.773756,-1.482367), ball_prev(0.924687,-1.587268), agentdiff(0.436213,0.024444)
 151: vel based on 2 pos: (-0.551916,0.075630)
 151: direction old: 98.172143, new: 11.902365
(b)r: 0.4 phi: 68 vel: ( -0.551916, 0.0756302 ) (151,0) rel: ( 0.149843, 0.370874 ), (151,0) global: ( 0.773756, -1.48237 ), (151,0), changes: -0.56, -2.9 last seen:(151,0) globalposderived: (151,0)
 151: ball (0.773756,-1.482367), agent (0.382355,-1.564864), to (10.309879,-0.363086) ang 6.902365 -56.097635
 151: relpos body (0.400000,5.000000), vel. ball:(-0.551916,0.075630) dist: 1.027941 (0.300000,0.085000,0.642941)
 151: point good and can reach point 62.384106
(b)r: 1.50029 phi: 60.0102 vel: ( 1.0338, 0.122662 ) (152,0) rel: ( 0.749915, 1.29942 ), (152,0) global: ( 1.87354, -1.35188 ), (152,0), changes: -0.56, -2.9 last seen:(151,0) globalposderived: (151,0)
 153: 2 pos: ball(3.135738,-1.171122), ball_prev(0.773756,-1.482367), agentdiff(0.063370,0.120298)
 153: direction old: 1.788259, new: 2.869219
 246: direction old: 35.725288, new: 35.540109
(b)r: 1.92351 phi: 33.4107 vel: ( -0.318423, 0.253461 ) (247,0) rel: ( 1.60564, 1.05916 ), (247,0) global: ( 2.83964, -29.5071 ), (247,0), changes: -0.308, 7.4 last seen:(246,0) globalposderived: (246,0)
 247: direction old: 45.454186, new: 45.021401
(b)r: 1.8 phi: 36 vel: ( -0.310384, 0.2527 ) (247,0) rel: ( 1.45623, 1.05801 ), (247,0) global: ( 2.68753, -29.681 ), (247,0), changes: -0.108, 11.4 last seen:(247,0) globalposderived: (247,0)
(b)r: 1.72255 phi: 32.8914 vel: ( -0.291761, 0.237538 ) (248,0) rel: ( 1.44643, 0.935427 ), (248,0) global: ( 2.37715, -29.4283 ), (248,0), changes: -0.108, 11.4 last seen:(247,0) globalposderived: (247,0)
(b)r: 1.77579 phi: 31.1457 vel: ( -0.274255, 0.223286 ) (249,0) rel: ( 1.51982, 0.918467 ), (249,0) global: ( 2.08539, -29.1908 ), (249,0), changes: -0.108, 11.4 last seen:(247,0) globalposderived: (247,0)
 249: direction old: 70.741763, new: 69.330477
(b)r: 1.8 phi: 32 vel: ( -0.274947, 0.226695 ) (249,0) rel: ( 1.52649, 0.953855 ), (249,0) global: ( 2.10674, -29.264 ), (249,0), changes: 0.108, 10.8 last seen:(249,0) globalposderived: (249,0)
(b)r: 1.94452 phi: -1.55895 vel: ( -0.25845, 0.213093 ) (250,0) rel: ( 1.94381, -0.0529017 ), (250,0) global: ( 1.8318, -29.0373 ), (250,0), changes: 0.108, 10.8 last seen:(249,0) globalposderived: (249,0)
 250: direction old: 80.444891, new: 79.495201
(b)r: 2 phi: 3 vel: ( -0.269086, 0.213844 ) (250,0) rel: ( 1.99726, 0.104672 ), (250,0) global: ( 1.89212, -28.8787 ), (250,0), changes: 0.16, 9 last seen:(250,0) globalposderived: (250,0)
 252: direction old: 91.720877, new: 93.911927
 253: direction old: 105.908192, new: 98.885118
 255: direction old: 96.372516, new: 108.123326
(b)r: 1.82923 phi: -2.83765 vel: ( -0.191175, 0.11266 ) (256,0) rel: ( 1.82699, -0.0905584 ), (256,0) global: ( 0.240577, -27.7461 ), (256,0), changes: -0.05, 4.4 last seen:(255,0) globalposderived: (255,0)
 256: direction old: 115.998993, new: 114.191870
(b)r: 1.6 phi: -2 vel: ( -0.189638, 0.145225 ) (256,0) rel: ( 1.59903, -0.0558392 ), (256,0) global: ( 0.446768, -28.0537 ), (256,0), changes: -0.096, 5.8 last seen:(256,0) globalposderived: (256,0)
(b)r: 1.51951 phi: -26.5884 vel: ( -0.17826, 0.136511 ) (257,0) rel: ( 1.35881, -0.6801 ), (257,0) global: ( 0.25713, -27.9085 ), (257,0), changes: -0.096, 5.8 last seen:(256,0) globalposderived: (256,0)
(b)r: 0.994997 phi: -18.3699 vel: ( -0.167564, 0.128321 ) (258,0) rel: ( 0.944294, -0.313573 ), (258,0) global: ( 0.0788698, -27.772 ), (258,0), changes: -0.096, 5.8 last seen:(256,0) globalposderived: (256,0)
 258: turnWithBall: kick ball close to desired turnangle 0.000000
 258: (kick 78.846793 -153.868704), vecDesired (1.124339,-0.802809) -118.086807 posDes(1.203209,-28.574810)
 258: direction old: 112.802829, new: 122.662269
(b)r: 0.9 phi: -24 vel: ( -0.166842, 0.121451 ) (258,0) rel: ( 0.822191, -0.366063 ), (258,0) global: ( -0.057898, -27.8443 ), (258,0), changes: 0.216, 4.8 last seen:(258,0) globalposderived: (258,0)
 258: turnWithBall: kick ball close to desired turnangle 0.000000
 258: (kick 68.545039 -155.779761), vecDesired (0.987516,-0.784251) -117.662269 posDes(0.929618,-28.628576)
(b)r: 0.2 phi: -147.082 vel: ( -0.0931031, 0.0715698 ) (259,0) rel: ( -0.167891, -0.108686 ), (259,0) global: ( 0.627814, -28.6035 ), (259,0), changes: 0.216, 4.8 last seen:(258,0) globalposderived: (258,0)
 259: turnWithBall: kick ball away from opp at ang 3.161068
 259: (kick 24.552687 71.612501), vecDesired (-0.687123,-0.025436) 65.498799 posDes(-0.059309,-28.628908)
 259: 2 pos: ball(0.826474,-28.710501), ball_prev(-0.057898,-27.844325), agentdiff(-0.089374,-0.217257)
 259: direction old: 36.713034, new: 12.563573
(b)r: 0.5 phi: -134 vel: ( -0.0931031, 0.0715698 ) (259,0) rel: ( -0.347329, -0.35967 ), (259,0) global: ( 0.826474, -28.7105 ), (259,0), changes: 0.216, 4.8 last seen:(259,0) globalposderived: (259,0)
 259: turnWithBall: kick ball away from opp at ang 57.563573
 259: (kick 40.454225 104.478899), vecDesired (-0.749704,-0.520518) 120.000000 posDes(0.076770,-29.231019)
(b)r: 0.476341 phi: 90.4737 vel: ( -0.70237, -0.477918 ) (260,0) rel: ( -0.00393784, 0.476325 ), (260,0) global: ( 0.0792718, -29.2189 ), (260,0), changes: 0.216, 4.8 last seen:(259,0) globalposderived: (259,0)
 260: turnWithBall: freeze ball
(b)r: 0.482533 phi: 89.5423 vel: ( -0.00932018, -0.000822115 ) (261,0) rel: ( 0.00385436, 0.482518 ), (261,0) global: ( 0.0693567, -29.2198 ), (261,0), changes: 0.216, 4.8 last seen:(259,0) globalposderived: (259,0)
 261: turnWithBall: kick ball away from opp at ang 147.223217
 261: (kick 32.611448 -106.292038), vecDesired (0.679284,0.136419) -150.340355 posDes(0.748641,-29.083379)
 261: 2 pos: ball(2.025154,-29.447764), ball_prev(0.826474,-28.710501), agentdiff(0.000000,0.000000)
 261: direction old: -123.894098, new: -20.436427
(b)r: 1.8 phi: -167 vel: ( -0.00932018, -0.000822115 ) (261,0) rel: ( -1.75387, -0.404912 ), (261,0) global: ( 2.02515, -29.4478 ), (261,0), changes: 0.216, 4.8 last seen:(261,0) globalposderived: (261,0)
(b)r: 1.79156 phi: 0 vel: ( -0.00876096, -0.000772788 ) (262,0) rel: ( 1.79156, 0 ), (262,0) global: ( 2.01583, -29.4486 ), (262,0), changes: 0.216, 4.8 last seen:(261,0) globalposderived: (261,0)
 262: direction old: -36.874974, new: -18.372432
 268: direction old: -18.895671, new: -16.524945
(b)r: 1.64858 phi: -3.13368 vel: ( 0.511946, -0.138215 ) (270,0) rel: ( 1.64612, -0.0901211 ), (270,0) global: ( 8.02681, -30.638 ), (270,0), changes: 0.25, 0.2 last seen:(268,0) globalposderived: (268,0)
 270: direction old: -26.492773, new: -20.002945
(b)r: 1.6 phi: -4 vel: ( 0.5144, -0.150191 ) (270,0) rel: ( 1.5961, -0.11161 ), (270,0) global: ( 7.94213, -30.3937 ), (270,0), changes: 0.192, 0 last seen:(270,0) globalposderived: (270,0)
(b)r: 1.16617 phi: -3.95058 vel: ( 0.483536, -0.14118 ) (271,0) rel: ( 1.1634, -0.0803447 ), (271,0) global: ( 8.45653, -30.5439 ), (271,0), changes: 0.192, 0 last seen:(270,0) globalposderived: (270,0)
 271: direction old: -7.520142, new: -19.538609
(b)r: 1.2 phi: -4 vel: ( 0.48069, -0.135563 ) (271,0) rel: ( 1.19708, -0.0837078 ), (271,0) global: ( 8.50133, -30.8018 ), (271,0), changes: 0.144, 1.2 last seen:(271,0) globalposderived: (271,0)
(b)r: 0.704872 phi: -6.97075 vel: ( 0.451848, -0.127429 ) (272,0) rel: ( 0.699661, -0.085545 ), (272,0) global: ( 8.98202, -30.9374 ), (272,0), changes: 0.144, 1.2 last seen:(271,0) globalposderived: (271,0)
 272: ball (8.982017,-30.937395), agent (8.330845,-30.667546), to (0.747173,-15.968272) ang -15.538609 -15.538609
 272: relpos body (0.704872,-6.970746), vel. ball:(0.451848,-0.127429) dist: 1.027941 (0.300000,0.085000,0.642941)
 272: point good, but reposition ball since need 134.137400
 272: (kick 14.238589 164.802090), vecDesired (0.165709,0.042715) 0.000000 posDes(9.147726,-30.894680)
(b)r: 0.52221 phi: 0.323788 vel: ( 0.1625, 0.0411588 ) (273,0) rel: ( 0.522202, 0.00295108 ), (273,0) global: ( 9.15489, -30.8936 ), (273,0), changes: 0.144, 1.2 last seen:(271,0) globalposderived: (271,0)
 273: ball (9.154890,-30.893609), agent (8.650984,-30.756561), to (0.747173,-15.968272) ang -15.538609 -15.538609
 273: relpos body (0.522210,0.323788), vel. ball:(0.162500,0.041159) dist: 1.027941 (0.300000,0.085000,0.642941)
 273: point good, but reposition ball since need 111.063134
 273: (kick 4.106039 -124.799804), vecDesired (0.081747,-0.025793) 0.000000 posDes(9.236637,-30.919402)
 273: direction old: -19.186384, new: -15.795228
(b)r: 0.6 phi: 0 vel: ( 0.165854, 0.0331043 ) (273,0) rel: ( 0.6, 0 ), (273,0) global: ( 9.2471, -30.8881 ), (273,0), changes: 0.036, 6.7 last seen:(273,0) globalposderived: (273,0)
 273: ball (9.247099,-30.888116), agent (8.669754,-30.724796), to (0.747173,-15.968272) ang -15.795228 -15.795228
 273: relpos body (0.600000,0.000000), vel. ball:(0.165854,0.033104) dist: 1.027941 (0.300000,0.085000,0.642941)
 273: point good and can reach point 115.052465
 274: 2 pos: ball(7.928925,-28.787413), ball_prev(9.247099,-30.888116), agentdiff(0.270614,-0.016327)
 274: vel based on 2 pos: (-1.493460,1.990008)
 274: direction old: 114.277356, new: 117.370768
 342: direction old: -173.270758, new: -177.160776
 343: 2 pos: ball(-24.474505,-0.785071), ball_prev(-23.843717,-0.833418), agentdiff(-0.044844,-0.083174)
 343: vel based on 2 pos: (-0.550788,0.123630)
 343: direction old: 179.370996, new: -178.937662
(b)r: 1.7451 phi: 26.7324 vel: ( -0.434255, -0.0530546 ) (597,0) rel: ( 1.55858, 0.784986 ), (597,0) global: ( 1.49337, 4.43763 ), (597,0), changes: -0.462, 5.5 last seen:(595,0) globalposderived: (595,0)
 597: direction old: 72.102851, new: 70.086993
(b)r: 1.8 phi: 26 vel: ( -0.422667, -0.0430648 ) (597,0) rel: ( 1.61783, 0.789068 ), (597,0) global: ( 1.62002, 4.62376 ), (597,0), changes: -0.252, 13.2 last seen:(597,0) globalposderived: (597,0)
(b)r: 1.59978 phi: 30.2834 vel: ( -0.397307, -0.0404809 ) (598,0) rel: ( 1.38148, 0.806736 ), (598,0) global: ( 1.19735, 4.5807 ), (598,0), changes: -0.252, 13.2 last seen:(597,0) globalposderived: (597,0)
 598: direction old: 77.207566, new: 85.110272
(b)r: 1.6 phi: 31 vel: ( -0.390212, -0.0413827 ) (598,0) rel: ( 1.37147, 0.824061 ), (598,0) global: ( 0.989991, 4.66096 ), (598,0), changes: -0.096, 14.3 last seen:(598,0) globalposderived: (598,0)
(b)r: 1.55891 phi: 30.8578 vel: ( -0.366799, -0.0388997 ) (599,0) rel: ( 1.33823, 0.799576 ), (599,0) global: ( 0.599779, 4.61958 ), (599,0), changes: -0.096, 14.3 last seen:(598,0) globalposderived: (598,0)
(b)r: 1.62737 phi: 29.0607 vel: ( -0.344791, -0.0365658 ) (600,0) rel: ( 1.42249, 0.790471 ), (600,0) global: ( 0.23298, 4.58068 ), (600,0), changes: -0.096, 14.3 last seen:(598,0) globalposderived: (598,0)
 600: direction old: 121.384351, new: 112.852102
(b)r: 1.6 phi: 31 vel: ( -0.330217, -0.0500681 ) (600,0) rel: ( 1.37147, 0.824061 ), (600,0) global: ( 0.501915, 4.59565 ), (600,0), changes: 0.064, 11.3 last seen:(600,0) globalposderived: (600,0)
(b)r: 1.71297 phi: 27.8941 vel: ( -0.310404, -0.047064 ) (601,0) rel: ( 1.51395, 0.801396 ), (601,0) global: ( 0.171698, 4.54558 ), (601,0), changes: 0.064, 11.3 last seen:(600,0) globalposderived: (600,0)
 601: direction old: 123.746205, new: 123.216653
(b)r: 1.8 phi: 29 vel: ( -0.318173, -0.0441827 ) (601,0) rel: ( 1.57432, 0.872657 ), (601,0) global: ( 0.13723, 4.62712 ), (601,0), changes: 0.144, 9.4 last seen:(601,0) globalposderived: (601,0)
(b)r: 1.95898 phi: 25.5246 vel: ( -0.299082, -0.0415318 ) (602,0) rel: ( 1.76778, 0.844121 ), (602,0) global: ( -0.180943, 4.58294 ), (602,0), changes: 0.144, 9.4 last seen:(601,0) globalposderived: (601,0)
 603: direction old: 138.637632, new: 139.100685
(b)r: 2 phi: 24 vel: ( -0.269601, -0.046295 ) (603,0) rel: ( 1.82709, 0.813473 ), (603,0) global: ( -0.42152, 4.46836 ), (603,0), changes: 0.16, 6 last seen:(603,0) globalposderived: (603,0)
(b)r: 1.57172 phi: 35.0092 vel: ( -0.253425, -0.0435173 ) (604,0) rel: ( 1.28733, 0.901706 ), (604,0) global: ( -0.691121, 4.42206 ), (604,0), changes: 0.16, 6 last seen:(603,0) globalposderived: (603,0)
 604: direction old: 148.648136, new: 149.071439
(b)r: 1.6 phi: 34 vel: ( -0.245953, -0.0391028 ) (604,0) rel: ( 1.32646, 0.894709 ), (604,0) global: ( -0.604556, 4.35548 ), (604,0), changes: -0.032, 8 last seen:(604,0) globalposderived: (604,0)
(b)r: 1.57711 phi: 22.602 vel: ( -0.231196, -0.0367567 ) (605,0) rel: ( 1.45598, 0.606125 ), (605,0) global: ( -0.850509, 4.31638 ), (605,0), changes: -0.032, 8 last seen:(604,0) globalposderived: (604,0)
(b)r: 1.71081 phi: 19.7551 vel: ( -0.217324, -0.0345513 ) (606,0) rel: ( 1.61012, 0.578254 ), (606,0) global: ( -1.08171, 4.27962 ), (606,0), changes: -0.032, 8 last seen:(604,0) globalposderived: (604,0)
 606: direction old: 158.992232, new: 163.820076
(b)r: 1.8 phi: 21 vel: ( -0.222849, -0.042697 ) (606,0) rel: ( 1.68044, 0.645062 ), (606,0) global: ( -1.37239, 4.22897 ), (606,0), changes: 0.18, 4.1 last seen:(606,0) globalposderived: (606,0)
(b)r: 1.32026 phi: 27.5845 vel: ( -0.209478, -0.0401352 ) (607,0) rel: ( 1.17019, 0.611356 ), (607,0) global: ( -1.59523, 4.18628 ), (607,0), changes: 0.18, 4.1 last seen:(606,0) globalposderived: (606,0)
 607: direction old: 175.747300, new: 170.769105
(b)r: 1.2 phi: 28 vel: ( -0.207913, -0.0396092 ) (607,0) rel: ( 1.05954, 0.563366 ), (607,0) global: ( -1.34329, 4.27196 ), (607,0), changes: -0.048, 5.7 last seen:(607,0) globalposderived: (607,0)
(b)r: 1.15674 phi: 17.935 vel: ( -0.195438, -0.0372327 ) (608,0) rel: ( 1.10053, 0.356205 ), (608,0) global: ( -1.5512, 4.23235 ), (608,0), changes: -0.048, 5.7 last seen:(607,0) globalposderived: (607,0)
(b)r: 0.609002 phi: 26.3386 vel: ( -0.183712, -0.0349987 ) (609,0) rel: ( 0.54578, 0.270199 ), (609,0) global: ( -1.74664, 4.19512 ), (609,0), changes: -0.048, 5.7 last seen:(607,0) globalposderived: (607,0)
 609: turnWithBall: turn since ball will be kickable in t+1
 609: direction old: 176.056081, new: -175.577133
(b)r: 0.7 phi: 27 vel: ( -0.18739, -0.0408504 ) (609,0) rel: ( 0.623705, 0.317793 ), (609,0) global: ( -1.85237, 4.10031 ), (609,0), changes: -0.07, 7.2 last seen:(609,0) globalposderived: (609,0)
 609: turnWithBall: turn since ball will be kickable in t+1
(b)r: 0.669279 phi: 127.058 vel: ( -0.176146, -0.0383994 ) (610,0) rel: ( -0.403324, 0.534101 ), (610,0) global: ( -2.03976, 4.05946 ), (610,0), changes: -0.07, 7.2 last seen:(609,0) globalposderived: (609,0)
 610: turnWithBall: turn since ball will be kickable in t+1
 610: 2 pos: ball(-2.048320,4.087597), ball_prev(-1.852375,4.100309), agentdiff(-0.070812,-0.008955)
 610: vel based on 2 pos: (-0.117625,-0.003531)
 610: direction old: -164.456244, new: -167.265063
(b)r: 0.6 phi: 116 vel: ( -0.117625, -0.00353117 ) (610,0) rel: ( -0.263023, 0.539276 ), (610,0) global: ( -2.04832, 4.0876 ), (610,0), changes: -0.07, 7.2 last seen:(610,0) globalposderived: (610,0)
 610: turnWithBall: turn since ball will be kickable in t+1
(b)r: 0.607573 phi: -154.823 vel: ( -0.110568, -0.0033193 ) (611,0) rel: ( -0.549854, -0.258468 ), (611,0) global: ( -2.16595, 4.08407 ), (611,0), changes: -0.07, 7.2 last seen:(610,0) globalposderived: (610,0)
 611: ball (-2.165946,4.084066), agent (-1.573841,4.220288), to (8.391386,5.053511) ang 4.779559 -12.220441
 611: relpos body (0.607573,-171.823324), vel. ball:(-0.110568,-0.003319) dist: 1.027941 (0.300000,0.085000,0.642941)
 611: point good and can reach point 71.318718
(b)r: 0.614932 phi: 9.29559 vel: ( 1.10783, 0.0981996 ) (612,0) rel: ( 0.606856, 0.0993286 ), (612,0) global: ( -0.987398, 4.18853 ), (612,0), changes: -0.07, 7.2 last seen:(610,0) globalposderived: (610,0)
 612: ball (-0.987398,4.188534), agent (-1.601528,4.219911), to (8.363698,5.053135) ang 4.779559 -12.220441
 612: relpos body (0.614932,-7.704409), vel. ball:(1.107835,0.098200) dist: 1.027941 (0.300000,0.085000,0.642941)
 612: point good and can reach point 0.284635
 612: direction old: -3.671814, new: -28.801165
(b)r: 0.5 phi: -9 vel: ( -0.0855649, 0.00890799 ) (612,0) rel: ( 0.493844, -0.0782172 ), (612,0) global: ( -1.09242, 3.9825 ), (612,0), changes: -0.07, -3.4 last seen:(612,0) globalposderived: (612,0)
 612: ball (-1.092415,3.982505), agent (-1.530564,4.223391), to (8.457488,3.734690) ang -2.801165 -19.801165
 612: relpos body (0.500000,-26.000000), vel. ball:(-0.085565,0.008908) dist: 1.027941 (0.300000,0.085000,0.642941)
 612: point good and can reach point 48.491324
(b)r: 1.56947 phi: 9.14589 vel: ( 1.038, -0.0463499 ) (613,0) rel: ( 1.54952, 0.249465 ), (613,0) global: ( 0.0118439, 3.9332 ), (613,0), changes: -0.07, -3.4 last seen:(612,0) globalposderived: (612,0)
 613: direction old: -10.655273, new: -11.801165
(b)r: 0.7 phi: 8 vel: ( 0.217593, 0.0830933 ) (613,0) rel: ( 0.693188, 0.0974212 ), (613,0) global: ( -0.84536, 4.08023 ), (613,0), changes: 0.196, 10.3 last seen:(613,0) globalposderived: (613,0)
 613: ball (-0.845360,4.080229), agent (-1.530564,4.223391), to (8.457488,3.734690) ang -2.801165 -19.801165
 613: relpos body (0.700000,-9.000000), vel. ball:(0.217593,0.083093) dist: 1.027941 (0.300000,0.085000,0.642941)
 613: point good and can reach point 38.872325
(b)r: 1.8026 phi: 3.1331 vel: ( 1.04169, -0.0365852 ) (614,0) rel: ( 1.79991, 0.0985225 ), (614,0) global: ( 0.262821, 4.04131 ), (614,0), changes: 0.196, 10.3 last seen:(613,0) globalposderived: (613,0)
 615: direction old: -5.145166, new: -6.659791
 616: direction old: -6.622782, new: -5.891119
 618: direction old: -12.179545, new: -6.040620
(b)r: 1.83162 phi: -1.04173 vel: ( 0.724527, -0.0227674 ) (619,0) rel: ( 1.83131, -0.0333 ), (619,0) global: ( 4.52165, 4.14819 ), (619,0), changes: 0.4, 1.1 last seen:(618,0) globalposderived: (618,0)
 619: direction old: -0.029854, new: -6.813844
(b)r: 1.8114 phi: 0.285135 vel: ( 0.706819, -0.0277319 ) (620,0) rel: ( 1.81138, 0.00901449 ), (620,0) global: ( 5.59466, 3.88227 ), (620,0), changes: 0.44, 0.6 last seen:(619,0) globalposderived: (619,0)
(b)r: 1.55033 phi: -0.363258 vel: ( 0.66441, -0.026068 ) (621,0) rel: ( 1.5503, -0.00982911 ), (621,0) global: ( 6.30148, 3.85454 ), (621,0), changes: 0.44, 0.6 last seen:(619,0) globalposderived: (619,0)
 621: direction old: -5.519328, new: -7.645933
(b)r: 1.5 phi: -1 vel: ( 0.659457, -0.0107736 ) (621,0) rel: ( 1.49977, -0.0261786 ), (621,0) global: ( 6.27863, 3.80082 ), (621,0), changes: 0.3, 2.1 last seen:(621,0) globalposderived: (621,0)
(b)r: 1.19001 phi: 0.171202 vel: ( 0.619889, -0.0101272 ) (622,0) rel: ( 1.19, 0.00355577 ), (622,0) global: ( 6.93808, 3.79005 ), (622,0), changes: 0.3, 2.1 last seen:(621,0) globalposderived: (621,0)
 622: direction old: -3.638845, new: -8.490745
(b)r: 1.1 phi: -1 vel: ( 0.608811, 0.00100039 ) (622,0) rel: ( 1.09983, -0.0191976 ), (622,0) global: ( 6.77673, 3.70709 ), (622,0), changes: 0.242, 3 last seen:(622,0) globalposderived: (622,0)
(b)r: 1.34455 phi: 13.3972 vel: ( 0.572282, 0.000940362 ) (623,0) rel: ( 1.30796, 0.311534 ), (623,0) global: ( 7.38555, 3.70809 ), (623,0), changes: 0.242, 3 last seen:(622,0) globalposderived: (622,0)
(b)r: 1.7763 phi: 7.10725 vel: ( 0.537946, 0.00088394 ) (624,0) rel: ( 1.76265, 0.219776 ), (624,0) global: ( 7.95783, 3.70903 ), (624,0), changes: 0.242, 3 last seen:(622,0) globalposderived: (622,0)
 624: direction old: -11.482017, new: -3.537912
(b)r: 1.6 phi: 7 vel: ( 0.467571, 0.0111359 ) (624,0) rel: ( 1.58807, 0.194991 ), (624,0) global: ( 7.83905, 3.9588 ), (624,0), changes: 0.416, 1.4 last seen:(624,0) globalposderived: (624,0)
(b)r: 1.37483 phi: 9.16968 vel: ( 0.439516, 0.0104678 ) (625,0) rel: ( 1.35726, 0.219091 ), (625,0) global: ( 8.30662, 3.96994 ), (625,0), changes: 0.416, 1.4 last seen:(624,0) globalposderived: (624,0)
 625: direction old: 3.944250, new: -1.496677
(b)r: 1.5 phi: 9 vel: ( 0.44968, 0.00577673 ) (625,0) rel: ( 1.48153, 0.234652 ), (625,0) global: ( 8.37133, 3.83183 ), (625,0), changes: 0.21, 1 last seen:(625,0) globalposderived: (625,0)
(b)r: 1.06839 phi: 13.2583 vel: ( 0.422699, 0.00543012 ) (626,0) rel: ( 1.03992, 0.245026 ), (626,0) global: ( 8.82101, 3.83761 ), (626,0), changes: 0.21, 1 last seen:(625,0) globalposderived: (625,0)
(b)r: 1.16292 phi: 1.42393 vel: ( 0.397337, 0.00510432 ) (627,0) rel: ( 1.16257, 0.0288983 ), (627,0) global: ( 9.2437, 3.84304 ), (627,0), changes: 0.21, 1 last seen:(625,0) globalposderived: (625,0)
 627: direction old: -9.191009, new: 2.785480
(b)r: 1.2 phi: 1 vel: ( 0.402227, -0.00216884 ) (627,0) rel: ( 1.19982, 0.0209429 ), (627,0) global: ( 9.36281, 4.07602 ), (627,0), changes: 0.288, -0.4 last seen:(627,0) globalposderived: (627,0)
(b)r: 0.827186 phi: -1.44198 vel: ( 0.378093, -0.00203871 ) (628,0) rel: ( 0.826924, -0.0208159 ), (628,0) global: ( 9.76503, 4.07385 ), (628,0), changes: 0.288, -0.4 last seen:(627,0) globalposderived: (627,0)
 628: ball (9.765033,4.073849), agent (8.937862,4.068890), to (20.279741,-0.906736) ang 6.785480 1.785480
 628: relpos body (0.827186,-6.441981), vel. ball:(0.378093,-0.002039) dist: 1.027941 (0.300000,0.085000,0.642941)
 628: point good and can reach point 96.205496
 628: direction old: 16.496099, new: 0.000694
(b)r: 0.8 phi: -2 vel: ( 0.376706, -0.00730821 ) (628,0) rel: ( 0.799513, -0.0279196 ), (628,0) global: ( 9.66476, 3.80725 ), (628,0), changes: 0.096, -2.3 last seen:(628,0) globalposderived: (628,0)
 628: ball (9.664760,3.807253), agent (8.864760,3.807243), to (20.094977,-0.959541) ang 7.000694 2.000694
 628: relpos body (0.800000,-7.000000), vel. ball:(0.376706,-0.007308) dist: 1.027941 (0.300000,0.085000,0.642941)
 628: point good and can reach point 94.898130
(b)r: 1.61479 phi: -19.1137 vel: ( -0.72764, 0.0433513 ) (745,0) rel: ( 1.52576, -0.528751 ), (745,0) global: ( 5.55167, -12.1838 ), (745,0), changes: -1.056, 1.4 last seen:(744,0) globalposderived: (744,0)
 745: direction old: 6.128408, new: 3.065345
(b)r: 1.8 phi: -18 vel: ( -0.742552, 0.058336 ) (745,0) rel: ( 1.7119, -0.556231 ), (745,0) global: ( 5.71624, -12.2629 ), (745,0), changes: -1.08, 4.9 last seen:(745,0) globalposderived: (745,0)
(b)r: 0.742656 phi: -16.1172 vel: ( -0.697999, 0.0548359 ) (746,0) rel: ( 0.713467, -0.206163 ), (746,0) global: ( 4.97369, -12.2045 ), (746,0), changes: -1.08, 4.9 last seen:(745,0) globalposderived: (745,0)
 746: ball (4.973693,-12.204534), agent (4.250748,-12.374502), to (12.145986,6.103665) ang 5.347481 29.347481
 746: relpos body (0.742656,7.882812), vel. ball:(-0.697999,0.054836) dist: 1.027941 (0.300000,0.085000,0.642941)
 746: point too far, reposition ball (k_r = 0.849981)
 746: (kick 26.553871 -23.009304), vecDesired (-0.117326,-0.130054) 0.000000 posDes(4.856367,-12.334588)
(b)r: 0.458403 phi: -22.7481 vel: ( -0.121644, -0.118539 ) (747,0) rel: ( 0.422746, -0.177255 ), (747,0) global: ( 4.84428, -12.3306 ), (747,0), changes: -1.08, 4.9 last seen:(745,0) globalposderived: (745,0)
 747: ball (4.844284,-12.330639), agent (4.388918,-12.383322), to (12.172243,6.136605) ang 5.347481 29.347481
 747: relpos body (0.458403,1.251940), vel. ball:(-0.121644,-0.118539) dist: 1.027941 (0.300000,0.085000,0.642941)
 747: pos (1.149633,2.897199) too far, but can acc ball good to 2.462276 k=2.618242,0.069346
 747: direction old: 14.620247, new: 6.718086
(b)r: 0.4 phi: -22 vel: ( -0.113721, -0.118457 ) (747,0) rel: ( 0.370874, -0.149843 ), (747,0) global: ( 4.91593, -12.3688 ), (747,0), changes: -0.168, -13.7 last seen:(747,0) globalposderived: (747,0)
 747: ball (4.915932,-12.368782), agent (4.518679,-12.415576), to (14.484793,-11.593045) ang 4.718086 28.718086
 747: relpos body (0.400000,2.000000), vel. ball:(-0.113721,-0.118457) dist: 1.027941 (0.300000,0.085000,0.642941)
 747: point good and can reach point 46.524465
(b)r: 1.45029 phi: -24.0074 vel: ( 1.03716, 0.0640854 ) (748,0) rel: ( 1.32483, -0.590055 ), (748,0) global: ( 6.01929, -12.3006 ), (748,0), changes: -0.168, -13.7 last seen:(747,0) globalposderived: (747,0)
 748: direction old: 4.381167, new: 4.718086
(b)r: 1.5 phi: -24 vel: ( 1.03768, 0.0628087 ) (748,0) rel: ( 1.37032, -0.610105 ), (748,0) global: ( 6.0136, -12.2922 ), (748,0), changes: 1.02, -0.8 last seen:(748,0) globalposderived: (748,0)
 855: direction old: -11.174385, new: -8.714408
(b)r: 1.38979 phi: -25.9161 vel: ( -1.01741, -0.114056 ) (856,0) rel: ( 1.25003, -0.607413 ), (856,0) global: ( 4.28018, -1.10196 ), (856,0), changes: -1.296, -6.2 last seen:(855,0) globalposderived: (855,0)
 856: direction old: -16.188584, new: -22.099438
(b)r: 1.3 phi: -25 vel: ( -0.990284, -0.0990921 ) (856,0) rel: ( 1.1782, -0.549404 ), (856,0) global: ( 4.13442, -1.19905 ), (856,0), changes: -0.962, -21.3 last seen:(856,0) globalposderived: (856,0)
(b)r: 0.597295 phi: -68.0769 vel: ( -0.930867, -0.0931465 ) (857,0) rel: ( 0.223007, -0.554103 ), (857,0) global: ( 3.14413, -1.29814 ), (857,0), changes: -0.962, -21.3 last seen:(856,0) globalposderived: (856,0)
 857: turnWithBall: freeze ball
(b)r: 0.603342 phi: -71.1759 vel: ( -0.00333091, -0.010523 ) (858,0) rel: ( 0.194676, -0.571072 ), (858,0) global: ( 3.14059, -1.30934 ), (858,0), changes: -0.962, -21.3 last seen:(856,0) globalposderived: (856,0)
 858: turnWithBall: turn since ball will be kickable in t+1
 858: 2 pos: ball(3.176244,-1.213858), ball_prev(4.134418,-1.199049), agentdiff(0.097527,0.196396)
 858: direction old: -91.822582, new: -89.153397
(b)r: 0.7 phi: -78 vel: ( -0.00333091, -0.010523 ) (858,0) rel: ( 0.145538, -0.684703 ), (858,0) global: ( 3.17624, -1.21386 ), (858,0), changes: -0.962, -21.3 last seen:(858,0) globalposderived: (858,0)
 858: turnWithBall: turn since ball will be kickable in t+1
(b)r: 0.710481 phi: -103.409 vel: ( -0.00313105, -0.00989162 ) (859,0) rel: ( -0.164763, -0.691113 ), (859,0) global: ( 3.17291, -1.22438 ), (859,0), changes: -0.962, -21.3 last seen:(858,0) globalposderived: (858,0)
 859: ball (3.172913,-1.224381), agent (3.165901,-0.513934), to (13.164454,-0.343840) ang 0.974615 13.974615
 859: relpos body (0.710481,-90.409138), vel. ball:(-0.003131,-0.009892) dist: 1.027941 (0.300000,0.085000,0.642941)
 859: point good and can reach point 55.549377
 859: 2 pos: ball(3.112310,-1.369502), ball_prev(3.176244,-1.213858), agentdiff(0.025915,-0.160097)
 859: vel based on 2 pos: (-0.084458,0.004186)
 859: direction old: -91.967183, new: -96.521698
(b)r: 0.7 phi: -108 vel: ( -0.0844576, 0.00418615 ) (859,0) rel: ( -0.216312, -0.66574 ), (859,0) global: ( 3.11231, -1.3695 ), (859,0), changes: -0.962, -21.3 last seen:(859,0) globalposderived: (859,0)
 859: ball (3.112310,-1.369502), agent (3.191816,-0.674032), to (13.188289,-0.939587) ang -1.521698 11.478302
 859: relpos body (0.700000,-95.000000), vel. ball:(-0.084458,0.004186) dist: 1.027941 (0.300000,0.085000,0.642941)
 859: point good and can reach point 59.704776
(b)r: 1.21806 phi: -44.3237 vel: ( 1.03667, 0.0327371 ) (860,0) rel: ( 0.871404, -0.851072 ), (860,0) global: ( 4.21515, -1.33468 ), (860,0), changes: -0.962, -21.3 last seen:(859,0) globalposderived: (859,0)
 861: 2 pos: ball(5.050624,-1.412158), ball_prev(3.112310,-1.369502), agentdiff(0.000000,0.000000)
 861: direction old: -16.951619, new: -21.657860
 873: direction old: -74.409771, new: -72.308903
 876: direction old: -106.307831, new: -111.264406
 888: direction old: -143.229138, new: -143.173402
 889: direction old: -137.708881, new: -139.244169
(b)r: 2 phi: 3 vel: ( -0.408947, -0.148447 ) (889,0) rel: ( 1.99726, 0.104672 ), (889,0) global: ( -9.70893, -7.03574 ), (889,0), changes: 0.08, -0.8 last seen:(889,0) globalposderived: (889,0)
(b)r: 1.72027 phi: -29.1255 vel: ( -0.361346, -0.131167 ) (891,0) rel: ( 1.50275, -0.837294 ), (891,0) global: ( -10.5023, -7.32373 ), (891,0), changes: 0.08, -0.8 last seen:(889,0) globalposderived: (889,0)
 891: direction old: -159.032570, new: -147.798067
(b)r: 1.8 phi: -30 vel: ( -0.354919, -0.134934 ) (891,0) rel: ( 1.55885, -0.9 ), (891,0) global: ( -10.4527, -7.68029 ), (891,0), changes: 0.108, -4.4 last seen:(891,0) globalposderived: (891,0)
(b)r: 1.93869 phi: -14.7548 vel: ( -0.333624, -0.126838 ) (892,0) rel: ( 1.87476, -0.493752 ), (892,0) global: ( -10.8077, -7.81523 ), (892,0), changes: 0.108, -4.4 last seen:(891,0) globalposderived: (891,0)
 892: direction old: -140.108770, new: -152.102247
(b)r: 1.63994 phi: 1.04033 vel: ( -0.319341, -0.118265 ) (893,0) rel: ( 1.63967, 0.0297749 ), (893,0) global: ( -11.4193, -7.62667 ), (893,0), changes: 0.28, -2.4 last seen:(892,0) globalposderived: (892,0)
(b)r: 1.06538 phi: 0.655951 vel: ( -0.30018, -0.111169 ) (894,0) rel: ( 1.06531, 0.0121967 ), (894,0) global: ( -11.7386, -7.74493 ), (894,0), changes: 0.28, -2.4 last seen:(892,0) globalposderived: (892,0)
 894: direction old: -163.875706, new: -160.212036
(b)r: 1.1 phi: -5 vel: ( -0.307782, -0.101044 ) (894,0) rel: ( 1.09581, -0.0958713 ), (894,0) global: ( -11.6924, -7.80472 ), (894,0), changes: 0, -3.2 last seen:(894,0) globalposderived: (894,0)
(b)r: 1.09738 phi: 8.7291 vel: ( -0.289315, -0.0949816 ) (895,0) rel: ( 1.08467, 0.166542 ), (895,0) global: ( -12.0001, -7.90576 ), (895,0), changes: 0, -3.2 last seen:(894,0) globalposderived: (894,0)
 895: direction old: -166.275932, new: -163.481792
(b)r: 1.1 phi: 7 vel: ( 0, 0 ) (895,0) rel: ( 1.0918, 0.134056 ), (895,0) global: ( -11.8012, -7.91237 ), (895,0), changes: 0.308, 0.7 last seen:(895,0) globalposderived: (895,0)
(b)r: 0.2 phi: -2.84217e-14 vel: ( 0, 0 ) (896,0) rel: ( 0.2, -9.92105e-17 ), (896,0) global: ( -11.5233, -7.82211 ), (896,0), changes: 0.308, 0.7 last seen:(895,0) globalposderived: (895,0)
 896: turnWithBall: kick ball away from opp at ang -156.821142
 896: (kick 24.465135 -175.511841), vecDesired (0.658024,0.258992) -173.817114 posDes(-10.865283,-7.563114)
(b)r: 0.2 phi: -2.84217e-14 vel: ( 0, 0 ) (897,0) rel: ( 0.2, -9.92105e-17 ), (897,0) global: ( -11.5233, -7.82211 ), (897,0), changes: 0.308, 0.7 last seen:(895,0) globalposderived: (895,0)
 897: turnWithBall: turn since ball will be kickable in t+1
(b)r: 0.225159 phi: -122.407 vel: ( 0, 0 ) (897,0) rel: ( -0.12067, -0.190093 ), (897,0) global: ( -11.4717, -7.44976 ), (897,0), changes: 0.308, 0.7 last seen:(895,0) globalposderived: (895,0)
 897: turnWithBall: kick ball away from opp at ang 79.471900
 897: (kick 45.092451 63.000000), vecDesired (-0.198773,-1.069557) 63.000000 posDes(-11.670481,-8.519316)
(b)r: 0.6 phi: -118 vel: ( 0, 0 ) (898,0) rel: ( -0.281683, -0.529769 ), (898,0) global: ( -11.4717, -7.44976 ), (898,0), changes: 0.308, 0.7 last seen:(895,0) globalposderived: (895,0)
 898: turnWithBall: kick ball away from opp at ang 55.223585
 898: (kick 52.264833 52.144294), vecDesired (-0.387900,-0.990628) 38.751685 posDes(-11.859607,-8.440388)
(b)r: 0.6 phi: -118 vel: ( 0, 0 ) (898,0) rel: ( -0.281683, -0.529769 ), (898,0) global: ( -11.4717, -7.44976 ), (898,0), changes: 0.308, 0.7 last seen:(895,0) globalposderived: (895,0)
 898: turnWithBall: kick ball away from opp at ang 79.471900
 898: (kick 53.444108 63.000000), vecDesired (-0.198773,-1.069557) 63.000000 posDes(-11.670481,-8.519316)
(b)r: 0.6 phi: -118 vel: ( 0, 0 ) (899,0) rel: ( -0.281683, -0.529769 ), (899,0) global: ( -11.4717, -7.44976 ), (899,0), changes: 0.308, 0.7 last seen:(895,0) globalposderived: (895,0)
 899: turnWithBall: kick ball away from opp at ang 55.223585
 899: (kick 52.264833 52.144294), vecDesired (-0.387900,-0.990628) 38.751685 posDes(-11.859607,-8.440388)
(b)r: 0.6 phi: -118 vel: ( 0, 0 ) (900,0) rel: ( -0.281683, -0.529769 ), (900,0) global: ( -11.4717, -7.44976 ), (900,0), changes: 0.308, 0.7 last seen:(895,0) globalposderived: (895,0)
 900: turnWithBall: kick ball away from opp at ang 79.471900
 900: (kick 53.444108 63.000000), vecDesired (-0.198773,-1.069557) 63.000000 posDes(-11.670481,-8.519316)
(b)r: 0.6 phi: -118 vel: ( 0, 0 ) (900,0) rel: ( -0.281683, -0.529769 ), (900,0) global: ( -10.6131, -7.78975 ), (900,0), changes: 0.308, 0.7 last seen:(895,0) globalposderived: (895,0)
 900: turnWithBall: kick ball away from opp at ang 14.471900
 900: (kick 73.095015 -2.000000), vecDesired (-1.440661,-0.371827) -2.000000 posDes(-12.053729,-8.161580)
(b)r: 1 phi: 177 vel: ( 0, 0 ) (901,0) rel: ( -0.99863, 0.052336 ), (901,0) global: ( -10.6131, -7.78975 ), (901,0), changes: 0.308, 0.7 last seen:(895,0) globalposderived: (895,0)
 901: turnWithBall: kick ball away from opp at ang 11.146992
 901: kickBallCloseToBody: ball has no speed, but far away
(b)r: 1 phi: 177 vel: ( 0, 0 ) (901,0) rel: ( -0.99863, 0.052336 ), (901,0) global: ( -9.98633, -8.16598 ), (901,0), changes: 0.308, 0.7 last seen:(895,0) globalposderived: (895,0)
 901: turnWithBall: kick ball away from opp at ang -4.528100
 901: kickBallCloseToBody: ball has no speed, but far away
(b)r: 1.6 phi: 158 vel: ( 0, 0 ) (902,0) rel: ( -1.48349, 0.599371 ), (902,0) global: ( -9.98633, -8.16598 ), (902,0), changes: 0.308, 0.7 last seen:(895,0) globalposderived: (895,0)
(b)r: 1.05767 phi: 59.7499 vel: ( 0, 0 ) (903,0) rel: ( 0.532826, 0.913648 ), (903,0) global: ( -9.98633, -8.16598 ), (903,0), changes: 0.308, 0.7 last seen:(895,0) globalposderived: (895,0)
(b)r: 1.21359 phi: -28.937 vel: ( -0.880349, 0.304649 ) (933,0) rel: ( 1.06208, -0.587194 ), (933,0) global: ( -2.44582, -16.1445 ), (933,0), changes: -1.11, -6.3 last seen:(931,0) globalposderived: (931,0)
 933: direction old: -110.350339, new: -91.518629
(b)r: 1.1 phi: -26 vel: ( -0.858085, 0.32107 ) (933,0) rel: ( 0.988673, -0.482208 ), (933,0) global: ( -1.95658, -15.8465 ), (933,0), changes: -0.374, -48.2 last seen:(933,0) globalposderived: (933,0)
(b)r: 1.19914 phi: -44.3659 vel: ( -0.8066, 0.301806 ) (934,0) rel: ( 0.857253, -0.838485 ), (934,0) global: ( -2.81466, -15.5254 ), (934,0), changes: -0.374, -48.2 last seen:(933,0) globalposderived: (933,0)
 934: direction old: -141.593267, new: -143.251386
(b)r: 1.2 phi: -44 vel: ( -0.807786, 0.318477 ) (934,0) rel: ( 0.863208, -0.83359 ), (934,0) global: ( -2.93036, -15.5728 ), (934,0), changes: 0.456, -37.8 last seen:(934,0) globalposderived: (934,0)
(b)r: 1.82563 phi: 4.42819 vel: ( -0.759319, 0.299368 ) (935,0) rel: ( 1.82018, 0.140956 ), (935,0) global: ( -3.73815, -15.2544 ), (935,0), changes: 0.456, -37.8 last seen:(934,0) globalposderived: (934,0)
(b)r: 1.94359 phi: 0.560269 vel: ( -0.71376, 0.281406 ) (936,0) rel: ( 1.9435, 0.0190052 ), (936,0) global: ( -4.49747, -14.955 ), (936,0), changes: 0.456, -37.8 last seen:(934,0) globalposderived: (934,0)
 936: direction old: -177.915251, new: -179.125059
(b)r: 1.8 phi: -16 vel: ( -0.689979, 0.304309 ) (936,0) rel: ( 1.73027, -0.496147 ), (936,0) global: ( -4.45148, -14.9153 ), (936,0), changes: 0.432, -10.1 last seen:(936,0) globalposderived: (936,0)
(b)r: 1.6198 phi: -22.9956 vel: ( -0.648581, 0.28605 ) (937,0) rel: ( 1.49109, -0.632793 ), (937,0) global: ( -5.14146, -14.611 ), (937,0), changes: 0.432, -10.1 last seen:(936,0) globalposderived: (936,0)
 937: direction old: 172.373783, new: 172.693739
(b)r: 1.6 phi: -23 vel: ( -0.643849, 0.290986 ) (937,0) rel: ( 1.47281, -0.62517 ), (937,0) global: ( -5.12263, -14.6225 ), (937,0), changes: 0.352, -8.2 last seen:(937,0) globalposderived: (937,0)
(b)r: 1.30198 phi: -33.6909 vel: ( -0.605218, 0.273527 ) (938,0) rel: ( 1.0833, -0.722226 ), (938,0) global: ( -5.76648, -14.3315 ), (938,0), changes: 0.352, -8.2 last seen:(937,0) globalposderived: (937,0)
(b)r: 1.59839 phi: -18.8724 vel: ( -0.568905, 0.257115 ) (939,0) rel: ( 1.51246, -0.517017 ), (939,0) global: ( -6.3717, -14.058 ), (939,0), changes: 0.352, -8.2 last seen:(937,0) globalposderived: (937,0)
 939: direction old: 161.525998, new: 154.774217
(b)r: 1.6 phi: -19 vel: ( -0.557172, 0.265096 ) (939,0) rel: ( 1.51283, -0.520909 ), (939,0) global: ( -6.31169, -13.8797 ), (939,0), changes: 0.48, -2.4 last seen:(939,0) globalposderived: (939,0)
(b)r: 1.44633 phi: -21.7713 vel: ( -0.523742, 0.24919 ) (940,0) rel: ( 1.34317, -0.536449 ), (940,0) global: ( -6.86886, -13.6146 ), (940,0), changes: 0.48, -2.4 last seen:(939,0) globalposderived: (939,0)
 940: direction old: 150.696190, new: 150.734949
(b)r: 1.3 phi: -23 vel: ( -0.502176, 0.244554 ) (940,0) rel: ( 1.19666, -0.50795 ), (940,0) global: ( -6.78794, -13.661 ), (940,0), changes: 0.26, -0.8 last seen:(940,0) globalposderived: (940,0)
(b)r: 1.58439 phi: -15.7101 vel: ( -0.472046, 0.229881 ) (941,0) rel: ( 1.5252, -0.429004 ), (941,0) global: ( -7.29012, -13.4165 ), (941,0), changes: 0.26, -0.8 last seen:(940,0) globalposderived: (940,0)
(b)r: 1.36121 phi: -14.1058 vel: ( -0.443723, 0.216088 ) (942,0) rel: ( 1.32017, -0.331745 ), (942,0) global: ( -7.76216, -13.1866 ), (942,0), changes: 0.26, -0.8 last seen:(940,0) globalposderived: (940,0)
 942: direction old: 142.037484, new: 151.754848
(b)r: 1.5 phi: -14 vel: ( -0.438416, 0.211897 ) (942,0) rel: ( 1.45544, -0.362883 ), (942,0) global: ( -7.94128, -13.368 ), (942,0), changes: 0.21, 1.2 last seen:(942,0) globalposderived: (942,0)
(b)r: 1.0794 phi: 0.344801 vel: ( -0.412111, 0.199183 ) (943,0) rel: ( 1.07938, 0.00649569 ), (943,0) global: ( -8.37969, -13.1561 ), (943,0), changes: 0.21, 1.2 last seen:(942,0) globalposderived: (942,0)
 943: direction old: 177.943389, new: 156.255430
(b)r: 1 phi: -1 vel: ( -0.406212, 0.19938 ) (943,0) rel: ( 0.999848, -0.0174524 ), (943,0) global: ( -8.32495, -12.7883 ), (943,0), changes: 0.12, 1.4 last seen:(943,0) globalposderived: (943,0)
 943: turnWithBall: kick ball away from opp at ang -141.744570
 943: (kick 70.753172 -152.325498), vecDesired (1.017821,0.073038) -109.000000 posDes(-7.307131,-12.715232)
(b)r: 0.480536 phi: -124.435 vel: ( 0.908722, 0.0803028 ) (944,0) rel: ( -0.271728, -0.396332 ), (944,0) global: ( -7.35823, -12.7028 ), (944,0), changes: 0.12, 1.4 last seen:(943,0) globalposderived: (943,0)
 944: turnWithBall: freeze ball
(b)r: 0.528129 phi: -135.769 vel: ( 0.000551634, 0.00238755 ) (945,0) rel: ( -0.378421, -0.368399 ), (945,0) global: ( -7.35764, -12.7003 ), (945,0), changes: 0.12, 1.4 last seen:(943,0) globalposderived: (943,0)
 945: turnWithBall: turn since ball will be kickable in t+1
 945: 2 pos: ball(-7.220522,-13.120920), ball_prev(-8.324952,-12.788270), agentdiff(0.014693,-0.351307)
 945: direction old: 58.136296, new: 23.791931
(b)r: 0.6 phi: -147 vel: ( 0.000551634, 0.00238755 ) (945,0) rel: ( -0.503202, -0.326783 ), (945,0) global: ( -7.22052, -13.1209 ), (945,0), changes: 0.12, 1.4 last seen:(945,0) globalposderived: (945,0)
 945: turnWithBall: turn since ball will be kickable in t+1
(b)r: 0.645769 phi: -9.61918 vel: ( 0.000518536, 0.0022443 ) (946,0) rel: ( 0.636689, -0.107907 ), (946,0) global: ( -7.21997, -13.1185 ), (946,0), changes: 0.12, 1.4 last seen:(945,0) globalposderived: (945,0)
 946: ball (-7.219971,-13.118532), agent (-7.823159,-13.349143), to (2.111727,-12.209828) ang 6.541997 30.541997
 946: relpos body (0.645769,14.380821), vel. ball:(0.000519,0.002244) dist: 1.027941 (0.300000,0.085000,0.642941)
 946: point good and can reach point 47.081891
 946: direction old: 12.758777, new: 18.859464
(b)r: 0.7 phi: 1 vel: ( 0.0466485, -0.00630271 ) (946,0) rel: ( 0.699893, 0.0122167 ), (946,0) global: ( -7.0154, -12.9959 ), (946,0), changes: 0.056, -2.9 last seen:(946,0) globalposderived: (946,0)
 946: ball (-7.015401,-12.995933), agent (-7.677821,-13.222207), to (2.264804,-14.291882) ang -6.140536 17.859464
 946: relpos body (0.700000,25.000000), vel. ball:(0.046649,-0.006303) dist: 1.027941 (0.300000,0.085000,0.642941)
 946: point good and can reach point 47.047382
(b)r: 1.77242 phi: -15.045 vel: ( 1.04139, -0.130891 ) (947,0) rel: ( 1.71166, -0.460081 ), (947,0) global: ( -5.90754, -13.1352 ), (947,0), changes: 0.056, -2.9 last seen:(946,0) globalposderived: (946,0)
 948: direction old: -1.320745, new: -0.316553
 984: direction old: 137.278051, new: 143.665116
(b)r: 1.73199 phi: 0.51264 vel: ( 0, 0 ) (985,0) rel: ( 1.73192, 0.0154964 ), (985,0) global: ( -7.19003, -1.52583 ), (985,0), changes: -0.054, 4.6 last seen:(984,0) globalposderived: (984,0)
 985: direction old: 164.731322, new: 157.359703
 987: direction old: 163.810677, new: 172.609825
 988: direction old: 174.569805, new: 175.383414
(b)r: 1.21933 phi: -0.927118 vel: ( 0, 0 ) (989,0) rel: ( 1.21917, -0.0197294 ), (989,0) global: ( -9.95722, -1.95784 ), (989,0), changes: 0.264, 4.6 last seen:(988,0) globalposderived: (988,0)
(b)r: 0.459803 phi: 2.62894 vel: ( 0, 0 ) (990,0) rel: ( 0.459319, 0.02109 ), (990,0) global: ( -9.95722, -1.95784 ), (990,0), changes: 0.264, 4.6 last seen:(988,0) globalposderived: (988,0)
 990: turnWithBall: kick ball away from opp at ang 122.322294
 990: (kick 29.897700 116.860365), vecDesired (0.365291,-0.650839) 119.878848 posDes(-9.591926,-2.608676)
 990: direction old: 131.783760, new: -177.799598
(b)r: 1.8 phi: 35 vel: ( -0.644725, -0.148608 ) (990,0) rel: ( 1.47447, 1.03244 ), (990,0) global: ( -11.3384, -2.49413 ), (990,0), changes: 0.36, 4.1 last seen:(990,0) globalposderived: (990,0)
(b)r: 1.53978 phi: -0.655904 vel: ( -0.606042, -0.139691 ) (991,0) rel: ( 1.53968, -0.0176265 ), (991,0) global: ( -11.9831, -2.64274 ), (991,0), changes: 0.36, 4.1 last seen:(990,0) globalposderived: (990,0)
 991: direction old: -172.424469, new: -173.712513
(b)r: 1.6 phi: 0 vel: ( 0, 0 ) (991,0) rel: ( 1.6, 0 ), (991,0) global: ( -12.051, -2.61547 ), (991,0), changes: 0.32, 2.6 last seen:(991,0) globalposderived: (991,0)
(b)r: 0.605514 phi: 0.422514 vel: ( 0, 0 ) (992,0) rel: ( 0.605498, 0.00446518 ), (992,0) global: ( -12.051, -2.61547 ), (992,0), changes: 0.32, 2.6 last seen:(991,0) globalposderived: (991,0)
 992: turnWithBall: turn since ball will be kickable in t+1
(b)r: 0.246057 phi: -70.1792 vel: ( 0, 0 ) (993,0) rel: ( 0.0834329, -0.23148 ), (993,0) global: ( -12.051, -2.61547 ), (993,0), changes: 0.32, 2.6 last seen:(991,0) globalposderived: (991,0)
 993: turnWithBall: turn since ball will be kickable in t+1
 993: 2 pos: ball(-13.381664,-2.782601), ball_prev(-12.050952,-2.615474), agentdiff(-0.003067,0.098957)
 993: direction old: -146.776717, new: -168.388021
(b)r: 1.6 phi: -69 vel: ( 0, 0 ) (993,0) rel: ( 0.573389, -1.49373 ), (993,0) global: ( -13.3817, -2.7826 ), (993,0), changes: 0.32, 2.6 last seen:(993,0) globalposderived: (993,0)
(b)r: 1.46345 phi: -1.0557 vel: ( 0, 0 ) (994,0) rel: ( 1.4632, -0.0269632 ), (994,0) global: ( -13.3817, -2.7826 ), (994,0), changes: 0.32, 2.6 last seen:(993,0) globalposderived: (993,0)
 994: direction old: -178.727133, new: -178.838689
 1002: direction old: 113.310817, new: 113.700261
 1003: direction old: 98.715805, new: 97.831227
 1005: direction old: 70.347706, new: 67.786631
 1008: 2 pos: ball(-13.912393,-0.840315), ball_prev(-11.611327,0.452102), agentdiff(-0.014086,-0.000329)
 1008: direction old: 80.825445, new: 150.691739
 1009: direction old: 154.294659, new: 169.646893
(b)r: 1.91099 phi: 2.54208 vel: ( -0.452673, 0.0906252 ) (1172,0) rel: ( 1.90911, 0.0847583 ), (1172,0) global: ( 4.08003, 21.5396 ), (1172,0), changes: -0.48, 6.7 last seen:(1171,0) globalposderived: (1171,0)
(b)r: 1.45077 phi: -3.00511 vel: ( -0.425513, 0.0851877 ) (1173,0) rel: ( 1.44877, -0.0760565 ), (1173,0) global: ( 3.62735, 21.6302 ), (1173,0), changes: -0.48, 6.7 last seen:(1171,0) globalposderived: (1171,0)
 1173: direction old: 65.111058, new: 60.720595
(b)r: 1.3 phi: -1 vel: ( -0.379655, 0.0609329 ) (1173,0) rel: ( 1.2998, -0.0226881 ), (1173,0) global: ( 3.65421, 21.4516 ), (1173,0), changes: -0.208, 18.8 last seen:(1173,0) globalposderived: (1173,0)
(b)r: 1.17674 phi: 2.32405 vel: ( -0.356876, 0.0572769 ) (1174,0) rel: ( 1.17578, 0.0477184 ), (1174,0) global: ( 3.27455, 21.5126 ), (1174,0), changes: -0.208, 18.8 last seen:(1173,0) globalposderived: (1173,0)
 1174: direction old: 73.433831, new: 82.104929
(b)r: 1.2 phi: 0 vel: ( -0.35899, 0.049774 ) (1174,0) rel: ( 1.2, 0 ), (1174,0) global: ( 3.0931, 21.5371 ), (1174,0), changes: -0.024, 19.1 last seen:(1174,0) globalposderived: (1174,0)
(b)r: 1.24977 phi: -1.1784 vel: ( -0.33745, 0.0467876 ) (1175,0) rel: ( 1.2495, -0.0257021 ), (1175,0) global: ( 2.73411, 21.5868 ), (1175,0), changes: -0.024, 19.1 last seen:(1174,0) globalposderived: (1174,0)
(b)r: 1.39354 phi: -3.80212 vel: ( -0.317203, 0.0439803 ) (1176,0) rel: ( 1.39048, -0.0924071 ), (1176,0) global: ( 2.39666, 21.6336 ), (1176,0), changes: -0.024, 19.1 last seen:(1174,0) globalposderived: (1174,0)
 1176: direction old: 119.141145, new: 116.482070
(b)r: 1.5 phi: 2 vel: ( -0.374838, 0.0478763 ) (1176,0) rel: ( 1.49909, 0.0523492 ), (1176,0) global: ( 2.41698, 21.7401 ), (1176,0), changes: 0.21, 12 last seen:(1176,0) globalposderived: (1176,0)
(b)r: 1.73862 phi: 0 vel: ( -0.352348, 0.0450038 ) (1177,0) rel: ( 1.73862, 0 ), (1177,0) global: ( 2.04214, 21.788 ), (1177,0), changes: 0.21, 12 last seen:(1176,0) globalposderived: (1176,0)
 1177: direction old: 126.892298, new: 126.966103
(b)r: 1.6 phi: 0 vel: ( -0.337235, 0.0414598 ) (1177,0) rel: ( 1.6, 0 ), (1177,0) global: ( 2.12371, 21.6759 ), (1177,0), changes: 0.224, 8.4 last seen:(1177,0) globalposderived: (1177,0)
(b)r: 1.27292 phi: -0.13188 vel: ( -0.317001, 0.0389722 ) (1178,0) rel: ( 1.27292, -0.00292992 ), (1178,0) global: ( 1.78647, 21.7173 ), (1178,0), changes: 0.224, 8.4 last seen:(1177,0) globalposderived: (1177,0)
(b)r: 0.2 phi: -2.55795e-13 vel: ( 0.0297981, -0.00366339 ) (1179,0) rel: ( 0.2, -8.92894e-16 ), (1179,0) global: ( 1.85247, 21.4616 ), (1179,0), changes: 0.224, 8.4 last seen:(1177,0) globalposderived: (1177,0)
 1179: turnWithBall: turn since ball will be kickable in t+1
 1179: direction old: 90.445039, new: 137.980001
(b)r: 0.7 phi: -3 vel: ( -0.283175, 0.03831 ) (1179,0) rel: ( 0.699041, -0.0366352 ), (1179,0) global: ( 1.33302, 21.8552 ), (1179,0), changes: 0.266, 13.1 last seen:(1179,0) globalposderived: (1179,0)
 1179: turnWithBall: kick ball away from opp at ang 60.980001
 1179: (kick 47.389018 162.663240), vecDesired (0.304938,-0.916039) 102.000000 posDes(1.637957,20.939113)
(b)r: 0.493892 phi: 98.6368 vel: ( 0.271767, -0.859999 ) (1180,0) rel: ( -0.0741679, 0.488292 ), (1180,0) global: ( 1.62213, 20.9403 ), (1180,0), changes: 0.266, 13.1 last seen:(1179,0) globalposderived: (1179,0)
 1180: ball (1.622134,20.940259), agent (1.871936,21.366321), to (11.787794,11.677818) ang 138.980001 140.980001
 1180: relpos body (0.493892,100.636789), vel. ball:(0.271767,-0.859999) dist: 1.027941 (0.300000,0.085000,0.642941)
 1180: point good and can reach point 85.869376
 1180: 2 pos: ball(-0.508872,20.078417), ball_prev(1.333020,21.855152), agentdiff(-0.018878,0.020258)
 1180: vel based on 2 pos: (-1.713634,-1.689173)
 1180: direction old: -117.356806, new: -151.019999
 1182: direction old: -158.604151, new: -153.661266
(b)r: 1.84164 phi: 0.694385 vel: ( 0, 0 ) (1183,0) rel: ( 1.84151, 0.0223189 ), (1183,0) global: ( -0.913809, 19.6699 ), (1183,0), changes: 0.594, -1.2 last seen:(1182,0) globalposderived: (1182,0)
 1183: direction old: -145.644560, new: -155.333220
(b)r: 1.78673 phi: 0.648699 vel: ( 0, 0 ) (1184,0) rel: ( 1.78661, 0.0202288 ), (1184,0) global: ( -1.8283, 19.5952 ), (1184,0), changes: 0.432, -1 last seen:(1183,0) globalposderived: (1183,0)
(b)r: 0.789948 phi: 2.97296 vel: ( 0, 0 ) (1185,0) rel: ( 0.788884, 0.0409704 ), (1185,0) global: ( -1.8283, 19.5952 ), (1185,0), changes: 0.432, -1 last seen:(1183,0) globalposderived: (1183,0)
 1185: turnWithBall: kick ball away from opp at ang -164.000896
 1185: (kick 40.489400 172.690532), vecDesired (0.866468,0.298616) 169.673841 posDes(-0.961835,19.893805)
 1185: direction old: -165.505087, new: -160.452268
 1186: direction old: -170.884709, new: -165.642359
 1188: direction old: -163.605870, new: -163.447667
 1189: direction old: -158.884788, new: -163.175963
 1191: direction old: -169.769868, new: -163.548875
 1192: direction old: -159.263117, new: -164.229569
(b)r: 1.70751 phi: -0.635288 vel: ( -0.416179, -0.159462 ) (1193,0) rel: ( 1.70741, -0.0189323 ), (1193,0) global: ( -7.59889, 17.3487 ), (1193,0), changes: 0.176, 0.2 last seen:(1192,0) globalposderived: (1192,0)
(b)r: 1.16629 phi: 0 vel: ( -0.391208, -0.149895 ) (1194,0) rel: ( 1.16629, 0 ), (1194,0) global: ( -8.01507, 17.1892 ), (1194,0), changes: 0.176, 0.2 last seen:(1192,0) globalposderived: (1192,0)
 1194: direction old: 176.795629, new: -168.575275
(b)r: 1.6 phi: -2 vel: ( -0.62211, -0.326057 ) (1194,0) rel: ( 1.59903, -0.0558392 ), (1194,0) global: ( -8.21323, 16.7956 ), (1194,0), changes: 0.704, 7.2 last seen:(1194,0) globalposderived: (1194,0)
 1195: direction old: -164.555841, new: -164.487080
(b)r: 1.8 phi: 0 vel: ( -0.591024, -0.318734 ) (1195,0) rel: ( 1.8, 0 ), (1195,0) global: ( -8.94012, 16.4383 ), (1195,0), changes: 0.684, 5.1 last seen:(1195,0) globalposderived: (1195,0)
 1197: direction old: -159.099583, new: -160.455265
(b)r: 1.8 phi: -1 vel: ( -0.522607, -0.289022 ) (1197,0) rel: ( 1.79973, -0.0314143 ), (1197,0) global: ( -10.0866, 15.8656 ), (1197,0), changes: 0.612, 3.3 last seen:(1197,0) globalposderived: (1197,0)
 1198: direction old: -161.430902, new: -160.466007
(b)r: 1.6 phi: -3 vel: ( -0.477139, -0.266869 ) (1198,0) rel: ( 1.59781, -0.0837375 ), (1198,0) global: ( -10.5406, 15.5712 ), (1198,0), changes: 0.544, 3.3 last seen:(1198,0) globalposderived: (1198,0)
(b)r: 1.52381 phi: -0.924855 vel: ( -0.44851, -0.250857 ) (1199,0) rel: ( 1.52362, -0.024596 ), (1199,0) global: ( -11.0178, 15.3043 ), (1199,0), changes: 0.544, 3.3 last seen:(1198,0) globalposderived: (1198,0)
(b)r: 1.42048 phi: 2.66193 vel: ( -0.4216, -0.235805 ) (1200,0) rel: ( 1.41895, 0.065971 ), (1200,0) global: ( -11.4663, 15.0535 ), (1200,0), changes: 0.544, 3.3 last seen:(1198,0) globalposderived: (1198,0)
 1200: direction old: -147.704281, new: -156.291321
(b)r: 1.5 phi: 0 vel: ( -0.430839, -0.226624 ) (1200,0) rel: ( 1.5, 0 ), (1200,0) global: ( -11.5601, 15.2592 ), (1200,0), changes: 0.51, 0.7 last seen:(1200,0) globalposderived: (1200,0)
(b)r: 1.37096 phi: 3.13359 vel: ( -0.404989, -0.213027 ) (1201,0) rel: ( 1.36891, 0.0749426 ), (1201,0) global: ( -11.9909, 15.0325 ), (1201,0), changes: 0.51, 0.7 last seen:(1200,0) globalposderived: (1200,0)
 1201: direction old: -162.650672, new: -154.568085
(b)r: 1.3 phi: 2 vel: ( -0.406227, -0.199908 ) (1201,0) rel: ( 1.29921, 0.0453693 ), (1201,0) global: ( -11.9377, 14.8577 ), (1201,0), changes: 0.468, -0.4 last seen:(1201,0) globalposderived: (1201,0)
(b)r: 1.14029 phi: 5.51844 vel: ( -0.381853, -0.187914 ) (1202,0) rel: ( 1.135, 0.109657 ), (1202,0) global: ( -12.3439, 14.6577 ), (1202,0), changes: 0.468, -0.4 last seen:(1201,0) globalposderived: (1201,0)
(b)r: 1.56552 phi: -5.25006 vel: ( -0.358942, -0.176639 ) (1203,0) rel: ( 1.55895, -0.143249 ), (1203,0) global: ( -12.7258, 14.4698 ), (1203,0), changes: 0.468, -0.4 last seen:(1201,0) globalposderived: (1201,0)
 1203: direction old: -141.633324, new: -146.098958
(b)r: 1.8 phi: 2 vel: ( -0.351697, -0.187022 ) (1203,0) rel: ( 1.7989, 0.0628191 ), (1203,0) global: ( -12.7247, 14.6494 ), (1203,0), changes: 0.396, -0.9 last seen:(1203,0) globalposderived: (1203,0)
 1204: direction old: -134.025697, new: -141.006442
(b)r: 1.6 phi: 5 vel: ( -0.327499, -0.1772 ) (1204,0) rel: ( 1.59391, 0.139449 ), (1204,0) global: ( -13.3457, 14.4636 ), (1204,0), changes: 0.384, -2.5 last seen:(1204,0) globalposderived: (1204,0)
(b)r: 1.99462 phi: -5.72067 vel: ( -0.307849, -0.166568 ) (1205,0) rel: ( 1.98469, -0.198821 ), (1205,0) global: ( -13.6732, 14.2864 ), (1205,0), changes: 0.384, -2.5 last seen:(1204,0) globalposderived: (1204,0)
(b)r: 1.70465 phi: -7.34933 vel: ( -0.289378, -0.156574 ) (1206,0) rel: ( 1.69064, -0.218056 ), (1206,0) global: ( -13.9811, 14.1198 ), (1206,0), changes: 0.384, -2.5 last seen:(1204,0) globalposderived: (1204,0)
 1206: direction old: -150.185250, new: -144.477583
(b)r: 1.6 phi: -8 vel: ( 0, 0 ) (1206,0) rel: ( 1.58443, -0.222677 ), (1206,0) global: ( -13.7759, 14.054 ), (1206,0), changes: 0.096, -1.6 last seen:(1206,0) globalposderived: (1206,0)
(b)r: 0.734311 phi: 0 vel: ( 0, 0 ) (1207,0) rel: ( 0.734311, 0 ), (1207,0) global: ( -13.7759, 14.054 ), (1207,0), changes: 0.096, -1.6 last seen:(1206,0) globalposderived: (1206,0)
 1207: turnWithBall: kick ball away from opp at ang -125.830498
 1207: (kick 53.176550 -176.406671), vecDesired (0.930532,0.805566) -163.120078 posDes(-12.845378,14.859535)
 1207: direction old: -133.579207, new: -133.622238
(b)r: 1.2 phi: 14 vel: ( -0.254773, -0.147378 ) (1207,0) rel: ( 1.16435, 0.290306 ), (1207,0) global: ( -13.9794, 13.8415 ), (1207,0), changes: 0.312, -4.2 last seen:(1207,0) globalposderived: (1207,0)
(b)r: 0.881287 phi: 0.206095 vel: ( -0.239487, -0.138535 ) (1208,0) rel: ( 0.881281, 0.00317001 ), (1208,0) global: ( -14.2342, 13.6941 ), (1208,0), changes: 0.312, -4.2 last seen:(1207,0) globalposderived: (1207,0)
 1208: turnWithBall: collide with ball
(b)r: 0.2 phi: 9.31968 vel: ( 0.0225118, 0.0130223 ) (1209,0) rel: ( 0.19736, 0.0323885 ), (1209,0) global: ( -14.4176, 13.64 ), (1209,0), changes: 0.312, -4.2 last seen:(1207,0) globalposderived: (1207,0)
 1209: turnWithBall: turn since ball will be kickable in t+1
 1209: direction old: 124.355454, new: -111.793039
(b)r: 0.4 phi: 22 vel: ( 0.0195975, 0.0106453 ) (1209,0) rel: ( 0.370874, 0.149843 ), (1209,0) global: ( -14.5324, 13.2193 ), (1209,0), changes: 0.008, -0.3 last seen:(1209,0) globalposderived: (1209,0)
 1209: turnWithBall: turn since ball will be kickable in t+1
(b)r: 0.2 phi: -119.071 vel: ( 0, 0 ) (1210,0) rel: ( -0.0971798, -0.174803 ), (1210,0) global: ( -14.4346, 13.4227 ), (1210,0), changes: 0.008, -0.3 last seen:(1209,0) globalposderived: (1209,0)
 1210: ball (-14.434602,13.422693), agent (-14.359399,13.608016), to (-4.360970,13.430738) ang -1.015780 6.984220
 1210: relpos body (0.200000,-111.071374), vel. ball:(0.000000,0.000000) dist: 1.027941 (0.300000,0.085000,0.642941)
 1210: point good and can reach point 45.108456
 1210: 2 pos: ball(-16.388304,12.397409), ball_prev(-14.532413,13.219307), agentdiff(-0.096214,0.375176)
 1210: direction old: -87.853228, new: -140.630960
(b)r: 1.92123 phi: 9.80374 vel: ( -1.39022, 0.133544 ) (1277,0) rel: ( 1.89317, 0.327134 ), (1277,0) global: ( -7.30054, 0.683077 ), (1277,0), changes: -1.776, 5.7 last seen:(1276,0) globalposderived: (1276,0)
 1277: direction old: 17.221700, new: 16.040360
(b)r: 0.76961 phi: 44.0916 vel: ( -1.32974, 0.111335 ) (1278,0) rel: ( 0.552756, 0.5355 ), (1278,0) global: ( -8.6287, 0.785148 ), (1278,0), changes: -1.48, 15.2 last seen:(1277,0) globalposderived: (1277,0)
 1278: ball (-8.628696,0.785148), agent (-8.997831,0.109842), to (0.552544,3.074691) ang 17.246604 17.246604
 1278: relpos body (0.769610,44.091569), vel. ball:(-1.329736,0.111335) dist: 1.027941 (0.300000,0.085000,0.642941)
 1278: point good, but reposition ball since need 113.541362
 1278: (kick 75.586822 -40.796145), vecDesired (0.146776,-0.532190) 0.000000 posDes(-8.481920,0.252958)
(b)r: 0.487752 phi: 2.93743 vel: ( 0.135402, -0.476369 ) (1279,0) rel: ( 0.487111, 0.0249951 ), (1279,0) global: ( -8.48465, 0.278372 ), (1279,0), changes: -1.48, 15.2 last seen:(1277,0) globalposderived: (1277,0)
 1279: ball (-8.484652,0.278372), agent (-8.942451,0.110080), to (0.607924,3.074930) ang 17.246604 17.246604
 1279: relpos body (0.487752,2.937432), vel. ball:(0.135402,-0.476369) dist: 1.027941 (0.300000,0.085000,0.642941)
 1279: point good and can reach point 47.736664
 1279: direction old: 23.212212, new: 10.329535
(b)r: 0.5 phi: -7 vel: ( 0.20585, -0.461867 ) (1279,0) rel: ( 0.496273, -0.0609347 ), (1279,0) global: ( -8.54316, 0.131987 ), (1279,0), changes: 0.1, -55.9 last seen:(1279,0) globalposderived: (1279,0)
 1279: ball (-8.543155,0.131987), agent (-9.035051,0.042332), to (0.511022,3.021002) ang 17.329535 17.329535
 1279: relpos body (0.500000,-7.000000), vel. ball:(0.205850,-0.461867) dist: 1.027941 (0.300000,0.085000,0.642941)
 1279: point good and can reach point 46.018942
(b)r: 1.59429 phi: -2.09487 vel: ( 1.00961, 0.30922 ) (1280,0) rel: ( 1.59322, -0.0582782 ), (1280,0) global: ( -7.4691, 0.460944 ), (1280,0), changes: 0.1, -55.9 last seen:(1279,0) globalposderived: (1279,0)
 1280: direction old: 16.615315, new: 11.371490
(b)r: 1.6 phi: -6 vel: ( 1.01065, 0.260981 ) (1280,0) rel: ( 1.59124, -0.167246 ), (1280,0) global: ( -7.39095, 0.331661 ), (1280,0), changes: 1.024, 0.4 last seen:(1280,0) globalposderived: (1280,0)
 1309: direction old: 8.471101, new: 7.771536
(b)r: 0.563333 phi: 15.1408 vel: ( -0.967749, 0.0195787 ) (1310,0) rel: ( 0.543778, 0.147138 ), (1310,0) global: ( 0.391436, 4.17789 ), (1310,0), changes: -1.012, 3.8 last seen:(1309,0) globalposderived: (1309,0)
 1310: ball (0.391436,4.177892), agent (-0.131199,3.967663), to (9.799043,5.146769) ang 6.771536 6.771536
 1310: relpos body (0.563333,15.140833), vel. ball:(-0.967749,0.019579) dist: 1.027941 (0.300000,0.085000,0.642941)
 1310: point good and can reach point 84.759437
 1310: direction old: 30.846061, new: 19.832665
(b)r: 0.5 phi: 13 vel: ( -0.842494, 0.0266141 ) (1310,0) rel: ( 0.487185, 0.112476 ), (1310,0) global: ( 0.402534, 4.07326 ), (1310,0), changes: -1.01, 40.2 last seen:(1310,0) globalposderived: (1310,0)
 1310: ball (0.402534,4.073262), agent (-0.067810,3.903625), to (9.861169,5.093326) ang 6.832665 6.832665
 1310: relpos body (0.500000,13.000000), vel. ball:(-0.842494,0.026614) dist: 1.027941 (0.300000,0.085000,0.642941)
 1310: point good and can reach point 77.293694
(b)r: 1.37942 phi: 3.80828 vel: ( 1.0374, 0.115533 ) (1311,0) rel: ( 1.37637, 0.0916183 ), (1311,0) global: ( 1.50616, 4.19617 ), (1311,0), changes: -1.01, 40.2 last seen:(1310,0) globalposderived: (1310,0)
 1312: 2 pos: ball(0.139778,4.400789), ball_prev(0.402534,4.073262), agentdiff(0.746898,0.283443)
 1312: direction old: 3.184422, new: 164.652837
(b)r: 0.7 phi: 156 vel: ( 0, 0 ) (1312,0) rel: ( -0.639482, 0.284716 ), (1312,0) global: ( 0.139778, 4.40079 ), (1312,0), changes: -1.01, 40.2 last seen:(1312,0) globalposderived: (1312,0)
 1312: ball (0.139778,4.400789), agent (0.814816,4.215522), to (10.747480,5.374054) ang 6.652837 8.652837
 1312: relpos body (0.700000,158.000000), vel. ball:(0.000000,0.000000) dist: 1.027941 (0.300000,0.085000,0.642941)
 1312: point good and can reach point 66.918036
(b)r: 0.2 phi: 23.1705 vel: ( -0.109696, -0.0108579 ) (1313,0) rel: ( 0.183868, 0.0786938 ), (1313,0) global: ( 0.98545, 4.31985 ), (1313,0), changes: -1.01, 40.2 last seen:(1312,0) globalposderived: (1312,0)
 1313: ball (0.985450,4.319849), agent (0.814816,4.215522), to (10.754973,5.307894) ang 6.271346 8.271346
 1313: relpos body (0.200000,25.170533), vel. ball:(-0.109696,-0.010858) dist: 1.027941 (0.300000,0.085000,0.642941)
 1313: point good and can reach point 43.855703
 1313: 2 pos: ball(0.022946,4.453007), ball_prev(0.139778,4.400789), agentdiff(-0.094790,0.173616)
 1313: direction old: -14.630684, new: 174.765009
(b)r: 0.7 phi: 166 vel: ( -0.109696, -0.0108579 ) (1313,0) rel: ( -0.679207, 0.169345 ), (1313,0) global: ( 0.0229463, 4.45301 ), (1313,0), changes: -1.01, 40.2 last seen:(1313,0) globalposderived: (1313,0)
 1313: ball (0.022946,4.453007), agent (0.720027,4.389138), to (10.650403,5.567114) ang 6.765009 8.765009
 1313: relpos body (0.700000,168.000000), vel. ball:(-0.109696,-0.010858) dist: 1.027941 (0.300000,0.085000,0.642941)
 1313: point good and can reach point 74.698485
(b)r: 0.513841 phi: 14.7024 vel: ( 1.09831, 0.132311 ) (1314,0) rel: ( 0.497016, 0.130412 ), (1314,0) global: ( 1.19137, 4.59376 ), (1314,0), changes: -1.01, 40.2 last seen:(1313,0) globalposderived: (1313,0)
 1314: ball (1.191366,4.593763), agent (0.720027,4.389138), to (10.650403,5.567114) ang 6.765009 8.765009
 1314: relpos body (0.513841,16.702356), vel. ball:(1.098314,0.132311) dist: 1.027941 (0.300000,0.085000,0.642941)
 1314: point good and can reach point 0.895548
(b)r: 0.977168 phi: 8.13293 vel: ( 1.03242, 0.124372 ) (1315,0) rel: ( 0.96734, 0.13824 ), (1315,0) global: ( 2.28968, 4.72607 ), (1315,0), changes: -1.01, 40.2 last seen:(1313,0) globalposderived: (1313,0)
 1315: ball (2.289680,4.726074), agent (1.354703,4.442043), to (11.285079,5.620018) ang 6.765009 8.765009
 1315: relpos body (0.977168,10.132935), vel. ball:(1.032416,0.124372) dist: 1.027941 (0.300000,0.085000,0.642941)
 1315: point good and can reach point 1.189652
 1315: 2 pos: ball(-0.623068,4.412492), ball_prev(0.022946,4.453007), agentdiff(0.016802,-0.176793)
 1315: direction old: 26.651668, new: 175.778009
(b)r: 2 phi: 167 vel: ( 1.03242, 0.124372 ) (1315,0) rel: ( -1.94874, 0.449902 ), (1315,0) global: ( -0.623068, 4.41249 ), (1315,0), changes: -1.01, 40.2 last seen:(1315,0) globalposderived: (1315,0)
(b)r: 1.21687 phi: 62.6264 vel: ( 0, 0 ) (1316,0) rel: ( 0.559503, 1.08061 ), (1316,0) global: ( 0.409348, 4.53686 ), (1316,0), changes: -1.01, 40.2 last seen:(1315,0) globalposderived: (1315,0)
(b)r: 1.67971 phi: 65.3173 vel: ( 0, 0 ) (1316,0) rel: ( 0.701434, 1.52624 ), (1316,0) global: ( 1.31788, 3.78417 ), (1316,0), changes: -1.01, 40.2 last seen:(1315,0) globalposderived: (1315,0)
(b)r: 1.06553 phi: -0.470186 vel: ( 0, 0 ) (1317,0) rel: ( 1.06549, -0.00874393 ), (1317,0) global: ( 1.31788, 3.78417 ), (1317,0), changes: -1.01, 40.2 last seen:(1315,0) globalposderived: (1315,0)
(b)r: 0.2 phi: -0.575131 vel: ( 0, 0 ) (1318,0) rel: ( 0.19999, -0.00200755 ), (1318,0) global: ( 1.5193, 3.93559 ), (1318,0), changes: -1.01, 40.2 last seen:(1315,0) globalposderived: (1315,0)
 1318: turnWithBall: kick ball away from opp at ang -174.873638
 1318: (kick 23.712395 159.300957), vecDesired (0.662266,0.175102) 149.617308 posDes(2.181566,4.110696)
 1498: direction old: 44.114590, new: 42.080571
