 0: change player from message 62 -> 1
 0: changed player from message 62 -> 1
 0: change player from message 63 -> 2
 0: changed player from message 63 -> 2
 0: change player from message 64 -> 3
 0: changed player from message 64 -> 3
 0: change player from message 65 -> 4
 0: changed player from message 65 -> 4
 0: change player from message 66 -> 5
 0: changed player from message 66 -> 5
 0: change player from message 67 -> 6
 0: changed player from message 67 -> 6
 0: change player from message 68 -> 7
 0: changed player from message 68 -> 7
 0: change player from message 69 -> 8
 0: changed player from message 69 -> 8
 0: change player from message 70 -> 9
 0: changed player from message 70 -> 9
 0: change player from message 71 -> 10
 0: changed player from message 71 -> 10
 151: Received coach message: online_coach_left (advice (0 (true) (do our {1} (home (pt -50 0))) (do our {2} (home (pt -12 26))) (do our {3} (home (pt -20 10))) (do our {4} (home (pt -20 -10))) (do our {5} (home (pt -12 -26))) (do our {6} (home (pt 20 0))) (do our {7} (home (pt 35 22))) (do our {8} (home (pt 12 -15))) (do our {9} (home (pt 0 0))) (do our {10} (home (pt 12 15))) (do our {11} (home (pt 35 -22))))))
 151: new home position for player 0: -50 0
 151: new home position for player 1: -12 26
 151: new home position for player 2: -20 10
 151: new home position for player 3: -20 -10
 151: new home position for player 4: -12 -26
 151: new home position for player 5: 20 0
 151: new home position for player 6: 35 22
 151: new home position for player 7: 12 -15
 151: new home position for player 8: 0 0
 151: new home position for player 9: 12 15
 151: new home position for player 10: 35 -22
 158: 2 pos: ball(-5.974013,1.332490), ball_prev(-4.443383,1.059089), agentdiff(0.158011,0.125605)
 158: direction old: -42.584143, new: -70.202128
(b)r: 1.8 phi: -51 vel: ( 0, 0 ) (158,0) rel: ( 1.13278, -1.39886 ), (158,0) global: ( -5.97401, 1.33249 ), (158,0), changes: -0.27, -0.5 last seen:(158,0) globalposderived: (158,0)
(b)r: 1.65888 phi: 1.62433 vel: ( 0, 0 ) (159,0) rel: ( 1.65821, 0.0470228 ), (159,0) global: ( -5.97401, 1.33249 ), (159,0), changes: -0.27, -0.5 last seen:(158,0) globalposderived: (158,0)
 159: direction old: -67.079966, new: -102.929244
(b)r: 1.6 phi: -20 vel: ( -0.654387, 0.0436809 ) (159,0) rel: ( 1.50351, -0.547232 ), (159,0) global: ( -6.91264, 1.14626 ), (159,0), changes: 0.096, -26.4 last seen:(159,0) globalposderived: (159,0)
(b)r: 1.8525 phi: 27.8377 vel: ( -0.615123, 0.04106 ) (160,0) rel: ( 1.63811, 0.865058 ), (160,0) global: ( -7.56702, 1.18994 ), (160,0), changes: 0.096, -26.4 last seen:(159,0) globalposderived: (159,0)
(b)r: 1.71545 phi: 19.0994 vel: ( -0.578216, 0.0385964 ) (161,0) rel: ( 1.62102, 0.561309 ), (161,0) global: ( -8.18215, 1.231 ), (161,0), changes: 0.096, -26.4 last seen:(159,0) globalposderived: (159,0)
 161: direction old: -145.789699, new: -135.380818
(b)r: 1.6 phi: 19 vel: ( -0.561182, 0.0371847 ) (161,0) rel: ( 1.51283, 0.520909 ), (161,0) global: ( -7.91868, 1.06056 ), (161,0), changes: 0.192, -12.5 last seen:(161,0) globalposderived: (161,0)
(b)r: 1.83587 phi: 64.354 vel: ( -0.527511, 0.0349536 ) (162,0) rel: ( 0.794583, 1.65501 ), (162,0) global: ( -8.47987, 1.09775 ), (162,0), changes: 0.192, -12.5 last seen:(161,0) globalposderived: (161,0)
 162: 2 pos: ball(-8.745265,1.104701), ball_prev(-7.918685,1.060562), agentdiff(-0.146421,0.124081)
 162: vel based on 2 pos: (-0.639349,-0.075145)
 162: direction old: -140.568269, new: -145.557610
 164: 2 pos: ball(-8.569334,1.085306), ball_prev(-8.745265,1.104701), agentdiff(0.046797,0.050211)
 164: direction old: -131.394663, new: -98.450698
(b)r: 1.8 phi: 108 vel: ( 0, 0 ) (164,0) rel: ( -0.556231, 1.7119 ), (164,0) global: ( -8.56933, 1.08531 ), (164,0), changes: 0.192, -12.5 last seen:(164,0) globalposderived: (164,0)
(b)r: 1.77057 phi: 105.193 vel: ( 0, 0 ) (165,0) rel: ( -0.464026, 1.70868 ), (165,0) global: ( -8.56933, 1.08531 ), (165,0), changes: 0.192, -12.5 last seen:(164,0) globalposderived: (164,0)
 165: 2 pos: ball(-8.278482,0.887706), ball_prev(-8.569334,1.085306), agentdiff(-1.055319,0.356954)
 165: vel based on 2 pos: (1.265400,-0.521281)
 165: direction old: -71.273500, new: -66.408635
(b)r: 1.93359 phi: -16.2123 vel: ( 0, 0 ) (167,0) rel: ( 1.8567, -0.539852 ), (167,0) global: ( -8.27848, 0.887706 ), (167,0), changes: 0.192, -12.5 last seen:(165,0) globalposderived: (165,0)
 167: 2 pos: ball(-9.606684,1.225350), ball_prev(-8.278482,0.887706), agentdiff(0.127680,0.131726)
 167: direction old: -74.828444, new: -116.363640
(b)r: 1.8 phi: -54 vel: ( 0, 0 ) (167,0) rel: ( 1.05801, -1.45623 ), (167,0) global: ( -9.60668, 1.22535 ), (167,0), changes: 0.192, -12.5 last seen:(167,0) globalposderived: (167,0)
(b)r: 1.68036 phi: 3.06298 vel: ( 0, 0 ) (168,0) rel: ( 1.67796, 0.0897881 ), (168,0) global: ( -9.60668, 1.22535 ), (168,0), changes: 0.192, -12.5 last seen:(167,0) globalposderived: (167,0)
 168: direction old: -111.622071, new: -137.673175
 170: direction old: -162.396465, new: -156.077428
 171: direction old: -139.633714, new: -158.500740
 173: direction old: -157.596530, new: -166.048402
 174: direction old: 179.110410, new: -171.478615
(b)r: 1.8 phi: -3 vel: ( -0.54014, 0.0804772 ) (174,0) rel: ( 1.79753, -0.0942047 ), (174,0) global: ( -14.4259, 1.71784 ), (174,0), changes: 0.54, -5.4 last seen:(174,0) globalposderived: (174,0)
 176: direction old: -179.358705, new: -179.419034
 177: direction old: 179.911905, new: 179.461036
 179: 2 pos: ball(-16.578454,2.355971), ball_prev(-15.857194,2.018180), agentdiff(0.116404,0.114978)
 179: direction old: -172.916044, new: -174.881533
 180: direction old: -176.898371, new: -174.376138
 182: direction old: -178.445889, new: -178.377920
 183: direction old: -178.746343, new: 178.658046
(b)r: 1.82469 phi: -4.11194 vel: ( 0, 0 ) (184,0) rel: ( 1.81999, -0.13084 ), (184,0) global: ( -18.3898, 2.59608 ), (184,0), changes: 0.25, -2.1 last seen:(183,0) globalposderived: (183,0)
(b)r: 1.00039 phi: -8.35323 vel: ( 0, 0 ) (185,0) rel: ( 0.989773, -0.145331 ), (185,0) global: ( -18.3898, 2.59608 ), (185,0), changes: 0.25, -2.1 last seen:(183,0) globalposderived: (183,0)
 185: direction old: 168.837558, new: -148.376684
 186: direction old: -133.470831, new: -147.719633
(b)r: 1.8 phi: 4 vel: ( 0.0898386, 0.126468 ) (186,0) rel: ( 1.79562, 0.125562 ), (186,0) global: ( -19.1693, 1.4641 ), (186,0), changes: -0.216, -0.8 last seen:(186,0) globalposderived: (186,0)
(b)r: 1.57244 phi: -0.654916 vel: ( 0, 0 ) (187,0) rel: ( 1.57234, -0.0179733 ), (187,0) global: ( -19.0794, 1.59057 ), (187,0), changes: -0.216, -0.8 last seen:(186,0) globalposderived: (186,0)
(b)r: 1.5444 phi: 0.46263 vel: ( 0, 0 ) (188,0) rel: ( 1.54435, 0.01247 ), (188,0) global: ( -19.0794, 1.59057 ), (188,0), changes: -0.216, -0.8 last seen:(186,0) globalposderived: (186,0)
 188: direction old: -138.763078, new: -125.288160
(b)r: 0.8 phi: 22 vel: ( -0.0740844, -0.0148836 ) (188,0) rel: ( 0.741747, 0.299685 ), (188,0) global: ( -18.2895, 2.03515 ), (188,0), changes: 0.048, -3.2 last seen:(188,0) globalposderived: (188,0)
 188: ball (-18.289462,2.035148), agent (-17.827311,2.688153), to (-4.670617,-21.543759) ang -147.288160 -147.288160
 188: relpos body (0.800000,22.000000), vel. ball:(-0.074084,-0.014884) dist: 1.169759 (0.300000,0.085000,0.784759)
 188: point too far, reposition ball (k_r = 0.837238)
 188: (kick 17.795347 -136.630636), vecDesired (0.022681,0.375576) 0.000000 posDes(-18.266781,2.410724)
(b)r: 0.535714 phi: 0.558316 vel: ( 0.01339, 0.337573 ) (189,0) rel: ( 0.535688, 0.00522015 ), (189,0) global: ( -18.2752, 2.39427 ), (189,0), changes: 0.048, -3.2 last seen:(188,0) globalposderived: (188,0)
 189: ball (-18.275217,2.394268), agent (-17.827311,2.688153), to (-4.670617,-21.543759) ang -147.288160 -147.288160
 189: relpos body (0.535714,0.558316), vel. ball:(0.013390,0.337573) dist: 1.169759 (0.300000,0.085000,0.784759)
 189: point too far, freeze ball
 189: 2 pos: ball(-17.567837,4.469353), ball_prev(-18.289462,2.035148), agentdiff(0.000000,0.000000)
 189: vel based on 2 pos: (0.678327,2.288153)
 189: direction old: -146.729844, new: 81.711840
(b)r: 1.8 phi: -131 vel: ( 0.678327, 2.28815 ) (189,0) rel: ( -1.18091, -1.35848 ), (189,0) global: ( -17.5678, 4.46935 ), (189,0), changes: 0.048, -3.2 last seen:(189,0) globalposderived: (189,0)
 351: Received coach message: online_coach_left (advice (0 (true) (do our {1} (home (pt -50 0))) (do our {2} (home (pt -12 26))) (do our {3} (home (pt -20 10))) (do our {4} (home (pt -20 -10))) (do our {5} (home (pt -12 -26))) (do our {6} (home (pt 20 0))) (do our {7} (home (pt 35 22))) (do our {8} (home (pt 12 -15))) (do our {9} (home (pt 0 0))) (do our {10} (home (pt 12 15))) (do our {11} (home (pt 35 -22))))))
 351: new home position for player 0: -50 0
 351: new home position for player 1: -12 26
 351: new home position for player 2: -20 10
 351: new home position for player 3: -20 -10
 351: new home position for player 4: -12 -26
 351: new home position for player 5: 20 0
 351: new home position for player 6: 35 22
 351: new home position for player 7: 12 -15
 351: new home position for player 8: 0 0
 351: new home position for player 9: 12 15
 351: new home position for player 10: 35 -22
 632: Received coach message: online_coach_left (advice (0 (true) (do our {1} (home (pt -50 0))) (do our {2} (home (pt -12 26))) (do our {3} (home (pt -20 10))) (do our {4} (home (pt -20 -10))) (do our {5} (home (pt -12 -26))) (do our {6} (home (pt 20 0))) (do our {7} (home (pt 35 22))) (do our {8} (home (pt 12 -15))) (do our {9} (home (pt 0 0))) (do our {10} (home (pt 12 15))) (do our {11} (home (pt 35 -22))))))
 632: new home position for player 0: -50 0
 632: new home position for player 1: -12 26
 632: new home position for player 2: -20 10
 632: new home position for player 3: -20 -10
 632: new home position for player 4: -12 -26
 632: new home position for player 5: 20 0
 632: new home position for player 6: 35 22
 632: new home position for player 7: 12 -15
 632: new home position for player 8: 0 0
 632: new home position for player 9: 12 15
 632: new home position for player 10: 35 -22
 632: direction old: -159.925487, new: -61.524176
(b)r: 1.71726 phi: 6.43194 vel: ( 0, 0 ) (632,6) rel: ( 1.70646, 0.192373 ), (632,6) global: ( -14.7063, 0.890758 ), (632,6), changes: 0, 0.1 last seen:(632,4) globalposderived: (632,4)
 632: direction old: -53.527709, new: -52.134425
(b)r: 1.6 phi: 7 vel: ( 0, 0 ) (632,6) rel: ( 1.58807, 0.194991 ), (632,6) global: ( -14.72, 0.97482 ), (632,6), changes: -0.224, 0.7 last seen:(632,6) globalposderived: (632,6)
(b)r: 1.35536 phi: -0.376815 vel: ( 0, 0 ) (632,7) rel: ( 1.35533, -0.00891369 ), (632,7) global: ( -14.72, 0.97482 ), (632,7), changes: -0.224, 0.7 last seen:(632,6) globalposderived: (632,6)
 632: direction old: -44.205163, new: -51.829935
(b)r: 1.5 phi: 0 vel: ( 0, 0 ) (632,7) rel: ( 1.5, 0 ), (632,7) global: ( -14.8148, 0.789311 ), (632,7), changes: -0.09, 0.4 last seen:(632,7) globalposderived: (632,7)
(b)r: 0.793482 phi: 1.78278 vel: ( 0, 0 ) (632,8) rel: ( 0.793098, 0.0246856 ), (632,8) global: ( -14.8148, 0.789311 ), (632,8), changes: -0.09, 0.4 last seen:(632,7) globalposderived: (632,7)
 632: ball (-14.814752,0.789311), agent (-15.324292,1.397573), to (-1000.000000,-1000.000000) ang -51.829935 -51.829935
 632: relpos body (0.793482,1.782785), vel. ball:(0.000000,0.000000) dist: 1.169759 (0.300000,0.085000,0.784759)
 632: point too far, reposition ball (k_r = 0.867394)
 632: (kick 2.647661 -148.159375), vecDesired (-0.058272,0.021197) 0.000000 posDes(-14.873024,0.810508)
(b)r: 0.548229 phi: 3.4794 vel: ( 0, 0 ) (632,9) rel: ( 0.547219, 0.0332719 ), (632,9) global: ( -14.8148, 0.789311 ), (632,9), changes: -0.09, 0.4 last seen:(632,7) globalposderived: (632,7)
 632: ball (-14.814752,0.789311), agent (-15.179089,1.198961), to (-1000.000000,-1000.000000) ang -51.829935 -51.829935
 632: relpos body (0.548229,3.479401), vel. ball:(0.000000,0.000000) dist: 1.169759 (0.300000,0.085000,0.784759)
 632: pos (-65.727125,-66.768158) too far, but can acc ball good to 2.546553 k=2.546553,0.000000
 632: direction old: -51.631394, new: -46.822281
(b)r: 0.5 phi: 5 vel: ( 0, 0 ) (632,9) rel: ( 0.498097, 0.0435779 ), (632,9) global: ( -14.8202, 0.863786 ), (632,9), changes: -0.07, 1.1 last seen:(632,9) globalposderived: (632,9)
 632: ball (-14.820249,0.863786), agent (-15.162381,1.228404), to (-1000.000000,-1000.000000) ang -51.822281 -51.822281
 632: relpos body (0.500000,5.000000), vel. ball:(0.000000,0.000000) dist: 1.169759 (0.300000,0.085000,0.784759)
 632: pos (-65.724455,-66.770786) too far, but can acc ball good to 2.582334 k=2.582334,0.000000
(b)r: 0.408582 phi: 6.57692 vel: ( 0, 0 ) (632,10) rel: ( 0.405893, 0.0467977 ), (632,10) global: ( -14.8202, 0.863786 ), (632,10), changes: -0.07, 1.1 last seen:(632,9) globalposderived: (632,9)
 632: ball (-14.820249,0.863786), agent (-15.107920,1.153932), to (-1000.000000,-1000.000000) ang -51.822281 -51.822281
 632: relpos body (0.408582,6.576923), vel. ball:(0.000000,0.000000) dist: 1.169759 (0.300000,0.085000,0.784759)
 632: pos (-65.724455,-66.770786) too far, but can acc ball good to 2.655053 k=2.655053,0.000000
 632: direction old: -45.205690, new: -45.807310
(b)r: 0.4 phi: 6 vel: ( 0, 0 ) (632,10) rel: ( 0.397809, 0.0418114 ), (632,10) global: ( -14.8293, 0.866963 ), (632,10), changes: -0.024, 0.5 last seen:(632,10) globalposderived: (632,10)
 632: ball (-14.829322,0.866963), agent (-15.108152,1.153763), to (-1000.000000,-1000.000000) ang -51.807310 -51.807310
 632: relpos body (0.400000,6.000000), vel. ball:(0.000000,0.000000) dist: 1.169759 (0.300000,0.085000,0.784759)
 632: pos (-65.724041,-66.771193) too far, but can acc ball good to 2.664598 k=2.664598,0.000000
(b)r: 0.369752 phi: 6.82755 vel: ( 0, 0 ) (632,11) rel: ( 0.36713, 0.0439566 ), (632,11) global: ( -14.8293, 0.866963 ), (632,11), changes: -0.024, 0.5 last seen:(632,10) globalposderived: (632,10)
 632: ball (-14.829322,0.866963), agent (-15.090869,1.128325), to (-1000.000000,-1000.000000) ang -51.807310 -51.807310
 632: relpos body (0.369752,6.827548), vel. ball:(0.000000,0.000000) dist: 1.169759 (0.300000,0.085000,0.784759)
 632: pos (-65.724041,-66.771193) too far, but can acc ball good to 2.687512 k=2.687512,0.000000
(b)r: 0.2 phi: 6.82755 vel: ( 0, 0 ) (632,12) rel: ( 0.198582, 0.0237763 ), (632,12) global: ( -14.9494, 0.986954 ), (632,12), changes: -0.024, 0.5 last seen:(632,10) globalposderived: (632,10)
 632: ball (-14.949398,0.986954), agent (-15.090869,1.128325), to (-1000.000000,-1000.000000) ang -51.807310 -51.807310
 632: relpos body (0.200000,6.827548), vel. ball:(0.000000,0.000000) dist: 1.169759 (0.300000,0.085000,0.784759)
 632: pos (-65.715970,-66.779137) too far, but can acc ball good to 2.833522 k=2.833522,0.000000
 632: direction old: -92.551190, new: -44.959440
(b)r: 0.4 phi: 7 vel: ( 0, 0 ) (632,12) rel: ( 0.397018, 0.0487477 ), (632,12) global: ( -14.6559, 0.939464 ), (632,12), changes: 0, 0.1 last seen:(632,12) globalposderived: (632,12)
 632: ball (-14.655877,0.939464), agent (-14.938920,1.222107), to (-1000.000000,-1000.000000) ang -51.959440 -51.959440
 632: relpos body (0.400000,7.000000), vel. ball:(0.000000,0.000000) dist: 1.169759 (0.300000,0.085000,0.784759)
 632: pos (-65.727500,-66.767789) too far, but can acc ball good to 2.660848 k=2.660848,0.000000
(b)r: 0.4 phi: 7 vel: ( 0, 0 ) (632,13) rel: ( 0.397018, 0.0487477 ), (632,13) global: ( -14.6559, 0.939464 ), (632,13), changes: 0, 0.1 last seen:(632,12) globalposderived: (632,12)
 632: ball (-14.655877,0.939464), agent (-14.938920,1.222107), to (-1000.000000,-1000.000000) ang -51.959440 -51.959440
 632: relpos body (0.400000,7.000000), vel. ball:(0.000000,0.000000) dist: 1.169759 (0.300000,0.085000,0.784759)
 632: pos (-65.727500,-66.767789) too far, but can acc ball good to 2.660848 k=2.660848,0.000000
 632: direction old: -44.959440, new: -44.959440
(b)r: 0.4 phi: 7 vel: ( 0, 0 ) (632,13) rel: ( 0.397018, 0.0487477 ), (632,13) global: ( -14.6559, 0.939464 ), (632,13), changes: 0, 0 last seen:(632,13) globalposderived: (632,13)
 632: ball (-14.655877,0.939464), agent (-14.938920,1.222107), to (-1000.000000,-1000.000000) ang -51.959440 -51.959440
 632: relpos body (0.400000,7.000000), vel. ball:(0.000000,0.000000) dist: 1.169759 (0.300000,0.085000,0.784759)
 632: pos (-65.727500,-66.767789) too far, but can acc ball good to 2.660848 k=2.660848,0.000000
(b)r: 0.4 phi: 7 vel: ( 0, 0 ) (632,14) rel: ( 0.397018, 0.0487477 ), (632,14) global: ( -14.6559, 0.939464 ), (632,14), changes: 0, 0 last seen:(632,13) globalposderived: (632,13)
 632: ball (-14.655877,0.939464), agent (-14.938920,1.222107), to (-1000.000000,-1000.000000) ang -51.959440 -51.959440
 632: relpos body (0.400000,7.000000), vel. ball:(0.000000,0.000000) dist: 1.169759 (0.300000,0.085000,0.784759)
 632: pos (-65.727500,-66.767789) too far, but can acc ball good to 2.660848 k=2.660848,0.000000
(b)r: 0.4 phi: 7 vel: ( 0, 0 ) (632,15) rel: ( 0.397018, 0.0487477 ), (632,15) global: ( -14.6559, 0.939464 ), (632,15), changes: 0, 0 last seen:(632,13) globalposderived: (632,13)
 632: ball (-14.655877,0.939464), agent (-14.938920,1.222107), to (-1000.000000,-1000.000000) ang -51.959440 -51.959440
 632: relpos body (0.400000,7.000000), vel. ball:(0.000000,0.000000) dist: 1.169759 (0.300000,0.085000,0.784759)
 632: pos (-65.727500,-66.767789) too far, but can acc ball good to 2.660848 k=2.660848,0.000000
 632: direction old: -44.959440, new: -43.959440
(b)r: 0.4 phi: 8 vel: ( 0, 0 ) (632,15) rel: ( 0.396107, 0.0556692 ), (632,15) global: ( -14.651, 0.944447 ), (632,15), changes: 0, 0 last seen:(632,15) globalposderived: (632,15)
 632: ball (-14.650988,0.944447), agent (-14.938920,1.222107), to (-1000.000000,-1000.000000) ang -51.959440 -51.959440
 632: relpos body (0.400000,8.000000), vel. ball:(0.000000,0.000000) dist: 1.169759 (0.300000,0.085000,0.784759)
 632: pos (-65.727499,-66.767789) too far, but can acc ball good to 2.657098 k=2.657098,0.000000
(b)r: 0.4 phi: 8 vel: ( 0, 0 ) (632,16) rel: ( 0.396107, 0.0556692 ), (632,16) global: ( -14.651, 0.944447 ), (632,16), changes: 0, 0 last seen:(632,15) globalposderived: (632,15)
 632: ball (-14.650988,0.944447), agent (-14.938920,1.222107), to (-1000.000000,-1000.000000) ang -51.959440 -51.959440
 632: relpos body (0.400000,8.000000), vel. ball:(0.000000,0.000000) dist: 1.169759 (0.300000,0.085000,0.784759)
 632: pos (-65.727499,-66.767789) too far, but can acc ball good to 2.657098 k=2.657098,0.000000
 632: direction old: -38.089340, new: -43.932225
(b)r: 0.4 phi: 8 vel: ( 0, 0 ) (632,16) rel: ( 0.396107, 0.0556692 ), (632,16) global: ( -14.6135, 0.86335 ), (632,16), changes: 0, 0 last seen:(632,16) globalposderived: (632,16)
 632: ball (-14.613530,0.863350), agent (-14.901594,1.140873), to (-1000.000000,-1000.000000) ang -51.932225 -51.932225
 632: relpos body (0.400000,8.000000), vel. ball:(0.000000,0.000000) dist: 1.169759 (0.300000,0.085000,0.784759)
 632: pos (-65.731473,-66.763878) too far, but can acc ball good to 2.657098 k=2.657098,0.000000
(b)r: 0.4 phi: 8 vel: ( 0, 0 ) (632,17) rel: ( 0.396107, 0.0556692 ), (632,17) global: ( -14.6135, 0.86335 ), (632,17), changes: 0, 0 last seen:(632,16) globalposderived: (632,16)
 632: ball (-14.613530,0.863350), agent (-14.901594,1.140873), to (-1000.000000,-1000.000000) ang -51.932225 -51.932225
 632: relpos body (0.400000,8.000000), vel. ball:(0.000000,0.000000) dist: 1.169759 (0.300000,0.085000,0.784759)
 632: pos (-65.731473,-66.763878) too far, but can acc ball good to 2.657098 k=2.657098,0.000000
(b)r: 0.4 phi: 8 vel: ( 0, 0 ) (632,18) rel: ( 0.396107, 0.0556692 ), (632,18) global: ( -14.6135, 0.86335 ), (632,18), changes: 0, 0 last seen:(632,16) globalposderived: (632,16)
 632: ball (-14.613530,0.863350), agent (-14.901594,1.140873), to (-1000.000000,-1000.000000) ang -51.932225 -51.932225
 632: relpos body (0.400000,8.000000), vel. ball:(0.000000,0.000000) dist: 1.169759 (0.300000,0.085000,0.784759)
 632: pos (-65.731473,-66.763878) too far, but can acc ball good to 2.657098 k=2.657098,0.000000
 632: direction old: -43.932225, new: -43.932225
(b)r: 0.4 phi: 8 vel: ( 0, 0 ) (632,18) rel: ( 0.396107, 0.0556692 ), (632,18) global: ( -14.6135, 0.86335 ), (632,18), changes: 0, 0 last seen:(632,18) globalposderived: (632,18)
 632: ball (-14.613530,0.863350), agent (-14.901594,1.140873), to (-1000.000000,-1000.000000) ang -51.932225 -51.932225
 632: relpos body (0.400000,8.000000), vel. ball:(0.000000,0.000000) dist: 1.169759 (0.300000,0.085000,0.784759)
 632: pos (-65.731473,-66.763878) too far, but can acc ball good to 2.657098 k=2.657098,0.000000
(b)r: 0.4 phi: 8 vel: ( 0, 0 ) (632,19) rel: ( 0.396107, 0.0556692 ), (632,19) global: ( -14.6135, 0.86335 ), (632,19), changes: 0, 0 last seen:(632,18) globalposderived: (632,18)
 632: ball (-14.613530,0.863350), agent (-14.901594,1.140873), to (-1000.000000,-1000.000000) ang -51.932225 -51.932225
 632: relpos body (0.400000,8.000000), vel. ball:(0.000000,0.000000) dist: 1.169759 (0.300000,0.085000,0.784759)
 632: pos (-65.731473,-66.763878) too far, but can acc ball good to 2.657098 k=2.657098,0.000000
 632: direction old: -43.932225, new: -43.932225
(b)r: 0.4 phi: 8 vel: ( 0, 0 ) (632,19) rel: ( 0.396107, 0.0556692 ), (632,19) global: ( -14.6135, 0.86335 ), (632,19), changes: 0, 0 last seen:(632,19) globalposderived: (632,19)
 632: ball (-14.613530,0.863350), agent (-14.901594,1.140873), to (-1000.000000,-1000.000000) ang -51.932225 -51.932225
 632: relpos body (0.400000,8.000000), vel. ball:(0.000000,0.000000) dist: 1.169759 (0.300000,0.085000,0.784759)
 632: pos (-65.731473,-66.763878) too far, but can acc ball good to 2.657098 k=2.657098,0.000000
(b)r: 0.4 phi: 8 vel: ( 0, 0 ) (632,20) rel: ( 0.396107, 0.0556692 ), (632,20) global: ( -14.6135, 0.86335 ), (632,20), changes: 0, 0 last seen:(632,19) globalposderived: (632,19)
 632: ball (-14.613530,0.863350), agent (-14.901594,1.140873), to (-1000.000000,-1000.000000) ang -51.932225 -51.932225
 632: relpos body (0.400000,8.000000), vel. ball:(0.000000,0.000000) dist: 1.169759 (0.300000,0.085000,0.784759)
 632: pos (-65.731473,-66.763878) too far, but can acc ball good to 2.657098 k=2.657098,0.000000
(b)r: 0.4 phi: 8 vel: ( 0, 0 ) (632,21) rel: ( 0.396107, 0.0556692 ), (632,21) global: ( -14.6135, 0.86335 ), (632,21), changes: 0, 0 last seen:(632,19) globalposderived: (632,19)
 632: ball (-14.613530,0.863350), agent (-14.901594,1.140873), to (-1000.000000,-1000.000000) ang -51.932225 -51.932225
 632: relpos body (0.400000,8.000000), vel. ball:(0.000000,0.000000) dist: 1.169759 (0.300000,0.085000,0.784759)
 632: pos (-65.731473,-66.763878) too far, but can acc ball good to 2.657098 k=2.657098,0.000000
 632: direction old: -43.932225, new: -43.932225
(b)r: 0.4 phi: 8 vel: ( 0, 0 ) (632,21) rel: ( 0.396107, 0.0556692 ), (632,21) global: ( -14.6135, 0.86335 ), (632,21), changes: 0, 0 last seen:(632,21) globalposderived: (632,21)
 632: ball (-14.613530,0.863350), agent (-14.901594,1.140873), to (-1000.000000,-1000.000000) ang -51.932225 -51.932225
 632: relpos body (0.400000,8.000000), vel. ball:(0.000000,0.000000) dist: 1.169759 (0.300000,0.085000,0.784759)
 632: pos (-65.731473,-66.763878) too far, but can acc ball good to 2.657098 k=2.657098,0.000000
(b)r: 0.4 phi: 8 vel: ( 0, 0 ) (632,22) rel: ( 0.396107, 0.0556692 ), (632,22) global: ( -14.6135, 0.86335 ), (632,22), changes: 0, 0 last seen:(632,21) globalposderived: (632,21)
 632: ball (-14.613530,0.863350), agent (-14.901594,1.140873), to (-1000.000000,-1000.000000) ang -51.932225 -51.932225
 632: relpos body (0.400000,8.000000), vel. ball:(0.000000,0.000000) dist: 1.169759 (0.300000,0.085000,0.784759)
 632: pos (-65.731473,-66.763878) too far, but can acc ball good to 2.657098 k=2.657098,0.000000
 632: direction old: -43.932225, new: -43.932225
(b)r: 0.4 phi: 8 vel: ( 0, 0 ) (632,22) rel: ( 0.396107, 0.0556692 ), (632,22) global: ( -14.6135, 0.86335 ), (632,22), changes: 0, 0 last seen:(632,22) globalposderived: (632,22)
 632: ball (-14.613530,0.863350), agent (-14.901594,1.140873), to (-1000.000000,-1000.000000) ang -51.932225 -51.932225
 632: relpos body (0.400000,8.000000), vel. ball:(0.000000,0.000000) dist: 1.169759 (0.300000,0.085000,0.784759)
 632: pos (-65.731473,-66.763878) too far, but can acc ball good to 2.657098 k=2.657098,0.000000
(b)r: 0.4 phi: 8 vel: ( 0, 0 ) (632,23) rel: ( 0.396107, 0.0556692 ), (632,23) global: ( -14.6135, 0.86335 ), (632,23), changes: 0, 0 last seen:(632,22) globalposderived: (632,22)
 632: ball (-14.613530,0.863350), agent (-14.901594,1.140873), to (-1000.000000,-1000.000000) ang -51.932225 -51.932225
 632: relpos body (0.400000,8.000000), vel. ball:(0.000000,0.000000) dist: 1.169759 (0.300000,0.085000,0.784759)
 632: pos (-65.731473,-66.763878) too far, but can acc ball good to 2.657098 k=2.657098,0.000000
(b)r: 0.4 phi: 8 vel: ( 0, 0 ) (632,24) rel: ( 0.396107, 0.0556692 ), (632,24) global: ( -14.6135, 0.86335 ), (632,24), changes: 0, 0 last seen:(632,22) globalposderived: (632,22)
 632: ball (-14.613530,0.863350), agent (-14.901594,1.140873), to (-1000.000000,-1000.000000) ang -51.932225 -51.932225
 632: relpos body (0.400000,8.000000), vel. ball:(0.000000,0.000000) dist: 1.169759 (0.300000,0.085000,0.784759)
 632: pos (-65.731473,-66.763878) too far, but can acc ball good to 2.657098 k=2.657098,0.000000
 632: direction old: -43.932225, new: -43.932225
(b)r: 0.4 phi: 8 vel: ( 0, 0 ) (632,24) rel: ( 0.396107, 0.0556692 ), (632,24) global: ( -14.6135, 0.86335 ), (632,24), changes: 0, 0 last seen:(632,24) globalposderived: (632,24)
 632: ball (-14.613530,0.863350), agent (-14.901594,1.140873), to (-1000.000000,-1000.000000) ang -51.932225 -51.932225
 632: relpos body (0.400000,8.000000), vel. ball:(0.000000,0.000000) dist: 1.169759 (0.300000,0.085000,0.784759)
 632: pos (-65.731473,-66.763878) too far, but can acc ball good to 2.657098 k=2.657098,0.000000
(b)r: 0.4 phi: 8 vel: ( 0, 0 ) (632,25) rel: ( 0.396107, 0.0556692 ), (632,25) global: ( -14.6135, 0.86335 ), (632,25), changes: 0, 0 last seen:(632,24) globalposderived: (632,24)
 632: ball (-14.613530,0.863350), agent (-14.901594,1.140873), to (-1000.000000,-1000.000000) ang -51.932225 -51.932225
 632: relpos body (0.400000,8.000000), vel. ball:(0.000000,0.000000) dist: 1.169759 (0.300000,0.085000,0.784759)
 632: pos (-65.731473,-66.763878) too far, but can acc ball good to 2.657098 k=2.657098,0.000000
 632: direction old: -43.932225, new: -43.932225
(b)r: 0.4 phi: 8 vel: ( 0, 0 ) (632,25) rel: ( 0.396107, 0.0556692 ), (632,25) global: ( -14.6135, 0.86335 ), (632,25), changes: 0, 0 last seen:(632,25) globalposderived: (632,25)
 632: ball (-14.613530,0.863350), agent (-14.901594,1.140873), to (-1000.000000,-1000.000000) ang -51.932225 -51.932225
 632: relpos body (0.400000,8.000000), vel. ball:(0.000000,0.000000) dist: 1.169759 (0.300000,0.085000,0.784759)
 632: pos (-65.731473,-66.763878) too far, but can acc ball good to 2.657098 k=2.657098,0.000000
(b)r: 0.4 phi: 8 vel: ( 0, 0 ) (632,26) rel: ( 0.396107, 0.0556692 ), (632,26) global: ( -14.6135, 0.86335 ), (632,26), changes: 0, 0 last seen:(632,25) globalposderived: (632,25)
 632: ball (-14.613530,0.863350), agent (-14.901594,1.140873), to (-1000.000000,-1000.000000) ang -51.932225 -51.932225
 632: relpos body (0.400000,8.000000), vel. ball:(0.000000,0.000000) dist: 1.169759 (0.300000,0.085000,0.784759)
 632: pos (-65.731473,-66.763878) too far, but can acc ball good to 2.657098 k=2.657098,0.000000
(b)r: 0.4 phi: 8 vel: ( 0, 0 ) (632,27) rel: ( 0.396107, 0.0556692 ), (632,27) global: ( -14.6135, 0.86335 ), (632,27), changes: 0, 0 last seen:(632,25) globalposderived: (632,25)
 632: ball (-14.613530,0.863350), agent (-14.901594,1.140873), to (-1000.000000,-1000.000000) ang -51.932225 -51.932225
 632: relpos body (0.400000,8.000000), vel. ball:(0.000000,0.000000) dist: 1.169759 (0.300000,0.085000,0.784759)
 632: pos (-65.731473,-66.763878) too far, but can acc ball good to 2.657098 k=2.657098,0.000000
 632: direction old: -43.932225, new: -43.932225
(b)r: 0.4 phi: 8 vel: ( 0, 0 ) (632,27) rel: ( 0.396107, 0.0556692 ), (632,27) global: ( -14.6135, 0.86335 ), (632,27), changes: 0, 0 last seen:(632,27) globalposderived: (632,27)
 632: ball (-14.613530,0.863350), agent (-14.901594,1.140873), to (-1000.000000,-1000.000000) ang -51.932225 -51.932225
 632: relpos body (0.400000,8.000000), vel. ball:(0.000000,0.000000) dist: 1.169759 (0.300000,0.085000,0.784759)
 632: pos (-65.731473,-66.763878) too far, but can acc ball good to 2.657098 k=2.657098,0.000000
(b)r: 0.4 phi: 8 vel: ( 0, 0 ) (632,28) rel: ( 0.396107, 0.0556692 ), (632,28) global: ( -14.6135, 0.86335 ), (632,28), changes: 0, 0 last seen:(632,27) globalposderived: (632,27)
 632: ball (-14.613530,0.863350), agent (-14.901594,1.140873), to (-1000.000000,-1000.000000) ang -51.932225 -51.932225
 632: relpos body (0.400000,8.000000), vel. ball:(0.000000,0.000000) dist: 1.169759 (0.300000,0.085000,0.784759)
 632: pos (-65.731473,-66.763878) too far, but can acc ball good to 2.657098 k=2.657098,0.000000
 632: direction old: -43.932225, new: -43.932225
(b)r: 0.4 phi: 8 vel: ( 0, 0 ) (632,28) rel: ( 0.396107, 0.0556692 ), (632,28) global: ( -14.6135, 0.86335 ), (632,28), changes: 0, 0 last seen:(632,28) globalposderived: (632,28)
 632: ball (-14.613530,0.863350), agent (-14.901594,1.140873), to (-1000.000000,-1000.000000) ang -51.932225 -51.932225
 632: relpos body (0.400000,8.000000), vel. ball:(0.000000,0.000000) dist: 1.169759 (0.300000,0.085000,0.784759)
 632: pos (-65.731473,-66.763878) too far, but can acc ball good to 2.657098 k=2.657098,0.000000
(b)r: 0.4 phi: 8 vel: ( 0, 0 ) (632,29) rel: ( 0.396107, 0.0556692 ), (632,29) global: ( -14.6135, 0.86335 ), (632,29), changes: 0, 0 last seen:(632,28) globalposderived: (632,28)
 632: ball (-14.613530,0.863350), agent (-14.901594,1.140873), to (-1000.000000,-1000.000000) ang -51.932225 -51.932225
 632: relpos body (0.400000,8.000000), vel. ball:(0.000000,0.000000) dist: 1.169759 (0.300000,0.085000,0.784759)
 632: pos (-65.731473,-66.763878) too far, but can acc ball good to 2.657098 k=2.657098,0.000000
(b)r: 0.4 phi: 8 vel: ( 0, 0 ) (632,30) rel: ( 0.396107, 0.0556692 ), (632,30) global: ( -14.6135, 0.86335 ), (632,30), changes: 0, 0 last seen:(632,28) globalposderived: (632,28)
 632: ball (-14.613530,0.863350), agent (-14.901594,1.140873), to (-1000.000000,-1000.000000) ang -51.932225 -51.932225
 632: relpos body (0.400000,8.000000), vel. ball:(0.000000,0.000000) dist: 1.169759 (0.300000,0.085000,0.784759)
 632: pos (-65.731473,-66.763878) too far, but can acc ball good to 2.657098 k=2.657098,0.000000
 632: direction old: -43.932225, new: -43.932225
(b)r: 0.4 phi: 8 vel: ( 0, 0 ) (632,30) rel: ( 0.396107, 0.0556692 ), (632,30) global: ( -14.6135, 0.86335 ), (632,30), changes: 0, 0 last seen:(632,30) globalposderived: (632,30)
 632: ball (-14.613530,0.863350), agent (-14.901594,1.140873), to (-1000.000000,-1000.000000) ang -51.932225 -51.932225
 632: relpos body (0.400000,8.000000), vel. ball:(0.000000,0.000000) dist: 1.169759 (0.300000,0.085000,0.784759)
 632: pos (-65.731473,-66.763878) too far, but can acc ball good to 2.657098 k=2.657098,0.000000
(b)r: 0.4 phi: 8 vel: ( 0, 0 ) (633,0) rel: ( 0.396107, 0.0556692 ), (633,0) global: ( -14.6135, 0.86335 ), (633,0), changes: 0, 0 last seen:(632,30) globalposderived: (632,30)
 633: ball (-14.613530,0.863350), agent (-14.901594,1.140873), to (-1000.000000,-1000.000000) ang -51.932225 -51.932225
 633: relpos body (0.400000,8.000000), vel. ball:(0.000000,0.000000) dist: 1.169759 (0.300000,0.085000,0.784759)
 633: pos (-65.731473,-66.763878) too far, but can acc ball good to 2.657098 k=2.657098,0.000000
 633: direction old: -43.932225, new: -43.932225
(b)r: 0.4 phi: 8 vel: ( 0, 0 ) (633,0) rel: ( 0.396107, 0.0556692 ), (633,0) global: ( -14.6135, 0.86335 ), (633,0), changes: 0, 0 last seen:(633,0) globalposderived: (633,0)
 633: ball (-14.613530,0.863350), agent (-14.901594,1.140873), to (-1000.000000,-1000.000000) ang -51.932225 -51.932225
 633: relpos body (0.400000,8.000000), vel. ball:(0.000000,0.000000) dist: 1.169759 (0.300000,0.085000,0.784759)
 633: pos (-65.731473,-66.763878) too far, but can acc ball good to 2.657098 k=2.657098,0.000000
(b)r: 1.98729 phi: 30.2561 vel: ( 0.190992, 0.836347 ) (722,0) rel: ( 1.71658, 1.00133 ), (722,0) global: ( -41.5487, 11.5284 ), (722,0), changes: -0.444, -11.3 last seen:(720,0) globalposderived: (720,0)
 722: direction old: 172.138876, new: 170.690532
(b)r: 1.8 phi: 32 vel: ( 0.176476, 0.799671 ) (722,0) rel: ( 1.52649, 0.953855 ), (722,0) global: ( -41.2043, 11.5268 ), (722,0), changes: -0.288, -19.6 last seen:(722,0) globalposderived: (722,0)
(b)r: 1.08679 phi: 12.5787 vel: ( 0.165887, 0.75169 ) (723,0) rel: ( 1.06071, 0.236682 ), (723,0) global: ( -41.0278, 12.3264 ), (723,0), changes: -0.288, -19.6 last seen:(722,0) globalposderived: (722,0)
 723: ball (-41.027841,12.326423), agent (-40.074845,11.804007), to (-7.920388,14.211271) ang 138.690532 138.690532
 723: relpos body (1.086793,12.578684), vel. ball:(0.165887,0.751690) dist: 1.169759 (0.300000,0.085000,0.784759)
 723: point too far, reposition ball (k_r = 0.758960)
 723: (kick 37.901222 145.718999), vecDesired (0.359162,-0.000546) 0.000000 posDes(-40.668679,12.325877)
 723: direction old: 132.346706, new: 152.669081
(b)r: 1.1 phi: 15 vel: ( 0.171544, 0.722022 ) (723,0) rel: ( 1.06252, 0.284701 ), (723,0) global: ( -41.2864, 12.0429 ), (723,0), changes: -0.11, -32.5 last seen:(723,0) globalposderived: (723,0)
 723: ball (-41.286360,12.042930), agent (-40.309154,11.537889), to (-7.920388,14.211271) ang 137.669081 137.669081
 723: relpos body (1.100000,15.000000), vel. ball:(0.171544,0.722022) dist: 1.169759 (0.300000,0.085000,0.784759)
 723: point too far, reposition ball (k_r = 0.751390)
 723: (kick 35.936632 149.995095), vecDesired (0.392770,0.027331) 0.000000 posDes(-40.893590,12.070262)
(b)r: 0.536771 phi: 1.15102 vel: ( 0.352708, 0.0392896 ) (724,0) rel: ( 0.536662, 0.0107825 ), (724,0) global: ( -40.9111, 12.0847 ), (724,0), changes: -0.11, -32.5 last seen:(723,0) globalposderived: (723,0)
 724: ball (-40.911139,12.084728), agent (-40.507141,11.731305), to (-7.920388,14.211271) ang 137.669081 137.669081
 724: relpos body (0.536771,1.151023), vel. ball:(0.352708,0.039290) dist: 1.169759 (0.300000,0.085000,0.784759)
 724: pos (3.983997,0.256803) too far, but can acc ball good to 2.919592 k=2.565140,0.016520
 725: 2 pos: ball(-37.591230,12.655847), ball_prev(-41.286360,12.042930), agentdiff(0.318748,0.399789)
 725: direction old: 2.295652, new: 9.766646
 759: direction old: -20.430610, new: -19.998436
(b)r: 1.74905 phi: -10.4998 vel: ( -0.794862, -0.0361276 ) (760,0) rel: ( 1.71977, -0.318734 ), (760,0) global: ( -15.3841, 11.8929 ), (760,0), changes: -0.8, -7.6 last seen:(759,0) globalposderived: (759,0)
(b)r: 1.16895 phi: -21.9566 vel: ( -0.74717, -0.0339599 ) (761,0) rel: ( 1.08416, -0.437076 ), (761,0) global: ( -16.179, 11.8568 ), (761,0), changes: -0.8, -7.6 last seen:(759,0) globalposderived: (759,0)
 761: turnWithBall: kick ball close to desired turnangle 0.000000
 761: (kick 57.061497 91.045905), vecDesired (-0.198233,0.929547) 30.717286 posDes(-16.377240,12.786356)
 761: direction old: -58.600890, new: -52.962456
(b)r: 1.1 phi: -23 vel: ( -0.772216, -0.0146127 ) (761,0) rel: ( 1.01256, -0.429804 ), (761,0) global: ( -16.1369, 11.9953 ), (761,0), changes: -0.484, -33 last seen:(761,0) globalposderived: (761,0)
 761: turnWithBall: turn since ball will be kickable in t+1
(b)r: 0.899386 phi: -97.0023 vel: ( -0.725883, -0.0137359 ) (762,0) rel: ( -0.109644, -0.892678 ), (762,0) global: ( -16.9092, 11.9807 ), (762,0), changes: -0.484, -33 last seen:(761,0) globalposderived: (761,0)
 762: ball (-16.909161,11.980726), agent (-16.799518,12.873404), to (-12.799518,12.873404) ang 0.000000 0.000000
 762: relpos body (0.899386,-97.002312), vel. ball:(-0.725883,-0.013736) dist: 1.169759 (0.300000,0.085000,0.784759)
 762: point good and can reach point 78.675076
 762: 2 pos: ball(-17.017901,11.956812), ball_prev(-16.136946,11.995339), agentdiff(-0.071403,-0.028675)
 762: vel based on 2 pos: (-0.760979,-0.009261)
 762: direction old: -92.534270, new: -99.399160
(b)r: 0.9 phi: -96 vel: ( -0.760979, -0.00926089 ) (762,0) rel: ( -0.0940756, -0.89507 ), (762,0) global: ( -17.0179, 11.9568 ), (762,0), changes: -0.484, -33 last seen:(762,0) globalposderived: (762,0)
 762: ball (-17.017901,11.956812), agent (-16.870920,12.844729), to (-12.877958,12.607562) ang -3.399160 -3.399160
 762: relpos body (0.900000,-96.000000), vel. ball:(-0.760979,-0.009261) dist: 1.169759 (0.300000,0.085000,0.784759)
 762: point good and can reach point 80.553151
(b)r: 0.983395 phi: -48.6499 vel: ( 0.706649, 0.105725 ) (763,0) rel: ( 0.649687, -0.738222 ), (763,0) global: ( -16.2661, 12.0693 ), (763,0), changes: -0.484, -33 last seen:(762,0) globalposderived: (762,0)
 763: ball (-16.266147,12.069285), agent (-16.870920,12.844729), to (-12.877958,12.607562) ang -3.399160 -3.399160
 763: relpos body (0.983395,-48.649938), vel. ball:(0.706649,0.105725) dist: 1.169759 (0.300000,0.085000,0.784759)
 763: point good and can reach point 0.606562
(b)r: 0.904247 phi: -38.9335 vel: ( 0, 0 ) (764,0) rel: ( 0.703392, -0.568246 ), (764,0) global: ( -15.5595, 12.175 ), (764,0), changes: -0.484, -33 last seen:(762,0) globalposderived: (762,0)
 764: ball (-15.559498,12.175009), agent (-16.227960,12.783961), to (-12.234997,12.546794) ang -3.399160 -3.399160
 764: relpos body (0.904247,-38.933523), vel. ball:(0.000000,0.000000) dist: 1.169759 (0.300000,0.085000,0.784759)
 764: point good and can reach point 34.392277
 764: 2 pos: ball(-16.050279,12.277271), ball_prev(-17.017901,11.956812), agentdiff(-0.155018,-0.007378)
 764: direction old: -36.149059, new: -56.323856
(b)r: 0.6 phi: -53 vel: ( 0, 0 ) (764,0) rel: ( 0.361089, -0.479181 ), (764,0) global: ( -16.0503, 12.2773 ), (764,0), changes: -0.484, -33 last seen:(764,0) globalposderived: (764,0)
 764: ball (-16.050279,12.277271), agent (-16.382978,12.776582), to (-12.389707,12.544663) ang -3.323856 -3.323856
 764: relpos body (0.600000,-53.000000), vel. ball:(0.000000,0.000000) dist: 1.169759 (0.300000,0.085000,0.784759)
 764: point good and can reach point 31.289903
(b)r: 0.940671 phi: -24.1036 vel: ( 0.673587, 0.0432773 ) (765,0) rel: ( 0.858652, -0.384159 ), (765,0) global: ( -15.3337, 12.3233 ), (765,0), changes: -0.484, -33 last seen:(764,0) globalposderived: (764,0)
 765: ball (-15.333697,12.323311), agent (-16.168631,12.756608), to (-6.694203,-0.043353) ang -3.323856 -3.323856
 765: relpos body (0.940671,-24.103632), vel. ball:(0.673587,0.043277) dist: 1.169759 (0.300000,0.085000,0.784759)
 765: point good and can reach point 109.932168
 765: 2 pos: ball(-16.328401,9.996894), ball_prev(-16.050279,12.277271), agentdiff(0.185145,-0.081835)
 765: vel based on 2 pos: (-0.435471,-2.066629)
 765: direction old: -28.408350, new: -97.339369
 785: direction old: -134.471885, new: -133.860132
(b)r: 1.83825 phi: 14.1671 vel: ( -0.253227, -0.0216024 ) (786,0) rel: ( 1.78234, 0.449914 ), (786,0) global: ( -25.1402, -0.0275703 ), (786,0), changes: -0.1, -2.5 last seen:(785,0) globalposderived: (785,0)
 786: direction old: -123.382160, new: -131.387558
(b)r: 1.8 phi: 15 vel: ( -0.260306, -0.0307844 ) (786,0) rel: ( 1.73867, 0.465874 ), (786,0) global: ( -25.2264, 0.297187 ), (786,0), changes: -0.072, -3 last seen:(786,0) globalposderived: (786,0)
(b)r: 1.19823 phi: 17.5798 vel: ( -0.244687, -0.0289373 ) (787,0) rel: ( 1.14227, 0.361905 ), (787,0) global: ( -25.4867, 0.266402 ), (787,0), changes: -0.072, -3 last seen:(786,0) globalposderived: (786,0)
(b)r: 0.54041 phi: 29.5008 vel: ( -0.230006, -0.0272011 ) (788,0) rel: ( 0.470345, 0.266117 ), (788,0) global: ( -25.7314, 0.237465 ), (788,0), changes: -0.072, -3 last seen:(786,0) globalposderived: (786,0)
 788: turnWithBall: turn since ball will be kickable in t+1
 788: direction old: -154.982600, new: -120.919934
(b)r: 0.6 phi: 26 vel: ( -0.237516, -0.0278729 ) (788,0) rel: ( 0.539276, 0.263023 ), (788,0) global: ( -25.6736, -0.106382 ), (788,0), changes: -0.108, -6.1 last seen:(788,0) globalposderived: (788,0)
 788: turnWithBall: turn since ball will be kickable in t+1
(b)r: 0.501239 phi: -66.0934 vel: ( -0.223265, -0.0262006 ) (789,0) rel: ( 0.203125, -0.458236 ), (789,0) global: ( -25.9111, -0.134255 ), (789,0), changes: -0.108, -6.1 last seen:(788,0) globalposderived: (788,0)
 789: turnWithBall: turn since ball will be kickable in t+1
 789: 2 pos: ball(-25.939891,-0.037394), ball_prev(-25.673558,-0.106382), agentdiff(0.022260,0.059720)
 789: vel based on 2 pos: (-0.271277,0.008711)
 789: direction old: -120.067068, new: -128.516467
(b)r: 0.5 phi: -85 vel: ( -0.271277, 0.0087112 ) (789,0) rel: ( 0.0435779, -0.498097 ), (789,0) global: ( -25.9399, -0.0373943 ), (789,0), changes: -0.108, -6.1 last seen:(789,0) globalposderived: (789,0)
 789: turnWithBall: turn since ball will be kickable in t+1
(b)r: 0.604727 phi: -150.58 vel: ( -0.255, 0.00818853 ) (790,0) rel: ( -0.526742, -0.297048 ), (790,0) global: ( -26.2112, -0.0286831 ), (790,0), changes: -0.108, -6.1 last seen:(789,0) globalposderived: (789,0)
 790: kick results in collision, change velDes from (0.764366,0.101202)
 790: ball (-26.211168,-0.028683), agent (-25.705199,0.302513), to (-21.713937,0.566748) ang 3.787659 3.787659
 790: relpos body (0.604727,-150.579796), vel. ball:(-0.255000,0.008189) dist: 1.169759 (0.300000,0.085000,0.784759)
 790: point good and can reach point 60.756017
(b)r: 0.2 phi: -33.0361 vel: ( -0.08542, -0.00993173 ) (791,0) rel: ( 0.167666, -0.109033 ), (791,0) global: ( -25.5307, 0.204793 ), (791,0), changes: -0.108, -6.1 last seen:(789,0) globalposderived: (789,0)
 791: ball (-25.530697,0.204793), agent (-25.705199,0.302513), to (-21.713937,0.566748) ang 3.787659 3.787659
 791: relpos body (0.200000,-33.036061), vel. ball:(-0.085420,-0.009932) dist: 1.169759 (0.300000,0.085000,0.784759)
 791: point good and can reach point 29.641005
 791: 2 pos: ball(-25.551510,-0.175940), ball_prev(-25.939891,-0.037394), agentdiff(0.020630,-0.101232)
 791: direction old: 1.307709, new: -70.570308
(b)r: 0.4 phi: -73 vel: ( -0.08542, -0.00993173 ) (791,0) rel: ( 0.116949, -0.382522 ), (791,0) global: ( -25.5515, -0.17594 ), (791,0), changes: -0.108, -6.1 last seen:(791,0) globalposderived: (791,0)
 791: ball (-25.551510,-0.175940), agent (-25.684570,0.201281), to (-21.688166,0.370854) ang 2.429692 2.429692
 791: relpos body (0.400000,-73.000000), vel. ball:(-0.085420,-0.009932) dist: 1.169759 (0.300000,0.085000,0.784759)
 791: point good and can reach point 35.511175
(b)r: 0.927825 phi: -19.8601 vel: ( 0.707031, 0.0933348 ) (792,0) rel: ( 0.872642, -0.315205 ), (792,0) global: ( -24.7993, -0.0766472 ), (792,0), changes: -0.108, -6.1 last seen:(791,0) globalposderived: (791,0)
 792: ball (-24.799349,-0.076647), agent (-25.684570,0.201281), to (-17.869679,7.942779) ang 2.429692 2.429692
 792: relpos body (0.927825,-19.860137), vel. ball:(0.707031,0.093335) dist: 1.169759 (0.300000,0.085000,0.784759)
 792: point good and can reach point 85.488971
 792: direction old: -23.621174, new: -18.640324
(b)r: 1.1 phi: -21 vel: ( 0.786117, 0.127899 ) (792,0) rel: ( 1.02694, -0.394205 ), (792,0) global: ( -24.719, -0.00754036 ), (792,0), changes: 0.704, 19.4 last seen:(792,0) globalposderived: (792,0)
(b)r: 1.26013 phi: -13.7156 vel: ( 0.73895, 0.120225 ) (793,0) rel: ( 1.22419, -0.298781 ), (793,0) global: ( -23.9329, 0.120358 ), (793,0), changes: 0.704, 19.4 last seen:(792,0) globalposderived: (792,0)
(b)r: 1.39886 phi: -8.59597 vel: ( 0.694613, 0.113011 ) (794,0) rel: ( 1.38315, -0.209082 ), (794,0) global: ( -23.194, 0.240583 ), (794,0), changes: 0.704, 19.4 last seen:(792,0) globalposderived: (792,0)
 794: direction old: -12.872446, new: -19.756860
(b)r: 0.7 phi: -22 vel: ( 0.356717, 0.0578467 ) (794,0) rel: ( 0.649029, -0.262225 ), (794,0) global: ( -24.1432, 0.371436 ), (794,0), changes: 0.14, 8.5 last seen:(794,0) globalposderived: (794,0)
 794: ball (-24.143182,0.371436), agent (-24.801977,0.608057), to (-17.334201,8.684710) ang 2.243140 2.243140
 794: relpos body (0.700000,-22.000000), vel. ball:(0.356717,0.057847) dist: 1.169759 (0.300000,0.085000,0.784759)
 794: point good and can reach point 87.768947
 795: direction old: 47.705763, new: 34.480941
 831: direction old: -51.889977, new: -52.995305
 842: direction old: -40.666018, new: -39.998020
 843: direction old: -37.981440, new: -38.229508
(b)r: 1.92332 phi: -104.668 vel: ( 0, 0 ) (844,0) rel: ( -0.487028, -1.86064 ), (844,0) global: ( -15.4841, -1.00533 ), (844,0), changes: 0.088, 4.8 last seen:(843,0) globalposderived: (843,0)
(b)r: 1.83153 phi: -145.942 vel: ( 0, 0 ) (845,0) rel: ( -1.51737, -1.02572 ), (845,0) global: ( -15.4841, -1.00533 ), (845,0), changes: 0.088, 4.8 last seen:(843,0) globalposderived: (843,0)
 845: 2 pos: ball(-14.534846,-0.166596), ball_prev(-15.484129,-1.005328), agentdiff(-0.100603,0.017935)
 845: direction old: -37.264666, new: -7.468469
 846: direction old: -9.120154, new: -8.138027
(b)r: 1.89986 phi: -13.5416 vel: ( 0, 0 ) (847,0) rel: ( 1.84704, -0.444855 ), (847,0) global: ( -14.5511, -0.120586 ), (847,0), changes: 0.05, -0.3 last seen:(846,0) globalposderived: (846,0)
(b)r: 1.14504 phi: -23.0513 vel: ( 0, 0 ) (848,0) rel: ( 1.05361, -0.448345 ), (848,0) global: ( -14.5511, -0.120586 ), (848,0), changes: 0.05, -0.3 last seen:(846,0) globalposderived: (846,0)
 848: 2 pos: ball(-15.607572,-0.135217), ball_prev(-14.551105,-0.120586), agentdiff(0.094345,-0.037252)
 848: direction old: -21.154616, new: -102.003631
(b)r: 0.4 phi: -104 vel: ( 0, 0 ) (848,0) rel: ( -0.0967688, -0.388118 ), (848,0) global: ( -15.6076, -0.135217 ), (848,0), changes: 0.05, -0.3 last seen:(848,0) globalposderived: (848,0)
 848: ball (-15.607572,-0.135217), agent (-15.524383,0.256037), to (-11.526811,0.395381) ang 1.996369 1.996369
 848: relpos body (0.400000,-104.000000), vel. ball:(0.000000,0.000000) dist: 1.169759 (0.300000,0.085000,0.784759)
 848: point good and can reach point 33.565685
(b)r: 0.761713 phi: -25.234 vel: ( 0.707254, 0.0867944 ) (849,0) rel: ( 0.689026, -0.324731 ), (849,0) global: ( -14.8552, -0.0428827 ), (849,0), changes: 0.05, -0.3 last seen:(848,0) globalposderived: (848,0)
 849: ball (-14.855174,-0.042883), agent (-15.555094,0.257648), to (-11.557522,0.396993) ang 1.996369 1.996369
 849: relpos body (0.761713,-25.234036), vel. ball:(0.707254,0.086794) dist: 1.169759 (0.300000,0.085000,0.784759)
 849: point good and can reach point 0.629307
 849: direction old: -23.237529, new: -3.050386
(b)r: 1.8 phi: -5 vel: ( 0, 0 ) (849,0) rel: ( 1.79315, -0.15688 ), (849,0) global: ( -13.7576, 0.161861 ), (849,0), changes: 1.728, 11.6 last seen:(849,0) globalposderived: (849,0)
(b)r: 1.8 phi: -121.033 vel: ( 0, 0 ) (850,0) rel: ( -0.927951, -1.54237 ), (850,0) global: ( -13.7576, 0.161861 ), (850,0), changes: 1.728, 11.6 last seen:(849,0) globalposderived: (849,0)
(b)r: 1.93571 phi: -155.577 vel: ( 0, 0 ) (852,0) rel: ( -1.7625, -0.80036 ), (852,0) global: ( -14.6538, 0.233096 ), (852,0), changes: 1.728, 11.6 last seen:(849,0) globalposderived: (849,0)
(b)r: 1.93747 phi: -155.548 vel: ( 0, 0 ) (852,0) rel: ( -1.76369, -0.801981 ), (852,0) global: ( -14.2844, 0.312257 ), (852,0), changes: 1.728, 11.6 last seen:(849,0) globalposderived: (849,0)
(b)r: 1.88642 phi: 179.817 vel: ( 0, 0 ) (854,0) rel: ( -1.88641, 0.00602743 ), (854,0) global: ( -14.2844, 0.312257 ), (854,0), changes: 1.728, 11.6 last seen:(849,0) globalposderived: (849,0)
(b)r: 1.98232 phi: -176.613 vel: ( 0, 0 ) (854,0) rel: ( -1.97886, -0.117111 ), (854,0) global: ( -13.6885, 0.330857 ), (854,0), changes: 1.728, 11.6 last seen:(849,0) globalposderived: (849,0)
(b)r: 1.83481 phi: -165.693 vel: ( 0, 0 ) (855,0) rel: ( -1.7779, -0.45341 ), (855,0) global: ( -13.6885, 0.330857 ), (855,0), changes: 1.728, 11.6 last seen:(849,0) globalposderived: (849,0)
(b)r: 1.60556 phi: -154.15 vel: ( 0, 0 ) (855,0) rel: ( -1.44491, -0.700049 ), (855,0) global: ( -13.1634, -0.026893 ), (855,0), changes: 1.728, 11.6 last seen:(849,0) globalposderived: (849,0)
(b)r: 1.46059 phi: -151.26 vel: ( 0, 0 ) (856,0) rel: ( -1.28067, -0.702295 ), (856,0) global: ( -13.1634, -0.026893 ), (856,0), changes: 1.728, 11.6 last seen:(849,0) globalposderived: (849,0)
(b)r: 0.859073 phi: -121.654 vel: ( 0, 0 ) (857,0) rel: ( -0.450827, -0.731274 ), (857,0) global: ( -13.1634, -0.026893 ), (857,0), changes: 1.728, 11.6 last seen:(849,0) globalposderived: (849,0)
(b)r: 0.819933 phi: -135.594 vel: ( 0, 0 ) (857,0) rel: ( -0.585764, -0.573734 ), (857,0) global: ( -12.1888, 0.0813979 ), (857,0), changes: 1.728, 11.6 last seen:(849,0) globalposderived: (849,0)
(b)r: 1.61534 phi: -29.832 vel: ( 0, 0 ) (858,0) rel: ( 1.40129, -0.803565 ), (858,0) global: ( -12.1888, 0.0813979 ), (858,0), changes: 1.728, 11.6 last seen:(849,0) globalposderived: (849,0)
(b)r: 1.43493 phi: -13.7885 vel: ( -0.72776, 0.0145115 ) (865,0) rel: ( 1.39358, -0.342001 ), (865,0) global: ( -8.64193, 1.75558 ), (865,0), changes: -1.02, 2 last seen:(864,0) globalposderived: (864,0)
(b)r: 0.2 phi: -167.096 vel: ( 0.0684094, -0.00136408 ) (866,0) rel: ( -0.19495, -0.044662 ), (866,0) global: ( -9.42511, 1.728 ), (866,0), changes: -1.02, 2 last seen:(864,0) globalposderived: (864,0)
 866: 2 pos: ball(-9.586924,1.472532), ball_prev(-7.867715,1.740145), agentdiff(0.075510,-0.324308)
 866: direction old: 139.104684, new: -172.511958
(b)r: 0.4 phi: 163 vel: ( 0.0684094, -0.00136408 ) (866,0) rel: ( -0.382522, 0.116949 ), (866,0) global: ( -9.58692, 1.47253 ), (866,0), changes: -1.02, 2 last seen:(866,0) globalposderived: (866,0)
 866: turnWithBall: kick ball away from opp at ang -88.511958
 866: (kick 29.976786 38.004357), vecDesired (0.355816,0.550560) 67.000000 posDes(-9.231108,2.023092)
(b)r: 0.2 phi: 71.465 vel: ( -0.0325702, -0.0500601 ) (867,0) rel: ( 0.0635767, 0.189626 ), (867,0) global: ( -9.21108, 1.72358 ), (867,0), changes: -1.02, 2 last seen:(866,0) globalposderived: (866,0)
 867: turnWithBall: turn since ball will be kickable in t+1
 867: 2 pos: ball(-9.571680,1.645391), ball_prev(-9.586924,1.472532), agentdiff(-0.000000,-0.000000)
 867: direction old: 95.953080, new: 162.432486
(b)r: 0.4 phi: 138 vel: ( -0.0325702, -0.0500601 ) (867,0) rel: ( -0.297258, 0.267652 ), (867,0) global: ( -9.57168, 1.64539 ), (867,0), changes: -1.02, 2 last seen:(867,0) globalposderived: (867,0)
 867: turnWithBall: turn since ball will be kickable in t+1
(b)r: 0.419905 phi: 170.311 vel: ( -0.030616, -0.0470565 ) (868,0) rel: ( -0.413915, 0.0706716 ), (868,0) global: ( -9.60425, 1.59533 ), (868,0), changes: -1.02, 2 last seen:(867,0) globalposderived: (867,0)
 868: kick results in collision, change velDes from (0.770938,-0.012344)
 868: ball (-9.604250,1.595331), agent (-9.190335,1.524660), to (-5.190335,1.524660) ang 0.000000 0.000000
 868: relpos body (0.419905,170.310784), vel. ball:(-0.030616,-0.047057) dist: 1.169759 (0.300000,0.085000,0.784759)
 868: point good and can reach point 40.920001
(b)r: 0.2 phi: 8.04941 vel: ( -0.0734529, 0.00175778 ) (869,0) rel: ( 0.19803, 0.0280054 ), (869,0) global: ( -8.99231, 1.55266 ), (869,0), changes: -1.02, 2 last seen:(867,0) globalposderived: (867,0)
 869: direction old: 8.049407, new: 21.812678
 981: Received coach message: online_coach_left (advice (0 (true) (do our {1} (home (pt -50 0))) (do our {2} (home (pt -12 26))) (do our {3} (home (pt -20 10))) (do our {4} (home (pt -20 -10))) (do our {5} (home (pt -12 -26))) (do our {6} (home (pt 12 15))) (do our {7} (home (pt 35 22))) (do our {8} (home (pt 35 -22))) (do our {9} (home (pt 0 0))) (do our {10} (home (pt 20 0))) (do our {11} (home (pt 12 -15))))))
 981: new home position for player 0: -50 0
 981: new home position for player 1: -12 26
 981: new home position for player 2: -20 10
 981: new home position for player 3: -20 -10
 981: new home position for player 4: -12 -26
 981: new home position for player 5: 12 15
 981: new home position for player 6: 35 22
 981: new home position for player 7: 35 -22
 981: new home position for player 8: 0 0
 981: new home position for player 9: 20 0
 981: new home position for player 10: 12 -15
 1261: Received coach message: online_coach_left (advice (0 (true) (do our {1} (home (pt -50 0))) (do our {2} (home (pt -12 26))) (do our {3} (home (pt -20 10))) (do our {4} (home (pt -20 -10))) (do our {5} (home (pt -12 -26))) (do our {6} (home (pt 0 0))) (do our {7} (home (pt 35 22))) (do our {8} (home (pt 35 -22))) (do our {9} (home (pt 20 0))) (do our {10} (home (pt 12 15))) (do our {11} (home (pt 12 -15))))))
 1261: new home position for player 0: -50 0
 1261: new home position for player 1: -12 26
 1261: new home position for player 2: -20 10
 1261: new home position for player 3: -20 -10
 1261: new home position for player 4: -12 -26
 1261: new home position for player 5: 0 0
 1261: new home position for player 6: 35 22
 1261: new home position for player 7: 35 -22
 1261: new home position for player 8: 20 0
 1261: new home position for player 9: 12 15
 1261: new home position for player 10: 12 -15
 1356: direction old: -81.668581, new: -78.998322
 1357: direction old: -95.999578, new: -95.508273
 1359: direction old: -130.985109, new: -129.672397
 1360: direction old: -145.063028, new: -142.881867
(b)r: 1.86744 phi: -6.26389 vel: ( -0.262622, 0.146121 ) (1371,0) rel: ( 1.85629, -0.203752 ), (1371,0) global: ( -23.0902, 8.75151 ), (1371,0), changes: 0, -2.6 last seen:(1369,0) globalposderived: (1369,0)
 1371: direction old: 166.339687, new: 167.556362
(b)r: 1.8 phi: -6 vel: ( -0.256076, 0.14317 ) (1371,0) rel: ( 1.79014, -0.188151 ), (1371,0) global: ( -22.8696, 8.65856 ), (1371,0), changes: 0, -4.5 last seen:(1371,0) globalposderived: (1371,0)
(b)r: 1.27891 phi: -15.6564 vel: ( -0.240711, 0.13458 ) (1372,0) rel: ( 1.23145, -0.345136 ), (1372,0) global: ( -23.1257, 8.80173 ), (1372,0), changes: 0, -4.5 last seen:(1371,0) globalposderived: (1371,0)
 1372: direction old: 151.056174, new: 157.283420
(b)r: 1.2 phi: -16 vel: ( -0.243494, 0.134769 ) (1372,0) rel: ( 1.15351, -0.330765 ), (1372,0) global: ( -23.0881, 8.63217 ), (1372,0), changes: 0.024, -5.6 last seen:(1372,0) globalposderived: (1372,0)
(b)r: 0.77429 phi: -41.051 vel: ( -0.228885, 0.126683 ) (1373,0) rel: ( 0.583912, -0.5085 ), (1373,0) global: ( -23.3315, 8.76694 ), (1373,0), changes: 0.024, -5.6 last seen:(1372,0) globalposderived: (1372,0)
 1373: ball (-23.331550,8.766937), agent (-22.811119,8.193635), to (-0.933132,-14.624269) ang 173.283420 173.283420
 1373: relpos body (0.774290,-41.050984), vel. ball:(-0.228885,0.126683) dist: 1.169759 (0.300000,0.085000,0.784759)
 1373: point too far, reposition ball (k_r = 0.818969)
 1373: (kick 28.617111 94.214879), vecDesired (-0.256505,-0.505501) 0.000000 posDes(-23.588055,8.261437)
(b)r: 0.536893 phi: 0.618527 vel: ( -0.242735, -0.462256 ) (1374,0) rel: ( 0.536861, 0.00579582 ), (1374,0) global: ( -23.5898, 8.27518 ), (1374,0), changes: 0.024, -5.6 last seen:(1372,0) globalposderived: (1372,0)
 1374: ball (-23.589779,8.275175), agent (-23.055924,8.218141), to (-0.933132,-14.624269) ang 173.283420 173.283420
 1374: relpos body (0.536893,0.618527), vel. ball:(-0.242735,-0.462256) dist: 1.169759 (0.300000,0.085000,0.784759)
 1374: pos (2.807872,-2.837963) too far, but can acc ball good to 2.676208 k=2.567032,-0.497670
 1374: direction old: 167.648733, new: 175.238224
(b)r: 0.4 phi: 2 vel: ( -0.158229, -0.454086 ) (1374,0) rel: ( 0.399756, 0.0139598 ), (1374,0) global: ( -23.4295, 8.18599 ), (1374,0), changes: 0.04, 66.9 last seen:(1374,0) globalposderived: (1374,0)
 1374: ball (-23.429463,8.185989), agent (-23.030844,8.152784), to (-0.933132,-14.624269) ang 173.238224 173.238224
 1374: relpos body (0.400000,2.000000), vel. ball:(-0.158229,-0.454086) dist: 1.169759 (0.300000,0.085000,0.784759)
 1374: pos (2.803330,-2.842450) too far, but can acc ball good to 2.856823 k=2.679598,-0.431512
 1375: 2 pos: ball(-21.532086,6.086595), ball_prev(-23.429463,8.185989), agentdiff(-0.082838,0.047989)
 1375: vel based on 2 pos: (1.861402,-2.018540)
 1375: direction old: -49.645387, new: -51.690640
