 176: direction old: 42.266899, new: 42.204872
 178: direction old: 48.822064, new: 47.439083
(b)r: 1.56935 phi: 1.72727 vel: ( 0.133193, 0.141779 ) (179,0) rel: ( 1.56863, 0.0473033 ), (179,0) global: ( 8.93262, 15.8393 ), (179,0), changes: 0.12, 0.6 last seen:(178,0) globalposderived: (178,0)
 179: direction old: 51.515854, new: 49.572074
(b)r: 1.5 phi: 3 vel: ( 0.113598, 0.139015 ) (179,0) rel: ( 1.49794, 0.0785039 ), (179,0) global: ( 8.99059, 15.8305 ), (179,0), changes: -0.03, 0.7 last seen:(179,0) globalposderived: (179,0)
(b)r: 0.933667 phi: 9.72889 vel: ( 0.106782, 0.130674 ) (180,0) rel: ( 0.92024, 0.157777 ), (180,0) global: ( 9.10418, 15.9695 ), (180,0), changes: -0.03, 0.7 last seen:(179,0) globalposderived: (179,0)
 180: ball (9.104185,15.969484), agent (8.586158,15.192706), to (-0.296792,0.507723) ang 46.572074 46.572074
 180: relpos body (0.933667,9.728894), vel. ball:(0.106782,0.130674) dist: 1.031516 (0.300000,0.085000,0.646516)
 180: point good, but reposition ball since need 141.393453
 180: (kick 19.135294 -151.343897), vecDesired (0.004779,-0.256160) 0.000000 posDes(9.108964,15.713323)
(b)r: 0.502116 phi: 2.24741 vel: ( 0.00733904, -0.238785 ) (181,0) rel: ( 0.50173, 0.0196903 ), (181,0) global: ( 9.11199, 15.7155 ), (181,0), changes: -0.03, 0.7 last seen:(179,0) globalposderived: (179,0)
 181: ball (9.111992,15.715457), agent (8.781382,15.337546), to (-0.296792,0.507723) ang 46.572074 46.572074
 181: relpos body (0.502116,2.247409), vel. ball:(0.007339,-0.238785) dist: 1.031516 (0.300000,0.085000,0.646516)
 181: point good and can reach point 100.922930
 181: direction old: 57.614806, new: 49.829528
(b)r: 0.4 phi: 3 vel: ( 0.0144958, -0.20337 ) (181,0) rel: ( 0.399452, 0.0209344 ), (181,0) global: ( 9.06057, 15.5332 ), (181,0), changes: -0.224, -17.8 last seen:(181,0) globalposderived: (181,0)
 181: ball (9.060573,15.533223), agent (8.802547,15.227572), to (-0.296792,0.507723) ang 46.829528 46.829528
 181: relpos body (0.400000,3.000000), vel. ball:(0.014496,-0.203370) dist: 1.031516 (0.300000,0.085000,0.646516)
 181: point good and can reach point 98.261676
 182: 2 pos: ball(7.490393,13.461715), ball_prev(9.060573,15.533223), agentdiff(-0.000000,0.000000)
 182: vel based on 2 pos: (-1.475969,-1.947218)
 182: direction old: -120.135340, new: -126.614918
(b)r: 1.66638 phi: -79.4093 vel: ( 0, 0 ) (183,0) rel: ( 0.306265, -1.63799 ), (183,0) global: ( 7.49039, 13.4617 ), (183,0), changes: -0.224, -17.8 last seen:(182,0) globalposderived: (182,0)
(b)r: 0.955069 phi: -72.1005 vel: ( 0, 0 ) (184,0) rel: ( 0.293538, -0.908841 ), (184,0) global: ( 7.49039, 13.4617 ), (184,0), changes: -0.224, -17.8 last seen:(182,0) globalposderived: (182,0)
 184: ball (7.490393,13.461715), agent (7.904799,14.322194), to (-0.296792,0.507723) ang 46.385082 -43.614918
 184: relpos body (0.955069,-162.100542), vel. ball:(0.000000,0.000000) dist: 1.031516 (0.300000,0.085000,0.646516)
 184: point good, but reposition ball since need 175.125779
 184: (kick 79.692201 14.037154), vecDesired (0.588842,1.037486) 0.000000 posDes(8.079235,14.499201)
(b)r: 0.915134 phi: -77.1595 vel: ( 0, 0 ) (184,0) rel: ( 0.203377, -0.892248 ), (184,0) global: ( 7.49039, 13.4617 ), (184,0), changes: -0.224, -17.8 last seen:(-1,0) globalposderived: (182,0)
 184: ball (7.490393,13.461715), agent (7.958100,14.248302), to (8.328279,-0.647099) ang 46.423617 -43.576383
 184: relpos body (0.915134,-167.159483), vel. ball:(0.000000,0.000000) dist: 1.031516 (0.300000,0.085000,0.646516)
 184: point good, but reposition ball since need 172.507096
 184: (kick 76.200343 9.904879), vecDesired (0.642024,0.963712) 0.000000 posDes(8.132416,14.425427)
(b)r: 0.915134 phi: -77.1595 vel: ( 0, 0 ) (185,0) rel: ( 0.203377, -0.892248 ), (184,0) global: ( 7.49039, 13.4617 ), (185,0), changes: -0.224, -17.8 last seen:(-1,0) globalposderived: (182,0)
 185: ball (7.490393,13.461715), agent (7.806522,14.058262), to (8.392475,-0.520106) ang 46.423617 46.423617
 185: relpos body (0.915134,-77.159483), vel. ball:(0.000000,0.000000) dist: 1.031516 (0.300000,0.085000,0.646516)
 185: point good, but reposition ball since need 141.157571
 185: (kick 57.788916 9.396304), vecDesired (0.602938,0.887860) 0.000000 posDes(8.093331,14.349575)
 308: direction old: -103.965007, new: -95.346387
(b)r: 1.92378 phi: 3.88866 vel: ( -0.874477, 0.858903 ) (309,0) rel: ( 1.91935, 0.130467 ), (309,0) global: ( 6.96024, 0.885467 ), (309,0), changes: -0.85, -23.5 last seen:(308,0) globalposderived: (308,0)
(b)r: 1.90339 phi: 1.12527 vel: ( -0.822008, 0.807368 ) (310,0) rel: ( 1.90302, 0.0373793 ), (310,0) global: ( 6.08577, 1.74437 ), (310,0), changes: -0.85, -23.5 last seen:(308,0) globalposderived: (308,0)
 310: direction old: -160.029904, new: -145.174864
(b)r: 1.6 phi: -12 vel: ( -0.690832, 0.704723 ) (310,0) rel: ( 1.56504, -0.332659 ), (310,0) global: ( 6.36446, 1.4092 ), (310,0), changes: 0.064, -29.5 last seen:(310,0) globalposderived: (310,0)
(b)r: 1.85362 phi: -0.083517 vel: ( -0.649382, 0.662439 ) (311,0) rel: ( 1.85362, -0.00270193 ), (311,0) global: ( 5.67363, 2.11392 ), (311,0), changes: 0.064, -29.5 last seen:(310,0) globalposderived: (310,0)
 311: direction old: -165.834387, new: -171.995607
 313: direction old: 170.847322, new: 170.072008
 314: direction old: 164.780377, new: 161.427239
 326: direction old: 139.728184, new: 140.155339
 328: direction old: 147.259985, new: 137.478476
(b)r: 1.78598 phi: -9.39126 vel: ( -0.207555, 0.251559 ) (329,0) rel: ( 1.76205, -0.291429 ), (329,0) global: ( -1.91445, 10.879 ), (329,0), changes: 0.088, -1.4 last seen:(328,0) globalposderived: (328,0)
 329: direction old: 135.290244, new: 136.562135
(b)r: 1.8 phi: -8 vel: ( -0.209936, 0.247578 ) (329,0) rel: ( 1.78248, -0.250512 ), (329,0) global: ( -1.95252, 10.8604 ), (329,0), changes: 0.072, -1.4 last seen:(329,0) globalposderived: (329,0)
(b)r: 1.36489 phi: -10.6009 vel: ( -0.19734, 0.232723 ) (330,0) rel: ( 1.34159, -0.251095 ), (330,0) global: ( -2.16246, 11.108 ), (330,0), changes: 0.072, -1.4 last seen:(329,0) globalposderived: (329,0)
(b)r: 0.913723 phi: -14.8194 vel: ( -0.185499, 0.21876 ) (331,0) rel: ( 0.88333, -0.233706 ), (331,0) global: ( -2.3598, 11.3407 ), (331,0), changes: 0.072, -1.4 last seen:(329,0) globalposderived: (329,0)
 331: ball (-2.359796,11.340738), agent (-1.775615,10.638155), to (14.126959,-0.043539) ang 138.562135 144.562135
 331: relpos body (0.913723,-8.819412), vel. ball:(-0.185499,0.218760) dist: 1.031516 (0.300000,0.085000,0.646516)
 331: point good, but reposition ball since need 153.418955
 331: (kick 22.791336 158.461190), vecDesired (0.033506,-0.210630) 0.000000 posDes(-2.326290,11.130107)
 331: direction old: 120.483198, new: 129.352906
(b)r: 0.9 phi: -15 vel: ( -0.185174, 0.216948 ) (331,0) rel: ( 0.869333, -0.232937 ), (331,0) global: ( -2.47839, 11.2687 ), (331,0), changes: 0.036, -1.8 last seen:(331,0) globalposderived: (331,0)
 331: ball (-2.478392,11.268656), agent (-1.907707,10.572727), to (14.126959,-0.043539) ang 138.352906 144.352906
 331: relpos body (0.900000,-9.000000), vel. ball:(-0.185174,0.216948) dist: 1.031516 (0.300000,0.085000,0.646516)
 331: point good, but reposition ball since need 152.352634
 331: (kick 21.952064 157.940860), vecDesired (0.021811,-0.201969) 0.000000 posDes(-2.456581,11.066687)
(b)r: 0.487797 phi: -8.85195 vel: ( 0.00585307, -0.175778 ) (332,0) rel: ( 0.481987, -0.0750631 ), (332,0) global: ( -2.47217, 11.0817 ), (332,0), changes: 0.036, -1.8 last seen:(331,0) globalposderived: (331,0)
 332: ball (-2.472166,11.081658), agent (-2.124239,10.739762), to (14.126959,-0.043539) ang 138.352906 144.352906
 332: relpos body (0.487797,-2.851952), vel. ball:(0.005853,-0.175778) dist: 1.031516 (0.300000,0.085000,0.646516)
 332: point good, but reposition ball since need 111.065856
 332: (kick 9.035613 -24.544693), vecDesired (-0.088324,0.037666) 0.000000 posDes(-2.560489,11.119324)
 332: direction old: 136.846985, new: 138.460894
(b)r: 0.5 phi: -6 vel: ( -0.00188585, -0.176426 ) (332,0) rel: ( 0.497261, -0.0522642 ), (332,0) global: ( -2.4035, 10.998 ), (332,0), changes: -0.2, 15.2 last seen:(332,0) globalposderived: (332,0)
 332: ball (-2.403497,10.997977), agent (-2.029246,10.666411), to (14.126959,-0.043539) ang 138.460894 144.460894
 332: relpos body (0.500000,0.000000), vel. ball:(-0.001886,-0.176426) dist: 1.031516 (0.300000,0.085000,0.646516)
 332: point good, but reposition ball since need 111.407632
 332: (kick 8.981842 -33.242488), vecDesired (-0.062714,0.047173) 0.000000 posDes(-2.466211,11.045150)
(b)r: 0.466749 phi: -3.82496 vel: ( -0.0534923, 0.0211495 ) (333,0) rel: ( 0.46571, -0.0311362 ), (333,0) global: ( -2.4604, 11.0205 ), (333,0), changes: -0.2, 15.2 last seen:(332,0) globalposderived: (332,0)
 333: ball (-2.460404,11.020477), agent (-2.099545,10.724443), to (14.126959,-0.043539) ang 138.460894 144.460894
 333: relpos body (0.466749,2.175036), vel. ball:(-0.053492,0.021150) dist: 1.031516 (0.300000,0.085000,0.646516)
 333: point good, but reposition ball since need 115.984571
 333: (kick 1.395252 -93.235919), vecDesired (-0.027878,0.046966) 0.000000 posDes(-2.488282,11.067442)
(b)r: 0.488854 phi: -4.79663 vel: ( -0.0330978, 0.0373442 ) (334,0) rel: ( 0.487141, -0.0408776 ), (334,0) global: ( -2.49561, 11.0602 ), (334,0), changes: -0.2, 15.2 last seen:(332,0) globalposderived: (332,0)
 334: ball (-2.495614,11.060204), agent (-2.122979,10.743786), to (14.126959,-0.043539) ang 138.460894 144.460894
 334: relpos body (0.488854,1.203367), vel. ball:(-0.033098,0.037344) dist: 1.031516 (0.300000,0.085000,0.646516)
 334: point good, but reposition ball since need 116.547826
 334: (kick 1.547660 -174.390925), vecDesired (-0.000677,0.013850) 0.000000 posDes(-2.496291,11.074054)
 334: direction old: 133.503146, new: 141.399259
(b)r: 0.5 phi: -3 vel: ( -0.0316949, 0.024409 ) (334,0) rel: ( 0.499315, -0.026168 ), (334,0) global: ( -2.50344, 10.9687 ), (334,0), changes: 0.03, 0.1 last seen:(334,0) globalposderived: (334,0)
 334: ball (-2.503445,10.968674), agent (-2.112689,10.656729), to (14.126959,-0.043539) ang 138.399259 144.399259
 334: relpos body (0.500000,3.000000), vel. ball:(-0.031695,0.024409) dist: 1.031516 (0.300000,0.085000,0.646516)
 334: point good, but reposition ball since need 117.054995
 334: (kick 1.939485 -144.951703), vecDesired (0.017799,0.018724) 0.000000 posDes(-2.485646,10.987398)
(b)r: 0.518626 phi: -4.4686 vel: ( -0.00576282, 0.020588 ) (335,0) rel: ( 0.51705, -0.0404076 ), (335,0) global: ( -2.50958, 10.9906 ), (335,0), changes: 0.03, 0.1 last seen:(334,0) globalposderived: (334,0)
 335: ball (-2.509575,10.990576), agent (-2.112689,10.656729), to (14.126959,-0.043539) ang 138.399259 144.399259
 335: relpos body (0.518626,1.531401), vel. ball:(-0.005763,0.020588) dist: 1.031516 (0.300000,0.085000,0.646516)
 335: point good, but reposition ball since need 116.766412
 335: (kick 1.880086 -177.266253), vecDesired (0.031635,-0.009552) 0.000000 posDes(-2.477941,10.981024)
 335: direction old: 148.989508, new: 140.492939
(b)r: 0.5 phi: -4 vel: ( 5.68612e-05, 0.0157879 ) (335,0) rel: ( 0.498782, -0.0348782 ), (335,0) global: ( -2.52739, 11.0875 ), (335,0), changes: 0.01, -1.4 last seen:(335,0) globalposderived: (335,0)
 335: ball (-2.527391,11.087480), agent (-2.141618,10.769393), to (14.126959,-0.043539) ang 138.492939 144.492939
 335: relpos body (0.500000,2.000000), vel. ball:(0.000057,0.015788) dist: 1.031516 (0.300000,0.085000,0.646516)
 335: point good, but reposition ball since need 115.673466
 335: (kick 0.870077 -165.540085), vecDesired (0.019991,0.005610) 0.000000 posDes(-2.507400,11.093090)
(b)r: 0.510146 phi: -5.37229 vel: ( 5.34496e-05, 0.0148407 ) (336,0) rel: ( 0.507905, -0.0477633 ), (336,0) global: ( -2.52733, 11.1033 ), (336,0), changes: 0.01, -1.4 last seen:(335,0) globalposderived: (335,0)
 336: ball (-2.527334,11.103268), agent (-2.141618,10.769393), to (14.126959,-0.043539) ang 138.492939 144.492939
 336: relpos body (0.510146,0.627713), vel. ball:(0.000053,0.014841) dist: 1.031516 (0.300000,0.085000,0.646516)
 336: point good, but reposition ball since need 115.898719
 336: (kick 1.244872 169.979447), vecDesired (0.019934,-0.010178) 0.000000 posDes(-2.507400,11.093090)
(b)r: 0.494713 phi: -6.0767 vel: ( 0.0147371, -0.00519493 ) (337,0) rel: ( 0.491933, -0.0523702 ), (337,0) global: ( -2.51166, 11.0977 ), (337,0), changes: 0.01, -1.4 last seen:(335,0) globalposderived: (335,0)
 337: ball (-2.511656,11.097741), agent (-2.141618,10.769393), to (14.126959,-0.043539) ang 138.492939 144.492939
 337: relpos body (0.494713,-0.076704), vel. ball:(0.014737,-0.005195) dist: 1.031516 (0.300000,0.085000,0.646516)
 337: point good, but reposition ball since need 114.179718
 337: (kick 0.405958 38.537024), vecDesired (0.004257,-0.004651) 0.000000 posDes(-2.507400,11.093090)
 337: direction old: 138.416235, new: 137.492939
(b)r: 0.5 phi: -7 vel: ( 0.0114994, -0.00225355 ) (337,0) rel: ( 0.496273, -0.0609347 ), (337,0) global: ( -2.51021, 11.1072 ), (337,0), changes: -0.01, -0.7 last seen:(337,0) globalposderived: (337,0)
 337: ball (-2.510215,11.107234), agent (-2.141618,10.769393), to (14.126959,-0.043539) ang 138.492939 144.492939
 337: relpos body (0.500000,-1.000000), vel. ball:(0.011499,-0.002254) dist: 1.031516 (0.300000,0.085000,0.646516)
 337: point good, but reposition ball since need 114.745891
 337: (kick 0.571538 95.363113), vecDesired (0.002815,-0.014144) 0.000000 posDes(-2.507400,11.093090)
(b)r: 0.490038 phi: -7.71425 vel: ( 0.0108095, -0.00211834 ) (338,0) rel: ( 0.485603, -0.0657791 ), (338,0) global: ( -2.49872, 11.105 ), (338,0), changes: -0.01, -0.7 last seen:(337,0) globalposderived: (337,0)
 338: ball (-2.498716,11.104980), agent (-2.141618,10.769393), to (14.126959,-0.043539) ang 138.492939 144.492939
 338: relpos body (0.490038,-1.714249), vel. ball:(0.010809,-0.002118) dist: 1.031516 (0.300000,0.085000,0.646516)
 338: point good, but reposition ball since need 114.428072
 338: (kick 0.843912 68.130429), vecDesired (-0.008684,-0.011890) 0.000000 posDes(-2.507400,11.093090)
 338: direction old: 136.778691, new: 137.492939
(b)r: 0.5 phi: -7 vel: ( 0.0111545, -0.00218594 ) (338,0) rel: ( 0.496273, -0.0609347 ), (338,0) global: ( -2.51021, 11.1072 ), (338,0), changes: -0.01, -0.7 last seen:(338,0) globalposderived: (338,0)
 338: ball (-2.510215,11.107234), agent (-2.141618,10.769393), to (14.126959,-0.043539) ang 138.492939 144.492939
 338: relpos body (0.500000,-1.000000), vel. ball:(0.011154,-0.002186) dist: 1.031516 (0.300000,0.085000,0.646516)
 338: point good, but reposition ball since need 114.758468
 338: (kick 0.565893 96.614823), vecDesired (0.002815,-0.014144) 0.000000 posDes(-2.507400,11.093090)
(b)r: 0.490336 phi: -7.6924 vel: ( 0.0104852, -0.00205479 ) (339,0) rel: ( 0.485923, -0.0656338 ), (339,0) global: ( -2.49906, 11.105 ), (339,0), changes: -0.01, -0.7 last seen:(338,0) globalposderived: (338,0)
 339: ball (-2.499061,11.105048), agent (-2.141618,10.769393), to (14.126959,-0.043539) ang 138.492939 144.492939
 339: relpos body (0.490336,-1.692399), vel. ball:(0.010485,-0.002055) dist: 1.031516 (0.300000,0.085000,0.646516)
 339: point good, but reposition ball since need 114.449996
 339: (kick 0.823263 69.254210), vecDesired (-0.008339,-0.011958) 0.000000 posDes(-2.507400,11.093090)
(b)r: 0.481319 phi: -8.36851 vel: ( 0.00985608, -0.0019315 ) (340,0) rel: ( 0.476194, -0.0700509 ), (340,0) global: ( -2.48858, 11.103 ), (340,0), changes: -0.01, -0.7 last seen:(338,0) globalposderived: (338,0)
 340: ball (-2.488575,11.102993), agent (-2.141618,10.769393), to (14.126959,-0.043539) ang 138.492939 144.492939
 340: relpos body (0.481319,-2.368515), vel. ball:(0.009856,-0.001931) dist: 1.031516 (0.300000,0.085000,0.646516)
 340: point good, but reposition ball since need 114.168952
 340: (kick 1.149090 57.039601), vecDesired (-0.018825,-0.009903) 0.000000 posDes(-2.507400,11.093090)
 340: direction old: 136.124424, new: 135.492939
(b)r: 0.5 phi: -9 vel: ( 0.0108021, -0.00327585 ) (340,0) rel: ( 0.493844, -0.0782172 ), (340,0) global: ( -2.4982, 11.1199 ), (340,0), changes: -0.01, -0.6 last seen:(340,0) globalposderived: (340,0)
 340: ball (-2.498200,11.119892), agent (-2.141618,10.769393), to (14.126959,-0.043539) ang 138.492939 144.492939
 340: relpos body (0.500000,-3.000000), vel. ball:(0.010802,-0.003276) dist: 1.031516 (0.300000,0.085000,0.646516)
 340: point good, but reposition ball since need 115.081365