 1237: direction old: 29.520693, new: 30.169122
(b)r: 0.2 phi: 2.16716e-13 vel: ( 0.144824, 0.14254 ) (1238,0) rel: ( 0.2, 7.5648e-16 ), (1238,0) global: ( -48.1406, 2.81496 ), (1238,0), changes: -2.3, -6.3 last seen:(1237,0) globalposderived: (1237,0)
 1238: direction old: -92.728594, new: -26.011485
(b)r: 0.4 phi: -7 vel: ( 0.15117, 0.143729 ) (1238,0) rel: ( 0.397018, -0.0487477 ), (1238,0) global: ( -47.7691, 2.89264 ), (1238,0), changes: 0.088, 28.5 last seen:(1238,0) globalposderived: (1238,0)
(b)r: 0.4 phi: -22.0046 vel: ( 0, 0 ) (1239,0) rel: ( 0.370862, -0.149872 ), (1239,0) global: ( -47.7691, 2.89264 ), (1239,0), changes: 0.088, 28.5 last seen:(1238,0) globalposderived: (1238,0)
(b)r: 0.4 phi: 0 vel: ( 0, 0 ) (1240,0) rel: ( 0.4, 0 ), (1240,0) global: ( -47.7691, 2.89264 ), (1240,0), changes: 0.088, 28.5 last seen:(1238,0) globalposderived: (1238,0)
 1240: direction old: -26.011485, new: 6.455180
(b)r: 0.4 phi: 26 vel: ( 0, 0 ) (1240,0) rel: ( 0.359518, 0.175348 ), (1240,0) global: ( -47.7311, 3.11303 ), (1240,0), changes: 0, 0 last seen:(1240,0) globalposderived: (1240,0)
(b)r: 0.4 phi: -0.000150015 vel: ( 0, 0 ) (1241,0) rel: ( 0.4, -1.0473e-06 ), (1241,0) global: ( -47.7311, 3.11303 ), (1241,0), changes: 0, 0 last seen:(1240,0) globalposderived: (1240,0)
 1241: direction old: 8.083860, new: 6.483229
(b)r: 0.4 phi: 0 vel: ( 0, 0 ) (1241,0) rel: ( 0.4, 0 ), (1241,0) global: ( -47.7671, 3.09663 ), (1241,0), changes: 0, 0 last seen:(1241,0) globalposderived: (1241,0)
(b)r: 0.4 phi: -5.50671e-14 vel: ( 0, 0 ) (1242,0) rel: ( 0.4, -3.84441e-16 ), (1242,0) global: ( -47.7671, 3.09663 ), (1242,0), changes: 0, 0 last seen:(1241,0) globalposderived: (1241,0)
(b)r: 0.4 phi: -5.50671e-14 vel: ( 0, 0 ) (1243,0) rel: ( 0.4, -3.84441e-16 ), (1243,0) global: ( -47.7671, 3.09663 ), (1243,0), changes: 0, 0 last seen:(1241,0) globalposderived: (1241,0)
 1243: direction old: 6.483229, new: 6.483229
(b)r: 0.4 phi: 0 vel: ( 0, 0 ) (1243,0) rel: ( 0.4, 0 ), (1243,0) global: ( -47.7671, 3.09663 ), (1243,0), changes: 0, 0 last seen:(1243,0) globalposderived: (1243,0)
(b)r: 0.4 phi: -5.50671e-14 vel: ( 0, 0 ) (1244,0) rel: ( 0.4, -3.84441e-16 ), (1244,0) global: ( -47.7671, 3.09663 ), (1244,0), changes: 0, 0 last seen:(1243,0) globalposderived: (1243,0)
 1244: direction old: 6.483229, new: 6.483229
(b)r: 0.4 phi: 0 vel: ( 0, 0 ) (1244,0) rel: ( 0.4, 0 ), (1244,0) global: ( -47.7671, 3.09663 ), (1244,0), changes: 0, 0 last seen:(1244,0) globalposderived: (1244,0)
(b)r: 0.4 phi: -5.50671e-14 vel: ( 0, 0 ) (1245,0) rel: ( 0.4, -3.84441e-16 ), (1245,0) global: ( -47.7671, 3.09663 ), (1245,0), changes: 0, 0 last seen:(1244,0) globalposderived: (1244,0)
(b)r: 0.4 phi: -5.50671e-14 vel: ( 0, 0 ) (1246,0) rel: ( 0.4, -3.84441e-16 ), (1246,0) global: ( -47.7671, 3.09663 ), (1246,0), changes: 0, 0 last seen:(1244,0) globalposderived: (1244,0)
 1246: direction old: 6.483229, new: 6.483229
(b)r: 0.4 phi: 0 vel: ( 0, 0 ) (1246,0) rel: ( 0.4, 0 ), (1246,0) global: ( -47.7671, 3.09663 ), (1246,0), changes: 0, 0 last seen:(1246,0) globalposderived: (1246,0)
(b)r: 0.4 phi: -5.50671e-14 vel: ( 0, 0 ) (1247,0) rel: ( 0.4, -3.84441e-16 ), (1247,0) global: ( -47.7671, 3.09663 ), (1247,0), changes: 0, 0 last seen:(1246,0) globalposderived: (1246,0)
 1247: direction old: 6.483229, new: 6.483229
(b)r: 0.4 phi: 0 vel: ( 0, 0 ) (1247,0) rel: ( 0.4, 0 ), (1247,0) global: ( -47.7671, 3.09663 ), (1247,0), changes: 0, 0 last seen:(1247,0) globalposderived: (1247,0)
(b)r: 0.4 phi: -5.50671e-14 vel: ( 0, 0 ) (1248,0) rel: ( 0.4, -3.84441e-16 ), (1248,0) global: ( -47.7671, 3.09663 ), (1248,0), changes: 0, 0 last seen:(1247,0) globalposderived: (1247,0)
(b)r: 0.4 phi: -5.50671e-14 vel: ( 0, 0 ) (1249,0) rel: ( 0.4, -3.84441e-16 ), (1249,0) global: ( -47.7671, 3.09663 ), (1249,0), changes: 0, 0 last seen:(1247,0) globalposderived: (1247,0)
 1249: direction old: 6.483229, new: 6.483229
(b)r: 0.4 phi: 0 vel: ( 0, 0 ) (1249,0) rel: ( 0.4, 0 ), (1249,0) global: ( -47.7671, 3.09663 ), (1249,0), changes: 0, 0 last seen:(1249,0) globalposderived: (1249,0)
(b)r: 0.4 phi: -5.50671e-14 vel: ( 0, 0 ) (1250,0) rel: ( 0.4, -3.84441e-16 ), (1250,0) global: ( -47.7671, 3.09663 ), (1250,0), changes: 0, 0 last seen:(1249,0) globalposderived: (1249,0)
 1250: direction old: 6.483229, new: 6.483229
(b)r: 0.4 phi: 0 vel: ( 0, 0 ) (1250,0) rel: ( 0.4, 0 ), (1250,0) global: ( -47.7671, 3.09663 ), (1250,0), changes: 0, 0 last seen:(1250,0) globalposderived: (1250,0)
(b)r: 0.4 phi: -5.50671e-14 vel: ( 0, 0 ) (1251,0) rel: ( 0.4, -3.84441e-16 ), (1251,0) global: ( -47.7671, 3.09663 ), (1251,0), changes: 0, 0 last seen:(1250,0) globalposderived: (1250,0)
(b)r: 0.4 phi: -5.50671e-14 vel: ( 0, 0 ) (1252,0) rel: ( 0.4, -3.84441e-16 ), (1252,0) global: ( -47.7671, 3.09663 ), (1252,0), changes: 0, 0 last seen:(1250,0) globalposderived: (1250,0)
 1252: direction old: 6.483229, new: 6.483229
(b)r: 0.4 phi: 0 vel: ( 0, 0 ) (1252,0) rel: ( 0.4, 0 ), (1252,0) global: ( -47.7671, 3.09663 ), (1252,0), changes: 0, 0 last seen:(1252,0) globalposderived: (1252,0)
(b)r: 0.4 phi: -5.50671e-14 vel: ( 0, 0 ) (1253,0) rel: ( 0.4, -3.84441e-16 ), (1253,0) global: ( -47.7671, 3.09663 ), (1253,0), changes: 0, 0 last seen:(1252,0) globalposderived: (1252,0)
 1253: direction old: 6.483229, new: 6.483229
(b)r: 0.4 phi: 0 vel: ( 0, 0 ) (1253,0) rel: ( 0.4, 0 ), (1253,0) global: ( -47.7671, 3.09663 ), (1253,0), changes: 0, 0 last seen:(1253,0) globalposderived: (1253,0)
(b)r: 0.4 phi: -5.50671e-14 vel: ( 0, 0 ) (1254,0) rel: ( 0.4, -3.84441e-16 ), (1254,0) global: ( -47.7671, 3.09663 ), (1254,0), changes: 0, 0 last seen:(1253,0) globalposderived: (1253,0)
(b)r: 0.4 phi: -5.50671e-14 vel: ( 0, 0 ) (1255,0) rel: ( 0.4, -3.84441e-16 ), (1255,0) global: ( -47.7671, 3.09663 ), (1255,0), changes: 0, 0 last seen:(1253,0) globalposderived: (1253,0)
 1255: direction old: 6.483229, new: 6.483229
(b)r: 0.4 phi: 0 vel: ( 0, 0 ) (1255,0) rel: ( 0.4, 0 ), (1255,0) global: ( -47.7671, 3.09663 ), (1255,0), changes: 0, 0 last seen:(1255,0) globalposderived: (1255,0)
(b)r: 0.4 phi: -5.50671e-14 vel: ( 0, 0 ) (1256,0) rel: ( 0.4, -3.84441e-16 ), (1256,0) global: ( -47.7671, 3.09663 ), (1256,0), changes: 0, 0 last seen:(1255,0) globalposderived: (1255,0)
 1256: direction old: 6.483229, new: 6.483229
(b)r: 0.4 phi: 0 vel: ( 0, 0 ) (1256,0) rel: ( 0.4, 0 ), (1256,0) global: ( -47.7671, 3.09663 ), (1256,0), changes: 0, 0 last seen:(1256,0) globalposderived: (1256,0)
(b)r: 0.4 phi: -5.50671e-14 vel: ( 0, 0 ) (1257,0) rel: ( 0.4, -3.84441e-16 ), (1257,0) global: ( -47.7671, 3.09663 ), (1257,0), changes: 0, 0 last seen:(1256,0) globalposderived: (1256,0)
(b)r: 0.4 phi: -5.50671e-14 vel: ( 0, 0 ) (1258,0) rel: ( 0.4, -3.84441e-16 ), (1258,0) global: ( -47.7671, 3.09663 ), (1258,0), changes: 0, 0 last seen:(1256,0) globalposderived: (1256,0)
 1258: direction old: 6.483229, new: 6.483229
(b)r: 0.4 phi: 0 vel: ( 0, 0 ) (1258,0) rel: ( 0.4, 0 ), (1258,0) global: ( -47.7671, 3.09663 ), (1258,0), changes: 0, 0 last seen:(1258,0) globalposderived: (1258,0)
(b)r: 0.4 phi: -5.50671e-14 vel: ( 0, 0 ) (1259,0) rel: ( 0.4, -3.84441e-16 ), (1259,0) global: ( -47.7671, 3.09663 ), (1259,0), changes: 0, 0 last seen:(1258,0) globalposderived: (1258,0)
 1259: direction old: 6.483229, new: 6.483229
(b)r: 0.4 phi: 0 vel: ( 0, 0 ) (1259,0) rel: ( 0.4, 0 ), (1259,0) global: ( -47.7671, 3.09663 ), (1259,0), changes: 0, 0 last seen:(1259,0) globalposderived: (1259,0)
(b)r: 0.4 phi: -5.50671e-14 vel: ( 0, 0 ) (1260,0) rel: ( 0.4, -3.84441e-16 ), (1260,0) global: ( -47.7671, 3.09663 ), (1260,0), changes: 0, 0 last seen:(1259,0) globalposderived: (1259,0)
(b)r: 0.4 phi: -5.50671e-14 vel: ( 0, 0 ) (1261,0) rel: ( 0.4, -3.84441e-16 ), (1261,0) global: ( -47.7671, 3.09663 ), (1261,0), changes: 0, 0 last seen:(1259,0) globalposderived: (1259,0)
 1261: direction old: 6.483229, new: 6.483229
(b)r: 0.4 phi: 0 vel: ( 0, 0 ) (1261,0) rel: ( 0.4, 0 ), (1261,0) global: ( -47.7671, 3.09663 ), (1261,0), changes: 0, 0 last seen:(1261,0) globalposderived: (1261,0)
(b)r: 0.4 phi: -5.50671e-14 vel: ( 0, 0 ) (1262,0) rel: ( 0.4, -3.84441e-16 ), (1262,0) global: ( -47.7671, 3.09663 ), (1262,0), changes: 0, 