(b)r: 1.78315 phi: 35.6517 vel: ( -0.688191, -0.478455 ) (74,0) rel: ( 1.44894, 1.03932 ), (74,0) global: ( -25.1129, -6.5633 ), (74,0), changes: -1.2, 0.3 last seen:(73,0) globalposderived: (73,0)
 74: direction old: 32.898243, new: 36.075449
(b)r: 1.8 phi: 36 vel: ( -0.676968, -0.466736 ) (74,0) rel: ( 1.45623, 1.05801 ), (74,0) global: ( -25.2388, -6.52591 ), (74,0), changes: -0.936, 0.7 last seen:(74,0) globalposderived: (74,0)
(b)r: 0.853532 phi: 37.964 vel: ( -0.63635, -0.438732 ) (75,0) rel: ( 0.672923, 0.525065 ), (75,0) global: ( -25.9158, -6.99265 ), (75,0), changes: -0.936, 0.7 last seen:(74,0) globalposderived: (74,0)
 75: ball (-25.915773,-6.992648), agent (-26.588706,-7.517699), to (-22.588706,-7.517778) ang -0.001131 -0.001131
 75: relpos body (0.853532,37.964016), vel. ball:(-0.636350,-0.438732) dist: 1.166369 (0.300000,0.085000,0.781369)
 75: point good and can reach point 64.608213
(b)r: 1.38768 phi: 15.3595 vel: ( 0.663817, -0.121082 ) (76,0) rel: ( 1.33812, 0.367562 ), (76,0) global: ( -25.2096, -7.12146 ), (76,0), changes: -0.936, 0.7 last seen:(74,0) globalposderived: (74,0)
 76: direction old: 13.010880, new: 16.041031
(b)r: 1.3 phi: 16 vel: ( 0.550166, -0.151395 ) (76,0) rel: ( 1.24964, 0.358329 ), (76,0) global: ( -25.332, -7.07921 ), (76,0), changes: 0.468, -13.4 last seen:(76,0) globalposderived: (76,0)
(b)r: 1.33808 phi: 8.16095 vel: ( 0.517156, -0.142311 ) (77,0) rel: ( 1.32453, 0.189947 ), (77,0) global: ( -24.7818, -7.23061 ), (77,0), changes: 0.468, -13.4 last seen:(76,0) globalposderived: (76,0)
 77: direction old: 8.216476, new: 8.082022
(b)r: 1.5 phi: 8 vel: ( 0.531967, -0.150778 ) (77,0) rel: ( 1.4854, 0.20876 ), (77,0) global: ( -24.6211, -7.21095 ), (77,0), changes: 0.33, -8.2 last seen:(77,0) globalposderived: (77,0)
(b)r: 1.34273 phi: 2.44238 vel: ( 0.500049, -0.141732 ) (78,0) rel: ( 1.34151, 0.0572199 ), (78,0) global: ( -24.0891, -7.36173 ), (78,0), changes: 0.33, -8.2 last seen:(77,0) globalposderived: (77,0)
(b)r: 1.04543 phi: -5.4451 vel: ( 0.470046, -0.133228 ) (79,0) rel: ( 1.04071, -0.0992027 ), (79,0) global: ( -23.5891, -7.50346 ), (79,0), changes: 0.33, -8.2 last seen:(77,0) globalposderived: (77,0)
 79: ball (-23.589084,-7.503465), agent (-24.629936,-7.405752), to (-20.629940,-7.400026) ang 0.082022 0.082022
 79: relpos body (1.045428,-5.445104), vel. ball:(0.470046,-0.133228) dist: 1.166369 (0.300000,0.085000,0.781369)
 79: point good and can reach point 12.464292
 79: direction old: 3.820167, new: -5.827475
(b)r: 1 phi: -6 vel: ( 0.468374, -0.132233 ) (79,0) rel: ( 0.994522, -0.104528 ), (79,0) global: ( -23.4929, -7.66501 ), (79,0), changes: 0.16, -7 last seen:(79,0) globalposderived: (79,0)
 79: ball (-23.492940,-7.665007), agent (-24.487772,-7.563473), to (-20.487790,-7.551429) ang 0.172525 0.172525
 79: relpos body (1.000000,-6.000000), vel. ball:(0.468374,-0.132233) dist: 1.166369 (0.300000,0.085000,0.781369)
 79: point good and can reach point 12.334379
(b)r: 1.32337 phi: -3.76028 vel: ( 0.6357, 0.0185889 ) (80,0) rel: ( 1.32052, -0.0867895 ), (80,0) global: ( -22.8167, -7.64523 ), (80,0), changes: 0.16, -7 last seen:(79,0) globalposderived: (79,0)
 80: direction old: -8.705833, new: -3.859154
(b)r: 1.3 phi: -4 vel: ( 0.635588, 0.0120846 ) (80,0) rel: ( 1.29683, -0.0906834 ), (80,0) global: ( -23.0477, -7.49874 ), (80,0), changes: 0.494, 1.7 last seen:(80,0) globalposderived: (80,0)
(b)r: 1.25936 phi: -3.64949 vel: ( 0.597452, 0.0113595 ) (81,0) rel: ( 1.2568, -0.0801613 ), (81,0) global: ( -22.4121, -7.48666 ), (81,0), changes: 0.494, 1.7 last seen:(80,0) globalposderived: (80,0)
(b)r: 1.08191 phi: -4.44281 vel: ( 0.561605, 0.0106779 ) (82,0) rel: ( 1.07866, -0.083809 ), (82,0) global: ( -21.8146, -7.4753 ), (82,0), changes: 0.494, 1.7 last seen:(80,0) globalposderived: (80,0)
 82: ball (-21.814631,-7.475297), agent (-22.893493,-7.394140), to (-18.893505,-7.384307) ang 0.140846 0.140846
 82: relpos body (1.081910,-4.442806), vel. ball:(0.561605,0.010678) dist: 1.166369 (0.300000,0.085000,0.781369)
 82: point good and can reach point 5.756800
 82: direction old: -4.039702, new: -4.835109
(b)r: 1.3 phi: -5 vel: ( 0.578644, 0.000958553 ) (82,0) rel: ( 1.29505, -0.113302 ), (82,0) global: ( -21.4535, -7.51889 ), (82,0), changes: 0.286, 0.4 last seen:(82,0) globalposderived: (82,0)
(b)r: 1.02781 phi: -5.53636 vel: ( 0.543926, 0.000901039 ) (83,0) rel: ( 1.02301, -0.0991605 ), (83,0) global: ( -20.8748, -7.51794 ), (83,0), changes: 0.286, 0.4 last seen:(82,0) globalposderived: (82,0)
 83: ball (-20.874834,-7.517936), agent (-21.898129,-7.421720), to (-17.898146,-7.410208) ang 0.164891 0.164891
 83: relpos body (1.027809,-5.536365), vel. ball:(0.543926,0.000901) dist: 1.166369 (0.300000,0.085000,0.781369)
 83: point good and can reach point 6.542543
 83: direction old: 4.479939, new: -4.792193
(b)r: 1 phi: -5 vel: ( 0.55251, 0.000215468 ) (83,0) rel: ( 0.996195, -0.0871557 ), (83,0) global: ( -20.9655, -7.68666 ), (83,0), changes: 0.22, 1.3 last seen:(83,0) globalposderived: (83,0)
 83: ball (-20.965526,-7.686659), agent (-21.962030,-7.603117), to (-17.962057,-7.588609) ang 0.207807 0.207807
 83: relpos body (1.000000,-5.000000), vel. ball:(0.552510,0.000215) dist: 1.166369 (0.300000,0.085000,0.781369)
 83: point good and can reach point 6.060021
(b)r: 0.703534 phi: -7.26305 vel: ( 0.519359, 0.00020254 ) (84,0) rel: ( 0.697889, -0.0889442 ), (84,0) global: ( -20.413, -7.68644 ), (84,0), changes: 0.22, 1.3 last seen:(83,0) globalposderived: (83,0)
 84: ball (-20.413016,-7.686444), agent (-21.111223,-7.600031), to (-17.111250,-7.585523) ang 0.207807 0.207807
 84: relpos body (0.703534,-7.263046), vel. ball:(0.519359,0.000203) dist: 1.166369 (0.300000,0.085000,0.781369)
 84: point good and can reach point 8.602267
(b)r: 1.1105 phi: -3.81609 vel: ( 0.667752, 0.0165558 ) (85,0) rel: ( 1.10804, -0.0739082 ), (85,0) global: ( -19.7026, -7.66883 ), (85,0), changes: 0.22, 1.3 last seen:(83,0) globalposderived: (83,0)
 85: ball (-19.702642,-7.668831), agent (-20.810939,-7.598942), to (-16.810965,-7.584434) ang 0.207807 0.207807
 85: relpos body (1.110498,-3.816089), vel. ball:(0.667752,0.016556) dist: 1.166369 (0.300000,0.085000,0.781369)
 85: point good and can reach point 0.663222
 85: direction old: -6.787368, new: -3.696032
(b)r: 1.2 phi: -4 vel: ( 0.682559, 0.00988619 ) (85,0) rel: ( 1.19708, -0.0837078 ), (85,0) global: ( -19.5854, -7.61761 ), (85,0), changes: 0.576, 1.9 last seen:(85,0) globalposderived: (85,0)
(b)r: 1.7562 phi: 1.47652 vel: ( 0.641605, 0.00929302 ) (86,0) rel: ( 1.75561, 0.0452524 ), (86,0) global: ( -18.9029, -7.60772 ), (86,0), changes: 0.576, 1.9 last seen:(85,0) globalposderived: (85,0)
 86: direction old: -2.201679, new: -3.397426
(b)r: 1.8 phi: 0 vel: ( 0.651823, -0.00425271 ) (86,0) rel: ( 1.8, 0 ), (86,0) global: ( -18.861, -7.64693 ), (86,0), changes: 0.612, 0.6 last seen:(86,0) globalposderived: (86,0)
(b)r: 1.87578 phi: 0.436687 vel: ( 0.612713, -0.00399755 ) (87,0) rel: ( 1.87573, 0.0142964 ), (87,0) global: ( -18.2092, -7.65118 ), (87,0), changes: 0.612, 0.6 last seen:(86,0) globalposderived: (86,0)
(b)r: 1.7125 phi: 1.55985 vel: ( 0.575951, -0.0037577 ) (88,0) rel: ( 1.71186, 0.0466162 ), (88,0) global: ( -17.5964, -7.65518 ), (88,0), changes: 0.612, 0.6 last seen:(86,0) globalposderived: (86,0)
 88: direction old: 0.174484, new: -3.211209
(b)r: 1.6 phi: 0 vel: ( 0.554791, -0.0126531 ) (88,0) rel: ( 1.6, 0 ), (88,0) global: ( -17.6448, -7.74981 ), (88,0), changes: 0.224, 0.3 last seen:(88,0) globalposderived: (88,0)
(b)r: 1.82976 phi: 0.0444307 vel: ( 0.521503, -0.0118939 ) (89,0) rel: ( 1.82976, 0.00141891 ), (89,0) global: ( -17.09, -7.76247 ), (89,0), changes: 0.224, 0.3 last seen:(88,0) globalposderived: (88,0)
 89: direction old: -6.553832, new: -3.393763
(b)r: 1.8 phi: 0 vel: ( 0.523682, -0.0134107 ) (89,0) rel: ( 1.8, 0 ), (89,0) global: ( -17.1848, -7.6517 ), (89,0), changes: 0.396, 0.3 last seen:(89,0) globalposderived: (89,0)
 91: direction old: -2.790574, new: -3.349839
 92: direction old: 0.959322, new: -3.161769
 100: direction old: 0.114826, new: -4.268410
 101: direction old: -12.721761, new: -5.505513
(b)r: 1.59171 phi: -5.77905 vel: ( 0.243784, -0.0312438 ) (103,0) rel: ( 1.58362, -0.160273 ), (103,0) global: ( -11.7422, -7.97455 ), (103,0), changes: 0.308, -0.2 last seen:(101,0) globalposderived: (101,0)
 103: direction old: -4.816021, new: -7.478332
(b)r: 1.5 phi: -5 vel: ( 0, 0 ) (103,0) rel: ( 1.49429, -0.130734 ), (103,0) global: ( -11.9095, -8.03038 ), (103,0), changes: -0.03, -0.7 last seen:(103,0) globalposderived: (103,0)
(b)r: 0.743098 phi: -10.1328 vel: ( 0, 0 ) (104,0) rel: ( 0.731507, -0.130734 ), (104,0) global: ( -11.9095, -8.03038 ), (104,0), changes: -0.03, -0.7 last seen:(103,0) globalposderived: (103,0)
 104: direction old: -17.919108, new: -13.533244
(b)r: 1.2 phi: -11 vel: ( 0, 0 ) (104,0) rel: ( 1.17795, -0.228971 ), (104,0) global: ( -11.5697, -8.04381 ), (104,0), changes: 0.264, 1.2 last seen:(104,0) globalposderived: (104,0)
(b)r: 0.750592 phi: -17.6775 vel: ( 0, 0 ) (105,0) rel: ( 0.715149, -0.227924 ), (105,0) global: ( -11.5697, -8.04381 ), (105,0), changes: 0.264, 1.2 last seen:(104,0) globalposderived: (104,0)
(b)r: 0.2 phi: -43.2853 vel: ( 0, 0 ) (106,0) rel: ( 0.14559, -0.137126 ), (106,0) global: ( -11.6623, -7.94847 ), (106,0), changes: 0.264, 1.2 last seen:(104,0) globalposderived: (104,0)
 106: 2 pos: ball(-12.001190,-7.841955), ball_prev(-11.569670,-8.043806), agentdiff(0.009023,0.304446)
 106: direction old: -73.771154, new: -121.417379
(b)r: 0.4 phi: -119 vel: ( 0, 0 ) (106,0) rel: ( -0.193924, -0.349848 ), (106,0) global: ( -12.0012, -7.84195 ), (106,0), changes: 0.264, 1.2 last seen:(106,0) globalposderived: (106,0)
 106: ball (-12.001190,-7.841955), agent (-11.792683,-7.500598), to (-7.796242,-7.669313) ang -2.417379 -2.417379
 106: relpos body (0.400000,-119.000000), vel. ball:(0.000000,0.000000) dist: 1.166369 (0.300000,0.085000,0.781369)
 106: point good and can reach point 34.409114
(b)r: 0.660562 phi: -26.5209 vel: ( 0.715884, 0.0197791 ) (107,0) rel: ( 0.591052, -0.294957 ), (107,0) global: ( -11.2396, -7.82091 ), (107,0), changes: 0.264, 1.2 last seen:(106,0) globalposderived: (106,0)
 107: ball (-11.239611,-7.820913), agent (-11.817697,-7.501289), to (-7.821257,-7.670004) ang -2.417379 -2.417379
 107: relpos body (0.660562,-26.520888), vel. ball:(0.715884,0.019779) dist: 1.166369 (0.300000,0.085000,0.781369)
 107: point good and can reach point 0.621377
 107: direction old: -23.971687, new: -30.330715
(b)r: 0.7 phi: -28 vel: ( 0.725138, -0.00560355 ) (107,0) rel: ( 0.618063, -0.32863 ), (107,0) global: ( -11.2438, -7.9039 ), (107,0), changes: 0.658, 28.6 last seen:(107,0) globalposderived: (107,0)
 107: ball (-11.243798,-7.903901), agent (-11.847986,-7.550408), to (-7.851295,-7.713077) ang -2.330715 -2.330715
 107: relpos body (0.700000,-28.000000), vel. ball:(0.725138,-0.005604) dist: 1.166369 (0.300000,0.085000,0.781369)
 107: point good and can reach point 1.994561
(b)r: 0.919351 phi: -19.3582 vel: ( 0.68163, -0.00526734 ) (108,0) rel: ( 0.867375, -0.30474 ), (108,0) global: ( -10.5187, -7.9095 ), (108,0), changes: 0.658, 28.6 last seen:(107,0) globalposderived: (107,0)
 108: ball (-10.518661,-7.909504), agent (-11.372925,-7.569743), to (-7.376234,-7.732413) ang -2.330715 -2.330715
 108: relpos body (0.919351,-19.358179), vel. ball:(0.681630,-0.005267) dist: 1.166369 (0.300000,0.085000,0.781369)
 108: point good and can reach point 2.014208
(b)r: 0.921306 phi: -18.6141 vel: ( 0.640732, -0.0049513 ) (109,0) rel: ( 0.873113, -0.294074 ), (109,0) global: ( -9.83703, -7.91477 ), (109,0), changes: 0.658, 28.6 last seen:(107,0) globalposderived: (107,0)
 109: ball (-9.837031,-7.914772), agent (-10.697462,-7.585434), to (-6.700771,-7.748103) ang -2.330715 -2.330715
 109: relpos body (0.921306,-18.614098), vel. ball:(0.640732,-0.004951) dist: 1.166369 (0.300000,0.085000,0.781369)
 109: point good and can reach point 2.633938
 109: direction old: -15.435869, new: -22.341814
(b)r: 1 phi: -20 vel: ( 0.658931, -0.0100608 ) (109,0) rel: ( 0.939693, -0.34202 ), (109,0) global: ( -9.82612, -8.04252 ), (109,0), changes: 0.38, 8.4 last seen:(109,0) globalposderived: (109,0)
 109: ball (-9.826122,-8.042523), agent (-10.751054,-7.662392), to (-6.754395,-7.825836) ang -2.341814 -2.341814
 109: relpos body (1.000000,-20.000000), vel. ball:(0.658931,-0.010061) dist: 1.166369 (0.300000,0.085000,0.781369)
 109: point good and can reach point 2.940879
(b)r: 0.847545 phi: -19.5231 vel: ( 0.619395, -0.00945713 ) (110,0) rel: ( 0.798817, -0.283239 ), (110,0) global: ( -9.16719, -8.05258 ), (110,0), changes: 0.38, 8.4 last seen:(109,0) globalposderived: (109,0)
 110: ball (-9.167190,-8.052584), agent (-9.953767,-7.736941), to (-5.957108,-7.900385) ang -2.341814 -2.341814
 110: relpos body (0.847545,-19.523142), vel. ball:(0.619395,-0.009457) dist: 1.166369 (0.300000,0.085000,0.781369)
 110: point good and can reach point 5.089861
 110: direction old: -22.173787, new: -21.339775
(b)r: 0.9 phi: -19 vel: ( 0.634092, -0.0175024 ) (110,0) rel: ( 0.850967, -0.293011 ), (110,0) global: ( -9.11504, -8.05969 ), (110,0), changes: 0.306, 7.9 last seen:(110,0) globalposderived: (110,0)
 110: ball (-9.115042,-8.059692), agent (-9.953337,-7.732183), to (-5.956671,-7.895485) ang -2.339775 -2.339775
 110: relpos body (0.900000,-19.000000), vel. ball:(0.634092,-0.017502) dist: 1.166369 (0.300000,0.085000,0.781369)
 110: point good and can reach point 3.217537
(b)r: 0.666392 phi: -23.8383 vel: ( 0.596046, -0.0164522 ) (111,0) rel: ( 0.609542, -0.269327 ), (111,0) global: ( -8.48095, -8.07719 ), (111,0), changes: 0.306, 7.9 last seen:(110,0) globalposderived: (110,0)
 111: ball (-8.480950,-8.077194), agent (-9.078988,-7.783207), to (-5.082322,-7.946509) ang -2.339775 -2.339775
 111: relpos body (0.666392,-23.838288), vel. ball:(0.596046,-0.016452) dist: 1.166369 (0.300000,0.085000,0.781369)
 111: point good and can reach point 5.728848
(b)r: 0.895098 phi: -19.4588 vel: ( 0.560284, -0.0154651 ) (112,0) rel: ( 0.843971, -0.298183 ), (112,0) global: ( -7.8849, -8.09365 ), (112,0), changes: 0.306, 7.9 last seen:(110,0) globalposderived: (110,0)
 112: ball (-7.884903,-8.093646), agent (-8.728867,-7.795442), to (-4.728867,-7.795541) ang -0.001421 -0.001421
 112: relpos body (0.895098,-19.458794), vel. ball:(0.560284,-0.015465) dist: 1.166369 (0.300000,0.085000,0.781369)
 112: point good and can reach point 6.507931
 112: direction old: -30.674707, new: -18.182429
(b)r: 1 phi: -18 vel: ( 0.581435, -0.0110624 ) (112,0) rel: ( 0.951057, -0.309017 ), (112,0) global: ( -7.64922, -7.98194 ), (112,0), changes: 0.44, 8.2 last seen:(112,0) globalposderived: (112,0)
 112: ball (-7.649221,-7.981945), agent (-8.599289,-7.669901), to (-4.599309,-7.682637) ang -0.182429 -0.182429
 112: relpos body (1.000000,-18.000000), vel. ball:(0.581435,-0.011062) dist: 1.166369 (0.300000,0.085000,0.781369)
 112: point good and can reach point 5.896868
(b)r: 0.964897 phi: -19.9452 vel: ( 0.546549, -0.0103987 ) (113,0) rel: ( 0.907022, -0.329146 ), (113,0) global: ( -7.06779, -7.99301 ), (113,0), changes: 0.44, 8.2 last seen:(112,0) globalposderived: (112,0)
 113: ball (-7.067786,-7.993007), agent (-7.973755,-7.660975), to (-3.973775,-7.673711) ang -0.182429 -0.182429
 113: relpos body (0.964897,-19.945163), vel. ball:(0.546549,-0.010399) dist: 1.166369 (0.300000,0.085000,0.781369)
 113: point good and can reach point 7.239722
 113: direction old: -14.063506, new: -18.010427
(b)r: 0.9 phi: -18 vel: ( 0.551713, 0.00322625 ) (113,0) rel: ( 0.855951, -0.278115 ), (113,0) global: ( -7.12331, -8.04296 ), (113,0), changes: 0.288, 6.8 last seen:(113,0) globalposderived: (113,0)
 113: ball (-7.123310,-8.042961), agent (-7.979210,-7.764690), to (-3.979210,-7.765418) ang -0.010427 -0.010427
 113: relpos body (0.900000,-18.000000), vel. ball:(0.551713,0.003226) dist: 1.166369 (0.300000,0.085000,0.781369)
 113: point good and can reach point 6.354712
(b)r: 0.66068 phi: -23.2513 vel: ( 0.51861, 0.00303268 ) (114,0) rel: ( 0.60702, -0.260813 ), (114,0) global: ( -6.5716, -8.03974 ), (114,0), changes: 0.288, 6.8 last seen:(113,0) globalposderived: (113,0)
 114: ball (-6.571597,-8.039735), agent (-7.178570,-7.778811), to (-3.178570,-7.779539) ang -0.010427 -0.010427
 114: relpos body (0.660680,-23.251339), vel. ball:(0.518610,0.003033) dist: 1.166369 (0.300000,0.085000,0.781369)
 114: point good and can reach point 8.871162
(b)r: 1.03062 phi: -11.5576 vel: ( 0.660771, 0.0460202 ) (115,0) rel: ( 1.00972, -0.206487 ), (115,0) global: ( -5.86865, -7.99078 ), (115,0), changes: 0.288, 6.8 last seen:(113,0) globalposderived: (113,0)
 115: ball (-5.868649,-7.990778), agent (-6.878330,-7.784107), to (-2.878330,-7.784835) ang -0.010427 -0.010427
 115: relpos body (1.030616,-11.557611), vel. ball:(0.660771,0.046020) dist: 1.166369 (0.300000,0.085000,0.781369)
 115: point good and can reach point 0.901568
 115: direction old: -7.163485, new: -8.840648
(b)r: 1.1 phi: -9 vel: ( 0.674062, 0.0566966 ) (115,0) rel: ( 1.08646, -0.172078 ), (115,0) global: ( -5.80178, -8.03163 ), (115,0), changes: 0.55, 8.1 last seen:(115,0) globalposderived: (115,0)
 115: ball (-5.801777,-8.031630), agent (-6.888708,-7.862574), to (-2.888724,-7.851450) ang 0.159352 0.159352
 115: relpos body (1.100000,-9.000000), vel. ball:(0.674062,0.056697) dist: 1.166369 (0.300000,0.085000,0.781369)
 115: point good and can reach point 0.770860
(b)r: 1.14793 phi: -8.05718 vel: ( 0.633618, 0.0532948 ) (116,0) rel: ( 1.1366, -0.160896 ), (116,0) global: ( -5.12771, -7.97493 ), (116,0), changes: 0.55, 8.1 last seen:(115,0) globalposderived: (115,0)
 116: ball (-5.127715,-7.974933), agent (-6.264759,-7.817199), to (-2.264774,-7.806075) ang 0.159352 0.159352
 116: relpos body (1.147932,-8.057184), vel. ball:(0.633618,0.053295) dist: 1.166369 (0.300000,0.085000,0.781369)
 116: point good and can reach point 2.403157
 116: direction old: -16.866111, new: -9.188500
(b)r: 1.1 phi: -9 vel: ( 0.632111, 0.0420529 ) (116,0) rel: ( 1.08646, -0.172078 ), (116,0) global: ( -5.19628, -7.80058 ), (116,0), changes: 0.374, 3.9 last seen:(116,0) globalposderived: (116,0)
 116: ball (-5.196280,-7.800582), agent (-6.282165,-7.624930), to (-2.282187,-7.638090) ang -0.188500 -0.188500
 116: relpos body (1.100000,-9.000000), vel. ball:(0.632111,0.042053) dist: 1.166369 (0.300000,0.085000,0.781369)
 116: point good and can reach point 2.357552
(b)r: 0.993502 phi: -11.9915 vel: ( 0.594185, 0.0395297 ) (117,0) rel: ( 0.971822, -0.206417 ), (117,0) global: ( -4.56417, -7.75853 ), (117,0), changes: 0.374, 3.9 last seen:(116,0) globalposderived: (116,0)
 117: ball (-4.564169,-7.758529), agent (-5.535306,-7.548916), to (-1.535328,-7.562076) ang -0.188500 -0.188500
 117: relpos body (0.993502,-11.991526), vel. ball:(0.594185,0.039530) dist: 1.166369 (0.300000,0.085000,0.781369)
 117: point good and can reach point 4.029206
(b)r: 0.785866 phi: -13.1592 vel: ( 0.558533, 0.0371579 ) (118,0) rel: ( 0.765231, -0.178908 ), (118,0) global: ( -3.96998, -7.719 ), (118,0), changes: 0.374, 3.9 last seen:(116,0) globalposderived: (116,0)
 118: ball (-3.969984,-7.718999), agent (-4.734622,-7.537575), to (-0.734644,-7.550734) ang -0.188500 -0.188500
 118: relpos body (0.785866,-13.159165), vel. ball:(0.558533,0.037158) dist: 1.166369 (0.300000,0.085000,0.781369)
 118: point good and can reach point 7.171783
 118: direction old: 1.862440, new: -13.904820
(b)r: 0.8 phi: -14 vel: ( 0.557518, 0.0333498 ) (118,0) rel: ( 0.776237, -0.193538 ), (118,0) global: ( -3.98806, -7.93709 ), (118,0), changes: 0.224, 5.7 last seen:(118,0) globalposderived: (118,0)
 118: ball (-3.988057,-7.937086), agent (-4.764614,-7.744838), to (-0.764619,-7.738194) ang 0.095180 0.095180
 118: relpos body (0.800000,-14.000000), vel. ball:(0.557518,0.033350) dist: 1.166369 (0.300000,0.085000,0.781369)
 118: point good and can reach point 7.263623
(b)r: 1.17681 phi: -6.62177 vel: ( 0.674463, 0.0394813 ) (119,0) rel: ( 1.16895, -0.135703 ), (119,0) global: ( -3.27054, -7.89508 ), (119,0), changes: 0.224, 5.7 last seen:(118,0) globalposderived: (118,0)
 119: direction old: -8.569528, new: -9.082327
(b)r: 1.2 phi: -9 vel: ( 0.66977, 0.0180031 ) (119,0) rel: ( 1.18523, -0.187721 ), (119,0) global: ( -3.25967, -7.90758 ), (119,0), changes: 0.528, 4.2 last seen:(119,0) globalposderived: (119,0)
(b)r: 1.73795 phi: 105.944 vel: ( 0.629584, 0.0169229 ) (120,0) rel: ( -0.477396, 1.67109 ), (120,0) global: ( -2.5899, -7.88958 ), (120,0), changes: 0.528, 4.2 last seen:(119,0) globalposderived: (119,0)
 121: 2 pos: ball(-1.775748,-8.128005), ball_prev(-3.259670,-7.907584), agentdiff(0.008261,-0.138364)
 121: direction old: 0.410396, new: -5.482241
 122: direction old: -12.003376, new: -4.382767
(b)r: 1.77546 phi: -7.47951 vel: ( 0, 0 ) (124,0) rel: ( 1.76035, -0.231115 ), (124,0) global: ( -1.20806, -7.73644 ), (124,0), changes: 0.6, 0.5 last seen:(122,0) globalposderived: (122,0)
 124: direction old: -10.313780, new: -7.596531
(b)r: 1.3 phi: -9 vel: ( 0, 0 ) (124,0) rel: ( 1.28399, -0.203365 ), (124,0) global: ( -1.69471, -7.58524 ), (124,0), changes: -1.17, -6.2 last seen:(124,0) globalposderived: (124,0)
(b)r: 0.2 phi: 64.4426 vel: ( 0, 0 ) (125,0) rel: ( 0.086283, 0.180431 ), (125,0) global: ( -2.506, -7.4533 ), (125,0), changes: -1.17, -6.2 last seen:(124,0) globalposderived: (124,0)
 125: turnWithBall: kick ball away from opp at ang 15.049790
 125: (kick 27.010866 -98.059681), vecDesired (-0.699850,-0.101599) -91.269936 posDes(-3.205850,-7.554894)
 125: direction old: 26.369894, new: -60.798478
(b)r: 0.4 phi: 17 vel: ( 0.0963131, 0.00386436 ) (125,0) rel: ( 0.382522, 0.116949 ), (125,0) global: ( -2.67986, -7.9854 ), (125,0), changes: 0.048, 13.6 last seen:(125,0) globalposderived: (125,0)
 125: turnWithBall: kick ball away from opp at ang 17.201522
 125: (kick 30.959039 -116.015117), vecDesired (-0.692344,0.197775) -85.000000 posDes(-3.372201,-7.787620)
(b)r: 0.498383 phi: -83.7673 vel: ( -0.627885, 0.180073 ) (126,0) rel: ( 0.054108, -0.495437 ), (126,0) global: ( -3.34782, -7.79383 ), (126,0), changes: 0.048, 13.6 last seen:(125,0) globalposderived: (125,0)
 126: turnWithBall: freeze ball
(b)r: 0.51384 phi: -83.7458 vel: ( -0.0137266, -0.00476584 ) (127,0) rel: ( 0.0559772, -0.510781 ), (127,0) global: ( -3.36242, -7.7989 ), (127,0), changes: 0.048, 13.6 last seen:(125,0) globalposderived: (125,0)
 127: turnWithBall: turn since ball will be kickable in t+1
 127: 2 pos: ball(-4.047903,-7.889853), ball_prev(-2.679857,-7.985395), agentdiff(0.000000,0.000000)
 127: direction old: -161.544312, new: -167.798478
(b)r: 1.2 phi: -90 vel: ( -0.0137266, -0.00476584 ) (127,0) rel: ( 7.34788e-17, -1.2 ), (127,0) global: ( -4.0479, -7.88985 ), (127,0), changes: 0.048, 13.6 last seen:(127,0) globalposderived: (127,0)
(b)r: 1.21443 phi: -0.0761471 vel: ( -0.012903, -0.00447989 ) (128,0) rel: ( 1.21442, -0.00161399 ), (128,0) global: ( -4.06163, -7.89462 ), (128,0), changes: 0.048, 13.6 last seen:(127,0) globalposderived: (127,0)
 128: direction old: -170.690490, new: -169.090207
(b)r: 2 phi: -10 vel: ( -0.70963, -0.122559 ) (128,0) rel: ( 1.96962, -0.347296 ), (128,0) global: ( -4.75172, -8.06434 ), (128,0), changes: 0.72, -0.4 last seen:(128,0) globalposderived: (128,0)
 130: direction old: -169.704913, new: -169.058501
 131: direction old: -167.239712, new: -168.998445
 133: direction old: -171.604139, new: -166.218306
(b)r: 1.88516 phi: 3.64879 vel: ( -0.46467, -0.110722 ) (134,0) rel: ( 1.88134, 0.119972 ), (134,0) global: ( -8.18045, -8.90077 ), (134,0), changes: 0.176, 0.7 last seen:(133,0) globalposderived: (133,0)
 134: direction old: -157.053254, new: -164.752787
(b)r: 2 phi: 3 vel: ( -0.469133, -0.115856 ) (134,0) rel: ( 1.99726, 0.104672 ), (134,0) global: ( -8.30949, -8.66442 ), (134,0), changes: 0.16, 0.6 last seen:(134,0) globalposderived: (134,0)
(b)r: 1.73362 phi: 3.91527 vel: ( -0.440985, -0.108905 ) (135,0) rel: ( 1.72958, 0.118374 ), (135,0) global: ( -8.77862, -8.78027 ), (135,0), changes: 0.16, 0.6 last seen:(134,0) globalposderived: (134,0)
(b)r: 1.38908 phi: 5.42196 vel: ( -0.414526, -0.10237 ) (136,0) rel: ( 1.38286, 0.131254 ), (136,0) global: ( -9.21961, -8.88918 ), (136,0), changes: 0.16, 0.6 last seen:(134,0) globalposderived: (134,0)
 136: direction old: -175.793327, new: -161.185933
(b)r: 1.3 phi: 7 vel: ( -0.398961, -0.10189 ) (136,0) rel: ( 1.29031, 0.15843 ), (136,0) global: ( -9.09421, -9.20869 ), (136,0), changes: 0.078, 0.5 last seen:(136,0) globalposderived: (136,0)
(b)r: 0.918038 phi: 11.0833 vel: ( -0.375023, -0.0957763 ) (137,0) rel: ( 0.900915, 0.17648 ), (137,0) global: ( -9.49317, -9.31058 ), (137,0), changes: 0.078, 0.5 last seen:(136,0) globalposderived: (136,0)
 137: turnWithBall: freeze ball
 137: direction old: -165.716279, new: -157.498846
(b)r: 0.9 phi: 11 vel: ( -0.369243, -0.0901231 ) (137,0) rel: ( 0.883464, 0.171728 ), (137,0) global: ( -9.58797, -9.46746 ), (137,0), changes: 0.054, 0 last seen:(137,0) globalposderived: (137,0)
 137: turnWithBall: freeze ball
(b)r: 0.606643 phi: 14.4137 vel: ( -0.00458465, 0.00386923 ) (138,0) rel: ( 0.587548, 0.151006 ), (138,0) global: ( -9.59285, -9.46334 ), (138,0), changes: 0.054, 0 last seen:(137,0) globalposderived: (137,0)
 138: turnWithBall: turn since ball will be kickable in t+1
(b)r: 0.489379 phi: -93.0963 vel: ( -0.00430957, 0.00363707 ) (139,0) rel: ( -0.0264337, -0.488664 ), (139,0) global: ( -9.59743, -9.45947 ), (139,0), changes: 0.054, 0 last seen:(137,0) globalposderived: (137,0)
 139: turnWithBall: turn since ball will be kickable in t+1
 139: 2 pos: ball(-9.395373,-9.160425), ball_prev(-9.587972,-9.467459), agentdiff(0.221794,0.284501)
 139: direction old: -141.113550, new: -153.344636
(b)r: 0.5 phi: -103 vel: ( -0.00430957, 0.00363707 ) (139,0) rel: ( -0.112476, -0.487185 ), (139,0) global: ( -9.39537, -9.16042 ), (139,0), changes: 0.054, 0 last seen:(139,0) globalposderived: (139,0)
 139: turnWithBall: turn since ball will be kickable in t+1
(b)r: 0.453675 phi: -153.307 vel: ( 0, 0 ) (140,0) rel: ( -0.405326, -0.203793 ), (140,0) global: ( -9.39968, -9.15679 ), (140,0), changes: 0.054, 0 last seen:(139,0) globalposderived: (139,0)
 140: ball (-9.399682,-9.156788), agent (-8.997312,-8.947218), to (-4.997721,-8.890006) ang 0.819525 0.819525
 140: relpos body (0.453675,-153.307288), vel. ball:(0.000000,0.000000) dist: 1.166369 (0.300000,0.085000,0.781369)
 140: point good and can reach point 37.324392
 140: 2 pos: ball(-8.464310,-7.625760), ball_prev(-9.395373,-9.160425), agentdiff(-0.140146,-0.019017)
 140: vel based on 2 pos: (1.006935,1.460461)
 140: direction old: -143.994894, new: 63.335518
(b)r: 1.5 phi: 59 vel: ( 1.00694, 1.46046 ) (140,0) rel: ( 0.772557, 1.28575 ), (140,0) global: ( -8.46431, -7.62576 ), (140,0), changes: 0.054, 0 last seen:(140,0) globalposderived: (140,0)
(b)r: 1.99007 phi: -8.09032 vel: ( -0.684052, 0.147743 ) (242,0) rel: ( 1.97027, -0.280071 ), (242,0) global: ( -12.9824, -17.6586 ), (242,0), changes: -1.02, -5.9 last seen:(241,0) globalposderived: (241,0)
 242: direction old: -44.284223, new: -43.883982
(b)r: 1.31176 phi: -16.0512 vel: ( -0.627503, 0.144761 ) (243,0) rel: ( 1.26062, -0.362697 ), (243,0) global: ( -13.6332, -17.5015 ), (243,0), changes: -0.72, -9.9 last seen:(242,0) globalposderived: (242,0)
(b)r: 0.954145 phi: -29.8235 vel: ( -0.589853, 0.136076 ) (244,0) rel: ( 0.82778, -0.474524 ), (244,0) global: ( -14.2607, -17.3567 ), (244,0), changes: -0.72, -9.9 last seen:(242,0) globalposderived: (242,0)
 244: turnWithBall: kick ball close to desired turnangle 0.000000
 244: (kick 65.678160 96.097629), vecDesired (0.527550,0.940670) 60.341561 posDes(-13.733176,-16.416035)
 244: direction old: -96.706898, new: -87.216694
(b)r: 1 phi: -26 vel: ( -0.585265, 0.126815 ) (244,0) rel: ( 0.898794, -0.438371 ), (244,0) global: ( -14.0879, -17.2991 ), (244,0), changes: -0.16, -33.7 last seen:(244,0) globalposderived: (244,0)
 244: turnWithBall: kick ball away from opp at ang -51.216694
 244: (kick 61.659090 140.758444), vecDesired (-0.353447,1.382695) -170.000000 posDes(-14.441388,-15.916437)
(b)r: 0.493448 phi: -170.077 vel: ( -0.319129, 1.28416 ) (245,0) rel: ( -0.486066, -0.0850341 ), (245,0) global: ( -14.4274, -15.933 ), (245,0), changes: -0.16, -33.7 last seen:(244,0) globalposderived: (244,0)
 245: turnWithBall: freeze ball
 245: 2 pos: ball(-14.469825,-16.150388), ball_prev(-14.087941,-17.299133), agentdiff(-0.121746,-0.160132)
 245: vel based on 2 pos: (-0.244530,1.230344)
 245: direction old: 108.914936, new: 124.960851
(b)r: 0.4 phi: -174 vel: ( -0.24453, 1.23034 ) (245,0) rel: ( -0.397809, -0.0418114 ), (245,0) global: ( -14.4698, -16.1504 ), (245,0), changes: -0.16, -33.7 last seen:(245,0) globalposderived: (245,0)
 245: turnWithBall: freeze ball
(b)r: 0.406505 phi: -176.775 vel: ( 0.0119135, 0.0152446 ) (246,0) rel: ( -0.405861, -0.0228695 ), (246,0) global: ( -14.4572, -16.1342 ), (246,0), changes: -0.16, -33.7 last seen:(245,0) globalposderived: (245,0)
 246: turnWithBall: turn since ball will be kickable in t+1
(b)r: 0.413462 phi: 119.663 vel: ( 0.0111987, 0.0143299 ) (247,0) rel: ( -0.204619, 0.35928 ), (247,0) global: ( -14.4452, -16.1189 ), (247,0), changes: -0.16, -33.7 last seen:(245,0) globalposderived: (245,0)
 247: ball (-14.445237,-16.118926), agent (-14.240618,-16.478205), to (-10.240618,-16.478205) ang 0.000000 0.000000
 247: relpos body (0.413462,119.662638), vel. ball:(0.011199,0.014330) dist: 1.166369 (0.300000,0.085000,0.781369)
 247: point good and can reach point 34.187752
 247: 2 pos: ball(-14.474669,-16.092317), ball_prev(-14.469825,-16.150388), agentdiff(0.021895,-0.043637)
 247: direction old: 119.344063, new: 120.789942
(b)r: 0.5 phi: 118 vel: ( 0.0111987, 0.0143299 ) (247,0) rel: ( -0.234736, 0.441474 ), (247,0) global: ( -14.4747, -16.0923 ), (247,0), changes: -0.16, -33.7 last seen:(247,0) globalposderived: (247,0)
 247: ball (-14.474669,-16.092317), agent (-14.218723,-16.521842), to (-10.223465,-16.327144) ang 2.789942 2.789942
 247: relpos body (0.500000,118.000000), vel. ball:(0.011199,0.014330) dist: 1.166369 (0.300000,0.085000,0.781369)
 247: point good and can reach point 35.251950
(b)r: 0.63992 phi: 34.5796 vel: ( 0.718644, -0.0386557 ) (248,0) rel: ( 0.526871, 0.363187 ), (248,0) global: ( -13.7102, -16.1334 ), (248,0), changes: -0.16, -33.7 last seen:(247,0) globalposderived: (247,0)
 248: ball (-13.710155,-16.133440), agent (-14.218723,-16.521842), to (-10.223465,-16.327144) ang 2.789942 2.789942
 248: relpos body (0.639920,34.579586), vel. ball:(0.718644,-0.038656) dist: 1.166369 (0.300000,0.085000,0.781369)
 248: point good and can reach point 0.223308
 248: direction old: 37.369528, new: 42.789942
(b)r: 0.7 phi: 40 vel: ( 0.748316, -0.0479789 ) (248,0) rel: ( 0.536231, 0.449951 ), (248,0) global: ( -13.705, -16.0463 ), (248,0), changes: 0.532, -46.7 last seen:(248,0) globalposderived: (248,0)
 248: ball (-13.705029,-16.046323), agent (-14.218723,-16.521842), to (-10.223465,-16.327144) ang 2.789942 2.789942
 248: relpos body (0.700000,40.000000), vel. ball:(0.748316,-0.047979) dist: 1.166369 (0.300000,0.085000,0.781369)
 248: point good and can reach point 1.223003
(b)r: 0.839605 phi: 25.8139 vel: ( 0.703417, -0.0451001 ) (249,0) rel: ( 0.755823, 0.365605 ), (249,0) global: ( -12.9567, -16.0943 ), (249,0), changes: 0.532, -46.7 last seen:(248,0) globalposderived: (248,0)
 249: ball (-12.956713,-16.094302), agent (-13.693844,-16.496264), to (-0.765872,-15.394553) ang 2.789942 2.789942
 249: relpos body (0.839605,25.813907), vel. ball:(0.703417,-0.045100) dist: 1.166369 (0.300000,0.085000,0.781369)
 249: point good and can reach point 79.920164
 250: direction old: 5.842876, new: 8.691466
 662: direction old: 10.946251, new: 11.758430
(b)r: 1.85504 phi: 9.4135 vel: ( -0.0400633, -0.174168 ) (663,0) rel: ( 1.83006, 0.303407 ), (663,0) global: ( -16.5761, -6.3316 ), (663,0), changes: -0.378, -3 last seen:(662,0) globalposderived: (662,0)
(b)r: 0.954102 phi: 10.5269 vel: ( -0.0376595, -0.163718 ) (664,0) rel: ( 0.938044, 0.174313 ), (664,0) global: ( -16.6161, -6.50577 ), (664,0), changes: -0.378, -3 last seen:(662,0) globalposderived: (662,0)
 664: direction old: 1.268724, new: 29.629561
(b)r: 1.6 phi: 29 vel: ( 0, 0 ) (664,0) rel: ( 1.39939, 0.775695 ), (664,0) global: ( -16.1301, -5.73478 ), (664,0), changes: 0.384, 11 last seen:(664,0) globalposderived: (664,0)
(b)r: 0.97644 phi: 54.0151 vel: ( 0, 0 ) (665,0) rel: ( 0.573729, 0.790107 ), (665,0) global: ( -16.1301, -5.73478 ), (665,0), changes: 0.384, 11 last seen:(664,0) globalposderived: (664,0)
 665: 2 pos: ball(-16.046431,-5.759388), ball_prev(-16.130080,-5.734779), agentdiff(-0.049222,-0.078514)
 665: vel based on 2 pos: (0.124899,0.050671)
 665: direction old: 54.928055, new: 50.621512
(b)r: 1.1 phi: 50 vel: ( 0.124899, 0.050671 ) (665,0) rel: ( 0.707066, 0.842649 ), (665,0) global: ( -16.0464, -5.75939 ), (665,0), changes: 0.384, 11 last seen:(665,0) globalposderived: (665,0)
(b)r: 0.863173 phi: 89.5206 vel: ( 0, 0 ) (666,0) rel: ( 0.00722256, 0.863143 ), (666,0) global: ( -15.9215, -5.70872 ), (666,0), changes: 0.384, 11 last seen:(665,0) globalposderived: (665,0)
(b)r: 0.84106 phi: 90.3083 vel: ( 0, 0 ) (667,0) rel: ( -0.00452545, 0.841048 ), (667,0) global: ( -15.9215, -5.70872 ), (667,0), changes: 0.384, 11 last seen:(665,0) globalposderived: (665,0)
 667: 2 pos: ball(-16.891135,-5.712265), ball_prev(-16.046431,-5.759388), agentdiff(-0.110615,0.013687)
 667: direction old: 83.314610, new: 136.651970
(b)r: 1.2 phi: 136 vel: ( 0, 0 ) (667,0) rel: ( -0.863208, 0.83359 ), (667,0) global: ( -16.8911, -5.71226 ), (667,0), changes: 0.384, 11 last seen:(667,0) globalposderived: (667,0)
(b)r: 0.877694 phi: 114.498 vel: ( 0, 0 ) (668,0) rel: ( -0.363949, 0.798678 ), (668,0) global: ( -16.8911, -5.71226 ), (668,0), changes: 0.384, 11 last seen:(667,0) globalposderived: (667,0)
 668: 2 pos: ball(-16.723480,-5.636611), ball_prev(-16.891135,-5.712265), agentdiff(0.126177,0.033429)
 668: vel based on 2 pos: (0.038989,0.039691)
 668: direction old: 123.261591, new: 111.615312
(b)r: 0.9 phi: 111 vel: ( 0.038989, 0.0396913 ) (668,0) rel: ( -0.322531, 0.840222 ), (668,0) global: ( -16.7235, -5.63661 ), (668,0), changes: 0.384, 11 last seen:(668,0) globalposderived: (668,0)
 668: ball (-16.723480,-5.636611), agent (-16.391945,-6.473321), to (-12.392175,-6.430365) ang 0.615312 0.615312
 668: relpos body (0.900000,111.000000), vel. ball:(0.038989,0.039691) dist: 1.166369 (0.300000,0.085000,0.781369)
 668: point good and can reach point 40.311653
(b)r: 0.932751 phi: 47.4898 vel: ( 0.70928, -0.122743 ) (669,0) rel: ( 0.63028, 0.687584 ), (669,0) global: ( -15.9689, -5.76719 ), (669,0), changes: 0.384, 11 last seen:(668,0) globalposderived: (668,0)
 669: ball (-15.968927,-5.767189), agent (-16.591787,-6.461502), to (-12.592017,-6.418546) ang 0.615312 0.615312
 669: relpos body (0.932751,47.489812), vel. ball:(0.709280,-0.122743) dist: 1.166369 (0.300000,0.085000,0.781369)
 669: point good and can reach point 0.718403
(b)r: 1.07338 phi: 31.7391 vel: ( 0.666723, -0.115379 ) (670,0) rel: ( 0.912859, 0.564655 ), (670,0) global: ( -15.2596, -5.88993 ), (670,0), changes: 0.384, 11 last seen:(668,0) globalposderived: (668,0)
 670: ball (-15.259647,-5.889932), agent (-16.166390,-6.464358), to (-12.166621,-6.421402) ang 0.615312 0.615312
 670: relpos body (1.073381,31.739145), vel. ball:(0.666723,-0.115379) dist: 1.166369 (0.300000,0.085000,0.781369)
 670: point good and can reach point 0.237865
 670: 2 pos: ball(-15.891857,-6.345622), ball_prev(-16.723480,-5.636611), agentdiff(0.011189,-0.182344)
 670: direction old: 40.198821, new: 48.825011
(b)r: 0.4 phi: 48 vel: ( 0.666723, -0.115379 ) (670,0) rel: ( 0.267652, 0.297258 ), (670,0) global: ( -15.8919, -6.34562 ), (670,0), changes: 0.384, 11 last seen:(670,0) globalposderived: (670,0)
 670: ball (-15.891857,-6.345622), agent (-16.155201,-6.646702), to (-12.155616,-6.589108) ang 0.825011 0.825011
 670: relpos body (0.400000,48.000000), vel. ball:(0.666723,-0.115379) dist: 1.166369 (0.300000,0.085000,0.781369)
 670: point good and can reach point 3.534440
(b)r: 0.2 phi: 13.1298 vel: ( -0.0672329, 0.00544368 ) (671,0) rel: ( 0.194772, 0.0454315 ), (671,0) global: ( -15.9611, -6.59847 ), (671,0), changes: 0.384, 11 last seen:(670,0) globalposderived: (670,0)
 671: ball (-15.961104,-6.598471), agent (-16.155201,-6.646702), to (-12.155616,-6.589108) ang 0.825011 0.825011
 671: relpos body (0.200000,13.129781), vel. ball:(-0.067233,0.005444) dist: 1.166369 (0.300000,0.085000,0.781369)
 671: point good and can reach point 28.179733
 671: direction old: 12.413551, new: 33.779738
(b)r: 0.4 phi: 33 vel: ( -0.0118901, 0.0172525 ) (671,0) rel: ( 0.335468, 0.217856 ), (671,0) global: ( -15.8478, -6.4243 ), (671,0), changes: 0.008, 2.2 last seen:(671,0) globalposderived: (671,0)
 671: ball (-15.847753,-6.424302), agent (-16.180225,-6.646702), to (-12.180595,-6.592268) ang 0.779738 0.779738
 671: relpos body (0.400000,33.000000), vel. ball:(-0.011890,0.017252) dist: 1.166369 (0.300000,0.085000,0.781369)
 671: point good and can reach point 28.776679
(b)r: 1.05615 phi: 10.0994 vel: ( 0.662416, -0.0216813 ) (672,0) rel: ( 1.03979, 0.185203 ), (672,0) global: ( -15.1431, -6.44737 ), (672,0), changes: 0.008, 2.2 last seen:(671,0) globalposderived: (671,0)
 672: ball (-15.143054,-6.447367), agent (-16.180225,-6.646702), to (-12.180595,-6.592268) ang 0.779738 0.779738
 672: relpos body (1.056152,10.099370), vel. ball:(0.662416,-0.021681) dist: 1.166369 (0.300000,0.085000,0.781369)
 672: point good and can reach point 1.030766
(b)r: 1.21126 phi: 7.32861 vel: ( 0.622671, -0.0203804 ) (673,0) rel: ( 1.20137, 0.154509 ), (673,0) global: ( -14.4806, -6.46905 ), (673,0), changes: 0.008, 2.2 last seen:(671,0) globalposderived: (671,0)
 673: direction old: -1.828088, new: 7.508274
(b)r: 1.2 phi: 7 vel: ( 0.618372, -0.0189842 ) (673,0) rel: ( 1.19106, 0.146243 ), (673,0) global: ( -14.3837, -6.27737 ), (673,0), changes: 0.408, -3.5 last seen:(673,0) globalposderived: (673,0)
(b)r: 1.61394 phi: -2.54469 vel: ( 0.58127, -0.0178452 ) (674,0) rel: ( 1.61235, -0.0716569 ), (674,0) global: ( -13.7654, -6.29635 ), (674,0), changes: 0.408, -3.5 last seen:(673,0) globalposderived: (673,0)
 674: direction old: 11.797565, new: 5.981314
(b)r: 1.6 phi: -1 vel: ( 0.572232, -0.012398 ) (674,0) rel: ( 1.59976, -0.0279239 ), (674,0) global: ( -13.8603, -6.48182 ), (674,0), changes: 0.48, -2 last seen:(674,0) globalposderived: (674,0)
 676: direction old: 0.452205, new: 6.207974
 677: direction old: 10.091121, new: 5.312085
 679: direction old: 0.196306, new: 4.223812
 680: direction old: 12.112351, new: 3.606631
 682: direction old: -5.534026, new: 2.203832
 683: direction old: 6.769710, new: 0.381819
 685: direction old: -4.421580, new: -0.688272
(b)r: 2 phi: -6 vel: ( 0.312359, -0.0230012 ) (685,0) rel: ( 1.98904, -0.209057 ), (685,0) global: ( -8.84929, -6.68575 ), (685,0), changes: 0.32, -0.5 last seen:(685,0) globalposderived: (685,0)
 686: direction old: -3.907809, new: 0.491083
 688: direction old: -0.876511, new: -1.656954
 689: 2 pos: ball(-7.785635,-6.906507), ball_prev(-7.928175,-6.605085), agentdiff(0.154340,-0.383225)
 689: vel based on 2 pos: (-0.011092,0.076895)
 689: direction old: 7.349446, new: 0.067975
(b)r: 1.99049 phi: -9.21549 vel: ( -0.0104267, 0.0722812 ) (690,0) rel: ( 1.96479, -0.318772 ), (690,0) global: ( -7.79673, -6.82961 ), (690,0), changes: 0.08, -1 last seen:(689,0) globalposderived: (689,0)
(b)r: 1.48895 phi: -9.50453 vel: ( -0.00980105, 0.0679443 ) (691,0) rel: ( 1.46851, -0.245863 ), (691,0) global: ( -7.80715, -6.75733 ), (691,0), changes: 0.08, -1 last seen:(689,0) globalposderived: (689,0)
 691: direction old: -2.235368, new: -5.447334
 692: direction old: -7.576000, new: -8.364910
(b)r: 1.86072 phi: 0.516271 vel: ( 0.195743, -0.0311072 ) (693,0) rel: ( 1.86065, 0.0167661 ), (693,0) global: ( -6.62695, -7.00409 ), (693,0), changes: 0.132, -0.9 last seen:(692,0) globalposderived: (692,0)
(b)r: 1.34636 phi: 0.942391 vel: ( 0.183998, -0.0292408 ) (694,0) rel: ( 1.34618, 0.0221438 ), (694,0) global: ( -6.4312, -7.0352 ), (694,0), changes: 0.132, -0.9 last seen:(692,0) globalposderived: (692,0)
 694: direction old: -3.739058, new: -1.344094
(b)r: 1.2 phi: 7 vel: ( 0, 0 ) (694,0) rel: ( 1.19106, 0.146243 ), (694,0) global: ( -6.72353, -6.96584 ), (694,0), changes: 0.048, -0.7 last seen:(694,0) globalposderived: (694,0)
(b)r: 0.742187 phi: 11.1583 vel: ( 0, 0 ) (695,0) rel: ( 0.728156, 0.143629 ), (695,0) global: ( -6.72353, -6.96584 ), (695,0), changes: 0.048, -0.7 last seen:(694,0) globalposderived: (694,0)
 695: direction old: 9.430315, new: 10.493177
(b)r: 0.8 phi: 19 vel: ( 0.0146877, -0.00803428 ) (695,0) rel: ( 0.756415, 0.260455 ), (695,0) global: ( -6.68631, -6.94462 ), (695,0), changes: 0.032, -1.2 last seen:(695,0) globalposderived: (695,0)
 695: ball (-6.686312,-6.944618), agent (-7.472933,-7.090312), to (-3.516940,-7.682021) ang -8.506823 -8.506823
 695: relpos body (0.800000,19.000000), vel. ball:(0.014688,-0.008034) dist: 1.166369 (0.300000,0.085000,0.781369)
 695: point good and can reach point 31.215247
(b)r: 1.51318 phi: 7.79195 vel: ( 0.659657, -0.150815 ) (696,0) rel: ( 1.49921, 0.205152 ), (696,0) global: ( -5.98455, -7.10506 ), (696,0), changes: 0.032, -1.2 last seen:(695,0) globalposderived: (695,0)
 697: 2 pos: ball(-7.346318,-6.862208), ball_prev(-6.686312,-6.944618), agentdiff(0.541691,0.006673)
 697: direction old: -6.270218, new: 148.494390
(b)r: 0.4 phi: 157 vel: ( 0.620078, -0.141766 ) (697,0) rel: ( -0.368202, 0.156292 ), (697,0) global: ( -7.34632, -6.86221 ), (697,0), changes: 0.032, -1.2 last seen:(697,0) globalposderived: (697,0)
 697: ball (-7.346318,-6.862208), agent (-7.005282,-7.071240), to (-3.049277,-7.662865) ang -8.505610 -8.505610
 697: relpos body (0.400000,157.000000), vel. ball:(0.620078,-0.141766) dist: 1.166369 (0.300000,0.085000,0.781369)
 697: point good and can reach point 6.572685
(b)r: 0.2 phi: 17.7843 vel: ( -0.0701212, 0.0134304 ) (698,0) rel: ( 0.190443, 0.0610869 ), (698,0) global: ( -6.8079, -7.03899 ), (698,0), changes: 0.032, -1.2 last seen:(697,0) globalposderived: (697,0)
 698: ball (-6.807899,-7.038993), agent (-7.005282,-7.071240), to (-3.049277,-7.662865) ang -8.505610 -8.505610
 698: relpos body (0.200000,17.784316), vel. ball:(-0.070121,0.013430) dist: 1.166369 (0.300000,0.085000,0.781369)
 698: point good and can reach point 28.503934
 698: 2 pos: ball(-7.212584,-6.803666), ball_prev(-7.346318,-6.862208), agentdiff(0.082825,-0.007792)
 698: direction old: 19.265311, new: 136.495080
(b)r: 0.4 phi: 145 vel: ( -0.0701212, 0.0134304 ) (698,0) rel: ( -0.327661, 0.229431 ), (698,0) global: ( -7.21258, -6.80367 ), (698,0), changes: 0.032, -1.2 last seen:(698,0) globalposderived: (698,0)
 698: ball (-7.212584,-6.803666), agent (-6.922457,-7.079033), to (-2.966445,-7.670610) ang -8.504920 -8.504920
 698: relpos body (0.400000,145.000000), vel. ball:(-0.070121,0.013430) dist: 1.166369 (0.300000,0.085000,0.781369)
 698: point good and can reach point 39.305314
(b)r: 0.481356 phi: 24.966 vel: ( 0.706647, -0.13063 ) (699,0) rel: ( 0.436377, 0.203171 ), (699,0) global: ( -6.46083, -6.94263 ), (699,0), changes: 0.032, -1.2 last seen:(698,0) globalposderived: (698,0)
 699: ball (-6.460831,-6.942634), agent (-6.922457,-7.079033), to (-2.966445,-7.670610) ang -8.504920 -8.504920
 699: relpos body (0.481356,24.965984), vel. ball:(0.706647,-0.130630) dist: 1.166369 (0.300000,0.085000,0.781369)
 699: point good and can reach point 0.690758
(b)r: 0.689185 phi: 18.0374 vel: ( 0.664249, -0.122792 ) (700,0) rel: ( 0.655315, 0.213398 ), (700,0) global: ( -5.75418, -7.07326 ), (700,0), changes: 0.032, -1.2 last seen:(698,0) globalposderived: (698,0)
 700: ball (-5.754183,-7.073264), agent (-6.433852,-7.187398), to (-2.477839,-7.778975) ang -8.504920 -8.504920
 700: relpos body (0.689185,18.037448), vel. ball:(0.664249,-0.122792) dist: 1.166369 (0.300000,0.085000,0.781369)
 700: point good and can reach point 2.252818
 700: direction old: 3.943322, new: 4.403018
(b)r: 0.8 phi: 13 vel: ( 0.732025, -0.138121 ) (700,0) rel: ( 0.779496, 0.179961 ), (700,0) global: ( -5.73525, -7.06553 ), (700,0), changes: 0.528, -9.7 last seen:(700,0) globalposderived: (700,0)
 700: ball (-5.735252,-7.065525), agent (-6.532891,-7.126942), to (-2.577834,-7.724875) ang -8.596982 -8.596982
 700: relpos body (0.800000,13.000000), vel. ball:(0.732025,-0.138121) dist: 1.166369 (0.300000,0.085000,0.781369)
 700: point good and can reach point 1.076723
(b)r: 0.837337 phi: 10.5156 vel: ( 0.688104, -0.129834 ) (701,0) rel: ( 0.823274, 0.152817 ), (701,0) global: ( -5.00323, -7.20365 ), (701,0), changes: 0.528, -9.7 last seen:(700,0) globalposderived: (700,0)
 701: ball (-5.003227,-7.203646), agent (-5.840094,-7.231681), to (-1.885037,-7.829614) ang -8.596982 -8.596982
 701: relpos body (0.837337,10.515650), vel. ball:(0.688104,-0.129834) dist: 1.166369 (0.300000,0.085000,0.781369)
 701: point good and can reach point 1.140589
 701: direction old: 11.788509, new: 1.459160
(b)r: 0.8 phi: 10 vel: ( 0.683732, -0.131563 ) (701,0) rel: ( 0.787846, 0.138919 ), (701,0) global: ( -4.99811, -7.34911 ), (701,0), changes: 0.4, -7.3 last seen:(701,0) globalposderived: (701,0)
 701: ball (-4.998109,-7.349113), agent (-5.797850,-7.369485), to (-1.842209,-7.963542) ang -8.540840 -8.540840
 701: relpos body (0.800000,10.000000), vel. ball:(0.683732,-0.131563) dist: 1.166369 (0.300000,0.085000,0.781369)
 701: point good and can reach point 1.238815
(b)r: 0.767872 phi: 9.21931 vel: ( 0.642708, -0.123669 ) (702,0) rel: ( 0.757952, 0.123024 ), (702,0) global: ( -4.31438, -7.48068 ), (702,0), changes: 0.4, -7.3 last seen:(701,0) globalposderived: (701,0)
 702: ball (-4.314377,-7.480676), agent (-5.082195,-7.489769), to (-1.126554,-8.083826) ang -8.540840 -8.540840
 702: relpos body (0.767872,9.219309), vel. ball:(0.642708,-0.123669) dist: 1.166369 (0.300000,0.085000,0.781369)
 702: point good and can reach point 3.011496
(b)r: 0.639641 phi: 4.98469 vel: ( 0.604146, -0.116249 ) (703,0) rel: ( 0.637222, 0.0555781 ), (703,0) global: ( -3.67167, -7.60435 ), (703,0), changes: 0.4, -7.3 last seen:(701,0) globalposderived: (701,0)
 703: ball (-3.671669,-7.604346), agent (-4.310078,-7.564671), to (-0.354437,-8.158728) ang -8.540840 -8.540840
 703: relpos body (0.639641,4.984690), vel. ball:(0.604146,-0.116249) dist: 1.166369 (0.300000,0.085000,0.781369)
 703: point good and can reach point 4.500059
 703: direction old: -7.745534, new: 0.588008
(b)r: 0.7 phi: 9 vel: ( 0.610788, -0.111478 ) (703,0) rel: ( 0.691382, 0.109504 ), (703,0) global: ( -3.56904, -7.51592 ), (703,0), changes: 0.308, -6.6 last seen:(703,0) globalposderived: (703,0)
 703: ball (-3.569044,-7.515915), agent (-4.269007,-7.523099), to (-0.312040,-8.108259) ang -8.411992 -8.411992
 703: relpos body (0.700000,9.000000), vel. ball:(0.610788,-0.111478) dist: 1.166369 (0.300000,0.085000,0.781369)
 703: point good and can reach point 4.339689
(b)r: 0.514361 phi: 5.20568 vel: ( 0.57414, -0.104789 ) (704,0) rel: ( 0.512239, 0.0466686 ), (704,0) global: ( -2.95826, -7.62739 ), (704,0), changes: 0.308, -6.6 last seen:(703,0) globalposderived: (703,0)
 704: ball (-2.958256,-7.627393), agent (-3.471812,-7.598624), to (0.485155,-8.183785) ang -8.411992 -8.411992
 704: relpos body (0.514361,5.205681), vel. ball:(0.574140,-0.104789) dist: 1.166369 (0.300000,0.085000,0.781369)
 704: point good and can reach point 5.518983
 704: direction old: 8.004349, new: -2.367170
(b)r: 0.4 phi: 6 vel: ( 0.553354, -0.0941427 ) (704,0) rel: ( 0.397809, 0.0418114 ), (704,0) global: ( -3.06867, -7.71564 ), (704,0), changes: 0.216, -6.4 last seen:(704,0) globalposderived: (704,0)
 704: ball (-3.068668,-7.715640), agent (-3.468326,-7.699119), to (0.489097,-8.281183) ang -8.367170 -8.367170
 704: relpos body (0.400000,6.000000), vel. ball:(0.553354,-0.094143) dist: 1.166369 (0.300000,0.085000,0.781369)
 704: point good and can reach point 6.140516
(b)r: 0.609084 phi: -6.25621 vel: ( 0.520153, -0.0884941 ) (705,0) rel: ( 0.605456, -0.0663746 ), (705,0) global: ( -2.51531, -7.80978 ), (705,0), changes: 0.216, -6.4 last seen:(704,0) globalposderived: (704,0)
 705: ball (-2.515314,-7.809783), agent (-3.120217,-7.738540), to (0.879654,-7.770715) ang -0.460879 -0.460879
 705: relpos body (0.609084,-6.256205), vel. ball:(0.520153,-0.088494) dist: 1.166369 (0.300000,0.085000,0.781369)
 705: point good and can reach point 9.115509
(b)r: 1.20534 phi: -1.94895 vel: ( 0.680029, 0.00405583 ) (706,0) rel: ( 1.20465, -0.0409927 ), (706,0) global: ( -1.79188, -7.80547 ), (706,0), changes: 0.216, -6.4 last seen:(704,0) globalposderived: (704,0)
 706: direction old: -6.097926, new: -1.888362
(b)r: 1.2 phi: -2 vel: ( 0.665327, 0.00902983 ) (706,0) rel: ( 1.19927, -0.0418794 ), (706,0) global: ( -1.77683, -7.71849 ), (706,0), changes: 0.6, 1.9 last seen:(706,0) globalposderived: (706,0)
(b)r: 1.33955 phi: -1.46067 vel: ( 0.625407, 0.00848804 ) (707,0) rel: ( 1.33911, -0.0341459 ), (707,0) global: ( -1.1115, -7.70946 ), (707,0), changes: 0.6, 1.9 last seen:(706,0) globalposderived: (706,0)
 707: direction old: 4.121481, new: -0.871087
(b)r: 1.3 phi: -1 vel: ( 0.61275, 0.00605306 ) (707,0) rel: ( 1.2998, -0.0226881 ), (707,0) global: ( -1.12888, -7.82414 ), (707,0), changes: 0.39, 0.4 last seen:(707,0) globalposderived: (707,0)
(b)r: 1.21409 phi: -2.58154 vel: ( 0.575985, 0.00568988 ) (708,0) rel: ( 1.21285, -0.0546839 ), (708,0) global: ( -0.51613, -7.81809 ), (708,0), changes: 0.39, 0.4 last seen:(707,0) globalposderived: (707,0)
(b)r: 1.01524 phi: -3.6046 vel: ( 0, 0 ) (709,0) rel: ( 1.01323, -0.0638286 ), (709,0) global: ( 0.0598549, -7.8124 ), (709,0), changes: 0.39, 0.4 last seen:(707,0) globalposderived: (707,0)
 709: direction old: -5.524453, new: -5.861319
(b)r: 1.1 phi: -6 vel: ( 0.55185, -0.00709388 ) (709,0) rel: ( 1.09397, -0.114981 ), (709,0) global: ( 0.12498, -7.82519 ), (709,0), changes: 0.242, 0.6 last seen:(709,0) globalposderived: (709,0)
 709: ball (0.124980,-7.825193), agent (-0.969270,-7.712860), to (3.030719,-7.703178) ang 0.138681 0.138681
 709: relpos body (1.100000,-6.000000), vel. ball:(0.551850,-0.007094) dist: 1.166369 (0.300000,0.085000,0.781369)
 709: point good and can reach point 6.490163
(b)r: 0.8509 phi: -6.44172 vel: ( 0.518739, -0.00666824 ) (710,0) rel: ( 0.845528, -0.0954646 ), (710,0) global: ( 0.67683, -7.83229 ), (710,0), changes: 0.242, 0.6 last seen:(709,0) globalposderived: (709,0)
 710: ball (0.676830,-7.832287), agent (-0.168927,-7.738869), to (3.831061,-7.729187) ang 0.138681 0.138681
 710: relpos body (0.850900,-6.441715), vel. ball:(0.518739,-0.006668) dist: 1.166369 (0.300000,0.085000,0.781369)
 710: point good and can reach point 7.246720
 710: direction old: -4.874760, new: -4.809365
(b)r: 0.8 phi: -5 vel: ( 0.516005, -0.00391257 ) (710,0) rel: ( 0.796956, -0.0697246 ), (710,0) global: ( 0.695928, -7.833 ), (710,0), changes: 0.192, 1.8 last seen:(710,0) globalposderived: (710,0)
 710: ball (0.695928,-7.832999), agent (-0.101255,-7.765927), to (3.898723,-7.752618) ang 0.190635 0.190635
 710: relpos body (0.800000,-5.000000), vel. ball:(0.516005,-0.003913) dist: 1.166369 (0.300000,0.085000,0.781369)
 710: point good and can reach point 9.028476
(b)r: 1.19696 phi: -2.19198 vel: ( 0.680743, 0.0140999 ) (711,0) rel: ( 1.19608, -0.0457812 ), (711,0) global: ( 1.42012, -7.818 ), (711,0), changes: 0.192, 1.8 last seen:(710,0) globalposderived: (710,0)
(b)r: 1.75285 phi: 109.33 vel: ( 0.639899, 0.0132539 ) (712,0) rel: ( -0.580217, 1.65403 ), (712,0) global: ( 2.10087, -7.8039 ), (712,0), changes: 0.192, 1.8 last seen:(710,0) globalposderived: (710,0)
 712: 2 pos: ball(1.810571,-7.945006), ball_prev(0.695928,-7.832999), agentdiff(-0.336733,-0.116018)
 712: direction old: 2.099411, new: -2.054261
(b)r: 1.8 phi: 112 vel: ( 0.639899, 0.0132539 ) (712,0) rel: ( -0.674292, 1.66893 ), (712,0) global: ( 1.81057, -7.94501 ), (712,0), changes: 0.192, 1.8 last seen:(712,0) globalposderived: (712,0)
 713: 2 pos: ball(2.855944,-7.499519), ball_prev(1.810571,-7.945006), agentdiff(0.345912,0.473042)
 713: vel based on 2 pos: (0.657493,-0.025902)
 713: direction old: -14.064672, new: -2.110743
 748: direction old: 5.697623, new: 9.309897
(b)r: 1.30594 phi: 10.7474 vel: ( -0.345796, 0.0528893 ) (749,0) rel: ( 1.28303, 0.243531 ), (749,0) global: ( -10.8047, -7.59594 ), (749,0), changes: -0.396, 3.3 last seen:(748,0) globalposderived: (748,0)
 749: direction old: 12.280328, new: 17.184218
(b)r: 1.2 phi: 12 vel: ( 0, 0 ) (749,0) rel: ( 1.17378, 0.249494 ), (749,0) global: ( -10.9326, -7.5188 ), (749,0), changes: -0.48, 8.8 last seen:(749,0) globalposderived: (749,0)
(b)r: 0.53321 phi: 32.625 vel: ( 0, 0 ) (750,0) rel: ( 0.449079, 0.287474 ), (750,0) global: ( -10.9326, -7.5188 ), (750,0), changes: -0.48, 8.8 last seen:(749,0) globalposderived: (749,0)
(b)r: 0.2 phi: 137.76 vel: ( 0, 0 ) (751,0) rel: ( -0.148067, 0.134448 ), (751,0) global: ( -10.7329, -7.66957 ), (751,0), changes: -0.48, 8.8 last seen:(749,0) globalposderived: (749,0)
 1034: direction old: 41.546279, new: 39.507349
(b)r: 1.29748 phi: 25.4746 vel: ( -0.439654, -0.0148969 ) (1035,0) rel: ( 1.17134, 0.558062 ), (1035,0) global: ( -12.3149, -1.3818 ), (1035,0), changes: -0.484, 8.5 last seen:(1034,0) globalposderived: (1034,0)
(b)r: 0.723857 phi: 86.846 vel: ( -0.413275, -0.0140031 ) (1036,0) rel: ( 0.0398263, 0.72276 ), (1036,0) global: ( -12.7546, -1.3967 ), (1036,0), changes: -0.484, 8.5 last seen:(1034,0) globalposderived: (1034,0)
 1036: 2 pos: ball(-12.733144,-1.672155), ball_prev(-11.847212,-1.365950), agentdiff(0.005209,-0.257084)
 1036: direction old: 111.321043, new: 117.898612
(b)r: 0.7 phi: 86 vel: ( -0.413275, -0.0140031 ) (1036,0) rel: ( 0.0488295, 0.698295 ), (1036,0) global: ( -12.7331, -1.67215 ), (1036,0), changes: -0.484, 8.5 last seen:(1036,0) globalposderived: (1036,0)
 1036: turnWithBall: kick ball away from opp at ang 28.898612
 1036: (kick 40.985969 -83.386471), vecDesired (0.124043,-0.689210) 177.000000 posDes(-12.609101,-2.361365)
(b)r: 0.2 phi: 161.57 vel: ( -0.0108617, 0.062925 ) (1037,0) rel: ( -0.189742, 0.0632283 ), (1037,0) global: ( -12.6001, -2.33738 ), (1037,0), changes: -0.484, 8.5 last seen:(1036,0) globalposderived: (1036,0)
 1037: turnWithBall: turn since ball will be kickable in t+1
 1037: 2 pos: ball(-12.621959,-2.160540), ball_prev(-12.733144,-1.672155), agentdiff(0.175449,0.210836)
 1037: direction old: -145.168831, new: -168.378605
(b)r: 0.4 phi: 160 vel: ( -0.0108617, 0.062925 ) (1037,0) rel: ( -0.375877, 0.136808 ), (1037,0) global: ( -12.622, -2.16054 ), (1037,0), changes: -0.484, 8.5 last seen:(1037,0) globalposderived: (1037,0)
 1037: turnWithBall: turn since ball will be kickable in t+1
(b)r: 0.382795 phi: 177.95 vel: ( 0, 0 ) (1038,0) rel: ( -0.38255, 0.0136946 ), (1038,0) global: ( -12.6328, -2.09761 ), (1038,0), changes: -0.484, 8.5 last seen:(1037,0) globalposderived: (1037,0)
 1038: ball (-12.632820,-2.097615), agent (-12.250034,-2.095167), to (-8.253591,-1.926507) ang 2.416588 2.416588
 1038: relpos body (0.382795,177.949791), vel. ball:(0.000000,0.000000) dist: 1.166369 (0.300000,0.085000,0.781369)
 1038: point good and can reach point 37.896351
(b)r: 0.2 phi: 2.11826 vel: ( -0.0707002, -0.00298372 ) (1039,0) rel: ( 0.199863, 0.00739242 ), (1039,0) global: ( -12.0507, -2.07935 ), (1039,0), changes: -0.484, 8.5 last seen:(1037,0) globalposderived: (1037,0)
 1039: ball (-12.050660,-2.079354), agent (-12.250034,-2.095167), to (-8.253591,-1.926507) ang 2.416588 2.416588
 1039: relpos body (0.200000,2.118256), vel. ball:(-0.070700,-0.002984) dist: 1.166369 (0.300000,0.085000,0.781369)
 1039: point good and can reach point 27.895272
 1039: 2 pos: ball(-11.755333,-3.293074), ball_prev(-12.621959,-2.160540), agentdiff(0.011933,0.009129)
 1039: direction old: 2.042394, new: -68.200486
(b)r: 1.3 phi: -72 vel: ( -0.0707002, -0.00298372 ) (1039,0) rel: ( 0.401722, -1.23637 ), (1039,0) global: ( -11.7553, -3.29307 ), (1039,0), changes: -0.484, 8.5 last seen:(1039,0) globalposderived: (1039,0)
(b)r: 1.27826 phi: 63.2503 vel: ( -0.0664582, -0.0028047 ) (1040,0) rel: ( 0.575336, 1.14146 ), (1040,0) global: ( -11.826, -3.29606 ), (1040,0), changes: -0.484, 8.5 last seen:(1039,0) globalposderived: (1039,0)
 1040: 2 pos: ball(-10.976189,-3.888142), ball_prev(-11.755333,-3.293074), agentdiff(0.000000,0.000000)
 1040: vel based on 2 pos: (0.732395,-0.559364)
 1040: direction old: -71.193910, new: -54.998606
 1061: direction old: -34.796516, new: -40.936776
(b)r: 1.7161 phi: 44.0349 vel: ( -0.717512, 0.194032 ) (1062,0) rel: ( 1.23373, 1.19285 ), (1062,0) global: ( -6.38742, -8.45872 ), (1062,0), changes: -1.026, -8.6 last seen:(1061,0) globalposderived: (1061,0)
(b)r: 1.15604 phi: 86.8625 vel: ( -0.674461, 0.18239 ) (1063,0) rel: ( 0.0632725, 1.15431 ), (1063,0) global: ( -7.10493, -8.26469 ), (1063,0), changes: -1.026, -8.6 last seen:(1061,0) globalposderived: (1061,0)
 1063: turnWithBall: kick ball close to desired turnangle 0.000000
 1063: (kick 82.828132 -150.032581), vecDesired (0.385268,1.119832) 168.471251 posDes(-6.719660,-7.144854)
 1063: 2 pos: ball(-7.111585,-7.958444), ball_prev(-5.624106,-8.665134), agentdiff(0.061275,0.157483)
 1063: direction old: -85.280095, new: -84.216388
(b)r: 1 phi: 88 vel: ( -0.705402, 0.250144 ) (1063,0) rel: ( 0.0348995, 0.999391 ), (1063,0) global: ( -7.11159, -7.95844 ), (1063,0), changes: -1.026, -8.6 last seen:(1063,0) globalposderived: (1063,0)
 1063: turnWithBall: kick ball close to desired turnangle 0.000000
 1063: (kick 74.056726 -155.956084), vecDesired (0.451549,0.968254) 172.216388 posDes(-6.660036,-6.990191)
(b)r: 0.497809 phi: 174.45 vel: ( 0.412217, 0.92768 ) (1064,0) rel: ( -0.495475, 0.0481462 ), (1064,0) global: ( -6.67306, -6.97155 ), (1064,0), changes: -1.026, -8.6 last seen:(1063,0) globalposderived: (1063,0)
 1064: turnWithBall: freeze ball
 1064: 2 pos: ball(-6.688196,-7.270732), ball_prev(-7.111585,-7.958444), agentdiff(-0.017555,-0.292210)
 1064: vel based on 2 pos: (0.414487,0.921127)
 1064: direction old: 31.177556, new: 1.424414
(b)r: 0.5 phi: 174 vel: ( 0.414487, 0.921127 ) (1064,0) rel: ( -0.497261, 0.0522642 ), (1064,0) global: ( -6.6882, -7.27073 ), (1064,0), changes: -1.026, -8.6 last seen:(1064,0) globalposderived: (1064,0)
 1064: turnWithBall: freeze ball
(b)r: 0.481996 phi: 177.75 vel: ( 0.00119651, 0.0165168 ) (1065,0) rel: ( -0.481624, 0.01892 ), (1065,0) global: ( -6.68692, -7.25316 ), (1065,0), changes: -1.026, -8.6 last seen:(1064,0) globalposderived: (1064,0)
 1065: turnWithBall: kick ball away from opp at ang -30.662598
 1065: (kick 47.807659 -19.483239), vecDesired (-0.910315,0.211243) -38.087012 posDes(-7.597239,-7.041918)
(b)r: 0.482612 phi: -37.7754 vel: ( -0.842709, 0.188365 ) (1066,0) rel: ( 0.381465, -0.295633 ), (1066,0) global: ( -7.58342, -7.05277 ), (1066,0), changes: -1.026, -8.6 last seen:(1064,0) globalposderived: (1064,0)
 1066: turnWithBall: freeze ball
 1066: direction old: 149.720440, new: 145.551168
(b)r: 0.4 phi: -42 vel: ( 0.0771445, -0.0148217 ) (1066,0) rel: ( 0.297258, -0.267652 ), (1066,0) global: ( -7.50947, -7.06228 ), (1066,0), changes: -0.072, -4.5 last seen:(1066,0) globalposderived: (1066,0)
 1066: turnWithBall: turn since ball will be kickable in t+1
(b)r: 0.2 phi: 140.08 vel: ( -0.00725159, 0.00139324 ) (1067,0) rel: ( -0.153388, 0.128343 ), (1067,0) global: ( -7.333, -7.1602 ), (1067,0), changes: -0.072, -4.5 last seen:(1066,0) globalposderived: (1066,0)
 1067: ball (-7.333003,-7.160202), agent (-7.179615,-7.288545), to (-3.179615,-7.288545) ang 0.000000 0.000000
 1067: relpos body (0.200000,140.080053), vel. ball:(-0.007252,0.001393) dist: 1.166369 (0.300000,0.085000,0.781369)
 1067: point good and can reach point 33.340053
 1067: 2 pos: ball(-7.591455,-6.733519), ball_prev(-7.509468,-7.062277), agentdiff(-0.103692,0.299988)
 1067: direction old: -106.147306, new: 140.387165
(b)r: 0.4 phi: 153 vel: ( -0.00725159, 0.00139324 ) (1067,0) rel: ( -0.356403, 0.181596 ), (1067,0) global: ( -7.59146, -6.73352 ), (1067,0), changes: -0.072, -4.5 last seen:(1067,0) globalposderived: (1067,0)
 1067: ball (-7.591455,-6.733519), agent (-7.283307,-6.988557), to (-3.379836,-7.862005) ang -12.612835 -12.612835
 1067: relpos body (0.400000,153.000000), vel. ball:(-0.007252,0.001393) dist: 1.166369 (0.300000,0.085000,0.781369)
 1067: point good and can reach point 36.833620
(b)r: 0.42569 phi: 21.3273 vel: ( 0.685189, -0.17911 ) (1068,0) rel: ( 0.396538, 0.154821 ), (1068,0) global: ( -6.86253, -6.92406 ), (1068,0), changes: -0.072, -4.5 last seen:(1067,0) globalposderived: (1067,0)
 1068: ball (-6.862531,-6.924061), agent (-7.283307,-6.988557), to (-3.379836,-7.862005) ang -12.612835 -12.612835
 1068: relpos body (0.425690,21.327279), vel. ball:(0.685189,-0.179110) dist: 1.166369 (0.300000,0.085000,0.781369)
 1068: point good and can reach point 0.672721
(b)r: 0.2 phi: 11.9705 vel: ( 0, 0 ) (1069,0) rel: ( 0.195651, 0.0414816 ), (1069,0) global: ( -6.60243, -7.0984 ), (1069,0), changes: -0.072, -4.5 last seen:(1067,0) globalposderived: (1067,0)
 1069: ball (-6.602427,-7.098405), agent (-6.802414,-7.096163), to (-2.898943,-7.969610) ang -12.612835 -12.612835
 1069: relpos body (0.200000,11.970489), vel. ball:(0.000000,0.000000) dist: 1.166369 (0.300000,0.085000,0.781369)
 1069: point good and can reach point 25.747546
 1069: direction old: 82.921126, new: -3.313178
(b)r: 0.6 phi: 9 vel: ( 0.64499, -0.151734 ) (1069,0) rel: ( 0.592613, 0.0938607 ), (1069,0) global: ( -6.05789, -7.57162 ), (1069,0), changes: 0.672, -11.4 last seen:(1069,0) globalposderived: (1069,0)
 1069: ball (-6.057888,-7.571615), agent (-6.656885,-7.536939), to (-2.748899,-8.389959) ang -12.313178 -12.313178
 1069: relpos body (0.600000,9.000000), vel. ball:(0.644990,-0.151734) dist: 1.166369 (0.300000,0.085000,0.781369)
 1069: point good and can reach point 2.526741
(b)r: 0.78642 phi: 5.91727 vel: ( 0.606291, -0.14263 ) (1070,0) rel: ( 0.78223, 0.0810739 ), (1070,0) global: ( -5.4129, -7.72335 ), (1070,0), changes: 0.672, -11.4 last seen:(1069,0) globalposderived: (1069,0)
 1070: ball (-5.412898,-7.723349), agent (-6.194423,-7.635744), to (-2.286437,-8.488764) ang -12.313178 -12.313178
 1070: relpos body (0.786420,5.917269), vel. ball:(0.606291,-0.142630) dist: 1.166369 (0.300000,0.085000,0.781369)
 1070: point good and can reach point 4.380614
 1070: 2 pos: ball(-6.263405,-7.870722), ball_prev(-6.057888,-7.571615), agentdiff(0.037056,0.150710)
 1070: direction old: -17.750642, new: -105.372632
(b)r: 0.4 phi: -93 vel: ( 0.606291, -0.14263 ) (1070,0) rel: ( -0.0209344, -0.399452 ), (1070,0) global: ( -6.2634, -7.87072 ), (1070,0), changes: 0.672, -11.4 last seen:(1070,0) globalposderived: (1070,0)
 1070: ball (-6.263405,-7.870722), agent (-6.157367,-7.485034), to (-2.250268,-8.342109) ang -12.372632 -12.372632
 1070: relpos body (0.400000,-93.000000), vel. ball:(0.606291,-0.142630) dist: 1.166369 (0.300000,0.085000,0.781369)
 1070: point good and can reach point 7.182902
(b)r: 0.834744 phi: -22.9664 vel: ( 0.716549, -0.0874797 ) (1071,0) rel: ( 0.768577, -0.32571 ), (1071,0) global: ( -5.50112, -7.96379 ), (1071,0), changes: 0.672, -11.4 last seen:(1070,0) globalposderived: (1070,0)
 1071: ball (-5.501119,-7.963786), agent (-6.182056,-7.480958), to (-2.274957,-8.338033) ang -12.372632 -12.372632
 1071: relpos body (0.834744,-22.966413), vel. ball:(0.716549,-0.087480) dist: 1.166369 (0.300000,0.085000,0.781369)
 1071: point good and can reach point 0.234579
(b)r: 1.03681 phi: -14.3576 vel: ( 0.673556, -0.0822309 ) (1072,0) rel: ( 1.00443, -0.257101 ), (1072,0) global: ( -4.78457, -8.05127 ), (1072,0), changes: 0.672, -11.4 last seen:(1070,0) globalposderived: (1070,0)
 1072: ball (-4.784570,-8.051266), agent (-5.710583,-7.584918), to (-1.803484,-8.441993) ang -12.372632 -12.372632
 1072: relpos body (1.036812,-14.357556), vel. ball:(0.673556,-0.082231) dist: 1.166369 (0.300000,0.085000,0.781369)
 1072: point good and can reach point 0.317002
 1072: direction old: -35.485946, new: 15.408494
(b)r: 0.9 phi: 28 vel: ( 0.622645, 0.11259 ) (1072,0) rel: ( 0.794653, 0.422524 ), (1072,0) global: ( -4.74468, -7.22201 ), (1072,0), changes: 0.648, -4.2 last seen:(1072,0) globalposderived: (1072,0)
 1072: ball (-4.744676,-7.222010), agent (-5.612327,-7.461139), to (-1.708530,-8.333133) ang -12.591506 -12.591506
 1072: relpos body (0.900000,28.000000), vel. ball:(0.622645,0.112590) dist: 1.166369 (0.300000,0.085000,0.781369)
 1072: point good and can reach point 17.036068
(b)r: 1.57462 phi: 12.0853 vel: ( 0.641454, -0.233131 ) (1073,0) rel: ( 1.53972, 0.329676 ), (1073,0) global: ( -4.06228, -7.47002 ), (1073,0), changes: 0.648, -4.2 last seen:(1072,0) globalposderived: (1072,0)
 1073: direction old: 0.334284, new: -0.564912
(b)r: 1.6 phi: 12 vel: ( 0.650697, -0.231968 ) (1073,0) rel: ( 1.56504, 0.332659 ), (1073,0) global: ( -4.07989, -7.49523 ), (1073,0), changes: 0.672, -8.1 last seen:(1073,0) globalposderived: (1073,0)
 1735: direction old: 95.040320, new: 84.876859
(b)r: 0.571649 phi: 45.7542 vel: ( 0.712335, -1.92652 ) (1736,0) rel: ( 0.398861, 0.409502 ), (1736,0) global: ( -24.5982, -3.49975 ), (1736,0), changes: -2.6, -2.3 last seen:(1735,0) globalposderived: (1735,0)
 1736: ball (-24.598247,-3.499751), agent (-25.005059,-3.901357), to (-21.005827,-3.979762) ang -1.123141 -1.123141
 1736: relpos body (0.571649,45.754156), vel. ball:(0.712335,-1.926524) dist: 1.166369 (0.300000,0.085000,0.781369)
 1736: point good and can reach point 77.330101
 1736: direction old: 44.536878, new: 37.889795
(b)r: 0.6 phi: 39 vel: ( 0.737168, -1.90334 ) (1736,0) rel: ( 0.466288, 0.377592 ), (1736,0) global: ( -24.5316, -3.53164 ), (1736,0), changes: -0.744, -174.1 last seen:(1736,0) globalposderived: (1736,0)
 1736: ball (-24.531628,-3.531636), agent (-25.005144,-3.900123), to (-21.005895,-3.977625) ang -1.110205 -1.110205
 1736: relpos body (0.600000,39.000000), vel. ball:(0.737168,-1.903340) dist: 1.166369 (0.300000,0.085000,0.781369)
 1736: point good and can reach point 76.539712
(b)r: 1.0192 phi: 14.83 vel: ( 0.696192, -0.0974301 ) (1737,0) rel: ( 0.98525, 0.260866 ), (1737,0) global: ( -23.791, -3.63528 ), (1737,0), changes: -0.744, -174.1 last seen:(1736,0) globalposderived: (1736,0)
 1737: ball (-23.790999,-3.635285), agent (-24.781118,-3.877012), to (-20.781869,-3.954514) ang -1.110205 -1.110205
 1737: relpos body (1.019200,14.829988), vel. ball:(0.696192,-0.097430) dist: 1.166369 (0.300000,0.085000,0.781369)
 1737: point good and can reach point 1.510665
(b)r: 1.12169 phi: 9.07613 vel: ( 0.65442, -0.0915843 ) (1738,0) rel: ( 1.10765, 0.176943 ), (1738,0) global: ( -23.0948, -3.73271 ), (1738,0), changes: -0.744, -174.1 last seen:(1736,0) globalposderived: (1736,0)
 1738: ball (-23.094807,-3.732715), agent (-24.205676,-3.888164), to (-20.206427,-3.965666) ang -1.110205 -1.110205
 1738: relpos body (1.121693,9.076127), vel. ball:(0.654420,-0.091584) dist: 1.166369 (0.300000,0.085000,0.781369)
 1738: point good and can reach point 2.183380
 1738: direction old: 13.426839, new: 0.009648
(b)r: 1.1 phi: 1 vel: ( 0.625993, -0.169017 ) (1738,0) rel: ( 1.09983, 0.0191976 ), (1738,0) global: ( -23.1441, -4.00689 ), (1738,0), changes: 0.396, -8.6 last seen:(1738,0) globalposderived: (1738,0)
 1738: ball (-23.144084,-4.006895), agent (-24.244084,-4.007080), to (-20.244681,-4.076216) ang -0.990352 -0.990352
 1738: relpos body (1.100000,1.000000), vel. ball:(0.625993,-0.169017) dist: 1.166369 (0.300000,0.085000,0.781369)
 1738: point good and can reach point 7.811455
(b)r: 1.55085 phi: -0.196951 vel: ( 0.635191, -0.0303454 ) (1739,0) rel: ( 1.55084, -0.00533096 ), (1739,0) global: ( -22.4683, -4.03918 ), (1739,0), changes: 0.396, -8.6 last seen:(1738,0) globalposderived: (1738,0)
 1739: direction old: -6.046870, new: -3.058656
(b)r: 1.6 phi: -2 vel: ( 0.648993, -0.0528943 ) (1739,0) rel: ( 1.59903, -0.0558392 ), (1739,0) global: ( -22.4704, -3.95509 ), (1739,0), changes: 0.576, -1.6 last seen:(1739,0) globalposderived: (1739,0)
(b)r: 1.62565 phi: -3.02596 vel: ( 0.610053, -0.0497207 ) (1740,0) rel: ( 1.62338, -0.0858155 ), (1740,0) global: ( -21.8214, -4.00798 ), (1740,0), changes: 0.576, -1.6 last seen:(1739,0) globalposderived: (1739,0)
(b)r: 1.51367 phi: -4.70869 vel: ( 0.57345, -0.0467374 ) (1741,0) rel: ( 1.50856, -0.124256 ), (1741,0) global: ( -21.2113, -4.0577 ), (1741,0), changes: 0.576, -1.6 last seen:(1739,0) globalposderived: (1739,0)
 1741: direction old: 2.156525, new: -7.939662
(b)r: 1.6 phi: -7 vel: ( 0.571432, -0.0663806 ) (1741,0) rel: ( 1.58807, -0.194991 ), (1741,0) global: ( -21.0838, -4.33358 ), (1741,0), changes: 0.288, -1.5 last seen:(1741,0) globalposderived: (1741,0)
(b)r: 1.40339 phi: -9.22245 vel: ( 0.537146, -0.0623977 ) (1742,0) rel: ( 1.38525, -0.224918 ), (1742,0) global: ( -20.5124, -4.39996 ), (1742,0), changes: 0.288, -1.5 last seen:(1741,0) globalposderived: (1741,0)
 1742: direction old: -14.552084, new: -11.027861
(b)r: 1.5 phi: -10 vel: ( 0.55361, -0.0767733 ) (1742,0) rel: ( 1.47721, -0.260472 ), (1742,0) global: ( -20.4357, -4.32462 ), (1742,0), changes: 0.27, -0.9 last seen:(1742,0) globalposderived: (1742,0)
(b)r: 1.2707 phi: -14.2751 vel: ( 0.520394, -0.0721669 ) (1743,0) rel: ( 1.23147, -0.313327 ), (1743,0) global: ( -19.882, -4.40139 ), (1743,0), changes: 0.27, -0.9 last seen:(1742,0) globalposderived: (1742,0)
(b)r: 1.47366 phi: -0.171464 vel: ( 0.48917, -0.0678369 ) (1744,0) rel: ( 1.47365, -0.00441009 ), (1744,0) global: ( -19.3616, -4.47356 ), (1744,0), changes: 0.27, -0.9 last seen:(1742,0) globalposderived: (1742,0)
 1744: direction old: -14.695716, new: -15.869271
(b)r: 1.5 phi: -1 vel: ( 0.500651, -0.0779025 ) (1744,0) rel: ( 1.49977, -0.0261786 ), (1744,0) global: ( -19.4049, -4.49396 ), (1744,0), changes: 0.39, 1 last seen:(1744,0) globalposderived: (1744,0)
(b)r: 1.88173 phi: 0.981134 vel: ( 0.470612, -0.0732284 ) (1745,0) rel: ( 1.88145, 0.0322212 ), (1745,0) global: ( -18.9043, -4.57187 ), (1745,0), changes: 0.39, 1 last seen:(1744,0) globalposderived: (1744,0)
 1745: direction old: -15.768994, new: -15.605636
(b)r: 1.8 phi: 0 vel: ( 0.453955, -0.0799893 ) (1745,0) rel: ( 1.8, 0 ), (1745,0) global: ( -18.9111, -4.56461 ), (1745,0), changes: 0.396, 0.7 last seen:(1745,0) globalposderived: (1745,0)
 1747: direction old: -16.578274, new: -14.715034
 1748: direction old: -11.347839, new: -13.533730
 1750: direction old: -18.766856, new: -10.757024
(b)r: 2 phi: 4 vel: ( 0.364509, -0.04963 ) (1750,0) rel: ( 1.99513, 0.139513 ), (1750,0) global: ( -16.6628, -4.67297 ), (1750,0), changes: 0.08, 1.3 last seen:(1750,0) globalposderived: (1750,0)
 1751: direction old: 2.555127, new: -8.559989
 1753: direction old: -7.316250, new: -7.760378
 1754: direction old: -8.641160, new: -7.799341
(b)r: 1.91794 phi: -2.11367 vel: ( 0.188176, -0.0301839 ) (1762,0) rel: ( 1.91663, -0.0707378 ), (1762,0) global: ( -13.5768, -5.4199 ), (1762,0), changes: 0, -0.1 last seen:(1760,0) globalposderived: (1760,0)
 1762: direction old: -9.498655, new: -10.418400
(b)r: 1.8 phi: -2 vel: ( 0.162939, -0.0294341 ) (1762,0) rel: ( 1.7989, -0.0628191 ), (1762,0) global: ( -13.4715, -5.46682 ), (1762,0), changes: -0.144, -0.5 last seen:(1762,0) globalposderived: (1762,0)
(b)r: 1.66576 phi: -0.47703 vel: ( 0.153162, -0.0276681 ) (1763,0) rel: ( 1.6657, -0.0138685 ), (1763,0) global: ( -13.3085, -5.49626 ), (1763,0), changes: -0.144, -0.5 last seen:(1762,0) globalposderived: (1762,0)
 1763: direction old: -16.127599, new: -11.776710
(b)r: 1.6 phi: -1 vel: ( 0.151408, -0.0265852 ) (1763,0) rel: ( 1.59976, -0.0279239 ), (1763,0) global: ( -13.6371, -5.2749 ), (1763,0), changes: 0.032, -0.1 last seen:(1763,0) globalposderived: (1763,0)
(b)r: 1.62855 phi: 0.0778002 vel: ( 0.142323, -0.0249901 ) (1764,0) rel: ( 1.62855, 0.00221136 ), (1764,0) global: ( -13.4857, -5.30148 ), (1764,0), changes: 0.032, -0.1 last seen:(1763,0) globalposderived: (1763,0)
(b)r: 1.72297 phi: 0.086522 vel: ( 0.133784, -0.0234907 ) (1765,0) rel: ( 1.72297, 0.00260184 ), (1765,0) global: ( -13.3433, -5.32648 ), (1765,0), changes: 0.032, -0.1 last seen:(1763,0) globalposderived: (1763,0)
 1765: direction old: -2.907793, new: -11.034602
(b)r: 1.8 phi: 0 vel: ( 0.130371, -0.0205679 ) (1765,0) rel: ( 1.8, 0 ), (1765,0) global: ( -13.0221, -5.59758 ), (1765,0), changes: 0.108, 0.2 last seen:(1765,0) globalposderived: (1765,0)
(b)r: 1.9319 phi: 0.141337 vel: ( 0.122549, -0.0193338 ) (1766,0) rel: ( 1.9319, 0.0047656 ), (1766,0) global: ( -12.8917, -5.61814 ), (1766,0), changes: 0.108, 0.2 last seen:(1765,0) globalposderived: (1765,0)
 1766: direction old: -8.794669, new: -8.057444
(b)r: 1.8 phi: 3 vel: ( 0.143459, -0.0139627 ) (1766,0) rel: ( 1.79753, 0.0942047 ), (1766,0) global: ( -12.9331, -5.58831 ), (1766,0), changes: 0.144, 0.2 last seen:(1766,0) globalposderived: (1766,0)
(b)r: 1.94401 phi: 0.185185 vel: ( 0.134852, -0.013125 ) (1767,0) rel: ( 1.944, 0.00628319 ), (1767,0) global: ( -12.7896, -5.60227 ), (1767,0), changes: 0.144, 0.2 last seen:(1766,0) globalposderived: (1766,0)
 1768: direction old: -7.276067, new: -6.299015
 1769: direction old: -13.134303, new: -4.543598
(b)r: 1.8 phi: 5 vel: ( 0.122481, -0.0111898 ) (1769,0) rel: ( 1.79315, 0.15688 ), (1769,0) global: ( -12.6195, -5.28478 ), (1769,0), changes: 0.144, -0.1 last seen:(1769,0) globalposderived: (1769,0)
(b)r: 1.45258 phi: 6.58199 vel: ( 0.115132, -0.0105184 ) (1770,0) rel: ( 1.443, 0.166502 ), (1770,0) global: ( -12.497, -5.29597 ), (1770,0), changes: 0.144, -0.1 last seen:(1769,0) globalposderived: (1769,0)
(b)r: 1.0996 phi: 9.18736 vel: ( 0.108224, -0.00988727 ) (1771,0) rel: ( 1.0855, 0.175566 ), (1771,0) global: ( -12.3819, -5.30649 ), (1771,0), changes: 0.144, -0.1 last seen:(1769,0) globalposderived: (1769,0)
 1771: direction old: 3.183376, new: 5.476405
(b)r: 1.1 phi: 15 vel: ( 0.091806, -0.00427622 ) (1771,0) rel: ( 1.06252, 0.284701 ), (1771,0) global: ( -12.462, -5.26687 ), (1771,0), changes: 0.11, -1 last seen:(1771,0) globalposderived: (1771,0)
 1771: ball (-12.462004,-5.266868), agent (-13.556983,-5.371847), to (-9.612113,-6.033662) ang -9.523595 -9.523595
 1771: relpos body (1.100000,15.000000), vel. ball:(0.091806,-0.004276) dist: 1.166369 (0.300000,0.085000,0.781369)
 1771: point good and can reach point 29.211649
(b)r: 1.75134 phi: 7.35058 vel: ( 0.615799, -0.161102 ) (1772,0) rel: ( 1.73695, 0.224067 ), (1772,0) global: ( -11.8069, -5.43825 ), (1772,0), changes: 0.11, -1 last seen:(1771,0) globalposderived: (1771,0)
 1772: direction old: -1.000326, new: -3.493895
(b)r: 1.8 phi: 6 vel: ( 0.590004, -0.185904 ) (1772,0) rel: ( 1.79014, 0.188151 ), (1772,0) global: ( -11.8674, -5.51552 ), (1772,0), changes: 0.576, -5.6 last seen:(1772,0) globalposderived: (1772,0)
(b)r: 1.90499 phi: 3.07263 vel: ( 0.554603, -0.174749 ) (1773,0) rel: ( 1.90225, 0.102111 ), (1773,0) global: ( -11.2774, -5.70142 ), (1773,0), changes: 0.576, -5.6 last seen:(1772,0) globalposderived: (1772,0)
(b)r: 1.8034 phi: 1.42387 vel: ( 0.521327, -0.164264 ) (1774,0) rel: ( 1.80284, 0.044812 ), (1774,0) global: ( -10.7228, -5.87617 ), (1774,0), changes: 0.576, -5.6 last seen:(1772,0) globalposderived: (1772,0)
 1774: direction old: -13.213862, new: -10.570280
(b)r: 1.8 phi: -1 vel: ( 0.526409, -0.178861 ) (1774,0) rel: ( 1.79973, -0.0314143 ), (1774,0) global: ( -10.5932, -5.82134 ), (1774,0), changes: 0.288, -2.8 last seen:(1774,0) globalposderived: (1774,0)
 1775: direction old: -6.456292, new: -12.316267
 1783: direction old: -11.566792, new: -12.122243
 1784: 2 pos: ball(-6.645233,-7.494840), ball_prev(-6.908424,-7.410593), agentdiff(0.004265,0.018506)
 1784: vel based on 2 pos: (0.243391,-0.096588)
 1784: direction old: -12.631080, new: -12.811720
 1786: direction old: -13.015367, new: -12.413381
 1792: direction old: -8.680987, new: -8.582396
 1793: 2 pos: ball(-4.341722,-7.909033), ball_prev(-4.609464,-7.844032), agentdiff(-0.004754,-0.026402)
 1793: vel based on 2 pos: (0.256145,-0.036283)
 1793: direction old: -8.502795, new: -8.648493
 1795: 2 pos: ball(-3.689186,-8.068192), ball_prev(-4.341722,-7.909033), agentdiff(0.669142,-0.061957)
 1795: direction old: -9.423396, new: -10.741189
 1798: direction old: -5.958131, new: -6.034324
 1799: 2 pos: ball(-3.552682,-8.230443), ball_prev(-3.769261,-8.165510), agentdiff(0.157034,-0.013809)
 1799: vel based on 2 pos: (0.055972,-0.048057)
 1799: direction old: -4.534346, new: -5.160178
(b)r: 2 phi: 84 vel: ( 0.0559716, -0.0480574 ) (1799,0) rel: ( 0.209057, 1.98904 ), (1799,0) global: ( -3.55268, -8.23044 ), (1799,0), changes: -0.132, 1 last seen:(1799,0) globalposderived: (1799,0)
(b)r: 1.96076 phi: -1.11605 vel: ( 0.0526133, -0.045174 ) (1800,0) rel: ( 1.96039, -0.0381906 ), (1800,0) global: ( -3.49671, -8.2785 ), (1800,0), changes: -0.132, 1 last seen:(1799,0) globalposderived: (1799,0)
(b)r: 1.48604 phi: -2.87084 vel: ( 0.0494565, -0.0424636 ) (1801,0) rel: ( 1.48417, -0.0744278 ), (1801,0) global: ( -3.4441, -8.32367 ), (1801,0), changes: -0.132, 1 last seen:(1799,0) globalposderived: (1799,0)
 1801: direction old: 11.548480, new: -3.114877
(b)r: 1.6 phi: 6 vel: ( 0.106903, -0.0239969 ) (1801,0) rel: ( 1.59124, 0.167246 ), (1801,0) global: ( -3.20264, -8.68773 ), (1801,0), changes: 0.128, -0.7 last seen:(1801,0) globalposderived: (1801,0)
(b)r: 1.23833 phi: 7.47902 vel: ( 0.100489, -0.0225571 ) (1802,0) rel: ( 1.22779, 0.161185 ), (1802,0) global: ( -3.09574, -8.71173 ), (1802,0), changes: 0.128, -0.7 last seen:(1801,0) globalposderived: (1801,0)
 1802: direction old: -19.999607, new: 1.385265
(b)r: 1.2 phi: 11 vel: ( 0, 0 ) (1802,0) rel: ( 1.17795, 0.228971 ), (1802,0) global: ( -3.25445, -8.18833 ), (1802,0), changes: 0.12, -1.3 last seen:(1802,0) globalposderived: (1802,0)
(b)r: 1.22339 phi: 170.597 vel: ( 0, 0 ) (1803,0) rel: ( -1.20695, 0.199881 ), (1803,0) global: ( -3.25445, -8.18833 ), (1803,0), changes: 0.12, -1.3 last seen:(1802,0) globalposderived: (1802,0)
(b)r: 1.69599 phi: 172.667 vel: ( 0, 0 ) (1804,0) rel: ( -1.68212, 0.216474 ), (1804,0) global: ( -3.25445, -8.18833 ), (1804,0), changes: 0.12, -1.3 last seen:(1802,0) globalposderived: (1802,0)
 1804: 2 pos: ball(-3.288211,-8.353714), ball_prev(-3.254446,-8.188326), agentdiff(-0.133657,-0.228389)
 1804: direction old: 9.878009, new: 4.869610
(b)r: 1.8 phi: 164 vel: ( 0, 0 ) (1804,0) rel: ( -1.73027, 0.496147 ), (1804,0) global: ( -3.28821, -8.35371 ), (1804,0), changes: 0.12, -1.3 last seen:(1804,0) globalposderived: (1804,0)
(b)r: 1.52346 phi: 159.949 vel: ( 0, 0 ) (1805,0) rel: ( -1.43113, 0.522319 ), (1805,0) global: ( -3.28821, -8.35371 ), (1805,0), changes: 0.12, -1.3 last seen:(1804,0) globalposderived: (1804,0)
 1805: 2 pos: ball(-3.064032,-8.434730), ball_prev(-3.288211,-8.353714), agentdiff(0.147508,-0.051036)
 1805: vel based on 2 pos: (0.072071,-0.028182)
 1805: direction old: 3.029500, new: -0.293773
(b)r: 1.6 phi: 159 vel: ( 0, 0 ) (1805,0) rel: ( -1.49373, 0.573389 ), (1805,0) global: ( -3.06403, -8.43473 ), (1805,0), changes: 0.12, -1.3 last seen:(1805,0) globalposderived: (1805,0)
(b)r: 1.05723 phi: 146.479 vel: ( 0, 0 ) (1806,0) rel: ( -0.8814, 0.583847 ), (1806,0) global: ( -3.06403, -8.43473 ), (1806,0), changes: 0.12, -1.3 last seen:(1805,0) globalposderived: (1805,0)
(b)r: 0.718836 phi: 125.616 vel: ( 0, 0 ) (1807,0) rel: ( -0.418611, 0.584371 ), (1807,0) global: ( -3.06403, -8.43473 ), (1807,0), changes: 0.12, -1.3 last seen:(1805,0) globalposderived: (1805,0)
 1807: 2 pos: ball(-3.600605,-8.577786), ball_prev(-3.064032,-8.434730), agentdiff(0.022435,-0.143592)
 1807: direction old: -23.890089, new: -84.378534
(b)r: 0.4 phi: 75 vel: ( 0, 0 ) (1807,0) rel: ( 0.103528, 0.38637 ), (1807,0) global: ( -3.6006, -8.57779 ), (1807,0), changes: 0.12, -1.3 last seen:(1807,0) globalposderived: (1807,0)
 1807: turnWithBall: turn since ball will be kickable in t+1
(b)r: 0.4 phi: -100.66 vel: ( 0, 0 ) (1808,0) rel: ( -0.0739943, -0.393096 ), (1808,0) global: ( -3.6006, -8.57779 ), (1808,0), changes: 0.12, -1.3 last seen:(1807,0) globalposderived: (1807,0)
 1808: ball (-3.600605,-8.577786), agent (-3.639787,-8.179710), to (0.199791,-7.058265) ang 16.281763 16.281763
 1808: relpos body (0.400000,-100.660296), vel. ball:(0.000000,0.000000) dist: 1.166369 (0.300000,0.085000,0.781369)
 1808: point good and can reach point 33.384485
 1808: 2 pos: ball(-3.837381,-8.622577), ball_prev(-3.600605,-8.577786), agentdiff(-0.132372,-0.048221)
 1808: vel based on 2 pos: (-0.098140,0.003224)
 1808: direction old: -63.878649, new: -99.384193
(b)r: 0.4 phi: -92 vel: ( -0.0981396, 0.00322367 ) (1808,0) rel: ( -0.0139598, -0.399756 ), (1808,0) global: ( -3.83738, -8.62258 ), (1808,0), changes: 0.12, -1.3 last seen:(1808,0) globalposderived: (1808,0)
 1808: ball (-3.837381,-8.622577), agent (-3.772159,-8.227931), to (0.194668,-8.742019) ang -7.384193 -7.384193
 1808: relpos body (0.400000,-92.000000), vel. ball:(-0.098140,0.003224) dist: 1.166369 (0.300000,0.085000,0.781369)
 1808: point good and can reach point 37.114140
(b)r: 0.82229 phi: -23.9384 vel: ( 0.721606, -0.0308555 ) (1809,0) rel: ( 0.751558, -0.333647 ), (1809,0) global: ( -3.06971, -8.6554 ), (1809,0), changes: 0.12, -1.3 last seen:(1808,0) globalposderived: (1808,0)
 1809: ball (-3.069715,-8.655402), agent (-3.772159,-8.227931), to (0.194668,-8.742019) ang -7.384193 -7.384193
 1809: relpos body (0.822290,-23.938377), vel. ball:(0.721606,-0.030856) dist: 1.166369 (0.300000,0.085000,0.781369)
 1809: point good and can reach point 0.537107
(b)r: 0.989372 phi: -17.0351 vel: ( 0.67831, -0.0290042 ) (1810,0) rel: ( 0.945963, -0.289844 ), (1810,0) global: ( -2.34811, -8.68626 ), (1810,0), changes: 0.12, -1.3 last seen:(1808,0) globalposderived: (1808,0)
 1810: ball (-2.348109,-8.686258), agent (-3.248976,-8.277240), to (0.717851,-8.791328) ang -7.384193 -7.384193
 1810: relpos body (0.989372,-17.035129), vel. ball:(0.678310,-0.029004) dist: 1.166369 (0.300000,0.085000,0.781369)