 0: change player from message 62 -> 1
 0: changed player from message 62 -> 1
 0: change player from message 63 -> 2
 0: changed player from message 63 -> 2
 0: change player from message 64 -> 3
 0: changed player from message 64 -> 3
 0: change player from message 65 -> 4
 0: changed player from message 65 -> 4
 0: change player from message 66 -> 5
 0: changed player from message 66 -> 5
 0: change player from message 67 -> 6
 0: changed player from message 67 -> 6
 0: change player from message 68 -> 7
 0: changed player from message 68 -> 7
 0: change player from message 69 -> 8
 0: changed player from message 69 -> 8
 0: change player from message 70 -> 9
 0: changed player from message 70 -> 9
 0: change player from message 71 -> 10
 0: changed player from message 71 -> 10
 681: direction old: 27.001999, new: 26.403580
 682: direction old: 26.618730, new: 28.269941
(b)r: 1.60475 phi: -0.276311 vel: ( 0.0900216, 0.0609312 ) (684,0) rel: ( 1.60473, -0.00773894 ), (684,0) global: ( 45.7327, 23.6337 ), (684,0), changes: -0.132, 1.1 last seen:(682,0) globalposderived: (682,0)
 684: direction old: 27.726183, new: 30.521013
(b)r: 1.6 phi: 2 vel: ( 0.0771525, 0.0539954 ) (684,0) rel: ( 1.59903, 0.0558392 ), (684,0) global: ( 45.638, 23.6721 ), (684,0), changes: -0.096, 0.5 last seen:(684,0) globalposderived: (684,0)
(b)r: 0.985771 phi: 4.58706 vel: ( 0.0725233, 0.0507557 ) (685,0) rel: ( 0.982613, 0.0788358 ), (685,0) global: ( 45.7152, 23.7261 ), (685,0), changes: -0.096, 0.5 last seen:(684,0) globalposderived: (684,0)
 685: turnWithBall: turn since ball will be kickable in t+1
 685: direction old: 35.483563, new: 32.421921
(b)r: 1.1 phi: 4 vel: ( 0.0764521, 0.0526776 ) (685,0) rel: ( 1.09732, 0.0767321 ), (685,0) global: ( 45.8711, 23.7651 ), (685,0), changes: -0.132, 1.2 last seen:(685,0) globalposderived: (685,0)
 685: turnWithBall: turn since ball will be kickable in t+1
(b)r: 0.956554 phi: 110.015 vel: ( 0.0718649, 0.0495169 ) (686,0) rel: ( -0.327395, 0.898782 ), (686,0) global: ( 45.9475, 23.8178 ), (686,0), changes: -0.132, 1.2 last seen:(685,0) globalposderived: (685,0)
 686: ball (45.947549,23.817751), agent (45.178193,23.249343), to (46.593453,18.453820) ang -73.557556 -73.557556
 686: relpos body (0.956554,110.014936), vel. ball:(0.071865,0.049517) dist: 1.173209 (0.300000,0.085000,0.788209)
 686: point good and can reach point 48.069636
(b)r: 0.860227 phi: 55.7672 vel: ( 0.102125, -0.763966 ) (687,0) rel: ( 0.483927, 0.7112 ), (687,0) global: ( 46.0562, 23.005 ), (687,0), changes: -0.132, 1.2 last seen:(685,0) globalposderived: (685,0)
 687: ball (46.056192,23.005021), agent (45.237101,23.267852), to (46.652361,18.472329) ang -73.557556 -73.557556
 687: relpos body (0.860227,55.767152), vel. ball:(0.102125,-0.763966) dist: 1.173209 (0.300000,0.085000,0.788209)
 687: point good and can reach point 0.079306
 687: 2 pos: ball(46.206857,23.002392), ball_prev(45.871096,23.765074), agentdiff(0.010683,0.017699)
 687: direction old: -19.137526, new: -16.448808
(b)r: 1 phi: 50 vel: ( 0.102125, -0.763966 ) (687,0) rel: ( 0.642788, 0.766044 ), (687,0) global: ( 46.2069, 23.0024 ), (687,0), changes: -0.132, 1.2 last seen:(687,0) globalposderived: (687,0)
 687: ball (46.206857,23.002392), agent (45.247784,23.285551), to (47.245625,18.702034) ang -66.448808 -66.448808
 687: relpos body (1.000000,50.000000), vel. ball:(0.102125,-0.763966) dist: 1.173209 (0.300000,0.085000,0.788209)
 687: point good and can reach point 4.040291
(b)r: 1.01289 phi: 31.9559 vel: ( 0.0959976, -0.718128 ) (688,0) rel: ( 0.859394, 0.536089 ), (688,0) global: ( 46.309, 22.2384 ), (688,0), changes: -0.132, 1.2 last seen:(687,0) globalposderived: (687,0)
 688: ball (46.308982,22.238426), agent (45.474160,22.812031), to (47.472002,18.228514) ang -66.448808 -66.448808
 688: relpos body (1.012891,31.955893), vel. ball:(0.095998,-0.718128) dist: 1.173209 (0.300000,0.085000,0.788209)
 688: point good and can reach point 5.917960
 688: direction old: -34.695265, new: -30.417092
(b)r: 1.1 phi: 36 vel: ( 0.216615, -0.691571 ) (688,0) rel: ( 0.889919, 0.646564 ), (688,0) global: ( 46.4265, 22.2569 ), (688,0), changes: 0.396, -20.4 last seen:(688,0) globalposderived: (688,0)
 688: ball (46.426462,22.256899), agent (45.477863,22.813819), to (47.478241,18.231408) ang -66.417092 -66.417092
 688: relpos body (1.100000,36.000000), vel. ball:(0.216615,-0.691571) dist: 1.173209 (0.300000,0.085000,0.788209)
 688: point good and can reach point 3.000481
(b)r: 1.03536 phi: 29.2892 vel: ( 0.203618, -0.650076 ) (689,0) rel: ( 0.903004, 0.506518 ), (689,0) global: ( 46.6431, 21.5653 ), (689,0), changes: 0.396, -20.4 last seen:(688,0) globalposderived: (688,0)
 689: ball (46.643076,21.565328), agent (45.817592,22.190269), to (47.817970,17.607859) ang -66.417092 -66.417092
 689: relpos body (1.035363,29.289188), vel. ball:(0.203618,-0.650076) dist: 1.173209 (0.300000,0.085000,0.788209)
 689: point good and can reach point 4.449541
(b)r: 0.938663 phi: 26.588 vel: ( 0.191401, -0.611072 ) (690,0) rel: ( 0.839398, 0.420119 ), (690,0) global: ( 46.8467, 20.9153 ), (690,0), changes: 0.396, -20.4 last seen:(688,0) globalposderived: (688,0)
 690: ball (46.846694,20.915252), agent (46.125840,21.516465), to (48.126218,16.934055) ang -66.417092 -66.417092
 690: relpos body (0.938663,26.587974), vel. ball:(0.191401,-0.611072) dist: 1.173209 (0.300000,0.085000,0.788209)
 690: point good and can reach point 6.151705
 690: direction old: -39.451216, new: -39.480883
(b)r: 1 phi: 27 vel: ( 0.198477, -0.617775 ) (690,0) rel: ( 0.891007, 0.45399 ), (690,0) global: ( 46.968, 20.8147 ), (690,0), changes: 0.34, -14.1 last seen:(690,0) globalposderived: (690,0)
 690: ball (46.968014,20.814746), agent (46.196178,21.450566), to (48.191453,16.865931) ang -66.480883 -66.480883
 690: relpos body (1.000000,27.000000), vel. ball:(0.198477,-0.617775) dist: 1.173209 (0.300000,0.085000,0.788209)
 690: point good and can reach point 5.906281
(b)r: 0.866083 phi: 22.954 vel: ( 0.186569, -0.580709 ) (691,0) rel: ( 0.797505, 0.337766 ), (691,0) global: ( 47.1665, 20.197 ), (691,0), changes: 0.34, -14.1 last seen:(690,0) globalposderived: (690,0)
 691: ball (47.166492,20.196970), agent (46.538536,20.793437), to (48.533812,16.208802) ang -66.480883 -66.480883
 691: relpos body (0.866083,22.954048), vel. ball:(0.186569,-0.580709) dist: 1.173209 (0.300000,0.085000,0.788209)
 691: point good and can reach point 7.340963
 691: direction old: -43.198669, new: -44.513749
(b)r: 0.9 phi: 22 vel: ( 0.1871, -0.588792 ) (691,0) rel: ( 0.834465, 0.337146 ), (691,0) global: ( 47.1578, 20.1768 ), (691,0), changes: 0.324, -14 last seen:(691,0) globalposderived: (691,0)
 691: ball (47.157838,20.176762), agent (46.516064,20.807734), to (48.508709,16.221955) ang -66.513749 -66.513749
 691: relpos body (0.900000,22.000000), vel. ball:(0.187100,-0.588792) dist: 1.173209 (0.300000,0.085000,0.788209)
 691: point good and can reach point 7.073273
(b)r: 1.41144 phi: 11.0417 vel: ( 0.232948, -0.684811 ) (692,0) rel: ( 1.38531, 0.270324 ), (692,0) global: ( 47.4057, 19.4482 ), (692,0), changes: 0.324, -14 last seen:(691,0) globalposderived: (691,0)
 693: direction old: -59.892051, new: -59.776076
(b)r: 2 phi: -4 vel: ( 0.227191, -0.635203 ) (693,0) rel: ( 1.99513, -0.139513 ), (693,0) global: ( 47.6055, 18.8286 ), (693,0), changes: 0.64, -3.2 last seen:(693,0) globalposderived: (693,0)
 694: direction old: -72.898714, new: -65.298471
 696: direction old: -61.311834, new: -68.402512
 697: direction old: -73.695105, new: -70.652373
 699: direction old: -70.668250, new: -74.826241
 700: direction old: -77.203894, new: -75.037237
(b)r: 1.95919 phi: -1.37818 vel: ( 0, 0 ) (701,0) rel: ( 1.95862, -0.0471215 ), (701,0) global: ( 48.9419, 14.7932 ), (701,0), changes: 0.27, 0.1 last seen:(700,0) globalposderived: (700,0)
(b)r: 0.2 phi: -2.24431 vel: ( 0, 0 ) (702,0) rel: ( 0.199847, -0.00783211 ), (702,0) global: ( 48.704, 15.7679 ), (702,0), changes: 0.27, 0.1 last seen:(700,0) globalposderived: (700,0)
 702: direction old: -122.917670, new: -76.300791
(b)r: 1.2 phi: -2 vel: ( 0, 0 ) (702,0) rel: ( 1.19927, -0.0418794 ), (702,0) global: ( 49.1464, 14.8463 ), (702,0), changes: 0.048, 0 last seen:(702,0) globalposderived: (702,0)
(b)r: 0.714205 phi: -3.31955 vel: ( 0, 0 ) (703,0) rel: ( 0.713007, -0.0413558 ), (703,0) global: ( 49.1464, 14.8463 ), (703,0), changes: 0.048, 0 last seen:(702,0) globalposderived: (702,0)
 703: direction old: -69.479074, new: -73.161908
(b)r: 1 phi: 1 vel: ( 0.00312896, -0.0199775 ) (703,0) rel: ( 0.999848, 0.0174524 ), (703,0) global: ( 49.1225, 14.7268 ), (703,0), changes: 0.04, -0.1 last seen:(703,0) globalposderived: (703,0)
 703: ball (49.122497,14.726846), agent (48.832828,15.683973), to (50.000000,0.000000) ang -74.161908 -74.161908
 703: relpos body (1.000000,1.000000), vel. ball:(0.003129,-0.019978) dist: 1.173209 (0.300000,0.085000,0.788209)
 703: point too far, reposition ball (k_r = 0.803549)
 703: (kick 24.383187 -178.222892), vecDesired (-0.156962,0.484230) 0.000000 posDes(48.965534,15.211076)
(b)r: 0.2 phi: 1.79455 vel: ( 0, 0 ) (704,0) rel: ( 0.199902, 0.00626315 ), (704,0) global: ( 49.0275, 15.0155 ), (704,0), changes: 0.04, -0.1 last seen:(703,0) globalposderived: (703,0)
 704: ball (49.027521,15.015524), agent (48.966938,15.206128), to (50.000000,0.000000) ang -74.161908 -74.161908
 704: relpos body (0.200000,1.794554), vel. ball:(0.000000,0.000000) dist: 1.173209 (0.300000,0.085000,0.788209)
 704: pos (0.248337,-3.834431) too far, but can acc ball good to 2.851699 k=2.851699,0.000000
 705: direction old: -78.014607, new: -111.234577
(b)r: 1.75287 phi: 83.5627 vel: ( 1.71026, -0.382264 ) (1072,0) rel: ( 0.196525, 1.74182 ), (1072,0) global: ( -1.61783, 15.9993 ), (1072,0), changes: -2.072, 2.8 last seen:(1069,0) globalposderived: (1069,0)
 1072: direction old: -153.529619, new: -152.936168
(b)r: 1.40543 phi: 135.738 vel: ( 1.60765, -0.359328 ) (1073,0) rel: ( -1.00651, 0.980909 ), (1073,0) global: ( -0.260647, 15.4158 ), (1073,0), changes: -2.072, 2.8 last seen:(1072,0) globalposderived: (1072,0)
 1074: 2 pos: ball(1.188453,14.955286), ball_prev(-1.970908,15.798063), agentdiff(-0.000000,0.000000)
 1074: direction old: -52.053665, new: -56.936168
 1146: direction old: 143.985843, new: 140.384216
 1147: direction old: 136.050239, new: 140.955946
 1149: direction old: 144.485695, new: 145.912362
(b)r: 1.88645 phi: 7.02439 vel: ( -0.0949798, 0.00453858 ) (1150,0) rel: ( 1.87229, 0.230698 ), (1150,0) global: ( 12.4809, 20.5913 ), (1150,0), changes: -0.044, 1.8 last seen:(1149,0) globalposderived: (1149,0)
 1150: direction old: 149.095953, new: 148.106820
(b)r: 2 phi: 7 vel: ( -0.106394, -0.00122773 ) (1150,0) rel: ( 1.98509, 0.243739 ), (1150,0) global: ( 12.3378, 20.7172 ), (1150,0), changes: -0.04, 1.9 last seen:(1150,0) globalposderived: (1150,0)
(b)r: 1.96716 phi: 1.22352 vel: ( -0.10001, -0.00115406 ) (1151,0) rel: ( 1.96671, 0.0420043 ), (1151,0) global: ( 12.2314, 20.716 ), (1151,0), changes: -0.04, 1.9 last seen:(1150,0) globalposderived: (1150,0)
(b)r: 1.71684 phi: 3.96525 vel: ( -0.0940095, -0.00108482 ) (1152,0) rel: ( 1.71273, 0.118722 ), (1152,0) global: ( 12.1314, 20.7148 ), (1152,0), changes: -0.04, 1.9 last seen:(1150,0) globalposderived: (1150,0)
 1152: direction old: 151.492966, new: 152.199327
(b)r: 1.8 phi: 4 vel: ( -0.117056, 0.0115459 ) (1152,0) rel: ( 1.79562, 0.125562 ), (1152,0) global: ( 11.9167, 20.8062 ), (1152,0), changes: 0, 1.9 last seen:(1152,0) globalposderived: (1152,0)
(b)r: 1.50954 phi: 6.48257 vel: ( -0.110032, 0.0108531 ) (1153,0) rel: ( 1.49989, 0.170429 ), (1153,0) global: ( 11.7996, 20.8177 ), (1153,0), changes: 0, 1.9 last seen:(1152,0) globalposderived: (1152,0)
 1153: direction old: 164.018031, new: 155.462520
(b)r: 1.5 phi: 7 vel: ( -0.106596, 0.0119806 ) (1153,0) rel: ( 1.48882, 0.182804 ), (1153,0) global: ( 11.883, 21.026 ), (1153,0), changes: -0.03, 1.7 last seen:(1153,0) globalposderived: (1153,0)
(b)r: 1.60229 phi: -1.88714 vel: ( -0.100201, 0.0112617 ) (1154,0) rel: ( 1.60142, -0.0527649 ), (1154,0) global: ( 11.7764, 21.0379 ), (1154,0), changes: -0.03, 1.7 last seen:(1153,0) globalposderived: (1153,0)
(b)r: 1.39032 phi: -1.09595 vel: ( -0.0941887, 0.010586 ) (1155,0) rel: ( 1.39006, -0.0265924 ), (1155,0) global: ( 11.6762, 21.0492 ), (1155,0), changes: -0.03, 1.7 last seen:(1153,0) globalposderived: (1153,0)
 1155: direction old: 155.803188, new: 158.635664
(b)r: 1.2 phi: 3 vel: ( -0.080188, 0.00325351 ) (1155,0) rel: ( 1.19836, 0.0628031 ), (1155,0) global: ( 11.7772, 20.9388 ), (1155,0), changes: -0.024, 1.5 last seen:(1155,0) globalposderived: (1155,0)
(b)r: 0.87801 phi: 6.075 vel: ( -0.0753767, 0.0030583 ) (1156,0) rel: ( 0.873079, 0.09292 ), (1156,0) global: ( 11.697, 20.9421 ), (1156,0), changes: -0.024, 1.5 last seen:(1155,0) globalposderived: (1155,0)
 1156: turnWithBall: turn since ball will be kickable in t+1
 1156: direction old: 147.877047, new: 154.434508
(b)r: 0.9 phi: -1 vel: ( -0.0849017, 0.00791779 ) (1156,0) rel: ( 0.899863, -0.0157072 ), (1156,0) global: ( 11.768, 20.7761 ), (1156,0), changes: 0.09, 1.9 last seen:(1156,0) globalposderived: (1156,0)
 1156: turnWithBall: turn since ball will be kickable in t+1
(b)r: 0.98045 phi: -179.276 vel: ( -0.0798076, 0.00744272 ) (1157,0) rel: ( -0.980372, -0.0123882 ), (1157,0) global: ( 11.6831, 20.784 ), (1157,0), changes: 0.09, 1.9 last seen:(1156,0) globalposderived: (1156,0)
 1157: kick results in collision, change velDes from (0.794375,-0.361127)
 1157: ball (11.683115,20.784039), agent (12.579900,20.387733), to (17.127333,18.309067) ang -24.565492 -24.565492
 1157: relpos body (0.980450,-179.276037), vel. ball:(-0.079808,0.007443) dist: 1.173209 (0.300000,0.085000,0.788209)
 1157: point good and can reach point 44.251305
(b)r: 0.388938 phi: -177.717 vel: ( 0.504678, -0.233899 ) (1158,0) rel: ( -0.38863, -0.015491 ), (1158,0) global: ( 12.22, 20.5352 ), (1158,0), changes: 0.09, 1.9 last seen:(1156,0) globalposderived: (1156,0)
 1158: ball (12.220006,20.535210), agent (12.579900,20.387733), to (17.127333,18.309067) ang -24.565492 -24.565492
 1158: relpos body (0.388938,-177.717369), vel. ball:(0.504678,-0.233899) dist: 1.173209 (0.300000,0.085000,0.788209)
 1158: point good and can reach point 13.006864
 1158: 2 pos: ball(12.241482,20.519772), ball_prev(11.768017,20.776121), agentdiff(0.021477,-0.042532)
 1158: direction old: 153.516225, new: 154.123687
(b)r: 0.4 phi: -178 vel: ( 0.504678, -0.233899 ) (1158,0) rel: ( -0.399756, -0.0139598 ), (1158,0) global: ( 12.2415, 20.5198 ), (1158,0), changes: 0.09, 1.9 last seen:(1158,0) globalposderived: (1158,0)
 1158: ball (12.241482,20.519772), agent (12.601377,20.345200), to (17.021173,18.007378) ang -27.876313 -27.876313
 1158: relpos body (0.400000,-178.000000), vel. ball:(0.504678,-0.233899) dist: 1.173209 (0.300000,0.085000,0.788209)
 1158: point good and can reach point 13.178197
(b)r: 0.417347 phi: -1.04763 vel: ( 0.681672, -0.353836 ) (1159,0) rel: ( 0.417277, -0.00763061 ), (1159,0) global: ( 12.9667, 20.1434 ), (1159,0), changes: 0.09, 1.9 last seen:(1158,0) globalposderived: (1158,0)
 1159: ball (12.966666,20.143351), agent (12.601377,20.345200), to (17.021173,18.007378) ang -27.876313 -27.876313
 1159: relpos body (0.417347,-1.047633), vel. ball:(0.681672,-0.353836) dist: 1.173209 (0.300000,0.085000,0.788209)
 1159: point good and can reach point 0.208367
 1159: 2 pos: ball(12.213469,20.247594), ball_prev(12.241482,20.519772), agentdiff(0.000000,0.000000)
 1159: vel based on 2 pos: (-0.026332,-0.255848)
 1159: direction old: -28.923946, new: -165.876313
(b)r: 0.4 phi: -138 vel: ( -0.0263324, -0.255848 ) (1159,0) rel: ( -0.297258, -0.267652 ), (1159,0) global: ( 12.2135, 20.2476 ), (1159,0), changes: 0.09, 1.9 last seen:(1159,0) globalposderived: (1159,0)
 1159: ball (12.213469,20.247594), agent (12.601377,20.345200), to (17.021173,18.007378) ang -27.876313 -27.876313
 1159: relpos body (0.400000,-138.000000), vel. ball:(-0.026332,-0.255848) dist: 1.173209 (0.300000,0.085000,0.788209)
 1159: point good and can reach point 35.726579
(b)r: 0.696694 phi: -133.409 vel: ( 0, 0 ) (1160,0) rel: ( -0.478771, -0.506123 ), (1160,0) global: ( 12.1871, 19.9917 ), (1160,0), changes: 0.09, 1.9 last seen:(1159,0) globalposderived: (1159,0)
 1160: ball (12.187137,19.991746), agent (12.846996,20.215282), to (17.266791,17.877460) ang -27.876313 -27.876313
 1160: relpos body (0.696694,-133.409226), vel. ball:(0.000000,0.000000) dist: 1.173209 (0.300000,0.085000,0.788209)
 1160: point good and can reach point 45.147612
(b)r: 0.761133 phi: -138.646 vel: ( 0, 0 ) (1161,0) rel: ( -0.571335, -0.502891 ), (1161,0) global: ( 12.1871, 19.9917 ), (1161,0), changes: 0.09, 1.9 last seen:(1159,0) globalposderived: (1159,0)
 1161: ball (12.187137,19.991746), agent (12.927308,20.169145), to (17.347103,17.831323) ang -27.876313 -27.876313
 1161: relpos body (0.761133,-138.645694), vel. ball:(0.000000,0.000000) dist: 1.173209 (0.300000,0.085000,0.788209)
 1161: point good and can reach point 46.965706
 1161: 2 pos: ball(10.774809,20.631370), ball_prev(12.213469,20.247594), agentdiff(0.029853,0.184120)
 1161: direction old: -154.850372, new: 172.737741
 1162: direction old: 168.027073, new: 172.060957
