 281: direction old: 71.157535, new: 70.621651
(b)r: 1.57112 phi: 6.6585 vel: ( -0.408714, -0.0139631 ) (282,0) rel: ( 1.56052, 0.182173 ), (282,0) global: ( -25.2386, 13.5114 ), (282,0), changes: -0.594, 7.3 last seen:(281,0) globalposderived: (281,0)
(b)r: 0.737024 phi: 51.2281 vel: ( -0.384191, -0.0131253 ) (283,0) rel: ( 0.46154, 0.574617 ), (283,0) global: ( -25.6473, 13.4975 ), (283,0), changes: -0.594, 7.3 last seen:(281,0) globalposderived: (281,0)
 283: turnWithBall: freeze ball
 283: 2 pos: ball(-25.644266,13.535560), ball_prev(-24.803797,13.526300), agentdiff(-0.021251,0.066142)
 283: direction old: 128.783025, new: 126.635970
(b)r: 0.7 phi: 51 vel: ( -0.384191, -0.0131253 ) (283,0) rel: ( 0.440524, 0.544002 ), (283,0) global: ( -25.6443, 13.5356 ), (283,0), changes: -0.594, 7.3 last seen:(283,0) globalposderived: (283,0)
 283: turnWithBall: turn since ball will be kickable in t+1
(b)r: 0.973443 phi: 146.154 vel: ( -0.361139, -0.0123378 ) (284,0) rel: ( -0.808483, 0.542169 ), (284,0) global: ( -26.0285, 13.5224 ), (284,0), changes: -0.594, 7.3 last seen:(283,0) globalposderived: (283,0)
 284: turnWithBall: kick ball close to desired turnangle 0.000000
 284: kickBallCloseToBody: cannot compensate ball speed, freeze
 284: freeze ball will end up oustide -> accelerate
 284: 2 pos: ball(-26.111953,13.741995), ball_prev(-25.644266,13.535560), agentdiff(-0.152331,0.258775)
 284: vel based on 2 pos: (-0.296435,-0.049199)
 284: direction old: -171.980798, new: 173.274475
(b)r: 0.9 phi: 144 vel: ( -0.296435, -0.0491993 ) (284,0) rel: ( -0.728115, 0.529007 ), (284,0) global: ( -26.112, 13.742 ), (284,0), changes: -0.594, 7.3 last seen:(284,0) globalposderived: (284,0)
 284: turnWithBall: kick ball close to desired turnangle 0.000000
 284: kickBallCloseToBody: cannot compensate ball speed, freeze
 284: freeze ball will end up oustide -> accelerate
(b)r: 0.652381 phi: 155.356 vel: ( 0.281332, 0.0153227 ) (285,0) rel: ( -0.592961, 0.272026 ), (285,0) global: ( -25.8127, 13.7583 ), (285,0), changes: -0.594, 7.3 last seen:(284,0) globalposderived: (284,0)
 285: turnWithBall: turn since ball will be kickable in t+1
(b)r: 0.403487 phi: -159.189 vel: ( 0.264452, 0.0144033 ) (286,0) rel: ( -0.377162, -0.143355 ), (286,0) global: ( -25.5313, 13.7736 ), (286,0), changes: -0.594, 7.3 last seen:(284,0) globalposderived: (284,0)
 286: ball (-25.531331,13.773619), agent (-25.141108,13.876224), to (-21.163602,13.452612) ang -6.079197 -6.079197
 286: relpos body (0.403487,-159.188841), vel. ball:(0.264452,0.014403) dist: 1.161516 (0.300000,0.085000,0.776516)
 286: point good and can reach point 24.411944
 286: 2 pos: ball(-25.501543,13.602811), ball_prev(-26.111953,13.741995), agentdiff(0.025540,-0.168425)
 286: direction old: 171.004210, new: -164.783209
(b)r: 0.4 phi: -160 vel: ( 0.264452, 0.0144033 ) (286,0) rel: ( -0.375877, -0.136808 ), (286,0) global: ( -25.5015, 13.6028 ), (286,0), changes: -0.594, 7.3 last seen:(286,0) globalposderived: (286,0)
 286: ball (-25.501543,13.602811), agent (-25.115568,13.707800), to (-21.129498,13.374256) ang -4.783209 -4.783209
 286: relpos body (0.400000,-160.000000), vel. ball:(0.264452,0.014403) dist: 1.161516 (0.300000,0.085000,0.776516)
 286: point good and can reach point 24.364555
(b)r: 0.404869 phi: -18.9693 vel: ( 0.717007, -0.0339028 ) (287,0) rel: ( 0.382881, -0.131607 ), (287,0) global: ( -24.7388, 13.5667 ), (287,0), changes: -0.594, 7.3 last seen:(286,0) globalposderived: (286,0)
 287: ball (-24.738770,13.566744), agent (-25.109343,13.729820), to (-21.123274,13.396276) ang -4.783209 -4.783209
 287: relpos body (0.404869,-18.969287), vel. ball:(0.717007,-0.033903) dist: 1.161516 (0.300000,0.085000,0.776516)
 287: point good and can reach point 0.266760
 287: direction old: -29.745270, new: -26.754369
(b)r: 0.4 phi: -22 vel: ( 0.709988, -0.0373666 ) (287,0) rel: ( 0.370874, -0.149843 ), (287,0) global: ( -24.7352, 13.5888 ), (287,0), changes: 0.648, 38.7 last seen:(287,0) globalposderived: (287,0)
 287: ball (-24.735222,13.588755), agent (-25.092400,13.768822), to (-21.106163,13.437285) ang -4.754369 -4.754369
 287: relpos body (0.400000,-22.000000), vel. ball:(0.709988,-0.037367) dist: 1.161516 (0.300000,0.085000,0.776516)
 287: point good and can reach point 0.608803
(b)r: 0.572042 phi: -13.8999 vel: ( 0.667388, -0.0351246 ) (288,0) rel: ( 0.555291, -0.137419 ), (288,0) global: ( -24.0252, 13.5514 ), (288,0), changes: 0.648, 38.7 last seen:(287,0) globalposderived: (287,0)
 288: ball (-24.025235,13.551388), agent (-24.567225,13.734360), to (-20.580988,13.402823) ang -4.754369 -4.754369
 288: relpos body (0.572042,-13.899876), vel. ball:(0.667388,-0.035125) dist: 1.161516 (0.300000,0.085000,0.776516)
 288: point good and can reach point 2.287306
(b)r: 0.46042 phi: -14.735 vel: ( 0.627345, -0.0330172 ) (289,0) rel: ( 0.445278, -0.117107 ), (289,0) global: ( -23.3578, 13.5163 ), (289,0), changes: 0.648, 38.7 last seen:(287,0) globalposderived: (287,0)
 289: ball (-23.357846,13.516264), agent (-23.791886,13.669874), to (-19.805649,13.338338) ang -4.754369 -4.754369
 289: relpos body (0.460420,-14.734982), vel. ball:(0.627345,-0.033017) dist: 1.161516 (0.300000,0.085000,0.776516)
 289: point good and can reach point 3.744452
 289: direction old: -45.017265, new: -20.935568
(b)r: 0.5 phi: -16 vel: ( 0.632041, -0.0334785 ) (289,0) rel: ( 0.480631, -0.137819 ), (289,0) global: ( -23.3132, 13.7602 ), (289,0), changes: 0.28, 11.7 last seen:(289,0) globalposderived: (289,0)
 289: ball (-23.313215,13.760219), agent (-23.780206,13.938878), to (-19.795038,13.594737) ang -4.935568 -4.935568
 289: relpos body (0.500000,-16.000000), vel. ball:(0.632041,-0.033478) dist: 1.161516 (0.300000,0.085000,0.776516)
 289: point good and can reach point 3.619426
(b)r: 0.853295 phi: -7.50692 vel: ( 0.665738, -0.0326393 ) (290,0) rel: ( 0.845982, -0.11148 ), (290,0) global: ( -22.605, 13.7255 ), (290,0), changes: 0.28, 11.7 last seen:(289,0) globalposderived: (289,0)
 290: ball (-22.604983,13.725497), agent (-23.438236,13.909347), to (-19.453068,13.565206) ang -4.935568 -4.935568
 290: relpos body (0.853295,-7.506919), vel. ball:(0.665738,-0.032639) dist: 1.161516 (0.300000,0.085000,0.776516)
 290: point good and can reach point 0.653545
 290: direction old: 13.662986, new: -12.713994
(b)r: 0.8 phi: -8 vel: ( -0.0604752, 0.00212363 ) (290,0) rel: ( 0.792214, -0.111338 ), (290,0) global: ( -22.5427, 13.3749 ), (290,0), changes: -0.208, -2.3 last seen:(290,0) globalposderived: (290,0)
 290: ball (-22.542699,13.374866), agent (-23.323084,13.550934), to (-19.336615,13.222206) ang -4.713994 -4.713994
 290: relpos body (0.800000,-8.000000), vel. ball:(-0.060475,0.002124) dist: 1.161516 (0.300000,0.085000,0.776516)
 290: point good and can reach point 34.005899
(b)r: 0.2 phi: -65.3235 vel: ( 0, 0 ) (291,0) rel: ( 0.083499, -0.181736 ), (291,0) global: ( -22.5778, 13.3071 ), (291,0), changes: -0.208, -2.3 last seen:(290,0) globalposderived: (290,0)
 291: ball (-22.577797,13.307124), agent (-22.646078,13.495107), to (-18.659609,13.166380) ang -4.713994 -4.713994
 291: relpos body (0.200000,-65.323467), vel. ball:(0.000000,0.000000) dist: 1.161516 (0.300000,0.085000,0.776516)
 291: point good and can reach point 29.475552
(b)r: 0.855835 phi: -10.4522 vel: ( 0.712281, -0.0337647 ) (292,0) rel: ( 0.841634, -0.155261 ), (292,0) global: ( -21.8201, 13.2712 ), (292,0), changes: -0.208, -2.3 last seen:(290,0) globalposderived: (290,0)
 292: ball (-21.820051,13.271204), agent (-22.646078,13.495107), to (-18.659609,13.166380) ang -4.713994 -4.713994
 292: relpos body (0.855835,-10.452184), vel. ball:(0.712281,-0.033765) dist: 1.161516 (0.300000,0.085000,0.776516)
 292: point good and can reach point 1.479028
 292: 2 pos: ball(-22.325757,13.039503), ball_prev(-22.542699,13.374866), agentdiff(0.214511,0.134992)
 292: direction old: -30.408454, new: -79.842742
(b)r: 0.6 phi: -75 vel: ( 0.712281, -0.0337647 ) (292,0) rel: ( 0.155291, -0.579555 ), (292,0) global: ( -22.3258, 13.0395 ), (292,0), changes: -0.208, -2.3 last seen:(292,0) globalposderived: (292,0)
 292: ball (-22.325757,13.039503), agent (-22.431567,13.630100), to (-18.445847,13.292415) ang -4.842742 -4.842742
 292: relpos body (0.600000,-75.000000), vel. ball:(0.712281,-0.033765) dist: 1.161516 (0.300000,0.085000,0.776516)
 292: point good and can reach point 4.548443
(b)r: 0.657919 phi: -58.7149 vel: ( 0.669544, -0.0317388 ) (293,0) rel: ( 0.341656, -0.562253 ), (293,0) global: ( -21.6135, 13.0057 ), (293,0), changes: -0.208, -2.3 last seen:(292,0) globalposderived: (292,0)
 293: ball (-21.613476,13.005739), agent (-21.906446,13.594828), to (-17.920725,13.257143) ang -4.842742 -4.842742
 293: relpos body (0.657919,-58.714862), vel. ball:(0.669544,-0.031739) dist: 1.161516 (0.300000,0.085000,0.776516)
 293: point good and can reach point 4.328837
 293: 2 pos: ball(-22.571296,12.688744), ball_prev(-22.325757,13.039503), agentdiff(-0.332784,-0.178256)
 293: vel based on 2 pos: (0.082011,-0.162153)
 293: direction old: -33.286507, new: -114.524473
(b)r: 0.8 phi: -110 vel: ( 0.0820111, -0.162153 ) (293,0) rel: ( -0.273616, -0.751754 ), (293,0) global: ( -22.5713, 12.6887 ), (293,0), changes: -0.208, -2.3 last seen:(293,0) globalposderived: (293,0)
 293: ball (-22.571296,12.688744), agent (-22.239230,13.416572), to (-18.251695,13.101032) ang -4.524473 -4.524473
 293: relpos body (0.800000,-110.000000), vel. ball:(0.082011,-0.162153) dist: 1.161516 (0.300000,0.085000,0.776516)
 293: point good and can reach point 37.619287
(b)r: 1.30202 phi: -135.849 vel: ( 0.0770905, -0.152423 ) (294,0) rel: ( -0.934202, -0.906932 ), (294,0) global: ( -22.4893, 12.5266 ), (294,0), changes: -0.208, -2.3 last seen:(293,0) globalposderived: (293,0)
(b)r: 1.58778 phi: 175.537 vel: ( 0.072465, -0.143278 ) (295,0) rel: ( -1.58296, 0.123555 ), (295,0) global: ( -22.4122, 12.3742 ), (295,0), changes: -0.208, -2.3 last seen:(293,0) globalposderived: (293,0)
 295: 2 pos: ball(-22.011667,12.369681), ball_prev(-22.571296,12.688744), agentdiff(0.392470,0.026064)
 295: direction old: -149.403866, new: -141.944235
(b)r: 1.6 phi: 176 vel: ( 0.0761346, -0.157193 ) (295,0) rel: ( -1.5961, 0.11161 ), (295,0) global: ( -22.0117, 12.3697 ), (295,0), changes: -0.208, -2.3 last seen:(295,0) globalposderived: (295,0)
(b)r: 1.22621 phi: 177.363 vel: ( 0.0715666, -0.147761 ) (296,0) rel: ( -1.22491, 0.0564242 ), (296,0) global: ( -21.9355, 12.2125 ), (296,0), changes: -0.208, -2.3 last seen:(295,0) globalposderived: (295,0)
 296: 2 pos: ball(-22.286512,12.404182), ball_prev(-22.011667,12.369681), agentdiff(-0.283975,0.226234)
 296: vel based on 2 pos: (0.008583,-0.180228)
 296: direction old: -123.429068, new: -141.280811
(b)r: 1.3 phi: 177 vel: ( 0.00858305, -0.180228 ) (296,0) rel: ( -1.29822, 0.0680367 ), (296,0) global: ( -22.2865, 12.4042 ), (296,0), changes: -0.208, -2.3 last seen:(296,0) globalposderived: (296,0)
(b)r: 0.705158 phi: -179.157 vel: ( 0.00806807, -0.169415 ) (297,0) rel: ( -0.705082, -0.0103749 ), (297,0) global: ( -22.2779, 12.224 ), (297,0), changes: -0.208, -2.3 last seen:(296,0) globalposderived: (296,0)
 297: turnWithBall: kick ball away from opp at ang 150.226038
 297: (kick 43.407638 -28.955176), vecDesired (0.748870,-0.001598) -71.493151 posDes(-21.529059,12.222356)
(b)r: 0.514148 phi: -70.3699 vel: ( 0.694697, 0.0084942 ) (298,0) rel: ( 0.172726, -0.484266 ), (298,0) global: ( -21.5389, 12.233 ), (298,0), changes: -0.208, -2.3 last seen:(296,0) globalposderived: (296,0)
 298: turnWithBall: freeze ball
 298: 2 pos: ball(-21.567339,12.117843), ball_prev(-22.286512,12.404182), agentdiff(-0.037681,-0.166709)
 298: direction old: -9.271674, new: -22.948967
(b)r: 0.5 phi: -65 vel: ( 0.694697, 0.0084942 ) (298,0) rel: ( 0.211309, -0.453154 ), (298,0) global: ( -21.5673, 12.1178 ), (298,0), changes: -0.208, -2.3 last seen:(298,0) globalposderived: (298,0)
 298: ball (-21.567339,12.117843), agent (-22.027766,12.312799), to (-12.561751,4.240724) ang 42.051033 42.051033
 298: relpos body (0.500000,-65.000000), vel. ball:(0.694697,0.008494) dist: 1.161516 (0.300000,0.085000,0.776516)
 298: point good and can reach point 84.939054
 359: direction old: -54.563401, new: -48.666574
(b)r: 1.5332 phi: -42.5247 vel: ( -0.817458, 0.413588 ) (360,0) rel: ( 1.12995, -1.0363 ), (360,0) global: ( -24.3864, 4.23961 ), (360,0), changes: -1.188, -4.6 last seen:(359,0) globalposderived: (359,0)
(b)r: 0.723715 phi: -89.0182 vel: ( -0.768411, 0.388773 ) (361,0) rel: ( 0.0124004, -0.723608 ), (361,0) global: ( -25.2038, 4.6532 ), (361,0), changes: -1.188, -4.6 last seen:(359,0) globalposderived: (359,0)
 361: ball (-25.203837,4.653199), agent (-25.217750,5.376780), to (-21.217758,5.385140) ang 0.119748 0.119748
 361: relpos body (0.723715,-89.018227), vel. ball:(-0.768411,0.388773) dist: 1.161516 (0.300000,0.085000,0.776516)
 361: point good and can reach point 74.672383
 361: 2 pos: ball(-25.215149,4.549290), ball_prev(-23.516742,3.799623), agentdiff(-0.071185,-0.131390)
 361: direction old: -81.822603, new: -83.949349
(b)r: 0.7 phi: -83 vel: ( -0.741141, 0.40129 ) (361,0) rel: ( 0.0853085, -0.694782 ), (361,0) global: ( -25.2151, 4.54929 ), (361,0), changes: -1.188, -4.6 last seen:(361,0) globalposderived: (361,0)
 361: ball (-25.215149,4.549290), agent (-25.288935,5.245390), to (-21.289484,5.179116) ang -0.949349 -0.949349
 361: relpos body (0.700000,-83.000000), vel. ball:(-0.741141,0.401290) dist: 1.161516 (0.300000,0.085000,0.776516)
 361: point good and can reach point 72.255515
(b)r: 0.95585 phi: -29.9119 vel: ( 0.713186, 0.129901 ) (362,0) rel: ( 0.828524, -0.476651 ), (362,0) global: ( -24.4564, 4.68748 ), (362,0), changes: -1.188, -4.6 last seen:(361,0) globalposderived: (361,0)
 362: ball (-24.456441,4.687482), agent (-25.276954,5.177795), to (-21.277503,5.111521) ang -0.949349 -0.949349
 362: relpos body (0.955850,-29.911859), vel. ball:(0.713186,0.129901) dist: 1.161516 (0.300000,0.085000,0.776516)
 362: point good and can reach point 1.648034
 362: direction old: -30.858828, new: -33.898275
(b)r: 0.8 phi: -33 vel: ( 0.565187, 0.258699 ) (362,0) rel: ( 0.670936, -0.435711 ), (362,0) global: ( -24.613, 4.73161 ), (362,0), changes: 0.304, 39.5 last seen:(362,0) globalposderived: (362,0)
 362: ball (-24.612991,4.731609), agent (-25.277014,5.177785), to (-21.277506,5.115076) ang -0.898275 -0.898275
 362: relpos body (0.800000,-33.000000), vel. ball:(0.565187,0.258699) dist: 1.161516 (0.300000,0.085000,0.776516)
 362: point good and can reach point 10.578197
(b)r: 0.745884 phi: -12.3394 vel: ( 0.531276, 0.243177 ) (363,0) rel: ( 0.728653, -0.159397 ), (363,0) global: ( -24.0478, 4.99031 ), (363,0), changes: 0.304, 39.5 last seen:(362,0) globalposderived: (362,0)
 363: ball (-24.047804,4.990308), agent (-24.773868,5.161109), to (-20.774360,5.098400) ang -0.898275 -0.898275
 363: relpos body (0.745884,-12.339435), vel. ball:(0.531276,0.243177) dist: 1.161516 (0.300000,0.085000,0.776516)
 363: point good and can reach point 12.485755
(b)r: 1.22398 phi: -5.31068 vel: ( 0.676367, 0.032744 ) (364,0) rel: ( 1.21873, -0.113287 ), (364,0) global: ( -23.3283, 5.02514 ), (364,0), changes: 0.304, 39.5 last seen:(362,0) globalposderived: (362,0)
 364: direction old: -7.201177, new: -4.879836
(b)r: 1.1 phi: -4 vel: ( 0.644017, 0.0380792 ) (364,0) rel: ( 1.09732, -0.0767321 ), (364,0) global: ( -23.3596, 5.07401 ), (364,0), changes: 0.506, 4.6 last seen:(364,0) globalposderived: (364,0)
 364: ball (-23.359622,5.074012), agent (-24.455634,5.167585), to (-20.456106,5.106163) ang -0.879836 -0.879836
 364: relpos body (1.100000,-4.000000), vel. ball:(0.644017,0.038079) dist: 1.161516 (0.300000,0.085000,0.776516)
 364: point good and can reach point 2.333458
(b)r: 1.14724 phi: 0.635957 vel: ( 0.605376, 0.0357945 ) (365,0) rel: ( 1.14717, 0.0127336 ), (365,0) global: ( -22.7156, 5.11209 ), (365,0), changes: 0.506, 4.6 last seen:(364,0) globalposderived: (364,0)
 365: ball (-22.715605,5.112091), agent (-23.862838,5.116975), to (-19.863309,5.055553) ang -0.879836 -0.879836
 365: relpos body (1.147243,0.635957), vel. ball:(0.605376,0.035794) dist: 1.161516 (0.300000,0.085000,0.776516)
 365: point good and can reach point 4.442302
 365: direction old: -10.999713, new: -0.136733
(b)r: 1.2 phi: 1 vel: ( 0.61226, 0.0456218 ) (365,0) rel: ( 1.19982, 0.0209429 ), (365,0) global: ( -22.796, 5.3581 ), (365,0), changes: 0.36, 3.8 last seen:(365,0) globalposderived: (365,0)
(b)r: 1.03603 phi: 4.35667 vel: ( 0.575525, 0.0428845 ) (366,0) rel: ( 1.03304, 0.078702 ), (366,0) global: ( -22.1837, 5.40372 ), (366,0), changes: 0.36, 3.8 last seen:(365,0) globalposderived: (365,0)
 366: ball (-22.183735,5.403725), agent (-23.218129,5.345532), to (-19.218916,5.266178) ang -1.136733 -1.136733
 366: relpos body (1.036030,4.356671), vel. ball:(0.575525,0.042884) dist: 1.161516 (0.300000,0.085000,0.776516)
 366: point good and can reach point 6.079387
(b)r: 0.727428 phi: 10.5346 vel: ( 0.540993, 0.0403114 ) (367,0) rel: ( 0.715166, 0.132996 ), (367,0) global: ( -21.6082, 5.44661 ), (367,0), changes: 0.36, 3.8 last seen:(365,0) globalposderived: (365,0)
 367: ball (-21.608210,5.446609), agent (-22.325874,5.327828), to (-18.326661,5.248474) ang -1.136733 -1.136733
 367: relpos body (0.727428,10.534640), vel. ball:(0.540993,0.040311) dist: 1.161516 (0.300000,0.085000,0.776516)
 367: point good and can reach point 8.501132
 367: direction old: -5.722659, new: 11.687810
(b)r: 0.7 phi: 13 vel: ( 0.532262, 0.0382455 ) (367,0) rel: ( 0.682059, 0.157466 ), (367,0) global: ( -21.656, 5.66189 ), (367,0), changes: 0.14, 1.4 last seen:(367,0) globalposderived: (367,0)
 367: ball (-21.655964,5.661895), agent (-22.341450,5.520089), to (-18.342499,5.428489) ang -1.312190 -1.312190
 367: relpos body (0.700000,13.000000), vel. ball:(0.532262,0.038246) dist: 1.161516 (0.300000,0.085000,0.776516)
 367: point good and can reach point 8.855725
(b)r: 1.03094 phi: 7.4445 vel: ( 0.663253, -0.0376556 ) (368,0) rel: ( 1.02225, 0.133575 ), (368,0) global: ( -20.9504, 5.62184 ), (368,0), changes: 0.14, 1.4 last seen:(367,0) globalposderived: (367,0)
 368: ball (-20.950375,5.621835), agent (-21.975421,5.511705), to (-17.976470,5.420105) ang -1.312190 -1.312190
 368: relpos body (1.030945,7.444499), vel. ball:(0.663253,-0.037656) dist: 1.161516 (0.300000,0.085000,0.776516)
 368: point good and can reach point 0.877226
 368: direction old: 41.302351, new: 5.323261
(b)r: 1.1 phi: 6 vel: ( 0.679114, -0.0449812 ) (368,0) rel: ( 1.09397, 0.114981 ), (368,0) global: ( -20.7785, 4.91257 ), (368,0), changes: 0.528, -5.2 last seen:(368,0) globalposderived: (368,0)
 368: ball (-20.778550,4.912567), agent (-21.873806,4.810515), to (-17.874085,4.763270) ang -0.676739 -0.676739
 368: relpos body (1.100000,6.000000), vel. ball:(0.679114,-0.044981) dist: 1.161516 (0.300000,0.085000,0.776516)
 368: point good and can reach point 0.490698
(b)r: 1.04308 phi: 2.18129 vel: ( 0.638367, -0.0422824 ) (369,0) rel: ( 1.04232, 0.0397012 ), (369,0) global: ( -20.0994, 4.86759 ), (369,0), changes: 0.528, -5.2 last seen:(368,0) globalposderived: (368,0)
 369: ball (-20.099436,4.867586), agent (-21.142157,4.840198), to (-17.142436,4.792954) ang -0.676739 -0.676739
 369: relpos body (1.043081,2.181291), vel. ball:(0.638367,-0.042282) dist: 1.161516 (0.300000,0.085000,0.776516)
 369: point good and can reach point 2.336616
(b)r: 0.863091 phi: -4.4413 vel: ( 0.600065, -0.0397454 ) (370,0) rel: ( 0.860499, -0.0668357 ), (370,0) global: ( -19.4611, 4.8253 ), (370,0), changes: 0.528, -5.2 last seen:(368,0) globalposderived: (368,0)
 370: ball (-19.461070,4.825303), agent (-20.320720,4.902298), to (-16.320999,4.855053) ang -0.676739 -0.676739
 370: relpos body (0.863091,-4.441295), vel. ball:(0.600065,-0.039745) dist: 1.161516 (0.300000,0.085000,0.776516)
 370: point good and can reach point 4.119347
 370: direction old: -28.391275, new: -5.176171
(b)r: 0.9 phi: -4 vel: ( 0.621273, -0.040415 ) (370,0) rel: ( 0.897808, -0.0627808 ), (370,0) global: ( -19.4688, 5.23278 ), (370,0), changes: 0.288, -2.5 last seen:(370,0) globalposderived: (370,0)
 370: ball (-19.468845,5.232776), agent (-20.365175,5.313973), to (-16.366017,5.231867) ang -1.176171 -1.176171
 370: relpos body (0.900000,-4.000000), vel. ball:(0.621273,-0.040415) dist: 1.161516 (0.300000,0.085000,0.776516)
 370: point good and can reach point 3.228991
(b)r: 0.595044 phi: -11.9469 vel: ( 0.583997, -0.0379901 ) (371,0) rel: ( 0.582155, -0.123177 ), (371,0) global: ( -18.8476, 5.19236 ), (371,0), changes: 0.288, -2.5 last seen:(370,0) globalposderived: (370,0)
 371: ball (-18.847572,5.192361), agent (-19.427076,5.327462), to (-15.427918,5.245356) ang -1.176171 -1.176171
 371: relpos body (0.595044,-11.946919), vel. ball:(0.583997,-0.037990) dist: 1.161516 (0.300000,0.085000,0.776516)
 371: point good and can reach point 6.028124
 371: direction old: -13.392245, new: -14.052581
(b)r: 0.6 phi: -13 vel: ( 0.595918, -0.0403723 ) (371,0) rel: ( 0.584622, -0.134971 ), (371,0) global: ( -18.8451, 5.18466 ), (371,0), changes: 0.204, 0 last seen:(371,0) globalposderived: (371,0)
 371: ball (-18.845078,5.184659), agent (-19.427122,5.330347), to (-15.427797,5.256867) ang -1.052581 -1.052581
 371: relpos body (0.600000,-13.000000), vel. ball:(0.595918,-0.040372) dist: 1.161516 (0.300000,0.085000,0.776516)
 371: point good and can reach point 5.690122
(b)r: 0.918826 phi: -8.47245 vel: ( 0.691622, 0.00718007 ) (372,0) rel: ( 0.908799, -0.135374 ), (372,0) global: ( -18.1093, 5.1923 ), (372,0), changes: 0.204, 0 last seen:(371,0) globalposderived: (371,0)
 372: ball (-18.109310,5.192298), agent (-19.015469,5.344344), to (-15.016144,5.270864) ang -1.052581 -1.052581
 372: relpos body (0.918826,-8.472452), vel. ball:(0.691622,0.007180) dist: 1.161516 (0.300000,0.085000,0.776516)
 372: point good and can reach point 0.663313
(b)r: 0.920957 phi: -7.204 vel: ( 0.650124, 0.00674927 ) (373,0) rel: ( 0.913687, -0.11549 ), (373,0) global: ( -17.4177, 5.19948 ), (373,0), changes: 0.204, 0 last seen:(371,0) globalposderived: (371,0)
 373: ball (-17.417688,5.199478), agent (-18.329100,5.331733), to (-14.329775,5.258253) ang -1.052581 -1.052581
 373: relpos body (0.920957,-7.203997), vel. ball:(0.650124,0.006749) dist: 1.161516 (0.300000,0.085000,0.776516)
 373: point good and can reach point 1.434312
 373: direction old: -0.087854, new: -6.945952
(b)r: 1 phi: -6 vel: ( 0.667658, 0.0108389 ) (373,0) rel: ( 0.994522, -0.104528 ), (373,0) global: ( -17.357, 5.07997 ), (373,0), changes: 0.38, 3.8 last seen:(373,0) globalposderived: (373,0)
 373: ball (-17.357009,5.079974), agent (-18.349669,5.200907), to (-14.350215,5.134870) ang -0.945952 -0.945952
 373: relpos body (1.000000,-6.000000), vel. ball:(0.667658,0.010839) dist: 1.161516 (0.300000,0.085000,0.776516)
 373: point good and can reach point 0.635169
(b)r: 0.795363 phi: -4.86785 vel: ( 0.627598, 0.0101885 ) (374,0) rel: ( 0.792495, -0.0674929 ), (374,0) global: ( -16.6894, 5.09081 ), (374,0), changes: 0.38, 3.8 last seen:(373,0) globalposderived: (373,0)
 374: ball (-16.689351,5.090813), agent (-17.480624,5.171380), to (-13.481169,5.105343) ang -0.945952 -0.945952
 374: relpos body (0.795363,-4.867855), vel. ball:(0.627598,0.010189) dist: 1.161516 (0.300000,0.085000,0.776516)
 374: point good and can reach point 4.189798
 374: direction old: -1.523613, new: -1.864563
(b)r: 0.7 phi: -1 vel: ( 0.616712, 0.0282373 ) (374,0) rel: ( 0.699893, -0.0122167 ), (374,0) global: ( -16.7862, 5.08922 ), (374,0), changes: 0.224, 5.4 last seen:(374,0) globalposderived: (374,0)
 374: ball (-16.786221,5.089222), agent (-17.485850,5.111998), to (-13.486305,5.051643) ang -0.864563 -0.864563
 374: relpos body (0.700000,-1.000000), vel. ball:(0.616712,0.028237) dist: 1.161516 (0.300000,0.085000,0.776516)
 374: point good and can reach point 4.706526
(b)r: 0.453322 phi: 8.9893 vel: ( 0.57971, 0.0265431 ) (375,0) rel: ( 0.447754, 0.0708315 ), (375,0) global: ( -16.1695, 5.11746 ), (375,0), changes: 0.224, 5.4 last seen:(374,0) globalposderived: (374,0)
 375: ball (-16.169508,5.117460), agent (-16.618280,5.053392), to (-12.618735,4.993037) ang -0.864563 -0.864563
 375: relpos body (0.453322,8.989300), vel. ball:(0.579710,0.026543) dist: 1.161516 (0.300000,0.085000,0.776516)
 375: point good and can reach point 5.894327
(b)r: 0.787594 phi: 4.79531 vel: ( 0.66087, -0.0146655 ) (376,0) rel: ( 0.784837, 0.06584 ), (376,0) global: ( -15.4665, 5.10186 ), (376,0), changes: 0.224, 5.4 last seen:(374,0) globalposderived: (374,0)
 376: ball (-15.466455,5.101858), agent (-16.252196,5.047868), to (-12.252652,4.987512) ang -0.864563 -0.864563
 376: relpos body (0.787594,4.795313), vel. ball:(0.660870,-0.014666) dist: 1.161516 (0.300000,0.085000,0.776516)
 376: point good and can reach point 2.761969
 376: direction old: -19.495780, new: 9.860035
(b)r: 0.8 phi: 11 vel: ( 0.643535, 0.00466662 ) (376,0) rel: ( 0.785302, 0.152647 ), (376,0) global: ( -15.4033, 5.49553 ), (376,0), changes: 0.464, -3.8 last seen:(376,0) globalposderived: (376,0)
 376: ball (-15.403289,5.495534), agent (-16.191472,5.358540), to (-12.192264,5.278961) ang -1.139965 -1.139965
 376: relpos body (0.800000,11.000000), vel. ball:(0.643535,0.004667) dist: 1.161516 (0.300000,0.085000,0.776516)
 376: point good and can reach point 4.171947
(b)r: 0.732353 phi: 17.5798 vel: ( 0.604923, 0.00438663 ) (377,0) rel: ( 0.69815, 0.221195 ), (377,0) global: ( -14.7598, 5.5002 ), (377,0), changes: 0.464, -3.8 last seen:(376,0) globalposderived: (376,0)
 377: ball (-14.759753,5.500200), agent (-15.462166,5.292938), to (-11.462958,5.213359) ang -1.139965 -1.139965
 377: relpos body (0.732353,17.579781), vel. ball:(0.604923,0.004387) dist: 1.161516 (0.300000,0.085000,0.776516)
 377: point good and can reach point 5.790276
 377: direction old: 31.617955, new: 18.008699
(b)r: 0.8 phi: 19 vel: ( 0.619196, 0.0218041 ) (377,0) rel: ( 0.756415, 0.260455 ), (377,0) global: ( -14.7337, 5.29518 ), (377,0), changes: 0.32, -2.4 last seen:(377,0) globalposderived: (377,0)
 377: ball (-14.733712,5.295180), agent (-15.494520,5.047851), to (-11.495119,4.978649) ang -0.991301 -0.991301
 377: relpos body (0.800000,19.000000), vel. ball:(0.619196,0.021804) dist: 1.161516 (0.300000,0.085000,0.776516)
 377: point good and can reach point 6.070108
(b)r: 0.654994 phi: 32.345 vel: ( 0.582045, 0.0204958 ) (378,0) rel: ( 0.553366, 0.350432 ), (378,0) global: ( -14.1145, 5.31698 ), (378,0), changes: 0.32, -2.4 last seen:(377,0) globalposderived: (377,0)
 378: ball (-14.114516,5.316984), agent (-14.673862,4.976179), to (-10.674461,4.906976) ang -0.991301 -0.991301
 378: relpos body (0.654994,32.344972), vel. ball:(0.582045,0.020496) dist: 1.161516 (0.300000,0.085000,0.776516)
 378: point good and can reach point 7.418455
(b)r: 0.96533 phi: 20.3378 vel: ( 0.670314, -0.0735366 ) (379,0) rel: ( 0.905151, 0.335505 ), (379,0) global: ( -13.4014, 5.23875 ), (379,0), changes: 0.32, -2.4 last seen:(377,0) globalposderived: (377,0)
 379: ball (-13.401416,5.238754), agent (-14.312236,4.918959), to (-10.312835,4.849756) ang -0.991301 -0.991301
 379: relpos body (0.965330,20.337820), vel. ball:(0.670314,-0.073537) dist: 1.161516 (0.300000,0.085000,0.776516)
 379: point good and can reach point 0.608368
 379: direction old: 9.420630, new: 20.883765
(b)r: 1 phi: 22 vel: ( 0.671033, -0.0775248 ) (379,0) rel: ( 0.927184, 0.374607 ), (379,0) global: ( -13.4211, 5.43693 ), (379,0), changes: 0.46, -13.5 last seen:(379,0) globalposderived: (379,0)
 379: ball (-13.421149,5.436934), agent (-14.355454,5.080461), to (-10.356213,5.002538) ang -1.116235 -1.116235
 379: relpos body (1.000000,22.000000), vel. ball:(0.671033,-0.077525) dist: 1.161516 (0.300000,0.085000,0.776516)
 379: point good and can reach point 0.884231
(b)r: 1.03365 phi: 21.3992 vel: ( 0.630771, -0.0728733 ) (380,0) rel: ( 0.962391, 0.377142 ), (380,0) global: ( -12.7501, 5.35941 ), (380,0), changes: 0.46, -13.5 last seen:(379,0) globalposderived: (379,0)
 380: ball (-12.750116,5.359409), agent (-13.719671,5.001087), to (-9.720430,4.923164) ang -1.116235 -1.116235
 380: relpos body (1.033650,21.399247), vel. ball:(0.630771,-0.072873) dist: 1.161516 (0.300000,0.085000,0.776516)
 380: point good and can reach point 2.424466
 380: direction old: 19.829046, new: 20.884302
(b)r: 1 phi: 22 vel: ( 0.631482, -0.0693064 ) (380,0) rel: ( 0.927184, 0.374607 ), (380,0) global: ( -12.683, 5.40318 ), (380,0), changes: 0.32, -8.9 last seen:(380,0) globalposderived: (380,0)
 380: ball (-12.683033,5.403177), agent (-13.617335,5.046694), to (-9.618094,4.968809) ang -1.115698 -1.115698
 380: relpos body (1.000000,22.000000), vel. ball:(0.631482,-0.069306) dist: 1.161516 (0.300000,0.085000,0.776516)
 380: point good and can reach point 2.422406
(b)r: 0.822771 phi: 22.7073 vel: ( 0.593594, -0.065148 ) (381,0) rel: ( 0.758997, 0.317609 ), (381,0) global: ( -12.0516, 5.33387 ), (381,0), changes: 0.32, -8.9 last seen:(380,0) globalposderived: (380,0)
 381: ball (-12.051551,5.333870), agent (-12.816588,5.031100), to (-6.378470,16.126932) ang -1.115698 -1.115698
 381: relpos body (0.822771,22.707308), vel. ball:(0.593594,-0.065148) dist: 1.161516 (0.300000,0.085000,0.776516)
 381: point good and can reach point 103.542769
 382: 2 pos: ball(-11.332205,7.301201), ball_prev(-12.683033,5.403177), agentdiff(-0.088441,-0.126956)
 382: direction old: 56.991498, new: 62.907720
 788: direction old: -59.132874, new: -56.426311
(b)r: 1.54317 phi: -22.7885 vel: ( -0.199362, 0.0345018 ) (789,0) rel: ( 1.42271, -0.597715 ), (789,0) global: ( -20.5787, 5.97201 ), (789,0), changes: -0.5, -5.3 last seen:(788,0) globalposderived: (788,0)
(b)r: 0.772742 phi: -61.8725 vel: ( -0.1874, 0.0324317 ) (790,0) rel: ( 0.364298, -0.681482 ), (790,0) global: ( -20.7781, 6.00651 ), (790,0), changes: -0.5, -5.3 last seen:(788,0) globalposderived: (788,0)
 790: turnWithBall: turn since ball will be kickable in t+1
 790: 2 pos: ball(-20.869118,5.991743), ball_prev(-20.366637,5.935307), agentdiff(-0.088424,-0.091753)
 790: direction old: -101.179024, new: -108.272429
(b)r: 0.7 phi: -64 vel: ( -0.1874, 0.0324317 ) (790,0) rel: ( 0.30686, -0.629156 ), (790,0) global: ( -20.8691, 5.99174 ), (790,0), changes: -0.5, -5.3 last seen:(790,0) globalposderived: (790,0)
 790: turnWithBall: turn since ball will be kickable in t+1
(b)r: 0.754195 phi: -163.422 vel: ( -0.176156, 0.0304858 ) (791,0) rel: ( -0.722843, -0.215193 ), (791,0) global: ( -21.0565, 6.02417 ), (791,0), changes: -0.5, -5.3 last seen:(790,0) globalposderived: (790,0)
 791: kick results in collision, change velDes from (0.791819,0.214094)
 791: ball (-21.056518,6.024174), agent (-20.397521,6.390962), to (-16.492657,7.258162) ang 12.521152 12.521152
 791: relpos body (0.754195,-163.421542), vel. ball:(-0.176156,0.030486) dist: 1.161516 (0.300000,0.085000,0.776516)
 791: point good and can reach point 72.538385
 791: 2 pos: ball(-21.165053,5.690251), ball_prev(-20.869118,5.991743), agentdiff(-0.092349,-0.271609)
 791: vel based on 2 pos: (-0.191371,-0.028090)
 791: direction old: -170.465182, new: -147.562663
(b)r: 0.8 phi: -162 vel: ( -0.191371, -0.0280898 ) (791,0) rel: ( -0.760845, -0.247214 ), (791,0) global: ( -21.1651, 5.69025 ), (791,0), changes: -0.5, -5.3 last seen:(791,0) globalposderived: (791,0)
 791: kick results in collision, change velDes from (0.782675,0.245423)
 791: ball (-21.165053,5.690251), agent (-20.489870,6.119353), to (-16.616186,7.116637) ang 14.437337 14.437337
 791: relpos body (0.800000,-162.000000), vel. ball:(-0.191371,-0.028090) dist: 1.161516 (0.300000,0.085000,0.776516)
 791: point good and can reach point 77.897526
(b)r: 0.2 phi: -37.6654 vel: ( -0.095515, -0.0265813 ) (792,0) rel: ( 0.158319, -0.12221 ), (792,0) global: ( -20.3061, 6.04047 ), (792,0), changes: -0.5, -5.3 last seen:(791,0) globalposderived: (791,0)
 792: ball (-20.306081,6.040475), agent (-20.489870,6.119353), to (-16.616186,7.116637) ang 14.437337 14.437337
 792: relpos body (0.200000,-37.665371), vel. ball:(-0.095515,-0.026581) dist: 1.161516 (0.300000,0.085000,0.776516)
 792: point good and can reach point 30.295700
(b)r: 0.881814 phi: -7.15928 vel: ( 0.649466, 0.179155 ) (793,0) rel: ( 0.874939, -0.109899 ), (793,0) global: ( -19.6152, 6.23107 ), (793,0), changes: -0.5, -5.3 last seen:(791,0) globalposderived: (791,0)
 793: ball (-19.615160,6.231065), agent (-20.489870,6.119353), to (-16.616186,7.116637) ang 14.437337 14.437337
 793: relpos body (0.881814,-7.159277), vel. ball:(0.649466,0.179155) dist: 1.161516 (0.300000,0.085000,0.776516)
 793: point good and can reach point 0.639649
 793: direction old: 7.245010, new: 10.266381
(b)r: 1.1 phi: -4 vel: ( 0.644488, 0.175784 ) (793,0) rel: ( 1.09732, -0.0767321 ), (793,0) global: ( -19.3496, 6.32327 ), (793,0), changes: 0.66, 2.9 last seen:(793,0) globalposderived: (793,0)
 793: ball (-19.349647,6.323265), agent (-20.432036,6.127218), to (-16.555394,7.112939) ang 14.266381 14.266381
 793: relpos body (1.100000,-4.000000), vel. ball:(0.644488,0.175784) dist: 1.161516 (0.300000,0.085000,0.776516)
 793: point good and can reach point 0.708720
(b)r: 1.24066 phi: -3.01199 vel: ( 0.605819, 0.165237 ) (794,0) rel: ( 1.23895, -0.0651905 ), (794,0) global: ( -18.7052, 6.49905 ), (794,0), changes: 0.66, 2.9 last seen:(793,0) globalposderived: (793,0)
 794: direction old: 4.828317, new: 10.226641
(b)r: 1.2 phi: -4 vel: ( 0.589106, 0.156236 ) (794,0) rel: ( 1.19708, -0.0837078 ), (794,0) global: ( -18.5535, 6.62516 ), (794,0), changes: 0.36, 1.3 last seen:(794,0) globalposderived: (794,0)
(b)r: 1.55646 phi: 0.319807 vel: ( 0.553759, 0.146862 ) (795,0) rel: ( 1.55643, 0.00868761 ), (795,0) global: ( -17.9644, 6.78139 ), (795,0), changes: 0.36, 1.3 last seen:(794,0) globalposderived: (794,0)
 796: direction old: 14.844483, new: 11.284276
(b)r: 1.3823 phi: -0.446944 vel: ( 0, 0 ) (797,0) rel: ( 1.38226, -0.0107827 ), (797,0) global: ( -17.5262, 6.76914 ), (797,0), changes: 0.48, 0.6 last seen:(796,0) globalposderived: (796,0)
 797: direction old: 11.023297, new: 40.272559
(b)r: 1.1 phi: 29 vel: ( -0.368828, 0.429754 ) (797,0) rel: ( 0.962082, 0.533291 ), (797,0) global: ( -17.9983, 7.22474 ), (797,0), changes: -0.242, 36.1 last seen:(797,0) globalposderived: (797,0)
(b)r: 1.03344 phi: 96.474 vel: ( 0, 0 ) (798,0) rel: ( -0.116523, 1.02685 ), (798,0) global: ( -18.3672, 7.65449 ), (798,0), changes: -0.242, 36.1 last seen:(797,0) globalposderived: (797,0)
(b)r: 1.01291 phi: 90.1676 vel: ( 0, 0 ) (799,0) rel: ( -0.00296208, 1.01291 ), (799,0) global: ( -18.3672, 7.65449 ), (799,0), changes: -0.242, 36.1 last seen:(797,0) globalposderived: (797,0)
(b)r: 1.02131 phi: 90.4187 vel: ( 0, 0 ) (799,0) rel: ( -0.00746259, 1.02128 ), (799,0) global: ( -17.6644, 7.52253 ), (799,0), changes: -0.242, 36.1 last seen:(797,0) globalposderived: (797,0)
 799: ball (-17.664389,7.522533), agent (-18.160551,6.654304), to (-14.237459,7.434909) ang 11.253560 11.253560
 799: relpos body (1.021308,90.418658), vel. ball:(0.000000,0.000000) dist: 1.161516 (0.300000,0.085000,0.776516)
 799: point good and can reach point 40.091344
(b)r: 1.02757 phi: 46.9351 vel: ( 0, 0 ) (800,0) rel: ( 0.701651, 0.750721 ), (800,0) global: ( -17.6644, 7.52253 ), (800,0), changes: -0.242, 36.1 last seen:(797,0) globalposderived: (797,0)
 800: ball (-17.664389,7.522533), agent (-18.206045,6.649318), to (-14.282952,7.429923) ang 11.253560 11.253560
 800: relpos body (1.027568,46.935079), vel. ball:(0.000000,0.000000) dist: 1.161516 (0.300000,0.085000,0.776516)
 800: point good and can reach point 36.876120
(b)r: 0.966652 phi: 46.8368 vel: ( 0, 0 ) (800,0) rel: ( 0.661266, 0.705083 ), (800,0) global: ( -17.6491, 7.55232 ), (800,0), changes: -0.242, 36.1 last seen:(797,0) globalposderived: (797,0)
 800: ball (-17.649139,7.552323), agent (-18.176525,6.702697), to (-1.723126,21.606577) ang 11.171033 11.171033
 800: relpos body (0.966652,46.836751), vel. ball:(0.000000,0.000000) dist: 1.161516 (0.300000,0.085000,0.776516)
 800: point too far, reposition ball (k_r = 0.747686)
 800: (kick 37.380718 -104.793266), vecDesired (-0.047675,-0.753116) 0.000000 posDes(-17.696815,6.799207)
(b)r: 1.01486 phi: 46.0103 vel: ( 0, 0 ) (801,0) rel: ( 0.70485, 0.730156 ), (801,0) global: ( -17.6491, 7.55232 ), (801,0), changes: -0.242, 36.1 last seen:(797,0) globalposderived: (797,0)
 801: ball (-17.649139,7.552323), agent (-18.199175,6.699444), to (-14.274962,7.474398) ang 11.171033 11.171033
 801: relpos body (1.014860,46.010304), vel. ball:(0.000000,0.000000) dist: 1.161516 (0.300000,0.085000,0.776516)
 801: point good and can reach point 36.605798
(b)r: 1.01486 phi: 46.0103 vel: ( 0, 0 ) (802,0) rel: ( 0.70485, 0.730156 ), (802,0) global: ( -17.6491, 7.55232 ), (802,0), changes: -0.242, 36.1 last seen:(797,0) globalposderived: (797,0)
 802: ball (-17.649139,7.552323), agent (-18.199175,6.699444), to (-1.751699,21.603488) ang 11.171033 11.171033
 802: relpos body (1.014860,46.010304), vel. ball:(0.000000,0.000000) dist: 1.161516 (0.300000,0.085000,0.776516)
 802: point too far, reposition ball (k_r = 0.733313)
 802: (kick 38.178017 -104.997256), vecDesired (-0.050442,-0.754219) 0.000000 posDes(-17.699581,6.798104)
(b)r: 1 phi: 46.9545 vel: ( 0, 0 ) (802,0) rel: ( 0.682578, 0.730812 ), (802,0) global: ( -17.6351, 7.54342 ), (802,0), changes: -0.242, 36.1 last seen:(797,0) globalposderived: (797,0)
 802: ball (-17.635058,7.543419), agent (-18.176525,6.702697), to (-1.734954,21.619626) ang 11.216487 11.216487
 802: relpos body (1.000000,46.954546), vel. ball:(0.000000,0.000000) dist: 1.161516 (0.300000,0.085000,0.776516)
 802: point too far, reposition ball (k_r = 0.736786)
 802: (kick 37.341976 -104.453844), vecDesired (-0.041951,-0.741666) 0.000000 posDes(-17.677009,6.801753)
(b)r: 1 phi: 46 vel: ( 0, 0 ) (803,0) rel: ( 0.694658, 0.71934 ), (803,0) global: ( -17.6351, 7.54342 ), (803,0), changes: -0.242, 36.1 last seen:(797,0) globalposderived: (797,0)
 803: ball (-17.635058,7.543419), agent (-18.176525,6.702697), to (-14.252928,7.480763) ang 11.216487 11.216487
 803: relpos body (1.000000,46.000000), vel. ball:(0.000000,0.000000) dist: 1.161516 (0.300000,0.085000,0.776516)
 803: point good and can reach point 36.367818
(b)r: 1 phi: 46 vel: ( 0, 0 ) (803,0) rel: ( 0.694658, 0.71934 ), (803,0) global: ( -17.7317, 7.36761 ), (803,0), changes: -0.242, 36.1 last seen:(797,0) globalposderived: (797,0)
 803: ball (-17.731680,7.367612), agent (-18.176525,6.702697), to (-14.252928,7.480763) ang 11.216487 11.216487
 803: relpos body (1.000000,46.000000), vel. ball:(0.000000,0.000000) dist: 1.161516 (0.300000,0.085000,0.776516)
 803: point good and can reach point 36.367818
(b)r: 0.8 phi: 45 vel: ( 0, 0 ) (804,0) rel: ( 0.565685, 0.565685 ), (804,0) global: ( -17.7317, 7.36761 ), (804,0), changes: -0.242, 36.1 last seen:(797,0) globalposderived: (797,0)
 804: ball (-17.731680,7.367612), agent (-18.176525,6.702697), to (-14.252928,7.480763) ang 11.216487 11.216487
 804: relpos body (0.800000,45.000000), vel. ball:(0.000000,0.000000) dist: 1.161516 (0.300000,0.085000,0.776516)
 804: point good and can reach point 33.391988
(b)r: 0.8 phi: 45 vel: ( 0, 0 ) (805,0) rel: ( 0.565685, 0.565685 ), (805,0) global: ( -17.7317, 7.36761 ), (805,0), changes: -0.242, 36.1 last seen:(797,0) globalposderived: (797,0)
 805: ball (-17.731680,7.367612), agent (-18.176525,6.702697), to (-3.765672,17.819624) ang 11.216487 11.216487
 805: relpos body (0.800000,45.000000), vel. ball:(0.000000,0.000000) dist: 1.161516 (0.300000,0.085000,0.776516)
 805: point good and can reach point 128.488865
(b)r: 0.8 phi: 45.0455 vel: ( 0, 0 ) (805,0) rel: ( 0.565236, 0.566134 ), (805,0) global: ( -17.8338, 7.19521 ), (805,0), changes: -0.242, 36.1 last seen:(797,0) globalposderived: (797,0)
 805: ball (-17.833848,7.195213), agent (-18.176525,6.702697), to (1.447965,17.027213) ang 11.171033 11.171033
 805: relpos body (0.800000,45.045454), vel. ball:(0.000000,0.000000) dist: 1.161516 (0.300000,0.085000,0.776516)
 805: point too far, reposition ball (k_r = 0.803827)
 805: (kick 19.534529 -79.448139), vecDesired (0.156917,-0.393857) 0.000000 posDes(-17.676931,6.801357)
(b)r: 0.6 phi: 44 vel: ( 0, 0 ) (806,0) rel: ( 0.431604, 0.416795 ), (806,0) global: ( -17.8338, 7.19521 ), (806,0), changes: -0.242, 36.1 last seen:(797,0) globalposderived: (797,0)
 806: ball (-17.833848,7.195213), agent (-18.176525,6.702697), to (-14.252312,7.477650) ang 11.171033 11.171033
 806: relpos body (0.600000,44.000000), vel. ball:(0.000000,0.000000) dist: 1.161516 (0.300000,0.085000,0.776516)
 806: point good and can reach point 30.866323
(b)r: 0.812607 phi: 47.9313 vel: ( 0, 0 ) (806,0) rel: ( 0.544463, 0.603232 ), (806,0) global: ( -17.8199, 6.91605 ), (806,0), changes: -0.242, 36.1 last seen:(797,0) globalposderived: (797,0)
 806: ball (-17.819928,6.916049), agent (-18.249027,6.496675), to (-4.377373,18.278746) ang 11.343345 11.343345
 806: relpos body (0.812607,47.931327), vel. ball:(0.000000,0.000000) dist: 1.161516 (0.300000,0.085000,0.776516)
 806: point good and can reach point 129.801586
(b)r: 0.6 phi: 33 vel: ( 0, 0 ) (807,0) rel: ( 0.503202, 0.326783 ), (807,0) global: ( -17.8199, 6.91605 ), (807,0), changes: -0.242, 36.1 last seen:(797,0) globalposderived: (797,0)
 807: ball (-17.819928,6.916049), agent (-18.249027,6.496675), to (-14.327162,7.283427) ang 11.343345 11.343345
 807: relpos body (0.600000,33.000000), vel. ball:(0.000000,0.000000) dist: 1.161516 (0.300000,0.085000,0.776516)
 807: point good and can reach point 30.333446
(b)r: 0.6 phi: 33 vel: ( 0, 0 ) (808,0) rel: ( 0.503202, 0.326783 ), (808,0) global: ( -17.8199, 6.91605 ), (808,0), changes: -0.242, 36.1 last seen:(797,0) globalposderived: (797,0)
 808: ball (-17.819928,6.916049), agent (-18.249027,6.496675), to (-14.327162,7.283427) ang 11.343345 11.343345
 808: relpos body (0.600000,33.000000), vel. ball:(0.000000,0.000000) dist: 1.161516 (0.300000,0.085000,0.776516)
 808: point good and can reach point 30.333446
(b)r: 1.51025 phi: -30.0941 vel: ( -0.293424, -0.118967 ) (1315,0) rel: ( 1.30667, -0.757272 ), (1315,0) global: ( -17.9835, 7.19273 ), (1315,0), changes: -0.592, -4.1 last seen:(1313,0) globalposderived: (1313,0)
 1315: direction old: -51.382351, new: -43.458330
(b)r: 1.3 phi: -33 vel: ( -0.218704, -0.125914 ) (1315,0) rel: ( 1.09027, -0.708031 ), (1315,0) global: ( -18.0414, 7.55232 ), (1315,0), changes: -0.416, -20.5 last seen:(1315,0) globalposderived: (1315,0)
(b)r: 0.953572 phi: -23.0517 vel: ( -0.205582, -0.118359 ) (1316,0) rel: ( 0.877431, -0.373382 ), (1316,0) global: ( -18.2601, 7.4264 ), (1316,0), changes: -0.416, -20.5 last seen:(1315,0) globalposderived: (1315,0)
 1316: turnWithBall: kick ball away from opp at ang -9.855623
 1316: (kick 53.902115 160.554331), vecDesired (-0.703741,0.909656) -145.155337 posDes(-18.963812,8.336060)
 1316: direction old: -50.248204, new: -68.959171
(b)r: 1 phi: -29 vel: ( -0.239935, -0.116201 ) (1316,0) rel: ( 0.87462, -0.48481 ), (1316,0) global: ( -18.4639, 7.16977 ), (1316,0), changes: -0.08, -23 last seen:(1316,0) globalposderived: (1316,0)
 1316: turnWithBall: kick ball away from opp at ang -9.959171
 1316: (kick 57.510967 152.699570), vecDesired (-0.697154,0.974655) -150.000000 posDes(-19.161030,8.144428)
(b)r: 0.582816 phi: -134.211 vel: ( -0.738483, 0.777756 ) (1317,0) rel: ( -0.406397, -0.417751 ), (1317,0) global: ( -19.2495, 7.99717 ), (1317,0), changes: -0.08, -23 last seen:(1316,0) globalposderived: (1316,0)
 1317: turnWithBall: freeze ball
(b)r: 0.652277 phi: -138.435 vel: ( -0.00616342, 0.0196495 ) (1318,0) rel: ( -0.488039, -0.432763 ), (1318,0) global: ( -19.2561, 8.01808 ), (1318,0), changes: -0.08, -23 last seen:(1316,0) globalposderived: (1316,0)
 1318: turnWithBall: turn since ball will be kickable in t+1
 1318: 2 pos: ball(-19.146300,7.759247), ball_prev(-18.463876,7.169774), agentdiff(0.111224,-0.026213)
 1318: direction old: 179.404095, new: -158.996987
(b)r: 0.7 phi: -119 vel: ( -0.00616342, 0.0196495 ) (1318,0) rel: ( -0.339367, -0.612234 ), (1318,0) global: ( -19.1463, 7.75925 ), (1318,0), changes: -0.08, -23 last seen:(1318,0) globalposderived: (1318,0)
 1318: turnWithBall: turn since ball will be kickable in t+1
(b)r: 0.718034 phi: -163.733 vel: ( -0.00579362, 0.0184705 ) (1319,0) rel: ( -0.689287, -0.201135 ), (1319,0) global: ( -19.1525, 7.7789 ), (1319,0), changes: -0.08, -23 last seen:(1318,0) globalposderived: (1318,0)
 1319: kick results in collision, change velDes from (0.817748,0.064040)
 1319: ball (-19.152464,7.778896), agent (-18.470702,8.004224), to (-14.473192,8.145345) ang 2.021819 2.021819
 1319: relpos body (0.718034,-163.732643), vel. ball:(-0.005794,0.018471) dist: 1.161516 (0.300000,0.085000,0.776516)
 1319: point good and can reach point 60.493532
 1319: 2 pos: ball(-19.106356,7.711049), ball_prev(-19.146300,7.759247), agentdiff(-0.000002,-0.000008)
 1319: vel based on 2 pos: (0.037550,-0.045298)
 1319: direction old: -161.711405, new: -155.240550
(b)r: 0.7 phi: -157 vel: ( 0.0375498, -0.0452975 ) (1319,0) rel: ( -0.644353, -0.273512 ), (1319,0) global: ( -19.1064, 7.71105 ), (1319,0), changes: -0.08, -23 last seen:(1319,0) globalposderived: (1319,0)
 1319: kick results in collision, change velDes from (0.816966,0.073340)
 1319: ball (-19.106356,7.711049), agent (-18.470704,8.004216), to (-14.472590,8.127029) ang 1.759450 1.759450
 1319: relpos body (0.700000,-157.000000), vel. ball:(0.037550,-0.045298) dist: 1.161516 (0.300000,0.085000,0.776516)
 1319: point good and can reach point 55.084017
(b)r: 0.556713 phi: -32.0655 vel: ( 1.07041, 0.00731134 ) (1320,0) rel: ( 0.471782, -0.295553 ), (1320,0) global: ( -17.9676, 7.71883 ), (1320,0), changes: -0.08, -23 last seen:(1319,0) globalposderived: (1319,0)
 1320: ball (-17.967626,7.718827), agent (-18.448260,7.999755), to (-14.450146,8.122569) ang 1.759450 1.759450
 1320: relpos body (0.556713,-32.065510), vel. ball:(1.070406,0.007311) dist: 1.161516 (0.300000,0.085000,0.776516)
 1320: point good and can reach point 14.744667
(b)r: 1.23505 phi: -11.1481 vel: ( 0.693601, 0.0746866 ) (1321,0) rel: ( 1.21175, -0.238792 ), (1321,0) global: ( -17.2298, 7.79828 ), (1321,0), changes: -0.08, -23 last seen:(1319,0) globalposderived: (1319,0)
 1321: direction old: -9.407748, new: -35.239446
(b)r: 1.2 phi: -37 vel: ( 0.5839, -0.338133 ) (1321,0) rel: ( 0.958363, -0.722178 ), (1321,0) global: ( -17.4808, 7.30987 ), (1321,0), changes: 0.672, 2.9 last seen:(1321,0) globalposderived: (1321,0)
(b)r: 1.87299 phi: -1.82858 vel: ( 0.548866, -0.317845 ) (1322,0) rel: ( 1.87203, -0.0597656 ), (1322,0) global: ( -16.8969, 6.97174 ), (1322,0), changes: 0.672, 2.9 last seen:(1321,0) globalposderived: (1321,0)
 1322: direction old: -33.381123, new: -32.941522
(b)r: 1.8 phi: -2 vel: ( 0.54234, -0.308183 ) (1322,0) rel: ( 1.7989, -0.0628191 ), (1322,0) global: ( -16.9503, 7.02346 ), (1322,0), changes: 0.612, 1.3 last seen:(1322,0) globalposderived: (1322,0)
(b)r: 1.87396 phi: -1.47674 vel: ( 0.5098, -0.289692 ) (1323,0) rel: ( 1.87333, -0.048294 ), (1323,0) global: ( -16.4079, 6.71527 ), (1323,0), changes: 0.612, 1.3 last seen:(1322,0) globalposderived: (1322,0)
 1324: direction old: -34.577300, new: -32.165215
 1325: direction old: -31.619040, new: -31.165215
 1364: direction old: -41.474393, new: -55.741619
 1366: 2 pos: ball(-3.723315,0.723598), ball_prev(-2.378289,0.451254), agentdiff(0.700143,-0.321873)
 1366: direction old: -73.706967, new: -123.094246
(b)r: 1.6 phi: -81 vel: ( 0, 0 ) (1366,0) rel: ( 0.250295, -1.5803 ), (1366,0) global: ( -3.72332, 0.723598 ), (1366,0), changes: -0.324, -11.7 last seen:(1366,0) globalposderived: (1366,0)
(b)r: 1.55918 phi: -7.25643 vel: ( 0, 0 ) (1367,0) rel: ( 1.5467, -0.196941 ), (1367,0) global: ( -3.72332, 0.723598 ), (1367,0), changes: -0.324, -11.7 last seen:(1366,0) globalposderived: (1366,0)
 1367: direction old: -137.981756, new: -147.526523
(b)r: 1.61072 phi: -39.3904 vel: ( 0, 0 ) (1368,0) rel: ( 1.24483, -1.02216 ), (1368,0) global: ( -4.31926, 0.633053 ), (1368,0), changes: 0.52, -14 last seen:(1367,0) globalposderived: (1367,0)
(b)r: 1.47294 phi: 3.61531 vel: ( 0, 0 ) (1369,0) rel: ( 1.47001, 0.0928796 ), (1369,0) global: ( -4.31926, 0.633053 ), (1369,0), changes: 0.52, -14 last seen:(1367,0) globalposderived: (1367,0)
 1393: direction old: -166.520396, new: -158.309015
 1394: direction old: -153.070328, new: -155.172200
(b)r: 1.31981 phi: 31.0043 vel: ( 0, 0 ) (1395,0) rel: ( 1.13125, 0.679837 ), (1395,0) global: ( -21.9487, -0.334908 ), (1395,0), changes: 0, 0.1 last seen:(1394,0) globalposderived: (1394,0)
(b)r: 0.99257 phi: 12.1138 vel: ( 0, 0 ) (1396,0) rel: ( 0.970468, 0.208295 ), (1396,0) global: ( -21.9487, -0.334908 ), (1396,0), changes: 0, 0.1 last seen:(1394,0) globalposderived: (1394,0)
 1396: turnWithBall: kick ball away from opp at ang -99.036190
 1396: (kick 63.830107 -151.434162), vecDesired (0.534025,1.247835) -137.301309 posDes(-21.414713,0.912927)
 1396: direction old: -125.110244, new: -153.500684
(b)r: 1.31546 phi: -15.6345 vel: ( 0, 0 ) (1397,0) rel: ( 1.26679, -0.354517 ), (1397,0) global: ( -23.099, -0.317569 ), (1397,0), changes: 0.44, -5.3 last seen:(1396,0) globalposderived: (1396,0)
 1397: direction old: -155.525169, new: -158.713683
(b)r: 2 phi: -18 vel: ( -0.6348, -0.0517847 ) (1397,0) rel: ( 1.90211, -0.618034 ), (1397,0) global: ( -23.7229, -0.479321 ), (1397,0), changes: 0.64, -5.1 last seen:(1397,0) globalposderived: (1397,0)
 1402: direction old: -171.500444, new: -172.053859
 1403: direction old: -175.240217, new: -172.958124
 1411: direction old: 173.729088, new: 179.388538
 1412: direction old: -175.962361, new: 179.867590
(b)r: 1.93384 phi: 15.8341 vel: ( -0.0290733, -0.11714 ) (1598,0) rel: ( 1.86046, 0.527652 ), (1598,0) global: ( -4.87087, 6.963 ), (1598,0), changes: -0.48, -0.2 last seen:(1597,0) globalposderived: (1597,0)
 1598: direction old: 15.492435, new: 11.588877
(b)r: 1.0157 phi: 25.4413 vel: ( -0.0144102, -0.108793 ) (1599,0) rel: ( 0.917204, 0.436332 ), (1599,0) global: ( -4.89399, 6.70381 ), (1599,0), changes: -0.48, -0.7 last seen:(1598,0) globalposderived: (1598,0)
 1599: ball (-4.893992,6.703811), agent (-5.835533,6.322826), to (-1.842620,6.084826) ang -3.411123 -3.411123
 1599: relpos body (1.015701,25.441330), vel. ball:(-0.014410,-0.108793) dist: 1.161516 (0.300000,0.085000,0.776516)
 1599: point good and can reach point 33.195731
(b)r: 1.20635 phi: 17.059 vel: ( 0.623769, -0.129101 ) (1600,0) rel: ( 1.15328, 0.35389 ), (1600,0) global: ( -4.23041, 6.56647 ), (1600,0), changes: -0.48, -0.7 last seen:(1598,0) globalposderived: (1598,0)
 1600: direction old: 17.175679, new: 22.625287
(b)r: 0.4 phi: 26 vel: ( -0.0169178, -0.209575 ) (1600,0) rel: ( 0.359518, 0.175348 ), (1600,0) global: ( -4.91965, 6.39319 ), (1600,0), changes: -0.264, -14 last seen:(1600,0) globalposderived: (1600,0)
 1600: ball (-4.919655,6.393194), agent (-5.288871,6.239313), to (-1.295807,6.003850) ang -3.374713 -3.374713
 1600: relpos body (0.400000,26.000000), vel. ball:(-0.016918,-0.209575) dist: 1.161516 (0.300000,0.085000,0.776516)
 1600: point good and can reach point 28.936167
(b)r: 1.06915 phi: 6.88904 vel: ( 0.656049, -0.0830435 ) (1601,0) rel: ( 1.06143, 0.128241 ), (1601,0) global: ( -4.22173, 6.30485 ), (1601,0), changes: -0.264, -14 last seen:(1600,0) globalposderived: (1600,0)
 1601: direction old: 0.018061, new: 41.505696
(b)r: 0.4 phi: 45 vel: ( 0.000818154, 0.00206602 ) (1601,0) rel: ( 0.282843, 0.282843 ), (1601,0) global: ( -4.85391, 6.56963 ), (1601,0), changes: 0.008, -1 last seen:(1601,0) globalposderived: (1601,0)
 1601: ball (-4.853912,6.569634), agent (-5.153468,6.304556), to (-1.160904,6.060759) ang -3.494304 -3.494304
 1601: relpos body (0.400000,45.000000), vel. ball:(0.000818,0.002066) dist: 1.161516 (0.300000,0.085000,0.776516)
 1601: point good and can reach point 28.760466
(b)r: 0.2 phi: 129.754 vel: ( 0, 0 ) (1602,0) rel: ( -0.127898, 0.15376 ), (1602,0) global: ( -4.75324, 6.43556 ), (1602,0), changes: 0.008, -1 last seen:(1601,0) globalposderived: (1601,0)
 1602: ball (-4.753236,6.435558), agent (-4.634948,6.274288), to (-0.642384,6.030491) ang -3.494304 -3.494304
 1602: relpos body (0.200000,129.753643), vel. ball:(0.000000,0.000000) dist: 1.161516 (0.300000,0.085000,0.776516)
 1602: point good and can reach point 32.475117
(b)r: 0.64409 phi: 11.3942 vel: ( 0.71089, -0.0683796 ) (1603,0) rel: ( 0.631396, 0.127245 ), (1603,0) global: ( -3.99697, 6.36281 ), (1603,0), changes: 0.008, -1 last seen:(1601,0) globalposderived: (1601,0)
 1603: ball (-3.996970,6.362814), agent (-4.634948,6.274288), to (-0.642384,6.030491) ang -3.494304 -3.494304
 1603: relpos body (0.644090,11.394191), vel. ball:(0.710890,-0.068380) dist: 1.161516 (0.300000,0.085000,0.776516)
 1603: point good and can reach point 0.444066
 1603: 2 pos: ball(-4.799239,6.410754), ball_prev(-4.853912,6.569634), agentdiff(0.169278,-0.084287)
 1603: direction old: 20.239284, new: 146.503747
(b)r: 0.4 phi: 150 vel: ( 0.71089, -0.0683796 ) (1603,0) rel: ( -0.34641, 0.2 ), (1603,0) global: ( -4.79924, 6.41075 ), (1603,0), changes: 0.008, -1 last seen:(1603,0) globalposderived: (1603,0)
 1603: ball (-4.799239,6.410754), agent (-4.465670,6.190001), to (-0.473115,5.946068) ang -3.496253 -3.496253
 1603: relpos body (0.400000,150.000000), vel. ball:(0.710890,-0.068380) dist: 1.161516 (0.300000,0.085000,0.776516)
 1603: point good and can reach point 2.704699
(b)r: 0.442211 phi: 22.2891 vel: ( 0.707073, -0.073598 ) (1604,0) rel: ( 0.40917, 0.167722 ), (1604,0) global: ( -4.04703, 6.33246 ), (1604,0), changes: 0.008, -1 last seen:(1603,0) globalposderived: (1603,0)
 1604: ball (-4.047033,6.332458), agent (-4.465670,6.190001), to (12.258523,-13.742970) ang -3.496253 -3.496253
 1604: relpos body (0.442211,22.289087), vel. ball:(0.707073,-0.073598) dist: 1.161516 (0.300000,0.085000,0.776516)
 1604: pos (2.223986,-2.738175) too far, but can acc ball good to 3.019934 k=2.566684,0.502446
 1604: 2 pos: ball(-5.553598,6.352520), ball_prev(-4.799239,6.410754), agentdiff(0.000000,0.000000)
 1604: vel based on 2 pos: (-0.709098,-0.054740)
 1604: direction old: 18.792833, new: 171.503747
(b)r: 1.1 phi: 175 vel: ( -0.709098, -0.0547397 ) (1604,0) rel: ( -1.09581, 0.0958713 ), (1604,0) global: ( -5.5536, 6.35252 ), (1604,0), changes: 0.008, -1 last seen:(1604,0) globalposderived: (1604,0)
(b)r: 1.59841 phi: -130.902 vel: ( -0.0285661, -1.2263 ) (1605,0) rel: ( -1.04659, -1.20812 ), (1605,0) global: ( -5.58399, 5.04795 ), (1605,0), changes: 0.008, -1 last seen:(1604,0) globalposderived: (1604,0)
 1606: 2 pos: ball(-5.943199,3.699863), ball_prev(-5.553598,6.352520), agentdiff(-0.022390,-0.215809)
 1606: direction old: -117.582734, new: -122.611527
 1627: direction old: -91.796417, new: -112.639543
 1628: direction old: -122.227059, new: -136.135610
 1630: 2 pos: ball(-8.774069,-5.748208), ball_prev(-10.392221,-6.730013), agentdiff(0.029806,0.293134)
 1630: direction old: -153.605757, new: -81.538601
(b)r: 1.2 phi: 144 vel: ( 0, 0 ) (1630,0) rel: ( -0.97082, 0.705342 ), (1630,0) global: ( -8.77407, -5.74821 ), (1630,0), changes: 0.15, -20.4 last seen:(1630,0) globalposderived: (1630,0)
(b)r: 0.918912 phi: 133.236 vel: ( 0, 0 ) (1631,0) rel: ( -0.629458, 0.669464 ), (1631,0) global: ( -8.77407, -5.74821 ), (1631,0), changes: 0.15, -20.4 last seen:(1630,0) globalposderived: (1630,0)
 1631: 2 pos: ball(-7.671079,-5.496605), ball_prev(-8.774069,-5.748208), agentdiff(-0.157596,-0.227657)
 1631: vel based on 2 pos: (1.184951,0.450503)
 1631: direction old: -80.087008, new: -19.732175
(b)r: 1.3 phi: -154 vel: ( 1.18495, 0.450503 ) (1631,0) rel: ( -1.16843, -0.569882 ), (1631,0) global: ( -7.67108, -5.49661 ), (1631,0), changes: 0.15, -20.4 last seen:(1631,0) globalposderived: (1631,0)
 1844: direction old: 30.678672, new: 30.936831
(b)r: 0.89819 phi: 35.5043 vel: ( -0.492464, 0.086529 ) (1845,0) rel: ( 0.731191, 0.521636 ), (1845,0) global: ( -14.5653, 10.573 ), (1845,0), changes: -0.792, 10.7 last seen:(1844,0) globalposderived: (1844,0)
 1845: turnWithBall: kick ball away from opp at ang 11.986941
 1845: (kick 37.341773 -117.891876), vecDesired (-0.519480,-0.704939) 166.050109 posDes(-15.084784,9.868041)
(b)r: 0.501251 phi: 166.656 vel: ( -0.476602, -0.656136 ) (1846,0) rel: ( -0.487718, 0.115688 ), (1846,0) global: ( -15.0723, 9.87496 ), (1846,0), changes: -0.792, 10.7 last seen:(1844,0) globalposderived: (1844,0)
 1846: turnWithBall: freeze ball
 1846: 2 pos: ball(-14.957211,9.817557), ball_prev(-14.041406,10.480928), agentdiff(0.021942,-0.110397)
 1846: direction old: 179.875079, new: -171.909985
(b)r: 0.4 phi: 162 vel: ( -0.476602, -0.656136 ) (1846,0) rel: ( -0.380423, 0.123607 ), (1846,0) global: ( -14.9572, 9.81756 ), (1846,0), changes: -0.792, 10.7 last seen:(1846,0) globalposderived: (1846,0)
 1846: turnWithBall: freeze ball
(b)r: 0.2 phi: 165.357 vel: ( 0.000191987, 0.0022853 ) (1847,0) rel: ( -0.193504, 0.0505591 ), (1847,0) global: ( -14.7572, 9.83416 ), (1847,0), changes: -0.792, 10.7 last seen:(1846,0) globalposderived: (1846,0)
 1847: turnWithBall: turn since ball will be kickable in t+1
 1847: 2 pos: ball(-14.707407,9.782916), ball_prev(-14.957211,9.817557), agentdiff(0.442297,0.025917)
 1847: direction old: -174.131504, new: -168.769922
(b)r: 0.6 phi: 165 vel: ( 0.000191987, 0.0022853 ) (1847,0) rel: ( -0.579555, 0.155291 ), (1847,0) global: ( -14.7074, 9.78292 ), (1847,0), changes: -0.792, 