 0: change player from message 62 -> 1
 0: changed player from message 62 -> 1
 0: change player from message 63 -> 2
 0: changed player from message 63 -> 2
 0: change player from message 64 -> 3
 0: changed player from message 64 -> 3
 0: change player from message 65 -> 4
 0: changed player from message 65 -> 4
 0: change player from message 66 -> 5
 0: changed player from message 66 -> 5
 0: change player from message 67 -> 6
 0: changed player from message 67 -> 6
 0: change player from message 68 -> 7
 0: changed player from message 68 -> 7
 0: change player from message 69 -> 8
 0: changed player from message 69 -> 8
 0: change player from message 70 -> 9
 0: changed player from message 70 -> 9
 0: change player from message 71 -> 10
 0: changed player from message 71 -> 10
 151: Received coach message: online_coach_left (advice (0 (true) (do our {1} (home (pt 35 -22))) (do our {2} (home (pt 12 -15))) (do our {3} (home (pt 20 0))) (do our {4} (home (pt 35 22))) (do our {5} (home (pt 12 15))) (do our {6} (home (pt -12 -26))) (do our {7} (home (pt -50 0))) (do our {8} (home (pt -20 10))) (do our {9} (home (pt 0 0))) (do our {10} (home (pt -20 -10))) (do our {11} (home (pt -12 26))))))
 151: new home position for player 0: 35 -22
 151: new home position for player 1: 12 -15
 151: new home position for player 2: 20 0
 151: new home position for player 3: 35 22
 151: new home position for player 4: 12 15
 151: new home position for player 5: -12 -26
 151: new home position for player 6: -50 0
 151: new home position for player 7: -20 10
 151: new home position for player 8: 0 0
 151: new home position for player 9: -20 -10
 151: new home position for player 10: -12 26
 329: direction old: -9.485332, new: -8.244291
(b)r: 1.8 phi: -12 vel: ( -1.40731, -0.382264 ) (329,0) rel: ( 1.76067, -0.374241 ), (329,0) global: ( -17.0602, 5.44105 ), (329,0), changes: -1.512, -19.8 last seen:(329,0) globalposderived: (329,0)
(b)r: 0.700306 phi: -57.6683 vel: ( -1.32288, -0.359328 ) (330,0) rel: ( 0.374538, -0.591735 ), (330,0) global: ( -18.4676, 5.05879 ), (330,0), changes: -1.512, -19.8 last seen:(329,0) globalposderived: (329,0)
 330: ball (-18.467561,5.058789), agent (-18.680954,5.725792), to (-1.622072,-0.654283) ang -11.590762 -14.590762
 330: relpos body (0.700306,-60.668294), vel. ball:(-1.322875,-0.359328) dist: 0.995172 (0.300000,0.085000,0.610172)
 330: point good, but reposition ball since need 188.356348
 330: (kick 88.608793 41.472982), vecDesired (0.308720,0.578207) 0.000000 posDes(-18.158841,5.636996)
 330: 2 pos: ball(-18.290083,5.284767), ball_prev(-17.060248,5.441053), agentdiff(0.178109,0.225858)
 330: vel based on 2 pos: (-1.323468,-0.359216)
 330: direction old: -87.737000, new: -72.305276
(b)r: 0.7 phi: -58 vel: ( -1.32347, -0.359216 ) (330,0) rel: ( 0.370943, -0.593634 ), (330,0) global: ( -18.2901, 5.28477 ), (330,0), changes: -1.512, -19.8 last seen:(330,0) globalposderived: (330,0)
 330: ball (-18.290083,5.284767), agent (-18.502845,5.951649), to (-14.134253,0.871747) ang -11.305276 -14.305276
 330: relpos body (0.700000,-61.000000), vel. ball:(-1.323468,-0.359216) dist: 0.995172 (0.300000,0.085000,0.610172)
 330: point good, but reposition ball since need 139.056289
 330: (kick 88.770061 41.224841), vecDesired (0.309787,0.580690) 0.000000 posDes(-17.980296,5.865457)
(b)r: 0.46298 phi: -0.0801873 vel: ( 0.281307, 0.532205 ) (331,0) rel: ( 0.46298, -0.000647956 ), (331,0) global: ( -17.9908, 5.85094 ), (331,0), changes: -1.512, -19.8 last seen:(330,0) globalposderived: (330,0)
 331: ball (-17.990820,5.850942), agent (-18.439284,5.965967), to (-14.120432,0.849668) ang -11.305276 -14.305276
 331: relpos body (0.462980,-3.080187), vel. ball:(0.281307,0.532205) dist: 0.995172 (0.300000,0.085000,0.610172)
 331: point good and can reach point 90.694136
 332: direction old: -44.284021, new: -46.262353
 351: Received coach message: online_coach_left (advice (0 (true) (do our {1} (home (pt 20 0))) (do our {2} (home (pt 35 -22))) (do our {3} (home (pt 12 -15))) (do our {4} (home (pt 12 15))) (do our {5} (home (pt 35 22))) (do our {6} (home (pt 0 0))) (do our {7} (home (pt -12 -26))) (do our {8} (home (pt -20 -10))) (do our {9} (home (pt -20 10))) (do our {10} (home (pt -50 0))) (do our {11} (home (pt -12 26))))))
 351: new home position for player 0: 20 0
 351: new home position for player 1: 35 -22
 351: new home position for player 2: 12 -15
 351: new home position for player 3: 12 15
 351: new home position for player 4: 35 22
 351: new home position for player 5: 0 0
 351: new home position for player 6: -12 -26
 351: new home position for player 7: -20 -10
 351: new home position for player 8: -20 10
 351: new home position for player 9: -50 0
 351: new home position for player 10: -12 26
 651: Received coach message: online_coach_left (advice (0 (true) (do our {1} (home (pt 35 -22))) (do our {2} (home (pt 12 -15))) (do our {3} (home (pt 20 0))) (do our {4} (home (pt 12 15))) (do our {5} (home (pt 35 22))) (do our {6} (home (pt -50 0))) (do our {7} (home (pt -20 -10))) (do our {8} (home (pt -12 26))) (do our {9} (home (pt 0 0))) (do our {10} (home (pt -12 -26))) (do our {11} (home (pt -20 10))))))
 651: new home position for player 0: 35 -22
 651: new home position for player 1: 12 -15
 651: new home position for player 2: 20 0
 651: new home position for player 3: 12 15
 651: new home position for player 4: 35 22
 651: new home position for player 5: -50 0
 651: new home position for player 6: -20 -10
 651: new home position for player 7: -12 26
 651: new home position for player 8: 0 0
 651: new home position for player 9: -12 -26
 651: new home position for player 10: -20 10
 951: Received coach message: online_coach_left (advice (0 (true) (do our {1} (home (pt 35 -22))) (do our {2} (home (pt 12 -15))) (do our {3} (home (pt 20 0))) (do our {4} (home (pt 12 15))) (do our {5} (home (pt 35 22))) (do our {6} (home (pt -50 0))) (do our {7} (home (pt -12 -26))) (do our {8} (home (pt -20 10))) (do our {9} (home (pt 0 0))) (do our {10} (home (pt -20 -10))) (do our {11} (home (pt -12 26))))))
 951: new home position for player 0: 35 -22
 951: new home position for player 1: 12 -15
 951: new home position for player 2: 20 0
 951: new home position for player 3: 12 15
 951: new home position for player 4: 35 22
 951: new home position for player 5: -50 0
 951: new home position for player 6: -12 -26
 951: new home position for player 7: -20 10
 951: new home position for player 8: 0 0
 951: new home position for player 9: -20 -10
 951: new home position for player 10: -12 26
 1251: Received coach message: online_coach_left (advice (0 (true) (do our {1} (home (pt 35 22))) (do our {2} (home (pt 35 -22))) (do our {3} (home (pt 20 0))) (do our {4} (home (pt 12 15))) (do our {5} (home (pt -20 10))) (do our {6} (home (pt -20 -10))) (do our {7} (home (pt 12 -15))) (do our {8} (home (pt -12 26))) (do our {9} (home (pt 0 0))) (do our {10} (home (pt -12 -26))) (do our {11} (home (pt -50 0))))))
 1251: new home position for player 0: 35 22
 1251: new home position for player 1: 35 -22
 1251: new home position for player 2: 20 0
 1251: new home position for player 3: 12 15
 1251: new home position for player 4: -20 10
 1251: new home position for player 5: -20 -10
 1251: new home position for player 6: 12 -15
 1251: new home position for player 7: -12 26
 1251: new home position for player 8: 0 0
 1251: new home position for player 9: -12 -26
 1251: new home position for player 10: -50 0
 1574: Received coach message: online_coach_left (advice (0 (true) (do our {1} (home (pt 20 0))) (do our {2} (home (pt 35 -22))) (do our {3} (home (pt 12 -15))) (do our {4} (home (pt 12 15))) (do our {5} (home (pt 35 22))) (do our {6} (home (pt 0 0))) (do our {7} (home (pt -12 -26))) (do our {8} (home (pt -20 10))) (do our {9} (home (pt -50 0))) (do our {10} (home (pt -20 -10))) (do our {11} (home (pt -12 26))))))
 1574: new home position for player 0: 20 0
 1574: new home position for player 1: 35 -22
 1574: new home position for player 2: 12 -15
 1574: new home position for player 3: 12 15
 1574: new home position for player 4: 35 22
 1574: new home position for player 5: 0 0
 1574: new home position for player 6: -12 -26
 1574: new home position for player 7: -20 10
 1574: new home position for player 8: -50 0
 1574: new home position for player 9: -20 -10
 1574: new home position for player 10: -12 26
 1874: Received coach message: online_coach_left (advice (0 (true) (do our {1} (home (pt 35 -22))) (do our {2} (home (pt 12 -15))) (do our {3} (home (pt 20 0))) (do our {4} (home (pt 12 15))) (do our {5} (home (pt 35 22))) (do our {6} (home (pt -50 0))) (do our {7} (home (pt -20 -10))) (do our {8} (home (pt -20 10))) (do our {9} (home (pt 0 0))) (do our {10} (home (pt -12 -26))) (do our {11} (home (pt -12 26))))))
 1874: new home position for player 0: 35 -22
 1874: new home position for player 1: 12 -15
 1874: new home position for player 2: 20 0
 1874: new home position for player 3: 12 15
 1874: new home position for player 4: 35 22
 1874: new home position for player 5: -50 0
 1874: new home position for player 6: -20 -10
 1874: new home position for player 7: -20 10
 1874: new home position for player 8: 0 0
 1874: new home position for player 9: -12 -26
 1874: new home position for player 10: -12 26
 2016: direction old: -23.439540, new: -25.448727
(b)r: 1.8 phi: -14 vel: ( -0.771235, -0.0734249 ) (2016,0) rel: ( 1.74653, -0.435459 ), (2016,0) global: ( 0.350156, -14.627 ), (2016,0), changes: -0.792, -13.2 last seen:(2016,0) globalposderived: (2016,0)
(b)r: 1.09174 phi: -21.2861 vel: ( -0.72496, -0.0690194 ) (2017,0) rel: ( 1.01727, -0.39633 ), (2017,0) global: ( -0.421078, -14.7004 ), (2017,0), changes: -0.792, -13.2 last seen:(2016,0) globalposderived: (2016,0)
 2017: direction old: -37.272092, new: -48.064714
(b)r: 1.2 phi: -22 vel: ( -0.736164, -0.0860091 ) (2017,0) rel: ( 1.11262, -0.449528 ), (2017,0) global: ( -0.430309, -14.9757 ), (2017,0), changes: -0.456, -30.9 last seen:(2017,0) globalposderived: (2017,0)
(b)r: 0.970354 phi: -38.0241 vel: ( -0.691994, -0.0808485 ) (2018,0) rel: ( 0.764399, -0.597731 ), (2018,0) global: ( -1.16647, -15.0617 ), (2018,0), changes: -0.456, -30.9 last seen:(2017,0) globalposderived: (2017,0)
 2018: ball (-1.166474,-15.061740), agent (-1.200934,-14.091997), to (25.179552,8.496293) ang -49.940707 -49.940707
 2018: relpos body (0.970354,-38.024085), vel. ball:(-0.691994,-0.080849) dist: 0.995172 (0.300000,0.085000,0.610172)
 2018: point too far, reposition ball (k_r = 0.707357)
 2018: (kick 62.312682 84.696888), vecDesired (0.285764,0.597603) 0.000000 posDes(-0.880710,-14.464137)
(b)r: 0.504701 phi: -0.201235 vel: ( 0.271656, 0.547377 ) (2019,0) rel: ( 0.504698, -0.00177262 ), (2019,0) global: ( -0.877477, -14.4794 ), (2019,0), changes: -0.456, -30.9 last seen:(2017,0) globalposderived: (2017,0)
 2019: ball (-0.877477,-14.479424), agent (-1.200934,-14.091997), to (25.179552,8.496293) ang -49.940707 -49.940707
 2019: relpos body (0.504701,-0.201235), vel. ball:(0.271656,0.547377) dist: 0.995172 (0.300000,0.085000,0.610172)
 2019: pos (2.994451,2.640349) too far, but can acc ball good to 3.122196 k=2.566826,0.230903
 2019: direction old: -40.420189, new: -48.606247
(b)r: 0.4 phi: 0 vel: ( 0.256099, 0.523663 ) (2019,0) rel: ( 0.4, 0 ), (2019,0) global: ( -1.1447, -14.3266 ), (2019,0), changes: -0.216, 73.2 last seen:(2019,0) globalposderived: (2019,0)
 2019: ball (-1.144703,-14.326646), agent (-1.409195,-14.026573), to (25.179552,8.496293) ang -48.606247 -48.606247
 2019: relpos body (0.400000,0.000000), vel. ball:(0.256099,0.523663) dist: 0.995172 (0.300000,0.085000,0.610172)
 2019: pos (3.208962,2.782147) too far, but can acc ball good to 3.210248 k=2.683406,0.227900
 2020: 2 pos: ball(0.135712,-12.460284), ball_prev(-1.144703,-14.326646), agentdiff(0.000000,0.000000)
 2020: vel based on 2 pos: (1.203591,1.754380)
 2020: direction old: 32.800002, new: 45.393753
 2174: Received coach message: online_coach_left (advice (0 (true) (do our {1} (home (pt 35 22))) (do our {2} (home (pt 35 -22))) (do our {3} (home (pt 20 0))) (do our {4} (home (pt 12 15))) (do our {5} (home (pt -12 26))) (do our {6} (home (pt -20 -10))) (do our {7} (home (pt 12 -15))) (do our {8} (home (pt -50 0))) (do our {9} (home (pt 0 0))) (do our {10} (home (pt -12 -26))) (do our {11} (home (pt -20 10))))))
 2174: new home position for player 0: 35 22
 2174: new home position for player 1: 35 -22
 2174: new home position for player 2: 20 0
 2174: new home position for player 3: 12 15
 2174: new home position for player 4: -12 26
 2174: new home position for player 5: -20 -10
 2174: new home position for player 6: 12 -15
 2174: new home position for player 7: -50 0
 2174: new home position for player 8: 0 0
 2174: new home position for player 9: -12 -26
 2174: new home position for player 10: -20 10
 2472: Received coach message: online_coach_left (advice (0 (true) (do our {1} (home (pt 35 -22))) (do our {2} (home (pt 12 -15))) (do our {3} (home (pt 20 0))) (do our {4} (home (pt 12 15))) (do our {5} (home (pt 35 22))) (do our {6} (home (pt 0 0))) (do our {7} (home (pt -20 -10))) (do our {8} (home (pt -20 10))) (do our {9} (home (pt -50 0))) (do our {10} (home (pt -12 -26))) (do our {11} (home (pt -12 26))))))
 2472: new home position for player 0: 35 -22
 2472: new home position for player 1: 12 -15
 2472: new home position for player 2: 20 0
 2472: new home position for player 3: 12 15
 2472: new home position for player 4: 35 22
 2472: new home position for player 5: 0 0
 2472: new home position for player 6: -20 -10
 2472: new home position for player 7: -20 10
 2472: new home position for player 8: -50 0
 2472: new home position for player 9: -12 -26
 2472: new home position for player 10: -12 26
 2688: direction old: -118.420922, new: -123.527903
 2689: direction old: -85.744640, new: -86.332257
 2701: direction old: -74.998919, new: -76.121770
 2703: direction old: -99.432498, new: -98.939554
 2704: direction old: -108.831566, new: -107.824572
 2716: direction old: -157.188966, new: -156.284972
 2718: direction old: -158.386847, new: -157.193579
 2719: direction old: -155.682568, new: -157.962001
 2721: direction old: -161.226962, new: -160.039117
(b)r: 1.5 phi: -8 vel: ( 0.242412, 0.0951073 ) (2721,0) rel: ( 1.4854, -0.20876 ), (2721,0) global: ( -23.6118, -14.7694 ), (2721,0), changes: -0.39, -0.6 last seen:(2721,0) globalposderived: (2721,0)
(b)r: 0.816373 phi: -8.98477 vel: ( 0.227867, 0.0894008 ) (2722,0) rel: ( 0.806356, -0.127494 ), (2722,0) global: ( -23.3694, -14.6742 ), (2722,0), changes: -0.39, -0.6 last seen:(2721,0) globalposderived: (2721,0)
 2722: ball (-23.369433,-14.674247), agent (-22.597426,-14.408783), to (19.324377,-25.521481) ang -155.039117 -152.039117
 2722: relpos body (0.816373,-5.984766), vel. ball:(0.227867,0.089401) dist: 0.995172 (0.300000,0.085000,0.610172)
 2722: point too far, reposition ball (k_r = 0.814946)
 2722: (kick 3.434704 53.741179), vecDesired (0.213061,0.015290) 0.000000 posDes(-23.156372,-14.658957)
 2722: 2 pos: ball(-25.274003,-12.239792), ball_prev(-23.611845,-14.769354), agentdiff(-0.194029,0.484665)
 2722: vel based on 2 pos: (-1.380042,1.922203)
 2722: direction old: -127.614430, new: 145.844418
 2743: Received coach message: online_coach_left (advice (0 (true) (do our {1} (home (pt 20 0))) (do our {2} (home (pt 35 -22))) (do our {3} (home (pt 12 -15))) (do our {4} (home (pt 12 15))) (do our {5} (home (pt 35 22))) (do our {6} (home (pt -12 -26))) (do our {7} (home (pt -20 -10))) (do our {8} (home (pt 0 0))) (do our {9} (home (pt -20 10))) (do our {10} (home (pt -50 0))) (do our {11} (home (pt -12 26))))))
 2743: new home position for player 0: 20 0
 2743: new home position for player 1: 35 -22
 2743: new home position for player 2: 12 -15
 2743: new home position for player 3: 12 15
 2743: new home position for player 4: 35 22
 2743: new home position for player 5: -12 -26
 2743: new home position for player 6: -20 -10
 2743: new home position for player 7: 0 0
 2743: new home position for player 8: -20 10
 2743: new home position for player 9: -50 0
 2743: new home position for player 10: -12 26
(b)r: 1.38198 phi: -16.8815 vel: ( -0.877965, 0.0469309 ) (2856,0) rel: ( 1.32243, -0.401318 ), (2856,0) global: ( 0.235101, -15.5497 ), (2856,0), changes: -1.02, -8.6 last seen:(2854,0) globalposderived: (2854,0)
 2856: direction old: -61.985028, new: -66.292984
(b)r: 1.5 phi: -18 vel: ( -0.912696, 0.0261146 ) (2856,0) rel: ( 1.42658, -0.463525 ), (2856,0) global: ( 0.16764, -15.6628 ), (2856,0), changes: -0.39, -33.4 last seen:(2856,0) globalposderived: (2856,0)
(b)r: 1.38242 phi: 3.44748 vel: ( 0, 0 ) (2857,0) rel: ( 1.37992, 0.0831299 ), (2857,0) global: ( -0.745056, -15.6367 ), (2857,0), changes: -0.39, -33.4 last seen:(2856,0) globalposderived: (2856,0)
 2857: direction old: -102.941700, new: -104.498032
(b)r: 1.3 phi: 6 vel: ( 0, 0 ) (2857,0) rel: ( 1.29288, 0.135887 ), (2857,0) global: ( -0.7609, -15.548 ), (2857,0), changes: 0.208, -35.3 last seen:(2857,0) globalposderived: (2857,0)
(b)r: 1.3 phi: 0 vel: ( 0, 0 ) (2858,0) rel: ( 1.3, 0 ), (2858,0) global: ( -0.7609, -15.548 ), (2858,0), changes: 0.208, -35.3 last seen:(2857,0) globalposderived: (2857,0)
(b)r: 0.2 phi: -2.84217e-14 vel: ( 0, 0 ) (2859,0) rel: ( 0.2, -9.92105e-17 ), (2859,0) global: ( -0.558887, -14.7667 ), (2859,0), changes: 0.208, -35.3 last seen:(2857,0) globalposderived: (2857,0)
 2859: ball (-0.558887,-14.766725), agent (-0.508818,-14.573093), to (21.830432,-7.718940) ang -104.498032 -104.498032
 2859: relpos body (0.200000,-0.000000), vel. ball:(0.000000,0.000000) dist: 0.995172 (0.300000,0.085000,0.610172)
 2859: pos (3.162908,0.995631) too far, but can acc ball good to 2.904655 k=2.904655,-0.000000
 2859: direction old: -122.689474, new: -106.661212
(b)r: 1.1 phi: 0 vel: ( -0.0192806, -0.0297261 ) (2859,0) rel: ( 1.1, 0 ), (2859,0) global: ( -0.717979, -15.577 ), (2859,0), changes: 0.044, -0.5 last seen:(2859,0) globalposderived: (2859,0)
(b)r: 0.2 phi: -0.646322 vel: ( 0.00181238, 0.00279425 ) (2860,0) rel: ( 0.199987, -0.00225604 ), (2860,0) global: ( -0.54359, -14.9852 ), (2860,0), changes: 0.044, -0.5 last seen:(2859,0) globalposderived: (2859,0)
 2860: ball (-0.543590,-14.985209), agent (-0.484090,-14.794265), to (21.830432,-7.718940) ang -106.661212 -106.661212
 2860: relpos body (0.200000,-0.646322), vel. ball:(0.001812,0.002794) dist: 0.995172 (0.300000,0.085000,0.610172)
 2860: pos (3.153764,1.024228) too far, but can acc ball good to 2.904818 k=2.902232,0.002098
 2860: direction old: -131.428186, new: -141.873335
(b)r: 1.2 phi: -35 vel: ( 0, 0 ) (2860,0) rel: ( 0.982982, -0.688292 ), (2860,0) global: ( -1.2877, -15.4996 ), (2860,0), changes: 0.384, -19.2 last seen:(2860,0) globalposderived: (2860,0)
(b)r: 0.981007 phi: 0 vel: ( 0, 0 ) (2861,0) rel: ( 0.981007, 0 ), (2861,0) global: ( -1.2877, -15.4996 ), (2861,0), changes: 0.384, -19.2 last seen:(2860,0) globalposderived: (2860,0)
 2861: ball (-1.287697,-15.499608), agent (-0.426727,-15.029389), to (21.830432,-7.718940) ang -107.358857 -151.358857
 2861: relpos body (0.981007,-44.000000), vel. ball:(0.000000,0.000000) dist: 0.995172 (0.300000,0.085000,0.610172)
 2861: point too far, reposition ball (k_r = 0.694693)
 2861: (kick 38.423803 108.865365), vecDesired (0.720455,0.018948) 0.000000 posDes(-0.567242,-15.480660)
(b)r: 0.981007 phi: 0 vel: ( 0, 0 ) (2862,0) rel: ( 0.981007, 0 ), (2862,0) global: ( -1.2877, -15.4996 ), (2862,0), changes: 0.384, -19.2 last seen:(2860,0) globalposderived: (2860,0)
 2862: ball (-1.287697,-15.499608), agent (-0.426727,-15.029389), to (21.830432,-7.718940) ang -107.358857 -151.358857
 2862: relpos body (0.981007,-44.000000), vel. ball:(0.000000,0.000000) dist: 0.995172 (0.300000,0.085000,0.610172)
 2862: point too far, reposition ball (k_r = 0.694693)
 2862: (kick 38.228449 108.123767), vecDesired (0.716976,0.009572) 0.000000 posDes(-0.570721,-15.490035)
 2862: direction old: -156.151091, new: 174.521986
 2863: direction old: 175.308438, new: 169.290440
 3073: Received coach message: online_coach_left (advice (0 (true) (do our {1} (home (pt 35 -22))) (do our {2} (home (pt 12 -15))) (do our {3} (home (pt 20 0))) (do our {4} (home (pt 35 22))) (do our {5} (home (pt 12 15))) (do our {6} (home (pt 0 0))) (do our {7} (home (pt -20 -10))) (do our {8} (home (pt -20 10))) (do our {9} (home (pt -50 0))) (do our {10} (home (pt -12 -26))) (do our {11} (home (pt -12 26))))))
 3073: new home position for player 0: 35 -22
 3073: new home position for player 1: 12 -15
 3073: new home position for player 2: 20 0
 3073: new home position for player 3: 35 22
 3073: new home position for player 4: 12 15
 3073: new home position for player 5: 0 0
 3073: new home position for player 6: -20 -10
 3073: new home position for player 7: -20 10
 3073: new home position for player 8: -50 0
 3073: new home position for player 9: -12 -26
 3073: new home position for player 10: -12 26
(b)r: 1.55486 phi: 155.333 vel: ( -0.26508, -1.59048 ) (3265,0) rel: ( -1.41297, 0.648907 ), (3265,0) global: ( -0.582, -1.492 ), (3265,0), changes: 0.074, 36.3 last seen:(3262,0) globalposderived: (3255,0)
(b)r: 0.510092 phi: 147.804 vel: ( -0.249175, -1.49505 ) (3266,0) rel: ( -0.431656, 0.271785 ), (3266,0) global: ( -0.84708, -3.08248 ), (3266,0), changes: 0.074, 36.3 last seen:(3262,0) globalposderived: (3255,0)
 3266: ball (-0.847080,-3.082480), agent (-1.087593,-3.532311), to (-0.231824,-0.228514) ang -85.936369 -85.936369
 3266: relpos body (0.510092,147.804104), vel. ball:(-0.249175,-1.495051) dist: 0.995172 (0.300000,0.085000,0.610172)
 3266: point good, but reposition ball since need 171.304175
 3266: (kick 19.342059 167.700378), vecDesired (-0.193556,-1.110792) 0.000000 posDes(-1.040636,-4.193272)
 3266: direction old: 58.717776, new: -73.132056
(b)r: 1.3 phi: 12 vel: ( -0.364561, -2.35936 ) (3266,0) rel: ( 1.27159, 0.270285 ), (3266,0) global: ( -0.702746, -4.70984 ), (3266,0), changes: 1.976, -43.9 last seen:(3266,0) globalposderived: (3266,0)
 3374: Received coach message: online_coach_left (advice (0 (true) (do our {1} (home (pt 35 22))) (do our {2} (home (pt 12 -15))) (do our {3} (home (pt 35 -22))) (do our {4} (home (pt 20 0))) (do our {5} (home (pt 12 15))) (do our {6} (home (pt 0 0))) (do our {7} (home (pt -20 -10))) (do our {8} (home (pt -20 10))) (do our {9} (home (pt -50 0))) (do our {10} (home (pt -12 -26))) (do our {11} (home (pt -12 26))))))
 3374: new home position for player 0: 35 22
 3374: new home position for player 1: 12 -15
 3374: new home position for player 2: 35 -22
 3374: new home position for player 3: 20 0
 3374: new home position for player 4: 12 15
 3374: new home position for player 5: 0 0
 3374: new home position for player 6: -20 -10
 3374: new home position for player 7: -20 10
 3374: new home position for player 8: -50 0
 3374: new home position for player 9: -12 -26
 3374: new home position for player 10: -12 26
 3482: direction old: -151.289337, new: -149.714321
(b)r: 1.57759 phi: 38.4092 vel: ( 1.51862, -0.159997 ) (3483,0) rel: ( 1.23619, 0.980112 ), (3483,0) global: ( -22.7623, -11.7825 ), (3483,0), changes: -1.458, 21.1 last seen:(3482,0) globalposderived: (3482,0)
 3483: direction old: -103.424138, new: -111.730598
(b)r: 1.6 phi: 35 vel: ( 1.47189, -0.176304 ) (3483,0) rel: ( 1.31064, 0.917722 ), (3483,0) global: ( -22.9467, -11.5593 ), (3483,0), changes: -0.384, 51.7 last seen:(3483,0) globalposderived: (3483,0)
(b)r: 1.90173 phi: 49.5796 vel: ( 1.38358, -0.165726 ) (3484,0) rel: ( 1.23306, 1.4478 ), (3484,0) global: ( -21.4748, -11.7356 ), (3484,0), changes: -0.384, 51.7 last seen:(3483,0) globalposderived: (3483,0)
(b)r: 1.46615 phi: -22.4968 vel: ( -0.877527, 0.232692 ) (3491,0) rel: ( 1.35458, -0.560997 ), (3491,0) global: ( -20.6532, -11.9546 ), (3491,0), changes: -0.962, -6.4 last seen:(3489,0) globalposderived: (3489,0)
 3491: direction old: -75.515855, new: -74.881334
(b)r: 1.5 phi: -25 vel: ( -0.984842, 0.287738 ) (3491,0) rel: ( 1.35946, -0.633927 ), (3491,0) global: ( -20.6481, -11.9076 ), (3491,0), changes: -0.57, -34.8 last seen:(3491,0) globalposderived: (3491,0)
(b)r: 1.29627 phi: -44.1724 vel: ( -0.925751, 0.270474 ) (3492,0) rel: ( 0.929743, -0.903266 ), (3492,0) global: ( -21.633, -11.6199 ), (3492,0), changes: -0.57, -34.8 last seen:(3491,0) globalposderived: (3491,0)
 3492: direction old: -119.947739, new: -120.541584
(b)r: 1.2 phi: -45 vel: ( -0.889224, 0.260585 ) (3492,0) rel: ( 0.848528, -0.848528 ), (3492,0) global: ( -21.5958, -11.5304 ), (3492,0), changes: 0.216, -42.1 last seen:(3492,0) globalposderived: (3492,0)
(b)r: 1.68656 phi: -28.4616 vel: ( -0.835871, 0.24495 ) (3493,0) rel: ( 1.48272, -0.803762 ), (3493,0) global: ( -22.485, -11.2698 ), (3493,0), changes: 0.216, -42.1 last seen:(3492,0) globalposderived: (3492,0)
 3494: direction old: -167.258271, new: -165.130087
 3524: direction old: 114.587770, new: 117.066008
 3525: direction old: 119.943748, new: 117.277142
(b)r: 1.42479 phi: -7.28822 vel: ( 0, 0 ) (3526,0) rel: ( 1.41328, -0.18075 ), (3526,0) global: ( -23.8978, -5.49964 ), (3526,0), changes: -0.264, -0.3 last seen:(3525,0) globalposderived: (3525,0)
(b)r: 1.19787 phi: 1.80631 vel: ( 0, 0 ) (3527,0) rel: ( 1.19728, 0.037758 ), (3527,0) global: ( -23.8978, -5.49964 ), (3527,0), changes: -0.264, -0.3 last seen:(3525,0) globalposderived: (3525,0)
 3527: direction old: 114.941692, new: 112.100408
(b)r: 1.2 phi: 0 vel: ( 0, 0 ) (3527,0) rel: ( 1.2, 0 ), (3527,0) global: ( -23.9396, -5.26873 ), (3527,0), changes: -0.072, -0.5 last seen:(3527,0) globalposderived: (3527,0)
(b)r: 0.58124 phi: -1.0649 vel: ( 0, 0 ) (3528,0) rel: ( 0.581139, -0.0108023 ), (3528,0) global: ( -23.9396, -5.26873 ), (3528,0), changes: -0.072, -0.5 last seen:(3527,0) globalposderived: (3527,0)
 3528: ball (-23.939575,-5.268726), agent (-23.730941,-5.811230), to (-1000.000000,-1000.000000) ang 112.100408 112.100408
 3528: relpos body (0.581240,-1.064895), vel. ball:(0.000000,0.000000) dist: 0.995172 (0.300000,0.085000,0.610172)
 3528: pos (-65.619107,-66.874320) too far, but can acc ball good to 2.478917 k=2.478917,0.000000
 3528: direction old: 101.808202, new: 109.951806
(b)r: 0.6 phi: -2 vel: ( 0, 0 ) (3528,0) rel: ( 0.599634, -0.0209397 ), (3528,0) global: ( -23.9944, -5.42166 ), (3528,0), changes: -0.192, -1.1 last seen:(3528,0) globalposderived: (3528,0)
 3528: ball (-23.994432,-5.421664), agent (-23.789694,-5.985652), to (-1000.000000,-1000.000000) ang 111.951806 111.951806
 3528: relpos body (0.600000,-2.000000), vel. ball:(0.000000,0.000000) dist: 0.995172 (0.300000,0.085000,0.610172)
 3528: pos (-65.622368,-66.871120) too far, but can acc ball good to 2.454657 k=2.454657,0.000000
 3614: direction old: -23.027807, new: -56.599859
(b)r: 1.99895 phi: 0 vel: ( -0.665601, -0.0920911 ) (3615,0) rel: ( 1.99895, 0 ), (3615,0) global: ( -20.613, -12.6862 ), (3615,0), changes: -0.308, -16.8 last seen:(3614,0) globalposderived: (3614,0)
 3615: direction old: -75.426568, new: -75.344977
(b)r: 2 phi: 3 vel: ( -0.667122, -0.0921275 ) (3615,0) rel: ( 1.99726, 0.104672 ), (3615,0) global: ( -20.6099, -12.6865 ), (3615,0), changes: -0.08, -19.2 last seen:(3615,0) globalposderived: (3615,0)
 3617: direction old: -114.853863, new: -113.614502
 3618: direction old: -124.754079, new: -126.369572
 3680: Received coach message: online_coach_left (advice (0 (true) (do our {1} (home (pt 35 22))) (do our {2} (home (pt 35 -22))) (do our {3} (home (pt 12 -15))) (do our {4} (home (pt 20 0))) (do our {5} (home (pt 12 15))) (do our {6} (home (pt 0 0))) (do our {7} (home (pt -12 -26))) (do our {8} (home (pt -20 -10))) (do our {9} (home (pt -20 10))) (do our {10} (home (pt -50 0))) (do our {11} (home (pt -12 26))))))
 3680: new home position for player 0: 35 22
 3680: new home position for player 1: 35 -22
 3680: new home position for player 2: 12 -15
 3680: new home position for player 3: 20 0
 3680: new home position for player 4: 12 15
 3680: new home position for player 5: 0 0
 3680: new home position for player 6: -12 -26
 3680: new home position for player 7: -20 -10
 3680: new home position for player 8: -20 10
 3680: new home position for player 9: -50 0
 3680: new home position for player 10: -12 26
 3980: Received coach message: online_coach_left (advice (0 (true) (do our {1} (home (pt -50 0))) (do our {2} (home (pt 35 -22))) (do our {3} (home (pt 12 -15))) (do our {4} (home (pt 20 0))) (do our {5} (home (pt 35 22))) (do our {6} (home (pt 12 15))) (do our {7} (home (pt 0 0))) (do our {8} (home (pt -20 10))) (do our {9} (home (pt -20 -10))) (do our {10} (home (pt -12 -26))) (do our {11} (home (pt -12 26))))))
 3980: new home position for player 0: -50 0
 3980: new home position for player 1: 35 -22
 3980: new home position for player 2: 12 -15
 3980: new home position for player 3: 20 0
 3980: new home position for player 4: 35 22
 3980: new home position for player 5: 12 15
 3980: new home position for player 6: 0 0
 3980: new home position for player 7: -20 10
 3980: new home position for player 8: -20 -10
 3980: new home position for player 9: -12 -26
 3980: new home position for player 10: -12 26
 4038: direction old: -179.336280, new: -178.490395
(b)r: 0.2 phi: -155.354 vel: ( -0.164174, -0.0165382 ) (4039,0) rel: ( -0.181781, -0.0834015 ), (4039,0) global: ( -4.11516, -1.19327 ), (4039,0), changes: -1.98, -3.8 last seen:(4038,0) globalposderived: (4038,0)
 4039: ball (-4.115156,-1.193271), agent (-4.288089,-1.293740), to (-18.326401,-0.808193) ang -174.490395 -174.490395
 4039: relpos body (0.200000,-155.354189), vel. ball:(-0.164174,-0.016538) dist: 0.995172 (0.300000,0.085000,0.610172)
 4039: point good, but reposition ball since need 105.851280
 4039: (kick 20.959339 9.908690), vecDesired (-0.633350,-0.145932) 0.000000 posDes(-4.748506,-1.339203)
 4039: 2 pos: ball(-4.019269,-1.250943), ball_prev(-5.700993,-1.275850), agentdiff(-0.076469,-0.159133)
 4039: direction old: 46.147969, new: 30.319762
(b)r: 0.4 phi: -155 vel: ( -0.164174, -0.0165382 ) (4039,0) rel: ( -0.362523, -0.169047 ), (4039,0) global: ( -4.01927, -1.25094 ), (4039,0), changes: -1.98, -3.8 last seen:(4039,0) globalposderived: (4039,0)
 4039: ball (-4.019269,-1.250943), agent (-4.364558,-1.452873), to (-17.849790,-0.821587) ang -174.680238 -174.680238
 4039: relpos body (0.400000,-155.000000), vel. ball:(-0.164174,-0.016538) dist: 0.995172 (0.300000,0.085000,0.610172)
 4039: point good, but reposition ball since need 116.929365
 4039: (kick 32.415684 14.346528), vecDesired (-0.805854,-0.245867) 0.000000 posDes(-4.825123,-1.496810)
(b)r: 0.487781 phi: -0.728289 vel: ( -0.751044, -0.224745 ) (4040,0) rel: ( 0.487742, -0.00620004 ), (4040,0) global: ( -4.81825, -1.49003 ), (4040,0), changes: -1.98, -3.8 last seen:(4039,0) globalposderived: (4039,0)
 4040: ball (-4.818252,-1.490033), agent (-4.332036,-1.450986), to (-17.559000,-0.809867) ang -174.680238 -174.680238
 4040: relpos body (0.487781,-0.728289), vel. ball:(-0.751044,-0.224745) dist: 0.995172 (0.300000,0.085000,0.610172)
 4040: point good and can reach point 67.595645
 4041: direction old: -177.732448, new: -178.470936
 4270: Received coach message: online_coach_left (advice (0 (true) (do our {1} (home (pt -50 0))) (do our {2} (home (pt 35 -22))) (do our {3} (home (pt 12 -15))) (do our {4} (home (pt 20 0))) (do our {5} (home (pt 35 22))) (do our {6} (home (pt 12 15))) (do our {7} (home (pt -20 -10))) (do our {8} (home (pt -12 26))) (do our {9} (home (pt 0 0))) (do our {10} (home (pt -12 -26))) (do our {11} (home (pt -20 10))))))
 4270: new home position for player 0: -50 0
 4270: new home position for player 1: 35 -22
 4270: new home position for player 2: 12 -15
 4270: new home position for player 3: 20 0
 4270: new home position for player 4: 35 22
 4270: new home position for player 5: 12 15
 4270: new home position for player 6: -20 -10
 4270: new home position for player 7: -12 26
 4270: new home position for player 8: 0 0
 4270: new home position for player 9: -12 -26
 4270: new home position for player 10: -20 10
 4542: Received coach message: online_coach_left (advice (0 (true) (do our {1} (home (pt -50 0))) (do our {2} (home (pt 12 -15))) (do our {3} (home (pt 35 -22))) (do our {4} (home (pt 20 0))) (do our {5} (home (pt 35 22))) (do our {6} (home (pt 0 0))) (do our {7} (home (pt -20 -10))) (do our {8} (home (pt 12 15))) (do our {9} (home (pt -20 10))) (do our {10} (home (pt -12 -26))) (do our {11} (home (pt -12 26))))))
 4542: new home position for player 0: -50 0
 4542: new home position for player 1: 12 -15
 4542: new home position for player 2: 35 -22
 4542: new home position for player 3: 20 0
 4542: new home position for player 4: 35 22
 4542: new home position for player 5: 0 0
 4542: new home position for player 6: -20 -10
 4542: new home position for player 7: 12 15
 4542: new home position for player 8: -20 10
 4542: new home position for player 9: -12 -26
 4542: new home position for player 10: -12 26
 4895: Received coach message: online_coach_left (advice (0 (true) (do our {1} (home (pt -50 0))) (do our {2} (home (pt 12 -15))) (do our {3} (home (pt 35 -22))) (do our {4} (home (pt 20 0))) (do our {5} (home (pt 35 22))) (do our {6} (home (pt 12 15))) (do our {7} (home (pt -20 -10))) (do our {8} (home (pt -20 10))) (do our {9} (home (pt 0 0))) (do our {10} (home (pt -12 -26))) (do our {11} (home (pt -12 26))))))
 4895: new home position for player 0: -50 0
 4895: new home position for player 1: 12 -15
 4895: new home position for player 2: 35 -22
 4895: new home position for player 3: 20 0
 4895: new home position for player 4: 35 22
 4895: new home position for player 5: 12 15
 4895: new home position for player 6: -20 -10
 4895: new home position for player 7: -20 10
 4895: new home position for player 8: 0 0
 4895: new home position for player 9: -12 -26
 4895: new home position for player 10: -12 26
 5195: Received coach message: online_coach_left (advice (0 (true) (do our {1} (home (pt -50 0))) (do our {2} (home (pt 35 -22))) (do our {3} (home (pt 20 0))) (do our {4} (home (pt 12 15))) (do our {5} (home (pt 35 22))) (do our {6} (home (pt 0 0))) (do our {7} (home (pt 12 -15))) (do our {8} (home (pt -20 10))) (do our {9} (home (pt -20 -10))) (do our {10} (home (pt -12 -26))) (do our {11} (home (pt -12 26))))))
 5195: new home position for player 0: -50 0
 5195: new home position for player 1: 35 -22
 5195: new home position for player 2: 20 0
 5195: new home position for player 3: 12 15
 5195: new home position for player 4: 35 22
 5195: new home position for player 5: 0 0
 5195: new home position for player 6: 12 -15
 5195: new home position for player 7: -20 10
 5195: new home position for player 8: -20 -10
 5195: new home position for player 9: -12 -26
 5195: new home position for player 10: -12 26
 5520: Received coach message: online_coach_left (advice (0 (true) (do our {1} (home (pt -50 0))) (do our {2} (home (pt 35 -22))) (do our {3} (home (pt 20 0))) (do our {4} (home (pt 12 15))) (do our {5} (home (pt 35 22))) (do our {6} (home (pt 0 0))) (do our {7} (home (pt 12 -15))) (do our {8} (home (pt -12 26))) (do our {9} (home (pt -20 -10))) (do our {10} (home (pt -12 -26))) (do our {11} (home (pt -20 10))))))
 5520: new home position for player 0: -50 0
 5520: new home position for player 1: 35 -22
 5520: new home position for player 2: 20 0
 5520: new home position for player 3: 12 15
 5520: new home position for player 4: 35 22
 5520: new home position for player 5: 0 0
 5520: new home position for player 6: 12 -15
 5520: new home position for player 7: -12 26
 5520: new home position for player 8: -20 -10
 5520: new home position for player 9: -12 -26
 5520: new home position for player 10: -20 10
 5814: Received coach message: online_coach_left (advice (0 (true) (do our {1} (home (pt -50 0))) (do our {2} (home (pt 12 -15))) (do our {3} (home (pt 35 -22))) (do our {4} (home (pt 20 0))) (do our {5} (home (pt 35 22))) (do our {6} (home (pt 0 0))) (do our {7} (home (pt -20 -10))) (do our {8} (home (pt 12 15))) (do our {9} (home (pt -20 10))) (do our {10} (home (pt -12 -26))) (do our {11} (home (pt -12 26))))))
 5814: new home position for player 0: -50 0
 5814: new home position for player 1: 12 -15
 5814: new home position for player 2: 35 -22
 5814: new home position for player 3: 20 0
 5814: new home position for player 4: 35 22
 5814: new home position for player 5: 0 0
 5814: new home position for player 6: -20 -10
 5814: new home position for player 7: 12 15
 5814: new home position for player 8: -20 10
 5814: new home position for player 9: -12 -26
 5814: new home position for player 10: -12 26
(b)r: 1.90764 phi: 6.42951 vel: ( -0.338833, 0.0748105 ) (5896,0) rel: ( 1.89564, 0.213619 ), (5896,0) global: ( -15.233, -8.68795 ), (5896,0), changes: -0.396, 4 last seen:(5894,0) globalposderived: (5894,0)
 5896: direction old: 32.221161, new: 34.457471
(b)r: 2 phi: 7 vel: ( -0.330203, 0.0761477 ) (5896,0) rel: ( 1.98509, 0.243739 ), (5896,0) global: ( -15.213, -8.58306 ), (5896,0), changes: -0.28, 7.4 last seen:(5896,0) globalposderived: (5896,0)
(b)r: 1.72709 phi: 8.3517 vel: ( -0.310391, 0.0715789 ) (5897,0) rel: ( 1.70878, 0.250859 ), (5897,0) global: ( -15.5432, -8.50691 ), (5897,0), changes: -0.28, 7.4 last seen:(5896,0) globalposderived: (5896,0)
 5897: direction old: 41.497864, new: 42.892540
(b)r: 1.6 phi: 9 vel: ( -0.302729, 0.0672662 ) (5897,0) rel: ( 1.5803, 0.250295 ), (5897,0) global: ( -15.6849, -8.58026 ), (5897,0), changes: -0.192, 9.1 last seen:(5897,0) globalposderived: (5897,0)
(b)r: 1.41922 phi: 10.8128 vel: ( -0.284566, 0.0632302 ) (5898,0) rel: ( 1.39402, 0.266246 ), (5898,0) global: ( -15.9876, -8.513 ), (5898,0), changes: -0.192, 9.1 last seen:(5897,0) globalposderived: (5897,0)
(b)r: 1.32905 phi: 10.9995 vel: ( -0.267492, 0.0594364 ) (5899,0) rel: ( 1.30463, 0.253582 ), (5899,0) global: ( -16.2722, -8.44977 ), (5899,0), changes: -0.192, 9.1 last seen:(5897,0) globalposderived: (5897,0)
 5899: direction old: 67.205752, new: 64.361753
(b)r: 1.3 phi: 12 vel: ( -0.260569, 0.0617462 ) (5899,0) rel: ( 1.27159, 0.270285 ), (5899,0) global: ( -16.2504, -8.56452 ), (5899,0), changes: -0.052, 11.3 last seen:(5899,0) globalposderived: (5899,0)
(b)r: 1.27016 phi: 11.887 vel: ( -0.244935, 0.0580414 ) (5900,0) rel: ( 1.24292, 0.261631 ), (5900,0) global: ( -16.511, -8.50277 ), (5900,0), changes: -0.052, 11.3 last seen:(5899,0) globalposderived: (5899,0)
 5900: direction old: 76.248783, new: 76.976744
(b)r: 1.3 phi: 13 vel: ( -0.249575, 0.0584202 ) (5900,0) rel: ( 1.26668, 0.292436 ), (5900,0) global: ( -16.52, -8.46996 ), (5900,0), changes: 0, 11.5 last seen:(5900,0) globalposderived: (5900,0)
(b)r: 1.32569 phi: 11.1483 vel: ( -0.2346, 0.054915 ) (5901,0) rel: ( 1.30068, 0.25632 ), (5901,0) global: ( -16.7695, -8.41154 ), (5901,0), changes: 0, 11.5 last seen:(5900,0) globalposderived: (5900,0)
(b)r: 1.39308 phi: 9.76475 vel: ( -0.220524, 0.0516201 ) (5902,0) rel: ( 1.3729, 0.236272 ), (5902,0) global: ( -17.0041, -8.35663 ), (5902,0), changes: 0, 11.5 last seen:(5900,0) globalposderived: (5900,0)
 5902: direction old: 97.889747, new: 98.227882
(b)r: 1.5 phi: 10 vel: ( -0.243483, 0.0557286 ) (5902,0) rel: ( 1.47721, 0.260472 ), (5902,0) global: ( -17.0276, -8.25197 ), (5902,0), changes: 0.09, 8.9 last seen:(5902,0) globalposderived: (5902,0)
(b)r: 1.60698 phi: 8.33689 vel: ( -0.228874, 0.0523849 ) (5903,0) rel: ( 1.59, 0.233001 ), (5903,0) global: ( -17.2711, -8.19624 ), (5903,0), changes: 0.09, 8.9 last seen:(5902,0) globalposderived: (5902,0)
 5903: direction old: 106.564770, new: 106.271536
(b)r: 1.5 phi: 9 vel: ( -0.226747, 0.0559148 ) (5903,0) rel: ( 1.48153, 0.234652 ), (5903,0) global: ( -17.2332, -8.29661 ), (5903,0), changes: 0.12, 7.6 last seen:(5903,0) globalposderived: (5903,0)
(b)r: 1.62977 phi: 7.11969 vel: ( -0.213142, 0.0525599 ) (5904,0) rel: ( 1.61721, 0.201998 ), (5904,0) global: ( -17.4599, -8.2407 ), (5904,0), changes: 0.12, 7.6 last seen:(5903,0) globalposderived: (5903,0)
(b)r: 1.77128 phi: 5.66217 vel: ( -0.200354, 0.0494063 ) (5905,0) rel: ( 1.76263, 0.174759 ), (5905,0) global: ( -17.6731, -8.18814 ), (5905,0), changes: 0.12, 7.6 last seen:(5903,0) globalposderived: (5903,0)
 5905: direction old: 119.053390, new: 119.718475
(b)r: 1.8 phi: 6 vel: ( -0.205444, 0.0475192 ) (5905,0) rel: ( 1.79014, 0.188151 ), (5905,0) global: ( -17.7052, -8.17328 ), (5905,0), changes: 0.144, 5.1 last seen:(5905,0) globalposderived: (5905,0)
(b)r: 1.42009 phi: 16.1818 vel: ( -0.193117, 0.044668 ) (5906,0) rel: ( 1.36383, 0.395759 ), (5906,0) global: ( -17.9107, -8.12576 ), (5906,0), changes: 0.144, 5.1 last seen:(5905,0) globalposderived: (5905,0)
 5906: direction old: 132.444035, new: 129.718515
(b)r: 1.5 phi: 16 vel: ( -0.197732, 0.0421239 ) (5906,0) rel: ( 1.44189, 0.413456 ), (5906,0) global: ( -17.94, -7.98801 ), (5906,0), changes: 0, 7.2 last seen:(5906,0) globalposderived: (5906,0)
(b)r: 1.51573 phi: 3.16537 vel: ( -0.185868, 0.0395964 ) (5907,0) rel: ( 1.51342, 0.0836955 ), (5907,0) global: ( -18.1377, -7.94588 ), (5907,0), changes: 0, 7.2 last seen:(5906,0) globalposderived: (5906,0)
(b)r: 1.07026 phi: 10.9061 vel: ( -0.174716, 0.0372207 ) (5908,0) rel: ( 1.05093, 0.202493 ), (5908,0) global: ( -18.3236, -7.90629 ), (5908,0), changes: 0, 7.2 last seen:(5906,0) globalposderived: (5906,0)
 5908: direction old: 145.134761, new: 145.238411
(b)r: 1 phi: 11 vel: ( -0.173577, 0.0398187 ) (5908,0) rel: ( 0.981627, 0.190809 ), (5908,0) global: ( -18.1859, -8.00445 ), (5908,0), changes: -0.02, 5.9 last seen:(5908,0) globalposderived: (5908,0)
(b)r: 0.97917 phi: 2.35989 vel: ( -0.163163, 0.0374296 ) (5909,0) rel: ( 0.97834, 0.0403185 ), (5909,0) global: ( -18.3594, -7.96463 ), (5909,0), changes: -0.02, 5.9 last seen:(5908,0) globalposderived: (5908,0)
 5909: ball (-18.359448,-7.964629), agent (-17.500109,-8.434001), to (-18.362714,-0.442107) ang 148.996699 148.996699
 5909: relpos body (0.979170,2.359892), vel. ball:(-0.163163,0.037430) dist: 0.995172 (0.300000,0.085000,0.610172)
 5909: point good, but reposition ball since need 105.519278
 5909: (kick 29.822575 -169.761780), vecDesired (0.403984,-0.177614) 0.000000 posDes(-17.955464,-8.142243)
 5909: direction old: 158.102222, new: 150.558784
(b)r: 1 phi: 2 vel: ( -0.161239, 0.0376725 ) (5909,0) rel: ( 0.999391, 0.0348995 ), (5909,0) global: ( -18.4448, -7.78885 ), (5909,0), changes: 0.1, 3.6 last seen:(5909,0) globalposderived: (5909,0)
(b)r: 0.588852 phi: 13.5506 vel: ( -0.151565, 0.0354121 ) (5910,0) rel: ( 0.57246, 0.137971 ), (5910,0) global: ( -18.606, -7.75118 ), (5910,0), changes: 0.1, 3.6 last seen:(5909,0) globalposderived: (5909,0)
 5910: ball (-18.605994,-7.751181), agent (-18.045616,-7.932076), to (-18.308496,-0.436850) ang 148.558784 148.558784
 5910: relpos body (0.588852,13.550635), vel. ball:(-0.151565,0.035412) dist: 0.995172 (0.300000,0.085000,0.610172)
 5910: point good and can reach point 88.857050
 5911: 2 pos: ball(-18.698477,-5.975844), ball_prev(-18.444755,-7.788853), agentdiff(-0.083978,-0.327878)
 5911: direction old: 96.166321, new: 100.951039
