 139: direction old: 98.011904, new: 91.356016
 140: 2 pos: ball(8.486316,7.763891), ball_prev(9.716442,9.246709), agentdiff(-0.026930,0.169281)
 140: vel based on 2 pos: (-1.131004,-1.552973)
 140: direction old: 90.711825, new: 147.047737
(b)r: 1.5 phi: 56 vel: ( -1.131, -1.55297 ) (140,0) rel: ( 0.838789, 1.24356 ), (140,0) global: ( 8.48632, 7.76389 ), (140,0), changes: -0.216, -1 last seen:(140,0) globalposderived: (140,0)
 341: direction old: 77.568276, new: 77.737396
(b)r: 1.48488 phi: 0.0413053 vel: ( 0, 0 ) (342,0) rel: ( 1.48488, 0.00107047 ), (342,0) global: ( 2.58521, -11.1129 ), (342,0), changes: -0.352, -0.2 last seen:(341,0) globalposderived: (341,0)
(b)r: 0.643718 phi: 0.116549 vel: ( 0, 0 ) (343,0) rel: ( 0.643717, 0.00130943 ), (343,0) global: ( 2.58521, -11.1129 ), (343,0), changes: -0.352, -0.2 last seen:(341,0) globalposderived: (341,0)
 343: ball (2.585215,-11.112854), agent (2.465422,-11.745328), to (0.897102,-0.949813) ang 77.158511 79.158511
 343: relpos body (0.643718,2.116549), vel. ball:(0.000000,0.000000) dist: 1.084558 (0.300000,0.085000,0.699558)
 343: point good and can reach point 94.839246
(b)r: 0.689529 phi: -5.78727 vel: ( 0, 0 ) (343,0) rel: ( 0.686014, -0.0695288 ), (343,0) global: ( 2.16336, -10.7956 ), (343,0), changes: -0.352, -0.2 last seen:(-1,0) globalposderived: (341,0)
 343: ball (2.163361,-10.795618), agent (2.381373,-11.771564), to (0.737944,-0.895023) ang 76.592312 78.592312
 343: relpos body (0.689529,-3.787270), vel. ball:(0.000000,0.000000) dist: 1.084558 (0.300000,0.085000,0.699558)
 343: point good and can reach point 96.840235
(b)r: 0.689529 phi: -5.78727 vel: ( 0, 0 ) (344,0) rel: ( 0.686014, -0.0695288 ), (343,0) global: ( 2.16336, -10.7956 ), (344,0), changes: -0.352, -0.2 last seen:(-1,0) globalposderived: (341,0)
 344: ball (2.163361,-10.795618), agent (2.474048,-11.382787), to (0.763550,-0.961065) ang 76.592312 76.592312
 344: relpos body (0.689529,-5.787270), vel. ball:(0.000000,0.000000) dist: 1.084558 (0.300000,0.085000,0.699558)
 344: point good and can reach point 97.144833
 628: direction old: -57.063856, new: -56.699891
(b)r: 1.74128 phi: -11.9574 vel: ( 0.228814, 1.69551 ) (629,0) rel: ( 1.70349, -0.360767 ), (629,0) global: ( 11.4476, -17.0522 ), (629,0), changes: -1.458, 26 last seen:(628,0) globalposderived: (628,0)
 629: direction old: -13.875640, new: -13.817819
(b)r: 1.8 phi: -13 vel: ( 0.265766, 1.64836 ) (629,0) rel: ( 1.75387, -0.404912 ), (629,0) global: ( 11.5932, -17.0863 ), (629,0), changes: -0.108, 53.6 last seen:(629,0) globalposderived: (629,0)
 913: direction old: -108.626961, new: -105.082799
 914: direction old: -89.726032, new: -91.654957
(b)r: 1.70469 phi: 0.132946 vel: ( 0.475312, 0.0169042 ) (916,0) rel: ( 1.70468, 0.00395547 ), (916,0) global: ( 9.52461, -16.2409 ), (916,0), changes: -0.05, 12.5 last seen:(914,0) globalposderived: (914,0)
 916: direction old: -71.701466, new: -75.827205
(b)r: 1.6 phi: 0 vel: ( 0.454316, -0.00397882 ) (916,0) rel: ( 1.6, 0 ), (916,0) global: ( 9.39606, -16.2188 ), (916,0), changes: -0.128, 12 last seen:(916,0) globalposderived: (916,0)
(b)r: 1.52035 phi: 23.7168 vel: ( 0.427057, -0.00374009 ) (917,0) rel: ( 1.39195, 0.61151 ), (917,0) global: ( 9.85037, -16.2228 ), (917,0), changes: -0.128, 12 last seen:(916,0) globalposderived: (916,0)
 917: direction old: -70.781600, new: -62.493469
(b)r: 1.6 phi: 26 vel: ( 0.431053, -0.00999624 ) (917,0) rel: ( 1.43807, 0.701394 ), (917,0) global: ( 10.1576, -16.4034 ), (917,0), changes: 0.096, 13.1 last seen:(917,0) globalposderived: (917,0)
(b)r: 1.72093 phi: 1.02498 vel: ( 0.40519, -0.00939647 ) (918,0) rel: ( 1.72066, 0.0307847 ), (918,0) global: ( 10.5886, -16.4134 ), (918,0), changes: 0.096, 13.1 last seen:(917,0) globalposderived: (917,0)
(b)r: 1.55718 phi: -0.877667 vel: ( 0.380879, -0.00883268 ) (919,0) rel: ( 1.557, -0.0238523 ), (919,0) global: ( 10.9938, -16.4228 ), (919,0), changes: 0.096, 13.1 last seen:(917,0) globalposderived: (917,0)
 919: direction old: -44.389876, new: -44.529585
(b)r: 1.6 phi: 2 vel: ( 0.377406, -0.0139595 ) (919,0) rel: ( 1.59903, 0.0558392 ), (919,0) global: ( 10.9786, -16.4134 ), (919,0), changes: 0.064, 7.4 last seen:(919,0) globalposderived: (919,0)
(b)r: 1.31403 phi: -1.62785 vel: ( 0.354762, -0.013122 ) (920,0) rel: ( 1.3135, -0.0373282 ), (920,0) global: ( 11.356, -16.4273 ), (920,0), changes: 0.064, 7.4 last seen:(919,0) globalposderived: (919,0)
 920: direction old: -39.857587, new: -40.562807
(b)r: 1.3 phi: -2 vel: ( 0.362147, -0.0220346 ) (920,0) rel: ( 1.29921, -0.0453693 ), (920,0) global: ( 11.3357, -16.4312 ), (920,0), changes: 0.026, 7.2 last seen:(920,0) globalposderived: (920,0)
(b)r: 1.32495 phi: 11.3573 vel: ( 0.340418, -0.0207125 ) (921,0) rel: ( 1.299, 0.260918 ), (921,0) global: ( 11.6978, -16.4532 ), (921,0), changes: 0.026, 7.2 last seen:(920,0) globalposderived: (920,0)
(b)r: 1.65048 phi: 6.64257 vel: ( 0.319993, -0.0194698 ) (922,0) rel: ( 1.6394, 0.190919 ), (922,0) global: ( 12.0382, -16.4739 ), (922,0), changes: 0.026, 7.2 last seen:(920,0) globalposderived: (920,0)
 922: direction old: -28.418430, new: -28.015273
(b)r: 1.5 phi: 8 vel: ( 0.320767, -0.0162928 ) (922,0) rel: ( 1.4854, 0.20876 ), (922,0) global: ( 12.0188, -16.4514 ), (922,0), changes: 0.3, 5.3 last seen:(922,0) globalposderived: (922,0)
(b)r: 1.4013 phi: 0 vel: ( 0.301521, -0.0153152 ) (923,0) rel: ( 1.4013, 0 ), (923,0) global: ( 12.3396, -16.4677 ), (923,0), changes: 0.3, 5.3 last seen:(922,0) globalposderived: (922,0)
 923: direction old: -22.461579, new: -18.849929
(b)r: 1.3 phi: 2 vel: ( 0.291547, -0.00827895 ) (923,0) rel: ( 1.29921, 0.0453693 ), (923,0) global: ( 12.295, -16.3607 ), (923,0), changes: 0.286, 3.7 last seen:(923,0) globalposderived: (923,0)
(b)r: 1.58095 phi: -20.7121 vel: ( 0.274055, -0.00778221 ) (924,0) rel: ( 1.47877, -0.559137 ), (924,0) global: ( 12.5866, -16.369 ), (924,0), changes: 0.286, 3.7 last seen:(923,0) globalposderived: (923,0)
(b)r: 1.43198 phi: -17.6647 vel: ( 0.257611, -0.00731528 ) (925,0) rel: ( 1.36446, -0.43453 ), (925,0) global: ( 12.8606, -16.3768 ), (925,0), changes: 0.286, 3.7 last seen:(923,0) globalposderived: (923,0)
 925: direction old: 1.018874, new: -3.368193
(b)r: 1.5 phi: -5 vel: ( 0.269367, -0.00850409 ) (925,0) rel: ( 1.49429, -0.130734 ), (925,0) global: ( 12.9768, -16.4894 ), (925,0), changes: 0.3, 0 last seen:(925,0) globalposderived: (925,0)
(b)r: 1.40115 phi: 0.85549 vel: ( 0.253205, -0.00799384 ) (926,0) rel: ( 1.40099, 0.0209199 ), (926,0) global: ( 13.2461, -16.498 ), (926,0), changes: 0.3, 0 last seen:(925,0) globalposderived: (925,0)
 926: direction old: 9.601764, new: 2.807681
(b)r: 1.3 phi: 1 vel: ( 0.251434, -0.0100387 ) (926,0) rel: ( 1.2998, 0.0226881 ), (926,0) global: ( 13.2424, -16.6546 ), (926,0), changes: 0.078, 2.6 last seen:(926,0) globalposderived: (926,0)
(b)r: 1.37438 phi: -39.3443 vel: ( 0.236348, -0.00943636 ) (927,0) rel: ( 1.06288, -0.871325 ), (927,0) global: ( 13.4939, -16.6646 ), (927,0), changes: 0.078, 2.6 last seen:(926,0) globalposderived: (926,0)
(b)r: 1.1114 phi: -41.038 vel: ( 0.222167, -0.00887017 ) (928,0) rel: ( 0.838302, -0.729702 ), (928,0) global: ( 13.7302, -16.674 ), (928,0), changes: 0.078, 2.6 last seen:(926,0) globalposderived: (926,0)
 928: 2 pos: ball(13.563421,-17.419720), ball_prev(13.242433,-16.654554), agentdiff(-0.154454,0.008843)
 928: direction old: 2.219677, new: -32.405732
(b)r: 1.3 phi: -76 vel: ( 0, 0 ) (928,0) rel: ( 0.314498, -1.26138 ), (928,0) global: ( 13.5634, -17.4197 ), (928,0), changes: 0.078, 2.6 last seen:(928,0) globalposderived: (928,0)
(b)r: 1.0409 phi: 0 vel: ( 0, 0 ) (929,0) rel: ( 1.0409, 0 ), (929,0) global: ( 13.5634, -17.4197 ), (929,0), changes: 0.078, 2.6 last seen:(928,0) globalposderived: (928,0)
 929: ball (13.563421,-17.419720), agent (12.857104,-16.655134), to (1.226705,-0.757005) ang 7.731467 -47.268533
 929: relpos body (1.040901,-55.000000), vel. ball:(0.000000,0.000000) dist: 1.084558 (0.300000,0.085000,0.699558)
 929: point good, but reposition ball since need 159.434074
 929: (kick 46.179207 98.029237), vecDesired (-0.233413,0.827030) 0.000000 posDes(13.330008,-16.592690)
 929: direction old: -50.332392, new: -38.557695