 0: change player from message 62 -> 1
 0: changed player from message 62 -> 1
 0: change player from message 63 -> 2
 0: changed player from message 63 -> 2
 0: change player from message 64 -> 3
 0: changed player from message 64 -> 3
 0: change player from message 65 -> 4
 0: changed player from message 65 -> 4
 0: change player from message 66 -> 5
 0: changed player from message 66 -> 5
 0: change player from message 67 -> 6
 0: changed player from message 67 -> 6
 0: change player from message 68 -> 7
 0: changed player from message 68 -> 7
 0: change player from message 69 -> 8
 0: changed player from message 69 -> 8
 0: change player from message 70 -> 9
 0: changed player from message 70 -> 9
 0: change player from message 71 -> 10
 0: changed player from message 71 -> 10
 318: direction old: -63.694467, new: -63.309515
 319: direction old: -68.990063, new: -68.235486
(b)r: 1.77795 phi: 9.59708 vel: ( -0.231333, -0.0771069 ) (321,0) rel: ( 1.75307, 0.296418 ), (321,0) global: ( -18.7236, -15.1625 ), (321,0), changes: 0, -5.2 last seen:(319,0) globalposderived: (319,0)
 321: direction old: -67.339187, new: -75.702472
(b)r: 1.8 phi: 9 vel: ( -0.230714, -0.0817713 ) (321,0) rel: ( 1.77784, 0.281582 ), (321,0) global: ( -18.9295, -15.3489 ), (321,0), changes: -0.252, -7 last seen:(321,0) globalposderived: (321,0)
(b)r: 1.57489 phi: -8.72234 vel: ( -0.216871, -0.076865 ) (322,0) rel: ( 1.55668, -0.238826 ), (322,0) global: ( -19.1602, -15.4307 ), (322,0), changes: -0.252, -7 last seen:(321,0) globalposderived: (321,0)
 322: direction old: -91.963221, new: -84.038711
(b)r: 1.5 phi: -8 vel: ( -0.211405, -0.0691021 ) (322,0) rel: ( 1.4854, -0.20876 ), (322,0) global: ( -18.9443, -15.1682 ), (322,0), changes: -0.06, -8.4 last seen:(322,0) globalposderived: (322,0)
(b)r: 1.45967 phi: -8.47116 vel: ( -0.198721, -0.064956 ) (323,0) rel: ( 1.44374, -0.215026 ), (323,0) global: ( -19.1557, -15.2373 ), (323,0), changes: -0.06, -8.4 last seen:(322,0) globalposderived: (322,0)
(b)r: 1.52249 phi: -7.10219 vel: ( -0.186798, -0.0610587 ) (324,0) rel: ( 1.5108, -0.188239 ), (324,0) global: ( -19.3544, -15.3023 ), (324,0), changes: -0.06, -8.4 last seen:(322,0) globalposderived: (322,0)
 324: direction old: -103.373272, new: -100.897957
(b)r: 1.6 phi: -10 vel: ( 0, 0 ) (324,0) rel: ( 1.57569, -0.277837 ), (324,0) global: ( -19.3246, -15.4756 ), (324,0), changes: 0.096, -6.6 last seen:(324,0) globalposderived: (324,0)
(b)r: 1.10412 phi: -13.6351 vel: ( 0, 0 ) (325,0) rel: ( 1.073, -0.260283 ), (325,0) global: ( -19.3246, -15.4756 ), (325,0), changes: 0.096, -6.6 last seen:(324,0) globalposderived: (324,0)
 325: direction old: -94.133758, new: -87.553304
(b)r: 0.9 phi: 3 vel: ( 0.287637, 0.12912 ) (325,0) rel: ( 0.898767, 0.0471024 ), (325,0) global: ( -19.2111, -15.3371 ), (325,0), changes: -0.306, 19.7 last seen:(325,0) globalposderived: (325,0)
 325: turnWithBall: kick ball away from opp at ang -64.553304
 325: (kick 52.444272 -151.440800), vecDesired (-0.267121,1.172209) -154.000000 posDes(-19.478260,-14.164849)
(b)r: 0.2 phi: 66.8553 vel: ( 0, 0 ) (326,0) rel: ( 0.0786109, 0.183903 ), (326,0) global: ( -19.0791, -15.1397 ), (326,0), changes: -0.306, 19.7 last seen:(325,0) globalposderived: (325,0)
 326: turnWithBall: kick ball away from opp at ang -31.269631
 326: (kick 27.694551 -119.960031), vecDesired (-0.621749,0.366433) -120.716327 posDes(-19.700807,-14.773228)
(b)r: 0.212995 phi: 60.4493 vel: ( 0, 0 ) (327,0) rel: ( 0.105048, 0.185289 ), (327,0) global: ( -19.0791, -15.1397 ), (327,0), changes: -0.306, 19.7 last seen:(325,0) globalposderived: (325,0)
 327: turnWithBall: kick ball away from opp at ang 18.492904
 327: (kick 25.672697 -85.544430), vecDesired (-0.670793,-0.045757) -70.953792 posDes(-19.749850,-15.185418)
(b)r: 0.278442 phi: 56.3136 vel: ( 0, 0 ) (327,0) rel: ( 0.154437, 0.231688 ), (327,0) global: ( -18.8599, -15.3807 ), (327,0), changes: -0.306, 19.7 last seen:(325,0) globalposderived: (325,0)
 327: turnWithBall: kick ball away from opp at ang -41.480118
 327: (kick 43.409131 -131.368147), vecDesired (-0.833959,0.746911) -131.000000 posDes(-19.693891,-14.633793)
(b)r: 0.6 phi: 49 vel: ( 0, 0 ) (328,0) rel: ( 0.393635, 0.452826 ), (328,0) global: ( -18.8599, -15.3807 ), (328,0), changes: -0.306, 19.7 last seen:(325,0) globalposderived: (325,0)
 328: turnWithBall: kick ball away from opp at ang -27.934035
 328: (kick 47.332604 -124.761702), vecDesired (-0.902359,0.637531) -117.453917 posDes(-19.762290,-14.743173)
(b)r: 0.6 phi: 49 vel: ( 0, 0 ) (328,0) rel: ( 0.393635, 0.452826 ), (328,0) global: ( -19.3519, -15.682 ), (328,0), changes: -0.306, 19.7 last seen:(325,0) globalposderived: (325,0)
 328: turnWithBall: kick ball away from opp at ang -93.480118
 328: (kick 51.947248 177.000000), vecDesired (0.073606,1.210332) 177.000000 posDes(-19.278329,-14.471666)
(b)r: 0.7 phi: -3 vel: ( 0, 0 ) (329,0) rel: ( 0.699041, -0.0366352 ), (329,0) global: ( -19.3519, -15.682 ), (329,0), changes: -0.306, 19.7 last seen:(325,0) globalposderived: (325,0)
 329: turnWithBall: kick ball away from opp at ang -69.768692
 329: (kick 49.021161 -173.002837), vecDesired (-0.134760,1.179654) -159.288574 posDes(-19.486694,-14.502344)
(b)r: 0.7 phi: -3 vel: ( 0, 0 ) (330,0) rel: ( 0.699041, -0.0366352 ), (330,0) global: ( -19.3519, -15.682 ), (330,0), changes: -0.306, 19.7 last seen:(325,0) globalposderived: (325,0)
 330: turnWithBall: kick ball away from opp at ang -93.480118
 330: (kick 50.063320 177.000000), vecDesired (0.073606,1.210332) 177.000000 posDes(-19.278329,-14.471666)
 993: direction old: 54.189276, new: 72.086917
 994: direction old: 75.012037, new: 93.944105
 996: direction old: 130.839818, new: 130.016178
 1008: 2 pos: ball(-14.217306,-0.508350), ball_prev(-11.170069,0.572422), agentdiff(-0.512441,0.221062)
 1008: direction old: 56.293567, new: 131.669963
(b)r: 2 phi: 66 vel: ( 0, 0 ) (1008,0) rel: ( 0.813473, 1.82709 ), (1008,0) global: ( -14.2173, -0.50835 ), (1008,0), changes: -0.09, 9.8 last seen:(1008,0) globalposderived: (1008,0)
(b)r: 1.87444 phi: -9.80708 vel: ( 0, 0 ) (1009,0) rel: ( 1.84705, -0.319275 ), (1009,0) global: ( -14.2173, -0.50835 ), (1009,0), changes: -0.09, 9.8 last seen:(1008,0) globalposderived: (1008,0)
 1009: direction old: 144.383861, new: 161.212077
 1027: direction old: -156.185972, new: -156.152334
(b)r: 1.82717 phi: -1.04389 vel: ( 0, 0 ) (1028,0) rel: ( 1.82686, -0.0332879 ), (1028,0) global: ( -21.4337, -5.43131 ), (1028,0), changes: -0.108, 0.7 last seen:(1027,0) globalposderived: (1027,0)
(b)r: 1.03386 phi: -2.61386 vel: ( 0, 0 ) (1029,0) rel: ( 1.03278, -0.0471486 ), (1029,0) global: ( -21.4337, -5.43131 ), (1029,0), changes: -0.108, 0.7 last seen:(1027,0) globalposderived: (1027,0)
 1029: direction old: -158.057789, new: -171.014759
(b)r: 1.24577 phi: -28.2673 vel: ( 0, 0 ) (1030,0) rel: ( 1.09721, -0.589979 ), (1030,0) global: ( -22.4498, -5.35716 ), (1030,0), changes: 0.4, -12.4 last seen:(1029,0) globalposderived: (1029,0)
 1030: direction old: -163.184039, new: 178.144840
 1035: direction old: 170.852764, new: 166.480634
 1036: direction old: 167.664742, new: 168.627133
 1038: direction old: 175.940818, new: 170.737115
(b)r: 1.82997 phi: 9.61057 vel: ( -0.400503, 0.125114 ) (1039,0) rel: ( 1.80429, 0.305515 ), (1039,0) global: ( -28.2113, -3.42667 ), (1039,0), changes: 0.132, -0.8 last seen:(1038,0) globalposderived: (1038,0)
 1039: direction old: 162.151490, new: 171.043609
(b)r: 1.8 phi: 9 vel: ( -0.398598, 0.134266 ) (1039,0) rel: ( 1.77784, 0.281582 ), (1039,0) global: ( -28.2587, -3.70371 ), (1039,0), changes: 0.108, -1 last seen:(1039,0) globalposderived: (1039,0)
(b)r: 1.38248 phi: 12.1734 vel: ( -0.374682, 0.12621 ) (1040,0) rel: ( 1.3514, 0.291526 ), (1040,0) global: ( -28.6573, -3.56944 ), (1040,0), changes: 0.108, -1 last seen:(1039,0) globalposderived: (1039,0)
(b)r: 0.95715 phi: 17.7977 vel: ( -0.352201, 0.118637 ) (1041,0) rel: ( 0.911342, 0.29256 ), (1041,0) global: ( -29.0319, -3.44323 ), (1041,0), changes: 0.108, -1 last seen:(1039,0) globalposderived: (1039,0)
 1041: direction old: -175.900419, new: 173.253702
(b)r: 1.3 phi: 11 vel: ( 0, 0 ) (1041,0) rel: ( 1.27612, 0.248052 ), (1041,0) global: ( -29.2475, -3.21344 ), (1041,0), changes: 0.65, -10.8 last seen:(1041,0) globalposderived: (1041,0)
(b)r: 0.82816 phi: 17.315 vel: ( 0, 0 ) (1042,0) rel: ( 0.79063, 0.246482 ), (1042,0) global: ( -29.2475, -3.21344 ), (1042,0), changes: 0.65, -10.8 last seen:(1041,0) globalposderived: (1041,0)
 1042: direction old: -156.149526, new: 167.929997
(b)r: 1.6 phi: 5 vel: ( -0.599788, 0.313159 ) (1042,0) rel: ( 1.59391, 0.139449 ), (1042,0) global: ( -29.9121, -2.48095 ), (1042,0), changes: 0.672, -6.5 last seen:(1042,0) globalposderived: (1042,0)
 1044: direction old: 158.829460, new: 161.722453
(b)r: 1.8 phi: -1 vel: ( -0.504229, 0.265345 ) (1044,0) rel: ( 1.79973, -0.0314143 ), (1044,0) global: ( -30.8928, -2.04165 ), (1044,0), changes: 0.324, -2.9 last seen:(1044,0) globalposderived: (1044,0)
(b)r: 1.62438 phi: -4.76833 vel: ( -0.473976, 0.249424 ) (1045,0) rel: ( 1.61876, -0.13503 ), (1045,0) global: ( -31.3971, -1.77631 ), (1045,0), changes: 0.324, -2.9 last seen:(1044,0) globalposderived: (1044,0)
 1045: direction old: 155.697405, new: 158.659602
(b)r: 1.6 phi: -4 vel: ( -0.463767, 0.235808 ) (1045,0) rel: ( 1.5961, -0.11161 ), (1045,0) global: ( -31.3975, -1.86684 ), (1045,0), changes: 0.224, -2.2 last seen:(1045,0) globalposderived: (1045,0)
(b)r: 1.32977 phi: -8.58384 vel: ( -0.435941, 0.22166 ) (1046,0) rel: ( 1.31487, -0.198476 ), (1046,0) global: ( -31.8613, -1.63103 ), (1046,0), changes: 0.224, -2.2 last seen:(1045,0) globalposderived: (1045,0)
(b)r: 0.990362 phi: -16.4308 vel: ( -0.409785, 0.20836 ) (1047,0) rel: ( 0.949918, -0.280131 ), (1047,0) global: ( -32.2972, -1.40937 ), (1047,0), changes: 0.224, -2.2 last seen:(1045,0) globalposderived: (1045,0)
 1047: ball (-32.297191,-1.409373), agent (-31.473938,-1.959893), to (-21.411229,26.942246) ang 162.659602 162.659602
 1047: relpos body (0.990362,-16.430774), vel. ball:(-0.409785,0.208360) dist: 1.182299 (0.300000,0.085000,0.797299)
 1047: point too far, reposition ball (k_r = 0.787363)
 1047: (kick 31.658748 147.976351), vecDesired (0.028524,-0.302375) 0.000000 posDes(-32.268667,-1.711748)
 1047: direction old: 141.116084, new: 145.264483
(b)r: 1.1 phi: -17 vel: ( -0.415385, 0.223572 ) (1047,0) rel: ( 1.05194, -0.321609 ), (1047,0) global: ( -32.4216, -1.41131 ), (1047,0), changes: 0.176, -2.6 last seen:(1047,0) globalposderived: (1047,0)
 1047: ball (-32.421556,-1.411306), agent (-31.517586,-2.038074), to (-21.411229,26.942246) ang 162.264483 162.264483
 1047: relpos body (1.100000,-17.000000), vel. ball:(-0.415385,0.223572) dist: 1.182299 (0.300000,0.085000,0.797299)
 1047: point too far, reposition ball (k_r = 0.752194)
 1047: (kick 39.178801 149.150489), vecDesired (0.110972,-0.373148) 0.000000 posDes(-32.310584,-1.784454)
(b)r: 0.519074 phi: -0.00854973 vel: ( 0.100587, -0.349491 ) (1048,0) rel: ( 0.519074, -7.74568e-05 ), (1048,0) global: ( -32.3145, -1.78311 ), (1048,0), changes: 0.176, -2.6 last seen:(1047,0) globalposderived: (1047,0)
 1048: ball (-32.314548,-1.783105), agent (-31.820168,-1.941301), to (-21.411229,26.942246) ang 162.264483 162.264483
 1048: relpos body (0.519074,-0.008550), vel. ball:(0.100587,-0.349491) dist: 1.182299 (0.300000,0.085000,0.797299)
 1048: point too far, freeze ball
 1048: direction old: 166.249641, new: 158.642735
(b)r: 0.4 phi: -4 vel: ( 0.16944, -0.31437 ) (1048,0) rel: ( 0.399026, -0.0279026 ), (1048,0) global: ( -32.2174, -1.75236 ), (1048,0), changes: -0.392, 31.9 last seen:(1048,0) globalposderived: (1048,0)
 1048: ball (-32.217428,-1.752358), agent (-31.844897,-1.898031), to (-21.411229,26.942246) ang 162.642735 162.642735
 1048: relpos body (0.400000,-4.000000), vel. ball:(0.169440,-0.314370) dist: 1.182299 (0.300000,0.085000,0.797299)
 1048: point too far, freeze ball
(b)r: 0.2 phi: -14.0939 vel: ( -0.00585529, -0.00414347 ) (1049,0) rel: ( 0.19398, -0.0487024 ), (1049,0) global: ( -32.0155, -1.79368 ), (1049,0), changes: -0.392, 31.9 last seen:(1048,0) globalposderived: (1048,0)
 1049: ball (-32.015514,-1.793677), agent (-31.844897,-1.898031), to (-21.411229,26.942246) ang 162.642735 162.642735
 1049: relpos body (0.200000,-14.093917), vel. ball:(-0.005855,-0.004143) dist: 1.182299 (0.300000,0.085000,0.797299)
 1049: pos (1.299212,3.520657) too far, but can acc ball good to 2.797853 k=2.803770,0.004059
 1050: 2 pos: ball(-31.051153,0.576708), ball_prev(-32.217428,-1.752358), agentdiff(-0.163229,-0.049979)
 1050: direction old: 71.855766, new: 69.241210
 1222: 2 pos: ball(-28.793229,2.519394), ball_prev(-28.035871,3.215179), agentdiff(0.000127,0.000049)
 1222: vel based on 2 pos: (-0.712036,-0.654084)
 1222: direction old: 62.747334, new: 62.036341
(b)r: 1.07685 phi: 31.3534 vel: ( -0.669314, -0.614839 ) (1223,0) rel: ( 0.919605, 0.560303 ), (1223,0) global: ( -29.5053, 1.86531 ), (1223,0), changes: -1.11, 3.2 last seen:(1222,0) globalposderived: (1222,0)
 1223: turnWithBall: turn since ball will be kickable in t+1
(b)r: 0.318156 phi: 132.383 vel: ( -0.629155, -0.577949 ) (1224,0) rel: ( -0.214463, 0.235008 ), (1224,0) global: ( -30.1746, 1.25047 ), (1224,0), changes: -1.11, 3.2 last seen:(1222,0) globalposderived: (1222,0)
 1224: ball (-30.174580,1.250471), agent (-29.980412,0.998434), to (-25.994281,0.665634) ang -4.772520 -4.772520
 1224: relpos body (0.318156,132.382893), vel. ball:(-0.629155,-0.577949) dist: 1.182299 (0.300000,0.085000,0.797299)
 1224: point good and can reach point 65.052138
 1224: 2 pos: ball(-30.271744,1.533968), ball_prev(-28.793229,2.519394), agentdiff(-0.228496,0.039498)
 1224: direction old: 80.824897, new: 97.219480
(b)r: 0.5 phi: 98 vel: ( -0.629155, -0.577949 ) (1224,0) rel: ( -0.0695866, 0.495134 ), (1224,0) global: ( -30.2717, 1.53397 ), (1224,0), changes: -1.11, 3.2 last seen:(1224,0) globalposderived: (1224,0)
 1224: ball (-30.271744,1.533968), agent (-30.208909,1.037932), to (-26.209280,0.983443) ang -0.780520 -0.780520
 1224: relpos body (0.500000,98.000000), vel. ball:(-0.629155,-0.577949) dist: 1.182299 (0.300000,0.085000,0.797299)
 1224: point good and can reach point 65.846652
(b)r: 0.777439 phi: 25.327 vel: ( 0.705798, -0.116284 ) (1225,0) rel: ( 0.702712, 0.332576 ), (1225,0) global: ( -29.5209, 1.41026 ), (1225,0), changes: -1.11, 3.2 last seen:(1224,0) globalposderived: (1224,0)
 1225: ball (-29.520895,1.410261), agent (-30.228072,1.087289), to (-26.228443,1.032800) ang -0.780520 -0.780520
 1225: relpos body (0.777439,25.327020), vel. ball:(0.705798,-0.116284) dist: 1.182299 (0.300000,0.085000,0.797299)
 1225: point good and can reach point 1.611401
 1225: direction old: 24.547395, new: 36.184312
(b)r: 0.9 phi: 37 vel: ( 0.735268, 0.040187 ) (1225,0) rel: ( 0.718772, 0.541634 ), (1225,0) global: ( -29.5015, 1.61871 ), (1225,0), changes: 0.612, -26.8 last seen:(1225,0) globalposderived: (1225,0)
 1225: ball (-29.501473,1.618708), agent (-30.227883,1.087362), to (-26.228288,1.030418) ang -0.815688 -0.815688
 1225: relpos body (0.900000,37.000000), vel. ball:(0.735268,0.040187) dist: 1.182299 (0.300000,0.085000,0.797299)
 1225: point good and can reach point 7.990487
(b)r: 1.09895 phi: 29.938 vel: ( 0.691151, 0.0377758 ) (1226,0) rel: ( 0.952313, 0.548445 ), (1226,0) global: ( -28.7662, 1.65889 ), (1226,0), changes: 0.612, -26.8 last seen:(1225,0) globalposderived: (1225,0)
 1226: ball (-28.766206,1.658895), agent (-29.726230,1.124063), to (-25.726635,1.067119) ang -0.815688 -0.815688
 1226: relpos body (1.098950,29.937997), vel. ball:(0.691151,0.037776) dist: 1.182299 (0.300000,0.085000,0.797299)
 1226: point good and can reach point 8.544422
(b)r: 1.50104 phi: 16.0768 vel: ( 0.631983, -0.112581 ) (1227,0) rel: ( 1.44234, 0.415677 ), (1227,0) global: ( -28.0939, 1.53913 ), (1227,0), changes: 0.612, -26.8 last seen:(1225,0) globalposderived: (1225,0)
 1227: direction old: 19.162177, new: 15.211297
(b)r: 1.5 phi: 16 vel: ( 0.632571, -0.116963 ) (1227,0) rel: ( 1.44189, 0.413456 ), (1227,0) global: ( -28.0792, 1.4348 ), (1227,0), changes: 0.51, -10.4 last seen:(1227,0) globalposderived: (1227,0)
(b)r: 1.52446 phi: 11.5492 vel: ( 0.594617, -0.109945 ) (1228,0) rel: ( 1.4936, 0.305212 ), (1228,0) global: ( -27.4467, 1.31784 ), (1228,0), changes: 0.51, -10.4 last seen:(1227,0) globalposderived: (1227,0)
 1228: direction old: 10.839516, new: 9.211209
(b)r: 1.5 phi: 10 vel: ( 0.585047, -0.121815 ) (1228,0) rel: ( 1.47721, 0.260472 ), (1228,0) global: ( -27.4637, 1.27118 ), (1228,0), changes: 0.33, -7.1 last seen:(1228,0) globalposderived: (1228,0)
(b)r: 1.33074 phi: 6.33011 vel: ( 0.549945, -0.114506 ) (1229,0) rel: ( 1.32263, 0.146723 ), (1229,0) global: ( -26.8787, 1.14937 ), (1229,0), changes: 0.33, -7.1 last seen:(1228,0) globalposderived: (1228,0)
(b)r: 1.13471 phi: -0.601327 vel: ( 0.516948, -0.107636 ) (1230,0) rel: ( 1.13465, -0.0119087 ), (1230,0) global: ( -26.3287, 1.03486 ), (1230,0), changes: 0.33, -7.1 last seen:(1228,0) globalposderived: (1228,0)
 1230: ball (-26.328710,1.034860), agent (-27.463085,1.062388), to (-23.463464,1.007322) ang -0.788791 -0.788791
 1230: relpos body (1.134708,-0.601327), vel. ball:(0.516948,-0.107636) dist: 1.182299 (0.300000,0.085000,0.797299)
 1230: point good and can reach point 9.351015
 1230: direction old: 4.042733, new: -2.625498
(b)r: 1.1 phi: -2 vel: ( 0.516466, -0.108655 ) (1230,0) rel: ( 1.09933, -0.0383894 ), (1230,0) global: ( -26.301, 0.908765 ), (1230,0), changes: 0.242, -6 last seen:(1230,0) globalposderived: (1230,0)
 1230: ball (-26.301042,0.908765), agent (-27.399887,0.959153), to (-23.400125,0.915486) ang -0.625498 -0.625498
 1230: relpos body (1.100000,-2.000000), vel. ball:(0.516466,-0.108655) dist: 1.182299 (0.300000,0.085000,0.797299)
 1230: point good and can reach point 9.500194
(b)r: 1.50915 phi: -1.90673 vel: ( 0.632934, -0.00500042 ) (1231,0) rel: ( 1.50831, -0.0502132 ), (1231,0) global: ( -25.6277, 0.903445 ), (1231,0), changes: 0.242, -6 last seen:(1230,0) globalposderived: (1230,0)
 1231: direction old: -16.712179, new: -0.962066
(b)r: 1.5 phi: 0 vel: ( 0, 0 ) (1231,0) rel: ( 1.5, 0 ), (1231,0) global: ( -25.6268, 1.3283 ), (1231,0), changes: 0.54, 1.3 last seen:(1231,0) globalposderived: (1231,0)
(b)r: 0.891112 phi: 1.77636e-15 vel: ( 0, 0 ) (1232,0) rel: ( 0.891112, 2.76274e-17 ), (1232,0) global: ( -25.6268, 1.3283 ), (1232,0), changes: 0.54, 1.3 last seen:(1231,0) globalposderived: (1231,0)
(b)r: 0.2 phi: -4.996e-14 vel: ( 0, 0 ) (1233,0) rel: ( 0.2, -1.74393e-16 ), (1233,0) global: ( -25.5725, 1.32738 ), (1233,0), changes: 0.54, 1.3 last seen:(1231,0) globalposderived: (1231,0)
 1233: direction old: 39.521548, new: -45.855393
(b)r: 0.4 phi: -45 vel: ( 0.0373953, 0.0196753 ) (1233,0) rel: ( 0.282843, -0.282843 ), (1233,0) global: ( -25.4632, 0.900655 ), (1233,0), changes: 0.032, 9 last seen:(1233,0) globalposderived: (1233,0)
 1233: ball (-25.463235,0.900655), agent (-25.741824,1.187688), to (-21.742270,1.127973) ang -0.855393 -0.855393
 1233: relpos body (0.400000,-45.000000), vel. ball:(0.037395,0.019675) dist: 1.182299 (0.300000,0.085000,0.797299)
 1233: point good and can reach point 27.256489
(b)r: 1.02768 phi: -13.441 vel: ( 0.674232, 0.0312635 ) (1234,0) rel: ( 0.999535, -0.238879 ), (1234,0) global: ( -24.746, 0.933914 ), (1234,0), changes: 0.032, 9 last seen:(1233,0) globalposderived: (1233,0)
 1234: ball (-24.745967,0.933914), agent (-25.741824,1.187688), to (-21.742270,1.127973) ang -0.855393 -0.855393
 1234: relpos body (1.027683,-13.441039), vel. ball:(0.674232,0.031263) dist: 1.182299 (0.300000,0.085000,0.797299)
 1234: point good and can reach point 0.658256
 1234: 2 pos: ball(-25.657956,0.796579), ball_prev(-25.463235,0.900655), agentdiff(-0.000000,0.000000)
 1234: vel based on 2 pos: (-0.183038,-0.097831)
 1234: direction old: -14.296432, new: -77.897060
(b)r: 0.4 phi: -77 vel: ( -0.183038, -0.0978308 ) (1234,0) rel: ( 0.0899804, -0.389748 ), (1234,0) global: ( -25.658, 0.796579 ), (1234,0), changes: 0.032, 9 last seen:(1234,0) globalposderived: (1234,0)
 1234: ball (-25.657956,0.796579), agent (-25.741824,1.187688), to (-21.742314,1.125064) ang -0.897060 -0.897060
 1234: relpos body (0.400000,-77.000000), vel. ball:(-0.183038,-0.097831) dist: 1.182299 (0.300000,0.085000,0.797299)
 1234: point good and can reach point 40.237545
(b)r: 0.800384 phi: -143.949 vel: ( 0, 0 ) (1235,0) rel: ( -0.647106, -0.47103 ), (1235,0) global: ( -25.841, 0.698749 ), (1235,0), changes: 0.032, 9 last seen:(1234,0) globalposderived: (1234,0)
 1235: kick results in collision, change velDes from (0.817265,0.069930)
 1235: ball (-25.840994,0.698749), agent (-25.186593,1.159590), to (-21.187084,1.096966) ang -0.897060 -0.897060
 1235: relpos body (0.800384,-143.949000), vel. ball:(0.000000,0.000000) dist: 1.182299 (0.300000,0.085000,0.797299)
 1235: point good and can reach point 59.513038
(b)r: 0.977774 phi: -151.448 vel: ( 0, 0 ) (1236,0) rel: ( -0.85886, -0.467334 ), (1236,0) global: ( -25.841, 0.698749 ), (1236,0), changes: 0.032, 9 last seen:(1234,0) globalposderived: (1234,0)
 1236: ball (-25.840994,0.698749), agent (-24.974923,1.152579), to (-20.975413,1.089955) ang -0.897060 -0.897060
 1236: relpos body (0.977774,-151.447934), vel. ball:(0.000000,0.000000) dist: 1.182299 (0.300000,0.085000,0.797299)
 1236: point good and can reach point 50.315322
 1236: 2 pos: ball(-26.944218,0.268038), ball_prev(-25.657956,0.796579), agentdiff(0.022565,0.049531)
 1236: direction old: -150.470959, new: -154.876032
(b)r: 1.85496 phi: -148.423 vel: ( 0, 0 ) (1237,0) rel: ( -1.58031, -0.971347 ), (1237,0) global: ( -26.9442, 0.268038 ), (1237,0), changes: 0.032, 9 last seen:(1236,0) globalposderived: (1236,0)
 1237: 2 pos: ball(-27.765571,-0.312770), ball_prev(-26.944218,0.268038), agentdiff(-0.061213,-0.207485)
 1237: vel based on 2 pos: (-0.714532,-0.350923)
 1237: direction old: -154.256396, new: -150.722818
 1245: direction old: -140.259453, new: -142.210158
 1246: direction old: -141.678234, new: -141.221105
(b)r: 1.71158 phi: 11.6319 vel: ( -0.316441, -0.188015 ) (1248,0) rel: ( 1.67643, 0.345095 ), (1248,0) global: ( -32.7363, -2.89932 ), (1248,0), changes: 0.1, -0.3 last seen:(1246,0) globalposderived: (1246,0)
 1248: direction old: -131.906030, new: -136.895255
(b)r: 1.6 phi: 11 vel: ( 0, 0 ) (1248,0) rel: ( 1.5706, 0.305294 ), (1248,0) global: ( -32.604, -2.54364 ), (1248,0), changes: 0.032, -0.7 last seen:(1248,0) globalposderived: (1248,0)
(b)r: 0.824985 phi: 19.6615 vel: ( 0, 0 ) (1249,0) rel: ( 0.776886, 0.277577 ), (1249,0) global: ( -32.604, -2.54364 ), (1249,0), changes: 0.032, -0.7 last seen:(1248,0) globalposderived: (1248,0)
 1249: direction old: -132.998990, new: -135.928460
(b)r: 1.2 phi: 12 vel: ( 0, 0 ) (1249,0) rel: ( 1.17378, 0.249494 ), (1249,0) global: ( -32.9996, -2.8779 ), (1249,0), changes: 0.024, -2.1 last seen:(1249,0) globalposderived: (1249,0)
(b)r: 0.863146 phi: 15.9702 vel: ( 0, 0 ) (1250,0) rel: ( 0.829833, 0.237483 ), (1250,0) global: ( -32.9996, -2.8779 ), (1250,0), changes: 0.024, -2.1 last seen:(1249,0) globalposderived: (1249,0)
(b)r: 0.2 phi: 26.7312 vel: ( 0, 0 ) (1251,0) rel: ( 0.178625, 0.0899609 ), (1251,0) global: ( -32.8349, -2.60599 ), (1251,0), changes: 0.024, -2.1 last seen:(1249,0) globalposderived: (1249,0)
