 0: change player from message 62 -> 1
 0: changed player from message 62 -> 1
 0: change player from message 63 -> 2
 0: changed player from message 63 -> 2
 0: change player from message 64 -> 3
 0: changed player from message 64 -> 3
 0: change player from message 65 -> 4
 0: changed player from message 65 -> 4
 0: change player from message 66 -> 5
 0: changed player from message 66 -> 5
 0: change player from message 67 -> 6
 0: changed player from message 67 -> 6
 0: change player from message 68 -> 7
 0: changed player from message 68 -> 7
 0: change player from message 69 -> 8
 0: changed player from message 69 -> 8
 0: change player from message 70 -> 9
 0: changed player from message 70 -> 9
 0: change player from message 71 -> 10
 0: changed player from message 71 -> 10
 151: Received coach message: online_coach_left (advice (0 (true) (do our {1} (home (pt -50 0))) (do our {2} (home (pt -12 26))) (do our {3} (home (pt -20 10))) (do our {4} (home (pt -20 -10))) (do our {5} (home (pt -12 -26))) (do our {6} (home (pt 20 0))) (do our {7} (home (pt 35 22))) (do our {8} (home (pt 12 -15))) (do our {9} (home (pt 0 0))) (do our {10} (home (pt 12 15))) (do our {11} (home (pt 35 -22))))))
 151: new home position for player 0: -50 0
 151: new home position for player 1: -12 26
 151: new home position for player 2: -20 10
 151: new home position for player 3: -20 -10
 151: new home position for player 4: -12 -26
 151: new home position for player 5: 20 0
 151: new home position for player 6: 35 22
 151: new home position for player 7: 12 -15
 151: new home position for player 8: 0 0
 151: new home position for player 9: 12 15
 151: new home position for player 10: 35 -22
 172: direction old: 99.647500, new: 94.114939
 173: direction old: 94.522455, new: 99.944820
(b)r: 1.50647 phi: -22.1062 vel: ( -0.53266, 0.0662291 ) (175,0) rel: ( 1.39572, -0.56692 ), (175,0) global: ( -15.1128, 1.66008 ), (175,0), changes: -0.05, 10.8 last seen:(173,0) globalposderived: (173,0)
 175: direction old: 111.449577, new: 109.136997
(b)r: 1.5 phi: -23 vel: ( -0.528851, 0.0907137 ) (175,0) rel: ( 1.38076, -0.586097 ), (175,0) global: ( -15.0344, 1.62603 ), (175,0), changes: 0, 12.5 last seen:(175,0) globalposderived: (175,0)
(b)r: 1.53114 phi: -87.5576 vel: ( -0.49712, 0.0852709 ) (176,0) rel: ( 0.0652495, -1.52975 ), (176,0) global: ( -15.5632, 1.71675 ), (176,0), changes: 0, 12.5 last seen:(175,0) globalposderived: (175,0)
 176: 2 pos: ball(-15.458487,1.970344), ball_prev(-15.034386,1.626034), agentdiff(0.043768,0.252150)
 176: vel based on 2 pos: (-0.439797,0.086630)
 176: direction old: 130.432704, new: 121.063147
(b)r: 1.5 phi: -94 vel: ( -0.439797, 0.0866297 ) (176,0) rel: ( -0.104635, -1.49635 ), (176,0) global: ( -15.4585, 1.97034 ), (176,0), changes: 0, 12.5 last seen:(176,0) globalposderived: (176,0)
(b)r: 1.72559 phi: -113.094 vel: ( -0.413409, 0.081432 ) (177,0) rel: ( -0.676852, -1.5873 ), (177,0) global: ( -15.8983, 2.05697 ), (177,0), changes: 0, 12.5 last seen:(176,0) globalposderived: (176,0)
 178: 2 pos: ball(-16.242462,2.035935), ball_prev(-15.458487,1.970344), agentdiff(0.046780,-0.050705)
 178: direction old: 127.028635, new: 127.196350
 179: direction old: 127.343120, new: 129.998356
 181: direction old: 130.061069, new: 129.043971
(b)r: 1.67749 phi: -19.8659 vel: ( -0.311871, 0.0642983 ) (182,0) rel: ( 1.57767, -0.570046 ), (182,0) global: ( -17.8891, 2.42701 ), (182,0), changes: 0.044, 3.4 last seen:(181,0) globalposderived: (181,0)
 182: direction old: 131.261350, new: 129.127735
(b)r: 1.8 phi: -19 vel: ( 0, 0 ) (182,0) rel: ( 1.70193, -0.586023 ), (182,0) global: ( -17.8887, 2.52813 ), (182,0), changes: 0, 3.4 last seen:(182,0) globalposderived: (182,0)
(b)r: 1.05832 phi: -33.6233 vel: ( 0, 0 ) (183,0) rel: ( 0.881259, -0.586023 ), (183,0) global: ( -17.8887, 2.52813 ), (183,0), changes: 0, 3.4 last seen:(182,0) globalposderived: (182,0)
(b)r: 0.631993 phi: -84.3966 vel: ( 0, 0 ) (184,0) rel: ( 0.0617088, -0.628973 ), (184,0) global: ( -17.8887, 2.52813 ), (184,0), changes: 0, 3.4 last seen:(182,0) globalposderived: (182,0)
 184: direction old: 72.397965, new: 116.840993
(b)r: 0.9 phi: -31 vel: ( 0.0415259, -0.0137277 ) (184,0) rel: ( 0.771451, -0.463534 ), (184,0) global: ( -18.5676, 2.47195 ), (184,0), changes: -0.288, -13 last seen:(184,0) globalposderived: (184,0)
 184: turnWithBall: kick ball away from opp at ang 90.840993
 184: (kick 53.789364 127.206819), vecDesired (0.143174,-1.164506) 123.000000 posDes(-18.424457,1.307444)
(b)r: 0.508531 phi: 126.065 vel: ( 0.129333, -1.07909 ) (185,0) rel: ( -0.299376, 0.411069 ), (185,0) global: ( -18.43, 1.32398 ), (185,0), changes: -0.288, -13 last seen:(184,0) globalposderived: (184,0)
 185: ball (-18.430042,1.323978), agent (-18.464687,1.831327), to (-5.727508,-0.278158) ang 147.840993 147.840993
 185: relpos body (0.508531,126.065374), vel. ball:(0.129333,-1.079094) dist: 1.182299 (0.300000,0.085000,0.797299)
 185: point good and can reach point 114.969752
 185: 2 pos: ball(-19.229899,1.354052), ball_prev(-18.567631,2.471951), agentdiff(-0.059893,0.231614)
 185: vel based on 2 pos: (-0.566233,-1.268542)
 185: direction old: -82.709623, new: -134.855384
(b)r: 1 phi: 77 vel: ( -0.566233, -1.26854 ) (185,0) rel: ( 0.224951, 0.97437 ), (185,0) global: ( -19.2299, 1.35405 ), (185,0), changes: -0.288, -13 last seen:(185,0) globalposderived: (185,0)
 185: turnWithBall: kick ball close to desired turnangle 0.000000
 185: kickBallCloseToBody: cannot compensate ball speed, freeze
 185: freeze ball will end up oustide -> accelerate
(b)r: 0.877703 phi: 75.4355 vel: ( 0.0653318, 0.0975993 ) (186,0) rel: ( 0.220716, 0.849498 ), (186,0) global: ( -19.1604, 1.45788 ), (186,0), changes: -0.288, -13 last seen:(185,0) globalposderived: (185,0)
 186: turnWithBall: turn since ball will be kickable in t+1
(b)r: 0.763525 phi: -138.346 vel: ( 0.0614119, 0.0917433 ) (187,0) rel: ( -0.570486, -0.507461 ), (187,0) global: ( -19.0951, 1.55548 ), (187,0), changes: -0.288, -13 last seen:(185,0) globalposderived: (185,0)
 187: ball (-19.095066,1.555480), agent (-18.524579,2.062941), to (-14.524579,2.062941) ang 0.000000 0.000000
 187: relpos body (0.763525,-138.346145), vel. ball:(0.061412,0.091743) dist: 1.182299 (0.300000,0.085000,0.797299)
 187: point good and can reach point 37.885327
 187: 2 pos: ball(-19.018768,1.243632), ball_prev(-19.229899,1.354052), agentdiff(-0.065118,-0.399906)
 187: direction old: -167.985263, new: -135.652729
(b)r: 0.6 phi: -140 vel: ( 0.0614119, 0.0917433 ) (187,0) rel: ( -0.459627, -0.385673 ), (187,0) global: ( -19.0188, 1.24363 ), (187,0), changes: -0.288, -13 last seen:(187,0) globalposderived: (187,0)
 187: ball (-19.018768,1.243632), agent (-18.589698,1.663035), to (-14.601206,1.966241) ang 4.347271 4.347271
 187: relpos body (0.600000,-140.000000), vel. ball:(0.061412,0.091743) dist: 1.182299 (0.300000,0.085000,0.797299)
 187: point good and can reach point 35.137193
(b)r: 0.436314 phi: -45.4664 vel: ( 0.712299, 0.124523 ) (188,0) rel: ( 0.305999, -0.311022 ), (188,0) global: ( -18.261, 1.3761 ), (188,0), changes: -0.288, -13 last seen:(187,0) globalposderived: (187,0)
 188: ball (-18.261003,1.376103), agent (-18.589698,1.663035), to (-14.601206,1.966241) ang 4.347271 4.347271
 188: relpos body (0.436314,-45.466397), vel. ball:(0.712299,0.124523) dist: 1.182299 (0.300000,0.085000,0.797299)
 188: point good and can reach point 0.390139
 188: 2 pos: ball(-18.038769,1.607398), ball_prev(-19.018768,1.243632), agentdiff(0.248247,0.205866)
 188: vel based on 2 pos: (0.687847,0.148427)
 188: direction old: -80.728427, new: -40.825415
(b)r: 0.4 phi: -45 vel: ( 0.687847, 0.148427 ) (188,0) rel: ( 0.282843, -0.282843 ), (188,0) global: ( -18.0388, 1.6074 ), (188,0), changes: -0.288, -13 last seen:(188,0) globalposderived: (188,0)
 188: ball (-18.038769,1.607398), agent (-18.341451,1.868901), to (-9.282220,16.239679) ang 4.174585 4.174585
 188: relpos body (0.400000,-45.000000), vel. ball:(0.687847,0.148427) dist: 1.182299 (0.300000,0.085000,0.797299)
 188: point good and can reach point 93.895835
 351: Received coach message: online_coach_left (advice (0 (true) (do our {1} (home (pt -50 0))) (do our {2} (home (pt -12 26))) (do our {3} (home (pt -20 10))) (do our {4} (home (pt -20 -10))) (do our {5} (home (pt -12 -26))) (do our {6} (home (pt 20 0))) (do our {7} (home (pt 35 22))) (do our {8} (home (pt 12 -15))) (do our {9} (home (pt 0 0))) (do our {10} (home (pt 12 15))) (do our {11} (home (pt 35 -22))))))
 351: new home position for player 0: -50 0
 351: new home position for player 1: -12 26
 351: new home position for player 2: -20 10
 351: new home position for player 3: -20 -10
 351: new home position for player 4: -12 -26
 351: new home position for player 5: 20 0
 351: new home position for player 6: 35 22
 351: new home position for player 7: 12 -15
 351: new home position for player 8: 0 0
 351: new home position for player 9: 12 15
 351: new home position for player 10: 35 -22
(b)r: 1.5104 phi: -25.2696 vel: ( -0.45862, -0.0543498 ) (487,0) rel: ( 1.36587, -0.644755 ), (487,0) global: ( -9.23104, -0.554603 ), (487,0), changes: -0.82, -2 last seen:(485,0) globalposderived: (485,0)
 487: direction old: -24.080049, new: -23.411794
(b)r: 1.5 phi: -26 vel: ( 0, 0 ) (487,0) rel: ( 1.34819, -0.657557 ), (487,0) global: ( -9.15164, -0.570926 ), (487,0), changes: -0.66, -13.9 last seen:(487,0) globalposderived: (487,0)
(b)r: 1.233 phi: 41.382 vel: ( 0, 0 ) (488,0) rel: ( 0.925146, 0.815109 ), (488,0) global: ( -9.15164, -0.570926 ), (488,0), changes: -0.66, -13.9 last seen:(487,0) globalposderived: (487,0)
 488: direction old: -42.637674, new: -45.263174
(b)r: 0.9 phi: 31 vel: ( -0.35837, -0.0648679 ) (488,0) rel: ( 0.771451, 0.463534 ), (488,0) global: ( -9.41226, -0.386992 ), (488,0), changes: -0.288, -24.7 last seen:(488,0) globalposderived: (488,0)
 488: turnWithBall: kick ball away from opp at ang -18.263174
 488: (kick 50.281727 -157.267403), vecDesired (-1.000270,0.803579) -122.000000 posDes(-10.412533,0.416587)
(b)r: 0.519914 phi: -119.986 vel: ( -0.940655, 0.747981 ) (489,0) rel: ( -0.259849, -0.450321 ), (489,0) global: ( -10.413, 0.408732 ), (489,0), changes: -0.288, -24.7 last seen:(488,0) globalposderived: (488,0)
 489: turnWithBall: freeze ball
(b)r: 0.581994 phi: -116.951 vel: ( -0.0137278, -0.00844959 ) (490,0) rel: ( -0.263779, -0.518785 ), (490,0) global: ( -10.4276, 0.399743 ), (490,0), changes: -0.288, -24.7 last seen:(488,0) globalposderived: (488,0)
 490: turnWithBall: turn since ball will be kickable in t+1
 490: 2 pos: ball(-11.126564,0.118468), ball_prev(-9.412263,-0.386992), agentdiff(-0.067992,-0.072242)
 490: direction old: 157.621693, new: -176.369202
(b)r: 1.2 phi: -100 vel: ( -0.0137278, -0.00844959 ) (490,0) rel: ( -0.208378, -1.18177 ), (490,0) global: ( -11.1266, 0.118468 ), (490,0), changes: -0.288, -24.7 last seen:(490,0) globalposderived: (490,0)
(b)r: 1.21426 phi: -36.1021 vel: ( -0.0129041, -0.00794262 ) (491,0) rel: ( 0.981082, -0.715473 ), (491,0) global: ( -11.1403, 0.110018 ), (491,0), changes: -0.288, -24.7 last seen:(490,0) globalposderived: (490,0)
 491: direction old: 177.857268, new: -172.724580
(b)r: 1.5 phi: -33 vel: ( -0.292943, -0.0743485 ) (491,0) rel: ( 1.25801, -0.816959 ), (491,0) global: ( -11.5729, -0.119424 ), (491,0), changes: 0.3, 1.4 last seen:(491,0) globalposderived: (491,0)
(b)r: 1.80037 phi: -1.35822 vel: ( -0.275367, -0.0698876 ) (492,0) rel: ( 1.79987, -0.0426744 ), (492,0) global: ( -11.8659, -0.193773 ), (492,0), changes: 0.3, 1.4 last seen:(491,0) globalposderived: (491,0)
(b)r: 1.5678 phi: -0.755679 vel: ( -0.258845, -0.0656944 ) (493,0) rel: ( 1.56767, -0.0206773 ), (493,0) global: ( -12.1412, -0.26366 ), (493,0), changes: 0.3, 1.4 last seen:(491,0) globalposderived: (491,0)
 493: direction old: -162.907842, new: -165.879377
(b)r: 1.6 phi: 3 vel: ( -0.258808, -0.0680925 ) (493,0) rel: ( 1.59781, 0.0837375 ), (493,0) global: ( -12.1615, -0.183119 ), (493,0), changes: 0.288, 0.1 last seen:(493,0) globalposderived: (493,0)
(b)r: 1.8676 phi: -36.3211 vel: ( -0.243279, -0.064007 ) (494,0) rel: ( 1.50475, -1.1062 ), (494,0) global: ( -12.4203, -0.251211 ), (494,0), changes: 0.288, 0.1 last seen:(493,0) globalposderived: (493,0)
 494: direction old: -172.784809, new: -165.670818
 496: direction old: -158.878186, new: -164.751084
 497: direction old: -160.501738, new: -162.527833
(b)r: 1.6 phi: 2 vel: ( 0, 0 ) (497,0) rel: ( 1.59903, 0.0558392 ), (497,0) global: ( -13.065, -0.360017 ), (497,0), changes: 0.224, -0.2 last seen:(497,0) globalposderived: (497,0)
(b)r: 1.10483 phi: 2.80651 vel: ( 0, 0 ) (498,0) rel: ( 1.1035, 0.0540961 ), (498,0) global: ( -13.065, -0.360017 ), (498,0), changes: 0.224, -0.2 last seen:(497,0) globalposderived: (497,0)
(b)r: 0.610542 phi: 5.28026 vel: ( 0, 0 ) (499,0) rel: ( 0.607951, 0.0561866 ), (499,0) global: ( -13.065, -0.360017 ), (499,0), changes: 0.224, -0.2 last seen:(497,0) globalposderived: (497,0)
 499: direction old: -141.512664, new: -161.716422
(b)r: 1.6 phi: 3 vel: ( -0.681687, -0.0153132 ) (499,0) rel: ( 1.59781, 0.0837375 ), (499,0) global: ( -14.0367, -0.426663 ), (499,0), changes: 0.672, -7.2 last seen:(499,0) globalposderived: (499,0)
 500: direction old: -167.486443, new: -165.734429
 502: direction old: -166.661114, new: -170.010774
 503: direction old: -175.401487, new: -171.375817
 505: direction old: 179.732097, new: -172.735378
 506: direction old: -165.960533, new: -173.392119
(b)r: 1.35476 phi: 1.62403 vel: ( 0, 0 ) (507,0) rel: ( 1.35422, 0.0383953 ), (507,0) global: ( -18.8044, -0.706777 ), (507,0), changes: 0.352, -1 last seen:(506,0) globalposderived: (506,0)
(b)r: 0.879015 phi: 3.04619 vel: ( 0, 0 ) (508,0) rel: ( 0.877772, 0.0467117 ), (508,0) global: ( -18.8044, -0.706777 ), (508,0), changes: 0.352, -1 last seen:(506,0) globalposderived: (506,0)
 508: direction old: -164.191131, new: -172.176843
 509: direction old: 178.428916, new: -172.605789
 511: direction old: -168.130715, new: -171.458635
(b)r: 2 phi: 3 vel: ( -0.469888, -0.031674 ) (511,0) rel: ( 1.99726, 0.104672 ), (511,0) global: ( -21.696, -1.07207 ), (511,0), changes: 0.48, -1.2 last seen:(511,0) globalposderived: (511,0)
 512: direction old: -167.890809, new: -172.254474
 514: direction old: -174.337011, new: -172.433990
(b)r: 1.8 phi: 2 vel: ( -0.380336, -0.010999 ) (514,0) rel: ( 1.7989, 0.0628191 ), (514,0) global: ( -23.0611, -1.06347 ), (514,0), changes: 0.396, -1.5 last seen:(514,0) globalposderived: (514,0)
 515: direction old: -168.378565, new: -173.377029
(b)r: 1.8 phi: 1 vel: ( -0.36763, -0.00865027 ) (515,0) rel: ( 1.79973, 0.0314143 ), (515,0) global: ( -23.4454, -0.915162 ), (515,0), changes: 0.396, -1.2 last seen:(515,0) globalposderived: (515,0)
(b)r: 1.66345 phi: 0.13784 vel: ( -0.345573, -0.00813126 ) (516,0) rel: ( 1.66344, 0.00400185 ), (516,0) global: ( -23.813, -0.923812 ), (516,0), changes: 0.396, -1.2 last seen:(515,0) globalposderived: (515,0)
(b)r: 1.30288 phi: -0.957223 vel: ( -0.324838, -0.00764338 ) (517,0) rel: ( 1.3027, -0.0217659 ), (517,0) global: ( -24.1586, -0.931944 ), (517,0), changes: 0.396, -1.2 last seen:(515,0) globalposderived: (515,0)
 517: direction old: 178.076194, new: -178.530065
(b)r: 1.8 phi: -4 vel: ( -0.656167, 0.0753457 ) (517,0) rel: ( 1.79562, -0.125562 ), (517,0) global: ( -24.5645, -1.02493 ), (517,0), changes: 0.684, -2.9 last seen:(517,0) globalposderived: (517,0)
 518: direction old: -171.503008, new: 179.010598
(b)r: 2 phi: -7 vel: ( -0.637849, 0.0714748 ) (518,0) rel: ( 1.98509, -0.243739 ), (518,0) global: ( -25.1265, -0.602236 ), (518,0), changes: 0.68, -1.7 last seen:(518,0) globalposderived: (518,0)
 520: direction old: 165.548544, new: 171.419871
 521: direction old: 170.661258, new: 171.376004
 523: direction old: 169.708743, new: 168.441407
 524: direction old: 160.766423, new: 165.088242
(b)r: 2 phi: -7 vel: ( -0.419133, 0.0765757 ) (524,0) rel: ( 1.98509, -0.243739 ), (524,0) global: ( -28.5264, -0.523718 ), (524,0), changes: 0.44, 1.1 last seen:(524,0) globalposderived: (524,0)
(b)r: 1.97718 phi: -7.38205 vel: ( -0.393985, 0.0719812 ) (525,0) rel: ( 1.9608, -0.254038 ), (525,0) global: ( -28.9455, -0.447142 ), (525,0), changes: 0.44, 1.1 last seen:(524,0) globalposderived: (524,0)
 526: direction old: 164.938712, new: 160.537267
(b)r: 1.8 phi: -12 vel: ( -0.369515, 0.0625702 ) (526,0) rel: ( 1.76067, -0.374241 ), (526,0) global: ( -29.368, -0.224439 ), (526,0), changes: 0.396, 2.4 last seen:(526,0) globalposderived: (526,0)
 527: direction old: 167.603106, new: 160.055320
(b)r: 1.8 phi: -13 vel: ( -0.363849, 0.0570023 ) (527,0) rel: ( 1.75387, -0.404912 ), (527,0) global: ( -29.8287, 0.100246 ), (527,0), changes: 0.396, 2.6 last seen:(527,0) globalposderived: (527,0)
(b)r: 1.69756 phi: -14.2376 vel: ( -0.342019, 0.0535822 ) (528,0) rel: ( 1.64542, -0.417503 ), (528,0) global: ( -30.1925, 0.157249 ), (528,0), changes: 0.396, 2.6 last seen:(527,0) globalposderived: (527,0)
(b)r: 1.39717 phi: -17.896 vel: ( -0.321497, 0.0503673 ) (529,0) rel: ( 1.32957, -0.429338 ), (529,0) global: ( -30.5345, 0.210831 ), (529,0), changes: 0.396, 2.6 last seen:(527,0) globalposderived: (527,0)
 529: direction old: 144.950977, new: 154.469058
(b)r: 1.3 phi: -18 vel: ( 0, 0 ) (529,0) rel: ( 1.23637, -0.401722 ), (529,0) global: ( -30.5199, -0.0620495 ), (529,0), changes: 0.052, 1 last seen:(529,0) globalposderived: (529,0)
(b)r: 0.2 phi: -40.4656 vel: ( 0, 0 ) (530,0) rel: ( 0.152159, -0.129798 ), (530,0) global: ( -30.2395, -0.373406 ), (530,0), changes: 0.052, 1 last seen:(529,0) globalposderived: (529,0)
 530: direction old: 149.370943, new: 153.030423
(b)r: 1.3 phi: -20 vel: ( 0, 0 ) (530,0) rel: ( 1.2216, -0.444626 ), (530,0) global: ( -31.2526, 0.130014 ), (530,0), changes: 0.65, 12.5 last seen:(530,0) globalposderived: (530,0)
(b)r: 0.867661 phi: -30.8266 vel: ( 0, 0 ) (531,0) rel: ( 0.74508, -0.444626 ), (531,0) global: ( -31.2526, 0.130014 ), (531,0), changes: 0.65, 12.5 last seen:(530,0) globalposderived: (530,0)
(b)r: 0.533607 phi: -56.4337 vel: ( 0, 0 ) (532,0) rel: ( 0.295032, -0.444626 ), (532,0) global: ( -31.2526, 0.130014 ), (532,0), changes: 0.65, 12.5 last seen:(530,0) globalposderived: (530,0)
 532: direction old: 124.786682, new: 158.881706
(b)r: 1.8 phi: -14 vel: ( -0.644875, 0.0871131 ) (532,0) rel: ( 1.74653, -0.435459 ), (532,0) global: ( -32.5774, 0.26854 ), (532,0), changes: 0.468, 3.5 last seen:(532,0) globalposderived: (532,0)
(b)r: 1.8043 phi: -15.6971 vel: ( -0.606182, 0.0818863 ) (533,0) rel: ( 1.73701, -0.488157 ), (533,0) global: ( -33.2223, 0.355653 ), (533,0), changes: 0.468, 3.5 last seen:(532,0) globalposderived: (532,0)
 533: direction old: 153.872148, new: 156.666768
(b)r: 1.8 phi: -16 vel: ( 0, 0 ) (533,0) rel: ( 1.73027, -0.496147 ), (533,0) global: ( -33.2731, 0.282806 ), (533,0), changes: 0.324, 2.2 last seen:(533,0) globalposderived: (533,0)
(b)r: 1.11007 phi: -29.6825 vel: ( 0, 0 ) (534,0) rel: ( 0.964413, -0.549701 ), (534,0) global: ( -33.2731, 0.282806 ), (534,0), changes: 0.324, 2.2 last seen:(533,0) globalposderived: (533,0)
(b)r: 0.617481 phi: -68.7688 vel: ( 0, 0 ) (535,0) rel: ( 0.22361, -0.575571 ), (535,0) global: ( -33.2731, 0.282806 ), (535,0), changes: 0.324, 2.2 last seen:(533,0) globalposderived: (533,0)
 622: direction old: 12.945647, new: 15.033349
 623: 2 pos: ball(-7.370326,-3.941730), ball_prev(-6.704506,-3.860810), agentdiff(-0.000119,0.000366)
 623: vel based on 2 pos: (-0.625759,-0.076410)
 623: direction old: 19.587253, new: 17.767667
 628: direction old: 30.018561, new: 35.985025
 629: 2 pos: ball(-12.005194,-2.827670), ball_prev(-9.714024,-4.132846), agentdiff(-0.171402,0.184524)
 629: vel based on 2 pos: (-1.992582,1.053413)
 629: direction old: 31.374241, new: 98.723985
 632: Received coach message: online_coach_left (advice (0 (true) (do our {1} (home (pt -50 0))) (do our {2} (home (pt -12 26))) (do our {3} (home (pt -20 10))) (do our {4} (home (pt -20 -10))) (do our {5} (home (pt -12 -26))) (do our {6} (home (pt 20 0))) (do our {7} (home (pt 35 22))) (do our {8} (home (pt 12 -15))) (do our {9} (home (pt 0 0))) (do our {10} (home (pt 12 15))) (do our {11} (home (pt 35 -22))))))
 632: new home position for player 0: -50 0
 632: new home position for player 1: -12 26
 632: new home position for player 2: -20 10
 632: new home position for player 3: -20 -10
 632: new home position for player 4: -12 -26
 632: new home position for player 5: 20 0
 632: new home position for player 6: 35 22
 632: new home position for player 7: 12 -15
 632: new home position for player 8: 0 0
 632: new home position for player 9: 12 15
 632: new home position for player 10: 35 -22
 695: direction old: 162.842351, new: 162.891994
(b)r: 1.96949 phi: 11.8615 vel: ( -0.163137, 0.516056 ) (697,0) rel: ( 1.92744, 0.404821 ), (697,0) global: ( -48.7889, -16.4 ), (697,0), changes: 0.054, -8.7 last seen:(695,0) globalposderived: (695,0)
 697: direction old: 157.924361, new: 150.899504
(b)r: 2 phi: 10 vel: ( -0.161153, 0.521905 ) (697,0) rel: ( 1.96962, 0.347296 ), (697,0) global: ( -48.4339, -16.28 ), (697,0), changes: 0.12, -9.6 last seen:(697,0) globalposderived: (697,0)
(b)r: 1.68365 phi: 1.935 vel: ( -0.151484, 0.490591 ) (698,0) rel: ( 1.68269, 0.0568496 ), (698,0) global: ( -48.595, -15.7581 ), (698,0), changes: 0.12, -9.6 last seen:(697,0) globalposderived: (697,0)
 698: direction old: 145.424159, new: 143.011474
(b)r: 1.6 phi: 2 vel: ( -0.15432, 0.479721 ) (698,0) rel: ( 1.59903, 0.0558392 ), (698,0) global: ( -48.506, -15.7377 ), (698,0), changes: 0.128, -9.5 last seen:(698,0) globalposderived: (698,0)
(b)r: 1.19702 phi: -11.3086 vel: ( -0.145061, 0.450938 ) (699,0) rel: ( 1.17378, -0.234727 ), (699,0) global: ( -48.6603, -15.258 ), (699,0), changes: 0.128, -9.5 last seen:(698,0) globalposderived: (698,0)
(b)r: 0.869238 phi: -30.1596 vel: ( -0.136357, 0.423882 ) (700,0) rel: ( 0.751569, -0.436714 ), (700,0) global: ( -48.8054, -14.8071 ), (700,0), changes: 0.128, -9.5 last seen:(698,0) globalposderived: (698,0)
 700: turnWithBall: freeze ball
 700: direction old: 86.764118, new: 112.122674
(b)r: 0.9 phi: -28 vel: ( -0.134015, 0.425467 ) (700,0) rel: ( 0.794653, -0.422524 ), (700,0) global: ( -49.1962, -14.8909 ), (700,0), changes: 0.162, -10.5 last seen:(700,0) globalposderived: (700,0)
 700: turnWithBall: freeze ball
(b)r: 0.647319 phi: -40.7325 vel: ( -0.00647195, 0.012038 ) (701,0) rel: ( 0.490515, -0.422394 ), (701,0) global: ( -49.2031, -14.8781 ), (701,0), changes: 0.162, -10.5 last seen:(700,0) globalposderived: (700,0)
 701: turnWithBall: turn since ball will be kickable in t+1
 701: direction old: 101.947423, new: 99.804213
(b)r: 0.7 phi: -40 vel: ( -0.00973045, 0.0361282 ) (701,0) rel: ( 0.536231, -0.449951 ), (701,0) global: ( -49.1826, -14.8485 ), (701,0), changes: -0.056, -5.9 last seen:(701,0) globalposderived: (701,0)
 701: turnWithBall: turn since ball will be kickable in t+1
(b)r: 0.2 phi: 71.014 vel: ( 0.000914662, -0.00339605 ) (702,0) rel: ( 0.0650675, 0.18912 ), (702,0) global: ( -49.1656, -15.2596 ), (702,0), changes: -0.056, -5.9 last seen:(701,0) globalposderived: (701,0)
 702: turnWithBall: turn since ball will be kickable in t+1
(b)r: 0.2 phi: 93.2106 vel: ( -8.59782e-05, 0.000319229 ) (703,0) rel: ( -0.0112013, 0.199686 ), (703,0) global: ( -49.1649, -15.2596 ), (703,0), changes: -0.056, -5.9 last seen:(701,0) globalposderived: (701,0)
 703: ball (-49.164857,-15.259576), agent (-49.153655,-15.459262), to (-45.153655,-15.459262) ang 0.000000 0.000000
 703: relpos body (0.200000,93.210620), vel. ball:(-0.000086,0.000319) dist: 1.182299 (0.300000,0.085000,0.797299)
 703: point good and can reach point 30.758398
 703: 2 pos: ball(-48.921343,-14.800689), ball_prev(-49.182557,-14.848521), agentdiff(0.141252,0.166935)
 703: direction old: 167.875478, new: 79.506732
(b)r: 0.5 phi: 79 vel: ( -8.59782e-05, 0.000319229 ) (703,0) rel: ( 0.0954045, 0.490814 ), (703,0) global: ( -48.9213, -14.8007 ), (703,0), changes: -0.056, -5.9 last seen:(703,0) globalposderived: (703,0)
 703: ball (-48.921343,-14.800689), agent (-49.012403,-15.292327), to (-45.012560,-15.256951) ang 0.506732 0.506732
 703: relpos body (0.500000,79.000000), vel. ball:(-0.000086,0.000319) dist: 1.182299 (0.300000,0.085000,0.797299)
 703: point good and can reach point 33.435764
(b)r: 0.93941 phi: 25.0919 vel: ( 0.710772, -0.0806068 ) (704,0) rel: ( 0.850757, 0.398378 ), (704,0) global: ( -48.1652, -14.8864 ), (704,0), changes: -0.056, -5.9 last seen:(703,0) globalposderived: (703,0)
 704: ball (-48.165203,-14.886441), agent (-49.012403,-15.292327), to (-30.826976,-19.022384) ang 0.506732 0.506732
 704: relpos body (0.939410,25.091942), vel. ball:(0.710772,-0.080607) dist: 1.182299 (0.300000,0.085000,0.797299)
 704: point good and can reach point 97.380909
 704: direction old: 23.129274, new: 25.557134
(b)r: 1.2 phi: 25 vel: ( 0, 0 ) (704,0) rel: ( 1.08757, 0.507142 ), (704,0) global: ( -48.2562, -14.87 ), (704,0), changes: 0.672, -17.5 last seen:(704,0) globalposderived: (704,0)
(b)r: 0.764539 phi: 41.5544 vel: ( 0, 0 ) (705,0) rel: ( 0.572125, 0.507142 ), (705,0) global: ( -48.2562, -14.87 ), (705,0), changes: 0.672, -17.5 last seen:(704,0) globalposderived: (704,0)
(b)r: 0.513595 phi: 81.4149 vel: ( 0, 0 ) (706,0) rel: ( 0.0766686, 0.50784 ), (706,0) global: ( -48.2562, -14.87 ), (706,0), changes: 0.672, -17.5 last seen:(704,0) globalposderived: (704,0)
(b)r: 0.496051 phi: 69.9242 vel: ( 0, 0 ) (706,0) rel: ( 0.170276, 0.465911 ), (706,0) global: ( -48.4901, -14.7409 ), (706,0), changes: 0.672, -17.5 last seen:(704,0) globalposderived: (704,0)
 706: ball (-48.490103,-14.740925), agent (-48.423010,-15.337162), to (-30.593442,-18.990449) ang 0.420347 0.420347
 706: relpos body (0.496051,69.924232), vel. ball:(0.000000,0.000000) dist: 1.182299 (0.300000,0.085000,0.797299)
 706: point good and can reach point 118.990318
(b)r: 0.6 phi: 96 vel: ( 0, 0 ) (707,0) rel: ( -0.0627171, 0.596713 ), (707,0) global: ( -48.4901, -14.7409 ), (707,0), changes: 0.672, -17.5 last seen:(704,0) globalposderived: (704,0)
 707: ball (-48.490103,-14.740925), agent (-48.423010,-15.337162), to (-44.423118,-15.307816) ang 0.420347 0.420347
 707: relpos body (0.600000,96.000000), vel. ball:(0.000000,0.000000) dist: 1.182299 (0.300000,0.085000,0.797299)
 707: point good and can reach point 35.729569
(b)r: 0.6 phi: 96 vel: ( 0, 0 ) (707,0) rel: ( -0.0627171, 0.596713 ), (707,0) global: ( -48.4693, -14.7389 ), (707,0), changes: 0.672, -17.5 last seen:(704,0) globalposderived: (704,0)
 707: ball (-48.469254,-14.738947), agent (-48.423010,-15.337162), to (-30.593442,-18.990449) ang 0.420347 0.420347
 707: relpos body (0.600000,96.000000), vel. ball:(0.000000,0.000000) dist: 1.182299 (0.300000,0.085000,0.797299)
 707: point good and can reach point 129.234610
(b)r: 0.6 phi: 94 vel: ( 0, 0 ) (708,0) rel: ( -0.0418539, 0.598538 ), (708,0) global: ( -48.4693, -14.7389 ), (708,0), changes: 0.672, -17.5 last seen:(704,0) globalposderived: (704,0)
 708: ball (-48.469254,-14.738947), agent (-48.423010,-15.337162), to (-44.423118,-15.307816) ang 0.420347 0.420347
 708: relpos body (0.600000,94.000000), vel. ball:(0.000000,0.000000) dist: 1.182299 (0.300000,0.085000,0.797299)
 708: point good and can reach point 35.605822
(b)r: 0.6 phi: 94 vel: ( 0, 0 ) (709,0) rel: ( -0.0418539, 0.598538 ), (709,0) global: ( -48.4693, -14.7389 ), (709,0), changes: 0.672, -17.5 last seen:(704,0) globalposderived: (704,0)
 709: ball (-48.469254,-14.738947), agent (-48.423010,-15.337162), to (-44.423118,-15.307816) ang 0.420347 0.420347
 709: relpos body (0.600000,94.000000), vel. ball:(0.000000,0.000000) dist: 1.182299 (0.300000,0.085000,0.797299)
 709: point good and can reach point 35.605822
(b)r: 0.6 phi: 94 vel: ( 0, 0 ) (709,0) rel: ( -0.0418539, 0.598538 ), (709,0) global: ( -48.4693, -14.7389 ), (709,0), changes: 0.672, -17.5 last seen:(704,0) globalposderived: (704,0)
 709: ball (-48.469254,-14.738947), agent (-48.423010,-15.337162), to (-32.356806,-18.629135) ang 0.420347 0.420347
 709: relpos body (0.600000,94.000000), vel. ball:(0.000000,0.000000) dist: 1.182299 (0.300000,0.085000,0.797299)
 709: point good and can reach point 128.787014
(b)r: 0.6 phi: 94 vel: ( 0, 0 ) (710,0) rel: ( -0.0418539, 0.598538 ), (710,0) global: ( -48.4693, -14.7389 ), (710,0), changes: 0.672, -17.5 last seen:(704,0) globalposderived: (704,0)
 710: ball (-48.469254,-14.738947), agent (-48.423010,-15.337162), to (-44.423118,-15.307816) ang 0.420347 0.420347
 710: relpos body (0.600000,94.000000), vel. ball:(0.000000,0.000000) dist: 1.182299 (0.300000,0.085000,0.797299)
 710: point good and can reach point 35.605822
(b)r: 0.718033 phi: 87.6372 vel: ( 0, 0 ) (710,0) rel: ( 0.0296023, 0.717423 ), (710,0) global: ( -48.2251, -14.92 ), (710,0), changes: 0.672, -17.5 last seen:(704,0) globalposderived: (704,0)
 710: ball (-48.225135,-14.919990), agent (-48.493624,-15.456566), to (-44.493730,-15.427398) ang 0.417815 0.417815
 710: relpos body (0.718033,87.637205), vel. ball:(0.000000,0.000000) dist: 1.182299 (0.300000,0.085000,0.797299)
 710: point good and can reach point 34.687970
(b)r: 0.6 phi: 63 vel: ( 0, 0 ) (711,0) rel: ( 0.272394, 0.534604 ), (711,0) global: ( -48.2251, -14.92 ), (711,0), changes: 0.672, -17.5 last seen:(704,0) globalposderived: (704,0)
 711: ball (-48.225135,-14.919990), agent (-48.493624,-15.456566), to (-44.493730,-15.427398) ang 0.417815 0.417815
 711: relpos body (0.600000,63.000000), vel. ball:(0.000000,0.000000) dist: 1.182299 (0.300000,0.085000,0.797299)
 711: point good and can reach point 31.764263
(b)r: 0.6 phi: 63 vel: ( 0, 0 ) (712,0) rel: ( 0.272394, 0.534604 ), (712,0) global: ( -48.2251, -14.92 ), (712,0), changes: 0.672, -17.5 last seen:(704,0) globalposderived: (704,0)
 712: ball (-48.225135,-14.919990), agent (-48.493624,-15.456566), to (-44.493730,-15.427398) ang 0.417815 0.417815
 712: relpos body (0.600000,63.000000), vel. ball:(0.000000,0.000000) dist: 1.182299 (0.300000,0.085000,0.797299)
 712: point good and can reach point 31.764263
(b)r: 0.879373 phi: 58.4086 vel: ( 0, 0 ) (712,0) rel: ( 0.460666, 0.749055 ), (712,0) global: ( -48.0883, -15.5635 ), (712,0), changes: 0.672, -17.5 last seen:(704,0) globalposderived: (704,0)
 712: ball (-48.088263,-15.563477), agent (-48.678040,-15.673764), to (-44.678253,-15.632445) ang 0.591858 0.591858
 712: relpos body (0.879373,58.408614), vel. ball:(0.000000,0.000000) dist: 1.182299 (0.300000,0.085000,0.797299)
 712: point good and can reach point 35.141813
(b)r: 0.6 phi: 10 vel: ( 0, 0 ) (713,0) rel: ( 0.590885, 0.104189 ), (713,0) global: ( -48.0883, -15.5635 ), (713,0), changes: 0.672, -17.5 last seen:(704,0) globalposderived: (704,0)
 713: ball (-48.088263,-15.563477), agent (-48.678040,-15.673764), to (-44.678253,-15.632445) ang 0.591858 0.591858
 713: relpos body (0.600000,10.000000), vel. ball:(0.000000,0.000000) dist: 1.182299 (0.300000,0.085000,0.797299)
 713: point good and can reach point 29.219131
(b)r: 0.6 phi: 10 vel: ( 0, 0 ) (713,0) rel: ( 0.590885, 0.104189 ), (713,0) global: ( -47.8521, -16.0313 ), (713,0), changes: 0.672, -17.5 last seen:(-1,0) globalposderived: (704,0)
 713: ball (-47.852111,-16.031314), agent (-48.678040,-15.673764), to (-44.678253,-15.632445) ang 0.591858 0.591858
 713: relpos body (0.600000,10.000000), vel. ball:(0.000000,0.000000) dist: 1.182299 (0.300000,0.085000,0.797299)
 713: point good and can reach point 29.219131
(b)r: 0.6 phi: 10 vel: ( 0, 0 ) (714,0) rel: ( 0.590885, 0.104189 ), (713,0) global: ( -47.8521, -16.0313 ), (714,0), changes: 0.672, -17.5 last seen:(-1,0) globalposderived: (704,0)
 714: ball (-47.852111,-16.031314), agent (-48.678040,-15.673764), to (-44.678253,-15.632445) ang 0.591858 0.591858
 714: relpos body (0.600000,10.000000), vel. ball:(0.000000,0.000000) dist: 1.182299 (0.300000,0.085000,0.797299)
 714: point good and can reach point 29.219131
(b)r: 0.6 phi: 10 vel: ( 0, 0 ) (715,0) rel: ( 0.590885, 0.104189 ), (713,0) global: ( -47.8521, -16.0313 ), (715,0), changes: 0.672, -17.5 last seen:(-1,0) globalposderived: (704,0)
 715: ball (-47.852111,-16.031314), agent (-48.678040,-15.673764), to (-44.678253,-15.632445) ang 0.591858 0.591858
 715: relpos body (0.600000,10.000000), vel. ball:(0.000000,0.000000) dist: 1.182299 (0.300000,0.085000,0.797299)
 715: point good and can reach point 29.219131
(b)r: 0.722466 phi: -9.63577 vel: ( -1.37493, -0.70743 ) (832,0) rel: ( 0.712273, -0.120929 ), (832,0) global: ( -20.5571, -0.980494 ), (832,0), changes: -1.804, -1.4 last seen:(830,0) globalposderived: (830,0)
 832: turnWithBall: turn since ball will be kickable in t+1
 832: direction old: 11.447369, new: 5.838285
(b)r: 0.6 phi: -18 vel: ( -1.34859, -0.730271 ) (832,0) rel: ( 0.570634, -0.18541 ), (832,0) global: ( -20.6545, -1.06006 ), (832,0), changes: -1.392, -58.7 last seen:(832,0) globalposderived: (832,0)
 832: turnWithBall: freeze ball
(b)r: 0.59313 phi: -19.9482 vel: ( -0.00481657, -0.0195458 ) (833,0) rel: ( 0.557543, -0.202359 ), (833,0) global: ( -20.6596, -1.08085 ), (833,0), changes: -1.392, -58.7 last seen:(832,0) globalposderived: (832,0)
 833: turnWithBall: turn since ball will be kickable in t+1
 833: direction old: 3.890058, new: 8.838285
(b)r: 0.5 phi: -15 vel: ( -0.0934901, 0.0154901 ) (833,0) rel: ( 0.482963, -0.12941 ), (833,0) global: ( -20.7573, -1.04427 ), (833,0), changes: -0.09, 3.4 last seen:(833,0) globalposderived: (833,0)
 833: turnWithBall: turn since ball will be kickable in t+1
(b)r: 0.411072 phi: 12.9774 vel: ( -0.0878807, 0.0145607 ) (834,0) rel: ( 0.400573, 0.0923132 ), (834,0) global: ( -20.8508, -1.02878 ), (834,0), changes: -0.09, 3.4 last seen:(833,0) globalposderived: (833,0)
 834: ball (-20.850827,-1.028780), agent (-21.251400,-1.121093), to (-17.251400,-1.121093) ang 0.000000 0.000000
 834: relpos body (0.411072,12.977411), vel. ball:(-0.087881,0.014561) dist: 1.182299 (0.300000,0.085000,0.797299)
 834: point good and can reach point 30.924751
(b)r: 1.10385 phi: 4.12206 vel: ( 0.658392, -0.0121892 ) (835,0) rel: ( 1.10099, 0.079346 ), (835,0) global: ( -20.1504, -1.04175 ), (835,0), changes: -0.09, 3.4 last seen:(833,0) globalposderived: (833,0)
 835: ball (-20.150410,-1.041747), agent (-21.251400,-1.121093), to (-17.251400,-1.121093) ang 0.000000 0.000000
 835: relpos body (1.103846,4.122055), vel. ball:(0.658392,-0.012189) dist: 1.182299 (0.300000,0.085000,0.797299)
 835: point good and can reach point 1.134014
 835: direction old: -1.995239, new: 5.309264
(b)r: 1.1 phi: 3 vel: ( 0.648959, 0.000483462 ) (835,0) rel: ( 1.09849, 0.0575696 ), (835,0) global: ( -20.1202, -0.902858 ), (835,0), changes: 0.638, -2.4 last seen:(835,0) globalposderived: (835,0)
 835: ball (-20.120190,-0.902858), agent (-21.215471,-1.004643), to (-17.218719,-0.843469) ang 2.309264 2.309264
 835: relpos body (1.100000,3.000000), vel. ball:(0.648959,0.000483) dist: 1.182299 (0.300000,0.085000,0.797299)
 835: point good and can reach point 1.674480
(b)r: 1.27081 phi: 0.688642 vel: ( 0.610022, 0.000454455 ) (836,0) rel: ( 1.27071, 0.0152735 ), (836,0) global: ( -19.4712, -0.902375 ), (836,0), changes: 0.638, -2.4 last seen:(835,0) globalposderived: (835,0)
 836: direction old: 3.113854, new: 3.388925
(b)r: 1.3 phi: 1 vel: ( 0.616098, 0.00772138 ) (836,0) rel: ( 1.2998, 0.0226881 ), (836,0) global: ( -19.4424, -0.894555 ), (836,0), changes: 0.442, -1.1 last seen:(836,0) globalposderived: (836,0)
(b)r: 1.73063 phi: -1.15042 vel: ( 0.579132, 0.0072581 ) (837,0) rel: ( 1.73028, -0.0347463 ), (837,0) global: ( -18.8263, -0.886834 ), (837,0), changes: 0.442, -1.1 last seen:(836,0) globalposderived: (836,0)
 838: direction old: 1.274033, new: 1.278778
 839: direction old: 0.405615, new: 0.156063
 841: direction old: -5.467258, new: -4.980087
(b)r: 2 phi: -7 vel: ( 0.49818, -0.0303703 ) (841,0) rel: ( 1.98509, -0.243739 ), (841,0) global: ( -16.5647, -0.900981 ), (841,0), changes: 0.2, -1.1 last seen:(841,0) globalposderived: (841,0)
(b)r: 1.75041 phi: -11.374 vel: ( 0.468289, -0.0285481 ) (842,0) rel: ( 1.71603, -0.345203 ), (842,0) global: ( -16.0666, -0.931352 ), (842,0), changes: 0.2, -1.1 last seen:(841,0) globalposderived: (841,0)
 842: direction old: -5.366639, new: -10.679010
(b)r: 1.6 phi: -13 vel: ( 0, 0 ) (842,0) rel: ( 1.55899, -0.359922 ), (842,0) global: ( -16.1041, -1.07661 ), (842,0), changes: 0.16, -1.5 last seen:(842,0) globalposderived: (842,0)
(b)r: 1.31002 phi: -5.79894 vel: ( 0, 0 ) (843,0) rel: ( 1.30331, -0.132361 ), (843,0) global: ( -16.1041, -1.07661 ), (843,0), changes: 0.16, -1.5 last seen:(842,0) globalposderived: (842,0)
(b)r: 1.21551 phi: -1.9221 vel: ( 0, 0 ) (844,0) rel: ( 1.21483, -0.0407691 ), (844,0) global: ( -16.1041, -1.07661 ), (844,0), changes: 0.16, -1.5 last seen:(842,0) globalposderived: (842,0)
 844: direction old: -30.466371, new: -12.709110
(b)r: 1.67223 phi: 5.26557 vel: ( 0, 0 ) (845,0) rel: ( 1.66517, 0.153464 ), (845,0) global: ( -15.114, -0.880581 ), (845,0), changes: 0.352, 1.1 last seen:(844,0) globalposderived: (844,0)
 845: direction old: -1.109675, new: 14.721409
(b)r: 1.70808 phi: -0.706441 vel: ( 0, 0 ) (847,0) rel: ( 1.70795, -0.0210596 ), (847,0) global: ( -14.3778, -0.212707 ), (847,0), changes: 0.7, 18.8 last seen:(845,0) globalposderived: (845,0)
 847: direction old: 16.504741, new: 14.076117
(b)r: 1.6 phi: -3 vel: ( 0, 0 ) (847,0) rel: ( 1.59781, -0.0837375 ), (847,0) global: ( -14.5065, -0.321537 ), (847,0), changes: -0.192, -1.6 last seen:(847,0) globalposderived: (847,0)
(b)r: 0.2 phi: -5.61083 vel: ( 0, 0 ) (848,0) rel: ( 0.199042, -0.0195542 ), (848,0) global: ( -15.1499, -0.452026 ), (848,0), changes: -0.192, -1.6 last seen:(847,0) globalposderived: (847,0)
 848: 2 pos: ball(-15.596906,-0.221346), ball_prev(-14.506491,-0.321537), agentdiff(0.032576,-0.011634)
 848: direction old: 17.454926, new: 135.156632
(b)r: 0.4 phi: 118 vel: ( 0, 0 ) (848,0) rel: ( -0.187789, 0.353179 ), (848,0) global: ( -15.5969, -0.221346 ), (848,0), changes: -0.192, -1.6 last seen:(848,0) globalposderived: (848,0)
 848: ball (-15.596906,-0.221346), agent (-15.313291,-0.503415), to (-11.491283,0.676525) ang 17.156632 17.156632
 848: relpos body (0.400000,118.000000), vel. ball:(0.000000,0.000000) dist: 1.182299 (0.300000,0.085000,0.797299)
 848: point good and can reach point 34.347664
(b)r: 0.671433 phi: 26.6653 vel: ( 0.698607, 0.163299 ) (849,0) rel: ( 0.600022, 0.301324 ), (849,0) global: ( -14.8537, -0.0476242 ), (849,0), changes: -0.192, -1.6 last seen:(848,0) globalposderived: (848,0)
 849: ball (-14.853707,-0.047624), agent (-15.338143,-0.512537), to (-11.516135,0.667402) ang 17.156632 17.156632
 849: relpos body (0.671433,26.665294), vel. ball:(0.698607,0.163299) dist: 1.182299 (0.300000,0.085000,0.797299)
 849: point good and can reach point 0.647953
(b)r: 0.848479 phi: 17.2636 vel: ( 0, 0 ) (850,0) rel: ( 0.810254, 0.251802 ), (850,0) global: ( -14.1551, 0.115675 ), (850,0), changes: -0.192, -1.6 last seen:(848,0) globalposderived: (848,0)
 850: ball (-14.155101,0.115675), agent (-14.855023,-0.363935), to (-11.033015,0.816005) ang 17.156632 17.156632
 850: relpos body (0.848479,17.263600), vel. ball:(0.000000,0.000000) dist: 1.182299 (0.300000,0.085000,0.797299)
 850: point good and can reach point 32.314505
 865: direction old: 28.185166, new: 28.005647
(b)r: 1.08108 phi: -81.345 vel: ( -0.704194, 0.0202696 ) (866,0) rel: ( 0.162686, -1.06876 ), (866,0) global: ( -9.45446, 1.56224 ), (866,0), changes: -0.92, 7.6 last seen:(865,0) globalposderived: (865,0)
 866: turnWithBall: kick ball away from opp at ang -18.709000
 866: (kick 39.013568 102.266183), vecDesired (-1.185425,-0.494187) 36.646031 posDes(-10.639889,1.068050)
 866: 2 pos: ball(-9.626614,1.576082), ball_prev(-8.705321,1.540673), agentdiff(-0.077847,0.033824)
 866: vel based on 2 pos: (-0.792839,0.001490)
 866: direction old: 39.296463, new: 46.173775
(b)r: 1 phi: -85 vel: ( -0.792839, 0.00149025 ) (866,0) rel: ( 0.0871557, -0.996195 ), (866,0) global: ( -9.62661, 1.57608 ), (866,0), changes: -0.92, 7.6 last seen:(866,0) globalposderived: (866,0)
 866: turnWithBall: kick ball away from opp at ang -28.826225
 866: (kick 25.270626 103.506151), vecDesired (-1.064672,-0.382147) 20.000000 posDes(-10.691286,1.193935)
(b)r: 0.513751 phi: 17.8434 vel: ( -1.0012, -0.35311 ) (867,0) rel: ( 0.489039, 0.157422 ), (867,0) global: ( -10.6917, 1.20043 ), (867,0), changes: -0.92, 7.6 last seen:(866,0) globalposderived: (866,0)
 867: turnWithBall: freeze ball
(b)r: 0.536336 phi: 22.6143 vel: ( -0.00575077, 0.0117415 ) (868,0) rel: ( 0.4951, 0.206235 ), (868,0) global: ( -10.6978, 1.21292 ), (868,0), changes: -0.92, 7.6 last seen:(866,0) globalposderived: (866,0)
 868: turnWithBall: turn since ball will be kickable in t+1
 868: 2 pos: ball(-8.686547,2.204361), ball_prev(-9.626614,1.576082), agentdiff(0.118741,0.111170)
 868: direction old: 168.163801, new: 38.363325
(b)r: 1.8 phi: -93 vel: ( -0.00575077, 0.0117415 ) (868,0) rel: ( -0.0942047, -1.79753 ), (868,0) global: ( -8.68655, 2.20436 ), (868,0), changes: -0.92, 7.6 last seen:(868,0) globalposderived: (868,0)
(b)r: 1.77645 phi: 172.955 vel: ( -0.00540573, 0.011037 ) (869,0) rel: ( -1.76304, 0.217887 ), (869,0) global: ( -8.6923, 2.2161 ), (869,0), changes: -0.92, 7.6 last seen:(868,0) globalposderived: (868,0)
(b)r: 1.25988 phi: 154.551 vel: ( 0, 0 ) (870,0) rel: ( -1.13763, 0.541383 ), (870,0) global: ( -9.6831, 1.33898 ), (870,0), changes: -0.92, 7.6 last seen:(868,0) globalposderived: (868,0)
(b)r: 1.9045 phi: 163.485 vel: ( 0, 0 ) (871,0) rel: ( -1.82593, 0.541383 ), (871,0) global: ( -9.6831, 1.33898 ), (871,0), changes: -0.92, 7.6 last seen:(868,0) globalposderived: (868,0)
(b)r: 1.99696 phi: 171.605 vel: ( 0, 0 ) (871,0) rel: ( -1.97556, 0.291546 ), (871,0) global: ( -9.30972, 1.18089 ), (871,0), changes: -0.92, 7.6 last seen:(868,0) globalposderived: (868,0)
 981: Received coach message: online_coach_left (advice (0 (true) (do our {1} (home (pt -50 0))) (do our {2} (home (pt -12 26))) (do our {3} (home (pt -20 10))) (do our {4} (home (pt -20 -10))) (do our {5} (home (pt -12 -26))) (do our {6} (home (pt 12 15))) (do our {7} (home (pt 35 22))) (do our {8} (home (pt 35 -22))) (do our {9} (home (pt 0 0))) (do our {10} (home (pt 20 0))) (do our {11} (home (pt 12 -15))))))
 981: new home position for player 0: -50 0
 981: new home position for player 1: -12 26
 981: new home position for player 2: -20 10
 981: new home position for player 3: -20 -10
 981: new home position for player 4: -12 -26
 981: new home position for player 5: 12 15
 981: new home position for player 6: 35 22
 981: new home position for player 7: 35 -22
 981: new home position for player 8: 0 0
 981: new home position for player 9: 20 0
 981: new home position for player 10: 12 -15
 1112: direction old: -179.131675, new: -179.040999
(b)r: 1.82663 phi: -10.7018 vel: ( -0.174771, 0.0675946 ) (1113,0) rel: ( 1.79485, -0.339201 ), (1113,0) global: ( -25.6408, -6.67041 ), (1113,0), changes: -0.15, -2.2 last seen:(1112,0) globalposderived: (1112,0)
(b)r: 1.26407 phi: -22.3155 vel: ( -0.164285, 0.063539 ) (1114,0) rel: ( 1.1694, -0.479976 ), (1114,0) global: ( -25.8156, -6.60282 ), (1114,0), changes: -0.15, -2.2 last seen:(1112,0) globalposderived: (1112,0)
 1114: direction old: 174.936737, new: 163.442706
(b)r: 1.2 phi: -23 vel: ( -0.135243, 0.0619938 ) (1114,0) rel: ( 1.10461, -0.468877 ), (1114,0) global: ( -25.6758, -6.37515 ), (1114,0), changes: -0.12, -7.5 last seen:(1114,0) globalposderived: (1114,0)
(b)r: 0.644117 phi: -53.2483 vel: ( -0.127129, 0.0582742 ) (1115,0) rel: ( 0.385407, -0.51609 ), (1115,0) global: ( -25.811, -6.31316 ), (1115,0), changes: -0.12, -7.5 last seen:(1114,0) globalposderived: (1114,0)
 1115: ball (-25.811032,-6.313158), agent (-25.370150,-6.782742), to (-10.093149,10.470651) ang -173.557294 -173.557294
 1115: relpos body (0.644117,-53.248307), vel. ball:(-0.127129,0.058274) dist: 1.182299 (0.300000,0.085000,0.797299)
 1115: point too far, reposition ball (k_r = 0.844795)
 1115: (kick 29.083868 60.449206), vecDesired (-0.387486,-0.551887) 0.000000 posDes(-26.198519,-6.865045)
 1115: 2 pos: ball(-25.893660,-6.460017), ball_prev(-25.675789,-6.375151), agentdiff(-0.046177,-0.189283)
 1115: vel based on 2 pos: (-0.161392,0.098153)
 1115: direction old: 120.924418, new: 132.992698
(b)r: 0.7 phi: -53 vel: ( -0.161392, 0.0981526 ) (1115,0) rel: ( 0.421271, -0.559045 ), (1115,0) global: ( -25.8937, -6.46002 ), (1115,0), changes: -0.12, -7.5 last seen:(1115,0) globalposderived: (1115,0)
 1115: ball (-25.893660,-6.460017), agent (-25.416327,-6.972026), to (-10.093149,10.470651) ang -174.007302 -174.007302
 1115: relpos body (0.700000,-53.000000), vel. ball:(-0.161392,0.098153) dist: 1.182299 (0.300000,0.085000,0.797299)
 1115: point too far, reposition ball (k_r = 0.827618)
 1115: (kick 31.856418 68.504823), vecDesired (-0.351656,-0.587803) 0.000000 posDes(-26.245317,-7.047820)
(b)r: 0.515284 phi: -4.71125 vel: ( -0.331271, -0.533642 ) (1116,0) rel: ( 0.513543, -0.0423224 ), (1116,0) global: ( -26.2461, -7.02772 ), (1116,0), changes: -0.12, -7.5 last seen:(1115,0) globalposderived: (1115,0)
 1116: ball (-26.246076,-7.027722), agent (-25.730921,-7.016198), to (-20.956528,-23.111355) ang -174.007302 -174.007302
 1116: relpos body (0.515284,-4.711247), vel. ball:(-0.331271,-0.533642) dist: 1.182299 (0.300000,0.085000,0.797299)
 1116: point good and can reach point 94.614289
 1261: Received coach message: online_coach_left (advice (0 (true) (do our {1} (home (pt -50 0))) (do our {2} (home (pt -12 26))) (do our {3} (home (pt -20 10))) (do our {4} (home (pt -20 -10))) (do our {5} (home (pt -12 -26))) (do our {6} (home (pt 0 0))) (do our {7} (home (pt 35 22))) (do our {8} (home (pt 35 -22))) (do our {9} (home (pt 20 0))) (do our {10} (home (pt 12 15))) (do our {11} (home (pt 12 -15))))))
 1261: new home position for player 0: -50 0
 1261: new home position for player 1: -12 26
 1261: new home position for player 2: -20 10
 1261: new home position for player 3: -20 -10
 1261: new home position for player 4: -12 -26
 1261: new home position for player 5: 0 0
 1261: new home position for player 6: 35 22
 1261: new home position for player 7: 35 -22
 1261: new home position for player 8: 20 0
 1261: new home position for player 9: 12 15
 1261: new home position for player 10: 12 -15
 1380: direction old: 125.286788, new: 122.463208
(b)r: 0.652284 phi: -116.668 vel: ( 1.36359, -1.43262 ) (1381,0) rel: ( -0.29276, -0.582894 ), (1381,0) global: ( -11.3151, -4.25048 ), (1381,0), changes: -2.106, -7.3 last seen:(1380,0) globalposderived: (1380,0)
 1381: ball (-11.315132,-4.250478), agent (-11.289035,-4.902240), to (16.568519,-22.661339) ang -151.038889 -151.038889
 1381: relpos body (0.652284,-116.668166), vel. ball:(1.363588,-1.432616) dist: 1.182299 (0.300000,0.085000,0.797299)
 1381: pos (3.331562,-2.199745) too far, but can acc ball good to 3.914466 k=2.036210,-0.444185
 1382: 2 pos: ball(-8.892310,-5.827119), ball_prev(-12.765758,-2.726418), agentdiff(-0.073799,0.158745)
 1382: direction old: -25.097801, new: -24.243216
