(b)r: 1.44626 phi: -1.15036 vel: ( 0, 0 ) (1,0) rel: ( 1.44597, -0.0290354 ), (1,0) global: ( 0, 0 ), (1,0), changes: 0, 0 last seen:(0,206) globalposderived: (0,206)
(b)r: 1.5 phi: -1 vel: ( 0, 0 ) (1,0) rel: ( 1.49977, -0.0261786 ), (1,0) global: ( 0, 0 ), (1,0), changes: -0.21, -0.8 last seen:(1,0) globalposderived: (1,0)
(b)r: 0.761314 phi: -3.92954 vel: ( 0, 0 ) (2,0) rel: ( 0.759524, -0.0521726 ), (2,0) global: ( 0, 0 ), (2,0), changes: -0.21, -0.8 last seen:(1,0) globalposderived: (1,0)
 2: ball (0.000000,0.000000), agent (-0.759493,0.052611), to (-2.000000,0.000000) ang -0.033075 -0.033075
 2: relpos body (0.761314,-3.929541), vel. ball:(0.000000,0.000000) dist: 1.139646 (0.300000,0.085000,0.754646)
 2: point good and can reach point 77.001572
(b)r: 1.31619 phi: -175.347 vel: ( -1.69972, -0.0286873 ) (3,0) rel: ( -1.31185, -0.10676 ), (3,0) global: ( -1.80822, -0.0305184 ), (3,0), changes: -0.21, -0.8 last seen:(1,0) globalposderived: (1,0)
 3: 2 pos: ball(-1.853344,0.013153), ball_prev(0.000000,0.000000), agentdiff(-0.057375,-0.033010)
 3: direction old: -176.670114, new: -178.707564
(b)r: 1.3 phi: -179 vel: ( -1.69972, -0.0286873 ) (3,0) rel: ( -1.2998, -0.0226881 ), (3,0) global: ( -1.85334, 0.0131526 ), (3,0), changes: -0.21, -0.8 last seen:(3,0) globalposderived: (3,0)
 145: direction old: -177.073310, new: -166.429837
(b)r: 1.70222 phi: -4.31641 vel: ( 0.747526, 0.996701 ) (146,0) rel: ( 1.69739, -0.128116 ), (146,0) global: ( -2.71199, -0.0358473 ), (146,0), changes: -0.148, -5.7 last seen:(145,0) globalposderived: (145,0)
(b)r: 1.71748 phi: -47.0455 vel: ( 0.702674, 0.936899 ) (147,0) rel: ( 1.17032, -1.25701 ), (147,0) global: ( -1.96446, 0.960853 ), (147,0), changes: -0.148, -5.7 last seen:(145,0) globalposderived: (145,0)
 147: 2 pos: ball(-1.990537,1.423002), ball_prev(-3.507230,-1.096167), agentdiff(-0.094820,0.329539)
 147: direction old: 124.789231, new: 117.054023
(b)r: 1.8 phi: -65 vel: ( 0.733986, 0.997298 ) (147,0) rel: ( 0.760713, -1.63135 ), (147,0) global: ( -1.99054, 1.423 ), (147,0), changes: -0.148, -5.7 last seen:(147,0) globalposderived: (147,0)
 148: 2 pos: ball(-1.258203,2.092364), ball_prev(-1.990537,1.423002), agentdiff(0.099508,-0.421193)
 148: vel based on 2 pos: (0.594857,1.025121)
 148: direction old: 93.488880, new: 93.947361
(b)r: 1.99713 phi: -51.1424 vel: ( -1.222, 1.41 ) (373,0) rel: ( 1.25297, -1.55518 ), (373,0) global: ( 16.7, -1.5 ), (373,0), changes: -0.24, -6.8 last seen:(373,0) globalposderived: (373,0)
(b)r: 1.73639 phi: -122.992 vel: ( -1.034, 1.222 ) (385,0) rel: ( -0.945508, -1.45639 ), (385,0) global: ( 10.9, 1.3 ), (385,0), changes: 0.11, -7.4 last seen:(385,0) globalposderived: (376,0)
(b)r: 1.58916 phi: -129.968 vel: ( -1.034, 1.222 ) (385,0) rel: ( -1.02082, -1.21793 ), (385,0) global: ( 10.8855, 2.06137 ), (385,0), changes: 0.11, -7.4 last seen:(385,0) globalposderived: (376,0)
 505: 2 pos: ball(22.956131,-4.371845), ball_prev(25.822930,-5.042217), agentdiff(0.011749,0.093965)
 505: vel based on 2 pos: (-2.705835,0.541823)
 505: direction old: -69.572141, new: -83.427059
(b)r: 1.1 phi: -135 vel: ( -2.70583, 0.541823 ) (505,0) rel: ( -0.777817, -0.777817 ), (505,0) global: ( 22.9561, -4.37185 ), (505,0), changes: -1.702, -27.3 last seen:(505,0) globalposderived: (505,0)
 792: direction old: -37.393046, new: -52.513682
 793: direction old: -54.595730, new: -70.588595
(b)r: 1.55844 phi: 1.71317 vel: ( 0, 0 ) (795,0) rel: ( 1.55774, 0.0465909 ), (795,0) global: ( 19.2721, -6.15986 ), (795,0), changes: -0.132, -17.6 last seen:(793,0) globalposderived: (793,0)
 795: direction old: -69.947542, new: -108.969412
 796: 2 pos: ball(17.576872,-6.759478), ball_prev(18.100079,-6.621358), agentdiff(-0.032617,-0.011680)
 796: vel based on 2 pos: (-0.461155,-0.118854)
 796: direction old: -124.860402, new: -123.931256
 798: 2 pos: ball(18.550179,-5.557110), ball_prev(17.576872,-6.759478), agentdiff(-0.024836,0.017257)
 798: direction old: -137.199220, new: -115.914800
(b)r: 0.6 phi: 58 vel: ( -0.407476, -0.105019 ) (798,0) rel: ( 0.317952, 0.508829 ), (798,0) global: ( 18.5502, -5.55711 ), (798,0), changes: 0.12, -17.1 last seen:(798,0) globalposderived: (798,0)
 798: turnWithBall: kick ball away from opp at ang -113.914800
 798: (kick 61.377907 -134.746691), vecDesired (0.470672,0.992600) -120.000000 posDes(19.020851,-4.564510)
(b)r: 0.494868 phi: -118.507 vel: ( 0.423916, 0.937295 ) (799,0) rel: ( -0.236184, -0.434869 ), (799,0) global: ( 19.0012, -4.55999 ), (799,0), changes: 0.12, -17.1 last seen:(798,0) globalposderived: (798,0)
 799: turnWithBall: freeze ball
 799: 2 pos: ball(20.021171,-2.829094), ball_prev(18.550179,-5.557110), agentdiff(0.000000,0.000000)
 799: vel based on 2 pos: (1.382732,2.564335)
 799: direction old: 67.578083, new: 61.085200
 882: direction old: -117.248491, new: -115.659808
(b)r: 1.91811 phi: 2.60964 vel: ( -0.486233, 1.77898 ) (893,0) rel: ( 1.91612, 0.0873335 ), (893,0) global: ( -0.198692, -0.911744 ), (893,0), changes: -1.716, -18.1 last seen:(892,0) globalposderived: (892,0)
(b)r: 1.97778 phi: -53.8731 vel: ( -0.457059, 1.67224 ) (894,0) rel: ( 1.16605, -1.59748 ), (894,0) global: ( -0.684925, 0.867233 ), (894,0), changes: -1.716, -18.1 last seen:(892,0) globalposderived: (892,0)
 894: 2 pos: ball(-0.813460,0.793608), ball_prev(0.318577,-2.804273), agentdiff(-0.136211,-0.180353)
 894: direction old: 159.110987, new: 162.396309
 939: direction old: -24.426998, new: -19.414110
 997: direction old: -116.796386, new: -114.239024
(b)r: 1.69312 phi: -11.4002 vel: ( -0.133367, 0.519764 ) (998,0) rel: ( 1.65972, -0.334664 ), (998,0) global: ( 4.60002, -5.04012 ), (998,0), changes: -0.572, -10.1 last seen:(997,0) globalposderived: (997,0)
(b)r: 1.3819 phi: -18.3207 vel: ( -0.125365, 0.488579 ) (999,0) rel: ( 1.31185, -0.434379 ), (999,0) global: ( 4.46666, -4.52035 ), (999,0), changes: -0.572, -10.1 last seen:(997,0) globalposderived: (997,0)
 999: direction old: -143.888733, new: -147.007115
(b)r: 1.5 phi: -20 vel: ( -0.135908, 0.508709 ) (999,0) rel: ( 1.40954, -0.51303 ), (999,0) global: ( 4.36451, -4.49387 ), (999,0), changes: -0.18, -20.5 last seen:(999,0) globalposderived: (999,0)
(b)r: 1.41684 phi: -21.3176 vel: ( -0.127754, 0.478187 ) (1000,0) rel: ( 1.3199, -0.515075 ), (1000,0) global: ( 4.2286, -3.98516 ), (1000,0), changes: -0.18, -20.5 last seen:(999,0) globalposderived: (999,0)
 1000: direction old: -161.427899, new: -168.189369
(b)r: 1.3 phi: -19 vel: ( -0.125428, 0.459227 ) (1000,0) rel: ( 1.22917, -0.423239 ), (1000,0) global: ( 4.4808, -3.73895 ), (1000,0), changes: 0.026, -20.5 last seen:(1000,0) globalposderived: (1000,0)
(b)r: 1.41119 phi: -18.2562 vel: ( -0.117903, 0.431673 ) (1001,0) rel: ( 1.34016, -0.442077 ), (1001,0) global: ( 4.35537, -3.27973 ), (1001,0), changes: 0.026, -20.5 last seen:(1000,0) globalposderived: (1000,0)
(b)r: 1.63954 phi: -14.5349 vel: ( -0.110828, 0.405773 ) (1002,0) rel: ( 1.58706, -0.411474 ), (1002,0) global: ( 4.23747, -2.84806 ), (1002,0), changes: 0.026, -20.5 last seen:(1000,0) globalposderived: (1000,0)
 1002: direction old: 146.654745, new: 158.719193
(b)r: 1.6 phi: -12 vel: ( -0.10302, 0.389254 ) (1002,0) rel: ( 1.56504, -0.332659 ), (1002,0) global: ( 4.18127, -3.2114 ), (1002,0), changes: 0.224, -11.2 last seen:(1002,0) globalposderived: (1002,0)
(b)r: 1.86585 phi: 0 vel: ( 0, 0 ) (1003,0) rel: ( 1.86585, 0 ), (1003,0) global: ( 4.07825, -2.82215 ), (1003,0), changes: 0.224, -11.2 last seen:(1002,0) globalposderived: (1002,0)
 1011: direction old: 154.863930, new: 161.693231
 1012: direction old: 170.393346, new: 169.516848
(b)r: 1.93307 phi: 19.6969 vel: ( -0.227264, -0.00164158 ) (1013,0) rel: ( 1.81997, 0.651533 ), (1013,0) global: ( -1.19596, -0.589713 ), (1013,0), changes: -0.08, 4.8 last seen:(1012,0) globalposderived: (1012,0)
 1014: direction old: -173.317714, new: 175.645644
 1015: direction old: 176.358476, new: 179.875914
(b)r: 1.8 phi: 23 vel: ( -0.196111, -0.0028453 ) (1015,0) rel: ( 1.65691, 0.703316 ), (1015,0) global: ( -1.39272, -0.324586 ), (1015,0), changes: 0.216, -0.1 last seen:(1015,0) globalposderived: (1015,0)
(b)r: 1.53989 phi: 30.5754 vel: ( -0.184344, -0.00267458 ) (1016,0) rel: ( 1.32579, 0.783299 ), (1016,0) global: ( -1.58883, -0.327432 ), (1016,0), changes: 0.216, -0.1 last seen:(1015,0) globalposderived: (1015,0)
(b)r: 1.74634 phi: 29.4502 vel: ( -0.173284, -0.0025141 ) (1017,0) rel: ( 1.52068, 0.858616 ), (1017,0) global: ( -1.77318, -0.330106 ), (1017,0), changes: 0.216, -0.1 last seen:(1015,0) globalposderived: (1015,0)
 1017: direction old: 170.201092, new: -174.258392
 1018: direction old: -169.144281, new: -173.017486
 1353: direction old: -179.146587, new: 179.076762
 1354: direction old: 175.678578, new: 175.097717
(b)r: 1.74157 phi: -3.8313 vel: ( -0.188817, 0.0821292 ) (1356,0) rel: ( 1.73768, -0.11637 ), (1356,0) global: ( 0.986515, -1.12445 ), (1356,0), changes: -0.044, -3.1 last seen:(1354,0) globalposderived: (1354,0)
 1356: direction old: 167.229772, new: 168.418774
(b)r: 1.8 phi: -5 vel: ( -0.192546, 0.0905219 ) (1356,0) rel: ( 1.79315, -0.15688 ), (1356,0) global: ( 0.994199, -1.16449 ), (1356,0), changes: -0.036, -2.8 last seen:(1356,0) globalposderived: (1356,0)
(b)r: 1.75098 phi: -1.91178 vel: ( -0.180993, 0.0850906 ) (1357,0) rel: ( 1.75001, -0.0584141 ), (1357,0) global: ( 0.801653, -1.07397 ), (1357,0), changes: -0.036, -2.8 last seen:(1356,0) globalposderived: (1356,0)
 1357: direction old: 165.458299, new: 165.266649
(b)r: 1.6 phi: -2 vel: ( -0.180171, 0.0801767 ) (1357,0) rel: ( 1.59903, -0.0558392 ), (1357,0) global: ( 0.892268, -1.09194 ), (1357,0), changes: 0.096, -1.9 last seen:(1357,0) globalposderived: (1357,0)
(b)r: 1.16223 phi: -4.65552 vel: ( -0.169361, 0.0753661 ) (1358,0) rel: ( 1.15839, -0.0943319 ), (1358,0) global: ( 0.712097, -1.01176 ), (1358,0), changes: 0.096, -1.9 last seen:(1357,0) globalposderived: (1357,0)
(b)r: 0.591932 phi: -14.0683 vel: ( -0.159199, 0.0708442 ) (1359,0) rel: ( 0.574178, -0.143886 ), (1359,0) global: ( 0.542737, -0.936399 ), (1359,0), changes: 0.096, -1.9 last seen:(1357,0) globalposderived: (1357,0)
 1359: turnWithBall: turn since ball will be kickable in t+1
 1359: direction old: 159.002075, new: 154.427841
(b)r: 0.7 phi: -13 vel: ( -0.140388, 0.066604 ) (1359,0) rel: ( 0.682059, -0.157466 ), (1359,0) global: ( 0.481802, -0.853214 ), (1359,0), changes: -0.126, -5.7 last seen:(1359,0) globalposderived: (1359,0)
 1359: turnWithBall: turn since ball will be kickable in t+1
(b)r: 0.569711 phi: 61.023 vel: ( -0.131965, 0.0626077 ) (1360,0) rel: ( 0.276001, 0.498391 ), (1360,0) global: ( 0.341413, -0.78661 ), (1360,0), changes: -0.126, -5.7 last seen:(1359,0) globalposderived: (1359,0)
 1360: turnWithBall: kick ball away from opp at ang 153.393380
 1360: (kick 48.272732 -118.153052), vecDesired (0.840774,-0.478565) -115.670798 posDes(1.182187,-1.265175)
 1360: 2 pos: ball(0.407372,-0.829547), ball_prev(0.481802,-0.853214), agentdiff(-0.007264,-0.029203)
 1360: vel based on 2 pos: (-0.063136,0.049698)
 1360: direction old: 147.221211, new: 147.265931
(b)r: 0.5 phi: 52 vel: ( -0.063136, 0.0496979 ) (1360,0) rel: ( 0.307831, 0.394005 ), (1360,0) global: ( 0.407372, -0.829547 ), (1360,0), changes: -0.126, -5.7 last seen:(1360,0) globalposderived: (1360,0)
 1360: turnWithBall: turn since ball will be kickable in t+1
(b)r: 0.478907 phi: 144.383 vel: ( -0.0593479, 0.046716 ) (1361,0) rel: ( -0.389315, 0.278901 ), (1361,0) global: ( 0.344236, -0.779849 ), (1361,0), changes: -0.126, -5.7 last seen:(1360,0) globalposderived: (1360,0)
 1361: ball (0.344236,-0.779849), agent (0.727584,-1.066898), to (5.726472,-1.172324) ang -1.208192 -1.208192
 1361: relpos body (0.478907,144.382594), vel. ball:(-0.059348,0.046716) dist: 1.139646 (0.300000,0.085000,0.754646)
 1361: point good and can reach point 42.604111
(b)r: 0.505681 phi: 28.5946 vel: ( 0.75845, -0.0446591 ) (1362,0) rel: ( 0.444002, 0.242024 ), (1362,0) global: ( 1.1511, -0.827359 ), (1362,0), changes: -0.126, -5.7 last seen:(1360,0) globalposderived: (1360,0)
 1362: ball (1.151097,-0.827359), agent (0.702091,-1.059967), to (5.700979,-1.165394) ang -1.208192 -1.208192
 1362: relpos body (0.505681,28.594627), vel. ball:(0.758450,-0.044659) dist: 1.139646 (0.300000,0.085000,0.754646)
 1362: point good and can reach point 0.655158
 1362: 2 pos: ball(0.999813,-0.717256), ball_prev(0.407372,-0.829547), agentdiff(0.084513,0.004271)
 1362: direction old: 32.065100, new: 57.790094
(b)r: 0.4 phi: 55 vel: ( 0.75845, -0.0446591 ) (1362,0) rel: ( 0.229431, 0.327661 ), (1362,0) global: ( 0.999813, -0.717256 ), (1362,0), changes: -0.126, -5.7 last seen:(1362,0) globalposderived: (1362,0)
 1362: ball (0.999813,-0.717256), agent (0.786604,-1.055696), to (5.780677,-0.812311) ang 2.790094 2.790094
 1362: relpos body (0.400000,55.000000), vel. ball:(0.758450,-0.044659) dist: 1.139646 (0.300000,0.085000,0.754646)
 1362: point good and can reach point 2.735466
(b)r: 0.54197 phi: 27.0102 vel: ( 0.712943, -0.0419796 ) (1363,0) rel: ( 0.482855, 0.246136 ), (1363,0) global: ( 1.75826, -0.761915 ), (1363,0), changes: -0.126, -5.7 last seen:(1362,0) globalposderived: (1362,0)
 1363: ball (1.758262,-0.761915), agent (1.287961,-1.031263), to (6.282034,-0.787877) ang 2.790094 2.790094
 1363: relpos body (0.541970,27.010236), vel. ball:(0.712943,-0.041980) dist: 1.139646 (0.300000,0.085000,0.754646)
 1363: point good and can reach point 2.813519
 1363: direction old: 49.990939, new: 45.114453
(b)r: 0.6 phi: 42 vel: ( 0.641872, 0.0680763 ) (1363,0) rel: ( 0.445887, 0.401478 ), (1363,0) global: ( 1.67771, -0.937219 ), (1363,0), changes: 0.36, -26.7 last seen:(1363,0) globalposderived: (1363,0)
 1363: ball (1.677708,-0.937219), agent (1.254292,-1.362330), to (6.246907,-1.090677) ang 3.114453 3.114453
 1363: relpos body (0.600000,42.000000), vel. ball:(0.641872,0.068076) dist: 1.139646 (0.300000,0.085000,0.754646)
 1363: point good and can reach point 6.781243
(b)r: 0.589723 phi: 53.3763 vel: ( 0.603359, 0.0639917 ) (1364,0) rel: ( 0.351804, 0.473295 ), (1364,0) global: ( 2.31958, -0.869143 ), (1364,0), changes: 0.36, -26.7 last seen:(1363,0) globalposderived: (1363,0)
 1364: ball (2.319580,-0.869143), agent (1.994010,-1.360852), to (6.986625,-1.089199) ang 3.114453 3.114453
 1364: relpos body (0.589723,53.376289), vel. ball:(0.603359,0.063992) dist: 1.139646 (0.300000,0.085000,0.754646)
 1364: point good and can reach point 10.321633
(b)r: 0.983308 phi: 24.0198 vel: ( 0.76471, -0.0314877 ) (1365,0) rel: ( 0.898158, 0.400258 ), (1365,0) global: ( 3.1331, -0.902641 ), (1365,0), changes: 0.36, -26.7 last seen:(1363,0) globalposderived: (1363,0)
 1365: ball (3.133101,-0.902641), agent (2.258016,-1.351105), to (7.250631,-1.079452) ang 3.114453 3.114453
 1365: relpos body (0.983308,24.019830), vel. ball:(0.764710,-0.031488) dist: 1.139646 (0.300000,0.085000,0.754646)
 1365: point good and can reach point 0.281388
 1365: direction old: -2.536612, new: 24.681242
(b)r: 1 phi: 22 vel: ( 0.769084, -0.0525631 ) (1365,0) rel: ( 0.927184, 0.374607 ), (1365,0) global: ( 3.14173, -0.445199 ), (1365,0), changes: 0.58, -20.1 last seen:(1365,0) globalposderived: (1365,0)
 1365: ball (3.141733,-0.445199), agent (2.233088,-0.862769), to (7.227614,-0.628872) ang 2.681242 2.681242
 1365: relpos body (1.000000,22.000000), vel. ball:(0.769084,-0.052563) dist: 1.139646 (0.300000,0.085000,0.754646)
 1365: point good and can reach point 0.869500
(b)r: 1.07142 phi: 15.4889 vel: ( 0.722939, -0.0494093 ) (1366,0) rel: ( 1.0325, 0.286124 ), (1366,0) global: ( 3.91082, -0.497763 ), (1366,0), changes: 0.58, -20.1 last seen:(1365,0) globalposderived: (1365,0)
 1366: ball (3.910817,-0.497763), agent (2.892829,-0.831873), to (7.887355,-0.597976) ang 2.681242 2.681242
 1366: relpos body (1.071415,15.488924), vel. ball:(0.722939,-0.049409) dist: 1.139646 (0.300000,0.085000,0.754646)
 1366: point good and can reach point 2.784628
 1366: direction old: 21.301236, new: 17.774786
(b)r: 1.1 phi: 15 vel: ( 0.738824, -0.0496005 ) (1366,0) rel: ( 1.06252, 0.284701 ), (1366,0) global: ( 3.86401, -0.588634 ), (1366,0), changes: 0.462, -11.1 last seen:(1366,0) globalposderived: (1366,0)
 1366: ball (3.864010,-0.588634), agent (2.816520,-0.924438), to (7.810658,-0.682387) ang 2.774786 2.774786
 1366: relpos body (1.100000,15.000000), vel. ball:(0.738824,-0.049601) dist: 1.139646 (0.300000,0.085000,0.754646)
 1366: point good and can reach point 2.232897
(b)r: 0.999197 phi: 11.5108 vel: ( 0.694494, -0.0466245 ) (1367,0) rel: ( 0.9791, 0.199392 ), (1367,0) global: ( 4.60283, -0.638235 ), (1367,0), changes: 0.462, -11.1 last seen:(1366,0) globalposderived: (1366,0)
 1367: ball (4.602834,-0.638235), agent (3.634535,-0.884792), to (8.628673,-0.642741) ang 2.774786 2.774786
 1367: relpos body (0.999197,11.510777), vel. ball:(0.694494,-0.046624) dist: 1.139646 (0.300000,0.085000,0.754646)
 1367: point good and can reach point 4.231547
(b)r: 0.807557 phi: 8.4883 vel: ( 0.652825, -0.043827 ) (1368,0) rel: ( 0.798711, 0.119202 ), (1368,0) global: ( 5.29733, -0.684859 ), (1368,0), changes: 0.462, -11.1 last seen:(1366,0) globalposderived: (1366,0)
 1368: ball (5.297329,-0.684859), agent (4.505325,-0.842587), to (9.499462,-0.600536) ang 2.774786 2.774786
 1368: relpos body (0.807557,8.488303), vel. ball:(0.652825,-0.043827) dist: 1.139646 (0.300000,0.085000,0.754646)
 1368: point good and can reach point 5.768529
 1368: direction old: 8.971798, new: 9.773659
(b)r: 0.7 phi: 7 vel: ( 0.639142, -0.0479551 ) (1368,0) rel: ( 0.694782, 0.0853085 ), (1368,0) global: ( 5.25763, -0.68121 ), (1368,0), changes: 0.28, -9.6 last seen:(1368,0) globalposderived: (1368,0)
 1368: ball (5.257627,-0.681210), agent (4.567787,-0.800039), to (9.561929,-0.558087) ang 2.773659 2.773659
 1368: relpos body (0.700000,7.000000), vel. ball:(0.639142,-0.047955) dist: 1.139646 (0.300000,0.085000,0.754646)
 1368: point good and can reach point 6.230831
(b)r: 0.485505 phi: 0.764885 vel: ( 0.600794, -0.0450778 ) (1369,0) rel: ( 0.485462, 0.00648118 ), (1369,0) global: ( 5.89677, -0.729165 ), (1369,0), changes: 0.28, -9.6 last seen:(1368,0) globalposderived: (1368,0)
 1369: ball (5.896769,-0.729165), agent (5.412190,-0.759130), to (10.406332,-0.517178) ang 2.773659 2.773659
 1369: relpos body (0.485505,0.764885), vel. ball:(0.600794,-0.045078) dist: 1.139646 (0.300000,0.085000,0.754646)
 1369: point good and can reach point 7.206293
 1369: direction old: 37.471474, new: 5.011094
(b)r: 0.5 phi: 2 vel: ( 0.588014, -0.0410314 ) (1369,0) rel: ( 0.499695, 0.0174497 ), (1369,0) global: ( 5.8762, -1.08306 ), (1369,0), changes: 0.25, -8.7 last seen:(1369,0) globalposderived: (1369,0)
 1369: ball (5.876199,-1.083062), agent (5.378111,-1.126736), to (10.371207,-0.864089) ang 3.011094 3.011094
 1369: relpos body (0.500000,2.000000), vel. ball:(0.588014,-0.041031) dist: 1.139646 (0.300000,0.085000,0.754646)
 1369: point good and can reach point 7.658483
(b)r: 0.96451 phi: 0.450676 vel: ( 0.709573, 0.0280407 ) (1370,0) rel: ( 0.964481, 0.00758656 ), (1370,0) global: ( 6.63106, -1.05323 ), (1370,0), changes: 0.25, -8.7 last seen:(1369,0) globalposderived: (1369,0)
 1370: ball (6.631064,-1.053231), agent (5.668313,-1.111471), to (10.661410,-0.848824) ang 3.011094 3.011094
 1370: relpos body (0.964510,0.450676), vel. ball:(0.709573,0.028041) dist: 1.139646 (0.300000,0.085000,0.754646)
 1370: point good and can reach point 2.819734
(b)r: 1.06692 phi: -0.0904795 vel: ( 0.666998, 0.0263582 ) (1371,0) rel: ( 1.06692, -0.00168484 ), (1371,0) global: ( 7.34064, -1.02519 ), (1371,0), changes: 0.25, -8.7 last seen:(1369,0) globalposderived: (1369,0)
 1371: ball (7.340636,-1.025190), agent (6.275101,-1.079552), to (11.268198,-0.816906) ang 3.011094 3.011094
 1371: relpos body (1.066921,-0.090480), vel. ball:(0.666998,0.026358) dist: 1.139646 (0.300000,0.085000,0.754646)
 1371: point good and can reach point 4.975279
 1371: direction old: -4.360141, new: -0.108941
(b)r: 1.1 phi: -3 vel: ( 0.657345, 0.0147423 ) (1371,0) rel: ( 1.09849, -0.0575696 ), (1371,0) global: ( 7.36838, -0.945527 ), (1371,0), changes: 0.418, -0.4 last seen:(1371,0) globalposderived: (1371,0)
 1371: ball (7.368381,-0.945527), agent (6.268383,-0.943435), to (11.262019,-0.691250) ang 2.891059 2.891059
 1371: relpos body (1.100000,-3.000000), vel. ball:(0.657345,0.014742) dist: 1.139646 (0.300000,0.085000,0.754646)
 1371: point good and can reach point 5.736003
(b)r: 1.02156 phi: -5.72002 vel: ( 0.617904, 0.0138577 ) (1372,0) rel: ( 1.01648, -0.101816 ), (1372,0) global: ( 8.02573, -0.930784 ), (1372,0), changes: 0.418, -0.4 last seen:(1371,0) globalposderived: (1371,0)
 1372: ball (8.025726,-0.930784), agent (7.005409,-0.880366), to (11.999045,-0.628180) ang 2.891059 2.891059
 1372: relpos body (1.021562,-5.720017), vel. ball:(0.617904,0.013858) dist: 1.139646 (0.300000,0.085000,0.754646)
 1372: point good and can reach point 7.461955
 1372: direction old: -2.907103, new: -3.107752
(b)r: 1 phi: -6 vel: ( 0.608301, 0.0119369 ) (1372,0) rel: ( 0.994522, -0.104528 ), (1372,0) global: ( 8.00382, -0.933178 ), (1372,0), changes: 0.32, 0.2 last seen:(1372,0) globalposderived: (1372,0)
 1372: ball (8.003817,-0.933178), agent (7.005287,-0.878964), to (11.998918,-0.626675) ang 2.892248 2.892248
 1372: relpos body (1.000000,-6.000000), vel. ball:(0.608301,0.011937) dist: 1.139646 (0.300000,0.085000,0.754646)
 1372: point good and can reach point 7.860710
(b)r: 1.46075 phi: -3.92318 vel: ( 0.706436, 0.0495522 ) (1373,0) rel: ( 1.45733, -0.0999429 ), (1373,0) global: ( 8.75534, -0.880463 ), (1373,0), changes: 0.32, 0.2 last seen:(1372,0) globalposderived: (1372,0)
(b)r: 1.50685 phi: -2.83667 vel: ( 0.66405, 0.0465791 ) (1374,0) rel: ( 1.505, -0.0745723 ), (1374,0) global: ( 9.46178, -0.830911 ), (1374,0), changes: 0.32, 0.2 last seen:(1372,0) globalposderived: (1372,0)
 1374: direction old: -10.532953, new: -0.376070
(b)r: 1.5 phi: -3 vel: ( 0.667091, 0.0437791 ) (1374,0) rel: ( 1.49794, -0.0785039 ), (1374,0) global: ( 9.51483, -0.571726 ), (1374,0), changes: 0.42, 1.4 last seen:(1374,0) globalposderived: (1374,0)
(b)r: 1.37508 phi: -0.993027 vel: ( 0.627065, 0.0411524 ) (1375,0) rel: ( 1.37487, -0.0238311 ), (1375,0) global: ( 10.1819, -0.527947 ), (1375,0), changes: 0.42, 1.4 last seen:(1374,0) globalposderived: (1374,0)
 1375: direction old: 9.611301, new: 2.839094
(b)r: 1.3 phi: 0 vel: ( 0.618217, 0.0505433 ) (1375,0) rel: ( 1.3, 0 ), (1375,0) global: ( 10.0403, -0.707407 ), (1375,0), changes: 0.312, 2 last seen:(1375,0) globalposderived: (1375,0)
(b)r: 1.07525 phi: 1.84477 vel: ( 0.581124, 0.0475107 ) (1376,0) rel: ( 1.0747, 0.0346143 ), (1376,0) global: ( 10.6585, -0.656864 ), (1376,0), changes: 0.312, 2 last seen:(1375,0) globalposderived: (1375,0)
 1376: ball (10.658538,-0.656864), agent (9.586875,-0.744667), to (14.580738,-0.497010) ang 2.839094 2.839094
 1376: relpos body (1.075254,1.844770), vel. ball:(0.581124,0.047511) dist: 1.139646 (0.300000,0.085000,0.754646)
 1376: point good and can reach point 9.151609
(b)r: 1.55257 phi: 1.12624 vel: ( 0.721396, 0.0319187 ) (1377,0) rel: ( 1.55228, 0.0305163 ), (1377,0) global: ( 11.426, -0.622908 ), (1377,0), changes: 0.312, 2 last seen:(1375,0) globalposderived: (1375,0)
 1377: direction old: 5.222625, new: 5.832159
(b)r: 1.6 phi: 3 vel: ( 0.718908, 0.0412336 ) (1377,0) rel: ( 1.59781, 0.0837375 ), (1377,0) global: ( 11.5414, -0.595268 ), (1377,0), changes: 0.608, -0.6 last seen:(1377,0) globalposderived: (1377,0)
(b)r: 1.60706 phi: 3.18895 vel: ( 0.675774, 0.0387596 ) (1378,0) rel: ( 1.60457, 0.0893992 ), (1378,0) global: ( 12.2603, -0.554034 ), (1378,0), changes: 0.608, -0.6 last seen:(1377,0) globalposderived: (1377,0)
 1378: direction old: -2.845741, new: 6.460412
(b)r: 1.6 phi: 4 vel: ( 0.679285, 0.0499661 ) (1378,0) rel: ( 1.5961, 0.11161 ), (1378,0) global: ( 12.0792, -0.285977 ), (1378,0), changes: 0.416, 0.1 last seen:(1378,0) globalposderived: (1378,0)
(b)r: 1.43538 phi: 3.51988 vel: ( 0.638528, 0.0469681 ) (1379,0) rel: ( 1.43267, 0.0881248 ), (1379,0) global: ( 12.7585, -0.236011 ), (1379,0), changes: 0.416, 0.1 last seen:(1378,0) globalposderived: (1378,0)
(b)r: 1.30946 phi: 3.54208 vel: ( 0.600216, 0.04415 ) (1380,0) rel: ( 1.30696, 0.0809004 ), (1380,0) global: ( 13.397, -0.189043 ), (1380,0), changes: 0.416, 0.1 last seen:(1378,0) globalposderived: (1378,0)
 1380: direction old: 15.272365, new: 6.868426
(b)r: 1.2 phi: 4 vel: ( 0.588178, 0.0464034 ) (1380,0) rel: ( 1.19708, 0.0837078 ), (1380,0) global: ( 13.3856, -0.373967 ), (1380,0), changes: 0.288, -0.5 last seen:(1380,0) globalposderived: (1380,0)
(b)r: 0.894288 phi: 6.46021 vel: ( 0.552887, 0.0436192 ) (1381,0) rel: ( 0.888609, 0.100619 ), (1381,0) global: ( 13.9737, -0.327564 ), (1381,0), changes: 0.288, -0.5 last seen:(1380,0) globalposderived: (1380,0)
 1381: ball (13.973747,-0.327564), agent (13.091287,-0.472525), to (18.085022,-0.222312) ang 2.868426 2.868426
 1381: relpos body (0.894288,6.460205), vel. ball:(0.552887,0.043619) dist: 1.139646 (0.300000,0.085000,0.754646)
 1381: point good and can reach point 9.872935
 1381: direction old: 9.197266, new: 8.801443
(b)r: 1 phi: 6 vel: ( 0.55628, 0.0383256 ) (1381,0) rel: ( 0.994522, 0.104528 ), (1381,0) global: ( 14.0794, -0.317454 ), (1381,0), changes: 0.22, -1 last seen:(1381,0) globalposderived: (1381,0)
 1381: ball (14.079406,-0.317454), agent (13.091181,-0.470465), to (18.085206,-0.226090) ang 2.801443 2.801443
 1381: relpos body (1.000000,6.000000), vel. ball:(0.556280,0.038326) dist: 1.139646 (0.300000,0.085000,0.754646)
 1381: point good and can reach point 10.132353
(b)r: 1.42634 phi: 4.90315 vel: ( 0.722057, 0.0179067 ) (1382,0) rel: ( 1.42112, 0.121912 ), (1382,0) global: ( 14.8476, -0.298405 ), (1382,0), changes: 0.22, -1 last seen:(1381,0) globalposderived: (1381,0)
(b)r: 1.51213 phi: 3.5428 vel: ( 0.678734, 0.0168323 ) (1383,0) rel: ( 1.50924, 0.0934409 ), (1383,0) global: ( 15.5696, -0.280498 ), (1383,0), changes: 0.22, -1 last seen:(1381,0) globalposderived: (1381,0)
 1383: direction old: -0.622897, new: 3.671830
(b)r: 1.5 phi: 1 vel: ( 0.685587, 0.000465407 ) (1383,0) rel: ( 1.49977, 0.0261786 ), (1383,0) global: ( 15.6714, -0.169268 ), (1383,0), changes: 0.45, -2.3 last seen:(1383,0) globalposderived: (1383,0)
(b)r: 1.39295 phi: -1.35648 vel: ( 0.644452, 0.000437482 ) (1384,0) rel: ( 1.39256, -0.0329752 ), (1384,0) global: ( 16.357, -0.168802 ), (1384,0), changes: 0.45, -2.3 last seen:(1383,0) globalposderived: (1383,0)
 1384: direction old: 12.239213, new: 0.041581
(b)r: 1.3 phi: -3 vel: ( 0.627664, -0.0114444 ) (1384,0) rel: ( 1.29822, -0.0680367 ), (1384,0) global: ( 16.1658, -0.491341 ), (1384,0), changes: 0.312, -2.2 last seen:(1384,0) globalposderived: (1384,0)
(b)r: 1.11115 phi: -5.8249 vel: ( 0.590004, -0.0107578 ) (1385,0) rel: ( 1.10542, -0.112769 ), (1385,0) global: ( 16.7935, -0.502785 ), (1385,0), changes: 0.312, -2.2 last seen:(1384,0) globalposderived: (1384,0)
 1385: ball (16.793454,-0.502785), agent (15.683612,-0.448829), to (20.676568,-0.183526) ang 3.041581 3.041581
 1385: relpos body (1.111153,-5.824895), vel. ball:(0.590004,-0.010758) dist: 1.139646 (0.300000,0.085000,0.754646)
 1385: point good and can reach point 9.521229
(b)r: 1.89548 phi: -2.9539 vel: ( 0.713683, 0.0542943 ) (1386,0) rel: ( 1.89297, -0.0976789 ), (1386,0) global: ( 17.5527, -0.445026 ), (1386,0), changes: 0.312, -2.2 last seen:(1384,0) globalposderived: (1384,0)
 1386: direction old: -0.652447, new: 1.866714
(b)r: 1.3 phi: -1 vel: ( 0.689074, 0.0564853 ) (1386,0) rel: ( 1.2998, -0.0226881 ), (1386,0) global: ( 17.4862, -0.387125 ), (1386,0), changes: 0.676, 1.6 last seen:(1386,0) globalposderived: (1386,0)
(b)r: 1.48898 phi: 0.308773 vel: ( 0.64773, 0.0530961 ) (1387,0) rel: ( 1.48896, 0.00802425 ), (1387,0) global: ( 18.1752, -0.330639 ), (1387,0), changes: 0.676, 1.6 last seen:(1386,0) globalposderived: (1386,0)
 1387: direction old: -2.792847, new: 3.635701
(b)r: 1.5 phi: 1 vel: ( 0.642626, 0.0552848 ) (1387,0) rel: ( 1.49977, 0.0261786 ), (1387,0) global: ( 18.1437, -0.160955 ), (1387,0), changes: 0.45, 0.9 last seen:(1387,0) globalposderived: (1387,0)
(b)r: 1.40615 phi: 2.63983 vel: ( 0.604069, 0.0519678 ) (1388,0) rel: ( 1.40465, 0.0647634 ), (1388,0) global: ( 18.7863, -0.10567 ), (1388,0), changes: 0.45, 0.9 last seen:(1387,0) globalposderived: (1387,0)
(b)r: 1.19608 phi: 4.94929 vel: ( 0.567825, 0.0488497 ) (1389,0) rel: ( 1.19162, 0.103191 ), (1389,0) global: ( 19.3904, -0.0537021 ), (1389,0), changes: 0.45, 0.9 last seen:(1387,0) globalposderived: (1387,0)
 1389: direction old: 12.574833, new: 9.759650
(b)r: 1.2 phi: 7 vel: ( 0.566799, 0.063945 ) (1389,0) rel: ( 1.19106, 0.146243 ), (1389,0) global: ( 19.4354, -0.10405 ), (1389,0), changes: 0.264, 1.2 last seen:(1389,0) globalposderived: (1389,0)
(b)r: 1.45716 phi: -3.41522 vel: ( 0.532791, 0.0601083 ) (1390,0) rel: ( 1.45457, -0.086805 ), (1390,0) global: ( 20.0022, -0.0401046 ), (1390,0), changes: 0.264, 1.2 last seen:(1389,0) globalposderived: (1389,0)
 1390: direction old: 6.661510, new: 10.057952
(b)r: 1.5 phi: -5 vel: ( 0.535215, 0.0562373 ) (1390,0) rel: ( 1.49429, -0.130734 ), (1390,0) global: ( 20.0066, 0.0498775 ), (1390,0), changes: 0.42, -0.9 last seen:(1390,0) globalposderived: (1390,0)
(b)r: 1.37917 phi: -8.02018 vel: ( 0.503102, 0.0528631 ) (1391,0) rel: ( 1.36568, -0.192424 ), (1391,0) global: ( 20.5418, 0.106115 ), (1391,0), changes: 0.42, -0.9 last seen:(1390,0) globalposderived: (1390,0)
(b)r: 1.63672 phi: 0.758089 vel: ( 0.472916, 0.0496913 ) (1392,0) rel: ( 1.63658, 0.021655 ), (1392,0) global: ( 21.0449, 0.158978 ), (1392,0), changes: 0.42, -0.9 last seen:(1390,0) globalposderived: (1390,0)
 1392: direction old: 6.761842, new: 7.027980
(b)r: 1.5 phi: 2 vel: ( 0.470372, 0.0481433 ) (1392,0) rel: ( 1.49909, 0.0523492 ), (1392,0) global: ( 20.9509, 0.154845 ), (1392,0), changes: 0.48, -0.4 last seen:(1392,0) globalposderived: (1392,0)
(b)r: 1.41797 phi: 1.60521 vel: ( 0.44215, 0.0452547 ) (1393,0) rel: ( 1.41742, 0.039721 ), (1393,0) global: ( 21.4212, 0.202988 ), (1393,0), changes: 0.48, -0.4 last seen:(1392,0) globalposderived: (1392,0)
 1393: direction old: 6.644137, new: 6.966295
(b)r: 1.5 phi: 2 vel: ( 0.444096, 0.0525153 ) (1393,0) rel: ( 1.49909, 0.0523492 ), (1393,0) global: ( 21.5017, 0.220854 ), (1393,0), changes: 0.24, 0.2 last seen:(1393,0) globalposderived: (1393,0)
(b)r: 1.20767 phi: 1.30519 vel: ( 0.41745, 0.0493643 ) (1394,0) rel: ( 1.20736, 0.0275081 ), (1394,0) global: ( 21.9458, 0.273369 ), (1394,0), changes: 0.24, 0.2 last seen:(1393,0) globalposderived: (1393,0)
(b)r: 0.809554 phi: 2.87101 vel: ( 0.392403, 0.0464025 ) (1395,0) rel: ( 0.808538, 0.0405486 ), (1395,0) global: ( 22.3632, 0.322734 ), (1395,0), changes: 0.24, 0.2 last seen:(1393,0) globalposderived: (1393,0)
 1395: ball (22.363248,0.322734), agent (21.561256,0.212342), to (26.542484,0.645191) ang 4.966295 4.966295
 1395: relpos body (0.809554,2.871008), vel. ball:(0.392403,0.046402) dist: 1.139646 (0.300000,0.085000,0.754646)
 1395: point good and can reach point 16.305340
 1395: direction old: 12.235298, new: 8.899491
(b)r: 0.8 phi: 4 vel: ( 0.388318, 0.0543529 ) (1395,0) rel: ( 0.798051, 0.0558052 ), (1395,0) global: ( 22.3728, 0.277173 ), (1395,0), changes: 0.08, 1.7 last seen:(1395,0) globalposderived: (1395,0)
 1395: ball (22.372800,0.277173), agent (21.582431,0.153412), to (26.564161,0.580452) ang 4.899491 4.899491
 1395: relpos body (0.800000,4.000000), vel. ball:(0.388318,0.054353) dist: 1.139646 (0.300000,0.085000,0.754646)
 1395: point good and can reach point 16.453912
(b)r: 1.55973 phi: 1.87267 vel: ( 0.712971, 0.0565547 ) (1396,0) rel: ( 1.5589, 0.0509696 ), (1396,0) global: ( 23.1313, 0.337337 ), (1396,0), changes: 0.08, 1.7 last seen:(1395,0) globalposderived: (1395,0)
 1396: direction old: -10.872802, new: 6.408279
(b)r: 1.1 phi: 2 vel: ( 0.713534, 0.0567874 ) (1396,0) rel: ( 1.09933, 0.0383894 ), (1396,0) global: ( 23.1706, 0.662523 ), (1396,0), changes: 0.726, -1.2 last seen:(1396,0) globalposderived: (1396,0)
 1396: ball (23.170603,0.662523), agent (22.077476,0.539749), to (27.062685,0.924065) ang 4.408279 4.408279
 1396: relpos body (1.100000,2.000000), vel. ball:(0.713534,0.056787) dist: 1.139646 (0.300000,0.085000,0.754646)
 1396: point good and can reach point 2.727726
(b)r: 1.31378 phi: 1.7519 vel: ( 0.670722, 0.0533802 ) (1397,0) rel: ( 1.31317, 0.0401644 ), (1397,0) global: ( 23.8841, 0.71931 ), (1397,0), changes: 0.726, -1.2 last seen:(1396,0) globalposderived: (1396,0)
(b)r: 1.27773 phi: 4.1106 vel: ( 0.630479, 0.0501774 ) (1398,0) rel: ( 1.27444, 0.0915902 ), (1398,0) global: ( 24.5549, 0.772691 ), (1398,0), changes: 0.726, -1.2 last seen:(1396,0) globalposderived: (1396,0)
 1398: direction old: 25.545016, new: 10.129013
(b)r: 1.2 phi: 5 vel: ( 0.62704, 0.0614662 ) (1398,0) rel: ( 1.19543, 0.104587 ), (1398,0) global: ( 24.4621, 0.374806 ), (1398,0), changes: 0.36, 0.2 last seen:(1398,0) globalposderived: (1398,0)
(b)r: 1.56865 phi: -4.10299 vel: ( 0.589417, 0.0577782 ) (1399,0) rel: ( 1.56463, -0.112236 ), (1399,0) global: ( 25.0891, 0.436272 ), (1399,0), changes: 0.36, 0.2 last seen:(1398,0) globalposderived: (1398,0)
 1399: direction old: 10.542286, new: 10.614403
(b)r: 1.6 phi: -3 vel: ( 0.598885, 0.0611111 ) (1399,0) rel: ( 1.59781, -0.0837375 ), (1399,0) global: ( 25.097, 0.439779 ), (1399,0), changes: 0.512, -1 last seen:(1399,0) globalposderived: (1399,0)
(b)r: 1.57349 phi: -5.0838 vel: ( 0.562952, 0.0574445 ) (1400,0) rel: ( 1.5673, -0.139431 ), (1400,0) global: ( 25.6959, 0.50089 ), (1400,0), changes: 0.512, -1 last seen:(1399,0) globalposderived: (1399,0)
(b)r: 1.58794 phi: -7.82198 vel: ( 0.529175, 0.0539978 ) (1401,0) rel: ( 1.57317, -0.216112 ), (1401,0) global: ( 26.2588, 0.558334 ), (1401,0), changes: 0.512, -1 last seen:(1399,0) globalposderived: (1399,0)
 1401: direction old: 3.791733, new: 5.419392
(b)r: 1.5 phi: -8 vel: ( 0.517905, 0.0459866 ) (1401,0) rel: ( 1.4854, -0.20876 ), (1401,0) global: ( 26.1923, 0.596627 ), (1401,0), changes: 0.3, -1.5 last seen:(1401,0) globalposderived: (1401,0)
 1402: direction old: 9.540562, new: 6.496434
(b)r: 1.5 phi: 3 vel: ( 0.478218, 0.0371113 ) (1402,0) rel: ( 1.49794, 0.0785039 ), (1402,0) global: ( 26.7599, 0.57019 ), (1402,0), changes: 0.48, -0.8 last seen:(1402,0) globalposderived: (1402,0)
(b)r: 1.4513 phi: 3.04764 vel: ( 0.449525, 0.0348846 ) (1403,0) rel: ( 1.44925, 0.07716 ), (1403,0) global: ( 27.2381, 0.607302 ), (1403,0), changes: 0.48, -0.8 last seen:(1402,0) globalposderived: (1402,0)
(b)r: 1.16342 phi: 4.1683 vel: ( 0.422554, 0.0327915 ) (1404,0) rel: ( 1.16034, 0.0845648 ), (1404,0) global: ( 27.6877, 0.642186 ), (1404,0), changes: 0.48, -0.8 last seen:(1402,0) globalposderived: (1402,0)
 1404: direction old: 4.472951, new: 5.656376
(b)r: 1.1 phi: 2 vel: ( 0.417427, 0.024187 ) (1404,0) rel: ( 1.09933, 0.0383894 ), (1404,0) global: ( 27.5205, 0.651899 ), (1404,0), changes: 0.132, -0.8 last seen:(1404,0) globalposderived: (1404,0)
 1404: ball (27.520511,0.651899), agent (26.425867,0.543481), to (31.415689,0.862343) ang 3.656376 3.656376
 1404: relpos body (1.100000,2.000000), vel. ball:(0.417427,0.024187) dist: 1.139646 (0.300000,0.085000,0.754646)
 1404: point good and can reach point 17.190585
(b)r: 1.57626 phi: 1.3053 vel: ( 0.719777, 0.0436572 ) (1405,0) rel: ( 1.57585, 0.0359068 ), (1405,0) global: ( 28.2862, 0.698343 ), (1405,0), changes: 0.132, -0.8 last seen:(1404,0) globalposderived: (1404,0)
 1405: direction old: 5.082627, new: 4.434272
(b)r: 1.6 phi: 1 vel: ( 0.718851, 0.0360984 ) (1405,0) rel: ( 1.59976, 0.0279239 ), (1405,0) global: ( 28.3113, 0.682394 ), (1405,0), changes: 0.608, -0.9 last seen:(1405,0) globalposderived: (1405,0)
(b)r: 1.68556 phi: 0.710307 vel: ( 0.67572, 0.0339325 ) (1406,0) rel: ( 1.68543, 0.0208957 ), (1406,0) global: ( 29.0301, 0.718493 ), (1406,0), changes: 0.608, -0.9 last seen:(1405,0) globalposderived: (1405,0)
(b)r: 1.62345 phi: -0.86204 vel: ( 0.635177, 0.0318965 ) (1407,0) rel: ( 1.62327, -0.0244246 ), (1407,0) global: ( 29.7059, 0.752425 ), (1407,0), changes: 0.608, -0.9 last seen:(1405,0) globalposderived: (1405,0)
 1407: direction old: 4.955236, new: 0.747047
(b)r: 1.6 phi: -3 vel: ( 0.632841, 0.0165412 ) (1407,0) rel: ( 1.59781, -0.0837375 ), (1407,0) global: ( 29.7042, 0.634431 ), (1407,0), changes: 0.352, -1.3 last seen:(1407,0) globalposderived: (1407,0)
(b)r: 1.41686 phi: -4.97541 vel: ( 0.59487, 0.0155487 ) (1408,0) rel: ( 1.41153, -0.122882 ), (1408,0) global: ( 30.337, 0.650972 ), (1408,0), changes: 0.352, -1.3 last seen:(1407,0) globalposderived: (1407,0)
 1408: direction old: -2.627728, new: -2.284969
(b)r: 1.3 phi: -6 vel: ( 0.581536, 0.00853091 ) (1408,0) rel: ( 1.29288, -0.135887 ), (1408,0) global: ( 30.3052, 0.660217 ), (1408,0), changes: 0.26, -0.6 last seen:(1408,0) globalposderived: (1408,0)
(b)r: 1.57306 phi: 3.18187 vel: ( 0.546644, 0.00801905 ) (1409,0) rel: ( 1.57063, 0.0873132 ), (1409,0) global: ( 30.8868, 0.668748 ), (1409,0), changes: 0.26, -0.6 last seen:(1408,0) globalposderived: (1408,0)
(b)r: 1.5907 phi: 4.05965 vel: ( 0.513845, 0.00753791 ) (1410,0) rel: ( 1.5867, 0.112613 ), (1410,0) global: ( 31.4334, 0.676767 ), (1410,0), changes: 0.26, -0.6 last seen:(1408,0) globalposderived: (1408,0)
 1410: direction old: -1.850690, new: -2.206213
(b)r: 1.5 phi: 4 vel: ( 0.492202, 0.0064946 ) (1410,0) rel: ( 1.49635, 0.104635 ), (1410,0) global: ( 31.3102, 0.671437 ), (1410,0), changes: 0.27, 0.9 last seen:(1410,0) globalposderived: (1410,0)
(b)r: 1.27846 phi: 4.58212 vel: ( 0.46267, 0.00610492 ) (1411,0) rel: ( 1.27437, 0.102134 ), (1411,0) global: ( 31.8024, 0.677931 ), (1411,0), changes: 0.27, 0.9 last seen:(1410,0) globalposderived: (1410,0)
 1411: direction old: -15.031769, new: -2.056572
(b)r: 1.3 phi: 5 vel: ( 0.457637, 0.00741323 ) (1411,0) rel: ( 1.29505, 0.113302 ), (1411,0) global: ( 31.8917, 0.956162 ), (1411,0), changes: 0.182, 1.1 last seen:(1411,0) globalposderived: (1411,0)
(b)r: 0.89417 phi: 11.4092 vel: ( 0.430179, 0.00696844 ) (1412,0) rel: ( 0.876501, 0.17688 ), (1412,0) global: ( 32.3494, 0.963575 ), (1412,0), changes: 0.182, 1.1 last seen:(1411,0) globalposderived: (1411,0)
 1412: ball (32.349357,0.963575), agent (31.457765,0.895713), to (50.000000,0.000000) ang -7.056572 -7.056572
 1412: relpos body (0.894170,11.409190), vel. ball:(0.430179,0.006968) dist: 1.139646 (0.300000,0.085000,0.754646)
 1412: pos (4.081650,-0.222823) too far, but can acc ball good to 2.630733 k=2.201783,0.030407
 1597: direction old: -57.532088, new: -60.870495
(b)r: 1.09702 phi: 10.9427 vel: ( 0.0164133, 0.107102 ) (1598,0) rel: ( 1.07707, 0.208243 ), (1598,0) global: ( 4.70407, -6.8406 ), (1598,0), changes: -0.36, 2.7 last seen:(1597,0) globalposderived: (1597,0)
 1598: turnWithBall: turn since ball will be kickable in t+1
(b)r: 0.710951 phi: -55.1151 vel: ( 0.0154285, 0.100675 ) (1599,0) rel: ( 0.406614, -0.583195 ), (1599,0) global: ( 4.72048, -6.7335 ), (1599,0), changes: -0.36, 2.7 last seen:(1597,0) globalposderived: (1597,0)
 1599: ball (4.720478,-6.733502), agent (4.230625,-6.218240), to (9.173528,-5.464779) ang 8.667045 8.667045
 1599: relpos body (0.710951,-55.115087), vel. ball:(0.015428,0.100675) dist: 1.139646 (0.300000,0.085000,0.754646)
 1599: point good and can reach point 35.576854
 1599: 2 pos: ball(4.994873,-6.723145), ball_prev(4.686604,-6.954541), agentdiff(0.295739,0.015191)
 1599: direction old: -69.900291, new: -47.987039
(b)r: 0.7 phi: -56 vel: ( 0.0154285, 0.100675 ) (1599,0) rel: ( 0.391435, -0.580326 ), (1599,0) global: ( 4.99487, -6.72315 ), (1599,0), changes: -0.36, 2.7 last seen:(1599,0) globalposderived: (1599,0)
 1599: ball (4.994873,-6.723145), agent (4.526364,-6.203050), to (9.477546,-5.506064) ang 8.012961 8.012961
 1599: relpos body (0.700000,-56.000000), vel. ball:(0.015428,0.100675) dist: 1.139646 (0.300000,0.085000,0.754646)
 1599: point good and can reach point 35.527243
(b)r: 1.21651 phi: -18.4404 vel: ( 0.733922, 0.195909 ) (1600,0) rel: ( 1.15405, -0.384805 ), (1600,0) global: ( 5.77564, -6.51473 ), (1600,0), changes: -0.36, 2.7 last seen:(1599,0) globalposderived: (1599,0)
 1600: direction old: -14.008724, new: -23.153705
(b)r: 0.5 phi: -31 vel: ( 0.0352917, 0.230172 ) (1600,0) rel: ( 0.428584, -0.257519 ), (1600,0) global: ( 4.98609, -6.39965 ), (1600,0), changes: -0.09, 28.6 last seen:(1600,0) globalposderived: (1600,0)
 1600: ball (4.986090,-6.399649), agent (4.526364,-6.203050), to (9.479553,-5.520469) ang 7.846295 7.846295
 1600: relpos body (0.500000,-31.000000), vel. ball:(0.035292,0.230172) dist: 1.139646 (0.300000,0.085000,0.754646)
 1600: point good and can reach point 29.265997
(b)r: 1.18484 phi: -7.71424 vel: ( 0.705567, 0.143867 ) (1601,0) rel: ( 1.17412, -0.159044 ), (1601,0) global: ( 5.73669, -6.2466 ), (1601,0), changes: -0.09, 28.6 last seen:(1600,0) globalposderived: (1600,0)
(b)r: 1.35846 phi: -3.97516 vel: ( 0, 0 ) (1602,0) rel: ( 1.3552, -0.0941742 ), (1602,0) global: ( 6.44226, -6.10273 ), (1602,0), changes: -0.09, 28.6 last seen:(1600,0) globalposderived: (1600,0)
 1602: 2 pos: ball(4.945524,-6.315651), ball_prev(4.986090,-6.399649), agentdiff(0.118279,0.183068)
 1602: direction old: -4.223435, new: -130.475842
(b)r: 0.4 phi: -138 vel: ( 0, 0 ) (1602,0) rel: ( -0.297258, -0.267652 ), (1602,0) global: ( 4.94552, -6.31565 ), (1602,0), changes: -0.09, 28.6 last seen:(1602,0) globalposderived: (1602,0)
 1602: ball (4.945524,-6.315651), agent (5.205175,-6.011379), to (10.162124,-5.356658) ang 7.524158 7.524158
 1602: relpos body (0.400000,-138.000000), vel. ball:(0.000000,0.000000) dist: 1.139646 (0.300000,0.085000,0.754646)
 1602: point good and can reach point 37.815599
(b)r: 0.2 phi: -25.3944 vel: ( -0.0744008, -0.0124827 ) (1603,0) rel: ( 0.180675, -0.0857695 ), (1603,0) global: ( 5.39553, -6.07275 ), (1603,0), changes: -0.09, 28.6 last seen:(1602,0) globalposderived: (1602,0)
 1603: ball (5.395526,-6.072751), agent (5.205175,-6.011379), to (10.162124,-5.356658) ang 7.524158 7.524158
 1603: relpos body (0.200000,-25.394443), vel. ball:(-0.074401,-0.012483) dist: 1.139646 (0.300000,0.085000,0.754646)
 1603: point good and can reach point 32.332235
 1603: 2 pos: ball(4.846976,-6.131244), ball_prev(4.945524,-6.315651), agentdiff(0.028976,-0.019390)
 1603: direction old: -14.582693, new: -165.452051
(b)r: 0.4 phi: -173 vel: ( -0.0744008, -0.0124827 ) (1603,0) rel: ( -0.397018, -0.0487477 ), (1603,0) global: ( 4.84698, -6.13124 ), (1603,0), changes: -0.09, 28.6 last seen:(1603,0) globalposderived: (1603,0)
 1603: ball (4.846976,-6.131244), agent (5.234151,-6.030768), to (10.190827,-5.373989) ang 7.547949 7.547949
 1603: relpos body (0.400000,-173.000000), vel. ball:(-0.074401,-0.012483) dist: 1.139646 (0.300000,0.085000,0.754646)
 1603: point good and can reach point 43.952082
(b)r: 0.407105 phi: -7.24617 vel: ( 0.746618, 0.0964631 ) (1604,0) rel: ( 0.403854, -0.0513493 ), (1604,0) global: ( 5.64125, -6.02862 ), (1604,0), changes: -0.09, 28.6 last seen:(1603,0) globalposderived: (1603,0)
 1604: ball (5.641250,-6.028624), agent (5.234151,-6.030768), to (10.190827,-5.373989) ang 7.547949 7.547949
 1604: relpos body (0.407105,-7.246169), vel. ball:(0.746618,0.096463) dist: 1.139646 (0.300000,0.085000,0.754646)
 1604: point good and can reach point 0.801704
(b)r: 0.608311 phi: -7.82595 vel: ( 0.701821, 0.0906753 ) (1605,0) rel: ( 0.602645, -0.0828302 ), (1605,0) global: ( 6.38787, -5.93216 ), (1605,0), changes: -0.09, 28.6 last seen:(1603,0) globalposderived: (1603,0)
 1605: ball (6.387869,-5.932161), agent (5.779565,-5.929209), to (10.736242,-5.272430) ang 7.547949 7.547949
 1605: relpos body (0.608311,-7.825949), vel. ball:(0.701821,0.090675) dist: 1.139646 (0.300000,0.085000,0.754646)
 1605: point good and can reach point 2.648711
 1605: 2 pos: ball(5.818884,-5.010943), ball_prev(4.846976,-6.131244), agentdiff(0.075475,-0.181140)
 1605: direction old: 18.490931, new: 91.883604
(b)r: 1.1 phi: 84 vel: ( 0.701821, 0.0906753 ) (1605,0) rel: ( 0.114981, 1.09397 ), (1605,0) global: ( 5.81888, -5.01094 ), (1605,0), changes: -0.09, 28.6 last seen:(1605,0) globalposderived: (1605,0)
 1605: ball (5.818884,-5.010943), agent (5.855040,-6.110349), to (10.807784,-5.424544) ang 7.883604 7.883604
 1605: relpos body (1.100000,84.000000), vel. ball:(0.701821,0.090675) dist: 1.139646 (0.300000,0.085000,0.754646)
 1605: point good and can reach point 11.237628
(b)r: 1.14699 phi: 52.0825 vel: ( 0.768035, -0.0591239 ) (1606,0) rel: ( 0.704857, 0.904859 ), (1606,0) global: ( 6.63594, -5.07384 ), (1606,0), changes: -0.09, 28.6 last seen:(1605,0) globalposderived: (1605,0)
 1606: 2 pos: ball(5.929945,-3.956848), ball_prev(5.818884,-5.010943), agentdiff(-0.095658,-0.089722)
 1606: vel based on 2 pos: (0.194316,1.075188)
 1606: direction old: 58.259874, new: 90.944257
 1618: direction old: 69.012022, new: 74.118525
 1620: direction old: 70.610784, new: 72.588411
 1621: direction old: 69.948337, new: 71.551483
(b)r: 1.55124 phi: -4.80189 vel: ( 0.0941667, 0.303118 ) (1622,0) rel: ( 1.54579, -0.129855 ), (1622,0) global: ( 8.08453, 5.9119 ), (1622,0), changes: 0.04, -0.5 last seen:(1621,0) globalposderived: (1621,0)
(b)r: 1.55507 phi: 1.8901 vel: ( 0.0885167, 0.284931 ) (1623,0) rel: ( 1.55423, 0.0512902 ), (1623,0) global: ( 8.1787, 6.21502 ), (1623,0), changes: 0.04, -0.5 last seen:(1621,0) globalposderived: (1621,0)
 1623: direction old: 76.013303, new: 67.818129
(b)r: 1.6 phi: 1 vel: ( 0.0921384, 0.290222 ) (1623,0) rel: ( 1.59976, 0.0279239 ), (1623,0) global: ( 8.42852, 6.27438 ), (1623,0), changes: 0.192, 0 last seen:(1623,0) globalposderived: (1623,0)
(b)r: 1.27038 phi: 0.597241 vel: ( 0.0866101, 0.272808 ) (1624,0) rel: ( 1.27032, 0.013242 ), (1624,0) global: ( 8.52066, 6.5646 ), (1624,0), changes: 0.192, 0 last seen:(1623,0) globalposderived: (1623,0)
 1624: direction old: 67.324776, new: 67.614489
(b)r: 1.3 phi: 1 vel: ( 0.0909396, 0.274506 ) (1624,0) rel: ( 1.2998, 0.0226881 ), (1624,0) global: ( 8.52596, 6.59433 ), (1624,0), changes: 0.052, 0.2 last seen:(1624,0) globalposderived: (1624,0)
(b)r: 0.822569 phi: 2.42495 vel: ( 0.0854832, 0.258035 ) (1625,0) rel: ( 0.821833, 0.0348035 ), (1625,0) global: ( 8.6169, 6.86884 ), (1625,0), changes: 0.052, 0.2 last seen:(1624,0) globalposderived: (1624,0)
 1625: turnWithBall: turn since ball will be kickable in t+1
(b)r: 0.804764 phi: 83.0448 vel: ( 0.0803542, 0.242553 ) (1626,0) rel: ( 0.0974521, 0.798842 ), (1626,0) global: ( 8.70238, 7.12687 ), (1626,0), changes: 0.052, 0.2 last seen:(1624,0) globalposderived: (1624,0)
 1626: ball (8.702382,7.126871), agent (8.444305,6.364610), to (13.339547,5.346471) ang -11.749173 -11.749173
 1626: relpos body (0.804764,83.044755), vel. ball:(0.080354,0.242553) dist: 1.139646 (0.300000,0.085000,0.754646)
 1626: point good and can reach point 43.238249
 1626: 2 pos: ball(8.750677,7.229507), ball_prev(8.525959,6.594329), agentdiff(-0.024121,0.027775)
 1626: direction old: 68.982713, new: 68.456090
(b)r: 0.9 phi: 81 vel: ( 0.0803542, 0.242553 ) (1626,0) rel: ( 0.140791, 0.88892 ), (1626,0) global: ( 8.75068, 7.22951 ), (1626,0), changes: 0.052, 0.2 last seen:(1626,0) globalposderived: (1626,0)
 1626: ball (8.750677,7.229507), agent (8.420184,6.392384), to (13.300834,5.306445) ang -12.543910 -12.543910
 1626: relpos body (0.900000,81.000000), vel. ball:(0.080354,0.242553) dist: 1.139646 (0.300000,0.085000,0.754646)
 1626: point good and can reach point 45.381119
(b)r: 1.11777 phi: 35.3459 vel: ( 0.706909, -0.29328 ) (1627,0) rel: ( 0.911737, 0.646643 ), (1627,0) global: ( 9.50271, 6.91751 ), (1627,0), changes: 0.052, 0.2 last seen:(1626,0) globalposderived: (1626,0)
 1627: direction old: 22.836227, new: 18.463824
(b)r: 1.1 phi: 31 vel: ( 0.718099, -0.323495 ) (1627,0) rel: ( 0.942884, 0.566542 ), (1627,0) global: ( 9.5164, 6.83228 ), (1627,0), changes: 0.55, -30.9 last seen:(1627,0) globalposderived: (1627,0)
(b)r: 1.22854 phi: 19.3286 vel: ( 0, 0 ) (1628,0) rel: ( 1.15929, 0.406627 ), (1628,0) global: ( 10.2345, 6.50878 ), (1628,0), changes: 0.55, -30.9 last seen:(1627,0) globalposderived: (1627,0)
(b)r: 1.03788 phi: -1.02024 vel: ( 0, 0 ) (1629,0) rel: ( 1.03772, -0.0184801 ), (1629,0) global: ( 10.2345, 6.50878 ), (1629,0), changes: 0.55, -30.9 last seen:(1627,0) globalposderived: (1627,0)
 1629: direction old: 23.351968, new: 7.938460
(b)r: 1 phi: -6 vel: ( -0.10488, -0.0179905 ) (1629,0) rel: ( 0.994522, -0.104528 ), (1629,0) global: ( 10.1961, 6.20271 ), (1629,0), changes: -0.18, 1.6 last seen:(1629,0) globalposderived: (1629,0)
 1629: turnWithBall: kick ball away from opp at ang 28.938460
 1629: (kick 61.528977 -176.804990), vecDesired (-1.355761,-0.403612) -165.000000 posDes(8.840336,5.799095)
(b)r: 0.2 phi: -155.249 vel: ( 0.125914, 0.0392621 ) (1630,0) rel: ( -0.181627, -0.0837346 ), (1630,0) global: ( 9.04957, 5.93958 ), (1630,0), changes: -0.18, 1.6 last seen:(1629,0) globalposderived: (1629,0)
 1630: turnWithBall: turn since ball will be kickable in t+1
 1630: 2 pos: ball(8.996359,6.052125), ball_prev(10.196097,6.202707), agentdiff(0.196940,0.278994)
 1630: direction old: -131.148739, new: -144.342980
(b)r: 0.5 phi: 