 0: change player from message 62 -> 1
 0: changed player from message 62 -> 1
 0: change player from message 63 -> 2
 0: changed player from message 63 -> 2
 0: change player from message 64 -> 3
 0: changed player from message 64 -> 3
 0: change player from message 65 -> 4
 0: changed player from message 65 -> 4
 0: change player from message 66 -> 5
 0: changed player from message 66 -> 5
 0: change player from message 67 -> 6
 0: changed player from message 67 -> 6
 0: change player from message 68 -> 7
 0: changed player from message 68 -> 7
 0: change player from message 69 -> 8
 0: changed player from message 69 -> 8
 0: change player from message 70 -> 9
 0: changed player from message 70 -> 9
 0: change player from message 71 -> 10
 0: changed player from message 71 -> 10
 1855: direction old: -81.560037, new: -79.796981
(b)r: 1.59441 phi: -2.23931 vel: ( -0.138021, -0.170787 ) (1857,0) rel: ( 1.5932, -0.0622993 ), (1857,0) global: ( -20.8412, -29.2818 ), (1857,0), changes: -0.18, -2.8 last seen:(1855,0) globalposderived: (1855,0)
 1857: direction old: -87.664263, new: -88.086173
(b)r: 1.6 phi: -2 vel: ( -0.134594, -0.179856 ) (1857,0) rel: ( 1.59903, -0.0558392 ), (1857,0) global: ( -20.8467, -29.4363 ), (1857,0), changes: -0.224, -6.2 last seen:(1857,0) globalposderived: (1857,0)
(b)r: 0.843165 phi: -12.7349 vel: ( -0.126518, -0.169065 ) (1858,0) rel: ( 0.822423, -0.185868 ), (1858,0) global: ( -20.9813, -29.6162 ), (1858,0), changes: -0.224, -6.2 last seen:(1857,0) globalposderived: (1857,0)
 1858: turnWithBall: turn since ball will be kickable in t+1
 1858: direction old: -102.305703, new: -96.699822
(b)r: 0.9 phi: -10 vel: ( -0.120073, -0.169778 ) (1858,0) rel: ( 0.886327, -0.156283 ), (1858,0) global: ( -20.8401, -29.3814 ), (1858,0), changes: -0.252, -10.3 last seen:(1858,0) globalposderived: (1858,0)
 1858: turnWithBall: turn since ball will be kickable in t+1
(b)r: 0.2 phi: -70.5817 vel: ( 0.0112869, 0.0159591 ) (1859,0) rel: ( 0.0664923, -0.188623 ), (1859,0) global: ( -20.79, -29.1136 ), (1859,0), changes: -0.252, -10.3 last seen:(1858,0) globalposderived: (1858,0)
 1859: turnWithBall: turn since ball will be kickable in t+1
(b)r: 0.2 phi: -106.645 vel: ( 0, 0 ) (1860,0) rel: ( -0.0572883, -0.19162 ), (1860,0) global: ( -20.7787, -29.0976 ), (1860,0), changes: -0.252, -10.3 last seen:(1858,0) globalposderived: (1858,0)
 1860: ball (-20.778665,-29.097623), agent (-20.717557,-28.907187), to (-16.718357,-28.987161) ang -1.145614 -1.145614
 1860: relpos body (0.200000,-106.645024), vel. ball:(0.000000,0.000000) dist: 1.137590 (0.300000,0.085000,0.752590)
 1860: point good and can reach point 31.266590
 1860: 2 pos: ball(-21.146791,-29.664094), ball_prev(-20.840104,-29.381395), agentdiff(-0.324815,0.036249)
 1860: direction old: -40.682659, new: -97.499888
(b)r: 0.8 phi: -96 vel: ( 0, 0 ) (1860,0) rel: ( -0.0836228, -0.795618 ), (1860,0) global: ( -21.1468, -29.6641 ), (1860,0), changes: -0.252, -10.3 last seen:(1860,0) globalposderived: (1860,0)
 1860: ball (-21.146791,-29.664094), agent (-21.042372,-28.870938), to (-17.043742,-28.975638) ang -1.499888 -1.499888
 1860: relpos body (0.800000,-96.000000), vel. ball:(0.000000,0.000000) dist: 1.137590 (0.300000,0.085000,0.752590)
 1860: point good and can reach point 39.182965
(b)r: 0.932714 phi: -44.1082 vel: ( 0.711496, 0.119065 ) (1861,0) rel: ( 0.669714, -0.649184 ), (1861,0) global: ( -20.3899, -29.5374 ), (1861,0), changes: -0.252, -10.3 last seen:(1860,0) globalposderived: (1860,0)
 1861: ball (-20.389880,-29.537429), agent (-21.042372,-28.870938), to (-17.043742,-28.975638) ang -1.499888 -1.499888
 1861: relpos body (0.932714,-44.108213), vel. ball:(0.711496,0.119065) dist: 1.137590 (0.300000,0.085000,0.752590)
 1861: point good and can reach point 0.166697
 1861: direction old: -45.608100, new: -9.499888
(b)r: 1.8 phi: -8 vel: ( 1.7624, 0.498213 ) (1861,0) rel: ( 1.78248, -0.250512 ), (1861,0) global: ( -19.2671, -29.168 ), (1861,0), changes: 1.656, 24.9 last seen:(1861,0) globalposderived: (1861,0)
(b)r: 1.54408 phi: -3.25734 vel: ( -0.266446, -0.0644878 ) (1920,0) rel: ( 1.54159, -0.0877357 ), (1920,0) global: ( -10.6195, -25.1182 ), (1920,0), changes: -0.738, -0.7 last seen:(1918,0) globalposderived: (1918,0)
 1920: direction old: 6.589672, new: 7.191822
(b)r: 1.5 phi: -2 vel: ( -0.261241, -0.0564018 ) (1920,0) rel: ( 1.49909, -0.0523492 ), (1920,0) global: ( -10.7464, -25.117 ), (1920,0), changes: -0.72, -0.3 last seen:(1920,0) globalposderived: (1920,0)
(b)r: 0.804412 phi: -2.57127 vel: ( -0.245566, -0.0530177 ) (1921,0) rel: ( 0.803602, -0.0360876 ), (1921,0) global: ( -11.0076, -25.1734 ), (1921,0), changes: -0.72, -0.3 last seen:(1920,0) globalposderived: (1920,0)
 1921: ball (-11.007635,-25.173387), agent (-11.809546,-25.236766), to (-7.840134,-24.743038) ang 7.090217 7.090217
 1921: relpos body (0.804412,-2.571268), vel. ball:(-0.245566,-0.053018) dist: 1.137590 (0.300000,0.085000,0.752590)
 1921: point good and can reach point 42.150341
 1921: direction old: 5.162009, new: 4.254090
(b)r: 0.8 phi: -3 vel: ( -0.214143, -0.0432535 ) (1921,0) rel: ( 0.798904, -0.0418688 ), (1921,0) global: ( -10.8672, -25.1734 ), (1921,0), changes: -0.416, -3.2 last seen:(1921,0) globalposderived: (1921,0)
 1921: ball (-10.867163,-25.173425), agent (-11.664959,-25.232769), to (-7.696975,-24.727690) ang 7.254090 7.254090
 1921: relpos body (0.800000,-3.000000), vel. ball:(-0.214143,-0.043253) dist: 1.137590 (0.300000,0.085000,0.752590)
 1921: point good and can reach point 40.704896
(b)r: 1.31684 phi: -2.83676 vel: ( 0.660701, 0.0843878 ) (1922,0) rel: ( 1.31523, -0.0651712 ), (1922,0) global: ( -10.1643, -25.0837 ), (1922,0), changes: -0.416, -3.2 last seen:(1921,0) globalposderived: (1921,0)
(b)r: 1.37056 phi: -3.17266 vel: ( 0, 0 ) (1923,0) rel: ( 1.36846, -0.0758536 ), (1923,0) global: ( -9.50359, -24.9993 ), (1923,0), changes: -0.416, -3.2 last seen:(1921,0) globalposderived: (1921,0)
 1929: direction old: 0.153997, new: -12.686352
(b)r: 1.8 phi: -20 vel: ( -1.00512, -0.118615 ) (1929,0) rel: ( 1.69145, -0.615636 ), (1929,0) global: ( -5.28414, -24.8497 ), (1929,0), changes: -1.368, -15.5 last seen:(1929,0) globalposderived: (1929,0)
(b)r: 0.687271 phi: -50.8959 vel: ( -0.944816, -0.111498 ) (1930,0) rel: ( 0.433484, -0.533323 ), (1930,0) global: ( -6.28926, -24.9684 ), (1930,0), changes: -1.368, -15.5 last seen:(1929,0) globalposderived: (1929,0)
 1930: ball (-6.289261,-24.968352), agent (-6.599296,-24.354985), to (-2.690954,-25.206372) ang -12.289243 -12.289243
 1930: relpos body (0.687271,-50.895859), vel. ball:(-0.944816,-0.111498) dist: 1.137590 (0.300000,0.085000,0.752590)
 1930: point good and can reach point 74.584419
 1930: 2 pos: ball(-6.477102,-24.828051), ball_prev(-5.284139,-24.849737), agentdiff(-0.117208,0.077103)
 1930: vel based on 2 pos: (-1.011210,-0.052092)
 1930: direction old: -58.252000, new: -66.484064
(b)r: 0.6 phi: -52 vel: ( -1.01121, -0.0520917 ) (1930,0) rel: ( 0.369397, -0.472806 ), (1930,0) global: ( -6.4771, -24.8281 ), (1930,0), changes: -1.368, -15.5 last seen:(1930,0) globalposderived: (1930,0)
 1930: ball (-6.477102,-24.828051), agent (-6.716504,-24.277882), to (-2.843635,-25.278325) ang -14.484064 -14.484064
 1930: relpos body (0.600000,-52.000000), vel. ball:(-1.011210,-0.052092) dist: 1.137590 (0.300000,0.085000,0.752590)
 1930: point good and can reach point 74.859618
(b)r: 1.00964 phi: -27.7466 vel: ( 0.657266, -0.0906205 ) (1931,0) rel: ( 0.893548, -0.470051 ), (1931,0) global: ( -5.77788, -24.9245 ), (1931,0), changes: -1.368, -15.5 last seen:(1930,0) globalposderived: (1930,0)
 1931: ball (-5.777883,-24.924456), agent (-6.525466,-24.245858), to (-2.652597,-25.246301) ang -14.484064 -14.484064
 1931: relpos body (1.009641,-27.746649), vel. ball:(0.657266,-0.090621) dist: 1.137590 (0.300000,0.085000,0.752590)
 1931: point good and can reach point 1.433507
(b)r: 1.02749 phi: -25.1666 vel: ( 0.61783, -0.0851833 ) (1932,0) rel: ( 0.929953, -0.436941 ), (1932,0) global: ( -5.12062, -25.0151 ), (1932,0), changes: -1.368, -15.5 last seen:(1930,0) globalposderived: (1930,0)
 1932: ball (-5.120616,-25.015077), agent (-5.911729,-24.359431), to (-2.038860,-25.359874) ang -14.484064 -14.484064
 1932: relpos body (1.027487,-25.166639), vel. ball:(0.617830,-0.085183) dist: 1.137590 (0.300000,0.085000,0.752590)
 1932: point good and can reach point 2.955561
 1932: direction old: -39.874913, new: -37.369503
(b)r: 1.5 phi: -23 vel: ( 0.793858, -0.177087 ) (1932,0) rel: ( 1.38076, -0.586097 ), (1932,0) global: ( -4.63325, -25.3368 ), (1932,0), changes: 0.48, 8 last seen:(1932,0) globalposderived: (1932,0)
(b)r: 1.4857 phi: -22.1695 vel: ( 0.746226, -0.166461 ) (1933,0) rel: ( 1.37587, -0.560628 ), (1933,0) global: ( -3.83939, -25.5139 ), (1933,0), changes: 0.48, 8 last seen:(1932,0) globalposderived: (1932,0)
 1933: direction old: -39.830396, new: -35.759383
(b)r: 1.3 phi: -21 vel: ( 0.732494, -0.154675 ) (1933,0) rel: ( 1.21365, -0.465878 ), (1933,0) global: ( -4.09405, -25.1813 ), (1933,0), changes: 0.312, 7.4 last seen:(1933,0) globalposderived: (1933,0)
(b)r: 1.63376 phi: 5.17657 vel: ( 0.688544, -0.145394 ) (1934,0) rel: ( 1.62709, 0.147406 ), (1934,0) global: ( -3.36155, -25.336 ), (1934,0), changes: 0.312, 7.4 last seen:(1933,0) globalposderived: (1933,0)
 1935: direction old: -21.970878, new: -24.697891
 1936: direction old: -18.329765, new: -21.338804
 1938: direction old: -22.302524, new: -18.778769
 1939: direction old: -15.136311, new: -17.516010
 1956: direction old: -2.274693, new: -2.811208
(b)r: 1.69792 phi: 0.804772 vel: ( -0.75211, 0.0593759 ) (1957,0) rel: ( 1.69775, 0.023848 ), (1957,0) global: ( -8.17938, -25.5745 ), (1957,0), changes: -0.8, 0.4 last seen:(1956,0) globalposderived: (1956,0)
 1957: direction old: -2.006435, new: -2.811208
(b)r: 1.6 phi: 1 vel: ( -0.638134, 0.0537022 ) (1957,0) rel: ( 1.59976, 0.0279239 ), (1957,0) global: ( -8.27818, -25.5936 ), (1957,0), changes: -0.64, 0.8 last seen:(1957,0) globalposderived: (1957,0)
(b)r: 0.96026 phi: 1.33309 vel: ( -0.599846, 0.0504801 ) (1958,0) rel: ( 0.96, 0.0223402 ), (1958,0) global: ( -8.91632, -25.5399 ), (1958,0), changes: -0.64, 0.8 last seen:(1957,0) globalposderived: (1957,0)
 1958: ball (-8.916315,-25.539869), agent (-9.876256,-25.515099), to (-5.881069,-25.711280) ang -2.811208 -2.811208
 1958: relpos body (0.960260,1.333093), vel. ball:(-0.599846,0.050480) dist: 1.137590 (0.300000,0.085000,0.752590)
 1958: point good and can reach point 58.885015
(b)r: 1.6222 phi: 0.751729 vel: ( 0.621535, -0.0315151 ) (1959,0) rel: ( 1.62206, 0.0212828 ), (1959,0) global: ( -8.25511, -25.5734 ), (1959,0), changes: -0.64, 0.8 last seen:(1957,0) globalposderived: (1957,0)
 1959: direction old: -2.059479, new: 0.188792
(b)r: 1.6 phi: 3 vel: ( 0.598724, -0.00224229 ) (1959,0) rel: ( 1.59781, 0.0837375 ), (1959,0) global: ( -8.27626, -25.5098 ), (1959,0), changes: 0.576, 0.9 last seen:(1959,0) globalposderived: (1959,0)
(b)r: 1.66156 phi: 3.82573 vel: ( 0.562801, -0.00210776 ) (1960,0) rel: ( 1.65786, 0.110862 ), (1960,0) global: ( -7.67754, -25.5121 ), (1960,0), changes: 0.576, 0.9 last seen:(1959,0) globalposderived: (1959,0)
 1960: direction old: -7.519419, new: 1.815563
(b)r: 1.6 phi: 5 vel: ( 0.549693, 0.0105202 ) (1960,0) rel: ( 1.59391, 0.139449 ), (1960,0) global: ( -7.88583, -25.2228 ), (1960,0), changes: 0.288, 1 last seen:(1960,0) globalposderived: (1960,0)
(b)r: 1.40056 phi: 7.40426 vel: ( 0, 0 ) (1961,0) rel: ( 1.38888, 0.180489 ), (1961,0) global: ( -7.33613, -25.2123 ), (1961,0), changes: 0.288, 1 last seen:(1960,0) globalposderived: (1960,0)
(b)r: 0.2 phi: 19.3009 vel: ( 0, 0 ) (1962,0) rel: ( 0.188759, 0.0661058 ), (1962,0) global: ( -7.66859, -25.3083 ), (1962,0), changes: 0.288, 1 last seen:(1960,0) globalposderived: (1960,0)
(b)r: 0.174256 phi: 88.0675 vel: ( 0, 0 ) (1962,0) rel: ( 0.00587629, 0.174157 ), (1962,0) global: ( -7.13097, -25.716 ), (1962,0), changes: 0.288, 1 last seen:(1960,0) globalposderived: (1960,0)
 1962: ball (-7.130965,-25.715980), agent (-7.683445,-25.481960), to (-3.688770,-25.688281) ang -2.956646 -2.956646
 1962: relpos body (0.174256,88.067498), vel. ball:(0.000000,0.000000) dist: 1.137590 (0.300000,0.085000,0.752590)
 1962: point good and can reach point 28.325182
(b)r: 0.641851 phi: -19.0704 vel: ( 0, 0 ) (1963,0) rel: ( 0.606625, -0.209712 ), (1963,0) global: ( -7.13097, -25.716 ), (1963,0), changes: 0.288, 1 last seen:(1960,0) globalposderived: (1960,0)
 1963: ball (-7.130965,-25.715980), agent (-7.725966,-25.475258), to (-3.731290,-25.681579) ang -2.956646 -2.956646
 1963: relpos body (0.641851,-19.070374), vel. ball:(0.000000,0.000000) dist: 1.137590 (0.300000,0.085000,0.752590)
 1963: point good and can reach point 30.222666
(b)r: 0.641858 phi: -19.1268 vel: ( 0, 0 ) (1963,0) rel: ( 0.606425, -0.210311 ), (1963,0) global: ( -7.07649, -25.7364 ), (1963,0), changes: 0.288, 1 last seen:(-1,0) globalposderived: (1960,0)
 1963: ball (-7.076489,-25.736352), agent (-7.725961,-25.475226), to (-3.731094,-25.677813) ang -2.903091 -2.903091
 1963: relpos body (0.641858,-19.126761), vel. ball:(0.000000,0.000000) dist: 1.137590 (0.300000,0.085000,0.752590)
 1963: point good and can reach point 30.225414
(b)r: 0.641858 phi: -19.1268 vel: ( 0, 0 ) (1964,0) rel: ( 0.606425, -0.210311 ), (1963,0) global: ( -7.07649, -25.7364 ), (1964,0), changes: 0.288, 1 last seen:(-1,0) globalposderived: (1960,0)
 1964: ball (-7.076489,-25.736352), agent (-7.747279,-25.472266), to (-3.752412,-25.674854) ang -2.903091 -2.903091
 1964: relpos body (0.641858,-19.126761), vel. ball:(0.000000,0.000000) dist: 1.137590 (0.300000,0.085000,0.752590)
 1964: point good and can reach point 30.225414
(b)r: 1.37673 phi: 28.9686 vel: ( -0.270854, -0.277988 ) (2163,0) rel: ( 1.20448, 0.666791 ), (2163,0) global: ( -20.8322, -22.3463 ), (2163,0), changes: -0.33, 4.8 last seen:(2161,0) globalposderived: (2161,0)
 2163: direction old: 111.496048, new: 107.543902
(b)r: 1.5 phi: 26 vel: ( -0.270614, -0.29238 ) (2163,0) rel: ( 1.34819, 0.657557 ), (2163,0) global: ( -20.7883, -22.1759 ), (2163,0), changes: -0.57, 19.2 last seen:(2163,0) globalposderived: (2163,0)
(b)r: 0.921088 phi: 82.7779 vel: ( -0.254377, -0.274838 ) (2164,0) rel: ( 0.115795, 0.913781 ), (2164,0) global: ( -21.0589, -22.4682 ), (2164,0), changes: -0.57, 19.2 last seen:(2163,0) globalposderived: (2163,0)
 2164: turnWithBall: kick ball close to desired turnangle 0.000000
 2164: (kick 93.142673 -67.249846), vecDesired (1.468456,0.164117) -81.543902 posDes(-19.590415,-22.304125)
 2164: 2 pos: ball(-21.019237,-22.461358), ball_prev(-20.788257,-22.175861), agentdiff(0.028709,0.048890)
 2164: vel based on 2 pos: (-0.244108,-0.314323)
 2164: direction old: 167.676028, new: 166.709295
(b)r: 0.9 phi: 85 vel: ( -0.244108, -0.314323 ) (2164,0) rel: ( 0.0784402, 0.896575 ), (2164,0) global: ( -21.0192, -22.4614 ), (2164,0), changes: -0.57, 19.2 last seen:(2164,0) globalposderived: (2164,0)
 2164: turnWithBall: kick ball close to desired turnangle 0.000000
 2164: (kick 92.655188 -64.685079), vecDesired (1.456339,0.206341) -81.709295 posDes(-19.562898,-22.255016)
(b)r: 0.450628 phi: -82.7617 vel: ( 1.35173, 0.209442 ) (2165,0) rel: ( 0.0567776, -0.447036 ), (2165,0) global: ( -19.5812, -22.2385 ), (2165,0), changes: -0.57, 19.2 last seen:(2164,0) globalposderived: (2164,0)
 2165: turnWithBall: freeze ball
(b)r: 0.466489 phi: -106.121 vel: ( 0.0145379, 0.00445788 ) (2166,0) rel: ( -0.129531, -0.448145 ), (2166,0) global: ( -19.5658, -22.2338 ), (2166,0), changes: -0.57, 19.2 last seen:(2164,0) globalposderived: (2164,0)
 2166: turnWithBall: turn since ball will be kickable in t+1
 2166: 2 pos: ball(-19.702827,-21.949173), ball_prev(-21.019237,-22.461358), agentdiff(-0.112271,0.095252)
 2166: direction old: -28.206969, new: -0.489602
(b)r: 0.4 phi: -82 vel: ( 0.0145379, 0.00445788 ) (2166,0) rel: ( 0.0556692, -0.396107 ), (2166,0) global: ( -19.7028, -21.9492 ), (2166,0), changes: -0.57, 19.2 last seen:(2166,0) globalposderived: (2166,0)
 2166: turnWithBall: turn since ball will be kickable in t+1
(b)r: 0.386557 phi: -4.98215 vel: ( 0.0136656, 0.0041904 ) (2167,0) rel: ( 0.385097, -0.0335708 ), (2167,0) global: ( -19.6883, -21.9447 ), (2167,0), changes: -0.57, 19.2 last seen:(2166,0) globalposderived: (2166,0)
 2167: ball (-19.688290,-21.944715), agent (-20.067046,-21.867446), to (-16.093142,-22.323615) ang -6.548387 -6.548387
 2167: relpos body (0.386557,-4.982155), vel. ball:(0.013666,0.004190) dist: 1.137590 (0.300000,0.085000,0.752590)
 2167: point good and can reach point 26.554722
 2167: direction old: 29.089437, new: -1.371853
(b)r: 0.4 phi: -1 vel: ( 0.00539517, 0.0709556 ) (2167,0) rel: ( 0.399939, -0.00698096 ), (2167,0) global: ( -19.6944, -22.1802 ), (2167,0), changes: -0.008, 4.7 last seen:(2167,0) globalposderived: (2167,0)
 2167: ball (-19.694408,-22.180172), agent (-20.094294,-22.170596), to (-16.094378,-22.196556) ang -0.371853 -0.371853
 2167: relpos body (0.400000,-1.000000), vel. ball:(0.005395,0.070956) dist: 1.137590 (0.300000,0.085000,0.752590)
 2167: point good and can reach point 26.956719
(b)r: 1.0871 phi: -1.98864 vel: ( 0.657867, 0.00531439 ) (2168,0) rel: ( 1.08644, -0.0377239 ), (2168,0) global: ( -18.9945, -22.1745 ), (2168,0), changes: -0.008, 4.7 last seen:(2167,0) globalposderived: (2167,0)
(b)r: 1.2289 phi: -2.15298 vel: ( 0.618395, 0.00499553 ) (2169,0) rel: ( 1.22803, -0.0461671 ), (2169,0) global: ( -18.3367, -22.1692 ), (2169,0), changes: -0.008, 4.7 last seen:(2167,0) globalposderived: (2167,0)
 2169: direction old: -18.970274, new: -3.804600
(b)r: 1.2 phi: -3 vel: ( 0.609122, -0.00171805 ) (2169,0) rel: ( 1.19836, -0.0628031 ), (2169,0) global: ( -18.2939, -21.8519 ), (2169,0), changes: 0.36, 0.5 last seen:(2169,0) globalposderived: (2169,0)
(b)r: 1.57249 phi: 0.537433 vel: ( 0.572575, -0.00161497 ) (2170,0) rel: ( 1.57242, 0.0147497 ), (2170,0) global: ( -17.6848, -21.8537 ), (2170,0), changes: 0.36, 0.5 last seen:(2169,0) globalposderived: (2169,0)
 2170: direction old: -0.105146, new: -3.362911
(b)r: 1.6 phi: 0 vel: ( 0.565499, -0.000265963 ) (2170,0) rel: ( 1.6, 0 ), (2170,0) global: ( -17.6278, -21.9447 ), (2170,0), changes: 0.448, 0.8 last seen:(2170,0) globalposderived: (2170,0)
(b)r: 1.49759 phi: 0.8135 vel: ( 0.531569, -0.000250005 ) (2171,0) rel: ( 1.49744, 0.0212625 ), (2171,0) global: ( -17.0623, -21.945 ), (2171,0), changes: 0.448, 0.8 last seen:(2170,0) globalposderived: (2170,0)
(b)r: 1.17468 phi: 5.48339 vel: ( 0.499675, -0.000235005 ) (2172,0) rel: ( 1.1693, 0.112249 ), (2172,0) global: ( -16.5307, -21.9452 ), (2172,0), changes: 0.448, 0.8 last seen:(2170,0) globalposderived: (2170,0)
 2172: direction old: 15.754144, new: 4.861919
(b)r: 1.3 phi: 8 vel: ( 0.522834, 0.0189438 ) (2172,0) rel: ( 1.28735, 0.180925 ), (2172,0) global: ( -16.455, -22.1791 ), (2172,0), changes: 0.156, 3.3 last seen:(2172,0) globalposderived: (2172,0)
(b)r: 1.44791 phi: 2.46747 vel: ( 0.491464, 0.0178071 ) (2173,0) rel: ( 1.44657, 0.0623354 ), (2173,0) global: ( -15.9321, -22.1601 ), (2173,0), changes: 0.156, 3.3 last seen:(2172,0) globalposderived: (2172,0)
 2173: direction old: -6.174044, new: 8.065831
(b)r: 1.5 phi: 4 vel: ( 0.496832, 0.0230086 ) (2173,0) rel: ( 1.49635, 0.104635 ), (2173,0) global: ( -15.9064, -21.7918 ), (2173,0), changes: 0.33, 0.5 last seen:(2173,0) globalposderived: (2173,0)
(b)r: 1.83041 phi: 0.00134191 vel: ( 0.467022, 0.0216281 ) (2174,0) rel: ( 1.83041, 4.28694e-05 ), (2174,0) global: ( -15.4096, -21.7688 ), (2174,0), changes: 0.33, 0.5 last seen:(2173,0) globalposderived: (2173,0)
 2175: direction old: 13.032465, new: 8.044112
 2176: direction old: -0.856152, new: 6.735282
 2178: direction old: 16.975036, new: 8.159319
 2179: direction old: 4.575496, new: 9.026885
 2181: direction old: 17.753011, new: 12.202340
 2182: direction old: 3.996621, new: 12.934895
(b)r: 2 phi: 6 vel: ( 0.30313, 0.0388155 ) (2182,0) rel: ( 1.98904, 0.209057 ), (2182,0) global: ( -12.4288, -21.4721 ), (2182,0), changes: 0.32, -0.8 last seen:(2182,0) globalposderived: (2182,0)
 2184: direction old: 34.624768, new: 19.234653
(b)r: 1.6 phi: 12 vel: ( 0.255056, 0.0285369 ) (2184,0) rel: ( 1.56504, 0.332659 ), (2184,0) global: ( -11.6112, -21.7544 ), (2184,0), changes: 0.256, -2.2 last seen:(2184,0) globalposderived: (2184,0)
(b)r: 1.35877 phi: 14.0512 vel: ( 0.239753, 0.0268247 ) (2185,0) rel: ( 1.31812, 0.329895 ), (2185,0) global: ( -11.3561, -21.7259 ), (2185,0), changes: 0.256, -2.2 last seen:(2184,0) globalposderived: (2184,0)
 2185: direction old: 5.922009, new: 19.964789
(b)r: 1.5 phi: 13 vel: ( 0.247707, 0.0279061 ) (2185,0) rel: ( 1.46156, 0.337427 ), (2185,0) global: ( -11.4199, -21.3665 ), (2185,0), changes: 0.27, -2.4 last seen:(2185,0) globalposderived: (2185,0)
(b)r: 1.25334 phi: 15.5898 vel: ( 0.232845, 0.0262317 ) (2186,0) rel: ( 1.20723, 0.336833 ), (2186,0) global: ( -11.1722, -21.3386 ), (2186,0), changes: 0.27, -2.4 last seen:(2185,0) globalposderived: (2185,0)
(b)r: 0.996358 phi: 19.71 vel: ( 0.218874, 0.0246578 ) (2187,0) rel: ( 0.937983, 0.336032 ), (2187,0) global: ( -10.9393, -21.3124 ), (2187,0), changes: 0.27, -2.4 last seen:(2185,0) globalposderived: (2185,0)
 2187: direction old: 9.584627, new: 28.704089
(b)r: 1 phi: 22 vel: ( 0.227414, 0.0272897 ) (2187,0) rel: ( 0.927184, 0.374607 ), (2187,0) global: ( -11.0515, -20.9992 ), (2187,0), changes: 0.24, -5.4 last seen:(2187,0) globalposderived: (2187,0)
 2187: ball (-11.051507,-20.999173), agent (-11.928619,-21.479460), to (-7.955970,-21.012493) ang 6.704089 6.704089
 2187: relpos body (1.000000,22.000000), vel. ball:(0.227414,0.027290) dist: 1.137590 (0.300000,0.085000,0.752590)
 2187: point good and can reach point 22.018100
(b)r: 1.63095 phi: 10.465 vel: ( 0.640291, 0.00108977 ) (2188,0) rel: ( 1.60382, 0.296238 ), (2188,0) global: ( -10.3703, -20.998 ), (2188,0), changes: 0.24, -5.4 last seen:(2187,0) globalposderived: (2187,0)
 2188: direction old: 25.732118, new: 17.870404
(b)r: 1.6 phi: 11 vel: ( 0.6251, -0.00675864 ) (2188,0) rel: ( 1.5706, 0.305294 ), (2188,0) global: ( -10.3904, -21.2506 ), (2188,0), changes: 0.576, -7.2 last seen:(2188,0) globalposderived: (2188,0)
 2190: direction old: 15.729282, new: 13.042971
(b)r: 1.8 phi: 6 vel: ( 0.558484, -0.0114915 ) (2190,0) rel: ( 1.79014, 0.188151 ), (2190,0) global: ( -9.01489, -21.3055 ), (2190,0), changes: 0.576, -4.7 last seen:(2190,0) globalposderived: (2190,0)
 2191: direction old: 18.082936, new: 9.192841
(b)r: 1.8 phi: 2 vel: ( 0.527742, -0.0169286 ) (2191,0) rel: ( 1.7989, 0.0628191 ), (2191,0) global: ( -8.61724, -21.6622 ), (2191,0), changes: 0.54, -3.4 last seen:(2191,0) globalposderived: (2191,0)
(b)r: 1.78242 phi: -0.644665 vel: ( 0.496078, -0.0159129 ) (2192,0) rel: ( 1.78231, -0.0200545 ), (2192,0) global: ( -8.08949, -21.6791 ), (2192,0), changes: 0.54, -3.4 last seen:(2191,0) globalposderived: (2191,0)
(b)r: 1.50017 phi: -3.22646 vel: ( 0.466313, -0.0149581 ) (2193,0) rel: ( 1.49779, -0.0844333 ), (2193,0) global: ( -7.59342, -21.695 ), (2193,0), changes: 0.54, -3.4 last seen:(2191,0) globalposderived: (2191,0)
 2193: direction old: 6.782828, new: 5.213563
(b)r: 1.5 phi: -2 vel: ( 0.47423, -0.00861636 ) (2193,0) rel: ( 1.49909, -0.0523492 ), (2193,0) global: ( -7.46653, -21.7213 ), (2193,0), changes: 0.12, -2 last seen:(2193,0) globalposderived: (2193,0)
(b)r: 1.61258 phi: -2.05965 vel: ( 0.445776, -0.00809938 ) (2194,0) rel: ( 1.61154, -0.057956 ), (2194,0) global: ( -6.9923, -21.7299 ), (2194,0), changes: 0.12, -2 last seen:(2193,0) globalposderived: (2193,0)
 2194: direction old: -6.488314, new: 6.043917
(b)r: 1.5 phi: 1 vel: ( 0.440595, -0.0182068 ) (2194,0) rel: ( 1.49977, 0.0261786 ), (2194,0) global: ( -7.08104, -21.3922 ), (2194,0), changes: 0.45, -2.8 last seen:(2194,0) globalposderived: (2194,0)
(b)r: 1.9373 phi: -2.04014 vel: ( 0.414159, -0.0171144 ) (2195,0) rel: ( 1.93607, -0.0689673 ), (2195,0) global: ( -6.64045, -21.4104 ), (2195,0), changes: 0.45, -2.8 last seen:(2194,0) globalposderived: (2194,0)
 2196: direction old: 15.871817, new: 5.255304
 2197: direction old: -5.316076, new: 2.932756
(b)r: 1.80171 phi: -4.69055 vel: ( 0.311004, -0.0451778 ) (2198,0) rel: ( 1.79568, -0.147333 ), (2198,0) global: ( -5.55635, -21.5839 ), (2198,0), changes: 0.088, -1.8 last seen:(2197,0) globalposderived: (2197,0)
(b)r: 1.30812 phi: -10.6734 vel: ( 0.292344, -0.0424672 ) (2199,0) rel: ( 1.28549, -0.242278 ), (2199,0) global: ( -5.24534, -21.6291 ), (2199,0), changes: 0.088, -1.8 last seen:(2197,0) globalposderived: (2197,0)
 2199: direction old: 12.961947, new: -5.608779
(b)r: 1.3 phi: -10 vel: ( 0, 0 ) (2199,0) rel: ( 1.28025, -0.225743 ), (2199,0) global: ( -5.13028, -22.0274 ), (2199,0), changes: -0.052, -3.6 last seen:(2199,0) globalposderived: (2199,0)
(b)r: 0.2 phi: -32.3751 vel: ( 0, 0 ) (2200,0) rel: ( 0.168912, -0.107092 ), (2200,0) global: ( -5.34783, -21.9118 ), (2200,0), changes: -0.052, -3.6 last seen:(2199,0) globalposderived: (2199,0)
 2200: direction old: -36.905731, new: -19.714985
(b)r: 0.9 phi: -24 vel: ( -0.0352368, 0.00537593 ) (2200,0) rel: ( 0.822191, -0.366063 ), (2200,0) global: ( -4.80565, -21.9863 ), (2200,0), changes: 0, 0.8 last seen:(2200,0) globalposderived: (2200,0)
 2200: ball (-4.805653,-21.986349), agent (-5.652897,-21.682742), to (-1.664078,-21.383870) ang 4.285015 4.285015
 2200: relpos body (0.900000,-24.000000), vel. ball:(-0.035237,0.005376) dist: 1.137590 (0.300000,0.085000,0.752590)
 2200: point good and can reach point 35.308571
(b)r: 1.6055 phi: -10.3626 vel: ( 0.664341, 0.11908 ) (2201,0) rel: ( 1.57931, -0.288791 ), (2201,0) global: ( -4.09891, -21.8597 ), (2201,0), changes: 0, 0.8 last seen:(2200,0) globalposderived: (2200,0)
 2202: direction old: -8.956029, new: -8.735606
(b)r: 1.8 phi: -13 vel: ( 0.618782, 0.100526 ) (2202,0) rel: ( 1.75387, -0.404912 ), (2202,0) global: ( -3.31423, -21.7525 ), (2202,0), changes: 0.612, 5.9 last seen:(2202,0) globalposderived: (2202,0)
(b)r: 1.86809 phi: -9.64989 vel: ( 0.581655, 0.0944948 ) (2203,0) rel: ( 1.84165, -0.313142 ), (2203,0) global: ( -2.69545, -21.652 ), (2203,0), changes: 0.612, 5.9 last seen:(2202,0) globalposderived: (2202,0)
 2203: direction old: -9.380873, new: -5.916848
(b)r: 2 phi: -10 vel: ( 0.600986, 0.0878986 ) (2203,0) rel: ( 1.96962, -0.347296 ), (2203,0) global: ( -2.63741, -21.5391 ), (2203,0), changes: 0.36, 3.4 last seen:(2203,0) globalposderived: (2203,0)
(b)r: 1.79796 phi: -7.89175 vel: ( 0, 0 ) (2204,0) rel: ( 1.78094, -0.246864 ), (2204,0) global: ( -2.03642, -21.4512 ), (2204,0), changes: 0.36, 3.4 last seen:(2203,0) globalposderived: (2203,0)
(b)r: 0.940946 phi: -17.1627 vel: ( 0, 0 ) (2205,0) rel: ( 0.899046, -0.27766 ), (2205,0) global: ( -2.03642, -21.4512 ), (2205,0), changes: 0.36, 3.4 last seen:(2203,0) globalposderived: (2203,0)
 2205: direction old: -25.151769, new: 15.932102
(b)r: 1.6 phi: 12 vel: ( 0, 0 ) (2205,0) rel: ( 1.56504, 0.332659 ), (2205,0) global: ( -1.40192, -20.5875 ), (2205,0), changes: 0.416, 18 last seen:(2205,0) globalposderived: (2205,0)
(b)r: 0.2 phi: 26.7434 vel: ( 0, 0 ) (2206,0) rel: ( 0.178606, 0.089999 ), (2206,0) global: ( -1.83836, -20.8464 ), (2206,0), changes: 0.416, 18 last seen:(2205,0) globalposderived: (2205,0)
 2206: direction old: 55.206672, new: 35.036327
(b)r: 0.9 phi: 31 vel: ( 0.0138808, -0.0161774 ) (2206,0) rel: ( 0.771451, 0.463534 ), (2206,0) global: ( -1.4336, -20.8078 ), (2206,0), changes: 0.036, -2.7 last seen:(2206,0) globalposderived: (2206,0)
 2206: ball (-1.433605,-20.807771), agent (-2.170514,-21.324457), to (1.819564,-21.042902) ang 4.036327 4.036327
 2206: relpos body (0.900000,31.000000), vel. ball:(0.013881,-0.016177) dist: 1.137590 (0.300000,0.085000,0.752590)
 2206: point good and can reach point 33.457905
(b)r: 1.56911 phi: 13.845 vel: ( 0.670858, -0.0377604 ) (2207,0) rel: ( 1.52352, 0.375481 ), (2207,0) global: ( -0.719926, -20.8479 ), (2207,0), changes: 0.036, -2.7 last seen:(2206,0) globalposderived: (2206,0)
 2208: direction old: 20.119985, new: 17.048898
(b)r: 1.8 phi: 13 vel: ( 0.641852, -0.0110842 ) (2208,0) rel: ( 1.75387, 0.404912 ), (2208,0) global: ( 0.134097, -20.9213 ), (2208,0), changes: 0.648, -5.8 last seen:(2208,0) globalposderived: (2208,0)
 2209: 2 pos: ball(0.829840,-20.898522), ball_prev(0.134097,-20.921303), agentdiff(-0.000675,0.003112)
 2209: vel based on 2 pos: (0.654633,0.018489)
 2209: direction old: 12.296309, new: 12.791612
 2242: direction old: 2.983308, new: 1.995294
 2244: direction old: -1.295636, new: -2.868343
(b)r: 1.72104 phi: -2.87458 vel: ( -0.267991, -0.0678054 ) (2245,0) rel: ( 1.71887, -0.0863096 ), (2245,0) global: ( -12.361, -24.0675 ), (2245,0), changes: -0.28, -2.7 last seen:(2244,0) globalposderived: (2244,0)
 2245: direction old: -6.631793, new: -6.644061
(b)r: 1.6 phi: -4 vel: ( -0.23445, -0.0767126 ) (2245,0) rel: ( 1.5961, -0.11161 ), (2245,0) global: ( -12.5211, -24.0493 ), (2245,0), changes: -0.224, -3.7 last seen:(2245,0) globalposderived: (2245,0)
(b)r: 1.37987 phi: -4.29427 vel: ( -0.220383, -0.0721098 ) (2246,0) rel: ( 1.376, -0.103323 ), (2246,0) global: ( -12.7555, -24.126 ), (2246,0), changes: -0.224, -3.7 last seen:(2245,0) globalposderived: (2245,0)
(b)r: 1.18255 phi: -5.46473 vel: ( -0.20716, -0.0677832 ) (2247,0) rel: ( 1.17718, -0.112618 ), (2247,0) global: ( -12.9759, -24.1981 ), (2247,0), changes: -0.224, -3.7 last seen:(2245,0) globalposderived: (2245,0)
 2247: direction old: -13.843042, new: -15.384708
(b)r: 1.2 phi: -5 vel: ( -0.212254, -0.0669839 ) (2247,0) rel: ( 1.19543, -0.104587 ), (2247,0) global: ( -12.9628, -24.2346 ), (2247,0), changes: -0.192, -5.8 last seen:(2247,0) globalposderived: (2247,0)
(b)r: 1.02031 phi: -6.80483 vel: ( -0.199518, -0.0629649 ) (2248,0) rel: ( 1.01312, -0.120894 ), (2248,0) global: ( -13.1751, -24.3016 ), (2248,0), changes: -0.192, -5.8 last seen:(2247,0) globalposderived: (2247,0)
 2248: ball (-13.175063,-24.301562), agent (-14.119808,-23.916220), to (-10.263143,-24.977415) ang -15.384708 -15.384708
 2248: relpos body (1.020310,-6.804834), vel. ball:(-0.199518,-0.062965) dist: 1.137590 (0.300000,0.085000,0.752590)
 2248: point good and can reach point 41.239538
 2248: direction old: -20.945823, new: -23.185652
(b)r: 1 phi: -8 vel: ( -0.222496, -0.0622943 ) (2248,0) rel: ( 0.990268, -0.139173 ), (2248,0) global: ( -13.1941, -24.3361 ), (2248,0), changes: -0.18, -8.3 last seen:(2248,0) globalposderived: (2248,0)
 2248: ball (-13.194148,-24.336104), agent (-14.113382,-23.942393), to (-10.253054,-24.990183) ang -15.185652 -15.185652
 2248: relpos body (1.000000,-8.000000), vel. ball:(-0.222496,-0.062294) dist: 1.137590 (0.300000,0.085000,0.752590)
 2248: point good and can reach point 42.090894
(b)r: 1.67482 phi: -4.05351 vel: ( 0.622331, -0.148673 ) (2249,0) rel: ( 1.67063, -0.11839 ), (2249,0) global: ( -12.5321, -24.4943 ), (2249,0), changes: -0.18, -8.3 last seen:(2248,0) globalposderived: (2248,0)
(b)r: 1.79996 phi: -4.2977 vel: ( 0.584991, -0.139753 ) (2250,0) rel: ( 1.79489, -0.134886 ), (2250,0) global: ( -11.9098, -24.6429 ), (2250,0), changes: -0.18, -8.3 last seen:(2248,0) globalposderived: (2248,0)
 2250: direction old: -19.536048, new: -21.376779
(b)r: 1.8 phi: -6 vel: ( 0, 0 ) (2250,0) rel: ( 1.79014, -0.188151 ), (2250,0) global: ( -11.9302, -24.6971 ), (2250,0), changes: 0.36, 0.3 last seen:(2250,0) globalposderived: (2250,0)
(b)r: 1.07496 phi: -10.0804 vel: ( 0, 0 ) (2251,0) rel: ( 1.05837, -0.188151 ), (2251,0) global: ( -11.9302, -24.6971 ), (2251,0), changes: 0.36, 0.3 last seen:(2250,0) globalposderived: (2250,0)
 2251: direction old: -35.095165, new: 15.450204
(b)r: 1.6 phi: 31 vel: ( 0, 0 ) (2251,0) rel: ( 1.37147, 0.824061 ), (2251,0) global: ( -11.3713, -23.5798 ), (2251,0), changes: 0.48, 29.2 last seen:(2251,0) globalposderived: (2251,0)
(b)r: 0.2 phi: 58.3499 vel: ( 0, 0 ) (2252,0) rel: ( 0.104946, 0.170254 ), (2252,0) global: ( -11.9349, -24.1017 ), (2252,0), changes: 0.48, 29.2 last seen:(2251,0) globalposderived: (2251,0)
(b)r: 0.376153 phi: 157.062 vel: ( 0, 0 ) (2253,0) rel: ( -0.34641, 0.146599 ), (2253,0) global: ( -11.9349, -24.1017 ), (2253,0), changes: 0.48, 29.2 last seen:(2251,0) globalposderived: (2251,0)
 2253: 2 pos: ball(-11.693314,-23.666036), ball_prev(-11.371342,-23.579819), agentdiff(-0.047537,-0.030261)
 2253: direction old: 133.043599, new: 90.436629
(b)r: 0.7 phi: 106 vel: ( 0, 0 ) (2253,0) rel: ( -0.192946, 0.672883 ), (2253,0) global: ( -11.6933, -23.666 ), (2253,0), changes: 0.48, 29.2 last seen:(2253,0) globalposderived: (2253,0)
 2253: ball (-11.693314,-23.666036), agent (-11.687979,-24.366015), to (-1.983611,-18.557472) ang -15.563371 -15.563371
 2253: relpos body (0.700000,106.000000), vel. ball:(0.000000,0.000000) dist: 1.137590 (0.300000,0.085000,0.752590)
 2253: point good and can reach point 121.993212
 2254: 2 pos: ball(-10.923019,-22.551166), ball_prev(-11.693314,-23.666036), agentdiff(-0.012547,-0.052241)
 2254: vel based on 2 pos: (0.735871,1.097083)
 2254: direction old: 47.457625, new: 73.492446
 2278: 2 pos: ball(-4.542457,-10.349656), ball_prev(-3.569912,-10.675476), agentdiff(-0.125802,0.381105)
 2278: vel based on 2 pos: (-0.795938,-0.051967)
 2278: direction old: 68.659491, new: 99.470985
(b)r: 2 phi: 48 vel: ( -0.795938, -0.0519675 ) (2278,0) rel: ( 1.33826, 1.48629 ), (2278,0) global: ( -4.54246, -10.3497 ), (2278,0), changes: -0.72, 17.8 last seen:(2278,0) globalposderived: (2278,0)
 2280: direction old: 144.421005, new: 147.057239
 2380: direction old: -53.774583, new: -53.392765
(b)r: 1.74049 phi: -15.2733 vel: ( -0.404201, 0.119172 ) (2381,0) rel: ( 1.67902, -0.458488 ), (2381,0) global: ( -12.7701, -29.9981 ), (2381,0), changes: -0.486, -5.5 last seen:(2380,0) globalposderived: (2380,0)
(b)r: 0.817692 phi: -52.2758 vel: ( -0.379949, 0.112022 ) (2382,0) rel: ( 0.500314, -0.646766 ), (2382,0) global: ( -13.1743, -29.8789 ), (2382,0), changes: -0.486, -5.5 last seen:(2380,0) globalposderived: (2380,0)
 2382: 2 pos: ball(-13.257575,-29.836247), ball_prev(-12.340109,-30.124849), agentdiff(-0.096888,-0.074445)
 2382: direction old: -93.163884, new: -100.178979
(b)r: 0.7 phi: -53 vel: ( -0.379949, 0.112022 ) (2382,0) rel: ( 0.421271, -0.559045 ), (2382,0) global: ( -13.2576, -29.8362 ), (2382,0), changes: -0.486, -5.5 last seen:(2382,0) globalposderived: (2382,0)
 2382: ball (-13.257575,-29.836247), agent (-13.133869,-29.147265), to (-1.767821,-17.156862) ang -47.178979 -47.178979
 2382: relpos body (0.700000,-53.000000), vel. ball:(-0.379949,0.112022) dist: 1.137590 (0.300000,0.085000,0.752590)
 2382: point good, but reposition ball since need 134.419221
 2382: (kick 49.515349 42.934104), vecDesired (0.715647,0.030704) 0.000000 posDes(-12.541928,-29.805543)
(b)r: 0.502093 phi: -1.58062 vel: ( 0.660621, 0.0130526 ) (2383,0) rel: ( 0.501902, -0.0138495 ), (2383,0) global: ( -12.5548, -29.8224 ), (2383,0), changes: -0.486, -5.5 last seen:(2382,0) globalposderived: (2382,0)
 2383: ball (-12.554787,-29.822361), agent (-12.885776,-29.444813), to (-1.767821,-17.156862) ang -47.178979 -47.178979
 2383: relpos body (0.502093,-1.580621), vel. ball:(0.660621,0.013053) dist: 1.137590 (0.300000,0.085000,0.752590)
 2383: point good and can reach point 92.776210
 2383: direction old: -81.011241, new: -44.148451
(b)r: 0.4 phi: 4 vel: ( -0.0413853, -0.0234793 ) (2383,0) rel: ( 0.399026, 0.0279026 ), (2383,0) global: ( -12.3914, -29.3196 ), (2383,0), changes: -0.192, -3.4 last seen:(2383,0) globalposderived: (2383,0)
 2383: ball (-12.391368,-29.319621), agent (-12.678383,-29.041013), to (-1.767821,-17.156862) ang -48.148451 -48.148451
 2383: relpos body (0.400000,4.000000), vel. ball:(-0.041385,-0.023479) dist: 1.137590 (0.300000,0.085000,0.752590)
 2383: point good and can reach point 106.073701
 2430: direction old: -34.121590, new: -35.828064
(b)r: 1.98363 phi: -13.404 vel: ( -0.332081, -0.0942453 ) (2431,0) rel: ( 1.9296, -0.459836 ), (2431,0) global: ( -8.69306, -27.8811 ), (2431,0), changes: -0.216, -5.8 last seen:(2430,0) globalposderived: (2430,0)
 2431: direction old: -48.004986, new: -45.109727
(b)r: 1.40411 phi: -32.6781 vel: ( -0.314627, -0.094665 ) (2432,0) rel: ( 1.18187, -0.758107 ), (2432,0) global: ( -8.83815, -28.0263 ), (2432,0), changes: -0.396, -9.6 last seen:(2431,0) globalposderived: (2431,0)
(b)r: 0.991684 phi: -86.423 vel: ( -0.295749, -0.0889851 ) (2433,0) rel: ( 0.0618719, -0.989752 ), (2433,0) global: ( -9.15278, -28.121 ), (2433,0), changes: -0.396, -9.6 last seen:(2431,0) globalposderived: (2431,0)
 2433: 2 pos: ball(-8.428651,-25.555097), ball_prev(-8.503443,-27.925596), agentdiff(0.103863,0.101360)
 2433: direction old: -120.702761, new: 84.743735
(b)r: 1.6 phi: 117 vel: ( -0.295749, -0.0889851 ) (2433,0) rel: ( -0.726385, 1.42561 ), (2433,0) global: ( -8.42865, -25.5551 ), (2433,0), changes: -0.396, -9.6 last seen:(2433,0) globalposderived: (2433,0)
(b)r: 1.54401 phi: -13.2482 vel: ( -0.278004, -0.083646 ) (2434,0) rel: ( 1.50292, -0.353841 ), (2434,0) global: ( -8.7244, -25.6441 ), (2434,0), changes: -0.396, -9.6 last seen:(2433,0) globalposderived: (2433,0)
(b)r: 1.89681 phi: 81.5013 vel: ( -0.278004, -0.083646 ) (2434,0) rel: ( 0.280324, 1.87598 ), (2434,0) global: ( -8.7244, -25.6441 ), (2434,0), changes: -0.396, -9.6 last seen:(-1,0) globalposderived: (2433,0)
(b)r: 1.89681 phi: 81.5013 vel: ( -0.261324, -0.0786272 ) (2435,0) rel: ( 0.280324, 1.87598 ), (2434,0) global: ( -9.0024, -25.7277 ), (2435,0), changes: -0.396, -9.6 last seen:(-1,0) globalposderived: (2433,0)
(b)r: 1.89681 phi: 81.5013 vel: ( -0.245644, -0.0739096 ) (2436,0) rel: ( 0.280324, 1.87598 ), (2434,0) global: ( -9.26373, -25.8064 ), (2436,0), changes: -0.396, -9.6 last seen:(-1,0) globalposderived: (2433,0)
 3912: direction old: 103.489811, new: 101.040959
(b)r: 0.98534 phi: -6.49843 vel: ( -0.209071, -0.25437 ) (3913,0) rel: ( 0.979009, -0.111517 ), (3913,0) global: ( -23.9284, -16.601 ), (3913,0), changes: -0.704, 4.6 last seen:(3912,0) globalposderived: (3912,0)
 3913: turnWithBall: turn since ball will be kickable in t+1
 3913: direction old: 107.237773, new: 108.210955
(b)r: 1.1 phi: -5 vel: ( -0.214472, -0.317577 ) (3913,0) rel: ( 1.09581, -0.0958713 ), (3913,0) global: ( -23.9623, -16.5549 ), (3913,0), changes: -0.704, 14.5 last seen:(3913,0) globalposderived: (3913,0)
 3913: turnWithBall: turn since ball will be kickable in t+1
(b)r: 0.45886 phi: 73.0528 vel: ( -0.201604, -0.298522 ) (3914,0) rel: ( 0.133754, 0.438933 ), (3914,0) global: ( -24.1768, -16.8725 ), (3914,0), changes: -0.704, 14.5 last seen:(3913,0) globalposderived: (3913,0)
 3914: turnWithBall: turn since ball will be kickable in t+1
(b)r: 0.585115 phi: -152.497 vel: ( -0.189508, -0.280611 ) (3915,0) rel: ( -0.518988, -0.270207 ), (3915,0) global: ( -24.3784, -17.171 ), (3915,0), changes: -0.704, 14.5 last seen:(3913,0) globalposderived: (3913,0)
 3915: ball (-24.378394,-17.170996), agent (-23.845314,-16.929780), to (-19.851384,-17.150067) ang -3.156972 -3.156972
 3915: relpos body (0.585115,-152.496589), vel. ball:(-0.189508,-0.280611) dist: 1.137590 (0.300000,0.085000,0.752590)
 3915: point good and can reach point 51.404269
 3915: 2 pos: ball(-24.135701,-17.103675), ball_prev(-23.962318,-16.554897), agentdiff(0.158766,0.045789)
 3915: direction old: -157.469429, new: -153.936463
(b)r: 0.5 phi: -161 vel: ( -0.189508, -0.280611 ) (3915,0) rel: ( -0.472759, -0.162784 ), (3915,0) global: ( -24.1357, -17.1037 ), (3915,0), changes: -0.704, 14.5 last seen:(3915,0) globalposderived: (3915,0)
 3915: ball (-24.135701,-17.103675), agent (-23.686548,-16.883991), to (-19.716906,-16.392111) ang 7.063537 7.063537
 3915: relpos body (0.500000,-161.000000), vel. ball:(-0.189508,-0.280611) dist: 1.137590 (0.300000,0.085000,0.752590)
 3915: point good and can reach point 51.813535
(b)r: 0.404979 phi: -39.8922 vel: ( 0.707385, 0.0951426 ) (3916,0) rel: ( 0.310721, -0.259731 ), (3916,0) global: ( -23.3832, -17.0025 ), (3916,0), changes: -0.704, 14.5 last seen:(3915,0) globalposderived: (3915,0)
 3916: ball (-23.383164,-17.002459), agent (-23.723466,-16.782909), to (-19.753824,-16.291029) ang 7.063537 7.063537
 3916: relpos body (0.404979,-39.892238), vel. ball:(0.707385,0.095143) dist: 1.137590 (0.300000,0.085000,0.752590)
 3916: point good and can reach point 1.754924
 3916: direction old: -26.253613, new: -28.014739
(b)r: 0.4 phi: -35 vel: ( 0.72643, 0.114936 ) (3916,0) rel: ( 0.327661, -0.229431 ), (3916,0) global: ( -23.451, -16.9827 ), (3916,0), changes: 0.632, 62.4 last seen:(3916,0) globalposderived: (3916,0)
 3916: ball (-23.450972,-16.982722), agent (-23.804103,-16.794842), to (-19.833793,-16.308386) ang 6.985261 6.985261
 3916: relpos body (0.400000,-35.000000), vel. ball:(0.726430,0.114936) dist: 1.137590 (0.300000,0.085000,0.752590)
 3916: point good and can reach point 0.887413
(b)r: 0.606434 phi: -25.1456 vel: ( 0.682844, 0.10804 ) (3917,0) rel: ( 0.548963, -0.257685 ), (3917,0) global: ( -22.7245, -16.8678 ), (3917,0), changes: 0.632, 62.4 last seen:(3916,0) globalposderived: (3916,0)
 3917: ball (-22.724543,-16.867786), agent (-23.300769,-16.678775), to (-19.330459,-16.192319) ang 6.985261 6.985261
 3917: relpos body (0.606434,-25.145559), vel. ball:(0.682844,0.108040) dist: 1.137590 (0.300000,0.085000,0.752590)
 3917: point good and can reach point 1.811207
(b)r: 0.2 phi: -28.4274 vel: ( 0, 0 ) (3918,0) rel: ( 0.175884, -0.0952091 ), (3918,0) global: ( -22.3611, -16.6343 ), (3918,0), changes: 0.632, 62.4 last seen:(3916,0) globalposderived: (3916,0)
 3918: ball (-22.361126,-16.634293), agent (-22.547283,-16.561181), to (-18.576973,-16.074725) ang 6.985261 6.985261
 3918: relpos body (0.200000,-28.427430), vel. ball:(0.000000,0.000000) dist: 1.137590 (0.300000,0.085000,0.752590)
 3918: point good and can reach point 26.266376
 3918: direction old: 24.607821, new: -13.720118
(b)r: 0.4 phi: -21 vel: ( 0.571359, 0.139548 ) (3918,0) rel: ( 0.373432, -0.143347 ), (3918,0) global: ( -22.1776, -16.8231 ), (3918,0), changes: 0.56, 40.6 last seen:(3918,0) globalposderived: (3918,0)
 3918: ball (-22.177575,-16.823071), agent (-22.566162,-16.728200), to (-18.598406,-16.221334) ang 7.279882 7.279882
 3918: relpos body (0.400000,-21.000000), vel. ball:(0.571359,0.139548) dist: 1.137590 (0.300000,0.085000,0.752590)
 3918: point good and can reach point 5.548331
(b)r: 0.466369 phi: -6.3297 vel: ( 0.537077, 0.131175 ) (3919,0) rel: ( 0.463526, -0.051417 ), (3919,0) global: ( -21.6062, -16.6835 ), (3919,0), changes: 0.56, 40.6 last seen:(3918,0) globalposderived: (3918,0)
 3919: ball (-21.606216,-16.683523), agent (-22.072521,-16.691257), to (-18.104765,-16.184392) ang 7.279882 7.279882
 3919: relpos body (0.466369,-6.329704), vel. ball:(0.537077,0.131175) dist: 1.137590 (0.300000,0.085000,0.752590)
 3919: point good and can reach point 7.019678
 3919: 2 pos: ball(-22.381612,-17.114497), ball_prev(-22.177575,-16.823071), agentdiff(0.001094,0.421619)
 3919: vel based on 2 pos: (-0.192822,-0.670261)
 3919: direction old: -41.658563, new: -110.160376
(b)r: 0.9 phi: -117 vel: ( -0.192822, -0.670261 ) (3919,0) rel: ( -0.408591, -0.801906 ), (3919,0) global: ( -22.3816, -17.1145 ), (3919,0), changes: 0.56, 40.6 last seen:(3919,0) globalposderived: (3919,0)
 3919: ball (-22.381612,-17.114497), agent (-22.071427,-16.269638), to (-18.099894,-15.793276) ang 6.839624 6.839624
 3919: relpos body (0.900000,-117.000000), vel. ball:(-0.192822,-0.670261) dist: 1.137590 (0.300000,0.085000,0.752590)
 3919: point good and can reach point 71.815737
(b)r: 0.687096 phi: -79.5016 vel: ( 0.684921, 0.201736 ) (3920,0) rel: ( 0.125195, -0.675594 ), (3920,0) global: ( -21.653, -16.8999 ), (3920,0), changes: 0.56, 40.6 last seen:(3919,0) globalposderived: (3919,0)
 3920: ball (-21.652972,-16.899884), agent (-21.857733,-16.244007), to (-17.886199,-15.767644) ang 6.839624 6.839624
 3920: relpos body (0.687096,-79.501559), vel. ball:(0.684921,0.201736) dist: 1.137590 (0.300000,0.085000,0.752590)
 3920: point good and can reach point 2.682980
(b)r: 0.601213 phi: -67.8545 vel: ( 0.643826, 0.189632 ) (3921,0) rel: ( 0.226633, -0.556861 ), (3921,0) global: ( -20.9681, -16.6981 ), (3921,0), changes: 0.56, 40.6 last seen:(3919,0) globalposderived: (3919,0)
 3921: ball (-20.968050,-16.698147), agent (-21.259387,-16.172239), to (-17.287854,-15.695876) ang 6.839624 6.839624
 3921: relpos body (0.601213,-67.854507), vel. ball:(0.643826,0.189632) dist: 1.137590 (0.300000,0.085000,0.752590)
 3921: point good and can reach point 2.464197
 3921: 2 pos: ball(-21.584557,-15.932681), ball_prev(-22.381612,-17.114497), agentdiff(-0.045730,-0.175066)
 3921: direction old: -46.147137, new: 123.978364
(b)r: 0.5 phi: 117 vel: ( 0.643826, 0.189632 ) (3921,0) rel: ( -0.226995, 0.445503 ), (3921,0) global: ( -21.5846, -15.9327 ), (3921,0), changes: 0.56, 40.6 last seen:(3921,0) globalposderived: (3921,0)
 3921: ball (-21.584557,-15.932681), agent (-21.305117,-16.347305), to (-17.334749,-15.861327) ang 6.978364 6.978364
 3921: relpos body (0.500000,117.000000), vel. ball:(0.643826,0.189632) dist: 1.137590 (0.300000,0.085000,0.752590)
 3921: point good and can reach point 10.085462
(b)r: 0.462308 phi: 52.4967 vel: ( 0.724374, 0.0140905 ) (3922,0) rel: ( 0.281456, 0.366757 ), (3922,0) global: ( -20.8139, -15.9177 ), (3922,0), changes: 0.56, 40.6 last seen:(3921,0) globalposderived: (3921,0)
 3922: ball (-20.813947,-15.917691), agent (-21.048759,-16.315927), to (-17.078391,-15.829949) ang 6.978364 6.978364
 3922: relpos body (0.462308,52.496706), vel. ball:(0.724374,0.014091) dist: 1.137590 (0.300000,0.085000,0.752590)
 3922: point good and can reach point 0.120614
 3922: 2 pos: ball(-20.839813,-15.337905), ball_prev(-21.584557,-15.932681), agentdiff(-0.000012,0.000097)
 3922: vel based on 2 pos: (0.700071,0.558998)
 3922: direction old: 59.467708, new: 77.938721
(b)r: 1 phi: 71 vel: ( 0.700071, 0.558998 ) (3922,0) rel: ( 0.325568, 0.945519 ), (3922,0) global: ( -20.8398, -15.3379 ), (3922,0), changes: 0.56, 40.6 last seen:(3922,0) globalposderived: (3922,0)
 3922: ball (-20.839813,-15.337905), agent (-21.048771,-16.315830), to (-17.078067,-15.832599) ang 6.938721 6.938721
 3922: relpos body (1.000000,71.000000), vel. ball:(0.700071,0.558998) dist: 1.137590 (0.300000,0.085000,0.752590)
 3922: point good and can reach point 34.734621
(b)r: 1.20514 phi: 39.8804 vel: ( 0.678417, -0.0757341 ) (3923,0) rel: ( 0.924803, 0.772719 ), (3923,0) global: ( -20.1181, -15.4185 ), (3923,0), changes: 0.56, 40.6 last seen:(3922,0) globalposderived: (3922,0)
(b)r: 1.1811 phi: 31.4125 vel: ( 0.637712, -0.07119 ) (3924,0) rel: ( 1.00799, 0.615582 ), (3924,0) global: ( -19.4397, -15.4942 ), (3924,0), changes: 0.56, 40.6 last seen:(3922,0) globalposderived: (3922,0)
 3924: direction old: 25.097154, new: 34.694506
(b)r: 1.1 phi: 28 vel: ( 0.636566, -0.0725291 ) (3924,0) rel: ( 0.971242, 0.516419 ), (3924,0) global: ( -19.5803, -15.3576 ), (3924,0), changes: 0.242, -15.4 last seen:(3924,0) globalposderived: (3924,0)
 3924: ball (-19.580322,-15.357567), agent (-20.484741,-15.983688), to (-16.512014,-15.517386) ang 6.694506 6.694506
 3924: relpos body (1.100000,28.000000), vel. ball:(0.636566,-0.072529) dist: 1.137590 (0.300000,0.085000,0.752590)
 3924: point good and can reach point 2.937721
(b)r: 0.892769 phi: 26.4725 vel: ( 0.598372, -0.0681774 ) (3925,0) rel: ( 0.79916, 0.397968 ), (3925,0) global: ( -18.9438, -15.4301 ), (3925,0), changes: 0.242, -15.4 last seen:(3924,0) globalposderived: (3924,0)
 3925: ball (-18.943756,-15.430096), agent (-19.691075,-15.918513), to (-15.718347,-15.452211) ang 6.694506 6.694506
 3925: relpos body (0.892769,26.472497), vel. ball:(0.598372,-0.068177) dist: 1.137590 (0.300000,0.085000,0.752590)
 3925: point good and can reach point 6.586930
 3925: direction old: 48.995462, new: 33.053320
(b)r: 0.9 phi: 26 vel: ( 0.590674, -0.0670351 ) (3925,0) rel: ( 0.808915, 0.394534 ), (3925,0) global: ( -18.9262, -15.7866 ), (3925,0), changes: 0.126, -12.7 last seen:(3925,0) globalposderived: (3925,0)
 3925: ball (-18.926159,-15.786618), agent (-19.680506,-16.277495), to (-15.710777,-15.786323) ang 7.053320 7.053320
 3925: relpos body (0.900000,26.000000), vel. ball:(0.590674,-0.067035) dist: 1.137590 (0.300000,0.085000,0.752590)
 3925: point good and can reach point 7.005126
(b)r: 1.22591 phi: 14.951 vel: ( 0.681773, -0.00115008 ) (3926,0) rel: ( 1.18441, 0.316277 ), (3926,0) global: ( -18.2009, -15.7878 ), (3926,0), changes: 0.126, -12.7 last seen:(3925,0) globalposderived: (3925,0)
(b)r: 1.70438 phi: 66.5187 vel: ( 0.640866, -0.00108108 ) (3927,0) rel: ( 0.679111, 1.56324 ), (3927,0) global: ( -17.5191, -15.789 ), (3927,0), changes: 0.126, -12.7 last seen:(3925,0) globalposderived: (3925,0)
 3927: 2 pos: ball(-17.346418,-15.680075), ball_prev(-18.926159,-15.786618), agentdiff(0.101876,0.009382)
 3927: direction old: 15.438291, new: 17.317259
(b)r: 1.8 phi: 72 vel: ( 0.640866, -0.00108108 ) (3927,0) rel: ( 0.556231, 1.7119 ), (3927,0) global: ( -17.3464, -15.6801 ), (3927,0), changes: 0.126, -12.7 last seen:(3927,0) globalposderived: (3927,0)
 3928: 2 pos: ball(-16.709006,-15.684361), ball_prev(-17.346418,-15.680075), agentdiff(-0.002423,-0.002118)
 3928: vel based on 2 pos: (0.601444,-0.002038)
 3928: direction old: 26.199292, new: 26.164123
 3957: 2 pos: ball(-12.730854,-13.769733), ball_prev(-8.438166,-15.117539), agentdiff(-0.138331,0.102170)
 3957: direction old: 16.038349, new: 99.032124
 4984: direction old: 43.557524, new: 48.161889
(b)r: 1.89937 phi: 10.6006 vel: ( -0.42089, 0.148871 ) (4986,0) rel: ( 1.86695, 0.349411 ), (4986,0) global: ( -9.6445, -16.6022 ), (4986,0), changes: -0.54, 4.5 last seen:(4984,0) globalposderived: (4984,0)
 4986: direction old: 72.335401, new: 62.132826
(b)r: 2 phi: 7 vel: ( -0.407505, 0.156892 ) (4986,0) rel: ( 1.98509, 0.243739 ), (4986,0) global: ( -9.23505, -16.4839 ), (4986,0), changes: -0.12, 11.1 last seen:(4986,0) globalposderived: (4986,0)
(b)r: 1.45475 phi: 24.3403 vel: ( -0.383055, 0.147478 ) (4987,0) rel: ( 1.32544, 0.599583 ), (4987,0) global: ( -9.64255, -16.327 ), (4987,0), changes: -0.12, 11.1 last seen:(4986,0) globalposderived: (4986,0)
 4987: direction old: 66.834578, new: 79.009520
(b)r: 1.3 phi: 24 vel: ( -0.333133, 0.159067 ) (4987,0) rel: ( 1.18761, 0.528758 ), (4987,0) global: ( -9.91707, -16.2716 ), (4987,0), changes: -0.156, 19.1 last seen:(4987,0) globalposderived: (4987,0)
(b)r: 1.23006 phi: 20.908 vel: ( -0.313145, 0.149523 ) (4988,0) rel: ( 1.14907, 0.438971 ), (4988,0) global: ( -10.2502, -16.1126 ), (4988,0), changes: -0.156, 19.1 last seen:(4987,0) globalposderived: (4987,0)
(b)r: 1.38144 phi: 15.9939 vel: ( -0.294356, 0.140552 ) (4989,0) rel: ( 1.32797, 0.380634 ), (4989,0) global: ( -10.5634, -15.963 ), (4989,0), changes: -0.156, 19.1 last seen:(4987,0) globalposderived: (4987,0)
 4989: direction old: 116.105692, new: 134.975127
 4990: direction old: 146.529501, new: 136.469042
 4992: direction old: 137.128639, new: 120.118145
(b)r: 1.6 phi: -16 vel: ( 0, 0 ) (4992,0) rel: ( 1.53802, -0.44102 ), (4992,0) global: ( -10.5795, -16.002 ), (4992,0), changes: 0.032, 2.3 last seen:(4992,0) globalposderived: (4992,0)
(b)r: 1.6 phi: 1.05851 vel: ( 0, 0 ) (4993,0) rel: ( 1.59973, 0.0295574 ), (4993,0) global: ( -10.5795, -16.002 ), (4993,0), changes: 0.032, 2.3 last seen:(4992,0) globalposderived: (4992,0)
 4993: direction old: 120.118145, new: 84.989929
(b)r: 1.5 phi: -36 vel: ( 0.920657, 0.00963508 ) (4993,0) rel: ( 1.21353, -0.881678 ), (4993,0) global: ( -9.64565, -15.8918 ), (4993,0), changes: 0.09, -35 last seen:(4993,0) globalposderived: (4993,0)
(b)r: 1.83513 phi: -29.9543 vel: ( 0.865417, 0.00905697 ) (4994,0) rel: ( 1.59, -0.916298 ), (4994,0) global: ( -8.72499, -15.8821 ), (4994,0), changes: 0.09, -35 last seen:(4993,0) globalposderived: (4993,0)
 4995: direction old: 37.239265, new: 37.625621
(b)r: 1.94203 phi: 53.0243 vel: ( 1.23885, -1.13516 ) (5699,0) rel: ( 1.16809, 1.55147 ), (5699,0) global: ( -26.2292, -22.1943 ), (5699,0), changes: -2.132, 1.9 last seen:(5698,0) globalposderived: (5698,0)
(b)r: 0.2 phi: -153.341 vel: ( -0.116452, 0.106705 ) (5700,0) rel: ( -0.178739, -0.0897359 ), (5700,0) global: ( -24.8721, -23.2328 ), (5700,0), changes: -2.132, 1.9 last seen:(5698,0) globalposderived: (5698,0)
 5700: ball (-24.872114,-23.232807), agent (-24.717261,-23.106235), to (-1.012580,-17.677873) ang 12.602304 12.602304
 5700: relpos body (0.200000,-153.341016), vel. ball:(-0.116452,0.106705) dist: 1.137590 (0.300000,0.085000,0.752590)
 5700: point too far, reposition ball (k_r = 0.848481)
 5700: (kick 34.129185 -3.512073), vecDesired (0.655593,0.230231) 0.000000 posDes(-24.216521,-23.002575)
 5700: 2 pos: ball(-25.151097,-23.703892), ball_prev(-27.547168,-20.986705), agentdiff(-0.121621,-0.347614)
 5700: direction old: 98.550111, new: -141.309956
(b)r: 0.4 phi: -156 vel: ( -0.116452, 0.106705 ) (5700,0) rel: ( -0.365418, -0.162695 ), (5700,0) global: ( -25.1511, -23.7039 ), (5700,0), changes: -2.132, 1.9 last seen:(5700,0) globalposderived: (5700,0)
 5700: ball (-25.151097,-23.703892), agent (-24.838882,-23.453849), to (-10.724619,-18.679168) ang 14.690044 14.690044
 5700: relpos body (0.400000,-156.000000), vel. ball:(-0.116452,0.106705) dist: 1.137590 (0.300000,0.085000,0.752590)
 5700: point good, but reposition ball since need 128.476065
 5700: (kick 45.801752 1.301133), vecDesired (0.808846,0.371876) 0.000000 posDes(-24.342251,-23.332016)
(b)r: 0.49473 phi: -1.55695 vel: ( 0.746365, 0.340705 ) (5701,0) rel: ( 0.494547, -0.0134421 ), (5701,0) global: ( -24.3571, -23.3414 ), (5701,0), changes: -2.132, 1.9 last seen:(5700,0) globalposderived: (5700,0)
 5701: ball (-24.357092,-23.341440), agent (-24.838882,-23.453849), to (-10.716881,-18.685503) ang 14.690044 14.690044
 5701: relpos body (0.494730,-1.556953), vel. ball:(0.746365,0.340705) dist: 1.137590 (0.300000,0.085000,0.752590)
 5701: point good and can reach point 69.611844
 5701: direction old: 13.133091, new: 10.690044
(b)r: 0.6 phi: -4 vel: ( 0.840926, 0.332451 ) (5701,0) rel: ( 0.598538, -0.0418539 ), (5701,0) global: ( -24.2493, -23.3426 ), (5701,0), changes: 0.888, 16.3 last seen:(5701,0) globalposderived: (5701,0)
 5701: ball (-24.249295,-23.342552), agent (-24.838882,-23.453849), to (-10.724619,-18.679168) ang 14.690044 14.690044
 5701: relpos body (0.600000,-4.000000), vel. ball:(0.840926,0.332451) dist: 1.137590 (0.300000,0.085000,0.752590)
 5701: point good and can reach point 68.961317
