 0: change player from message 62 -> 1
 0: changed player from message 62 -> 1
 0: change player from message 63 -> 2
 0: changed player from message 63 -> 2
 0: change player from message 64 -> 3
 0: changed player from message 64 -> 3
 0: change player from message 65 -> 4
 0: changed player from message 65 -> 4
 0: change player from message 66 -> 5
 0: changed player from message 66 -> 5
 0: change player from message 67 -> 6
 0: changed player from message 67 -> 6
 0: change player from message 68 -> 7
 0: changed player from message 68 -> 7
 0: change player from message 69 -> 8
 0: changed player from message 69 -> 8
 0: change player from message 70 -> 9
 0: changed player from message 70 -> 9
 0: change player from message 71 -> 10
 0: changed player from message 71 -> 10
(b)r: 1.57402 phi: 0.00169427 vel: ( -0.526012, -2.14415 ) (382,0) rel: ( 1.57402, 4.65445e-05 ), (382,0) global: ( -48.5983, 8.48882 ), (382,0), changes: -2.22, -8.6 last seen:(381,0) globalposderived: (381,0)
 382: direction old: 36.609517, new: 39.560649
(b)r: 1.6 phi: 2 vel: ( -0.532492, -2.10245 ) (382,0) rel: ( 1.59903, 0.0558392 ), (382,0) global: ( -48.6283, 8.56917 ), (382,0), changes: -1.728, -44.6 last seen:(382,0) globalposderived: (382,0)
(b)r: 1.29044 phi: -54.6556 vel: ( -0.500543, -1.9763 ) (383,0) rel: ( 0.746506, -1.0526 ), (383,0) global: ( -49.1608, 6.46673 ), (383,0), changes: -1.728, -44.6 last seen:(382,0) globalposderived: (382,0)
 384: 2 pos: ball(-49.514747,4.477741), ball_prev(-48.628279,8.569175), agentdiff(0.015055,-0.000715)
 384: direction old: -84.856799, new: -81.535450
 405: direction old: -77.175647, new: -74.993887
(b)r: 1.58508 phi: -0.0293556 vel: ( 0.00243387, -0.00907944 ) (406,0) rel: ( 1.58508, -0.000812121 ), (406,0) global: ( -46.9577, -9.15251 ), (406,0), changes: -0.35, 0 last seen:(405,0) globalposderived: (405,0)
 406: direction old: -74.406827, new: -73.888333
(b)r: 1.5 phi: 1 vel: ( 0.00539792, -0.008615 ) (406,0) rel: ( 1.49977, 0.0261786 ), (406,0) global: ( -46.9676, -9.06671 ), (406,0), changes: -0.36, 0.6 last seen:(406,0) globalposderived: (406,0)
(b)r: 0.484973 phi: 0.973695 vel: ( 0.00507404, -0.0080981 ) (407,0) rel: ( 0.484902, 0.00824131 ), (407,0) global: ( -46.9622, -9.07532 ), (407,0), changes: -0.36, 0.6 last seen:(406,0) globalposderived: (406,0)
(b)r: 0.2 phi: 1.20792e-13 vel: ( -0.00047696, 0.000761222 ) (408,0) rel: ( 0.2, 4.21645e-16 ), (408,0) global: ( -46.9025, -9.18343 ), (408,0), changes: -0.36, 0.6 last seen:(406,0) globalposderived: (406,0)
 408: direction old: -51.319120, new: -54.437482
(b)r: 0.4 phi: 8 vel: ( 0.00224776, -0.00658518 ) (408,0) rel: ( 0.396107, 0.0556692 ), (408,0) global: ( -46.9572, -9.14995 ), (408,0), changes: 0.016, -0.8 last seen:(408,0) globalposderived: (408,0)
(b)r: 0.430144 phi: 0.537576 vel: ( 0.00211289, -0.00619007 ) (409,0) rel: ( 0.430125, 0.00403575 ), (409,0) global: ( -46.9549, -9.15654 ), (409,0), changes: 0.016, -0.8 last seen:(408,0) globalposderived: (408,0)
 409: direction old: -40.819564, new: -55.062887
(b)r: 0.4 phi: -1 vel: ( 0.000523567, 0.00220839 ) (409,0) rel: ( 0.399939, -0.00698096 ), (409,0) global: ( -47.0523, -9.20249 ), (409,0), changes: 0.008, -0.2 last seen:(409,0) globalposderived: (409,0)
(b)r: 0.398493 phi: -0.636828 vel: ( 0.000492153, 0.00207589 ) (410,0) rel: ( 0.398468, -0.00442906 ), (410,0) global: ( -47.0518, -9.20028 ), (410,0), changes: 0.008, -0.2 last seen:(409,0) globalposderived: (409,0)
(b)r: 0.397083 phi: 0.00712745 vel: ( 0.000462623, 0.00195134 ) (411,0) rel: ( 0.397083, 4.93961e-05 ), (411,0) global: ( -47.0513, -9.19821 ), (411,0), changes: 0.008, -0.2 last seen:(409,0) globalposderived: (409,0)
 411: direction old: -54.588714, new: -55.062887
(b)r: 0.4 phi: -1 vel: ( 0, 0 ) (411,0) rel: ( 0.399939, -0.00698096 ), (411,0) global: ( -47.0523, -9.20249 ), (411,0), changes: 0, 0 last seen:(411,0) globalposderived: (411,0)
(b)r: 0.4 phi: 0.00712565 vel: ( 0, 0 ) (412,0) rel: ( 0.4, 4.97464e-05 ), (412,0) global: ( -47.0523, -9.20249 ), (412,0), changes: 0, 0 last seen:(411,0) globalposderived: (411,0)
 412: direction old: -55.062887, new: -55.062887
(b)r: 0.4 phi: 0 vel: ( 0, 0 ) (412,0) rel: ( 0.4, 0 ), (412,0) global: ( -47.0523, -9.20249 ), (412,0), changes: 0, 0 last seen:(412,0) globalposderived: (412,0)
(b)r: 0.4 phi: -5.97686e-07 vel: ( 0, 0 ) (413,0) rel: ( 0.4, -4.17264e-09 ), (413,0) global: ( -47.0523, -9.20249 ), (413,0), changes: 0, 0 last seen:(412,0) globalposderived: (412,0)
(b)r: 0.4 phi: 0.00712565 vel: ( 0, 0 ) (414,0) rel: ( 0.4, 4.97464e-05 ), (414,0) global: ( -47.0523, -9.20249 ), (414,0), changes: 0, 0 last seen:(412,0) globalposderived: (412,0)
 414: direction old: -55.062887, new: -55.062887
(b)r: 0.4 phi: 0 vel: ( 0, 0 ) (414,0) rel: ( 0.4, 0 ), (414,0) global: ( -47.0523, -9.20249 ), (414,0), changes: 0, 0 last seen:(414,0) globalposderived: (414,0)
(b)r: 0.4 phi: 0.00712565 vel: ( 0, 0 ) (415,0) rel: ( 0.4, 4.97464e-05 ), (415,0) global: ( -47.0523, -9.20249 ), (415,0), changes: 0, 0 last seen:(414,0) globalposderived: (414,0)
 415: direction old: -55.062887, new: -55.062887
(b)r: 0.4 phi: 0 vel: ( 0, 0 ) (415,0) rel: ( 0.4, 0 ), (415,0) global: ( -47.0523, -9.20249 ), (415,0), changes: 0, 0 last seen:(415,0) globalposderived: (415,0)
(b)r: 0.4 phi: -5.97686e-07 vel: ( 0, 0 ) (416,0) rel: ( 0.4, -4.17264e-09 ), (416,0) global: ( -47.0523, -9.20249 ), (416,0), changes: 0, 0 last seen:(415,0) globalposderived: (415,0)
(b)r: 0.4 phi: 0.00712565 vel: ( 0, 0 ) (417,0) rel: ( 0.4, 4.97464e-05 ), (417,0) global: ( -47.0523, -9.20249 ), (417,0), changes: 0, 0 last seen:(415,0) globalposderived: (415,0)
 417: direction old: -55.062887, new: -55.062887
(b)r: 0.4 phi: 0 vel: ( 0, 0 ) (417,0) rel: ( 0.4, 0 ), (417,0) global: ( -47.0523, -9.20249 ), (417,0), changes: 0, 0 last seen:(417,0) globalposderived: (417,0)
(b)r: 0.4 phi: 0.00712565 vel: ( 0, 0 ) (418,0) rel: ( 0.4, 4.97464e-05 ), (418,0) global: ( -47.0523, -9.20249 ), (418,0), changes: 0, 0 last seen:(417,0) globalposderived: (417,0)
 418: direction old: -55.062887, new: -55.062887
(b)r: 0.4 phi: 0 vel: ( 0, 0 ) (418,0) rel: ( 0.4, 0 ), (418,0) global: ( -47.0523, -9.20249 ), (418,0), changes: 0, 0 last seen:(418,0) globalposderived: (418,0)
(b)r: 0.4 phi: -5.97686e-07 vel: ( 0, 0 ) (419,0) rel: ( 0.4, -4.17264e-09 ), (419,0) global: ( -47.0523, -9.20249 ), (419,0), changes: 0, 0 last seen:(418,0) globalposderived: (418,0)
(b)r: 0.4 phi: 0.00712565 vel: ( 0, 0 ) (420,0) rel: ( 0.4, 4.97464e-05 ), (420,0) global: ( -47.0523, -9.20249 ), (420,0), changes: 0, 0 last seen:(418,0) globalposderived: (418,0)
 420: direction old: -55.062887, new: -55.062887
(b)r: 0.4 phi: 0 vel: ( 0, 0 ) (420,0) rel: ( 0.4, 0 ), (420,0) global: ( -47.0523, -9.20249 ), (420,0), changes: 0, 0 last seen:(420,0) globalposderived: (420,0)
(b)r: 0.4 phi: 2.91323e-13 vel: ( 0, 0 ) (421,0) rel: ( 0.4, 2.03381e-15 ), (421,0) global: ( -47.0523, -9.20249 ), (421,0), changes: 0, 0 last seen:(420,0) globalposderived: (420,0)
 421: direction old: -55.062887, new: -55.062887
(b)r: 0.4 phi: 0 vel: ( 0, 0 ) (421,0) rel: ( 0.4, 0 ), (421,0) global: ( -47.0523, -9.20249 ), (421,0), changes: 0, 0 last seen:(421,0) globalposderived: (421,0)
(b)r: 0.4 phi: 2.91323e-13 vel: ( 0, 0 ) (422,0) rel: ( 0.4, 2.03381e-15 ), (422,0) global: ( -47.0523, -9.20249 ), (422,0), changes: 0, 0 last seen:(421,0) globalposderived: (421,0)
(b)r: 0.4 phi: 2.91323e-13 vel: ( 0, 0 ) (423,0) rel: ( 0.4, 2.03381e-15 ), (423,0) global: ( -47.0523, -9.20249 ), (423,0), changes: 0, 0 last seen:(421,0) globalposderived: (421,0)
 423: direction old: -55.062887, new: -55.062887
(b)r: 0.4 phi: 0 vel: ( 0, 0 ) (423,0) rel: ( 0.4, 0 ), (423,0) global: ( -47.0523, -9.20249 ), (423,0), changes: 0, 0 last seen:(423,0) globalposderived: (423,0)
(b)r: 0.4 phi: 2.91323e-13 vel: ( 0, 0 ) (424,0) rel: ( 0.4, 2.03381e-15 ), (424,0) global: ( -47.0523, -9.20249 ), (424,0), changes: 0, 0 last seen:(423,0) globalposderived: (423,0)
 424: ball (-47.052297,-9.202491), agent (-47.281367,-8.874578), to (-23.988807,-16.471065) ang 0.937113 -55.062887
 424: relpos body (0.400000,-56.000000), vel. ball:(0.000000,0.000000) dist: 1.085000 (0.300000,0.085000,0.700000)