 9: direction old: 15.358296, new: 19.202210
(b)r: 1.54307 phi: 20.1825 vel: ( -1.19422, 0.113723 ) (10,0) rel: ( 1.44832, 0.532375 ), (10,0) global: ( -12.2494, 1.1089 ), (10,0), changes: -1.296, 12.7 last seen:(9,0) globalposderived: (9,0)
 10: direction old: 40.904412, new: 42.873422
(b)r: 1.5 phi: 23 vel: ( -1.2293, 0.0975667 ) (10,0) rel: ( 1.38076, 0.586097 ), (10,0) global: ( -12.3171, 1.11849 ), (10,0), changes: -0.9, 36.2 last seen:(10,0) globalposderived: (10,0)
(b)r: 1.13731 phi: 56.3351 vel: ( -1.15555, 0.0917127 ) (11,0) rel: ( 0.630449, 0.946574 ), (11,0) global: ( -13.5464, 1.21606 ), (11,0), changes: -0.9, 36.2 last seen:(10,0) globalposderived: (10,0)
(b)r: 1.83397 phi: 39.1833 vel: ( -1.08621, 0.08621 ) (12,0) rel: ( 1.42156, 1.15871 ), (12,0) global: ( -14.7019, 1.30777 ), (12,0), changes: -0.9, 36.2 last seen:(10,0) globalposderived: (10,0)
 12: direction old: 134.686207, new: 139.317657
(b)r: 1.6 phi: 34 vel: ( -1.03505, 0.0534558 ) (12,0) rel: ( 1.32646, 0.894709 ), (12,0) global: ( -14.5428, 0.963205 ), (12,0), changes: 0.768, 22.6 last seen:(12,0) globalposderived: (12,0)
 13: direction old: 154.003556, new: 154.789183
 52: direction old: 130.308339, new: 130.004114
(b)r: 1.77331 phi: -12.3198 vel: ( 0.456855, 0.0363517 ) (53,0) rel: ( 1.73247, -0.378366 ), (53,0) global: ( -14.6779, 2.00422 ), (53,0), changes: -0.484, -11.4 last seen:(52,0) globalposderived: (52,0)
(b)r: 1.61589 phi: -14.3327 vel: ( 0.429444, 0.0341706 ) (54,0) rel: ( 1.5656, -0.400016 ), (54,0) global: ( -14.221, 2.04057 ), (54,0), changes: -0.484, -11.4 last seen:(52,0) globalposderived: (52,0)
 54: direction old: 92.631962, new: 98.773940
(b)r: 1.6 phi: -16 vel: ( 0.434455, 0.0424465 ) (54,0) rel: ( 1.53802, -0.44102 ), (54,0) global: ( -14.3925, 2.04268 ), (54,0), changes: -0.032, -16.3 last seen:(54,0) globalposderived: (54,0)
(b)r: 1.61983 phi: -16.1268 vel: ( 0.408388, 0.0398997 ) (55,0) rel: ( 1.55609, -0.449931 ), (55,0) global: ( -13.958, 2.08513 ), (55,0), changes: -0.032, -16.3 last seen:(54,0) globalposderived: (54,0)
 55: direction old: 85.027021, new: 82.725718
(b)r: 1.6 phi: -17 vel: ( 0.41133, 0.0444951 ) (55,0) rel: ( 1.53009, -0.467795 ), (55,0) global: ( -13.8883, 2.14521 ), (55,0), changes: 0.096, -14.8 last seen:(55,0) globalposderived: (55,0)
(b)r: 1.74329 phi: -12.2489 vel: ( 0.38665, 0.0418254 ) (56,0) rel: ( 1.70361, -0.369856 ), (56,0) global: ( -13.477, 2.18971 ), (56,0), changes: 0.096, -14.8 last seen:(55,0) globalposderived: (55,0)
(b)r: 1.94976 phi: -10.2561 vel: ( 0.363451, 0.0393159 ) (57,0) rel: ( 1.9186, -0.347152 ), (57,0) global: ( -13.0903, 2.23153 ), (57,0), changes: 0.096, -14.8 last seen:(55,0) globalposderived: (55,0)
 57: direction old: 65.378915, new: 58.374138
 58: direction old: 48.678919, new: 51.411532
(b)r: 1.85082 phi: -0.573805 vel: ( 0.321789, 0.0519688 ) (59,0) rel: ( 1.85072, -0.0185352 ), (59,0) global: ( -12.2303, 2.31129 ), (59,0), changes: 0.264, -5.8 last seen:(58,0) globalposderived: (58,0)
(b)r: 1.38676 phi: -1.06409 vel: ( 0.302482, 0.0488506 ) (60,0) rel: ( 1.38652, -0.0257533 ), (60,0) global: ( -11.9086, 2.36326 ), (60,0), changes: 0.264, -5.8 last seen:(58,0) globalposderived: (58,0)
 60: direction old: 32.405378, new: 41.411184
(b)r: 1.5 phi: -2 vel: ( 0.300226, 0.0519165 ) (60,0) rel: ( 1.49909, -0.0523492 ), (60,0) global: ( -12.0498, 2.55174 ), (60,0), changes: 0, -6.3 last seen:(60,0) globalposderived: (60,0)
(b)r: 0.979776 phi: 4.39283 vel: ( 0.282213, 0.0488015 ) (61,0) rel: ( 0.976897, 0.0750452 ), (61,0) global: ( -11.7495, 2.60366 ), (61,0), changes: 0, -6.3 last seen:(60,0) globalposderived: (60,0)
 61: turnWithBall: freeze ball
 61: direction old: 49.294017, new: 35.539439
(b)r: 1 phi: 3 vel: ( 0.290618, 0.055916 ) (61,0) rel: ( 0.99863, 0.052336 ), (61,0) global: ( -11.5231, 2.50232 ), (61,0), changes: 0, -7.3 last seen:(61,0) globalposderived: (61,0)
 61: turnWithBall: freeze ball
(b)r: 0.720466 phi: 1.95158 vel: ( -5.39127e-05, 0.00172541 ) (62,0) rel: ( 0.720048, 0.0245354 ), (62,0) global: ( -11.5231, 2.50416 ), (62,0), changes: 0, -7.3 last seen:(61,0) globalposderived: (61,0)
 62: turnWithBall: turn since ball will be kickable in t+1
(b)r: 0.610267 phi: 42.5456 vel: ( -5.06779e-05, 0.00162188 ) (63,0) rel: ( 0.449608, 0.412648 ), (63,0) global: ( -11.5232, 2.50589 ), (63,0), changes: 0, -7.3 last seen:(61,0) globalposderived: (61,0)
 63: ball (-11.523185,2.505886), agent (-12.034187,2.172265), to (-2.043003,1.752449) ang -2.406079 -9.406079
 63: relpos body (0.610267,35.545605), vel. ball:(-0.000051,0.001622) dist: 1.109328 (0.300000,0.085000,0.724328)
 63: point good and can reach point 47.430665
 63: 2 pos: ball(-13.076184,1.573916), ball_prev(-11.523073,2.502325), agentdiff(-0.015570,0.023299)
 63: direction old: 30.511900, new: -148.799133
(b)r: 1.2 phi: -135 vel: ( -5.06779e-05, 0.00162188 ) (63,0) rel: ( -0.848528, -0.848528 ), (63,0) global: ( -13.0762, 1.57392 ), (63,0), changes: 0, -7.3 last seen:(63,0) globalposderived: (63,0)
(b)r: 1.22731 phi: 12.5574 vel: ( -4.76372e-05, 0.00152457 ) (64,0) rel: ( 1.19795, 0.266839 ), (64,0) global: ( -13.0762, 1.57554 ), (64,0), changes: 0, -7.3 last seen:(63,0) globalposderived: (63,0)
 64: direction old: -155.411055, new: -148.381967
 439: direction old: 2.646865, new: 0.140768
(b)r: 1.63865 phi: -8.71531 vel: ( 0, 0 ) (439,3) rel: ( 1.61973, -0.248297 ), (439,3) global: ( 4.26159, -30.1262 ), (439,3), changes: -0.3, -1.3 last seen:(439,2) globalposderived: (439,2)
 439: direction old: -0.312865, new: -3.741133
(b)r: 1.6 phi: -9 vel: ( 0, 0 ) (439,3) rel: ( 1.5803, -0.250295 ), (439,3) global: ( 4.19562, -30.2215 ), (439,3), changes: -0.288, -2 last seen:(439,3) globalposderived: (439,3)
(b)r: 1.27311 phi: -1.01484 vel: ( 0, 0 ) (439,4) rel: ( 1.27291, -0.0225486 ), (439,4) global: ( 4.19562, -30.2215 ), (439,4), changes: -0.288, -2 last seen:(439,3) globalposderived: (439,3)
(b)r: 0.570706 phi: -2.26434 vel: ( 0, 0 ) (439,5) rel: ( 0.57026, -0.0225486 ), (439,5) global: ( 4.19562, -30.2215 ), (439,5), changes: -0.288, -2 last seen:(439,3) globalposderived: (439,3)
 439: ball (4.195620,-30.221510), agent (3.630928,-30.138882), to (-1000.000000,-1000.000000) ang -7.060234 -6.060234
 439: relpos body (0.570706,-1.264345), vel. ball:(0.000000,0.000000) dist: 1.109328 (0.300000,0.085000,0.724328)
 439: pos (-67.394537,-65.084701) too far, but can acc ball good to 2.522200 k=2.522200,0.000000
 439: direction old: 5.042710, new: -8.443135
(b)r: 0.7 phi: -3 vel: ( 0, 0 ) (439,5) rel: ( 0.699041, -0.0366352 ), (439,5) global: ( 4.37378, -30.3697 ), (439,5), changes: -0.28, -1.5 last seen:(439,5) globalposderived: (439,5)
 439: ball (4.373777,-30.369667), agent (3.681363,-30.266888), to (-1000.000000,-1000.000000) ang -6.443135 -5.443135
 439: relpos body (0.700000,-2.000000), vel. ball:(0.000000,0.000000) dist: 1.109328 (0.300000,0.085000,0.724328)
 439: point too far, reposition ball (k_r = 0.888501)
 439: (kick 2.451533 29.312993), vecDesired (0.054188,0.022856) 0.000000 posDes(4.427965,-30.346811)
(b)r: 0.449211 phi: -6.37442 vel: ( 0, 0 ) (439,6) rel: ( 0.446433, -0.0498738 ), (439,6) global: ( 4.37378, -30.3697 ), (439,6), changes: -0.28, -1.5 last seen:(439,5) globalposderived: (439,5)
 439: ball (4.373777,-30.369667), agent (3.934087,-30.277670), to (-1000.000000,-1000.000000) ang -6.443135 -5.443135
 439: relpos body (0.449211,-5.374425), vel. ball:(0.000000,0.000000) dist: 1.109328 (0.300000,0.085000,0.724328)
 439: pos (-67.405274,-65.073581) too far, but can acc ball good to 2.620008 k=2.620008,0.000000
 439: direction old: -33.904549, new: -12.834276
(b)r: 0.4 phi: -7 vel: ( 0, 0 ) (439,6) rel: ( 0.397018, -0.0487477 ), (439,6) global: ( 4.13365, -30.035 ), (439,6), changes: -0.088, -2.3 last seen:(439,6) globalposderived: (439,6)
 439: ball (4.133655,-30.035018), agent (3.743648,-29.946165), to (-1000.000000,-1000.000000) ang -6.834276 -5.834276
 439: relpos body (0.400000,-6.000000), vel. ball:(0.000000,0.000000) dist: 1.109328 (0.300000,0.085000,0.724328)
 439: pos (-67.386275,-65.093254) too far, but can acc ball good to 2.663522 k=2.663522,0.000000
(b)r: 0.2 phi: -7 vel: ( 0, 0 ) (439,7) rel: ( 0.198509, -0.0243739 ), (439,7) global: ( 3.93865, -29.9906 ), (439,7), changes: -0.088, -2.3 last seen:(439,6) globalposderived: (439,6)
 439: ball (3.938651,-29.990592), agent (3.743648,-29.946165), to (-1000.000000,-1000.000000) ang -6.834276 -5.834276
 439: relpos body (0.200000,-6.000000), vel. ball:(0.000000,0.000000) dist: 1.109328 (0.300000,0.085000,0.724328)
 439: pos (-67.378468,-65.101336) too far, but can acc ball good to 2.849901 k=2.849901,0.000000
(b)r: 0.2 phi: -7 vel: ( 0, 0 ) (439,8) rel: ( 0.198509, -0.0243739 ), (439,8) global: ( 3.93865, -29.9906 ), (439,8), changes: -0.088, -2.3 last seen:(439,6) globalposderived: (439,6)
 439: ball (3.938651,-29.990592), agent (3.743648,-29.946165), to (-1000.000000,-1000.000000) ang -6.834276 -5.834276
 439: relpos body (0.200000,-6.000000), vel. ball:(0.000000,0.000000) dist: 1.109328 (0.300000,0.085000,0.724328)
 439: pos (-67.378468,-65.101336) too far, but can acc ball good to 2.849901 k=2.849901,0.000000
 439: direction old: -12.834276, new: -15.834276
(b)r: 0.4 phi: -10 vel: ( 0, 0 ) (439,8) rel: ( 0.393923, -0.0694593 ), (439,8) global: ( 4.12847, -30.0553 ), (439,8), changes: 0, 0 last seen:(439,8) globalposderived: (439,8)
 439: ball (4.128470,-30.055308), agent (3.743648,-29.946165), to (-1000.000000,-1000.000000) ang -6.834276 -5.834276
 439: relpos body (0.400000,-9.000000), vel. ball:(0.000000,0.000000) dist: 1.109328 (0.300000,0.085000,0.724328)
 439: pos (-67.386788,-65.092724) too far, but can acc ball good to 2.652272 k=2.652272,0.000000
(b)r: 0.4 phi: -10 vel: ( 0, 0 ) (439,9) rel: ( 0.393923, -0.0694593 ), (439,9) global: ( 4.12847, -30.0553 ), (439,9), changes: 0, 0 last seen:(439,8) globalposderived: (439,8)
 439: ball (4.128470,-30.055308), agent (3.743648,-29.946165), to (-1000.000000,-1000.000000) ang -6.834276 -5.834276
 439: relpos body (0.400000,-9.000000), vel. ball:(0.000000,0.000000) dist: 1.109328 (0.300000,0.085000,0.724328)
 439: pos (-67.386788,-65.092724) too far, but can acc ball good to 2.652272 k=2.652272,0.000000
 439: direction old: -15.834276, new: -15.834276
(b)r: 0.4 phi: -10 vel: ( 0, 0 ) (439,9) rel: ( 0.393923, -0.0694593 ), (439,9) global: ( 4.12847, -30.0553 ), (439,9), changes: 0, 0 last seen:(439,9) globalposderived: (439,9)
 439: ball (4.128470,-30.055308), agent (3.743648,-29.946165), to (-1000.000000,-1000.000000) ang -6.834276 -5.834276
 439: relpos body (0.400000,-9.000000), vel. ball:(0.000000,0.000000) dist: 1.109328 (0.300000,0.085000,0.724328)
 439: pos (-67.386788,-65.092724) too far, but can acc ball good to 2.652272 k=2.652272,0.000000
(b)r: 0.4 phi: -10 vel: ( 0, 0 ) (439,10) rel: ( 0.393923, -0.0694593 ), (439,10) global: ( 4.12847, -30.0553 ), (439,10), changes: 0, 0 last seen:(439,9) globalposderived: (439,9)
 439: ball (4.128470,-30.055308), agent (3.743648,-29.946165), to (-1000.000000,-1000.000000) ang -6.834276 -5.834276
 439: relpos body (0.400000,-9.000000), vel. ball:(0.000000,0.000000) dist: 1.109328 (0.300000,0.085000,0.724328)
 439: pos (-67.386788,-65.092724) too far, but can acc ball good to 2.652272 k=2.652272,0.000000
(b)r: 0.4 phi: -10 vel: ( 0, 0 ) (439,11) rel: ( 0.393923, -0.0694593 ), (439,11) global: ( 4.12847, -30.0553 ), (439,11), changes: 0, 0 last seen:(439,9) globalposderived: (439,9)
 439: ball (4.128470,-30.055308), agent (3.743648,-29.946165), to (-1000.000000,-1000.000000) ang -6.834276 -5.834276
 439: relpos body (0.400000,-9.000000), vel. ball:(0.000000,0.000000) dist: 1.109328 (0.300000,0.085000,0.724328)
 439: pos (-67.386788,-65.092724) too far, but can acc ball good to 2.652272 k=2.652272,0.000000
 439: direction old: -15.834276, new: -15.834276
(b)r: 0.4 phi: -10 vel: ( 0, 0 ) (439,11) rel: ( 0.393923, -0.0694593 ), (439,11) global: ( 4.12847, -30.0553 ), (439,11), changes: 0, 0 last seen:(439,11) globalposderived: (439,11)
 439: ball (4.128470,-30.055308), agent (3.743648,-29.946165), to (-1000.000000,-1000.000000) ang -6.834276 -5.834276
 439: relpos body (0.400000,-9.000000), vel. ball:(0.000000,0.000000) dist: 1.109328 (0.300000,0.085000,0.724328)
 439: pos (-67.386788,-65.092724) too far, but can acc ball good to 2.652272 k=2.652272,0.000000
(b)r: 0.4 phi: -10 vel: ( 0, 0 ) (439,12) rel: ( 0.393923, -0.0694593 ), (439,12) global: ( 4.12847, -30.0553 ), (439,12), changes: 0, 0 last seen:(439,11) globalposderived: (439,11)
 439: ball (4.128470,-30.055308), agent (3.743648,-29.946165), to (-1000.000000,-1000.000000) ang -6.834276 -5.834276
 439: relpos body (0.400000,-9.000000), vel. ball:(0.000000,0.000000) dist: 1.109328 (0.300000,0.085000,0.724328)
 439: pos (-67.386788,-65.092724) too far, but can acc ball good to 2.652272 k=2.652272,0.000000
 439: direction old: -15.834276, new: -15.834276
(b)r: 0.4 phi: -10 vel: ( 0, 0 ) (439,12) rel: ( 0.393923, -0.0694593 ), (439,12) global: ( 4.12847, -30.0553 ), (439,12), changes: 0, 0 last seen:(439,12) globalposderived: (439,12)
 439: ball (4.128470,-30.055308), agent (3.743648,-29.946165), to (-1000.000000,-1000.000000) ang -6.834276 -5.834276
 439: relpos body (0.400000,-9.000000), vel. ball:(0.000000,0.000000) dist: 1.109328 (0.300000,0.085000,0.724328)
 439: pos (-67.386788,-65.092724) too far, but can acc ball good to 2.652272 k=2.652272,0.000000
(b)r: 0.4 phi: -10 vel: ( 0, 0 ) (439,13) rel: ( 0.393923, -0.0694593 ), (439,13) global: ( 4.12847, -30.0553 ), (439,13), changes: 0, 0 last seen:(439,12) globalposderived: (439,12)
 439: ball (4.128470,-30.055308), agent (3.743648,-29.946165), to (-1000.000000,-1000.000000) ang -6.834276 -5.834276
 439: relpos body (0.400000,-9.000000), vel. ball:(0.000000,0.000000) dist: 1.109328 (0.300000,0.085000,0.724328)
 439: pos (-67.386788,-65.092724) too far, but can acc ball good to 2.652272 k=2.652272,0.000000
(b)r: 0.4 phi: -10 vel: ( 0, 0 ) (439,14) rel: ( 0.393923, -0.0694593 ), (439,14) global: ( 4.12847, -30.0553 ), (439,14), changes: 0, 0 last seen:(439,12) globalposderived: (439,12)
 439: ball (4.128470,-30.055308), agent (3.743648,-29.946165), to (-1000.000000,-1000.000000) ang -6.834276 -5.834276
 439: relpos body (0.400000,-9.000000), vel. ball:(0.000000,0.000000) dist: 1.109328 (0.300000,0.085000,0.724328)
 439: pos (-67.386788,-65.092724) too far, but can acc ball good to 2.652272 k=2.652272,0.000000
 439: direction old: -15.834276, new: -15.834276
(b)r: 0.4 phi: -10 vel: ( 0, 0 ) (439,14) rel: ( 0.393923, -0.0694593 ), (439,14) global: ( 4.12847, -30.0553 ), (439,14), changes: 0, 0 last seen:(439,14) globalposderived: (439,14)
 439: ball (4.128470,-30.055308), agent (3.743648,-29.946165), to (-1000.000000,-1000.000000) ang -6.834276 -5.834276
 439: relpos body (0.400000,-9.000000), vel. ball:(0.000000,0.000000) dist: 1.109328 (0.300000,0.085000,0.724328)
 439: pos (-67.386788,-65.092724) too far, but can acc ball good to 2.652272 k=2.652272,0.000000
(b)r: 0.4 phi: -10 vel: ( 0, 0 ) (439,15) rel: ( 0.393923, -0.0694593 ), (439,15) global: ( 4.12847, -30.0553 ), (439,15), changes: 0, 0 last seen:(439,14) globalposderived: (439,14)
 439: ball (4.128470,-30.055308), agent (3.743648,-29.946165), to (-1000.000000,-1000.000000) ang -6.834276 -5.834276
 439: relpos body (0.400000,-9.000000), vel. ball:(0.000000,0.000000) dist: 1.109328 (0.300000,0.085000,0.724328)
 439: pos (-67.386788,-65.092724) too far, but can acc ball good to 2.652272 k=2.652272,0.000000
 439: direction old: -15.834276, new: -15.834276
(b)r: 0.4 phi: -10 vel: ( 0, 0 ) (439,15) rel: ( 0.393923, -0.0694593 ), (439,15) global: ( 4.12847, -30.0553 ), (439,15), changes: 0, 0 last seen:(439,15) globalposderived: (439,15)
 439: ball (4.128470,-30.055308), agent (3.743648,-29.946165), to (-1000.000000,-1000.000000) ang -6.834276 -5.834276
 439: relpos body (0.400000,-9.000000), vel. ball:(0.000000,0.000000) dist: 1.109328 (0.300000,0.085000,0.724328)
 439: pos (-67.386788,-65.092724) too far, but can acc ball good to 2.652272 k=2.652272,0.000000
(b)r: 0.4 phi: -10 vel: ( 0, 0 ) (439,16) rel: ( 0.393923, -0.0694593 ), (439,16) global: ( 4.12847, -30.0553 ), (439,16), changes: 0, 0 last seen:(439,15) globalposderived: (439,15)
 439: ball (4.128470,-30.055308), agent (3.743648,-29.946165), to (-1000.000000,-1000.000000) ang -6.834276 -5.834276
 439: relpos body (0.400000,-9.000000), vel. ball:(0.000000,0.000000) dist: 1.109328 (0.300000,0.085000,0.724328)
 439: pos (-67.386788,-65.092724) too far, but can acc ball good to 2.652272 k=2.652272,0.000000
(b)r: 0.4 phi: -10 vel: ( 0, 0 ) (439,17) rel: ( 0.393923, -0.0694593 ), (439,17) global: ( 4.12847, -30.0553 ), (439,17), changes: 0, 0 last seen:(439,15) globalposderived: (439,15)
 439: ball (4.128470,-30.055308), agent (3.743648,-29.946165), to (-1000.000000,-1000.000000) ang -6.834276 -5.834276
 439: relpos body (0.400000,-9.000000), vel. ball:(0.000000,0.000000) dist: 1.109328 (0.300000,0.085000,0.724328)
 439: pos (-67.386788,-65.092724) too far, but can acc ball good to 2.652272 k=2.652272,0.000000
 439: direction old: -15.834276, new: -15.834276
(b)r: 0.4 phi: -10 vel: ( 0, 0 ) (439,17) rel: ( 0.393923, -0.0694593 ), (439,17) global: ( 4.12847, -30.0553 ), (439,17), changes: 0, 0 last seen:(439,17) globalposderived: (439,17)
 439: ball (4.128470,-30.055308), agent (3.743648,-29.946165), to (-1000.000000,-1000.000000) ang -6.834276 -5.834276
 439: relpos body (0.400000,-9.000000), vel. ball:(0.000000,0.000000) dist: 1.109328 (0.300000,0.085000,0.724328)
 439: pos (-67.386788,-65.092724) too far, but can acc ball good to 2.652272 k=2.652272,0.000000
(b)r: 0.4 phi: -10 vel: ( 0, 0 ) (439,18) rel: ( 0.393923, -0.0694593 ), (439,18) global: ( 4.12847, -30.0553 ), (439,18), changes: 0, 0 last seen:(439,17) globalposderived: (439,17)
 439: ball (4.128470,-30.055308), agent (3.743648,-29.946165), to (-1000.000000,-1000.000000) ang -6.834276 -5.834276
 439: relpos body (0.400000,-9.000000), vel. ball:(0.000000,0.000000) dist: 1.109328 (0.300000,0.085000,0.724328)
 439: pos (-67.386788,-65.092724) too far, but can acc ball good to 2.652272 k=2.652272,0.000000
 439: direction old: -15.834276, new: -15.834276
(b)r: 0.4 phi: -10 vel: ( 0, 0 ) (439,18) rel: ( 0.393923, -0.0694593 ), (439,18) global: ( 4.12847, -30.0553 ), (439,18), changes: 0, 0 last seen:(439,18) globalposderived: (439,18)
 439: ball (4.128470,-30.055308), agent (3.743648,-29.946165), to (-1000.000000,-1000.000000) ang -6.834276 -5.834276
 439: relpos body (0.400000,-9.000000), vel. ball:(0.000000,0.000000) dist: 1.109328 (0.300000,0.085000,0.724328)
 439: pos (-67.386788,-65.092724) too far, but can acc ball good to 2.652272 k=2.652272,0.000000
(b)r: 0.4 phi: -10 vel: ( 0, 0 ) (439,19) rel: ( 0.393923, -0.0694593 ), (439,19) global: ( 4.12847, -30.0553 ), (439,19), changes: 0, 0 last seen:(439,18) globalposderived: (439,18)
 439: ball (4.128470,-30.055308), agent (3.743648,-29.946165), to (-1000.000000,-1000.000000) ang -6.834276 -5.834276
 439: relpos body (0.400000,-9.000000), vel. ball:(0.000000,0.000000) dist: 1.109328 (0.300000,0.085000,0.724328)
 439: pos (-67.386788,-65.092724) too far, but can acc ball good to 2.652272 k=2.652272,0.000000
(b)r: 0.4 phi: -10 vel: ( 0, 0 ) (439,20) rel: ( 0.393923, -0.0694593 ), (439,20) global: ( 4.12847, -30.0553 ), (439,20), changes: 0, 0 last seen:(439,18) globalposderived: (439,18)
 439: ball (4.128470,-30.055308), agent (3.743648,-29.946165), to (-1000.000000,-1000.000000) ang -6.834276 -5.834276
 439: relpos body (0.400000,-9.000000), vel. ball:(0.000000,0.000000) dist: 1.109328 (0.300000,0.085000,0.724328)
 439: pos (-67.386788,-65.092724) too far, but can acc ball good to 2.652272 k=2.652272,0.000000
 439: direction old: -15.834276, new: -15.834276
(b)r: 0.4 phi: -10 vel: ( 0, 0 ) (439,20) rel: ( 0.393923, -0.0694593 ), (439,20) global: ( 4.12847, -30.0553 ), (439,20), changes: 0, 0 last seen:(439,20) globalposderived: (439,20)
 439: ball (4.128470,-30.055308), agent (3.743648,-29.946165), to (-1000.000000,-1000.000000) ang -6.834276 -5.834276
 439: relpos body (0.400000,-9.000000), vel. ball:(0.000000,0.000000) dist: 1.109328 (0.300000,0.085000,0.724328)
 439: pos (-67.386788,-65.092724) too far, but can acc ball good to 2.652272 k=2.652272,0.000000
(b)r: 0.4 phi: -10 vel: ( 0, 0 ) (439,21) rel: ( 0.393923, -0.0694593 ), (439,21) global: ( 4.12847, -30.0553 ), (439,21), changes: 0, 0 last seen:(439,20) globalposderived: (439,20)
 439: ball (4.128470,-30.055308), agent (3.743648,-29.946165), to (-1000.000000,-1000.000000) ang -6.834276 -5.834276
 439: relpos body (0.400000,-9.000000), vel. ball:(0.000000,0.000000) dist: 1.109328 (0.300000,0.085000,0.724328)
 439: pos (-67.386788,-65.092724) too far, but can acc ball good to 2.652272 k=2.652272,0.000000
 439: direction old: -15.834276, new: -15.834276
(b)r: 0.4 phi: -10 vel: ( 0, 0 ) (439,21) rel: ( 0.393923, -0.0694593 ), (439,21) global: ( 4.12847, -30.0553 ), (439,21), changes: 0, 0 last seen:(439,21) globalposderived: (439,21)
 439: ball (4.128470,-30.055308), agent (3.743648,-29.946165), to (-1000.000000,-1000.000000) ang -6.834276 -5.834276
 439: relpos body (0.400000,-9.000000), vel. ball:(0.000000,0.000000) dist: 1.109328 (0.300000,0.085000,0.724328)
 439: pos (-67.386788,-65.092724) too far, but can acc ball good to 2.652272 k=2.652272,0.000000
(b)r: 0.4 phi: -10 vel: ( 0, 0 ) (439,22) rel: ( 0.393923, -0.0694593 ), (439,22) global: ( 4.12847, -30.0553 ), (439,22), changes: 0, 0 last seen:(439,21) globalposderived: (439,21)
 439: ball (4.128470,-30.055308), agent (3.743648,-29.946165), to (-1000.000000,-1000.000000) ang -6.834276 -5.834276
 439: relpos body (0.400000,-9.000000), vel. ball:(0.000000,0.000000) dist: 1.109328 (0.300000,0.085000,0.724328)
 439: pos (-67.386788,-65.092724) too far, but can acc ball good to 2.652272 k=2.652272,0.000000
(b)r: 0.4 phi: -10 vel: ( 0, 0 ) (439,23) rel: ( 0.393923, -0.0694593 ), (439,23) global: ( 4.12847, -30.0553 ), (439,23), changes: 0, 0 last seen:(439,21) globalposderived: (439,21)
 439: ball (4.128470,-30.055308), agent (3.743648,-29.946165), to (-1000.000000,-1000.000000) ang -6.834276 -5.834276
 439: relpos body (0.400000,-9.000000), vel. ball:(0.000000,0.000000) dist: 1.109328 (0.300000,0.085000,0.724328)
 439: pos (-67.386788,-65.092724) too far, but can acc ball good to 2.652272 k=2.652272,0.000000
 439: direction old: -15.834276, new: -15.834276
(b)r: 0.4 phi: -10 vel: ( 0, 0 ) (439,23) rel: ( 0.393923, -0.0694593 ), (439,23) global: ( 4.12847, -30.0553 ), (439,23), changes: 0, 0 last seen:(439,23) globalposderived: (439,23)
 439: ball (4.128470,-30.055308), agent (3.743648,-29.946165), to (-1000.000000,-1000.000000) ang -6.834276 -5.834276
 439: relpos body (0.400000,-9.000000), vel. ball:(0.000000,0.000000) dist: 1.109328 (0.300000,0.085000,0.724328)
 439: pos (-67.386788,-65.092724) too far, but can acc ball good to 2.652272 k=2.652272,0.000000
(b)r: 0.4 phi: -10 vel: ( 0, 0 ) (439,24) rel: ( 0.393923, -0.0694593 ), (439,24) global: ( 4.12847, -30.0553 ), (439,24), changes: 0, 0 last seen:(439,23) globalposderived: (439,23)
 439: ball (4.128470,-30.055308), agent (3.743648,-29.946165), to (-1000.000000,-1000.000000) ang -6.834276 -5.834276
 439: relpos body (0.400000,-9.000000), vel. ball:(0.000000,0.000000) dist: 1.109328 (0.300000,0.085000,0.724328)
 439: pos (-67.386788,-65.092724) too far, but can acc ball good to 2.652272 k=2.652272,0.000000
 439: direction old: -15.834276, new: -15.834276
(b)r: 0.4 phi: -10 vel: ( 0, 0 ) (439,24) rel: ( 0.393923, -0.0694593 ), (439,24) global: ( 4.12847, -30.0553 ), (439,24), changes: 0, 0 last seen:(439,24) globalposderived: (439,24)
 439: ball (4.128470,-30.055308), agent (3.743648,-29.946165), to (-1000.000000,-1000.000000) ang -6.834276 -5.834276
 439: relpos body (0.400000,-9.000000), vel. ball:(0.000000,0.000000) dist: 1.109328 (0.300000,0.085000,0.724328)
 439: pos (-67.386788,-65.092724) too far, but can acc ball good to 2.652272 k=2.652272,0.000000
(b)r: 0.4 phi: -10 vel: ( 0, 0 ) (439,25) rel: ( 0.393923, -0.0694593 ), (439,25) global: ( 4.12847, -30.0553 ), (439,25), changes: 0, 0 last seen:(439,24) globalposderived: (439,24)
 439: ball (4.128470,-30.055308), agent (3.743648,-29.946165), to (-1000.000000,-1000.000000) ang -6.834276 -5.834276
 439: relpos body (0.400000,-9.000000), vel. ball:(0.000000,0.000000) dist: 1.109328 (0.300000,0.085000,0.724328)
 439: pos (-67.386788,-65.092724) too far, but can acc ball good to 2.652272 k=2.652272,0.000000
(b)r: 0.4 phi: -10 vel: ( 0, 0 ) (439,26) rel: ( 0.393923, -0.0694593 ), (439,26) global: ( 4.12847, -30.0553 ), (439,26), changes: 0, 0 last seen:(439,24) globalposderived: (439,24)
 439: ball (4.128470,-30.055308), agent (3.743648,-29.946165), to (-1000.000000,-1000.000000) ang -6.834276 -5.834276
 439: relpos body (0.400000,-9.000000), vel. ball:(0.000000,0.000000) dist: 1.109328 (0.300000,0.085000,0.724328)
 439: pos (-67.386788,-65.092724) too far, but can acc ball good to 2.652272 k=2.652272,0.000000
 439: direction old: -15.834276, new: -15.834276
(b)r: 0.4 phi: -10 vel: ( 0, 0 ) (439,26) rel: ( 0.393923, -0.0694593 ), (439,26) global: ( 4.12847, -30.0553 ), (439,26), changes: 0, 0 last seen:(439,26) globalposderived: (439,26)
 439: ball (4.128470,-30.055308), agent (3.743648,-29.946165), to (-1000.000000,-1000.000000) ang -6.834276 -5.834276
 439: relpos body (0.400000,-9.000000), vel. ball:(0.000000,0.000000) dist: 1.109328 (0.300000,0.085000,0.724328)
 439: pos (-67.386788,-65.092724) too far, but can acc ball good to 2.652272 k=2.652272,0.000000
(b)r: 0.4 phi: -10 vel: ( 0, 0 ) (439,27) rel: ( 0.393923, -0.0694593 ), (439,27) global: ( 4.12847, -30.0553 ), (439,27), changes: 0, 0 last seen:(439,26) globalposderived: (439,26)
 439: ball (4.128470,-30.055308), agent (3.743648,-29.946165), to (-1000.000000,-1000.000000) ang -6.834276 -5.834276
 439: relpos body (0.400000,-9.000000), vel. ball:(0.000000,0.000000) dist: 1.109328 (0.300000,0.085000,0.724328)
 439: pos (-67.386788,-65.092724) too far, but can acc ball good to 2.652272 k=2.652272,0.000000
 439: direction old: -15.834276, new: -15.834276
(b)r: 0.4 phi: -10 vel: ( 0, 0 ) (439,27) rel: ( 0.393923, -0.0694593 ), (439,27) global: ( 4.12847, -30.0553 ), (439,27), changes: 0, 0 last seen:(439,27) globalposderived: (439,27)
 439: ball (4.128470,-30.055308), agent (3.743648,-29.946165), to (-1000.000000,-1000.000000) ang -6.834276 -5.834276
 439: relpos body (0.400000,-9.000000), vel. ball:(0.000000,0.000000) dist: 1.109328 (0.300000,0.085000,0.724328)
 439: pos (-67.386788,-65.092724) too far, but can acc ball good to 2.652272 k=2.652272,0.000000
(b)r: 0.4 phi: -10 vel: ( 0, 0 ) (439,28) rel: ( 0.393923, -0.0694593 ), (439,28) global: ( 4.12847, -30.0553 ), (439,28), changes: 0, 0 last seen:(439,27) globalposderived: (439,27)
 439: ball (4.128470,-30.055308), agent (3.743648,-29.946165), to (-1000.000000,-1000.000000) ang -6.834276 -5.834276
 439: relpos body (0.400000,-9.000000), vel. ball:(0.000000,0.000000) dist: 1.109328 (0.300000,0.085000,0.724328)
 439: pos (-67.386788,-65.092724) too far, but can acc ball good to 2.652272 k=2.652272,0.000000
(b)r: 0.4 phi: -10 vel: ( 0, 0 ) (439,29) rel: ( 0.393923, -0.0694593 ), (439,29) global: ( 4.12847, -30.0553 ), (439,29), changes: 0, 0 last seen:(439,27) globalposderived: (439,27)
 439: ball (4.128470,-30.055308), agent (3.743648,-29.946165), to (-1000.000000,-1000.000000) ang -6.834276 -5.834276
 439: relpos body (0.400000,-9.000000), vel. ball:(0.000000,0.000000) dist: 1.109328 (0.300000,0.085000,0.724328)
 439: pos (-67.386788,-65.092724) too far, but can acc ball good to 2.652272 k=2.652272,0.000000
 439: direction old: -15.834276, new: -15.834276
(b)r: 0.4 phi: -10 vel: ( 0, 0 ) (439,29) rel: ( 0.393923, -0.0694593 ), (439,29) global: ( 4.12847, -30.0553 ), (439,29), changes: 0, 0 last seen:(439,29) globalposderived: (439,29)
 439: ball (4.128470,-30.055308), agent (3.743648,-29.946165), to (-1000.000000,-1000.000000) ang -6.834276 -5.834276
 439: relpos body (0.400000,-9.000000), vel. ball:(0.000000,0.000000) dist: 1.109328 (0.300000,0.085000,0.724328)
 439: pos (-67.386788,-65.092724) too far, but can acc ball good to 2.652272 k=2.652272,0.000000
(b)r: 0.4 phi: -10 vel: ( 0, 0 ) (439,30) rel: ( 0.393923, -0.0694593 ), (439,30) global: ( 4.12847, -30.0553 ), (439,30), changes: 0, 0 last seen:(439,29) globalposderived: (439,29)
 439: ball (4.128470,-30.055308), agent (3.743648,-29.946165), to (-1000.000000,-1000.000000) ang -6.834276 -5.834276
 439: relpos body (0.400000,-9.000000), vel. ball:(0.000000,0.000000) dist: 1.109328 (0.300000,0.085000,0.724328)
 439: pos (-67.386788,-65.092724) too far, but can acc ball good to 2.652272 k=2.652272,0.000000
 439: direction old: -15.834276, new: -15.834276
(b)r: 0.4 phi: -10 vel: ( 0, 0 ) (439,30) rel: ( 0.393923, -0.0694593 ), (439,30) global: ( 4.12847, -30.0553 ), (439,30), changes: 0, 0 last seen:(439,30) globalposderived: (439,30)
 439: ball (4.128470,-30.055308), agent (3.743648,-29.946165), to (-1000.000000,-1000.000000) ang -6.834276 -5.834276
 439: relpos body (0.400000,-9.000000), vel. ball:(0.000000,0.000000) dist: 1.109328 (0.300000,0.085000,0.724328)
 439: pos (-67.386788,-65.092724) too far, but can acc ball good to 2.652272 k=2.652272,0.000000
(b)r: 0.4 phi: -10 vel: ( 0, 0 ) (440,0) rel: ( 0.393923, -0.0694593 ), (440,0) global: ( 4.12847, -30.0553 ), (440,0), changes: 0, 0 last seen:(439,30) globalposderived: (439,30)
 440: ball (4.128470,-30.055308), agent (3.743648,-29.946165), to (-1000.000000,-1000.000000) ang -6.834276 -5.834276
 440: relpos body (0.400000,-9.000000), vel. ball:(0.000000,0.000000) dist: 1.109328 (0.300000,0.085000,0.724328)
 440: pos (-67.386788,-65.092724) too far, but can acc ball good to 2.652272 k=2.652272,0.000000
 441: 2 pos: ball(2.315636,-31.998185), ball_prev(4.128470,-30.055308), agentdiff(0.000000,0.000000)
 441: direction old: -127.793821, new: -124.834276
 516: direction old: 77.687601, new: 40.702396
(b)r: 1.5 phi: -44 vel: ( 0, 0 ) (516,0) rel: ( 1.07901, -1.04199 ), (516,0) global: ( 0.933361, -0.0535179 ), (516,0), changes: -0.84, -18.6 last seen:(516,0) globalposderived: (516,0)
(b)r: 1.55212 phi: -1.47901 vel: ( 0, 0 ) (517,0) rel: ( 1.55161, -0.0400615 ), (517,0) global: ( 0.933361, -0.0535179 ), (517,0), changes: -0.84, -18.6 last seen:(516,0) globalposderived: (516,0)
 517: direction old: 41.973234, new: 31.657306
(b)r: 1.5036 phi: 1.33333 vel: ( 0, 0 ) (519,0) rel: ( 1.5032, 0.0349872 ), (519,0) global: ( 1.79692, 0.241569 ), (519,0), changes: 0.56, -4.3 last seen:(517,0) globalposderived: (517,0)
 519: direction old: 37.749584, new: 66.753775
(b)r: 1.3 phi: 42 vel: ( -1.10663, 0.235263 ) (519,0) rel: ( 0.966088, 0.86987 ), (519,0) global: ( 1.04089, 0.453391 ), (519,0), changes: -0.364, 54.4 last seen:(519,0) globalposderived: (519,0)
(b)r: 1.57237 phi: 1.67811 vel: ( -1.04023, 0.221147 ) (520,0) rel: ( 1.57169, 0.0460459 ), (520,0) global: ( -0.0657368, 0.688653 ), (520,0), changes: -0.364, 54.4 last seen:(519,0) globalposderived: (519,0)
 520: direction old: 115.025481, new: 118.563785
(b)r: 1.6 phi: -6 vel: ( -1.05966, 0.251975 ) (520,0) rel: ( 1.59124, -0.167246 ), (520,0) global: ( -0.225106, 0.796596 ), (520,0), changes: 0.768, 31.6 last seen:(520,0) globalposderived: (520,0)
(b)r: 1.2705 phi: 1.81359 vel: ( -0.298404, 0.020694 ) (624,0) rel: ( 1.26986, 0.0402085 ), (624,0) global: ( -10.4773, 27.3987 ), (624,0), changes: -0.3, 4.9 last seen:(622,0) globalposderived: (622,0)
 624: direction old: 89.752572, new: 74.057773
(b)r: 1.3 phi: -12 vel: ( 0, 0 ) (624,0) rel: ( 1.27159, -0.270285 ), (624,0) global: ( -10.1258, 27.3668 ), (624,0), changes: -0.208, -5.4 last seen:(624,0) globalposderived: (624,0)
(b)r: 0.702694 phi: 2.66617 vel: ( 0, 0 ) (625,0) rel: ( 0.701934, 0.032687 ), (625,0) global: ( -10.1258, 27.3668 ), (625,0), changes: -0.208, -5.4 last seen:(624,0) globalposderived: (624,0)
 625: turnWithBall: kick ball away from opp at ang 30.216152
 625: (kick 51.324345 100.666968), vecDesired (-1.032109,-0.423877) 108.555652 posDes(-11.157874,26.942924)
 625: 2 pos: ball(-10.505127,25.107574), ball_prev(-10.125765,27.366801), agentdiff(-0.048583,-0.016186)
 625: vel based on 2 pos: (-0.310932,-2.108458)
 625: direction old: 38.868216, new: -83.462619
(b)r: 1.8 phi: -121 vel: ( -0.310932, -2.10846 ) (625,0) rel: ( -0.927069, -1.5429 ), (625,0) global: ( -10.5051, 25.1076 ), (625,0), changes: -0.208, -5.4 last seen:(625,0) globalposderived: (625,0)
 736: 2 pos: ball(-4.059785,-8.104753), ball_prev(-2.641176,-7.957353), agentdiff(-0.407774,-0.242125)
 736: vel based on 2 pos: (-0.950185,0.089041)
 736: direction old: -48.310970, new: -59.212272
 738: 2 pos: ball(-5.207390,-7.927972), ball_prev(-4.059785,-8.104753), agentdiff(0.349512,0.100416)
 738: direction old: -107.511119, new: -89.990870
 739: direction old: -110.016488, new: -104.755715
 741: direction old: -122.180470, new: -119.978515
 742: 2 pos: ball(-7.788306,-8.049954), ball_prev(-7.207419,-8.184710), agentdiff(-0.079282,-0.055491)
 742: vel based on 2 pos: (-0.471508,0.178832)
 742: direction old: -128.680671, new: -129.439067
 745: direction old: -145.288217, new: -146.015706
 750: direction old: -157.161435, new: -133.017200
(b)r: 2 phi: 6 vel: ( 1.9642, 0.190747 ) (750,0) rel: ( 1.98904, 0.209057 ), (750,0) global: ( -8.82019, -7.48009 ), (750,0), changes: -1.48, 37.7 last seen:(750,0) globalposderived: (750,0)
(b)r: 1.4059 phi: 139.265 vel: ( 1.84635, 0.179302 ) (751,0) rel: ( -1.0653, 0.917436 ), (751,0) global: ( -6.85599, -7.28934 ), (751,0), changes: -1.48, 37.7 last seen:(750,0) globalposderived: (750,0)
 751: 2 pos: ball(-7.019138,-7.348919), ball_prev(-8.820186,-7.480089), agentdiff(-0.117694,-0.155226)
 751: vel based on 2 pos: (1.803618,0.269213)
 751: direction old: -57.271275, new: -64.761327
(b)r: 1.3 phi: 142 vel: ( 1.80362, 0.269213 ) (751,0) rel: ( -1.02441, 0.80036 ), (751,0) global: ( -7.01914, -7.34892 ), (751,0), changes: -1.48, 37.7 last seen:(751,0) globalposderived: (751,0)
 1047: direction old: -133.282133, new: -136.990417
 1048: direction old: -126.409481, new: -126.321600
 1050: direction old: -107.752658, new: -107.892330
 1056: direction old: -65.273859, new: -75.317291
 1057: direction old: -71.583519, new: -71.483701
(b)r: 1.74505 phi: 0.901888 vel: ( 0, 0 ) (1059,0) rel: ( 1.74483, 0.0274675 ), (1059,0) global: ( -4.19208, -8.92733 ), (1059,0), changes: 0.054, 3.8 last seen:(1057,0) globalposderived: (1057,0)
 1059: direction old: -91.429188, new: -63.062636
(b)r: 1.49531 phi: -1.4075 vel: ( 0, 0 ) (1060,0) rel: ( 1.49485, -0.0367292 ), (1060,0) global: ( -3.24342, -9.0017 ), (1060,0), changes: 0.04, 3.9 last seen:(1059,0) globalposderived: (1059,0)
 1060: 2 pos: ball(-4.930974,-8.923852), ball_prev(-3.243416,-9.001699), agentdiff(-0.489476,-0.038674)
 1060: vel based on 2 pos: (-1.126197,0.109530)
 1060: direction old: -47.006212, new: -112.325279
(b)r: 1.3 phi: -52 vel: ( 0, 0 ) (1060,0) rel: ( 0.80036, -1.02441 ), (1060,0) global: ( -4.93097, -8.92385 ), (1060,0), changes: 0.04, 3.9 last seen:(1060,0) globalposderived: (1060,0)
(b)r: 1.00962 phi: 0 vel: ( 0, 0 ) (1061,0) rel: ( 1.00962, 0 ), (1061,0) global: ( -4.93097, -8.92385 ), (1061,0), changes: 0.04, 3.9 last seen:(1060,0) globalposderived: (1060,0)
 1061: turnWithBall: kick ball away from opp at ang -121.681066
 1061: (kick 80.419519 121.289330), vecDesired (0.937497,1.187834) 127.890512 posDes(-3.993477,-7.736018)
(b)r: 1.01912 phi: 1.49422 vel: ( 0, 0 ) (1062,0) rel: ( 1.01877, 0.0265747 ), (1062,0) global: ( -4.93097, -8.92385 ), (1062,0), changes: 0.04, 3.9 last seen:(1060,0) globalposderived: (1060,0)
 1062: turnWithBall: kick ball away from opp at ang -128.397439
 1062: (kick 81.095875 119.727516), vecDesired (0.975991,1.169591) 121.174139 posDes(-3.954983,-7.754261)
 1062: direction old: -131.760944, new: -169.523924
 1065: direction old: 174.440581, new: 161.052529
 1068: direction old: 167.661465, new: 166.808701
(b)r: 1.6 phi: 9 vel: ( 0, 0 ) (1068,0) rel: ( 1.5803, 0.250295 ), (1068,0) global: ( -6.58211, -6.93349 ), (1068,0), changes: -0.864, 1.1 last seen:(1068,0) globalposderived: (1068,0)
(b)r: 1.21196 phi: 18.3612 vel: ( 0, 0 ) (1069,0) rel: ( 1.15026, 0.381773 ), (1069,0) global: ( -6.58211, -6.93349 ), (1069,0), changes: -0.864, 1.1 last seen:(1068,0) globalposderived: (1068,0)
 1069: direction old: 162.204620, new: -169.552087
(b)r: 0.5 phi: 33 vel: ( 0.6548, -0.14773 ) (1069,0) rel: ( 0.419335, 0.27232 ), (1069,0) global: ( -6.04564, -7.35418 ), (1069,0), changes: -0.72, 44.3 last seen:(1069,0) globalposderived: (1069,0)
 1069: turnWithBall: kick ball away from opp at ang -158.552087
 1069: (kick 22.866390 -73.400319), vecDesired (0.834549,0.375709) -123.000000 posDes(-5.211093,-6.978468)
(b)r: 0.2 phi: -118.746 vel: ( -0.0774762, -0.0335648 ) (1070,0) rel: ( -0.0961865, -0.175352 ), (1070,0) global: ( -5.39785, -7.13845 ), (1070,0), changes: -0.72, 44.3 last seen:(1069,0) globalposderived: (1069,0)
 1070: turnWithBall: turn since ball will be kickable in t+1
(b)r: 0.2 phi: 40.6956 vel: ( 0.00728277, 0.00315509 ) (1071,0) rel: ( 0.151637, 0.130408 ), (1071,0) global: ( -5.42898, -7.10806 ), (1071,0), changes: -0.72, 44.3 last seen:(1069,0) globalposderived: (1069,0)
 1071: ball (-5.428976,-7.108060), agent (-5.546333,-7.270008), to (-0.546440,-7.237253) ang 0.375349 13.375349
 1071: relpos body (0.200000,53.695602), vel. ball:(0.007283,0.003155) dist: 1.109328 (0.300000,0.085000,0.724328)
 1071: point good and can reach point 30.439869
 1071: 2 pos: ball(-5.404732,-7.287905), ball_prev(-6.045641,-7.354178), agentdiff(-0.004331,0.354533)
 1071: direction old: -57.712700, new: -68.603029
(b)r: 0.4 phi: -90 vel: ( 0.00728277, 0.00315509 ) (1071,0) rel: ( 2.44929e-17, -0.4 ), (1071,0) global: ( -5.40473, -7.2879 ), (1071,0), changes: -0.72, 44.3 last seen:(1071,0) globalposderived: (1071,0)
 1071: ball (-5.404732,-7.287905), agent (-5.550663,-6.915475), to (-0.604263,-6.185321) ang 8.396971 21.396971
 1071: relpos body (0.400000,-77.000000), vel. ball:(0.007283,0.003155) dist: 1.109328 (0.300000,0.085000,0.724328)
 1071: point good and can reach point 33.890563
(b)r: 0.947105 phi: -33.5532 vel: ( 0.733141, 0.162612 ) (1072,0) rel: ( 0.789292, -0.523475 ), (1072,0) global: ( -4.6248, -7.11491 ), (1072,0), changes: -0.72, 44.3 last seen:(1071,0) globalposderived: (1071,0)
 1072: ball (-4.624796,-7.114914), agent (-5.550663,-6.915475), to (-0.604263,-6.185321) ang 8.396971 21.396971
 1072: relpos body (0.947105,-20.553159), vel. ball:(0.733141,0.162612) dist: 1.109328 (0.300000,0.085000,0.724328)
 1072: point good and can reach point 1.010070
 1072: direction old: -27.369069, new: -23.944705
(b)r: 0.9 phi: -45 vel: ( 0.657243, 0.105159 ) (1072,0) rel: ( 0.636396, -0.636396 ), (1072,0) global: ( -4.83226, -6.94698 ), (1072,0), changes: 0.558, 23.1 last seen:(1072,0) globalposderived: (1072,0)
 1072: ball (-4.832262,-6.946982), agent (-5.654806,-6.581712), to (-0.704139,-5.881069) ang 8.055295 21.055295
 1072: relpos body (0.900000,-32.000000), vel. ball:(0.657243,0.105159) dist: 1.109328 (0.300000,0.085000,0.724328)
 1072: point good and can reach point 5.957098
(b)r: 1.21226 phi: -35.5508 vel: ( 0.617809, 0.0988493 ) (1073,0) rel: ( 0.986296, -0.704838 ), (1073,0) global: ( -4.17502, -6.84182 ), (1073,0), changes: 0.558, 23.1 last seen:(1072,0) globalposderived: (1072,0)
(b)r: 1.69486 phi: -3.13332 vel: ( 0.58074, 0.0929184 ) (1074,0) rel: ( 1.69232, -0.0926399 ), (1074,0) global: ( -3.55721, -6.74297 ), (1074,0), changes: 0.558, 23.1 last seen:(1072,0) globalposderived: (1072,0)
 1074: direction old: 7.826734, new: -26.926578
(b)r: 2 phi: -24 vel: ( 0.638453, -0.226806 ) (1074,0) rel: ( 1.82709, -0.813473 ), (1074,0) global: ( -3.3299, -7.86254 ), (1074,0), changes: 0.64, 1.8 last seen:(1074,0) globalposderived: (1074,0)
 1075: direction old: -30.249811, new: -25.537506
 1110: direction old: 26.918843, new: 31.386014
 1111: direction old: 54.188561, new: 53.435995
 1470: direction old: -12.128507, new: -2.211361
(b)r: 1.93479 phi: -64.475 vel: ( -1.32533, -1.56742 ) (1471,0) rel: ( 0.833711, -1.74595 ), (1471,0) global: ( 0.70475, 5.63562 ), (1471,0), changes: -1.408, -43.3 last seen:(1470,0) globalposderived: (1470,0)
 1471: 2 pos: ball(0.688989,5.644812), ball_prev(2.114678,7.303081), agentdiff(0.038315,-0.114278)
 1471: vel based on 2 pos: (-1.376164,-1.451351)
 1471: direction old: -66.183801, new: -66.524594
(b)r: 1.8 phi: -66 vel: ( -1.37616, -1.45135 ) (1471,0) rel: ( 0.732126, -1.64438 ), (1471,0) global: ( 0.688989, 5.64481 ), (1471,0), changes: -1.408, -43.3 last seen:(1471,0) globalposderived: (1471,0)
(b)r: 1.6051 phi: -7.32807 vel: ( -0.887443, -0.335179 ) (1637,0) rel: ( 1.59199, -0.204732 ), (1637,0) global: ( 0.966121, 3.08994 ), (1637,0), changes: -1.14, 4.2 last seen:(1636,0) globalposderived: 