 0: change player from message 62 -> 1
 0: changed player from message 62 -> 1
 0: change player from message 63 -> 2
 0: changed player from message 63 -> 2
 0: change player from message 64 -> 3
 0: changed player from message 64 -> 3
 0: change player from message 65 -> 4
 0: changed player from message 65 -> 4
 0: change player from message 66 -> 5
 0: changed player from message 66 -> 5
 0: change player from message 67 -> 6
 0: changed player from message 67 -> 6
 0: change player from message 68 -> 7
 0: changed player from message 68 -> 7
 0: change player from message 69 -> 8
 0: changed player from message 69 -> 8
 0: change player from message 70 -> 9
 0: changed player from message 70 -> 9
 0: change player from message 71 -> 10
 0: changed player from message 71 -> 10
 151: Received coach message: online_coach_left (advice (0 (true) (do our {1} (home (pt 35 -22))) (do our {2} (home (pt 12 -15))) (do our {3} (home (pt 20 0))) (do our {4} (home (pt 35 22))) (do our {5} (home (pt 12 15))) (do our {6} (home (pt -12 -26))) (do our {7} (home (pt -50 0))) (do our {8} (home (pt -20 10))) (do our {9} (home (pt 0 0))) (do our {10} (home (pt -20 -10))) (do our {11} (home (pt -12 26))))))
 151: new home position for player 0: 35 -22
 151: new home position for player 1: 12 -15
 151: new home position for player 2: 20 0
 151: new home position for player 3: 35 22
 151: new home position for player 4: 12 15
 151: new home position for player 5: -12 -26
 151: new home position for player 6: -50 0
 151: new home position for player 7: -20 10
 151: new home position for player 8: 0 0
 151: new home position for player 9: -20 -10
 151: new home position for player 10: -12 26
 349: direction old: -151.146094, new: -148.344572
 350: direction old: -135.572559, new: -137.399774
 351: Received coach message: online_coach_left (advice (0 (true) (do our {1} (home (pt 20 0))) (do our {2} (home (pt 35 -22))) (do our {3} (home (pt 12 -15))) (do our {4} (home (pt 12 15))) (do our {5} (home (pt 35 22))) (do our {6} (home (pt 0 0))) (do our {7} (home (pt -12 -26))) (do our {8} (home (pt -20 -10))) (do our {9} (home (pt -20 10))) (do our {10} (home (pt -50 0))) (do our {11} (home (pt -12 26))))))
 351: new home position for player 0: 20 0
 351: new home position for player 1: 35 -22
 351: new home position for player 2: 12 -15
 351: new home position for player 3: 12 15
 351: new home position for player 4: 35 22
 351: new home position for player 5: 0 0
 351: new home position for player 6: -12 -26
 351: new home position for player 7: -20 -10
 351: new home position for player 8: -20 10
 351: new home position for player 9: -50 0
 351: new home position for player 10: -12 26
 352: direction old: -107.193487, new: -111.073433
 353: 2 pos: ball(3.729533,8.570121), ball_prev(3.141696,8.741530), agentdiff(0.157378,-0.054025)
 353: vel based on 2 pos: (0.404631,-0.110341)
 353: direction old: -103.014921, new: -99.433406
 355: 2 pos: ball(4.710155,8.173090), ball_prev(3.729533,8.570121), agentdiff(0.186568,0.097698)
 355: direction old: -84.526448, new: -80.761454
 651: Received coach message: online_coach_left (advice (0 (true) (do our {1} (home (pt 35 -22))) (do our {2} (home (pt 12 -15))) (do our {3} (home (pt 20 0))) (do our {4} (home (pt 12 15))) (do our {5} (home (pt 35 22))) (do our {6} (home (pt -50 0))) (do our {7} (home (pt -20 -10))) (do our {8} (home (pt -12 26))) (do our {9} (home (pt 0 0))) (do our {10} (home (pt -12 -26))) (do our {11} (home (pt -20 10))))))
 651: new home position for player 0: 35 -22
 651: new home position for player 1: 12 -15
 651: new home position for player 2: 20 0
 651: new home position for player 3: 12 15
 651: new home position for player 4: 35 22
 651: new home position for player 5: -50 0
 651: new home position for player 6: -20 -10
 651: new home position for player 7: -12 26
 651: new home position for player 8: 0 0
 651: new home position for player 9: -12 -26
 651: new home position for player 10: -20 10
 951: Received coach message: online_coach_left (advice (0 (true) (do our {1} (home (pt 35 -22))) (do our {2} (home (pt 12 -15))) (do our {3} (home (pt 20 0))) (do our {4} (home (pt 12 15))) (do our {5} (home (pt 35 22))) (do our {6} (home (pt -50 0))) (do our {7} (home (pt -12 -26))) (do our {8} (home (pt -20 10))) (do our {9} (home (pt 0 0))) (do our {10} (home (pt -20 -10))) (do our {11} (home (pt -12 26))))))
 951: new home position for player 0: 35 -22
 951: new home position for player 1: 12 -15
 951: new home position for player 2: 20 0
 951: new home position for player 3: 12 15
 951: new home position for player 4: 35 22
 951: new home position for player 5: -50 0
 951: new home position for player 6: -12 -26
 951: new home position for player 7: -20 10
 951: new home position for player 8: 0 0
 951: new home position for player 9: -20 -10
 951: new home position for player 10: -12 26
(b)r: 0.2 phi: -38.9916 vel: ( -0.0048728, -0.0214356 ) (1060,0) rel: ( 0.155448, -0.125841 ), (1060,0) global: ( 8.15054, 18.3838 ), (1060,0), changes: -0.592, -4 last seen:(1058,0) globalposderived: (1058,0)
 1060: direction old: 145.057662, new: -171.607373
(b)r: 1.6 phi: -41 vel: ( 0.0341544, 0.209461 ) (1060,0) rel: ( 1.20754, -1.04969 ), (1060,0) global: ( 6.81185, 17.9796 ), (1060,0), changes: -0.032, -6.4 last seen:(1060,0) globalposderived: (1060,0)
(b)r: 1.24299 phi: -66.6796 vel: ( 0, 0 ) (1061,0) rel: ( 0.492065, -1.14144 ), (1061,0) global: ( 6.846, 18.1891 ), (1061,0), changes: -0.032, -6.4 last seen:(1060,0) globalposderived: (1060,0)
 1061: 2 pos: ball(7.079479,18.332994), ball_prev(6.811847,17.979636), agentdiff(0.195490,0.166647)
 1061: vel based on 2 pos: (0.067814,0.175508)
 1061: direction old: 171.657166, new: 163.211251
(b)r: 1.2 phi: -66 vel: ( 0, 0 ) (1061,0) rel: ( 0.488084, -1.09625 ), (1061,0) global: ( 7.07948, 18.333 ), (1061,0), changes: -0.032, -6.4 last seen:(1061,0) globalposderived: (1061,0)
(b)r: 1.10513 phi: -104.591 vel: ( 0, 0 ) (1062,0) rel: ( -0.278406, -1.06949 ), (1062,0) global: ( 7.07948, 18.333 ), (1062,0), changes: -0.032, -6.4 last seen:(1061,0) globalposderived: (1061,0)
(b)r: 1.61708 phi: -137.083 vel: ( 0, 0 ) (1063,0) rel: ( -1.18426, -1.10112 ), (1063,0) global: ( 7.07948, 18.333 ), (1063,0), changes: -0.032, -6.4 last seen:(1061,0) globalposderived: (1061,0)
 1063: 2 pos: ball(5.464318,18.062852), ball_prev(7.079479,18.332994), agentdiff(-0.284131,0.203488)
 1063: direction old: 80.985172, new: 140.607666
(b)r: 1.8 phi: -89 vel: ( 0, 0 ) (1063,0) rel: ( 0.0314143, -1.79973 ), (1063,0) global: ( 5.46432, 18.0629 ), (1063,0), changes: -0.032, -6.4 last seen:(1063,0) globalposderived: (1063,0)
(b)r: 1.98219 phi: -116.928 vel: ( 0, 0 ) (1064,0) rel: ( -0.897664, -1.76728 ), (1064,0) global: ( 5.46432, 18.0629 ), (1064,0), changes: -0.032, -6.4 last seen:(1063,0) globalposderived: (1063,0)
 1064: 2 pos: ball(6.722503,17.197556), ball_prev(5.464318,18.062852), agentdiff(0.123381,-0.282468)
 1064: vel based on 2 pos: (1.066716,-0.547858)
 1064: direction old: 112.803263, new: 73.441133
(b)r: 1.3 phi: -156 vel: ( 0, 0 ) (1064,0) rel: ( -1.18761, -0.528758 ), (1064,0) global: ( 6.7225, 17.1976 ), (1064,0), changes: -0.032, -6.4 last seen:(1064,0) globalposderived: (1064,0)
 1251: Received coach message: online_coach_left (advice (0 (true) (do our {1} (home (pt 35 22))) (do our {2} (home (pt 35 -22))) (do our {3} (home (pt 20 0))) (do our {4} (home (pt 12 15))) (do our {5} (home (pt -20 10))) (do our {6} (home (pt -20 -10))) (do our {7} (home (pt 12 -15))) (do our {8} (home (pt -12 26))) (do our {9} (home (pt 0 0))) (do our {10} (home (pt -12 -26))) (do our {11} (home (pt -50 0))))))
 1251: new home position for player 0: 35 22
 1251: new home position for player 1: 35 -22
 1251: new home position for player 2: 20 0
 1251: new home position for player 3: 12 15
 1251: new home position for player 4: -20 10
 1251: new home position for player 5: -20 -10
 1251: new home position for player 6: 12 -15
 1251: new home position for player 7: -12 26
 1251: new home position for player 8: 0 0
 1251: new home position for player 9: -12 -26
 1251: new home position for player 10: -50 0
 1574: Received coach message: online_coach_left (advice (0 (true) (do our {1} (home (pt 20 0))) (do our {2} (home (pt 35 -22))) (do our {3} (home (pt 12 -15))) (do our {4} (home (pt 12 15))) (do our {5} (home (pt 35 22))) (do our {6} (home (pt 0 0))) (do our {7} (home (pt -12 -26))) (do our {8} (home (pt -20 10))) (do our {9} (home (pt -50 0))) (do our {10} (home (pt -20 -10))) (do our {11} (home (pt -12 26))))))
 1574: new home position for player 0: 20 0
 1574: new home position for player 1: 35 -22
 1574: new home position for player 2: 12 -15
 1574: new home position for player 3: 12 15
 1574: new home position for player 4: 35 22
 1574: new home position for player 5: 0 0
 1574: new home position for player 6: -12 -26
 1574: new home position for player 7: -20 10
 1574: new home position for player 8: -50 0
 1574: new home position for player 9: -20 -10
 1574: new home position for player 10: -12 26
(b)r: 1.5849 phi: -6.37183 vel: ( -0.550937, 0.0144603 ) (1607,0) rel: ( 1.5751, -0.175892 ), (1607,0) global: ( -0.0181055, -0.0323448 ), (1607,0), changes: -0.9, 3 last seen:(1605,0) globalposderived: (1605,0)
 1607: direction old: 32.377033, new: 32.938585
(b)r: 1.8 phi: -7 vel: ( -0.574113, 0.0239166 ) (1607,0) rel: ( 1.78658, -0.219365 ), (1607,0) global: ( 0.0873198, 0.0553895 ), (1607,0), changes: -0.9, 9.6 last seen:(1607,0) globalposderived: (1607,0)
(b)r: 0.964389 phi: 4.54637 vel: ( -0.539666, 0.0224816 ) (1608,0) rel: ( 0.961354, 0.0764431 ), (1608,0) global: ( -0.486793, 0.0793061 ), (1608,0), changes: -0.9, 9.6 last seen:(1607,0) globalposderived: (1607,0)
 1608: ball (-0.486793,0.079306), agent (-1.085295,-0.676896), to (7.260354,13.073334) ang 47.093519 47.093519
 1608: relpos body (0.964389,4.546371), vel. ball:(-0.539666,0.022482) dist: 1.146167 (0.300000,0.085000,0.761167)
 1608: point good, but reposition ball since need 134.500149
 1608: (kick 24.271066 -82.022664), vecDesired (-0.108029,-0.278959) 0.000000 posDes(-0.594822,-0.199653)
 1608: direction old: 52.274913, new: 26.528349
(b)r: 1.3 phi: -21 vel: ( 0.0294785, -0.127864 ) (1608,0) rel: ( 1.21365, -0.465878 ), (1608,0) global: ( -0.0565776, -0.287481 ), (1608,0), changes: -0.208, -7 last seen:(1608,0) globalposderived: (1608,0)
(b)r: 0.2 phi: -53.6857 vel: ( -0.00277098, 0.0120193 ) (1609,0) rel: ( 0.118443, -0.161156 ), (1609,0) global: ( -0.494068, -0.364968 ), (1609,0), changes: -0.208, -7 last seen:(1608,0) globalposderived: (1608,0)
 1609: ball (-0.494068,-0.364968), agent (-0.692914,-0.343516), to (6.902550,13.192771) ang 47.528349 47.528349
 1609: relpos body (0.200000,-53.685668), vel. ball:(-0.002771,0.012019) dist: 1.146167 (0.300000,0.085000,0.761167)
 1609: point good and can reach point 98.106361
(b)r: 0.213816 phi: -46.0088 vel: ( -0.00260472, 0.0112981 ) (1610,0) rel: ( 0.148505, -0.153829 ), (1610,0) global: ( -0.496839, -0.352949 ), (1610,0), changes: -0.208, -7 last seen:(1608,0) globalposderived: (1608,0)
 1610: ball (-0.496839,-0.352949), agent (-0.710580,-0.358619), to (6.818913,13.160953) ang 47.528349 47.528349
 1610: relpos body (0.213816,-46.008755), vel. ball:(-0.002605,0.011298) dist: 1.146167 (0.300000,0.085000,0.761167)
 1610: point good and can reach point 97.520502
(b)r: 0.74167 phi: -40.3665 vel: ( 1.80021, -0.785129 ) (1733,0) rel: ( 0.565091, -0.48036 ), (1733,0) global: ( 4.47344, 20.1201 ), (1733,0), changes: -2.64, 2 last seen:(1731,0) globalposderived: (1731,0)
 1733: direction old: 158.207913, new: -167.816918
(b)r: 1 phi: -35 vel: ( 1.73108, -0.816458 ) (1733,0) rel: ( 0.819152, -0.573576 ), (1733,0) global: ( 4.11073, 19.6632 ), (1733,0), changes: -1.5, 70.1 last seen:(1733,0) globalposderived: (1733,0)
 1733: turnWithBall: kick ball close to desired turnangle 0.000000
 1733: (kick 54.528348 -120.903586), vecDesired (1.421793,0.242616) 132.816918 posDes(5.532519,19.905864)
(b)r: 0.494263 phi: 131.321 vel: ( 1.32379, 0.21375 ) (1734,0) rel: ( -0.326348, 0.371205 ), (1734,0) global: ( 5.51901, 19.8906 ), (1734,0), changes: -1.5, 70.1 last seen:(1733,0) globalposderived: (1733,0)
 1734: turnWithBall: freeze ball
 1734: 2 pos: ball(5.479576,19.791651), ball_prev(4.110726,19.663248), agentdiff(0.063285,-0.029264)
 1734: vel based on 2 pos: (1.227231,0.148207)
 1734: direction old: 2.174431, new: -11.922181
(b)r: 0.4 phi: 121 vel: ( 1.22723, 0.148207 ) (1734,0) rel: ( -0.206015, 0.342867 ), (1734,0) global: ( 5.47958, 19.7917 ), (1734,0), changes: -1.5, 70.1 last seen:(1734,0) globalposderived: (1734,0)
 1734: turnWithBall: freeze ball
(b)r: 0.431707 phi: 120.186 vel: ( 0.00796042, -0.00293145 ) (1735,0) rel: ( -0.217065, 0.373167 ), (1735,0) global: ( 5.48804, 19.7885 ), (1735,0), changes: -1.5, 70.1 last seen:(1734,0) globalposderived: (1734,0)
 1735: turnWithBall: turn since ball will be kickable in t+1
(b)r: 0.440119 phi: -20.2886 vel: ( 0.0074828, -0.00275556 ) (1736,0) rel: ( 0.412813, -0.152611 ), (1736,0) global: ( 5.496, 19.7856 ), (1736,0), changes: -1.5, 70.1 last seen:(1734,0) globalposderived: (1734,0)
 1736: ball (5.496005,19.785601), agent (5.066960,19.883708), to (9.033567,20.399485) ang 7.408584 7.408584
 1736: relpos body (0.440119,-20.288649), vel. ball:(0.007483,-0.002756) dist: 1.146167 (0.300000,0.085000,0.761167)
 1736: point good and can reach point 27.878582
 1736: 2 pos: ball(5.163570,19.258855), ball_prev(5.479576,19.791651), agentdiff(0.064285,0.174494)
 1736: direction old: -36.772300, new: -87.684179
(b)r: 0.8 phi: -86 vel: ( 0.0074828, -0.00275556 ) (1736,0) rel: ( 0.0558052, -0.798051 ), (1736,0) global: ( 5.16357, 19.2589 ), (1736,0), changes: -1.5, 70.1 last seen:(1736,0) globalposderived: (1736,0)
 1736: ball (5.163570,19.258855), agent (5.131244,20.058202), to (9.129516,19.940641) ang -1.684179 -1.684179
 1736: relpos body (0.800000,-86.000000), vel. ball:(0.007483,-0.002756) dist: 1.146167 (0.300000,0.085000,0.761167)
 1736: point good and can reach point 38.026726
(b)r: 1.04391 phi: -38.8541 vel: ( 0.715353, 0.113602 ) (1737,0) rel: ( 0.812938, -0.654884 ), (1737,0) global: ( 5.92458, 19.3797 ), (1737,0), changes: -1.5, 70.1 last seen:(1736,0) globalposderived: (1736,0)
 1737: ball (5.924584,19.379709), agent (5.131244,20.058202), to (9.129516,19.940641) ang -1.684179 -1.684179
 1737: relpos body (1.043907,-38.854077), vel. ball:(0.715353,0.113602) dist: 1.146167 (0.300000,0.085000,0.761167)
 1737: point good and can reach point 0.580679
 1737: 2 pos: ball(5.938870,18.676992), ball_prev(5.163570,19.258855), agentdiff(0.000000,0.000000)
 1737: vel based on 2 pos: (0.728781,-0.546952)
 1737: direction old: -40.538256, new: -59.684179
(b)r: 1.6 phi: -58 vel: ( 0.728781, -0.546952 ) (1737,0) rel: ( 0.847871, -1.35688 ), (1737,0) global: ( 5.93887, 18.677 ), (1737,0), changes: -1.5, 70.1 last seen:(1737,0) globalposderived: (1737,0)
 1874: Received coach message: online_coach_left (advice (0 (true) (do our {1} (home (pt 35 -22))) (do our {2} (home (pt 12 -15))) (do our {3} (home (pt 20 0))) (do our {4} (home (pt 12 15))) (do our {5} (home (pt 35 22))) (do our {6} (home (pt -50 0))) (do our {7} (home (pt -20 -10))) (do our {8} (home (pt -20 10))) (do our {9} (home (pt 0 0))) (do our {10} (home (pt -12 -26))) (do our {11} (home (pt -12 26))))))
 1874: new home position for player 0: 35 -22
 1874: new home position for player 1: 12 -15
 1874: new home position for player 2: 20 0
 1874: new home position for player 3: 12 15
 1874: new home position for player 4: 35 22
 1874: new home position for player 5: -50 0
 1874: new home position for player 6: -20 -10
 1874: new home position for player 7: -20 10
 1874: new home position for player 8: 0 0
 1874: new home position for player 9: -12 -26
 1874: new home position for player 10: -12 26
 2123: direction old: -15.470872, new: -14.769452
 2124: direction old: -18.580850, new: -18.054639
(b)r: 1.82733 phi: -4.75009 vel: ( -0.382751, -0.0248414 ) (2125,0) rel: ( 1.82106, -0.151321 ), (2125,0) global: ( 10.4911, 18.7403 ), (2125,0), changes: -0.396, -3.9 last seen:(2124,0) globalposderived: (2124,0)
(b)r: 1.49398 phi: -6.58213 vel: ( -0.359786, -0.0233509 ) (2126,0) rel: ( 1.48413, -0.171251 ), (2126,0) global: ( 10.1083, 18.7154 ), (2126,0), changes: -0.396, -3.9 last seen:(2124,0) globalposderived: (2124,0)
 2126: direction old: -29.386857, new: -29.484159
(b)r: 1.5 phi: -9 vel: ( -0.343152, -0.0261332 ) (2126,0) rel: ( 1.48153, -0.234652 ), (2126,0) global: ( 10.1123, 18.7103 ), (2126,0), changes: -0.27, -7.1 last seen:(2126,0) globalposderived: (2126,0)
(b)r: 1.22918 phi: -8.9696 vel: ( -0.322563, -0.0245652 ) (2127,0) rel: ( 1.21415, -0.191642 ), (2127,0) global: ( 9.76918, 18.6841 ), (2127,0), changes: -0.27, -7.1 last seen:(2126,0) globalposderived: (2126,0)
 2127: direction old: -38.453761, new: -36.983510
(b)r: 1.2 phi: -8 vel: ( -0.314467, -0.0162149 ) (2127,0) rel: ( 1.18832, -0.167008 ), (2127,0) global: ( 9.76517, 18.7266 ), (2127,0), changes: -0.24, -9.1 last seen:(2127,0) globalposderived: (2127,0)
(b)r: 0.979636 phi: -11.9075 vel: ( -0.295599, -0.015242 ) (2128,0) rel: ( 0.958556, -0.202131 ), (2128,0) global: ( 9.4507, 18.7104 ), (2128,0), changes: -0.24, -9.1 last seen:(2127,0) globalposderived: (2127,0)
 2128: turnWithBall: turn since ball will be kickable in t+1
(b)r: 0.830064 phi: -65.1747 vel: ( -0.277863, -0.0143274 ) (2129,0) rel: ( 0.348505, -0.753359 ), (2129,0) global: ( 9.1551, 18.6952 ), (2129,0), changes: -0.24, -9.1 last seen:(2127,0) globalposderived: (2127,0)
 2129: ball (9.155103,18.695189), agent (8.806598,19.448548), to (12.806598,19.448548) ang 0.000000 0.000000
 2129: relpos body (0.830064,-65.174655), vel. ball:(-0.277863,-0.014327) dist: 1.146167 (0.300000,0.085000,0.761167)
 2129: point good and can reach point 48.555501
 2129: 2 pos: ball(9.159276,18.730483), ball_prev(9.765168,18.726646), agentdiff(0.000000,0.000000)
 2129: direction old: -65.174655, new: -63.841973
(b)r: 0.8 phi: -65 vel: ( -0.277863, -0.0143274 ) (2129,0) rel: ( 0.338095, -0.725046 ), (2129,0) global: ( 9.15928, 18.7305 ), (2129,0), changes: -0.24, -9.1 last seen:(2129,0) globalposderived: (2129,0)
 2129: ball (9.159276,18.730483), agent (8.806598,19.448548), to (12.805781,19.529388) ang 1.158027 1.158027
 2129: relpos body (0.800000,-65.000000), vel. ball:(-0.277863,-0.014327) dist: 1.146167 (0.300000,0.085000,0.761167)
 2129: point good and can reach point 47.901803
(b)r: 1.19225 phi: -30.0576 vel: ( 0.649629, 0.133368 ) (2130,0) rel: ( 1.03192, -0.597161 ), (2130,0) global: ( 9.85037, 18.8724 ), (2130,0), changes: -0.24, -9.1 last seen:(2129,0) globalposderived: (2129,0)
 2130: direction old: -28.899596, new: -29.841973
(b)r: 1.1 phi: -31 vel: ( 0.567017, 0.148371 ) (2130,0) rel: ( 0.942884, -0.566542 ), (2130,0) global: ( 9.76074, 18.9012 ), (2130,0), changes: 0.418, 21.4 last seen:(2130,0) globalposderived: (2130,0)
 2130: ball (9.760739,18.901177), agent (8.806598,19.448548), to (12.805781,19.529388) ang 1.158027 1.158027
 2130: relpos body (1.100000,-31.000000), vel. ball:(0.567017,0.148371) dist: 1.146167 (0.300000,0.085000,0.761167)
 2130: point good and can reach point 5.169587
(b)r: 1.06479 phi: -23.2506 vel: ( 0.532996, 0.139469 ) (2131,0) rel: ( 0.978319, -0.420331 ), (2131,0) global: ( 10.3278, 19.0495 ), (2131,0), changes: 0.418, 21.4 last seen:(2130,0) globalposderived: (2130,0)
 2131: ball (10.327756,19.049549), agent (9.341141,19.450022), to (13.340324,19.530862) ang 1.158027 1.158027
 2131: relpos body (1.064794,-23.250587), vel. ball:(0.532996,0.139469) dist: 1.146167 (0.300000,0.085000,0.761167)
 2131: point good and can reach point 7.133087
(b)r: 1.47506 phi: -12.1758 vel: ( 0.629964, 0.101705 ) (2132,0) rel: ( 1.44188, -0.311109 ), (2132,0) global: ( 10.9979, 19.1577 ), (2132,0), changes: 0.418, 21.4 last seen:(2130,0) globalposderived: (2130,0)
 2132: direction old: -8.555008, new: -27.790174
(b)r: 0.8 phi: -29 vel: ( -0.102913, 0.00726876 ) (2132,0) rel: ( 0.699696, -0.387848 ), (2132,0) global: ( 10.2506, 19.0037 ), (2132,0), changes: -0.176, -5.7 last seen:(2132,0) globalposderived: (2132,0)
 2132: ball (10.250554,19.003653), agent (9.542826,19.376641), to (13.541934,19.461097) ang 1.209826 1.209826
 2132: relpos body (0.800000,-29.000000), vel. ball:(-0.102913,0.007269) dist: 1.146167 (0.300000,0.085000,0.761167)
 2132: point good and can reach point 37.152427
(b)r: 1.35687 phi: -12.6434 vel: ( 0.671964, 0.0904738 ) (2133,0) rel: ( 1.32397, -0.296996 ), (2133,0) global: ( 10.9654, 19.0999 ), (2133,0), changes: -0.176, -5.7 last seen:(2132,0) globalposderived: (2132,0)
 2133: direction old: -11.419340, new: -11.784633
(b)r: 1.3 phi: -13 vel: ( 0.593849, 0.105909 ) (2133,0) rel: ( 1.26668, -0.292436 ), (2133,0) global: ( 10.908, 19.103 ), (2133,0), changes: 0.52, 9.7 last seen:(2133,0) globalposderived: (2133,0)
(b)r: 1.82687 phi: 6.60399 vel: ( 0.558218, 0.0995547 ) (2134,0) rel: ( 1.81474, 0.210101 ), (2134,0) global: ( 11.5019, 19.2089 ), (2134,0), changes: 0.52, 9.7 last seen:(2133,0) globalposderived: (2133,0)
 2135: direction old: -1.247804, new: -9.238604
(b)r: 1.3 phi: -3 vel: ( 0.0654309, 0.0162355 ) (2135,0) rel: ( 1.29822, -0.0680367 ), (2135,0) global: ( 10.961, 19.1517 ), (2135,0), changes: 0.052, 1.2 last seen:(2135,0) globalposderived: (2135,0)
(b)r: 1.36223 phi: 1.28861 vel: ( 0.0615051, 0.0152614 ) (2136,0) rel: ( 1.36189, 0.0306348 ), (2136,0) global: ( 11.0264, 19.1679 ), (2136,0), changes: 0.052, 1.2 last seen:(2135,0) globalposderived: (2135,0)
 2136: direction old: -8.122695, new: -8.176984
(b)r: 1.5 phi: 1 vel: ( 0.0624955, 0.0176163 ) (2136,0) rel: ( 1.49977, 0.0261786 ), (2136,0) global: ( 11.1626, 19.147 ), (2136,0), changes: 0.06, 1.1 last seen:(2136,0) globalposderived: (2136,0)
(b)r: 1.55958 phi: 0.967213 vel: ( 0.0587458, 0.0165593 ) (2137,0) rel: ( 1.55935, 0.026326 ), (2137,0) global: ( 11.2251, 19.1647 ), (2137,0), changes: 0.06, 1.1 last seen:(2136,0) globalposderived: (2136,0)
(b)r: 1.61596 phi: 0.843931 vel: ( 0.055221, 0.0155658 ) (2138,0) rel: ( 1.61578, 0.0238011 ), (2138,0) global: ( 11.2839, 19.1812 ), (2138,0), changes: 0.06, 1.1 last seen:(2136,0) globalposderived: (2136,0)
 2138: direction old: -6.365840, new: -5.239484
(b)r: 1.5 phi: 3 vel: ( 0.061901, 0.0179844 ) (2138,0) rel: ( 1.49794, 0.0785039 ), (2138,0) global: ( 11.1716, 19.2234 ), (2138,0), changes: 0.06, 0.9 last seen:(2138,0) globalposderived: (2138,0)
(b)r: 1.56018 phi: 0.865319 vel: ( 0.0581869, 0.0169053 ) (2139,0) rel: ( 1.56, 0.0235619 ), (2139,0) global: ( 11.2335, 19.2414 ), (2139,0), changes: 0.06, 0.9 last seen:(2138,0) globalposderived: (2138,0)
 2139: direction old: -4.374165, new: -5.238604
(b)r: 1.6 phi: 1 vel: ( 0.0339061, 0.0193252 ) (2139,0) rel: ( 1.59976, 0.0279239 ), (2139,0) global: ( 11.2712, 19.2143 ), (2139,0), changes: 0.032, 0.8 last seen:(2139,0) globalposderived: (2139,0)
(b)r: 1.63215 phi: 0.784265 vel: ( 0.0318717, 0.0181657 ) (2140,0) rel: ( 1.632, 0.0223402 ), (2140,0) global: ( 11.3051, 19.2336 ), (2140,0), changes: 0.032, 0.8 last seen:(2139,0) globalposderived: (2139,0)
(b)r: 1.66264 phi: 0.709428 vel: ( 0.0299594, 0.0170757 ) (2141,0) rel: ( 1.66252, 0.0205861 ), (2141,0) global: ( 11.337, 19.2518 ), (2141,0), changes: 0.032, 0.8 last seen:(2139,0) globalposderived: (2139,0)
 2141: direction old: -3.744911, new: -3.238604
(b)r: 1.6 phi: 3 vel: ( 0.0314274, 0.0159982 ) (2141,0) rel: ( 1.59781, 0.0837375 ), (2141,0) global: ( 11.2753, 19.27 ), (2141,0), changes: 0.032, 0.6 last seen:(2141,0) globalposderived: (2141,0)
(b)r: 1.63057 phi: 0.623653 vel: ( 0.0295418, 0.0150383 ) (2142,0) rel: ( 1.63047, 0.0177481 ), (2142,0) global: ( 11.3067, 19.286 ), (2142,0), changes: 0.032, 0.6 last seen:(2141,0) globalposderived: (2141,0)
 2142: direction old: -2.614951, new: -9.238604
(b)r: 0.7 phi: -5 vel: ( -1.03581, -0.00233353 ) (2142,0) rel: ( 0.697336, -0.061009 ), (2142,0) global: ( 10.3688, 19.248 ), (2142,0), changes: -1.022, -13.8 last seen:(2142,0) globalposderived: (2142,0)
 2142: ball (10.368787,19.248006), agent (9.677867,19.360388), to (13.666927,19.064748) ang -4.238604 -4.238604
 2142: relpos body (0.700000,-5.000000), vel. ball:(-1.035811,-0.002334) dist: 1.146167 (0.300000,0.085000,0.761167)
 2142: point good and can reach point 73.269910
(b)r: 1.41634 phi: -1.9473 vel: ( 0.674143, -0.0378208 ) (2143,0) rel: ( 1.41552, -0.0481276 ), (2143,0) global: ( 11.086, 19.2078 ), (2143,0), changes: -1.022, -13.8 last seen:(2142,0) globalposderived: (2142,0)
 2144: direction old: -5.225648, new: -7.238604
 2174: Received coach message: online_coach_left (advice (0 (true) (do our {1} (home (pt 35 22))) (do our {2} (home (pt 35 -22))) (do our {3} (home (pt 20 0))) (do our {4} (home (pt 12 15))) (do our {5} (home (pt -12 26))) (do our {6} (home (pt -20 -10))) (do our {7} (home (pt 12 -15))) (do our {8} (home (pt -50 0))) (do our {9} (home (pt 0 0))) (do our {10} (home (pt -12 -26))) (do our {11} (home (pt -20 10))))))
 2174: new home position for player 0: 35 22
 2174: new home position for player 1: 35 -22
 2174: new home position for player 2: 20 0
 2174: new home position for player 3: 12 15
 2174: new home position for player 4: -12 26
 2174: new home position for player 5: -20 -10
 2174: new home position for player 6: 12 -15
 2174: new home position for player 7: -50 0
 2174: new home position for player 8: 0 0
 2174: new home position for player 9: -12 -26
 2174: new home position for player 10: -20 10
 2298: direction old: -82.695166, new: -83.846153
(b)r: 1.14046 phi: -6.47181 vel: ( 1.74018, 0.256348 ) (2355,0) rel: ( 1.13319, -0.128546 ), (2355,0) global: ( -8.02239, 18.7678 ), (2355,0), changes: -1.86, -2 last seen:(2354,0) globalposderived: (2354,0)
 2355: turnWithBall: turn since ball will be kickable in t+1
 2355: direction old: 177.969167, new: 179.440978
(b)r: 1.1 phi: -5 vel: ( 1.72928, 0.245548 ) (2355,0) rel: ( 1.09581, -0.0958713 ), (2355,0) global: ( -7.9826, 18.7381 ), (2355,0), changes: -1.716, -13.1 last seen:(2355,0) globalposderived: (2355,0)
 2355: turnWithBall: turn since ball will be kickable in t+1
(b)r: 0.679509 phi: 22.1576 vel: ( 1.62552, 0.230815 ) (2356,0) rel: ( 0.629327, 0.25628 ), (2356,0) global: ( -6.25332, 18.9836 ), (2356,0), changes: -1.716, -13.1 last seen:(2355,0) globalposderived: (2355,0)
 2356: ball (-6.253324,18.983647), agent (-6.882652,18.727367), to (-2.882652,18.727367) ang 0.000000 0.000000
 2356: relpos body (0.679509,22.157569), vel. ball:(1.625519,0.230815) dist: 1.146167 (0.300000,0.085000,0.761167)
 2356: point good and can reach point 40.198643
(b)r: 1.37272 phi: 8.20507 vel: ( 0.685581, -0.0567481 ) (2357,0) rel: ( 1.35867, 0.19591 ), (2357,0) global: ( -5.52398, 18.9233 ), (2357,0), changes: -1.716, -13.1 last seen:(2355,0) globalposderived: (2355,0)
 2357: direction old: 8.205067, new: -4.957209
(b)r: 1.5 phi: -15 vel: ( 0.787515, -0.294299 ) (2357,0) rel: ( 1.44889, -0.388229 ), (2357,0) global: ( -5.38826, 18.5977 ), (2357,0), changes: 0.81, -8.6 last seen:(2357,0) globalposderived: (2357,0)
 2358: direction old: -10.524041, new: -11.291665
 2472: Received coach message: online_coach_left (advice (0 (true) (do our {1} (home (pt 35 -22))) (do our {2} (home (pt 12 -15))) (do our {3} (home (pt 20 0))) (do our {4} (home (pt 12 15))) (do our {5} (home (pt 35 22))) (do our {6} (home (pt 0 0))) (do our {7} (home (pt -20 -10))) (do our {8} (home (pt -20 10))) (do our {9} (home (pt -50 0))) (do our {10} (home (pt -12 -26))) (do our {11} (home (pt -12 26))))))
 2472: new home position for player 0: 35 -22
 2472: new home position for player 1: 12 -15
 2472: new home position for player 2: 20 0
 2472: new home position for player 3: 12 15
 2472: new home position for player 4: 35 22
 2472: new home position for player 5: 0 0
 2472: new home position for player 6: -20 -10
 2472: new home position for player 7: -20 10
 2472: new home position for player 8: -50 0
 2472: new home position for player 9: -12 -26
 2472: new home position for player 10: -12 26
 2743: Received coach message: online_coach_left (advice (0 (true) (do our {1} (home (pt 20 0))) (do our {2} (home (pt 35 -22))) (do our {3} (home (pt 12 -15))) (do our {4} (home (pt 12 15))) (do our {5} (home (pt 35 22))) (do our {6} (home (pt -12 -26))) (do our {7} (home (pt -20 -10))) (do our {8} (home (pt 0 0))) (do our {9} (home (pt -20 10))) (do our {10} (home (pt -50 0))) (do our {11} (home (pt -12 26))))))
 2743: new home position for player 0: 20 0
 2743: new home position for player 1: 35 -22
 2743: new home position for player 2: 12 -15
 2743: new home position for player 3: 12 15
 2743: new home position for player 4: 35 22
 2743: new home position for player 5: -12 -26
 2743: new home position for player 6: -20 -10
 2743: new home position for player 7: 0 0
 2743: new home position for player 8: -20 10
 2743: new home position for player 9: -50 0
 2743: new home position for player 10: -12 26
 3073: Received coach message: online_coach_left (advice (0 (true) (do our {1} (home (pt 35 -22))) (do our {2} (home (pt 12 -15))) (do our {3} (home (pt 20 0))) (do our {4} (home (pt 35 22))) (do our {5} (home (pt 12 15))) (do our {6} (home (pt 0 0))) (do our {7} (home (pt -20 -10))) (do our {8} (home (pt -20 10))) (do our {9} (home (pt -50 0))) (do our {10} (home (pt -12 -26))) (do our {11} (home (pt -12 26))))))
 3073: new home position for player 0: 35 -22
 3073: new home position for player 1: 12 -15
 3073: new home position for player 2: 20 0
 3073: new home position for player 3: 35 22
 3073: new home position for player 4: 12 15
 3073: new home position for player 5: 0 0
 3073: new home position for player 6: -20 -10
 3073: new home position for player 7: -20 10
 3073: new home position for player 8: -50 0
 3073: new home position for player 9: -12 -26
 3073: new home position for player 10: -12 26
 3374: Received coach message: online_coach_left (advice (0 (true) (do our {1} (home (pt 35 22))) (do our {2} (home (pt 12 -15))) (do our {3} (home (pt 35 -22))) (do our {4} (home (pt 20 0))) (do our {5} (home (pt 12 15))) (do our {6} (home (pt 0 0))) (do our {7} (home (pt -20 -10))) (do our {8} (home (pt -20 10))) (do our {9} (home (pt -50 0))) (do our {10} (home (pt -12 -26))) (do our {11} (home (pt -12 26))))))
 3374: new home position for player 0: 35 22
 3374: new home position for player 1: 12 -15
 3374: new home position for player 2: 35 -22
 3374: new home position for player 3: 20 0
 3374: new home position for player 4: 12 15
 3374: new home position for player 5: 0 0
 3374: new home position for player 6: -20 -10
 3374: new home position for player 7: -20 10
 3374: new home position for player 8: -50 0
 3374: new home position for player 9: -12 -26
 3374: new home position for player 10: -12 26
 3680: Received coach message: online_coach_left (advice (0 (true) (do our {1} (home (pt 35 22))) (do our {2} (home (pt 35 -22))) (do our {3} (home (pt 12 -15))) (do our {4} (home (pt 20 0))) (do our {5} (home (pt 12 15))) (do our {6} (home (pt 0 0))) (do our {7} (home (pt -12 -26))) (do our {8} (home (pt -20 -10))) (do our {9} (home (pt -20 10))) (do our {10} (home (pt -50 0))) (do our {11} (home (pt -12 26))))))
 3680: new home position for player 0: 35 22
 3680: new home position for player 1: 35 -22
 3680: new home position for player 2: 12 -15
 3680: new home position for player 3: 20 0
 3680: new home position for player 4: 12 15
 3680: new home position for player 5: 0 0
 3680: new home position for player 6: -12 -26
 3680: new home position for player 7: -20 -10
 3680: new home position for player 8: -20 10
 3680: new home position for player 9: -50 0
 3680: new home position for player 10: -12 26
 3980: Received coach message: online_coach_left (advice (0 (true) (do our {1} (home (pt -50 0))) (do our {2} (home (pt 35 -22))) (do our {3} (home (pt 12 -15))) (do our {4} (home (pt 20 0))) (do our {5} (home (pt 35 22))) (do our {6} (home (pt 12 15))) (do our {7} (home (pt 0 0))) (do our {8} (home (pt -20 10))) (do our {9} (home (pt -20 -10))) (do our {10} (home (pt -12 -26))) (do our {11} (home (pt -12 26))))))
 3980: new home position for player 0: -50 0
 3980: new home position for player 1: 35 -22
 3980: new home position for player 2: 12 -15
 3980: new home position for player 3: 20 0
 3980: new home position for player 4: 35 22
 3980: new home position for player 5: 12 15
 3980: new home position for player 6: 0 0
 3980: new home position for player 7: -20 10
 3980: new home position for player 8: -20 -10
 3980: new home position for player 9: -12 -26
 3980: new home position for player 10: -12 26
(b)r: 1.97097 phi: -164.732 vel: ( -2.39925, -0.229499 ) (4167,0) rel: ( -1.90141, -0.519039 ), (4167,0) global: ( 12.2408, 18.7774 ), (4167,0), changes: -2.378, 13.4 last seen:(4166,0) globalposderived: (4166,0)
 4167: 2 pos: ball(12.195227,18.885841), ball_prev(14.793162,19.021573), agentdiff(-0.081344,0.097461)
 4167: vel based on 2 pos: (-2.365596,-0.219202)
 4167: direction old: 52.938966, new: 55.853038
(b)r: 1.89922 phi: -90.5 vel: ( -2.22366, -0.20605 ) (4168,0) rel: ( -0.0165733, -1.89915 ), (4168,0) global: ( 9.82963, 18.6666 ), (4168,0), changes: -2.378, 13.4 last seen:(4167,0) globalposderived: (4167,0)
 4169: 2 pos: ball(9.114685,18.495377), ball_prev(12.195227,18.885841), agentdiff(0.079202,0.086918)
 4169: direction old: 154.472985, new: 136.426027
 4170: direction old: 157.343013, new: 145.074869
 4172: 2 pos: ball(7.479574,17.429129), ball_prev(8.470776,18.273594), agentdiff(0.107677,-0.387888)
 4172: direction old: 147.792599, new: 152.234432
 4270: Received coach message: online_coach_left (advice (0 (true) (do our {1} (home (pt -50 0))) (do our {2} (home (pt 35 -22))) (do our {3} (home (pt 12 -15))) (do our {4} (home (pt 20 0))) (do our {5} (home (pt 35 22))) (do our {6} (home (pt 12 15))) (do our {7} (home (pt -20 -10))) (do our {8} (home (pt -12 26))) (do our {9} (home (pt 0 0))) (do our {10} (home (pt -12 -26))) (do our {11} (home (pt -20 10))))))
 4270: new home position for player 0: -50 0
 4270: new home position for player 1: 35 -22
 4270: new home position for player 2: 12 -15
 4270: new home position for player 3: 20 0
 4270: new home position for player 4: 35 22
 4270: new home position for player 5: 12 15
 4270: new home position for player 6: -20 -10
 4270: new home position for player 7: -12 26
 4270: new home position for player 8: 0 0
 4270: new home position for player 9: -12 -26
 4270: new home position for player 10: -20 10
 4542: Received coach message: online_coach_left (advice (0 (true) (do our {1} (home (pt -50 0))) (do our {2} (home (pt 12 -15))) (do our {3} (home (pt 35 -22))) (do our {4} (home (pt 20 0))) (do our {5} (home (pt 35 22))) (do our {6} (home (pt 0 0))) (do our {7} (home (pt -20 -10))) (do our {8} (home (pt 12 15))) (do our {9} (home (pt -20 10))) (do our {10} (home (pt -12 -26))) (do our {11} (home (pt -12 26))))))
 4542: new home position for player 0: -50 0
 4542: new home position for player 1: 12 -15
 4542: new home position for player 2: 35 -22
 4542: new home position for player 3: 20 0
 4542: new home position for player 4: 35 22
 4542: new home position for player 5: 0 0
 4542: new home position for player 6: -20 -10
 4542: new home position for player 7: 12 15
 4542: new home position for player 8: -20 10
 4542: new home position for player 9: -12 -26
 4542: new home position for player 10: -12 26
 4895: Received coach message: online_coach_left (advice (0 (true) (do our {1} (home (pt -50 0))) (do our {2} (home (pt 12 -15))) (do our {3} (home (pt 35 -22))) (do our {4} (home (pt 20 0))) (do our {5} (home (pt 35 22))) (do our {6} (home (pt 12 15))) (do our {7} (home (pt -20 -10))) (do our {8} (home (pt -20 10))) (do our {9} (home (pt 0 0))) (do our {10} (home (pt -12 -26))) (do our {11} (home (pt -12 26))))))
 4895: new home position for player 0: -50 0
 4895: new home position for player 1: 12 -15
 4895: new home position for player 2: 35 -22
 4895: new home position for player 3: 20 0
 4895: new home position for player 4: 35 22
 4895: new home position for player 5: 12 15
 4895: new home position for player 6: -20 -10
 4895: new home position for player 7: -20 10
 4895: new home position for player 8: 0 0
 4895: new home position for player 9: -12 -26
 4895: new home position for player 10: -12 26
 5195: Received coach message: online_coach_left (advice (0 (true) (do our {1} (home (pt -50 0))) (do our {2} (home (pt 35 -22))) (do our {3} (home (pt 20 0))) (do our {4} (home (pt 12 15))) (do our {5} (home (pt 35 22))) (do our {6} (home (pt 0 0))) (do our {7} (home (pt 12 -15))) (do our {8} (home (pt -20 10))) (do our {9} (home (pt -20 -10))) (do our {10} (home (pt -12 -26))) (do our {11} (home (pt -12 26))))))
 5195: new home position for player 0: -50 0
 5195: new home position for player 1: 35 -22
 5195: new home position for player 2: 20 0
 5195: new home position for player 3: 12 15
 5195: new home position for player 4: 35 22
 5195: new home position for player 5: 0 0
 5195: new home position for player 6: 12 -15
 5195: new home position for player 7: -20 10
 5195: new home position for player 8: -20 -10
 5195: new home position for player 9: -12 -26
 5195: new home position for player 10: -12 26
 5520: Received coach message: online_coach_left (advice (0 (true) (do our {1} (home (pt -50 0))) (do our {2} (home (pt 35 -22))) (do our {3} (home (pt 20 0))) (do our {4} (home (pt 12 15))) (do our {5} (home (pt 35 22))) (do our {6} (home (pt 0 0))) (do our {7} (home (pt 12 -15))) (do our {8} (home (pt -12 26))) (do our {9} (home (pt -20 -10))) (do our {10} (home (pt -12 -26))) (do our {11} (home (pt -20 10))))))
 5520: new home position for player 0: -50 0
 5520: new home position for player 1: 35 -22
 5520: new home position for player 2: 20 0
 5520: new home position for player 3: 12 15
 5520: new home position for player 4: 35 22
 5520: new home position for player 5: 0 0
 5520: new home position for player 6: 12 -15
 5520: new home position for player 7: -12 26
 5520: new home position for player 8: -20 -10
 5520: new home position for player 9: -12 -26
 5520: new home position for player 10: -20 10
 5814: Received coach message: online_coach_left (advice (0 (true) (do our {1} (home (pt -50 0))) (do our {2} (home (pt 12 -15))) (do our {3} (home (pt 35 -22))) (do our {4} (home (pt 20 0))) (do our {5} (home (pt 35 22))) (do our {6} (home (pt 0 0))) (do our {7} (home (pt -20 -10))) (do our {8} (home (pt 12 15))) (do our {9} (home (pt -20 10))) (do our {10} (home (pt -12 -26))) (do our {11} (home (pt -12 26))))))
 5814: new home position for player 0: -50 0
 5814: new home position for player 1: 12 -15
 5814: new home position for player 2: 35 -22
 5814: new home position for player 3: 20 0
 5814: new home position for player 4: 35 22
 5814: new home position for player 5: 0 0
 5814: new home position for player 6: -20 -10
 5814: new home position for player 7: 12 15
 5814: new home position for player 8: -20 10
 5814: new home position for player 9: -12 -26
 5814: new home position for player 10: -12 26
