 0: change player from message 62 -> 1
 0: changed player from message 62 -> 1
 0: change player from message 63 -> 2
 0: changed player from message 63 -> 2
 0: change player from message 64 -> 3
 0: changed player from message 64 -> 3
 0: change player from message 65 -> 4
 0: changed player from message 65 -> 4
 0: change player from message 66 -> 5
 0: changed player from message 66 -> 5
 0: change player from message 67 -> 6
 0: changed player from message 67 -> 6
 0: change player from message 68 -> 7
 0: changed player from message 68 -> 7
 0: change player from message 69 -> 8
 0: changed player from message 69 -> 8
 0: change player from message 70 -> 9
 0: changed player from message 70 -> 9
 0: change player from message 71 -> 10
 0: changed player from message 71 -> 10
 151: Received coach message: online_coach_left (advice (0 (true) (do our {1} (home (pt 35 -22))) (do our {2} (home (pt 12 -15))) (do our {3} (home (pt 20 0))) (do our {4} (home (pt 35 22))) (do our {5} (home (pt 12 15))) (do our {6} (home (pt -12 -26))) (do our {7} (home (pt -50 0))) (do our {8} (home (pt -20 10))) (do our {9} (home (pt 0 0))) (do our {10} (home (pt -20 -10))) (do our {11} (home (pt -12 26))))))
 151: new home position for player 0: 35 -22
 151: new home position for player 1: 12 -15
 151: new home position for player 2: 20 0
 151: new home position for player 3: 35 22
 151: new home position for player 4: 12 15
 151: new home position for player 5: -12 -26
 151: new home position for player 6: -50 0
 151: new home position for player 7: -20 10
 151: new home position for player 8: 0 0
 151: new home position for player 9: -20 -10
 151: new home position for player 10: -12 26
 351: Received coach message: online_coach_left (advice (0 (true) (do our {1} (home (pt 20 0))) (do our {2} (home (pt 35 -22))) (do our {3} (home (pt 12 -15))) (do our {4} (home (pt 12 15))) (do our {5} (home (pt 35 22))) (do our {6} (home (pt 0 0))) (do our {7} (home (pt -12 -26))) (do our {8} (home (pt -20 -10))) (do our {9} (home (pt -20 10))) (do our {10} (home (pt -50 0))) (do our {11} (home (pt -12 26))))))
 351: new home position for player 0: 20 0
 351: new home position for player 1: 35 -22
 351: new home position for player 2: 12 -15
 351: new home position for player 3: 12 15
 351: new home position for player 4: 35 22
 351: new home position for player 5: 0 0
 351: new home position for player 6: -12 -26
 351: new home position for player 7: -20 -10
 351: new home position for player 8: -20 10
 351: new home position for player 9: -50 0
 351: new home position for player 10: -12 26
 651: Received coach message: online_coach_left (advice (0 (true) (do our {1} (home (pt 35 -22))) (do our {2} (home (pt 12 -15))) (do our {3} (home (pt 20 0))) (do our {4} (home (pt 12 15))) (do our {5} (home (pt 35 22))) (do our {6} (home (pt -50 0))) (do our {7} (home (pt -20 -10))) (do our {8} (home (pt -12 26))) (do our {9} (home (pt 0 0))) (do our {10} (home (pt -12 -26))) (do our {11} (home (pt -20 10))))))
 651: new home position for player 0: 35 -22
 651: new home position for player 1: 12 -15
 651: new home position for player 2: 20 0
 651: new home position for player 3: 12 15
 651: new home position for player 4: 35 22
 651: new home position for player 5: -50 0
 651: new home position for player 6: -20 -10
 651: new home position for player 7: -12 26
 651: new home position for player 8: 0 0
 651: new home position for player 9: -12 -26
 651: new home position for player 10: -20 10
 683: direction old: 172.315046, new: 173.969927
 685: direction old: -168.364735, new: -170.921108
 686: direction old: -162.415494, new: -162.826386
 688: direction old: -148.907428, new: -149.413735
 689: direction old: -143.729915, new: -143.593892
 695: direction old: -126.603523, new: -165.785341
 951: Received coach message: online_coach_left (advice (0 (true) (do our {1} (home (pt 35 -22))) (do our {2} (home (pt 12 -15))) (do our {3} (home (pt 20 0))) (do our {4} (home (pt 12 15))) (do our {5} (home (pt 35 22))) (do our {6} (home (pt -50 0))) (do our {7} (home (pt -12 -26))) (do our {8} (home (pt -20 10))) (do our {9} (home (pt 0 0))) (do our {10} (home (pt -20 -10))) (do our {11} (home (pt -12 26))))))
 951: new home position for player 0: 35 -22
 951: new home position for player 1: 12 -15
 951: new home position for player 2: 20 0
 951: new home position for player 3: 12 15
 951: new home position for player 4: 35 22
 951: new home position for player 5: -50 0
 951: new home position for player 6: -12 -26
 951: new home position for player 7: -20 10
 951: new home position for player 8: 0 0
 951: new home position for player 9: -20 -10
 951: new home position for player 10: -12 26
 1251: Received coach message: online_coach_left (advice (0 (true) (do our {1} (home (pt 35 22))) (do our {2} (home (pt 35 -22))) (do our {3} (home (pt 20 0))) (do our {4} (home (pt 12 15))) (do our {5} (home (pt -20 10))) (do our {6} (home (pt -20 -10))) (do our {7} (home (pt 12 -15))) (do our {8} (home (pt -12 26))) (do our {9} (home (pt 0 0))) (do our {10} (home (pt -12 -26))) (do our {11} (home (pt -50 0))))))
 1251: new home position for player 0: 35 22
 1251: new home position for player 1: 35 -22
 1251: new home position for player 2: 20 0
 1251: new home position for player 3: 12 15
 1251: new home position for player 4: -20 10
 1251: new home position for player 5: -20 -10
 1251: new home position for player 6: 12 -15
 1251: new home position for player 7: -12 26
 1251: new home position for player 8: 0 0
 1251: new home position for player 9: -12 -26
 1251: new home position for player 10: -50 0
 1307: 2 pos: ball(6.602346,-17.953209), ball_prev(5.447394,-16.364928), agentdiff(-0.027559,-0.277954)
 1307: vel based on 2 pos: (1.111560,-1.231707)
 1307: direction old: 158.468662, new: 164.544195
(b)r: 1.41585 phi: -139.359 vel: ( 1.04487, -1.1578 ) (1308,0) rel: ( -1.07436, -0.922161 ), (1308,0) global: ( 7.71391, -19.1849 ), (1308,0), changes: -1.476, 8.5 last seen:(1307,0) globalposderived: (1307,0)
(b)r: 1.74177 phi: 58.1028 vel: ( 0.982175, -1.08834 ) (1309,0) rel: ( 0.920345, 1.47876 ), (1309,0) global: ( 8.75877, -20.3427 ), (1309,0), changes: -1.476, 8.5 last seen:(1307,0) globalposderived: (1307,0)
 1309: direction old: -95.642587, new: -114.574622
(b)r: 1.6 phi: 43 vel: ( 0.81753, -0.97204 ) (1309,0) rel: ( 1.17017, 1.0912 ), (1309,0) global: ( 8.27108, -19.9991 ), (1309,0), changes: 0.544, 41.1 last seen:(1309,0) globalposderived: (1309,0)
 1310: direction old: -86.413538, new: -86.255865
 1361: direction old: -132.036661, new: -114.422881
 1363: direction old: -163.852050, new: -162.553022
 1574: Received coach message: online_coach_left (advice (0 (true) (do our {1} (home (pt 20 0))) (do our {2} (home (pt 35 -22))) (do our {3} (home (pt 12 -15))) (do our {4} (home (pt 12 15))) (do our {5} (home (pt 35 22))) (do our {6} (home (pt 0 0))) (do our {7} (home (pt -12 -26))) (do our {8} (home (pt -20 10))) (do our {9} (home (pt -50 0))) (do our {10} (home (pt -20 -10))) (do our {11} (home (pt -12 26))))))
 1574: new home position for player 0: 20 0
 1574: new home position for player 1: 35 -22
 1574: new home position for player 2: 12 -15
 1574: new home position for player 3: 12 15
 1574: new home position for player 4: 35 22
 1574: new home position for player 5: 0 0
 1574: new home position for player 6: -12 -26
 1574: new home position for player 7: -20 10
 1574: new home position for player 8: -50 0
 1574: new home position for player 9: -20 -10
 1574: new home position for player 10: -12 26
 1874: Received coach message: online_coach_left (advice (0 (true) (do our {1} (home (pt 35 -22))) (do our {2} (home (pt 12 -15))) (do our {3} (home (pt 20 0))) (do our {4} (home (pt 12 15))) (do our {5} (home (pt 35 22))) (do our {6} (home (pt -50 0))) (do our {7} (home (pt -20 -10))) (do our {8} (home (pt -20 10))) (do our {9} (home (pt 0 0))) (do our {10} (home (pt -12 -26))) (do our {11} (home (pt -12 26))))))
 1874: new home position for player 0: 35 -22
 1874: new home position for player 1: 12 -15
 1874: new home position for player 2: 20 0
 1874: new home position for player 3: 12 15
 1874: new home position for player 4: 35 22
 1874: new home position for player 5: -50 0
 1874: new home position for player 6: -20 -10
 1874: new home position for player 7: -20 10
 1874: new home position for player 8: 0 0
 1874: new home position for player 9: -12 -26
 1874: new home position for player 10: -12 26
 2174: Received coach message: online_coach_left (advice (0 (true) (do our {1} (home (pt 35 22))) (do our {2} (home (pt 35 -22))) (do our {3} (home (pt 20 0))) (do our {4} (home (pt 12 15))) (do our {5} (home (pt -12 26))) (do our {6} (home (pt -20 -10))) (do our {7} (home (pt 12 -15))) (do our {8} (home (pt -50 0))) (do our {9} (home (pt 0 0))) (do our {10} (home (pt -12 -26))) (do our {11} (home (pt -20 10))))))
 2174: new home position for player 0: 35 22
 2174: new home position for player 1: 35 -22
 2174: new home position for player 2: 20 0
 2174: new home position for player 3: 12 15
 2174: new home position for player 4: -12 26
 2174: new home position for player 5: -20 -10
 2174: new home position for player 6: 12 -15
 2174: new home position for player 7: -50 0
 2174: new home position for player 8: 0 0
 2174: new home position for player 9: -12 -26
 2174: new home position for player 10: -20 10
 2472: Received coach message: online_coach_left (advice (0 (true) (do our {1} (home (pt 35 -22))) (do our {2} (home (pt 12 -15))) (do our {3} (home (pt 20 0))) (do our {4} (home (pt 12 15))) (do our {5} (home (pt 35 22))) (do our {6} (home (pt 0 0))) (do our {7} (home (pt -20 -10))) (do our {8} (home (pt -20 10))) (do our {9} (home (pt -50 0))) (do our {10} (home (pt -12 -26))) (do our {11} (home (pt -12 26))))))
 2472: new home position for player 0: 35 -22
 2472: new home position for player 1: 12 -15
 2472: new home position for player 2: 20 0
 2472: new home position for player 3: 12 15
 2472: new home position for player 4: 35 22
 2472: new home position for player 5: 0 0
 2472: new home position for player 6: -20 -10
 2472: new home position for player 7: -20 10
 2472: new home position for player 8: -50 0
 2472: new home position for player 9: -12 -26
 2472: new home position for player 10: -12 26
 2743: Received coach message: online_coach_left (advice (0 (true) (do our {1} (home (pt 20 0))) (do our {2} (home (pt 35 -22))) (do our {3} (home (pt 12 -15))) (do our {4} (home (pt 12 15))) (do our {5} (home (pt 35 22))) (do our {6} (home (pt -12 -26))) (do our {7} (home (pt -20 -10))) (do our {8} (home (pt 0 0))) (do our {9} (home (pt -20 10))) (do our {10} (home (pt -50 0))) (do our {11} (home (pt -12 26))))))
 2743: new home position for player 0: 20 0
 2743: new home position for player 1: 35 -22
 2743: new home position for player 2: 12 -15
 2743: new home position for player 3: 12 15
 2743: new home position for player 4: 35 22
 2743: new home position for player 5: -12 -26
 2743: new home position for player 6: -20 -10
 2743: new home position for player 7: 0 0
 2743: new home position for player 8: -20 10
 2743: new home position for player 9: -50 0
 2743: new home position for player 10: -12 26
 3073: Received coach message: online_coach_left (advice (0 (true) (do our {1} (home (pt 35 -22))) (do our {2} (home (pt 12 -15))) (do our {3} (home (pt 20 0))) (do our {4} (home (pt 35 22))) (do our {5} (home (pt 12 15))) (do our {6} (home (pt 0 0))) (do our {7} (home (pt -20 -10))) (do our {8} (home (pt -20 10))) (do our {9} (home (pt -50 0))) (do our {10} (home (pt -12 -26))) (do our {11} (home (pt -12 26))))))
 3073: new home position for player 0: 35 -22
 3073: new home position for player 1: 12 -15
 3073: new home position for player 2: 20 0
 3073: new home position for player 3: 35 22
 3073: new home position for player 4: 12 15
 3073: new home position for player 5: 0 0
 3073: new home position for player 6: -20 -10
 3073: new home position for player 7: -20 10
 3073: new home position for player 8: -50 0
 3073: new home position for player 9: -12 -26
 3073: new home position for player 10: -12 26
 3374: Received coach message: online_coach_left (advice (0 (true) (do our {1} (home (pt 35 22))) (do our {2} (home (pt 12 -15))) (do our {3} (home (pt 35 -22))) (do our {4} (home (pt 20 0))) (do our {5} (home (pt 12 15))) (do our {6} (home (pt 0 0))) (do our {7} (home (pt -20 -10))) (do our {8} (home (pt -20 10))) (do our {9} (home (pt -50 0))) (do our {10} (home (pt -12 -26))) (do our {11} (home (pt -12 26))))))
 3374: new home position for player 0: 35 22
 3374: new home position for player 1: 12 -15
 3374: new home position for player 2: 35 -22
 3374: new home position for player 3: 20 0
 3374: new home position for player 4: 12 15
 3374: new home position for player 5: 0 0
 3374: new home position for player 6: -20 -10
 3374: new home position for player 7: -20 10
 3374: new home position for player 8: -50 0
 3374: new home position for player 9: -12 -26
 3374: new home position for player 10: -12 26
 3680: Received coach message: online_coach_left (advice (0 (true) (do our {1} (home (pt 35 22))) (do our {2} (home (pt 35 -22))) (do our {3} (home (pt 12 -15))) (do our {4} (home (pt 20 0))) (do our {5} (home (pt 12 15))) (do our {6} (home (pt 0 0))) (do our {7} (home (pt -12 -26))) (do our {8} (home (pt -20 -10))) (do our {9} (home (pt -20 10))) (do our {10} (home (pt -50 0))) (do our {11} (home (pt -12 26))))))
 3680: new home position for player 0: 35 22
 3680: new home position for player 1: 35 -22
 3680: new home position for player 2: 12 -15
 3680: new home position for player 3: 20 0
 3680: new home position for player 4: 12 15
 3680: new home position for player 5: 0 0
 3680: new home position for player 6: -12 -26
 3680: new home position for player 7: -20 -10
 3680: new home position for player 8: -20 10
 3680: new home position for player 9: -50 0
 3680: new home position for player 10: -12 26
 3848: direction old: 22.538530, new: 22.331842
 3849: 2 pos: ball(1.474029,1.166183), ball_prev(2.223140,1.319809), agentdiff(0.022216,0.058818)
 3849: vel based on 2 pos: (-0.725047,-0.199697)
 3849: direction old: 44.363058, new: 45.517697
(b)r: 2 phi: 87 vel: ( -0.725047, -0.199697 ) (3849,0) rel: ( 0.104672, 1.99726 ), (3849,0) global: ( 1.47403, 1.16618 ), (3849,0), changes: -0.72, -0.8 last seen:(3849,0) globalposderived: (3849,0)
(b)r: 1.76421 phi: 129.188 vel: ( -0.681544, -0.187715 ) (3850,0) rel: ( -1.11476, 1.36739 ), (3850,0) global: ( 0.748981, 0.966486 ), (3850,0), changes: -0.72, -0.8 last seen:(3849,0) globalposderived: (3849,0)
 3851: 2 pos: ball(0.540632,1.406096), ball_prev(1.474029,1.166183), agentdiff(0.105157,0.213507)
 3851: direction old: 124.322047, new: 108.315513
 3980: Received coach message: online_coach_left (advice (0 (true) (do our {1} (home (pt -50 0))) (do our {2} (home (pt 35 -22))) (do our {3} (home (pt 12 -15))) (do our {4} (home (pt 20 0))) (do our {5} (home (pt 35 22))) (do our {6} (home (pt 12 15))) (do our {7} (home (pt 0 0))) (do our {8} (home (pt -20 10))) (do our {9} (home (pt -20 -10))) (do our {10} (home (pt -12 -26))) (do our {11} (home (pt -12 26))))))
 3980: new home position for player 0: -50 0
 3980: new home position for player 1: 35 -22
 3980: new home position for player 2: 12 -15
 3980: new home position for player 3: 20 0
 3980: new home position for player 4: 35 22
 3980: new home position for player 5: 12 15
 3980: new home position for player 6: 0 0
 3980: new home position for player 7: -20 10
 3980: new home position for player 8: -20 -10
 3980: new home position for player 9: -12 -26
 3980: new home position for player 10: -12 26
 4270: Received coach message: online_coach_left (advice (0 (true) (do our {1} (home (pt -50 0))) (do our {2} (home (pt 35 -22))) (do our {3} (home (pt 12 -15))) (do our {4} (home (pt 20 0))) (do our {5} (home (pt 35 22))) (do our {6} (home (pt 12 15))) (do our {7} (home (pt -20 -10))) (do our {8} (home (pt -12 26))) (do our {9} (home (pt 0 0))) (do our {10} (home (pt -12 -26))) (do our {11} (home (pt -20 10))))))
 4270: new home position for player 0: -50 0
 4270: new home position for player 1: 35 -22
 4270: new home position for player 2: 12 -15
 4270: new home position for player 3: 20 0
 4270: new home position for player 4: 35 22
 4270: new home position for player 5: 12 15
 4270: new home position for player 6: -20 -10
 4270: new home position for player 7: -12 26
 4270: new home position for player 8: 0 0
 4270: new home position for player 9: -12 -26
 4270: new home position for player 10: -20 10
 4542: Received coach message: online_coach_left (advice (0 (true) (do our {1} (home (pt -50 0))) (do our {2} (home (pt 12 -15))) (do our {3} (home (pt 35 -22))) (do our {4} (home (pt 20 0))) (do our {5} (home (pt 35 22))) (do our {6} (home (pt 0 0))) (do our {7} (home (pt -20 -10))) (do our {8} (home (pt 12 15))) (do our {9} (home (pt -20 10))) (do our {10} (home (pt -12 -26))) (do our {11} (home (pt -12 26))))))
 4542: new home position for player 0: -50 0
 4542: new home position for player 1: 12 -15
 4542: new home position for player 2: 35 -22
 4542: new home position for player 3: 20 0
 4542: new home position for player 4: 35 22
 4542: new home position for player 5: 0 0
 4542: new home position for player 6: -20 -10
 4542: new home position for player 7: 12 15
 4542: new home position for player 8: -20 10
 4542: new home position for player 9: -12 -26
 4542: new home position for player 10: -12 26
 4895: Received coach message: online_coach_left (advice (0 (true) (do our {1} (home (pt -50 0))) (do our {2} (home (pt 12 -15))) (do our {3} (home (pt 35 -22))) (do our {4} (home (pt 20 0))) (do our {5} (home (pt 35 22))) (do our {6} (home (pt 12 15))) (do our {7} (home (pt -20 -10))) (do our {8} (home (pt -20 10))) (do our {9} (home (pt 0 0))) (do our {10} (home (pt -12 -26))) (do our {11} (home (pt -12 26))))))
 4895: new home position for player 0: -50 0
 4895: new home position for player 1: 12 -15
 4895: new home position for player 2: 35 -22
 4895: new home position for player 3: 20 0
 4895: new home position for player 4: 35 22
 4895: new home position for player 5: 12 15
 4895: new home position for player 6: -20 -10
 4895: new home position for player 7: -20 10
 4895: new home position for player 8: 0 0
 4895: new home position for player 9: -12 -26
 4895: new home position for player 10: -12 26
 5022: direction old: -21.381158, new: -110.162630
(b)r: 1.8 phi: -60 vel: ( 0.993016, -0.0724786 ) (5022,0) rel: ( 0.9, -1.55885 ), (5022,0) global: ( -2.25234, -0.179229 ), (5022,0), changes: 0.12, 13 last seen:(5022,0) globalposderived: (5022,0)
(b)r: 1.16656 phi: -49.4544 vel: ( 0.933435, -0.0681299 ) (5023,0) rel: ( 0.758325, -0.886454 ), (5023,0) global: ( -1.25932, -0.251708 ), (5023,0), changes: 0.12, 13 last seen:(5022,0) globalposderived: (5022,0)
 5023: direction old: -91.189151, new: -71.737947
(b)r: 1.5 phi: -22 vel: ( 1.58156, -0.225788 ) (5023,0) rel: ( 1.39078, -0.56191 ), (5023,0) global: ( -0.765796, -0.544965 ), (5023,0), changes: 0.42, 49.5 last seen:(5023,0) globalposderived: (5023,0)
 5195: Received coach message: online_coach_left (advice (0 (true) (do our {1} (home (pt -50 0))) (do our {2} (home (pt 35 -22))) (do our {3} (home (pt 20 0))) (do our {4} (home (pt 12 15))) (do our {5} (home (pt 35 22))) (do our {6} (home (pt 0 0))) (do our {7} (home (pt 12 -15))) (do our {8} (home (pt -20 10))) (do our {9} (home (pt -20 -10))) (do our {10} (home (pt -12 -26))) (do our {11} (home (pt -12 26))))))
 5195: new home position for player 0: -50 0
 5195: new home position for player 1: 35 -22
 5195: new home position for player 2: 20 0
 5195: new home position for player 3: 12 15
 5195: new home position for player 4: 35 22
 5195: new home position for player 5: 0 0
 5195: new home position for player 6: 12 -15
 5195: new home position for player 7: -20 10
 5195: new home position for player 8: -20 -10
 5195: new home position for player 9: -12 -26
 5195: new home position for player 10: -12 26
 5520: Received coach message: online_coach_left (advice (0 (true) (do our {1} (home (pt -50 0))) (do our {2} (home (pt 35 -22))) (do our {3} (home (pt 20 0))) (do our {4} (home (pt 12 15))) (do our {5} (home (pt 35 22))) (do our {6} (home (pt 0 0))) (do our {7} (home (pt 12 -15))) (do our {8} (home (pt -12 26))) (do our {9} (home (pt -20 -10))) (do our {10} (home (pt -12 -26))) (do our {11} (home (pt -20 10))))))
 5520: new home position for player 0: -50 0
 5520: new home position for player 1: 35 -22
 5520: new home position for player 2: 20 0
 5520: new home position for player 3: 12 15
 5520: new home position for player 4: 35 22
 5520: new home position for player 5: 0 0
 5520: new home position for player 6: 12 -15
 5520: new home position for player 7: -12 26
 5520: new home position for player 8: -20 -10
 5520: new home position for player 9: -12 -26
 5520: new home position for player 10: -20 10
 5559: direction old: 101.583348, new: 93.417969
(b)r: 1.91358 phi: -7.40122 vel: ( 0.248244, -0.2699 ) (5560,0) rel: ( 1.89764, -0.246501 ), (5560,0) global: ( 11.2239, -19.1755 ), (5560,0), changes: -0.308, -6.5 last seen:(5559,0) globalposderived: (5559,0)
 5560: direction old: 69.839298, new: 84.430061
(b)r: 1.78125 phi: -9.32025 vel: ( 0.247785, -0.252974 ) (5561,0) rel: ( 1.75773, -0.288478 ), (5561,0) global: ( 10.9802, -19.3647 ), (5561,0), changes: -0.24, -8.7 last seen:(5560,0) globalposderived: (5560,0)
(b)r: 1.62915 phi: -10.7713 vel: ( 0.232918, -0.237796 ) (5562,0) rel: ( 1.60044, -0.304471 ), (5562,0) global: ( 11.228, -19.6176 ), (5562,0), changes: -0.24, -8.7 last seen:(5560,0) globalposderived: (5560,0)
 5562: direction old: 73.960871, new: 62.994955
(b)r: 1.6 phi: -14 vel: ( 0.241459, -0.236476 ) (5562,0) rel: ( 1.55247, -0.387075 ), (5562,0) global: ( 11.5448, -19.6172 ), (5562,0), changes: -0.096, -11.8 last seen:(5562,0) globalposderived: (5562,0)
(b)r: 1.53325 phi: -12.1425 vel: ( 0.226971, -0.222288 ) (5563,0) rel: ( 1.49895, -0.322508 ), (5563,0) global: ( 11.7862, -19.8537 ), (5563,0), changes: -0.096, -11.8 last seen:(5562,0) globalposderived: (5562,0)
 5563: direction old: 47.357866, new: 50.116082
(b)r: 1.6 phi: -14 vel: ( 0.231796, -0.230861 ) (5563,0) rel: ( 1.55247, -0.387075 ), (5563,0) global: ( 11.7316, -19.7993 ), (5563,0), changes: -0.032, -12 last seen:(5563,0) globalposderived: (5563,0)
(b)r: 1.60492 phi: -11.7162 vel: ( 0.217888, -0.21701 ) (5564,0) rel: ( 1.57149, -0.325903 ), (5564,0) global: ( 11.9634, -20.0302 ), (5564,0), changes: -0.032, -12 last seen:(5563,0) globalposderived: (5563,0)
(b)r: 1.66907 phi: -10.5435 vel: ( 0.204815, -0.203989 ) (5565,0) rel: ( 1.64089, -0.305409 ), (5565,0) global: ( 12.1813, -20.2472 ), (5565,0), changes: -0.032, -12 last seen:(5563,0) globalposderived: (5563,0)
 5565: direction old: 34.140598, new: 65.730718
(b)r: 1.3 phi: 25 vel: ( -0.570881, 0.257394 ) (5565,0) rel: ( 1.1782, 0.549404 ), (5565,0) global: ( 11.2647, -20.0459 ), (5565,0), changes: 0, 27.6 last seen:(5565,0) globalposderived: (5565,0)
(b)r: 1.44297 phi: 25.7206 vel: ( -0.536628, 0.241951 ) (5566,0) rel: ( 1.3, 0.626224 ), (5566,0) global: ( 10.6938, -19.7885 ), (5566,0), changes: 0, 27.6 last seen:(5565,0) globalposderived: (5565,0)
 5566: direction old: 92.669305, new: 90.780120
(b)r: 1.5 phi: 27 vel: ( -0.543503, 0.237239 ) (5566,0) rel: ( 1.33651, 0.680986 ), (5566,0) global: ( 10.731, -19.5243 ), (5566,0), changes: 0.24, 20.9 last seen:(5566,0) globalposderived: (5566,0)
(b)r: 1.82634 phi: 17.2052 vel: ( -0.510893, 0.223005 ) (5567,0) rel: ( 1.74462, 0.540222 ), (5567,0) global: ( 10.1875, -19.2871 ), (5567,0), changes: 0.24, 20.9 last seen:(5566,0) globalposderived: (5566,0)
 5568: direction old: 121.845379, new: 122.204087
 5814: Received coach message: online_coach_left (advice (0 (true) (do our {1} (home (pt -50 0))) (do our {2} (home (pt 12 -15))) (do our {3} (home (pt 35 -22))) (do our {4} (home (pt 20 0))) (do our {5} (home (pt 35 22))) (do our {6} (home (pt 0 0))) (do our {7} (home (pt -20 -10))) (do our {8} (home (pt 12 15))) (do our {9} (home (pt -20 10))) (do our {10} (home (pt -12 -26))) (do our {11} (home (pt -12 26))))))
 5814: new home position for player 0: -50 0
 5814: new home position for player 1: 12 -15
 5814: new home position for player 2: 35 -22
 5814: new home position for player 3: 20 0
 5814: new home position for player 4: 35 22
 5814: new home position for player 5: 0 0
 5814: new home position for player 6: -20 -10
 5814: new home position for player 7: 12 15
 5814: new home position for player 8: -20 10
 5814: new home position for player 9: -12 -26
 5814: new home position for player 10: -12 26
