(b)r: 1.20344 phi: 0.381313 vel: ( -0.466699, -0.0312741 ) (853,0) rel: ( 1.20341, 0.00800905 ), (853,0) global: ( 18.2021, -8.74081 ), (853,0), changes: -0.984, 0.7 last seen:(851,0) globalposderived: (851,0)
 853: direction old: 14.783187, new: 16.446177
(b)r: 1.3 phi: 1 vel: ( -0.464029, -0.0294094 ) (853,0) rel: ( 1.2998, 0.0226881 ), (853,0) global: ( 18.3326, -8.66734 ), (853,0), changes: -0.91, 5.3 last seen:(853,0) globalposderived: (853,0)
(b)r: 0.2 phi: 125.372 vel: ( 0.0436187, 0.00276448 ) (854,0) rel: ( -0.115776, 0.163083 ), (854,0) global: ( 17.8333, -8.66798 ), (854,0), changes: -0.91, 5.3 last seen:(853,0) globalposderived: (853,0)
 854: ball (17.833304,-8.667982), agent (17.988332,-8.794339), to (22.807738,-7.462674) ang 15.446177 15.446177
 854: relpos body (0.200000,125.371807), vel. ball:(0.043619,0.002764) dist: 1.167447 (0.300000,0.085000,0.782447)
 854: point good and can reach point 32.528212
 854: 2 pos: ball(17.837919,-8.399617), ball_prev(18.332626,-8.667339), agentdiff(-0.038912,0.010577)
 854: direction old: 135.082916, new: 106.185706
(b)r: 0.4 phi: 91 vel: ( 0.0436187, 0.00276448 ) (854,0) rel: ( -0.00698096, 0.399939 ), (854,0) global: ( 17.8379, -8.39962 ), (854,0), changes: -0.91, 5.3 last seen:(854,0) globalposderived: (854,0)
 854: ball (17.837919,-8.399617), agent (17.949420,-8.783762), to (22.774829,-7.474020) ang 15.185706 15.185706
 854: relpos body (0.400000,91.000000), vel. ball:(0.043619,0.002764) dist: 1.167447 (0.300000,0.085000,0.782447)
 854: point good and can reach point 33.118151
(b)r: 0.914231 phi: 21.6913 vel: ( 0.754849, 0.143759 ) (855,0) rel: ( 0.849493, 0.337905 ), (855,0) global: ( 18.6409, -8.24668 ), (855,0), changes: -0.91, 5.3 last seen:(854,0) globalposderived: (854,0)
 855: ball (18.640950,-8.246682), agent (17.909633,-8.795311), to (22.735043,-7.485568) ang 15.185706 15.185706
 855: relpos body (0.914231,21.691281), vel. ball:(0.754849,0.143759) dist: 1.167447 (0.300000,0.085000,0.782447)
 855: point good and can reach point 0.197696
(b)r: 1.19455 phi: 13.5197 vel: ( 0, 0 ) (856,0) rel: ( 1.16145, 0.279261 ), (856,0) global: ( 19.3958, -8.10292 ), (856,0), changes: -0.91, 5.3 last seen:(854,0) globalposderived: (854,0)
 856: 2 pos: ball(17.913218,-8.121813), ball_prev(17.837919,-8.399617), agentdiff(0.061683,-0.072409)
 856: direction old: 33.236622, new: 128.363781
(b)r: 0.8 phi: 113 vel: ( 0, 0 ) (856,0) rel: ( -0.312585, 0.736404 ), (856,0) global: ( 17.9132, -8.12181 ), (856,0), changes: -0.91, 5.3 last seen:(856,0) globalposderived: (856,0)
 856: ball (17.913218,-8.121813), agent (18.409740,-8.749082), to (23.231056,-7.424348) ang 15.363781 15.363781
 856: relpos body (0.800000,113.000000), vel. ball:(0.000000,0.000000) dist: 1.167447 (0.300000,0.085000,0.782447)
 856: point good and can reach point 42.760676
(b)r: 0.816409 phi: 51.5422 vel: ( 0.749266, 0.110158 ) (857,0) rel: ( 0.507756, 0.639303 ), (857,0) global: ( 18.7103, -8.00462 ), (857,0), changes: -0.91, 5.3 last seen:(856,0) globalposderived: (856,0)
 857: ball (18.710310,-8.004623), agent (18.390081,-8.755608), to (23.211396,-7.430875) ang 15.363781 15.363781
 857: relpos body (0.816409,51.542199), vel. ball:(0.749266,0.110158) dist: 1.167447 (0.300000,0.085000,0.782447)
 857: point good and can reach point 0.940664
 857: 2 pos: ball(18.056206,-7.949529), ball_prev(17.913218,-8.121813), agentdiff(0.097116,-0.096278)
 857: vel based on 2 pos: (0.043119,0.252448)
 857: direction old: 75.246986, new: 115.530461
(b)r: 1 phi: 100 vel: ( 0.0431191, 0.252448 ) (857,0) rel: ( -0.173648, 0.984808 ), (857,0) global: ( 18.0562, -7.94953 ), (857,0), changes: -0.91, 5.3 last seen:(857,0) globalposderived: (857,0)
 857: ball (18.056206,-7.949529), agent (18.487197,-8.851886), to (23.304638,-7.513132) ang 15.530461 15.530461
 857: relpos body (1.000000,100.000000), vel. ball:(0.043119,0.252448) dist: 1.167447 (0.300000,0.085000,0.782447)
 857: point good and can reach point 44.358073
(b)r: 1.06789 phi: 52.2817 vel: ( 0.76521, 0.0770478 ) (858,0) rel: ( 0.653315, 0.844733 ), (858,0) global: ( 18.8703, -7.86756 ), (858,0), changes: -0.91, 5.3 last seen:(857,0) globalposderived: (857,0)
(b)r: 1.17632 phi: 37.3762 vel: ( 0.719298, 0.0724249 ) (859,0) rel: ( 0.934785, 0.714082 ), (859,0) global: ( 19.6355, -7.79052 ), (859,0), changes: -0.91, 5.3 last seen:(857,0) globalposderived: (857,0)
 859: 2 pos: ball(18.187353,-8.124729), ball_prev(18.056206,-7.949529), agentdiff(-0.142778,0.070302)
 859: direction old: 45.524957, new: 138.146335
(b)r: 0.8 phi: 123 vel: ( 0.719298, 0.0724249 ) (859,0) rel: ( -0.435711, 0.670936 ), (859,0) global: ( 18.1874, -8.12473 ), (859,0), changes: -0.91, 5.3 last seen:(859,0) globalposderived: (859,0)
 859: ball (18.187353,-8.124729), agent (18.783234,-8.658513), to (23.609542,-7.352087) ang 15.146335 15.146335
 859: relpos body (0.800000,123.000000), vel. ball:(0.719298,0.072425) dist: 1.167447 (0.300000,0.085000,0.782447)
 859: point good and can reach point 8.146132
(b)r: 0.605001 phi: 68.6284 vel: ( 0.809748, 0.114466 ) (860,0) rel: ( 0.220471, 0.563399 ), (860,0) global: ( 19.0488, -8.00296 ), (860,0), changes: -0.91, 5.3 last seen:(859,0) globalposderived: (859,0)
 860: ball (19.048787,-8.002956), agent (18.983182,-8.604390), to (23.809490,-7.297964) ang 15.146335 15.146335
 860: relpos body (0.605001,68.628428), vel. ball:(0.809748,0.114466) dist: 1.167447 (0.300000,0.085000,0.782447)
 860: point good and can reach point 0.263078
 860: 2 pos: ball(17.520451,-7.956815), ball_prev(18.187353,-8.124729), agentdiff(0.000138,-0.000511)
 860: vel based on 2 pos: (-0.627017,0.158319)
 860: direction old: 83.792947, new: 156.105528
(b)r: 1.6 phi: 141 vel: ( 0, 0 ) (860,0) rel: ( -1.24343, 1.00691 ), (860,0) global: ( 17.5205, -7.95682 ), (860,0), changes: -0.91, 5.3 last seen:(860,0) globalposderived: (860,0)
(b)r: 1.68075 phi: 39.3484 vel: ( 0, 0 ) (861,0) rel: ( 1.29973, 1.06565 ), (861,0) global: ( 17.5205, -7.95682 ), (861,0), changes: -0.91, 5.3 last seen:(860,0) globalposderived: (860,0)
(b)r: 1.73138 phi: 2.15477 vel: ( 0, 0 ) (862,0) rel: ( 1.73015, 0.065098 ), (862,0) global: ( 17.5205, -7.95682 ), (862,0), changes: -0.91, 5.3 last seen:(860,0) globalposderived: (860,0)
(b)r: 1.76 phi: -5.55313 vel: ( 0.141583, -0.81849 ) (905,0) rel: ( 1.75174, -0.170313 ), (905,0) global: ( 3.32211, -15.1425 ), (905,0), changes: -1.26, -4.2 last seen:(904,0) globalposderived: (904,0)
 905: direction old: 81.641372, new: 82.338710
(b)r: 1.8 phi: -6 vel: ( 0.148384, -0.837588 ) (905,0) rel: ( 1.79014, -0.188151 ), (905,0) global: ( 3.30601, -15.1013 ), (905,0), changes: -1.008, -10.5 last seen:(905,0) globalposderived: (905,0)
(b)r: 0.866747 phi: -17.3228 vel: ( 0.139481, -0.787333 ) (906,0) rel: ( 0.827433, -0.258078 ), (906,0) global: ( 3.4544, -15.9389 ), (906,0), changes: -1.008, -10.5 last seen:(905,0) globalposderived: (905,0)
 906: turnWithBall: turn since ball will be kickable in t+1
(b)r: 0.576861 phi: -22.1733 vel: ( 0.131112, -0.740093 ) (907,0) rel: ( 0.5342, -0.217713 ), (907,0) global: ( 3.59388, -16.7263 ), (907,0), changes: -1.008, -10.5 last seen:(905,0) globalposderived: (905,0)
 907: ball (3.593877,-16.726253), agent (3.027106,-16.618829), to (7.927753,-15.627034) ang 11.441019 11.441019
 907: relpos body (0.576861,-22.173322), vel. ball:(0.131112,-0.740093) dist: 1.167447 (0.300000,0.085000,0.782447)
 907: point good and can reach point 45.500128
 907: direction old: 1.514358, new: -20.888579
(b)r: 0.6 phi: -32 vel: ( 0.127157, -0.769561 ) (907,0) rel: ( 0.508829, -0.317952 ), (907,0) global: ( 3.75813, -16.9507 ), (907,0), changes: 0.42, -70.4 last seen:(907,0) globalposderived: (907,0)
 907: ball (3.758130,-16.950661), agent (3.197565,-16.736730), to (8.103836,-15.773142) ang 11.111421 11.111421
 907: relpos body (0.600000,-32.000000), vel. ball:(0.127157,-0.769561) dist: 1.167447 (0.300000,0.085000,0.782447)
 907: point good and can reach point 48.053372
(b)r: 1.31902 phi: -13.6902 vel: ( 0.706197, 0.183862 ) (908,0) rel: ( 1.28155, -0.312176 ), (908,0) global: ( 4.5094, -16.7551 ), (908,0), changes: 0.42, -70.4 last seen:(907,0) globalposderived: (907,0)
 908: direction old: -0.800652, new: -4.777468
(b)r: 1.3 phi: -16 vel: ( 0.708346, 0.155123 ) (908,0) rel: ( 1.24964, -0.358329 ), (908,0) global: ( 4.49305, -16.845 ), (908,0), changes: 0.702, 7.3 last seen:(908,0) globalposderived: (908,0)
 910: direction old: -0.079949, new: 1.001691
 911: direction old: 7.213055, new: 2.105788
 1129: direction old: 37.432035, new: 37.210708
 1130: direction old: 23.906332, new: 23.506827
 1132: direction old: -11.964688, new: -5.758627
 1133: direction old: -16.565391, new: -17.018282
 1138: direction old: -50.952051, new: -51.220654
 1139: direction old: -52.008640, new: -56.366762
 1141: direction old: -70.873059, new: -64.549036
 1142: direction old: -60.328789, new: -68.044266
(b)r: 1.77908 phi: -5.16493 vel: ( 0.0360817, -0.259634 ) (1144,0) rel: ( 1.77186, -0.160158 ), (1144,0) global: ( 4.32028, -20.2007 ), (1144,0), changes: 0, -2.8 last seen:(1142,0) globalposderived: (1142,0)
 1144: direction old: -81.387271, new: -74.646089
(b)r: 1.8 phi: -5 vel: ( 0.0360369, -0.252228 ) (1144,0) rel: ( 1.79315, -0.15688 ), (1144,0) global: ( 4.54254, -20.2571 ), (1144,0), changes: -0.072, -2.2 last seen:(1144,0) globalposderived: (1144,0)
(b)r: 1.7271 phi: -0.414759 vel: ( 0.0338746, -0.237095 ) (1145,0) rel: ( 1.72705, -0.0125022 ), (1145,0) global: ( 4.57857, -20.5094 ), (1145,0), changes: -0.072, -2.2 last seen:(1144,0) globalposderived: (1144,0)
 1145: direction old: -69.497489, new: -76.004317
(b)r: 1.8 phi: 0 vel: ( 0.0424628, -0.24877 ) (1145,0) rel: ( 1.8, 0 ), (1145,0) global: ( 4.35248, -20.4871 ), (1145,0), changes: 0.108, -1.4 last seen:(1145,0) globalposderived: (1145,0)
(b)r: 1.41137 phi: -2.13461 vel: ( 0.0399151, -0.233844 ) (1146,0) rel: ( 1.41039, -0.0525698 ), (1146,0) global: ( 4.39494, -20.7359 ), (1146,0), changes: 0.108, -1.4 last seen:(1145,0) globalposderived: (1145,0)
(b)r: 0.862673 phi: -4.68056 vel: ( 0.0375202, -0.219813 ) (1147,0) rel: ( 0.859797, -0.0703945 ), (1147,0) global: ( 4.43486, -20.9697 ), (1147,0), changes: 0.108, -1.4 last seen:(1145,0) globalposderived: (1145,0)
 1147: direction old: -81.492242, new: -80.181227
(b)r: 0.9 phi: -4 vel: ( 0.0449115, -0.215531 ) (1147,0) rel: ( 0.897808, -0.0627808 ), (1147,0) global: ( 4.44789, -20.9177 ), (1147,0), changes: -0.162, -0.7 last seen:(1147,0) globalposderived: (1147,0)
 1147: turnWithBall: kick ball away from opp at ang -49.181227
 1147: (kick 53.698267 -172.311680), vecDesired (-0.396212,0.903919) -153.000000 posDes(4.051679,-20.013750)
(b)r: 0.470251 phi: -150.749 vel: ( -0.372691, 0.833759 ) (1148,0) rel: ( -0.410288, -0.229783 ), (1148,0) global: ( 4.05141, -20.0307 ), (1148,0), changes: -0.162, -0.7 last seen:(1147,0) globalposderived: (1147,0)
 1148: turnWithBall: freeze ball
 1148: 2 pos: ball(4.243055,-19.913292), ball_prev(4.447890,-20.917669), agentdiff(0.095308,0.014310)
 1148: vel based on 2 pos: (-0.282135,0.930663)
 1148: direction old: 141.671627, new: 116.717283
(b)r: 0.5 phi: -167 vel: ( -0.282135, 0.930663 ) (1148,0) rel: ( -0.487185, -0.112476 ), (1148,0) global: ( 4.24305, -19.9133 ), (1148,0), changes: -0.162, -0.7 last seen:(1148,0) globalposderived: (1148,0)
 1148: turnWithBall: freeze ball
(b)r: 0.2 phi: -166.818 vel: ( 0.000359729, -0.000378703 ) (1149,0) rel: ( -0.19473, -0.0456097 ), (1149,0) global: ( 4.37736, -20.1815 ), (1149,0), changes: -0.162, -0.7 last seen:(1148,0) globalposderived: (1148,0)
 1149: turnWithBall: turn since ball will be kickable in t+1
(b)r: 0.2 phi: 95.2851 vel: ( 0, 0 ) (1150,0) rel: ( -0.0184225, 0.19915 ), (1150,0) global: ( 4.37304, -20.173 ), (1150,0), changes: -0.162, -0.7 last seen:(1148,0) globalposderived: (1148,0)
 1150: ball (4.373036,-20.172998), agent (4.465989,-20.350084), to (9.088384,-18.443919) ang 22.410081 22.410081
 1150: relpos body (0.200000,95.285145), vel. ball:(0.000000,0.000000) dist: 1.167447 (0.300000,0.085000,0.782447)
 1150: point good and can reach point 32.780225
 1150: 2 pos: ball(4.014544,-19.894713), ball_prev(4.243055,-19.913292), agentdiff(-0.291301,-0.018288)
 1150: direction old: 44.567506, new: 108.680395
(b)r: 0.5 phi: 84 vel: ( 0, 0 ) (1150,0) rel: ( 0.0522642, 0.497261 ), (1150,0) global: ( 4.01454, -19.8947 ), (1150,0), changes: -0.162, -0.7 last seen:(1150,0) globalposderived: (1150,0)
 1150: ball (4.014544,-19.894713), agent (4.174689,-20.368372), to (8.717944,-18.280592) ang 24.680395 24.680395
 1150: relpos body (0.500000,84.000000), vel. ball:(0.000000,0.000000) dist: 1.167447 (0.300000,0.085000,0.782447)
 1150: point good and can reach point 35.884795
(b)r: 0.950792 phi: 26.7219 vel: ( 0.708097, 0.253262 ) (1151,0) rel: ( 0.849247, 0.427534 ), (1151,0) global: ( 4.76784, -19.6253 ), (1151,0), changes: -0.162, -0.7 last seen:(1150,0) globalposderived: (1150,0)
 1151: ball (4.767839,-19.625285), agent (4.174689,-20.368372), to (8.717944,-18.280592) ang 24.680395 24.680395
 1151: relpos body (0.950792,26.721922), vel. ball:(0.708097,0.253262) dist: 1.167447 (0.300000,0.085000,0.782447)
 1151: point good and can reach point 1.057259
 1151: direction old: 51.402316, new: 62.680395
(b)r: 0.9 phi: 38 vel: ( 0.559389, 0.258049 ) (1151,0) rel: ( 0.70921, 0.554095 ), (1151,0) global: ( 4.58775, -19.5688 ), (1151,0), changes: 0.486, -24.1 last seen:(1151,0) globalposderived: (1151,0)
 1151: ball (4.587747,-19.568758), agent (4.174689,-20.368372), to (8.717944,-18.280592) ang 24.680395 24.680395
 1151: relpos body (0.900000,38.000000), vel. ball:(0.559389,0.258049) dist: 1.167447 (0.300000,0.085000,0.782447)
 1151: point good and can reach point 8.468518
(b)r: 1.53834 phi: 17.513 vel: ( 0.683067, 0.219572 ) (1152,0) rel: ( 1.46703, 0.462921 ), (1152,0) global: ( 5.31441, -19.3352 ), (1152,0), changes: 0.486, -24.1 last seen:(1151,0) globalposderived: (1151,0)
 1153: direction old: 34.500073, new: 34.670780
 1154: direction old: 21.821278, new: 29.411128
 1159: direction old: 10.914981, new: 19.872970
 1160: direction old: 28.806489, new: 19.076273
(b)r: 2 phi: -6 vel: ( 0.417946, 0.12892 ) (1160,0) rel: ( 1.98904, -0.209057 ), (1160,0) global: ( 9.73291, -17.9981 ), (1160,0), changes: 0.04, -0.6 last seen:(1160,0) globalposderived: (1160,0)
(b)r: 1.56726 phi: -5.98435 vel: ( 0.39287, 0.121185 ) (1161,0) rel: ( 1.55872, -0.163397 ), (1161,0) global: ( 10.1509, -17.8692 ), (1161,0), changes: 0.04, -0.6 last seen:(1160,0) globalposderived: (1160,0)
(b)r: 1.06824 phi: -8.42779 vel: ( 0.369297, 0.113914 ) (1162,0) rel: ( 1.0567, -0.156564 ), (1162,0) global: ( 10.5437, -17.748 ), (1162,0), changes: 0.04, -0.6 last seen:(1160,0) globalposderived: (1160,0)
 1162: ball (10.543728,-17.748007), agent (9.520269,-18.054057), to (14.048991,-15.934935) ang 25.076273 25.076273
 1162: relpos body (1.068239,-8.427788), vel. ball:(0.369297,0.113914) dist: 1.167447 (0.300000,0.085000,0.782447)
 1162: point good and can reach point 19.078703
 1162: direction old: 12.189011, new: 19.109117
(b)r: 1 phi: -6 vel: ( 0.361539, 0.126368 ) (1162,0) rel: ( 0.994522, -0.104528 ), (1162,0) global: ( 10.4705, -17.6406 ), (1162,0), changes: -0.06, 0 last seen:(1162,0) globalposderived: (1162,0)
 1162: ball (10.470452,-17.640571), agent (9.525556,-17.967939), to (14.053062,-15.846222) ang 25.109117 25.109117
 1162: relpos body (1.000000,-6.000000), vel. ball:(0.361539,0.126368) dist: 1.167447 (0.300000,0.085000,0.782447)
 1162: point good and can reach point 18.362427
(b)r: 1.32625 phi: -3.87966 vel: ( 0.644129, 0.317214 ) (1163,0) rel: ( 1.32321, -0.0897353 ), (1163,0) global: ( 11.1557, -17.3031 ), (1163,0), changes: -0.06, 0 last seen:(1162,0) globalposderived: (1162,0)
 1163: direction old: 28.967967, new: 23.302421
(b)r: 1.3 phi: -2 vel: ( 0.619787, 0.324182 ) (1163,0) rel: ( 1.29921, -0.0453693 ), (1163,0) global: ( 11.1796, -17.4366 ), (1163,0), changes: 0.468, 2.7 last seen:(1163,0) globalposderived: (1163,0)
(b)r: 1.29721 phi: -2.93013 vel: ( 0.582599, 0.304731 ) (1164,0) rel: ( 1.29552, -0.0663109 ), (1164,0) global: ( 11.7993, -17.1124 ), (1164,0), changes: 0.468, 2.7 last seen:(1163,0) globalposderived: (1163,0)
(b)r: 1.6428 phi: 5.95752 vel: ( 0.547643, 0.286447 ) (1165,0) rel: ( 1.63393, 0.170508 ), (1165,0) global: ( 12.3819, -16.8077 ), (1165,0), changes: 0.468, 2.7 last seen:(1163,0) globalposderived: (1163,0)
 1165: direction old: 21.024311, new: 22.736425
(b)r: 1.6 phi: 4 vel: ( 0.523327, 0.278989 ) (1165,0) rel: ( 1.5961, 0.11161 ), (1165,0) global: ( 12.3082, -16.7848 ), (1165,0), changes: 0.416, 1.5 last seen:(1165,0) globalposderived: (1165,0)
(b)r: 1.57053 phi: 6.4046 vel: ( 0.491927, 0.26225 ) (1166,0) rel: ( 1.56073, 0.175191 ), (1166,0) global: ( 12.8315, -16.5058 ), (1166,0), changes: 0.416, 1.5 last seen:(1165,0) globalposderived: (1165,0)
 1166: direction old: 25.036894, new: 25.672208
(b)r: 1.6 phi: 7 vel: ( 0.491047, 0.262107 ) (1166,0) rel: ( 1.58807, 0.194991 ), (1166,0) global: ( 12.8507, -16.4773 ), (1166,0), changes: 0.256, 1.6 last seen:(1166,0) globalposderived: (1166,0)
(b)r: 1.84559 phi: -0.820398 vel: ( 0.461584, 0.24638 ) (1167,0) rel: ( 1.8454, -0.0264255 ), (1167,0) global: ( 13.3418, -16.2152 ), (1167,0), changes: 0.256, 1.6 last seen:(1166,0) globalposderived: (1166,0)
(b)r: 1.7694 phi: -1.63594 vel: ( 0.433889, 0.231597 ) (1168,0) rel: ( 1.76868, -0.0505141 ), (1168,0) global: ( 13.8034, -15.9688 ), (1168,0), changes: 0.256, 1.6 last seen:(1166,0) globalposderived: (1166,0)
 1168: direction old: 22.337156, new: 24.227686
(b)r: 1.8 phi: -4 vel: ( 0.426232, 0.220743 ) (1168,0) rel: ( 1.79562, -0.125562 ), (1168,0) global: ( 13.8737, -15.8757 ), (1168,0), changes: 0.18, -0.5 last seen:(1168,0) globalposderived: (1168,0)
(b)r: 1.97098 phi: 1.55312 vel: ( 0.400658, 0.207498 ) (1169,0) rel: ( 1.97025, 0.0534208 ), (1169,0) global: ( 14.2999, -15.6549 ), (1169,0), changes: 0.18, -0.5 last seen:(1168,0) globalposderived: (1168,0)
 1169: direction old: 24.209762, new: 22.879626
(b)r: 1.8585 phi: 0.9074 vel: ( 0.386742, 0.193233 ) (1170,0) rel: ( 1.85826, 0.029432 ), (1170,0) global: ( 14.6407, -15.532 ), (1170,0), changes: 0.32, 0 last seen:(1169,0) globalposderived: (1169,0)
(b)r: 1.52434 phi: 2.14666 vel: ( 0.363538, 0.181639 ) (1171,0) rel: ( 1.52327, 0.0570981 ), (1171,0) global: ( 15.0274, -15.3388 ), (1171,0), changes: 0.32, 0 last seen:(1169,0) globalposderived: (1169,0)
 1171: direction old: 25.518898, new: 24.794000
(b)r: 1.5 phi: 2 vel: ( 0.377909, 0.178638 ) (1171,0) rel: ( 1.49909, 0.0523492 ), (1171,0) global: ( 15.0896, -15.3301 ), (1171,0), changes: 0.06, 0.3 last seen:(1171,0) globalposderived: (1171,0)
(b)r: 1.07482 phi: 3.76764 vel: ( 0.355234, 0.167919 ) (1172,0) rel: ( 1.0725, 0.0706269 ), (1172,0) global: ( 15.4675, -15.1515 ), (1172,0), changes: 0.06, 0.3 last seen:(1171,0) globalposderived: (1171,0)
 1172: ball (15.467546,-15.151505), agent (14.506166,-15.632123), to (19.115685,-13.695028) ang 22.794000 22.794000
 1172: relpos body (1.074823,3.767637), vel. ball:(0.355234,0.167919) dist: 1.167447 (0.300000,0.085000,0.782447)
 1172: point good and can reach point 18.157680
 1172: direction old: 26.758862, new: 30.807145
(b)r: 1 phi: 8 vel: ( 0.3564, 0.155599 ) (1172,0) rel: ( 0.990268, 0.139173 ), (1172,0) global: ( 15.4562, -15.0782 ), (1172,0), changes: 0.42, -3.8 last seen:(1172,0) globalposderived: (1172,0)
 1172: ball (15.456158,-15.078183), agent (14.597262,-15.590333), to (19.206336,-13.652180) ang 22.807145 22.807145
 1172: relpos body (1.000000,8.000000), vel. ball:(0.356400,0.155599) dist: 1.167447 (0.300000,0.085000,0.782447)
 1172: point good and can reach point 17.904763
(b)r: 1.746 phi: 3.91084 vel: ( 0.658647, 0.256482 ) (1173,0) rel: ( 1.74194, 0.119085 ), (1173,0) global: ( 16.1568, -14.8053 ), (1173,0), changes: 0.42, -3.8 last seen:(1172,0) globalposderived: (1172,0)
 1174: direction old: 33.697628, new: 29.909212
 1175: direction old: 29.808359, new: 30.985199
 1177: direction old: 28.421941, new: 30.733087
 1186: direction old: 28.018320, new: 30.799107
 1187: direction old: 30.254915, new: 29.327673
(b)r: 1.69483 phi: -3.13953 vel: ( 0.259588, 0.0769178 ) (1189,0) rel: ( 1.69229, -0.0928222 ), (1189,0) global: ( 23.1247, -12.2693 ), (1189,0), changes: 0.2, -1.2 last seen:(1187,0) globalposderived: (1187,0)
 1189: direction old: 32.251159, new: 19.476566
(b)r: 1.3 phi: -11 vel: ( 0, 0 ) (1189,0) rel: ( 1.27612, -0.248052 ), (1189,0) global: ( 22.9552, -12.7162 ), (1189,0), changes: -0.468, -12.8 last seen:(1189,0) globalposderived: (1189,0)
(b)r: 0.915406 phi: 2.91474 vel: ( 0, 0 ) (1190,0) rel: ( 0.914222, 0.0465483 ), (1190,0) global: ( 22.9552, -12.7162 ), (1190,0), changes: -0.468, -12.8 last seen:(1189,0) globalposderived: (1189,0)
 1190: direction old: 12.003371, new: 13.689928
(b)r: 1 phi: 2 vel: ( -0.000178109, 0.00361069 ) (1190,0) rel: ( 0.999391, 0.0348995 ), (1190,0) global: ( 23.0592, -12.6639 ), (1190,0), changes: 0.02, 0.5 last seen:(1190,0) globalposderived: (1190,0)
 1190: ball (23.059209,-12.663946), agent (22.087619,-12.900614), to (26.983911,-11.887538) ang 11.689928 11.689928
 1190: relpos body (1.000000,2.000000), vel. ball:(-0.000178,0.003611) dist: 1.167447 (0.300000,0.085000,0.782447)
 1190: point good and can reach point 35.639952
(b)r: 1.77679 phi: 1.4582 vel: ( 0.696362, 0.147511 ) (1191,0) rel: ( 1.77622, 0.0452153 ), (1191,0) global: ( 23.8, -12.507 ), (1191,0), changes: 0.02, 0.5 last seen:(1190,0) globalposderived: (1190,0)
 1192: direction old: 10.460044, new: 14.394766
 1193: direction old: 14.569160, new: 13.561221
 1195: direction old: 19.620137, new: 19.513277
 1205: direction old: 25.965424, new: 22.478574
 1207: direction old: 22.208457, new: 20.759151
(b)r: 1.47246 phi: 1.53244 vel: ( 0.268499, 0.0832564 ) (1208,0) rel: ( 1.47193, 0.0393777 ), (1208,0) global: ( 31.7529, -10.1669 ), (1208,0), changes: -0.04, -0.9 last seen:(1207,0) globalposderived: (1207,0)
 1208: direction old: 17.422336, new: 22.321765
(b)r: 1.5 phi: 2 vel: ( 0, 0 ) (1208,0) rel: ( 1.49909, 0.0523492 ), (1208,0) global: ( 31.6067, -10.0785 ), (1208,0), changes: -0.12, 0.5 last seen:(1208,0) globalposderived: (1208,0)
(b)r: 1.11624 phi: -0.0987679 vel: ( 0, 0 ) (1209,0) rel: ( 1.11624, -0.00192421 ), (1209,0) global: ( 31.6067, -10.0785 ), (1209,0), changes: -0.12, 0.5 last seen:(1208,0) globalposderived: (1208,0)
(b)r: 0.453585 phi: 1.21834 vel: ( 0, 0 ) (1210,0) rel: ( 0.453482, 0.00964431 ), (1210,0) global: ( 31.6067, -10.0785 ), (1210,0), changes: -0.12, 0.5 last seen:(1208,0) globalposderived: (1208,0)
 1210: direction old: 44.913714, new: 23.385904
(b)r: 1 phi: -3 vel: ( 0.230914, 0.0701914 ) (1210,0) rel: ( 0.99863, -0.052336 ), (1210,0) global: ( 32.2988, -9.90665 ), (1210,0), changes: -0.08, -2.2 last seen:(1210,0) globalposderived: (1210,0)
 1210: ball (32.298849,-9.906654), agent (31.380996,-10.303577), to (35.860102,-8.081503) ang 26.385904 26.385904
 1210: relpos body (1.000000,-3.000000), vel. ball:(0.230914,0.070191) dist: 1.167447 (0.300000,0.085000,0.782447)
 1210: point good and can reach point 24.800431
(b)r: 1.79473 phi: -1.5447 vel: ( 0.632707, 0.319552 ) (1211,0) rel: ( 1.79408, -0.0483804 ), (1211,0) global: ( 32.9719, -9.56671 ), (1211,0), changes: -0.08, -2.2 last seen:(1210,0) globalposderived: (1210,0)
 1211: 2 pos: ball(32.653200,-10.689542), ball_prev(32.298849,-9.906654), agentdiff(0.237788,0.170120)
 1211: vel based on 2 pos: (0.109569,-0.895827)
 1211: direction old: 22.771302, new: -26.689152
(b)r: 1.2 phi: -53 vel: ( 0, 0 ) (1211,0) rel: ( 0.722178, -0.958363 ), (1211,0) global: ( 32.6532, -10.6895 ), (1211,0), changes: -0.08, -2.2 last seen:(1211,0) globalposderived: (1211,0)
(b)r: 1.2 phi: 6.25645 vel: ( 0, 0 ) (1212,0) rel: ( 1.19285, 0.130775 ), (1212,0) global: ( 32.6532, -10.6895 ), (1212,0), changes: -0.08, -2.2 last seen:(1211,0) globalposderived: (1211,0)
(b)r: 0.2 phi: 10.3132 vel: ( 0, 0 ) (1213,0) rel: ( 0.196769, 0.0358058 ), (1213,0) global: ( 32.1636, -10.4854 ), (1213,0), changes: -0.08, -2.2 last seen:(1211,0) globalposderived: (1211,0)
 1213: direction old: -15.167480, new: -44.065341
 1219: direction old: -55.510517, new: -51.520092
 1220: direction old: -49.890881, new: -53.084364
(b)r: 2 phi: -6 vel: ( 0, 0 ) (1220,0) rel: ( 1.98904, -0.209057 ), (1220,0) global: ( 36.1793, -15.3356 ), (1220,0), changes: 0, -1.4 last seen:(1220,0) globalposderived: (1220,0)
(b)r: 1.55088 phi: -0.0994066 vel: ( 0, 0 ) (1221,0) rel: ( 1.55088, -0.00269074 ), (1221,0) global: ( 36.1793, -15.3356 ), (1221,0), changes: 0, -1.4 last seen:(1220,0) globalposderived: (1220,0)
(b)r: 0.861891 phi: -2.97077 vel: ( 0, 0 ) (1222,0) rel: ( 0.860733, -0.0446687 ), (1222,0) global: ( 36.1793, -15.3356 ), (1222,0), changes: 0, -1.4 last seen:(1220,0) globalposderived: (1220,0)
 1222: turnWithBall: kick ball away from opp at ang -81.607461
 1222: (kick 60.373699 168.798847), vecDesired (-0.543864,1.262852) 153.891608 posDes(35.635461,-14.072713)
 1222: direction old: -64.994785, new: -61.540641
(b)r: 0.9 phi: -5 vel: ( 0.00581418, -0.00409334 ) (1222,0) rel: ( 0.896575, -0.0784402 ), (1222,0) global: ( 36.2682, -15.3978 ), (1222,0), changes: 0.036, 0.5 last seen:(1222,0) globalposderived: (1222,0)
 1222: turnWithBall: kick ball away from opp at ang -95.540641
 1222: (kick 62.003472 163.461287), vecDesired (-0.397868,1.322861) 141.000000 posDes(35.870330,-14.074964)
(b)r: 0.503874 phi: 139.247 vel: ( -0.363921, 1.24643 ) (1223,0) rel: ( -0.381702, 0.328927 ), (1223,0) global: ( 35.881, -14.0718 ), (1223,0), changes: 0.036, 0.5 last seen:(1222,0) globalposderived: (1222,0)
 1223: turnWithBall: freeze ball
 1223: 2 pos: ball(35.043865,-14.177350), ball_prev(36.268198,-15.397825), agentdiff(-0.075539,0.002812)
 1223: vel based on 2 pos: (-1.079866,1.144603)
 1223: direction old: 74.320340, new: 150.703204
(b)r: 0.8 phi: -153 vel: ( -1.07987, 1.1446 ) (1223,0) rel: ( -0.712805, -0.363192 ), (1223,0) global: ( 35.0439, -14.1773 ), (1223,0), changes: 0.036, 0.5 last seen:(1223,0) globalposderived: (1223,0)
 1223: turnWithBall: freeze ball
(b)r: 0.804887 phi: -151.41 vel: ( -0.0230789, 0.00103274 ) (1224,0) rel: ( -0.706742, -0.385173 ), (1224,0) global: ( 35.0193, -14.1763 ), (1224,0), changes: 0.036, 0.5 last seen:(1223,0) globalposderived: (1223,0)
 1224: turnWithBall: kick ball away from opp at ang -117.839775
 1224: (kick 54.971380 61.292912), vecDesired (0.946210,0.085768) 118.457022 posDes(35.965523,-14.090483)
(b)r: 0.502814 phi: 120.743 vel: ( 0.873726, 0.0746381 ) (1225,0) rel: ( -0.25703, 0.432155 ), (1225,0) global: ( 35.9488, -14.0968 ), (1225,0), changes: 0.036, 0.5 last seen:(1223,0) globalposderived: (1223,0)
 1225: 2 pos: ball(35.911305,-14.037824), ball_prev(35.043865,-14.177350), agentdiff(-0.074475,-0.030994)
 1225: direction old: 58.984305, new: 64.968784
(b)r: 0.6 phi: 121 vel: ( 0.873726, 0.0746381 ) (1225,0) rel: ( -0.309023, 0.5143 ), (1225,0) global: ( 35.9113, -14.0378 ), (1225,0), changes: 0.036, 0.5 last seen:(1225,0) globalposderived: (1225,0)
 1225: turnWithBall: freeze ball
(b)r: 0.604641 phi: 120.003 vel: ( 0.0107659, -0.000307954 ) (1226,0) rel: ( -0.302352, 0.523616 ), (1226,0) global: ( 35.9228, -14.0382 ), (1226,0), changes: 0.036, 0.5 last seen:(1225,0) globalposderived: (1225,0)
 1226: turnWithBall: turn since ball will be kickable in t+1
 1226: 2 pos: ball(36.019212,-14.067958), ball_prev(35.911305,-14.037824), agentdiff(0.164377,0.054129)
 1226: vel based on 2 pos: (-0.053081,-0.079206)
 1226: direction old: 78.340751, new: 66.746790
(b)r: 0.5 phi: 123 vel: ( -0.0530814, -0.0792062 ) (1226,0) rel: ( -0.27232, 0.419335 ), (1226,0) global: ( 36.0192, -14.068 ), (1226,0), changes: 0.036, 0.5 last seen:(1226,0) globalposderived: (1226,0)
 1226: turnWithBall: turn since ball will be kickable in t+1
(b)r: 0.406648 phi: 28.156 vel: ( 0, 0 ) (1227,0) rel: ( 0.358528, 0.191887 ), (1227,0) global: ( 35.9661, -14.1472 ), (1227,0), changes: 0.036, 0.5 last seen:(1226,0) globalposderived: (1226,0)
 1227: ball (35.966130,-14.147164), agent (35.821814,-14.527342), to (39.592090,-11.243287) ang 41.057119 41.057119
 1227: relpos body (0.406648,28.156040), vel. ball:(0.000000,0.000000) dist: 1.167447 (0.300000,0.085000,0.782447)
 1227: point good and can reach point 31.845294
(b)r: 1.16809 phi: 8.07199 vel: ( 0.582832, 0.472931 ) (1228,0) rel: ( 1.15652, 0.16402 ), (1228,0) global: ( 36.5862, -13.644 ), (1228,0), changes: 0.036, 0.5 last seen:(1226,0) globalposderived: (1226,0)
 1228: direction old: 40.968861, new: 48.661661
(b)r: 1.3 phi: 6 vel: ( 0.588126, 0.477563 ) (1228,0) rel: ( 1.29288, 0.135887 ), (1228,0) global: ( 36.5954, -13.4056 ), (1228,0), changes: 0.754, -5.6 last seen:(1228,0) globalposderived: (1228,0)
(b)r: 1.57505 phi: 3.22173 vel: ( 0.552838, 0.44891 ) (1229,0) rel: ( 1.57257, 0.0885182 ), (1229,0) global: ( 37.1835, -12.928 ), (1229,0), changes: 0.754, -5.6 last seen:(1228,0) globalposderived: (1228,0)
 1229: direction old: 55.912758, new: 45.861342
(b)r: 1.5 phi: 3 vel: ( 0.540889, 0.441364 ) (1229,0) rel: ( 1.49794, 0.0785039 ), (1229,0) global: ( 37.3687, -13.1215 ), (1229,0), changes: 0.45, -2.5 last seen:(1229,0) globalposderived: (1229,0)
(b)r: 1.51134 phi: 0.840423 vel: ( 0.508436, 0.414882 ) (1230,0) rel: ( 1.51117, 0.0221677 ), (1230,0) global: ( 37.9096, -12.6801 ), (1230,0), changes: 0.45, -2.5 last seen:(1229,0) globalposderived: (1229,0)
(b)r: 1.37945 phi: -1.38375 vel: ( 0.477929, 0.389989 ) (1231,0) rel: ( 1.37904, -0.0333117 ), (1231,0) global: ( 38.418, -12.2653 ), (1231,0), changes: 0.45, -2.5 last seen:(1229,0) globalposderived: (1229,0)
 1231: direction old: 33.647856, new: 43.655632
(b)r: 1.5 phi: 1 vel: ( 0.46053, 0.390116 ) (1231,0) rel: ( 1.49977, 0.0261786 ), (1231,0) global: ( 38.2755, -12.047 ), (1231,0), changes: 0.21, -0.9 last seen:(1231,0) globalposderived: (1231,0)
(b)r: 1.31586 phi: 0.643227 vel: ( 0.432899, 0.366709 ) (1232,0) rel: ( 1.31578, 0.0147721 ), (1232,0) global: ( 38.736, -11.6569 ), (1232,0), changes: 0.21, -0.9 last seen:(1231,0) globalposderived: (1231,0)
 1232: direction old: 43.092909, new: 44.579873
(b)r: 1.2 phi: 2 vel: ( 0.421346, 0.365427 ) (1232,0) rel: ( 1.19927, 0.0418794 ), (1232,0) global: ( 38.6299, -11.7135 ), (1232,0), changes: 0.168, -0.4 last seen:(1232,0) globalposderived: (1232,0)
(b)r: 0.907853 phi: 1.63264 vel: ( 0.396066, 0.343501 ) (1233,0) rel: ( 0.907485, 0.0258658 ), (1233,0) global: ( 39.0512, -11.3481 ), (1233,0), changes: 0.168, -0.4 last seen:(1232,0) globalposderived: (1232,0)
 1233: ball (39.051239,-11.348056), agent (38.400528,-11.981122), to (50.000000,0.000000) ang 42.579873 42.579873
 1233: relpos body (0.907853,1.632643), vel. ball:(0.396066,0.343501) dist: 1.167447 (0.300000,0.085000,0.782447)
 1233: pos (2.838242,2.941751) too far, but can acc ball good to 2.764544 k=2.242823,-0.046526
(b)r: 0.943729 phi: 58.9794 vel: ( 0.212797, -1.38194 ) (1663,0) rel: ( 0.486348, 0.808759 ), (1663,0) global: ( -4.32022, -18.1504 ), (1663,0), changes: -1.876, -0.4 last seen:(1660,0) globalposderived: (1660,0)
 1663: direction old: 106.134878, new: 128.904146
(b)r: 0.9 phi: 82 vel: ( 0.212797, -1.38194 ) (1663,0) rel: ( 0.125256, 0.891241 ), (1663,0) global: ( -4.67842, -18.1656 ), (1663,0), changes: -1.876, -0.4 last seen:(1663,0) globalposderived: (1663,0)
 1663: turnWithBall: kick ball away from opp at ang 170.904146
 1663: (kick 72.890868 -8.693996), vecDesired (1.328617,-0.503552) -56.000000 posDes(-3.349803,-18.669158)
(b)r: 0.474235 phi: -54.0733 vel: ( 1.22613, -0.470941 ) (1664,0) rel: ( 0.278257, -0.38402 ), (1664,0) global: ( -3.37403, -18.6666 ), (1664,0), changes: -1.876, -0.4 last seen:(1663,0) globalposderived: (1663,0)
 1664: turnWithBall: freeze ball
 1664: direction old: -35.880790, new: 16.867604
(b)r: 0.4 phi: -30 vel: ( 1.13337, -0.290269 ) (1664,0) rel: ( 0.34641, -0.2 ), (1664,0) global: ( -3.31529, -18.3161 ), (1664,0), changes: 0.84, -98.6 last seen:(1664,0) globalposderived: (1664,0)
 1664: turnWithBall: freeze ball
(b)r: 0.2 phi: -28.9993 vel: ( -0.00140873, -0.00114413 ) (1665,0) rel: ( 0.174925, -0.0969597 ), (1665,0) global: ( -3.50773, -18.3708 ), (1665,0), changes: 0.84, -98.6 last seen:(1664,0) globalposderived: (1664,0)
 1665: turnWithBall: turn since ball will be kickable in t+1
(b)r: 0.2 phi: 0.458331 vel: ( 0.00013242, 0.000107548 ) (1666,0) rel: ( 0.199994, 0.00159986 ), (1666,0) global: ( -3.51615, -18.3744 ), (1666,0), changes: 0.84, -98.6 last seen:(1664,0) globalposderived: (1664,0)
 1666: ball (-3.516147,-18.374365), agent (-3.705415,-18.438998), to (1.039072,-16.861074) ang 18.396118 18.396118
 1666: relpos body (0.200000,0.458331), vel. ball:(0.000132,0.000108) dist: 1.167447 (0.300000,0.085000,0.782447)
 1666: point good and can reach point 28.695856
 1666: direction old: 69.535786, new: -12.250745
(b)r: 0.4 phi: -29 vel: ( 0.00207392, 0.00955128 ) (1666,0) rel: ( 0.349848, -0.193924 ), (1666,0) global: ( -3.17538, -18.5935 ), (1666,0), changes: 0, 1.4 last seen:(1666,0) globalposderived: (1666,0)
 1666: ball (-3.175375,-18.593548), agent (-3.566266,-18.508672), to (1.221609,-17.067753) ang 16.749255 16.749255
 1666: relpos body (0.400000,-29.000000), vel. ball:(0.002074,0.009551) dist: 1.167447 (0.300000,0.085000,0.782447)
 1666: point good and can reach point 31.617765
(b)r: 1.16641 phi: -8.45134 vel: ( 0.717506, 0.238019 ) (1667,0) rel: ( 1.15374, -0.171426 ), (1667,0) global: ( -2.41207, -18.3403 ), (1667,0), changes: 0, 1.4 last seen:(1666,0) globalposderived: (1666,0)
 1667: direction old: 15.750834, new: 9.730886
(b)r: 0.9 phi: -7 vel: ( 0.708927, 0.206951 ) (1667,0) rel: ( 0.893292, -0.109682 ), (1667,0) global: ( -2.60765, -18.4936 ), (1667,0), changes: 0.72, 3.5 last seen:(1667,0) globalposderived: (1667,0)
 1667: ball (-2.607651,-18.493568), agent (-3.494702,-18.645686), to (1.293635,-17.206302) ang 16.730886 16.730886
 1667: relpos body (0.900000,-7.000000), vel. ball:(0.708927,0.206951) dist: 1.167447 (0.300000,0.085000,0.782447)
 1667: point good and can reach point 1.872311
(b)r: 1.1427 phi: -6.68015 vel: ( 0.666392, 0.194534 ) (1668,0) rel: ( 1.13494, -0.132926 ), (1668,0) global: ( -1.89872, -18.2866 ), (1668,0), changes: 0.72, 3.5 last seen:(1667,0) globalposderived: (1667,0)
 1668: ball (-1.898724,-18.286617), agent (-3.023887,-18.486041), to (1.764451,-17.046657) ang 16.730886 16.730886
 1668: relpos body (1.142699,-6.680151), vel. ball:(0.666392,0.194534) dist: 1.167447 (0.300000,0.085000,0.782447)
 1668: point good and can reach point 2.120498
(b)r: 1.09406 phi: -7.95864 vel: ( 0.626408, 0.182862 ) (1669,0) rel: ( 1.08352, -0.151481 ), (1669,0) global: ( -1.23233, -18.0921 ), (1669,0), changes: 0.72, 3.5 last seen:(1667,0) globalposderived: (1667,0)
 1669: ball (-1.232332,-18.092084), agent (-2.313592,-18.258935), to (2.474745,-16.819551) ang 16.730886 16.730886
 1669: relpos body (1.094058,-7.958637), vel. ball:(0.626408,0.182862) dist: 1.167447 (0.300000,0.085000,0.782447)
 1669: point good and can reach point 5.976036
 1669: direction old: 2.827756, new: 6.598793
(b)r: 1.1 phi: -10 vel: ( 0.614802, 0.170558 ) (1669,0) rel: ( 1.08329, -0.191013 ), (1669,0) global: ( -1.21996, -18.019 ), (1669,0), changes: 0.264, 1 last seen:(1669,0) globalposderived: (1669,0)
 1669: ball (-1.219961,-18.019038), agent (-2.312674,-18.145446), to (2.478969,-16.717105) ang 16.598793 16.598793
 1669: relpos body (1.100000,-10.000000), vel. ball:(0.614802,0.170558) dist: 1.167447 (0.300000,0.085000,0.782447)
 1669: point good and can reach point 6.905330
(b)r: 0.915453 phi: -12.824 vel: ( 0.577914, 0.160325 ) (1670,0) rel: ( 0.892618, -0.203191 ), (1670,0) global: ( -0.605159, -17.8485 ), (1670,0), changes: 0.264, 1 last seen:(1669,0) globalposderived: (1669,0)
 1670: ball (-0.605159,-17.848480), agent (-1.518626,-17.908748), to (3.273017,-16.480407) ang 16.598793 16.598793
 1670: relpos body (0.915453,-12.824018), vel. ball:(0.577914,0.160325) dist: 1.167447 (0.300000,0.085000,0.782447)
 1670: point good and can reach point 8.089948
 1670: direction old: 8.655380, new: 2.756134
(b)r: 1 phi: -14 vel: ( 0.589834, 0.153571 ) (1670,0) rel: ( 0.970296, -0.241922 ), (1670,0) global: ( -0.548132, -17.9438 ), (1670,0), changes: 0.22, 1.2 last seen:(1670,0) globalposderived: (1670,0)
 1670: ball (-0.548132,-17.943762), agent (-1.546975,-17.991847), to (3.240727,-16.550353) ang 16.756134 16.756134
 1670: relpos body (1.000000,-14.000000), vel. ball:(0.589834,0.153571) dist: 1.167447 (0.300000,0.085000,0.782447)
 1670: point good and can reach point 8.260127
(b)r: 1.35632 phi: -8.42611 vel: ( 0.676829, 0.246166 ) (1671,0) rel: ( 1.34168, -0.198747 ), (1671,0) global: ( 0.171899, -17.6819 ), (1671,0), changes: 0.22, 1.2 last seen:(1670,0) globalposderived: (1670,0)
(b)r: 1.88038 phi: 6.28193 vel: ( 0.636219, 0.231396 ) (1672,0) rel: ( 1.86909, 0.205753 ), (1672,0) global: ( 0.848728, -17.4357 ), (1672,0), changes: 0.22, 1.2 last seen:(1670,0) globalposderived: (1670,0)
 1672: direction old: 8.822114, new: 11.381286
(b)r: 1.8 phi: 4 vel: ( 0.635977, 0.223745 ) (1672,0) rel: ( 1.79562, 0.125562 ), (1672,0) global: ( 0.774233, -17.3659 ), (1672,0), changes: 0.576, 2.6 last seen:(1672,0) globalposderived: (1672,0)
(b)r: 1.91307 phi: 7.68979 vel: ( 0.597818, 0.210321 ) (1673,0) rel: ( 1.89586, 0.255987 ), (1673,0) global: ( 1.41021, -17.1422 ), (1673,0), changes: 0.576, 2.6 last seen:(1672,0) globalposderived: (1672,0)
 1673: direction old: 18.813312, new: 15.339214
 1675: direction old: 13.700583, new: 17.569785
 1676: direction old: 25.914574, new: 18.964225
(b)r: 1.66421 phi: 1.98006 vel: ( 0.470511, 0.174882 ) (1677,0) rel: ( 1.66321, 0.057501 ), (1677,0) global: ( 3.79815, -16.5388 ), (1677,0), changes: 0.12, 0.5 last seen:(1676,0) globalposderived: (1676,0)
(b)r: 1.26355 phi: 6.46722 vel: ( 0.44228, 0.164389 ) (1678,0) rel: ( 1.25551, 0.14232 ), (1678,0) global: ( 4.26866, -16.3639 ), (1678,0), changes: 0.12, 0.5 last seen:(1676,0) globalposderived: (1676,0)
 1678: direction old: 18.097863, new: 24.859164
(b)r: 1.3 phi: 7 vel: ( 0.433177, 0.16918 ) (1678,0) rel: ( 1.29031, 0.15843 ), (1678,0) global: ( 4.14311, -16.2439 ), (1678,0), changes: 0.026, 2.8 last seen:(1678,0) globalposderived: (1678,0)
(b)r: 1.33685 phi: -8.7785 vel: ( 0.407186, 0.159029 ) (1679,0) rel: ( 1.32119, -0.204023 ), (1679,0) global: ( 4.57628, -16.0747 ), (1679,0), changes: 0.026, 2.8 last seen:(1678,0) globalposderived: (1678,0)
 1679: direction old: 17.571639, new: 27.041977
(b)r: 1.3 phi: -7 vel: ( 0.396452, 0.154534 ) (1679,0) rel: ( 1.29031, -0.15843 ), (1679,0) global: ( 4.42557, -15.8981 ), (1679,0), changes: 0.208, 0.4 last seen:(1679,0) globalposderived: (1679,0)
(b)r: 1.04233 phi: -10.6558 vel: ( 0.372665, 0.145262 ) (1680,0) rel: ( 1.02435, -0.192735 ), (1680,0) global: ( 4.82203, -15.7436 ), (1680,0), changes: 0.208, 0.4 last seen:(1679,0) globalposderived: (1679,0)
 1680: ball (4.822027,-15.743574), agent (3.865324,-16.157303), to (8.008463,-13.358302) ang 34.041977 34.041977
 1680: relpos body (1.042329,-10.655789), vel. ball:(0.372665,0.145262) dist: 1.167447 (0.300000,0.085000,0.782447)
 1680: point good and can reach point 19.122431
(b)r: 1.44918 phi: -6.2632 vel: ( 0.580227, 0.431278 ) (1681,0) rel: ( 1.44053, -0.1581 ), (1681,0) global: ( 5.43929, -15.2848 ), (1681,0), changes: 0.208, 0.4 last seen:(1679,0) globalposderived: (1679,0)
 1681: direction old: 33.629188, new: 27.078336
(b)r: 1.5 phi: -7 vel: ( 0.557525, 0.405151 ) (1681,0) rel: ( 1.48882, -0.182804 ), (1681,0) global: ( 5.64994, -15.3502 ), (1681,0), changes: 0.48, 2.8 last seen:(1681,0) globalposderived: (1681,0)
 1682: direction old: 30.259459, new: 28.273100
(b)r: 2 phi: 3 vel: ( 0.510039, 0.361835 ) (1682,0) rel: ( 1.99726, 0.104672 ), (1682,0) global: ( 6.13665, -15.0666 ), (1682,0), changes: 0.52, 1.6 last seen:(1682,0) globalposderived: (1682,0)
 1684: direction old: 37.737446, new: 33.222157
 1685: direction old: 33.447853, new: 33.275257
(b)r: 1.90008 phi: 2.40339 vel: ( 0.34898, 0.266304 ) (1686,0) rel: ( 1.89841, 0.0796792 ), (1686,0) global: ( 7.91645, -14.0147 ), (1686,0), changes: 0.176, 0.6 last seen:(1685,0) globalposderived: (1685,0)
(b)r: 1.48955 phi: 3.41952 vel: ( 0.328042, 0.250326 ) (1687,0) rel: ( 1.4869, 0.0888462 ), (1687,0) global: ( 8.26543, -13.7484 ), (1687,0), changes: 0.176, 0.6 last seen:(1685,0) globalposderived: (1685,0)
 1687: direction old: 26.724455, new: 35.003777
(b)r: 1.6 phi: 3 vel: ( 0.338261, 0.261567 ) (1687,0) rel: ( 1.59781, 0.0837375 ), (1687,0) global: ( 8.21422, -13.5162 ), (1687,0), changes: 0.032, 1.1 last seen:(1687,0) globalposderived: (1687,0)
(b)r: 1.17848 phi: 4.70378 vel: ( 0.317966, 0.245873 ) (1688,0) rel: ( 1.17451, 0.0966401 ), (1688,0) global: ( 8.55248, -13.2547 ), (1688,0), changes: 0.032, 1.1 last seen:(1687,0) globalposderived: (1687,0)
 1688: direction old: 39.425820, new: 36.000346
(b)r: 1.2 phi: 4 vel: ( 0.333719, 0.251403 ) (1688,0) rel: ( 1.19708, 0.0837078 ), (1688,0) global: ( 8.69564, -13.2298 ), (1688,0), changes: 0.024, 0.8 last seen:(1688,0) globalposderived: (1688,0)
(b)r: 1.18298 phi: -2.09586 vel: ( 0.313696, 0.236319 ) (1689,0) rel: ( 1.18219, -0.0432634 ), (1689,0) global: ( 9.02936, -12.9784 ), (1689,0), changes: 0.024, 0.8 last seen:(1688,0) globalposderived: (1688,0)
(b)r: 0.934027 phi: -2.99028 vel: ( 0.294874, 0.22214 ) (1690,0) rel: ( 0.932755, -0.0487249 ), (1690,0) global: ( 9.34306, -12.7421 ), (1690,0), changes: 0.024, 0.8 last seen:(1688,0) globalposderived: (1688,0)
 1690: turnWithBall: freeze ball
 1690: direction old: 39.464831, new: 36.051951
(b)r: 1 phi: -2 vel: ( 0.293747, 0.224264 ) (1690,0) rel: ( 0.999391, -0.0348995 ), (1690,0) global: ( 9.35324, -12.8108 ), (1690,0), changes: 0.06, 0 last seen:(1690,0) globalposderived: (1690,0)
 1690: turnWithBall: freeze ball
(b)r: 0.69159 phi: -0.933885 vel: ( 0.000397752, 0.00264276 ) (1691,0) rel: ( 0.691498, -0.011272 ), (1691,0) global: ( 9.35366, -12.808 ), (1691,0), changes: 0.06, 0 last seen:(1690,0) globalposderived: (1690,0)
 1691: turnWithBall: turn since ball will be kickable in t+1
 1691: direction old: 37.141371, new: 37.055696
(b)r: 0.7 phi: -1 vel: ( 0.00297637, 0.0123121 ) (1691,0) rel: ( 0.699893, -0.0122167 ), (1691,0) global: ( 9.36098, -12.8037 ), (1691,0), changes: -0.14, 1.3 last seen:(1691,0) globalposderived: (1691,0)
 1691: turnWithBall: kick ball away from opp at ang 27.055696
 1691: (kick 43.923406 175.084895), vecDesired (-0.888720,-0.569878) 169.000000 posDes(8.472263,-13.373622)
(b)r: 0.503314 phi: 169.099 vel: ( -0.818568, -0.522964 ) (1692,0) rel: ( -0.494232, 0.0951793 ), (1692,0) global: ( 8.49017, -13.3601 ), (1692,0), changes: -0.14, 1.3 last seen:(1691,0) globalposderived: (1691,0)
 1692: turnWithBall: freeze ball
(b)r: 0.595252 phi: 169.503 vel: ( -0.0113294, 0.00179432 ) (1693,0) rel: ( -0.58529, 0.108448 ), (1693,0) global: ( 8.47811, -13.3582 ), (1693,0), changes: -0.14, 1.3 last seen:(1691,0) globalposderived: (1691,0)
 1693: turnWithBall: turn since ball will be kickable in t+1
 1693: 2 pos: ball(8.540111,-13.418031), ball_prev(9.360983,-12.803744), agentdiff(0.081353,-0.088844)
 1693: direction old: -162.970716, new: -155.753062
(b)r: 0.6 phi: 166 vel: ( -0.0113294, 0.00179432 ) (1693,0) rel: ( -0.582177, 0.145153 ), (1693,0) global: ( 8.54011, -13.418 ), (1693,0), changes: -0.14, 1.3 last seen:(1693,0) globalposderived: (1693,0)
 1693: turnWithBall: turn since ball will be kickable in t+1
(b)r: 0.650794 phi: -172.222 vel: ( -0.0106497, 0.00168666 ) (1694,0) rel: ( -0.644807, -0.0880728 ), (1694,0) global: ( 8.52878, -13.4162 ), (1694,0), changes: -0.14, 1.3 last seen:(1693,0) globalposderived: (1693,0)
 1694: kick results in collision, change velDes from (0.833611,0.257950)
 1694: ball (8.528781,-13.416236), agent (9.122950,-13.150726), to (13.921974,-11.747382) ang 16.300125 16.300125
 1694: relpos body (0.650794,-172.222220), vel. ball:(-0.010650,0.001687) dist: 1.167447 (0.300000,0.085000,0.782447)
 1694: point good and can reach point 57.033488
 1694: 2 pos: ball(8.293973,-12.913984), ball_prev(8.540111,-13.418031), agentdiff(-0.177574,0.493010)
 1694: vel based on 2 pos: (-0.064450,0.010375)
 1694: direction old: -118.776563, new: -158.524971
(b)r: 0.7 phi: -176 vel: ( -0.0644504, 0.0103749 ) (1694,0) rel: ( -0.698295, -0.0488295 ), (1694,0) global: ( 8.29397, -12.914 ), (1694,0), changes: -0.14, 1.3 last seen:(1694,0) globalposderived: (1694,0)
 1694: kick results in collision, change velDes from (0.830060,0.269158)
 1694: ball (8.293973,-12.913984), agent (8.945377,-12.657717), to (13.714616,-11.156266) ang 17.475029 17.475029
 1694: relpos body (0.700000,-176.000000), vel. ball:(-0.064450,0.010375) dist: 1.167447 (0.300000,0.085000,0.782447)
 1694: point good and can reach point 64.593729
(b)r: 0.357651 phi: -7.17835 vel: ( 0.959524, 0.311439 ) (1695,0) rel: ( 0.354848, -0.0446915 ), (1695,0) global: ( 9.31474, -12.5827 ), (1695,0), changes: -0.14, 1.3 last seen:(1694,0) globalposderived: (1694,0)
 1695: ball (9.314743,-12.582666), agent (8.962852,-12.646595), to (13.732092,-11.145144) ang 17.475029 17.475029
 1695: relpos body (0.357651,-7.178352), vel. ball:(0.959524,0.311439) dist: 1.167447 (0.300000,0.085000,0.782447)
 1695: point good and can reach point 6.991993
(b)r: 0.892345 phi: -4.9686 vel: ( 0.901953, 0.292752 ) (1696,0) rel: ( 0.888992, -0.0772859 ), (1696,0) global: ( 10.2743, -12.2712 ), (1696,0), changes: -0.14, 1.3 last seen:(1694,0) globalposderived: (1694,0)
 1696: ball (10.274268,-12.271228), agent (9.403096,-12.464464), to (14.172336,-10.963014) ang 17.475029 17.475029
 1696: relpos body (0.892345,-4.968604), vel. ball:(0.901953,0.292752) dist: 1.167447 (0.300000,0.085000,0.782447)
 1696: point good and can reach point 7.908433
 1696: direction old: 31.291878, new: 4.721796
(b)r: 1.2 phi: -13 vel: ( 1.01969, 0.224891 ) (1696,0) rel: ( 1.16924, -0.269941 ), (1696,0) global: ( 10.7504, -12.6099 ), (1696,0), changes: 0.816, 3.3 last seen:(1696,0) globalposderived: (1696,0)
 1697: direction old: 6.386290, new: 6.090581
 1699: direction old: 15.983931, new: 10.217906
 1700: direction old: 5.772041, new: 11.890568
 1705: direction old: 15.137692, new: 16.148576
 1706: direction old: 9.639216, new: 17.747044
 1708: direction old: 21.521916, new: 14.998424
(b)r: 2 phi: -6 vel: ( 0.442654, 0.0946238 ) (1708,0) rel: ( 1.98904, -0.209057 ), (1708,0) global: ( 19.2919, -10.8484 ), (1708,0), changes: 0.12, -2.1 last seen:(1708,0) globalposderived: (1708,0)
 1709: direction old: 16.090900, new: 13.697958
(b)r: 1.65857 phi: 1.36124 vel: ( 0.366845, 0.0765691 ) (1711,0) rel: ( 1.6581, 0.0394008 ), (1711,0) global: ( 20.6194, -10.6584 ), (1711,0), changes: 0.264, -1 last seen:(1709,0) globalposderived: (1709,0)
 1711: direction old: 9.769993, new: 15.455184
(b)r: 1.6 phi: 2 vel: ( 0.363435, 0.0762523 ) (1711,0) rel: ( 1.59903, 0.0558392 ), (1711,0) global: ( 20.5027, -10.5176 ), (1711,0), changes: 0, 0.8 last seen:(1711,0) globalposderived: (1711,0)
(b)r: 1.62576 phi: -2.2464 vel: ( 0.341629, 0.0716772 ) (1712,0) rel: ( 1.62451, -0.0637249 ), (1712,0) global: ( 20.8661, -10.4414 ), (1712,0), changes: 0, 0.8 last seen:(1711,0) globalposderived: (1711,0)
 1712: direction old: 17.096665, new: 17.298638
(b)r: 1.6 phi: -2 vel: ( 0.346403, 0.0734218 ) (1712,0) rel: ( 1.59903, -0.0558392 ), (1712,0) global: ( 20.8395, -10.4437 ), (1712,0), changes: 0.192, 0.2 last seen:(1712,0) globalposderived: (1712,0)
(b)r: 1.3113 phi: -1.96922 vel: ( 0.325619, 0.0690165 ) (1713,0) rel: ( 1.31053, -0.0450596 ), (1713,0) global: ( 21.1859, -10.3703 ), (1713,0), changes: 0.192, 0.2 last seen:(1712,0) globalposderived: (1712,0)
(b)r: 0.2 phi: -4.03621 vel: ( -0.0306081, -0.00648755 ) (1714,0) rel: ( 0.199504, -0.0140774 ), (1714,0) global: ( 20.875, -10.4749 ), (1714,0), changes: 0.192, 0.2 last seen:(1712,0) globalposderived: (1712,0)
 1714: ball (20.874999,-10.474929), agent (20.682053,-10.527577), to (25.401097,-8.875117) ang 19.298638 19.298638
 1714: relpos body (0.200000,-4.036214), vel. ball:(-0.030608,-0.006488) dist: 1.167447 (0.300000,0.085000,0.782447)
 1714: point good and can reach point 29.927724
 1714: direction old: 84.732628, new: 12.670291
(b)r: 0.8 phi: -7 vel: ( 0.304724, 0.0692485 ) (1714,0) rel: ( 0.794037, -0.0974955 ), (1714,0) global: ( 21.6396, -10.4726 ), (1714,0), changes: 0.352, 0.5 last seen:(1714,0) globalposderived: (1714,0)
 1714: ball (21.639554,-10.472615), agent (20.859036,-10.648087), to (25.567262,-8.965052) ang 19.670291 19.670291
 1714: relpos body (0.800000,-7.000000), vel. ball:(0.304724,0.069249) dist: 1.167447 (0.300000,0.085000,0.782447)
 1714: point good and can reach point 20.031542
(b)r: 1.56728 phi: -3.16192 vel: ( 0.67883, 0.253687 ) (1715,0) rel: ( 1.5649, -0.0864481 ), (1715,0) global: ( 22.3617, -10.2027 ), (1715,0), changes: 0.352, 0.5 last seen:(1714,0) globalposderived: (1714,0)
 1715: direction old: 26.383502, new: 22.900443
(b)r: 1.6 phi: 3 vel: ( 0, 0 ) (1715,0) rel: ( 1.59781, 0.0837375 ), (1715,0) global: ( 22.4264, -10.2791 ), (1715,0), changes: 0.672, -0.3 last seen:(1715,0) globalposderived: (1715,0)
(b)r: 1.12673 phi: 4.26208 vel: ( 