 498: direction old: 90.427952, new: 92.214255
 499: direction old: 96.346496, new: 90.332703
(b)r: 1.07924 phi: -25.7267 vel: ( -0.163439, -0.142105 ) (500,0) rel: ( 0.972256, -0.468474 ), (500,0) global: ( -30.0738, 3.70533 ), (500,0), changes: -0.48, 1.6 last seen:(499,0) globalposderived: (499,0)
 500: ball (-30.073809,3.705332), agent (-30.175261,2.630875), to (-2.381614,14.573964) ang 110.332703 110.332703
 500: relpos body (1.079236,-25.726696), vel. ball:(-0.163439,-0.142105) dist: 1.166369 (0.300000,0.085000,0.781369)
 500: point too far, reposition ball (k_r = 0.742147)
 500: (kick 13.555730 101.849691), vecDesired (-0.393335,-0.286779) 0.000000 posDes(-30.467144,3.418553)
(b)r: 0.52088 phi: -1.1147 vel: ( -0.362786, -0.260909 ) (501,0) rel: ( 0.520782, -0.0101332 ), (501,0) global: ( -30.4598, 3.42777 ), (501,0), changes: -0.48, 1.6 last seen:(499,0) globalposderived: (499,0)
 501: ball (-30.459752,3.427769), agent (-30.288297,2.935916), to (-2.381614,14.573964) ang 110.332703 110.332703
 501: relpos body (0.520880,-1.114700), vel. ball:(-0.362786,-0.260909) dist: 1.166369 (0.300000,0.085000,0.781369)
 501: point too far, freeze ball
 501: direction old: 120.207971, new: 105.591384
(b)r: 0.5 phi: -5 vel: ( -0.31038, -0.222089 ) (501,0) rel: ( 0.498097, -0.0435779 ), (501,0) global: ( -30.2989, 3.40218 ), (501,0), changes: -0.26, 39.8 last seen:(501,0) globalposderived: (501,0)
 501: ball (-30.298851,3.402177), agent (-30.164464,2.920575), to (-2.381614,14.573964) ang 110.591384 110.591384
 501: relpos body (0.500000,-5.000000), vel. ball:(-0.310380,-0.222089) dist: 1.166369 (0.300000,0.085000,0.781369)
 501: point too far, freeze ball
(b)r: 0.368579 phi: -3.74413 vel: ( -0.0154529, -0.0110124 ) (502,0) rel: ( 0.367793, -0.0240686 ), (502,0) global: ( -30.3153, 3.39046 ), (502,0), changes: -0.26, 39.8 last seen:(501,0) globalposderived: (501,0)
 502: ball (-30.315290,3.390461), agent (-30.208468,3.037701), to (-2.381614,14.573964) ang 110.591384 110.591384
 502: relpos body (0.368579,-3.744129), vel. ball:(-0.015453,-0.011012) dist: 1.166369 (0.300000,0.085000,0.781369)
 502: pos (3.483890,1.394807) too far, but can acc ball good to 2.681702 k=2.700145,-0.004480
 502: direction old: 107.047687, new: 112.477478
(b)r: 0.4 phi: 2 vel: ( -0.0430296, -0.0503031 ) (502,0) rel: ( 0.399756, 0.0139598 ), (502,0) global: ( -30.3602, 3.40776 ), (502,0), changes: -0.08, 8.7 last seen:(502,0) globalposderived: (502,0)
 502: ball (-30.360185,3.407761), agent (-30.207257,3.038149), to (-2.381614,14.573964) ang 110.477478 110.477478
 502: relpos body (0.400000,2.000000), vel. ball:(-0.043030,-0.050303) dist: 1.166369 (0.300000,0.085000,0.781369)
 502: pos (3.485404,1.391019) too far, but can acc ball good to 2.620755 k=2.679542,-0.030770
(b)r: 0.2 phi: 86.2374 vel: ( 0.122217, 0.225038 ) (801,0) rel: ( 0.0131245, 0.199569 ), (801,0) global: ( -22.5347, -1.78084 ), (801,0), changes: -3, 0.7 last seen:(799,0) globalposderived: (799,0)
 801: ball (-22.534744,-1.780844), agent (-22.547869,-1.980413), to (-18.547869,-1.980413) ang 0.000000 0.000000
 801: relpos body (0.200000,86.237407), vel. ball:(0.122217,0.225038) dist: 1.166369 (0.300000,0.085000,0.781369)
 801: point good and can reach point 27.575169
 801: 2 pos: ball(-22.611298,-1.863926), ball_prev(-19.846811,3.229592), agentdiff(0.028780,-0.272740)
 801: direction old: 91.898423, new: 103.327835
(b)r: 0.4 phi: 98 vel: ( 0.122217, 0.225038 ) (801,0) rel: ( -0.0556692, 0.396107 ), (801,0) global: ( -22.6113, -1.86393 ), (801,0), changes: -3, 0.7 last seen:(801,0) globalposderived: (801,0)
 801: ball (-22.611298,-1.863926), agent (-22.519089,-2.253153), to (-18.536370,-1.881735) ang 5.327835 5.327835
 801: relpos body (0.400000,98.000000), vel. ball:(0.122217,0.225038) dist: 1.166369 (0.300000,0.085000,0.781369)
 801: point good and can reach point 29.654230
(b)r: 0.777417 phi: 25.544 vel: ( 0.71391, 0.00910039 ) (802,0) rel: ( 0.701428, 0.335226 ), (802,0) global: ( -21.8518, -1.85424 ), (802,0), changes: -3, 0.7 last seen:(801,0) globalposderived: (801,0)
 802: ball (-21.851819,-1.854245), agent (-22.519089,-2.253153), to (-18.536370,-1.881735) ang 5.327835 5.327835
 802: relpos body (0.777417,25.544030), vel. ball:(0.713910,0.009100) dist: 1.166369 (0.300000,0.085000,0.781369)
 802: point good and can reach point 0.820917
 802: direction old: 30.871865, new: 29.327835
(b)r: 0.7 phi: 24 vel: ( 0.684665, 0.00718851 ) (802,0) rel: ( 0.639482, 0.284716 ), (802,0) global: ( -21.9088, -1.91029 ), (802,0), changes: 0.574, -25.9 last seen:(802,0) globalposderived: (802,0)
 802: ball (-21.908807,-1.910288), agent (-22.519089,-2.253153), to (-18.536370,-1.881735) ang 5.327835 5.327835
 802: relpos body (0.700000,24.000000), vel. ball:(0.684665,0.007189) dist: 1.166369 (0.300000,0.085000,0.781369)
 802: point good and can reach point 1.715111
(b)r: 0.852516 phi: 15.5331 vel: ( 0.643585, 0.0067572 ) (803,0) rel: ( 0.821378, 0.228299 ), (803,0) global: ( -21.2241, -1.9031 ), (803,0), changes: 0.574, -25.9 last seen:(802,0) globalposderived: (802,0)
 803: ball (-21.224142,-1.903100), agent (-22.020773,-2.206681), to (-18.038055,-1.835264) ang 5.327835 5.327835
 803: relpos body (0.852516,15.533068), vel. ball:(0.643585,0.006757) dist: 1.166369 (0.300000,0.085000,0.781369)
 803: point good and can reach point 3.641292
(b)r: 0.806441 phi: 12.5525 vel: ( 0.60497, 0.00635177 ) (804,0) rel: ( 0.787165, 0.175267 ), (804,0) global: ( -20.5806, -1.89634 ), (804,0), changes: 0.574, -25.9 last seen:(802,0) globalposderived: (802,0)
 804: ball (-20.580557,-1.896343), agent (-21.348047,-2.143945), to (-17.365328,-1.772527) ang 5.327835 5.327835
 804: relpos body (0.806441,12.552509), vel. ball:(0.604970,0.006352) dist: 1.166369 (0.300000,0.085000,0.781369)
 804: point good and can reach point 5.295074
 804: direction old: 19.250137, new: 16.363166
(b)r: 0.9 phi: 11 vel: ( 0.60937, 0.00340739 ) (804,0) rel: ( 0.883464, 0.171728 ), (804,0) global: ( -20.468, -1.90506 ), (804,0), changes: 0.324, -7.7 last seen:(804,0) globalposderived: (804,0)
 804: ball (-20.468041,-1.905064), agent (-21.331587,-2.158616), to (-17.349098,-1.784743) ang 5.363166 5.363166
 804: relpos body (0.900000,11.000000), vel. ball:(0.609370,0.003407) dist: 1.166369 (0.300000,0.085000,0.781369)
 804: point good and can reach point 3.386855
(b)r: 0.726893 phi: 10.4388 vel: ( 0.572808, 0.00320294 ) (805,0) rel: ( 0.714862, 0.131702 ), (805,0) global: ( -19.8587, -1.90166 ), (805,0), changes: 0.324, -7.7 last seen:(804,0) globalposderived: (804,0)
 805: ball (-19.858671,-1.901656), agent (-20.558094,-2.099599), to (-16.575605,-1.725726) ang 5.363166 5.363166
 805: relpos body (0.726893,10.438809), vel. ball:(0.572808,0.003203) dist: 1.166369 (0.300000,0.085000,0.781369)
 805: point good and can reach point 6.555291
 805: direction old: 16.181079, new: 16.364025
(b)r: 0.7 phi: 11 vel: ( 0.566321, 0.00882505 ) (805,0) rel: ( 0.687139, 0.133566 ), (805,0) global: ( -19.8861, -1.90729 ), (805,0), changes: 0.238, -6.5 last seen:(805,0) globalposderived: (805,0)
 805: ball (-19.886092,-1.907286), agent (-20.557736,-2.104503), to (-16.575252,-1.730570) ang 5.364025 5.364025
 805: relpos body (0.700000,11.000000), vel. ball:(0.566321,0.008825) dist: 1.166369 (0.300000,0.085000,0.781369)
 805: point good and can reach point 6.713237
(b)r: 0.410839 phi: 12.5699 vel: ( 0.532341, 0.00829555 ) (806,0) rel: ( 0.400992, 0.0894112 ), (806,0) global: ( -19.3198, -1.89846 ), (806,0), changes: 0.238, -6.5 last seen:(805,0) globalposderived: (805,0)
 806: ball (-19.319771,-1.898461), agent (-19.710649,-2.024966), to (-15.728165,-1.651034) ang 5.364025 5.364025
 806: relpos body (0.410839,12.569905), vel. ball:(0.532341,0.008296) dist: 1.166369 (0.300000,0.085000,0.781369)
 806: point good and can reach point 7.419984
(b)r: 0.795479 phi: 6.48513 vel: ( 0.670097, 0.0419037 ) (807,0) rel: ( 0.790389, 0.0898457 ), (807,0) global: ( -18.6069, -1.85388 ), (807,0), changes: 0.238, -6.5 last seen:(805,0) globalposderived: (805,0)
 807: ball (-18.606902,-1.853882), agent (-19.385430,-2.017223), to (-15.402947,-1.643290) ang 5.364025 5.364025
 807: relpos body (0.795479,6.485131), vel. ball:(0.670097,0.041904) dist: 1.166369 (0.300000,0.085000,0.781369)
 807: point good and can reach point 2.301281
 807: direction old: -19.728230, new: 10.974581
(b)r: 0.8 phi: 6 vel: ( 0.658268, 0.0351541 ) (807,0) rel: ( 0.795618, 0.0836228 ), (807,0) global: ( -18.655, -1.4027 ), (807,0), changes: 0.512, -5.2 last seen:(807,0) globalposderived: (807,0)
 807: ball (-18.654988,-1.402700), agent (-19.440357,-1.554999), to (-15.455424,-1.208144) ang 4.974581 4.974581
 807: relpos body (0.800000,6.000000), vel. ball:(0.658268,0.035154) dist: 1.166369 (0.300000,0.085000,0.781369)
 807: point good and can reach point 2.835974
(b)r: 0.812488 phi: 7.56385 vel: ( 0.618772, 0.0330449 ) (808,0) rel: ( 0.805418, 0.106949 ), (808,0) global: ( -17.9967, -1.36755 ), (808,0), changes: 0.512, -5.2 last seen:(807,0) globalposderived: (807,0)
 808: ball (-17.996719,-1.367546), agent (-18.789830,-1.543932), to (-14.804897,-1.197077) ang 4.974581 4.974581
 808: relpos body (0.812488,7.563849), vel. ball:(0.618772,0.033045) dist: 1.166369 (0.300000,0.085000,0.781369)
 808: point good and can reach point 4.565802
 808: direction old: 27.214114, new: 14.181821
(b)r: 0.8 phi: 9 vel: ( 0.607712, 0.0387043 ) (808,0) rel: ( 0.790151, 0.125148 ), (808,0) global: ( -17.8641, -1.50222 ), (808,0), changes: 0.336, -3.2 last seen:(808,0) globalposderived: (808,0)
 808: ball (-17.864136,-1.502221), agent (-18.639754,-1.698221), to (-14.656102,-1.336955) ang 5.181821 5.181821
 808: relpos body (0.800000,9.000000), vel. ball:(0.607712,0.038704) dist: 1.166369 (0.300000,0.085000,0.781369)
 808: point good and can reach point 5.031384
(b)r: 0.711228 phi: 10.7991 vel: ( 0.571249, 0.0363821 ) (809,0) rel: ( 0.698632, 0.13326 ), (809,0) global: ( -17.2564, -1.46352 ), (809,0), changes: 0.336, -3.2 last seen:(808,0) globalposderived: (808,0)
 809: ball (-17.256424,-1.463517), agent (-17.940165,-1.659331), to (-13.956513,-1.298064) ang 5.181821 5.181821
 809: relpos body (0.711228,10.799133), vel. ball:(0.571249,0.036382) dist: 1.166369 (0.300000,0.085000,0.781369)
 809: point good and can reach point 6.418686
(b)r: 0.516334 phi: 16.3064 vel: ( 0.536974, 0.0341991 ) (810,0) rel: ( 0.495564, 0.144973 ), (810,0) global: ( -16.6852, -1.42714 ), (810,0), changes: 0.336, -3.2 last seen:(808,0) globalposderived: (808,0)
 810: ball (-16.685175,-1.427135), agent (-17.165620,-1.616274), to (-13.181968,-1.255007) ang 5.181821 5.181821
 810: relpos body (0.516334,16.306413), vel. ball:(0.536974,0.034199) dist: 1.166369 (0.300000,0.085000,0.781369)
 810: point good and can reach point 7.402092
 810: direction old: 32.928258, new: 21.197724
(b)r: 0.5 phi: 16 vel: ( 0.525071, 0.0259246 ) (810,0) rel: ( 0.480631, 0.137819 ), (810,0) global: ( -16.7501, -1.59027 ), (810,0), changes: 0.19, -8.4 last seen:(810,0) globalposderived: (810,0)
 810: ball (-16.750058,-1.590266), agent (-17.216227,-1.771059), to (-13.232675,-1.408687) ang 5.197724 5.197724
 810: relpos body (0.500000,16.000000), vel. ball:(0.525071,0.025925) dist: 1.166369 (0.300000,0.085000,0.781369)
 810: point good and can reach point 7.835340
(b)r: 0.866608 phi: 7.86876 vel: ( 0.660293, 0.0366061 ) (811,0) rel: ( 0.858449, 0.118643 ), (811,0) global: ( -16.0476, -1.55132 ), (811,0), changes: 0.19, -8.4 last seen:(810,0) globalposderived: (810,0)
 811: ball (-16.047618,-1.551323), agent (-16.891789,-1.747247), to (-12.908237,-1.384875) ang 5.197724 5.197724
 811: relpos body (0.866608,7.868758), vel. ball:(0.660293,0.036606) dist: 1.166369 (0.300000,0.085000,0.781369)
 811: point good and can reach point 0.889198
 811: direction old: 8.809309, new: 13.145581
(b)r: 0.8 phi: 8 vel: ( 0.639008, 0.0333948 ) (811,0) rel: ( 0.792214, 0.111338 ), (811,0) global: ( -16.1792, -1.5105 ), (811,0), changes: 0.48, -6.5 last seen:(811,0) globalposderived: (811,0)
 811: ball (-16.179153,-1.510497), agent (-16.958189,-1.692438), to (-12.974309,-1.333692) ang 5.145581 5.145581
 811: relpos body (0.800000,8.000000), vel. ball:(0.639008,0.033395) dist: 1.166369 (0.300000,0.085000,0.781369)
 811: point good and can reach point 3.673717
(b)r: 0.810757 phi: 6.18059 vel: ( 0.600667, 0.0313911 ) (812,0) rel: ( 0.806045, 0.0872882 ), (812,0) global: ( -15.5401, -1.4771 ), (812,0), changes: 0.48, -6.5 last seen:(811,0) globalposderived: (811,0)
 812: ball (-15.540145,-1.477103), agent (-16.335113,-1.636330), to (-12.351233,-1.277584) ang 5.145581 5.145581
 812: relpos body (0.810757,6.180593), vel. ball:(0.600667,0.031391) dist: 1.166369 (0.300000,0.085000,0.781369)
 812: point good and can reach point 5.347452
(b)r: 0.665589 phi: 8.98688 vel: ( 0.564627, 0.0295076 ) (813,0) rel: ( 0.657418, 0.10397 ), (813,0) global: ( -14.9395, -1.44571 ), (813,0), changes: 0.48, -6.5 last seen:(811,0) globalposderived: (811,0)
 813: ball (-14.939478,-1.445711), agent (-15.584922,-1.608225), to (-11.601042,-1.249478) ang 5.145581 5.145581
 813: relpos body (0.665589,8.986876), vel. ball:(0.564627,0.029508) dist: 1.166369 (0.300000,0.085000,0.781369)
 813: point good and can reach point 6.577442
 813: direction old: 24.488260, new: 11.268178
(b)r: 0.7 phi: 6 vel: ( 0.560661, 0.0207482 ) (813,0) rel: ( 0.696165, 0.0731699 ), (813,0) global: ( -14.7528, -1.53658 ), (813,0), changes: 0.252, -4.1 last seen:(813,0) globalposderived: (813,0)
 813: ball (-14.752782,-1.536584), agent (-15.439289,-1.673365), to (-11.456185,-1.306094) ang 5.268178 5.268178
 813: relpos body (0.700000,6.000000), vel. ball:(0.560661,0.020748) dist: 1.166369 (0.300000,0.085000,0.781369)
 813: point good and can reach point 6.862159
(b)r: 0.420119 phi: 14.0092 vel: ( 0.527021, 0.0195034 ) (814,0) rel: ( 0.407623, 0.101702 ), (814,0) global: ( -14.1921, -1.51584 ), (814,0), changes: 0.252, -4.1 last seen:(813,0) globalposderived: (813,0)
 814: ball (-14.192121,-1.515835), agent (-14.588684,-1.654534), to (-10.605581,-1.287264) ang 5.268178 5.268178
 814: relpos body (0.420119,14.009237), vel. ball:(0.527021,0.019503) dist: 1.166369 (0.300000,0.085000,0.781369)
 814: point good and can reach point 7.568562
 814: direction old: 4.694069, new: 19.218744
(b)r: 0.4 phi: 14 vel: ( 0.521064, 0.0172862 ) (814,0) rel: ( 0.388118, 0.0967688 ), (814,0) global: ( -14.3717, -1.42992 ), (814,0), changes: 0.168, -7.2 last seen:(814,0) globalposderived: (814,0)
 814: ball (-14.371701,-1.429924), agent (-14.749408,-1.561595), to (-10.765989,-1.197761) ang 5.218744 5.218744
 814: relpos body (0.400000,14.000000), vel. ball:(0.521064,0.017286) dist: 1.166369 (0.300000,0.085000,0.781369)
 814: point good and can reach point 7.755512
(b)r: 0.799136 phi: 6.98531 vel: ( 0.661373, 0.0410303 ) (815,0) rel: ( 0.793204, 0.0971868 ), (815,0) global: ( -13.6681, -1.38628 ), (815,0), changes: 0.168, -7.2 last seen:(814,0) globalposderived: (814,0)
 815: ball (-13.668113,-1.386275), agent (-14.449189,-1.555208), to (-10.465770,-1.191374) ang 5.218744 5.218744
 815: relpos body (0.799136,6.985306), vel. ball:(0.661373,0.041030) dist: 1.166369 (0.300000,0.085000,0.781369)
 815: point good and can reach point 2.682837
(b)r: 0.813576 phi: 7.90846 vel: ( 0.62169, 0.0385685 ) (816,0) rel: ( 0.805838, 0.11194 ), (816,0) global: ( -13.0067, -1.34524 ), (816,0), changes: 0.168, -7.2 last seen:(814,0) globalposderived: (814,0)
 816: ball (-13.006740,-1.345245), agent (-13.799056,-1.530019), to (-9.815637,-1.166186) ang 5.218744 5.218744
 816: relpos body (0.813576,7.908458), vel. ball:(0.621690,0.038568) dist: 1.166369 (0.300000,0.085000,0.781369)
 816: point good and can reach point 4.433105
 816: direction old: 30.108216, new: 11.408450
(b)r: 0.9 phi: 6 vel: ( 0.6401, 0.0377361 ) (816,0) rel: ( 0.89507, 0.0940756 ), (816,0) global: ( -12.924, -1.63083 ), (816,0), changes: 0.396, -3.4 last seen:(816,0) globalposderived: (816,0)
 816: ball (-12.924016,-1.630826), agent (-13.806233,-1.808848), to (-9.824041,-1.431828) ang 5.408450 5.408450
 816: relpos body (0.900000,6.000000), vel. ball:(0.640100,0.037736) dist: 1.166369 (0.300000,0.085000,0.781369)
 816: point good and can reach point 1.801692
(b)r: 0.813316 phi: 5.03011 vel: ( 0.601694, 0.0354719 ) (817,0) rel: ( 0.810184, 0.071311 ), (817,0) global: ( -12.2839, -1.59309 ), (817,0), changes: 0.396, -3.4 last seen:(816,0) globalposderived: (816,0)
 817: ball (-12.283915,-1.593090), agent (-13.083771,-1.740448), to (-9.101579,-1.363427) ang 5.408450 5.408450
 817: relpos body (0.813316,5.030110), vel. ball:(0.601694,0.035472) dist: 1.166369 (0.300000,0.085000,0.781369)
 817: point good and can reach point 5.293739
 817: direction old: 10.801269, new: 9.353726
(b)r: 0.8 phi: 4 vel: ( 0.599619, 0.0291044 ) (817,0) rel: ( 0.798051, 0.0558052 ), (817,0) global: ( -12.2939, -1.61558 ), (817,0), changes: 0.304, -3.9 last seen:(817,0) globalposderived: (817,0)
 817: ball (-12.293939,-1.615576), agent (-13.083302,-1.745600), to (2.226108,-2.814446) ang 5.353726 5.353726
 817: relpos body (0.800000,4.000000), vel. ball:(0.599619,0.029104) dist: 1.166369 (0.300000,0.085000,0.781369)
 817: point good and can reach point 87.163251
(b)r: 1.70551 phi: 14.2621 vel: ( 0, 0 ) (1374,0) rel: ( 1.65295, 0.420167 ), (1374,0) global: ( -7.92899, 0.678973 ), (1374,0), changes: -0.54, 8.7 last seen:(1372,0) globalposderived: (1372,0)
 1374: 2 pos: ball(-9.502025,0.982508), ball_prev(-7.928991,0.678973), agentdiff(-0.226068,0.356520)
 1374: direction old: 36.643102, new: 102.082550
(b)r: 1.3 phi: 66 vel: ( 0, 0 ) (1374,0) rel: ( 0.528758, 1.18761 ), (1374,0) global: ( -9.50203, 0.982508 ), (1374,0), changes: -0.54, 8.7 last seen:(1374,0) globalposderived: (1374,0)
(b)r: 1.1649 phi: 1.3525 vel: ( 0, 0 ) (1375,0) rel: ( 1.16458, 0.0274957 ), (1375,0) global: ( -9.50203, 0.982508 ), (1375,0), changes: -0.54, 8.7 last seen:(1374,0) globalposderived: (1374,0)
 1375: direction old: 116.260096, new: 138.596966
(b)r: 1.5 phi: 33 vel: ( -0.596837, -0.0649911 ) (1375,0) rel: ( 1.25801, 0.816959 ), (1375,0) global: ( -9.95465, 0.611471 ), (1375,0), changes: 0.42, 21.1 last seen:(1375,0) globalposderived: (1375,0)
(b)r: 1.993 phi: -20.738 vel: ( -0.561027, -0.0610917 ) (1376,0) rel: ( 1.86388, -0.705712 ), (1376,0) global: ( -10.5515, 0.54648 ), (1376,0), changes: 0.42, 21.1 last seen:(1375,0) globalposderived: (1375,0)
 1377: direction old: 164.651995, new: 161.412129
 1378: direction old: 157.534935, new: 166.166409
(b)r: 1.93839 phi: -3.76437 vel: ( -0.568846, -0.0533805 ) (1380,0) rel: ( 1.93421, -0.127262 ), (1380,0) global: ( -13.4771, 0.247938 ), (1380,0), changes: 0.352, 5.2 last seen:(1378,0) globalposderived: (1378,0)
 1380: direction old: 167.122489, new: 168.998297
(b)r: 1.8216 phi: -3.74909 vel: ( -0.547364, -0.0441256 ) (1381,0) rel: ( 1.8177, -0.11911 ), (1381,0) global: ( -13.9668, 0.11266 ), (1381,0), changes: 0.28, 3.2 last seen:(1380,0) globalposderived: (1380,0)
 1381: direction old: 179.511097, new: 170.232694
(b)r: 1.8 phi: -4 vel: ( 0, 0 ) (1381,0) rel: ( 1.79562, -0.125562 ), (1381,0) global: ( -14.0132, 0.403284 ), (1381,0), changes: 0.252, 2.4 last seen:(1381,0) globalposderived: (1381,0)
(b)r: 1.02943 phi: -7.76573 vel: ( 0, 0 ) (1382,0) rel: ( 1.01999, -0.1391 ), (1382,0) global: ( -14.0132, 0.403284 ), (1382,0), changes: 0.252, 2.4 last seen:(1381,0) globalposderived: (1381,0)
(b)r: 0.513683 phi: -15.7113 vel: ( 0, 0 ) (1383,0) rel: ( 0.494491, -0.1391 ), (1383,0) global: ( -14.0132, 0.403284 ), (1383,0), changes: 0.252, 2.4 last seen:(1381,0) globalposderived: (1381,0)
 1383: direction old: 148.328855, new: 173.245373
 1384: direction old: 170.523897, new: 174.081755
(b)r: 1.8657 phi: 0.503782 vel: ( -0.579975, 0.019859 ) (1385,0) rel: ( 1.86563, 0.0164042 ), (1385,0) global: ( -16.7568, 0.272936 ), (1385,0), changes: 0.36, 1 last seen:(1384,0) globalposderived: (1384,0)
(b)r: 1.65259 phi: 1.59441 vel: ( -0.545177, 0.0186675 ) (1386,0) rel: ( 1.65195, 0.045982 ), (1386,0) global: ( -17.3368, 0.292796 ), (1386,0), changes: 0.36, 1 last seen:(1384,0) globalposderived: (1384,0)
 1386: direction old: -176.423296, new: 179.413435
 1387: direction old: 179.259103, new: -179.258799
 1389: direction old: 179.093867, new: -177.713442
 1390: direction old: -177.224981, new: -177.649187
 1392: direction old: -162.945774, new: -173.964565
 1393: direction old: 176.191882, new: -174.647528
(b)r: 1.69049 phi: 2.75737 vel: ( -0.403171, -0.0463975 ) (1395,0) rel: ( 1.68854, 0.0813239 ), (1395,0) global: ( -22.5103, -0.282987 ), (1395,0), changes: 0.264, 0.3 last seen:(1393,0) globalposderived: (1393,0)
 1395: direction old: -174.130767, new: -172.500577
(b)r: 1.6 phi: 4 vel: ( 0, 0 ) (1395,0) rel: ( 1.5961, 0.11161 ), (1395,0) global: ( -22.4024, -0.317649 ), (1395,0), changes: 0.064, 1.2 last seen:(1395,0) globalposderived: (1395,0)
(b)r: 0.811034 phi: 7.90985 vel: ( 0, 0 ) (1396,0) rel: ( 0.803318, 0.11161 ), (1396,0) global: ( -22.4024, -0.317649 ), (1396,0), changes: 0.064, 1.2 last seen:(1395,0) globalposderived: (1395,0)
 1396: direction old: -167.285383, new: -171.456495
(b)r: 1.6 phi: 5 vel: ( 0, 0 ) (1396,0) rel: ( 1.59391, 0.139449 ), (1396,0) global: ( -23.0683, -0.34859 ), (1396,0), changes: 0.704, -1.5 last seen:(1396,0) globalposderived: (1396,0)
(b)r: 1.13975 phi: 7.05431 vel: ( 0, 0 ) (1397,0) rel: ( 1.13112, 0.139973 ), (1397,0) global: ( -23.0683, -0.34859 ), (1397,0), changes: 0.704, -1.5 last seen:(1396,0) globalposderived: (1396,0)
(b)r: 0.672977 phi: 11.9742 vel: ( 0, 0 ) (1398,0) rel: ( 0.658334, 0.139624 ), (1398,0) global: ( -23.0683, -0.34859 ), (1398,0), changes: 0.704, -1.5 last seen:(1396,0) globalposderived: (1396,0)
 1398: direction old: 168.165158, new: -177.830903
 1399: direction old: -176.728289, new: -176.699320
 1401: direction old: -177.830635, new: -177.796556
 1402: direction old: -179.385634, new: -179.585547
(b)r: 2 phi: -3 vel: ( -0.460273, -0.033927 ) (1402,0) rel: ( 1.99726, -0.104672 ), (1402,0) global: ( -26.7097, -0.801365 ), (1402,0), changes: 0.48, 0.7 last seen:(1402,0) globalposderived: (1402,0)
 1404: direction old: 174.663723, new: 179.608468
(b)r: 2 phi: -3 vel: ( 0, 0 ) (1404,0) rel: ( 1.99726, -0.104672 ), (1404,0) global: ( -27.6874, -1.03241 ), (1404,0), changes: 0.44, 0.3 last seen:(1404,0) globalposderived: (1404,0)
(b)r: 1.52804 phi: -3.91477 vel: ( 0, 0 ) (1405,0) rel: ( 1.52447, -0.104323 ), (1405,0) global: ( -27.6874, -1.03241 ), (1405,0), changes: 0.44, 0.3 last seen:(1404,0) globalposderived: (1404,0)
 1405: direction old: -169.103175, new: -179.502815
 1407: direction old: -173.333079, new: -179.049517
 1408: direction old: 173.824875, new: 177.427458
 1410: direction old: 171.845022, new: 176.245667
 1411: direction old: 179.673667, new: 173.721190
(b)r: 2 phi: -10 vel: ( -0.464141, -0.0110677 ) (1411,0) rel: ( 1.96962, -0.347296 ), (1411,0) global: ( -31.8983, -0.713824 ), (1411,0), changes: 0.48, 2.2 last seen:(1411,0) globalposderived: (1411,0)
 1624: direction old: -19.356473, new: -20.546595
 1626: direction old: -38.833115, new: -36.546266
(b)r: 1.43229 phi: 14.2059 vel: ( 0, 0 ) (1627,0) rel: ( 1.38849, 0.351496 ), (1627,0) global: ( -8.634, -7.09944 ), (1627,0), changes: 0, -7.8 last seen:(1626,0) globalposderived: (1626,0)
 1627: direction old: -35.012459, new: -45.533245
(b)r: 0.7 phi: 2 vel: ( -0.825936, 0.397209 ) (1627,0) rel: ( 0.699574, 0.0244296 ), (1627,0) global: ( -9.33956, -6.76123 ), (1627,0), changes: -1.092, -25.8 last seen:(1627,0) globalposderived: (1627,0)
 1627: turnWithBall: kick ball away from opp at ang -4.533245
 1627: (kick 0.853138 -67.937086), vecDesired (-0.834816,0.378566) -137.000000 posDes(-10.174378,-6.382662)
(b)r: 0.494314 phi: -139.567 vel: ( -0.77638, 0.373376 ) (1628,0) rel: ( -0.376257, -0.320588 ), (1628,0) global: ( -10.1655, -6.36402 ), (1628,0), changes: -1.092, -25.8 last seen:(1627,0) globalposderived: (1627,0)
 1628: turnWithBall: freeze ball
(b)r: 0.584651 phi: -145.008 vel: ( -0.0118418, -0.00750615 ) (1629,0) rel: ( -0.478967, -0.335273 ), (1629,0) global: ( -10.1781, -6.37201 ), (1629,0), changes: -1.092, -25.8 last seen:(1627,0) globalposderived: (1627,0)
 1629: turnWithBall: turn since ball will be kickable in t+1
 1629: 2 pos: ball(-10.210817,-6.543682), ball_prev(-9.339561,-6.761229), agentdiff(-0.225734,-0.176445)
 1629: direction old: 138.668157, new: 160.773162
(b)r: 0.4 phi: -152 vel: ( -0.0118418, -0.00750615 ) (1629,0) rel: ( -0.353179, -0.187789 ), (1629,0) global: ( -10.2108, -6.54368 ), (1629,0), changes: -1.092, -25.8 last seen:(1629,0) globalposderived: (1629,0)
 1629: turnWithBall: turn since ball will be kickable in t+1
(b)r: 0.2 phi: 158.039 vel: ( 0, 0 ) (1630,0) rel: 