 925: direction old: -62.744089, new: -62.415804
(b)r: 1.72282 phi: -11.7988 vel: ( -0.253037, 0.00976642 ) (926,0) rel: ( 1.68642, -0.352276 ), (926,0) global: ( -13.3114, 16.4342 ), (926,0), changes: -0.25, -5.4 last seen:(925,0) globalposderived: (925,0)
 926: direction old: -71.519047, new: -70.299060
(b)r: 1.6 phi: -12 vel: ( -0.243286, 0.00154039 ) (926,0) rel: ( 1.56504, -0.332659 ), (926,0) global: ( -13.2547, 16.372 ), (926,0), changes: -0.32, -9.2 last seen:(926,0) globalposderived: (926,0)
(b)r: 0.831591 phi: -39.1503 vel: ( -0.228689, 0.00144797 ) (927,0) rel: ( 0.644893, -0.525031 ), (927,0) global: ( -13.498, 16.3735 ), (927,0), changes: -0.32, -9.2 last seen:(926,0) globalposderived: (926,0)
 927: turnWithBall: kick ball away from opp at ang -34.389713
 927: (kick 40.473036 142.458461), vecDesired (-0.142619,0.842865) -156.090653 posDes(-13.640598,17.216381)
(b)r: 0.495684 phi: -155.673 vel: ( -0.128755, 0.782384 ) (928,0) rel: ( -0.451672, -0.204194 ), (928,0) global: ( -13.635, 17.2058 ), (928,0), changes: -0.32, -9.2 last seen:(926,0) globalposderived: (926,0)
 928: turnWithBall: freeze ball
 928: 2 pos: ball(-13.742789,17.275025), ball_prev(-13.254693,16.371976), agentdiff(-0.087586,0.093269)
 928: direction old: 150.407420, new: 149.615782
(b)r: 0.5 phi: -152 vel: ( -0.128755, 0.782384 ) (928,0) rel: ( -0.441474, -0.234736 ), (928,0) global: ( -13.7428, 17.275 ), (928,0), changes: -0.32, -9.2 last seen:(928,0) globalposderived: (928,0)
 928: turnWithBall: freeze ball
(b)r: 0.2 phi: -153.037 vel: ( -0.000209809, -0.000868324 ) (929,0) rel: ( -0.178259, -0.0906839 ), (929,0) global: ( -13.4821, 17.1264 ), (929,0), changes: -0.32, -9.2 last seen:(928,0) globalposderived: (928,0)
 929: turnWithBall: turn since ball will be kickable in t+1
 929: 2 pos: ball(-13.743805,17.244311), ball_prev(-13.742789,17.275025), agentdiff(0.068457,-0.108270)
 929: direction old: 138.369890, new: 146.581139
(b)r: 0.6 phi: -155 vel: ( -0.000209809, -0.000868324 ) (929,0) rel: ( -0.543785, -0.253571 ), (929,0) global: ( -13.7438, 17.2443 ), (929,0), changes: -0.32, -9.2 last seen:(929,0) globalposderived: (929,0)
 929: turnWithBall: turn since ball will be kickable in t+1
(b)r: 0.599697 phi: 146.696 vel: ( -0.00019722, -0.000816225 ) (930,0) rel: ( -0.501209, 0.329282 ), (930,0) global: ( -13.744, 17.2434 ), (930,0), changes: -0.32, -9.2 last seen:(929,0) globalposderived: (929,0)
 930: kick results in collision, change velDes from (0.768948,-0.056719)
 930: ball (-13.744015,17.243443), agent (-13.243005,16.913858), to (-9.243006,16.911439) ang -0.034643 -0.034643
 930: relpos body (0.599697,146.696067), vel. ball:(-0.000197,-0.000816) dist: 1.035542 (0.300000,0.085000,0.650542)
 930: point good and can reach point 47.170605
(b)r: 0.481755 phi: 33.4124 vel: ( 0.849106, -0.0606716 ) (931,0) rel: ( 0.402135, 0.265284 ), (931,0) global: ( -12.8407, 17.1789 ), (931,0), changes: -0.32, -9.2 last seen:(929,0) globalposderived: (929,0)
 931: ball (-12.840710,17.178898), agent (-13.243005,16.913858), to (-9.243006,16.911439) ang -0.034643 -0.034643
 931: relpos body (0.481755,33.412419), vel. ball:(0.849106,-0.060672) dist: 1.035542 (0.300000,0.085000,0.650542)
 931: point good and can reach point 5.113217
 931: 2 pos: ball(-12.688106,16.308585), ball_prev(-13.743805,17.244311), agentdiff(0.082266,0.275986)
 931: direction old: -1.958763, new: -61.794594
(b)r: 1 phi: -63 vel: ( 0.849106, -0.0606716 ) (931,0) rel: ( 0.45399, -0.891007 ), (931,0) global: ( -12.6881, 16.3086 ), (931,0), changes: -0.32, -9.2 last seen:(931,0) globalposderived: (931,0)
 931: ball (-12.688106,16.308585), agent (-13.160739,17.189843), to (-9.161625,17.273990) ang 1.205406 1.205406
 931: relpos body (1.000000,-63.000000), vel. ball:(0.849106,-0.060672) dist: 1.035542 (0.300000,0.085000,0.650542)
 931: point good and can reach point 16.067304
(b)r: 1.36217 phi: -31.6144 vel: ( 0.660021, 0.180264 ) (932,0) rel: ( 1.16002, -0.71405 ), (932,0) global: ( -11.986, 16.5004 ), (932,0), changes: -0.32, -9.2 last seen:(931,0) globalposderived: (931,0)
(b)r: 1.36217 phi: -31.6144 vel: ( 0.660021, 0.180264 ) (932,0) rel: ( 1.16002, -0.71405 ), (932,0) global: ( -13.0751, 16.596 ), (932,0), changes: -0.32, -9.2 last seen:(931,0) globalposderived: (931,0)
(b)r: 0.457739 phi: -66.4217 vel: ( 0, 0 ) (933,0) rel: ( 0.183096, -0.419524 ), (933,0) global: ( -12.4151, 16.7762 ), (933,0), changes: -0.32, -9.2 last seen:(931,0) globalposderived: (931,0)
 933: ball (-12.415085,16.776249), agent (-12.606966,17.191829), to (-8.607851,17.275976) ang 1.205406 1.205406
 933: relpos body (0.457739,-66.421720), vel. ball:(0.000000,0.000000) dist: 1.035542 (0.300000,0.085000,0.650542)
 933: point good and can reach point 30.511100
(b)r: 0.418903 phi: -97.4342 vel: ( 0, 0 ) (934,0) rel: ( -0.0542007, -0.415382 ), (934,0) global: ( -12.4151, 16.7762 ), (934,0), changes: -0.32, -9.2 last seen:(931,0) globalposderived: (931,0)
 934: ball (-12.415085,16.776249), agent (-12.369634,17.192680), to (-8.370520,17.276827) ang 1.205406 1.205406
 934: relpos body (0.418903,-97.434176), vel. ball:(0.000000,0.000000) dist: 1.035542 (0.300000,0.085000,0.650542)
 934: point good and can reach point 33.531440
(b)r: 0.378442 phi: -96.4412 vel: ( 0, 0 ) (934,0) rel: ( -0.0424549, -0.376053 ), (934,0) global: ( -12.7427, 16.3289 ), (934,0), changes: -0.32, -9.2 last seen:(931,0) globalposderived: (931,0)
 934: ball (-12.742672,16.328887), agent (-12.381386,17.153188), to (-8.382467,17.246201) ang 1.332435 1.332435
 934: relpos body (0.378442,-96.441201), vel. ball:(0.000000,0.000000) dist: 1.035542 (0.300000,0.085000,0.650542)
 934: point good and can reach point 32.877918
(b)r: 0.932525 phi: -119.511 vel: ( 0, 0 ) (935,0) rel: ( -0.459359, -0.811537 ), (935,0) global: ( -12.7427, 16.3289 ), (935,0), changes: -0.32, -9.2 last seen:(931,0) globalposderived: (931,0)
 935: ball (-12.742672,16.328887), agent (-12.302308,17.150885), to (-8.303390,17.243899) ang 1.332435 1.332435
 935: relpos body (0.932525,-119.511426), vel. ball:(0.000000,0.000000) dist: 1.035542 (0.300000,0.085000,0.650542)
 935: point good and can reach point 45.793573
(b)r: 1.03229 phi: -115.319 vel: ( 0, 0 ) (935,0) rel: ( -0.441474, -0.933125 ), (935,0) global: ( -12.7682, 16.49 ), (935,0), changes: -0.32, -9.2 last seen:(931,0) globalposderived: (931,0)
 935: ball (-12.768205,16.490049), agent (-12.321372,17.271292), to (-8.322297,17.357333) ang 1.232541 1.232541
 935: relpos body (1.032289,-115.319479), vel. ball:(0.000000,0.000000) dist: 1.035542 (0.300000,0.085000,0.650542)
 935: point good and can reach point 48.312779
(b)r: 0.912275 phi: -122.476 vel: ( 0, 0 ) (936,0) rel: ( -0.48984, -0.769611 ), (936,0) global: ( -12.7682, 16.49 ), (936,0), changes: -0.32, -9.2 last seen:(931,0) globalposderived: (931,0)
 936: ball (-12.768205,16.490049), agent (-12.295032,17.270018), to (-8.295958,17.356059) ang 1.232541 1.232541
 936: relpos body (0.912275,-122.475848), vel. ball:(0.000000,0.000000) dist: 1.035542 (0.300000,0.085000,0.650542)
 936: point good and can reach point 45.526022
(b)r: 0.912275 phi: -122.476 vel: ( 0, 0 ) (937,0) rel: ( -0.48984, -0.769611 ), (937,0) global: ( -12.7682, 16.49 ), (937,0), changes: -0.32, -9.2 last seen:(931,0) globalposderived: (931,0)
 937: ball (-12.768205,16.490049), agent (-12.295032,17.270018), to (-8.295958,17.356059) ang 1.232541 1.232541
 937: relpos body (0.912275,-122.475848), vel. ball:(0.000000,0.000000) dist: 1.035542 (0.300000,0.085000,0.650542)
 937: point good and can reach point 45.526022
(b)r: 0.969261 phi: -127.372 vel: ( 0, 0 ) (937,0) rel: ( -0.588334, -0.770279 ), (937,0) global: ( -11.7434, 16.4952 ), (937,0), changes: -0.32, -9.2 last seen:(931,0) globalposderived: (931,0)
 937: ball (-11.743416,16.495196), agent (-12.196561,17.272794), to (-8.197485,17.358760) ang 1.231460 1.231460
 937: relpos body (0.969261,-127.372363), vel. ball:(0.000000,0.000000) dist: 1.035542 (0.300000,0.085000,0.650542)
 937: point good and can reach point 44.846402
(b)r: 0.9 phi: -61 vel: ( 0, 0 ) (938,0) rel: ( 0.436329, -0.787158 ), (938,0) global: ( -11.7434, 16.4952 ), (938,0), changes: -0.32, -9.2 last seen:(931,0) globalposderived: 