 0: change player from message 62 -> 1
 0: changed player from message 62 -> 1
 0: change player from message 63 -> 2
 0: changed player from message 63 -> 2
 0: change player from message 64 -> 3
 0: changed player from message 64 -> 3
 0: change player from message 65 -> 4
 0: changed player from message 65 -> 4
 0: change player from message 66 -> 5
 0: changed player from message 66 -> 5
 0: change player from message 67 -> 6
 0: changed player from message 67 -> 6
 0: change player from message 68 -> 7
 0: changed player from message 68 -> 7
 0: change player from message 69 -> 8
 0: changed player from message 69 -> 8
 0: change player from message 70 -> 9
 0: changed player from message 70 -> 9
 0: change player from message 71 -> 10
 0: changed player from message 71 -> 10
 151: Received coach message: online_coach_left (advice (0 (true) (do our {1} (home (pt 35 -22))) (do our {2} (home (pt 12 -15))) (do our {3} (home (pt 20 0))) (do our {4} (home (pt 35 22))) (do our {5} (home (pt 12 15))) (do our {6} (home (pt -12 -26))) (do our {7} (home (pt -50 0))) (do our {8} (home (pt -20 10))) (do our {9} (home (pt 0 0))) (do our {10} (home (pt -20 -10))) (do our {11} (home (pt -12 26))))))
 151: new home position for player 0: 35 -22
 151: new home position for player 1: 12 -15
 151: new home position for player 2: 20 0
 151: new home position for player 3: 35 22
 151: new home position for player 4: 12 15
 151: new home position for player 5: -12 -26
 151: new home position for player 6: -50 0
 151: new home position for player 7: -20 10
 151: new home position for player 8: 0 0
 151: new home position for player 9: -20 -10
 151: new home position for player 10: -12 26
 333: direction old: 125.079198, new: 139.658768
(b)r: 0.960556 phi: 17.1188 vel: ( 1.1047, -1.28692 ) (334,0) rel: ( 0.918, 0.282743 ), (334,0) global: ( -14.4897, 1.5244 ), (334,0), changes: -1.782, 6 last seen:(333,0) globalposderived: (333,0)
 334: ball (-14.489657,1.524399), agent (-13.606924,1.145650), to (-1.215118,8.667751) ang 139.658768 139.658768
 334: relpos body (0.960556,17.118795), vel. ball:(1.104702,-1.286921) dist: 1.032194 (0.300000,0.085000,0.647194)
 334: point good, but reposition ball since need 137.608668
 334: (kick 66.865255 -23.766619), vecDesired (0.510358,-0.062491) 0.000000 posDes(-13.979299,1.461908)
 334: direction old: 156.777563, new: 158.292349
(b)r: 0.9 phi: 19 vel: ( 1.13283, -1.3023 ) (334,0) rel: ( 0.850967, 0.293011 ), (334,0) global: ( -14.4431, 1.47853 ), (334,0), changes: -1.566, 50.6 last seen:(334,0) globalposderived: (334,0)
 334: ball (-14.443099,1.478534), agent (-13.606924,1.145650), to (-1.215118,8.667751) ang 139.292349 139.292349
 334: relpos body (0.900000,19.000000), vel. ball:(1.132832,-1.302298) dist: 1.032194 (0.300000,0.085000,0.647194)
 334: point good, but reposition ball since need 134.324216
 334: (kick 69.348137 -21.915426), vecDesired (0.465830,-0.014251) 0.000000 posDes(-13.977269,1.464283)
(b)r: 0.490826 phi: 2.82351 vel: ( 0.421861, -0.0295945 ) (335,0) rel: ( 0.490231, 0.024178 ), (335,0) global: ( -13.9943, 1.44705 ), (335,0), changes: -1.566, 50.6 last seen:(334,0) globalposderived: (334,0)
 335: ball (-13.994311,1.447050), agent (-13.606924,1.145650), to (-1.215118,8.667751) ang 139.292349 139.292349
 335: relpos body (0.490826,2.823514), vel. ball:(0.421861,-0.029595) dist: 1.032194 (0.300000,0.085000,0.647194)
 335: point good and can reach point 88.434561
 336: 2 pos: ball(-11.848200,2.922414), ball_prev(-14.443099,1.478534), agentdiff(0.000000,0.000000)
 336: direction old: 40.912914, new: 45.292349
 351: Received coach message: online_coach_left (advice (0 (true) (do our {1} (home (pt 20 0))) (do our {2} (home (pt 35 -22))) (do our {3} (home (pt 12 -15))) (do our {4} (home (pt 12 15))) (do our {5} (home (pt 35 22))) (do our {6} (home (pt 0 0))) (do our {7} (home (pt -12 -26))) (do our {8} (home (pt -20 -10))) (do our {9} (home (pt -20 10))) (do our {10} (home (pt -50 0))) (do our {11} (home (pt -12 26))))))
 351: new home position for player 0: 20 0
 351: new home position for player 1: 35 -22
 351: new home position for player 2: 12 -15
 351: new home position for player 3: 12 15
 351: new home position for player 4: 35 22
 351: new home position for player 5: 0 0
 351: new home position for player 6: -12 -26
 351: new home position for player 7: -20 -10
 351: new home position for player 8: -20 10
 351: new home position for player 9: -50 0
 351: new home position for player 10: -12 26
 651: Received coach message: online_coach_left (advice (0 (true) (do our {1} (home (pt 35 -22))) (do our {2} (home (pt 12 -15))) (do our {3} (home (pt 20 0))) (do our {4} (home (pt 12 15))) (do our {5} (home (pt 35 22))) (do our {6} (home (pt -50 0))) (do our {7} (home (pt -20 -10))) (do our {8} (home (pt -12 26))) (do our {9} (home (pt 0 0))) (do our {10} (home (pt -12 -26))) (do our {11} (home (pt -20 10))))))
 651: new home position for player 0: 35 -22
 651: new home position for player 1: 12 -15
 651: new home position for player 2: 20 0
 651: new home position for player 3: 12 15
 651: new home position for player 4: 35 22
 651: new home position for player 5: -50 0
 651: new home position for player 6: -20 -10
 651: new home position for player 7: -12 26
 651: new home position for player 8: 0 0
 651: new home position for player 9: -12 -26
 651: new home position for player 10: -20 10
 948: direction old: -23.280993, new: -24.180224
(b)r: 1.84178 phi: -4.77705 vel: ( -0.371723, 0.00885959 ) (949,0) rel: ( 1.83539, -0.153381 ), (949,0) global: ( -12.6925, -0.648699 ), (949,0), changes: -0.352, -4.2 last seen:(948,0) globalposderived: (948,0)
 949: direction old: -28.957276, new: -29.265445
(b)r: 1.8 phi: -5 vel: ( -0.369419, 0.00825767 ) (949,0) rel: ( 1.79315, -0.15688 ), (949,0) global: ( -12.7338, -0.636927 ), (949,0), changes: -0.324, -5.5 last seen:(949,0) globalposderived: (949,0)
(b)r: 1.48386 phi: -6.71034 vel: ( -0.347254, 0.00776221 ) (950,0) rel: ( 1.4737, -0.173389 ), (950,0) global: ( -13.1032, -0.62867 ), (950,0), changes: -0.324, -5.5 last seen:(949,0) globalposderived: (949,0)
(b)r: 1.21448 phi: -9.36909 vel: ( -0.326418, 0.00729648 ) (951,0) rel: ( 1.19828, -0.19771 ), (951,0) global: ( -13.4504, -0.620907 ), (951,0), changes: -0.324, -5.5 last seen:(949,0) globalposderived: (949,0)
 951: direction old: -45.344875, new: -44.863215
(b)r: 1.5 phi: -9 vel: ( -0.210636, -0.0415318 ) (951,0) rel: ( 1.48153, -0.234652 ), (951,0) global: ( -13.2408, -0.815111 ), (951,0), changes: -0.12, -6.8 last seen:(951,0) globalposderived: (951,0)
 951: Received coach message: online_coach_left (advice (0 (true) (do our {1} (home (pt 35 -22))) (do our {2} (home (pt 12 -15))) (do our {3} (home (pt 20 0))) (do our {4} (home (pt 12 15))) (do our {5} (home (pt 35 22))) (do our {6} (home (pt -50 0))) (do our {7} (home (pt -12 -26))) (do our {8} (home (pt -20 10))) (do our {9} (home (pt 0 0))) (do our {10} (home (pt -20 -10))) (do our {11} (home (pt -12 26))))))
 951: new home position for player 0: 35 -22
 951: new home position for player 1: 12 -15
 951: new home position for player 2: 20 0
 951: new home position for player 3: 12 15
 951: new home position for player 4: 35 22
 951: new home position for player 5: -50 0
 951: new home position for player 6: -12 -26
 951: new home position for player 7: -20 10
 951: new home position for player 8: 0 0
 951: new home position for player 9: -20 -10
 951: new home position for player 10: -12 26
(b)r: 1.39144 phi: -7.35071 vel: ( -0.197998, -0.0390399 ) (952,0) rel: ( 1.38, -0.178024 ), (952,0) global: ( -13.4515, -0.856643 ), (952,0), changes: -0.12, -6.8 last seen:(951,0) globalposderived: (951,0)
 952: direction old: -52.213923, new: -49.481354
(b)r: 1.3 phi: -5 vel: ( -0.101052, -0.0179603 ) (952,0) rel: ( 1.29505, -0.113302 ), (952,0) global: ( -13.4594, -0.745239 ), (952,0), changes: -0.052, -3.9 last seen:(952,0) globalposderived: (952,0)
(b)r: 1.25113 phi: -4.05571 vel: ( -0.0949893, -0.0168826 ) (953,0) rel: ( 1.248, -0.0884882 ), (953,0) global: ( -13.5605, -0.763199 ), (953,0), changes: -0.052, -3.9 last seen:(952,0) globalposderived: (952,0)
(b)r: 1.21135 phi: -4.09144 vel: ( -0.0892899, -0.0158697 ) (954,0) rel: ( 1.20826, -0.0864277 ), (954,0) global: ( -13.6555, -0.780082 ), (954,0), changes: -0.052, -3.9 last seen:(952,0) globalposderived: (952,0)
 954: direction old: -57.628512, new: -52.216578
(b)r: 1.3 phi: 0 vel: ( -0.0179321, -0.0139012 ) (954,0) rel: ( 1.3, 0 ), (954,0) global: ( -13.5075, -0.784418 ), (954,0), changes: 0, -1 last seen:(954,0) globalposderived: (954,0)
(b)r: 1.3002 phi: -0.999898 vel: ( -0.0168561, -0.0130672 ) (955,0) rel: ( 1.3, -0.0226893 ), (955,0) global: ( -13.5255, -0.798319 ), (955,0), changes: 0, -1 last seen:(954,0) globalposderived: (954,0)
 955: direction old: -53.216476, new: -53.216578
(b)r: 1.3 phi: -1 vel: ( -0.017514, -0.0133267 ) (955,0) rel: ( 1.2998, -0.0226881 ), (955,0) global: ( -13.5256, -0.798162 ), (955,0), changes: 0, -1 last seen:(955,0) globalposderived: (955,0)
(b)r: 1.30037 phi: -0.969697 vel: ( -0.0164632, -0.0125271 ) (956,0) rel: ( 1.30019, -0.022007 ), (956,0) global: ( -13.5431, -0.811488 ), (956,0), changes: 0, -1 last seen:(955,0) globalposderived: (955,0)
(b)r: 1.30106 phi: -0.910766 vel: ( -0.0154754, -0.0117754 ) (957,0) rel: ( 1.3009, -0.0206806 ), (957,0) global: ( -13.5596, -0.824015 ), (957,0), changes: 0, -1 last seen:(955,0) globalposderived: (955,0)
 957: direction old: -55.097041, new: -52.150424
(b)r: 1.3 phi: 1 vel: ( 0.0232908, 0.0180985 ) (957,0) rel: ( 1.2998, 0.0226881 ), (957,0) global: ( -13.5063, -0.783497 ), (957,0), changes: 0, 1.3 last seen:(957,0) globalposderived: (957,0)
(b)r: 1.30033 phi: 1.29978 vel: ( 0.0218934, 0.0170126 ) (958,0) rel: ( 1.3, 0.0294961 ), (958,0) global: ( -13.4831, -0.765399 ), (958,0), changes: 0, 1.3 last seen:(957,0) globalposderived: (957,0)
 958: direction old: -50.850647, new: -52.150424
(b)r: 1.3 phi: 1 vel: ( 0.0053748, 0.00417658 ) (958,0) rel: ( 1.2998, 0.0226881 ), (958,0) global: ( -13.5063, -0.783497 ), (958,0), changes: 0, 0.3 last seen:(958,0) globalposderived: (958,0)
(b)r: 1.30002 phi: 0.299997 vel: ( 0.00505231, 0.00392598 ) (959,0) rel: ( 1.3, 0.00680678 ), (959,0) global: ( -13.501, -0.779321 ), (959,0), changes: 0, 0.3 last seen:(958,0) globalposderived: (958,0)
(b)r: 1.30007 phi: 0.281983 vel: ( 0.00474918, 0.00369042 ) (960,0) rel: ( 1.30005, 0.00639829 ), (960,0) global: ( -13.4959, -0.775395 ), (960,0), changes: 0, 0.3 last seen:(958,0) globalposderived: (958,0)
 1251: Received coach message: online_coach_left (advice (0 (true) (do our {1} (home (pt 35 22))) (do our {2} (home (pt 35 -22))) (do our {3} (home (pt 20 0))) (do our {4} (home (pt 12 15))) (do our {5} (home (pt -20 10))) (do our {6} (home (pt -20 -10))) (do our {7} (home (pt 12 -15))) (do our {8} (home (pt -12 26))) (do our {9} (home (pt 0 0))) (do our {10} (home (pt -12 -26))) (do our {11} (home (pt -50 0))))))
 1251: new home position for player 0: 35 22
 1251: new home position for player 1: 35 -22
 1251: new home position for player 2: 20 0
 1251: new home position for player 3: 12 15
 1251: new home position for player 4: -20 10
 1251: new home position for player 5: -20 -10
 1251: new home position for player 6: 12 -15
 1251: new home position for player 7: -12 26
 1251: new home position for player 8: 0 0
 1251: new home position for player 9: -12 -26
 1251: new home position for player 10: -50 0
 1574: Received coach message: online_coach_left (advice (0 (true) (do our {1} (home (pt 20 0))) (do our {2} (home (pt 35 -22))) (do our {3} (home (pt 12 -15))) (do our {4} (home (pt 12 15))) (do our {5} (home (pt 35 22))) (do our {6} (home (pt 0 0))) (do our {7} (home (pt -12 -26))) (do our {8} (home (pt -20 10))) (do our {9} (home (pt -50 0))) (do our {10} (home (pt -20 -10))) (do our {11} (home (pt -12 26))))))
 1574: new home position for player 0: 20 0
 1574: new home position for player 1: 35 -22
 1574: new home position for player 2: 12 -15
 1574: new home position for player 3: 12 15
 1574: new home position for player 4: 35 22
 1574: new home position for player 5: 0 0
 1574: new home position for player 6: -12 -26
 1574: new home position for player 7: -20 10
 1574: new home position for player 8: -50 0
 1574: new home position for player 9: -20 -10
 1574: new home position for player 10: -12 26
 1874: Received coach message: online_coach_left (advice (0 (true) (do our {1} (home (pt 35 -22))) (do our {2} (home (pt 12 -15))) (do our {3} (home (pt 20 0))) (do our {4} (home (pt 12 15))) (do our {5} (home (pt 35 22))) (do our {6} (home (pt -50 0))) (do our {7} (home (pt -20 -10))) (do our {8} (home (pt -20 10))) (do our {9} (home (pt 0 0))) (do our {10} (home (pt -12 -26))) (do our {11} (home (pt -12 26))))))
 1874: new home position for player 0: 35 -22
 1874: new home position for player 1: 12 -15
 1874: new home position for player 2: 20 0
 1874: new home position for player 3: 12 15
 1874: new home position for player 4: 35 22
 1874: new home position for player 5: -50 0
 1874: new home position for player 6: -20 -10
 1874: new home position for player 7: -20 10
 1874: new home position for player 8: 0 0
 1874: new home position for player 9: -12 -26
 1874: new home position for player 10: -12 26
(b)r: 1.39981 phi: -51.7828 vel: ( 0.565988, -1.48283 ) (1972,0) rel: ( 0.865987, -1.09979 ), (1972,0) global: ( -9.75455, -7.27899 ), (1972,0), changes: -1.702, -10.1 last seen:(1970,0) globalposderived: (1970,0)
 1972: 2 pos: ball(-9.873351,-7.611861), ball_prev(-10.997216,-4.023334), agentdiff(0.024314,-0.080939)
 1972: direction old: 21.912514, new: 9.179480
(b)r: 1.2 phi: -62 vel: ( 0.500806, -1.59758 ) (1972,0) rel: ( 0.563366, -1.05954 ), (1972,0) global: ( -9.87335, -7.61186 ), (1972,0), changes: -1.702, -10.1 last seen:(1972,0) globalposderived: (1972,0)
 1973: 2 pos: ball(-9.064908,-9.149463), ball_prev(-9.873351,-7.611861), agentdiff(0.236858,-0.021140)
 1973: vel based on 2 pos: (0.537290,-1.425475)
 1973: direction old: -43.714749, new: -37.033797
 2174: Received coach message: online_coach_left (advice (0 (true) (do our {1} (home (pt 35 22))) (do our {2} (home (pt 35 -22))) (do our {3} (home (pt 20 0))) (do our {4} (home (pt 12 15))) (do our {5} (home (pt -12 26))) (do our {6} (home (pt -20 -10))) (do our {7} (home (pt 12 -15))) (do our {8} (home (pt -50 0))) (do our {9} (home (pt 0 0))) (do our {10} (home (pt -12 -26))) (do our {11} (home (pt -20 10))))))
 2174: new home position for player 0: 35 22
 2174: new home position for player 1: 35 -22
 2174: new home position for player 2: 20 0
 2174: new home position for player 3: 12 15
 2174: new home position for player 4: -12 26
 2174: new home position for player 5: -20 -10
 2174: new home position for player 6: 12 -15
 2174: new home position for player 7: -50 0
 2174: new home position for player 8: 0 0
 2174: new home position for player 9: -12 -26
 2174: new home position for player 10: -20 10
(b)r: 1.9821 phi: 10.6208 vel: ( -0.695734, 0.0148576 ) (2413,0) rel: ( 1.94814, 0.365315 ), (2413,0) global: ( -12.4447, -0.277813 ), (2413,0), changes: -0.726, 5.3 last seen:(2411,0) globalposderived: (2411,0)
 2413: direction old: 35.927860, new: 39.391309
(b)r: 1.5481 phi: 17.5712 vel: ( -0.659554, 0.0268554 ) (2414,0) rel: ( 1.47587, 0.467358 ), (2414,0) global: ( -13.1983, -0.137632 ), (2414,0), changes: -0.52, 13.8 last seen:(2413,0) globalposderived: (2413,0)
 2414: direction old: 55.751040, new: 57.920034
(b)r: 1.5 phi: 20 vel: ( -0.647904, 0.035802 ) (2414,0) rel: ( 1.40954, 0.51303 ), (2414,0) global: ( -13.2527, -0.11666 ), (2414,0), changes: -0.3, 21.5 last seen:(2414,0) globalposderived: (2414,0)
(b)r: 1.3152 phi: 25.5859 vel: ( -0.609029, 0.0336539 ) (2415,0) rel: ( 1.18623, 0.567988 ), (2415,0) global: ( -13.9006, -0.0808578 ), (2415,0), changes: -0.3, 21.5 last seen:(2414,0) globalposderived: (2414,0)
(b)r: 1.41724 phi: 25.4458 vel: ( -0.572488, 0.0316346 ) (2416,0) rel: ( 1.27976, 0.608928 ), (2416,0) global: ( -14.5096, -0.0472039 ), (2416,0), changes: -0.3, 21.5 last seen:(2414,0) globalposderived: (2414,0)
 2416: direction old: 106.289662, new: 108.069255
(b)r: 1.3 phi: 28 vel: ( -0.511584, 0.024534 ) (2416,0) rel: ( 1.14783, 0.610313 ), (2416,0) global: ( -14.4197, -0.498734 ), (2416,0), changes: 0.182, 21.1 last seen:(2416,0) globalposderived: (2416,0)
(b)r: 1.55741 phi: 17.9025 vel: ( -0.480889, 0.0230619 ) (2417,0) rel: ( 1.482, 0.478744 ), (2417,0) global: ( -14.9313, -0.4742 ), (2417,0), changes: 0.182, 21.1 last seen:(2416,0) globalposderived: (2416,0)
 2417: direction old: 125.971735, new: 126.284820
(b)r: 1.6 phi: 19 vel: ( -0.482109, 0.0127504 ) (2417,0) rel: ( 1.51283, 0.520909 ), (2417,0) global: ( -14.9634, -0.444884 ), (2417,0), changes: 0.288, 13.9 last seen:(2417,0) globalposderived: (2417,0)
(b)r: 1.93351 phi: 11.3668 vel: ( -0.453182, 0.0119854 ) (2418,0) rel: ( 1.89559, 0.381075 ), (2418,0) global: ( -15.4455, -0.432134 ), (2418,0), changes: 0.288, 13.9 last seen:(2417,0) globalposderived: (2417,0)
 2419: direction old: 145.070291, new: 145.234294
 2420: direction old: 150.478223, new: 150.653456
 2472: Received coach message: online_coach_left (advice (0 (true) (do our {1} (home (pt 35 -22))) (do our {2} (home (pt 12 -15))) (do our {3} (home (pt 20 0))) (do our {4} (home (pt 12 15))) (do our {5} (home (pt 35 22))) (do our {6} (home (pt 0 0))) (do our {7} (home (pt -20 -10))) (do our {8} (home (pt -20 10))) (do our {9} (home (pt -50 0))) (do our {10} (home (pt -12 -26))) (do our {11} (home (pt -12 26))))))
 2472: new home position for player 0: 35 -22
 2472: new home position for player 1: 12 -15
 2472: new home position for player 2: 20 0
 2472: new home position for player 3: 12 15
 2472: new home position for player 4: 35 22
 2472: new home position for player 5: 0 0
 2472: new home position for player 6: -20 -10
 2472: new home position for player 7: -20 10
 2472: new home position for player 8: -50 0
 2472: new home position for player 9: -12 -26
 2472: new home position for player 10: -12 26
 2743: Received coach message: online_coach_left (advice (0 (true) (do our {1} (home (pt 20 0))) (do our {2} (home (pt 35 -22))) (do our {3} (home (pt 12 -15))) (do our {4} (home (pt 12 15))) (do our {5} (home (pt 35 22))) (do our {6} (home (pt -12 -26))) (do our {7} (home (pt -20 -10))) (do our {8} (home (pt 0 0))) (do our {9} (home (pt -20 10))) (do our {10} (home (pt -50 0))) (do our {11} (home (pt -12 26))))))
 2743: new home position for player 0: 20 0
 2743: new home position for player 1: 35 -22
 2743: new home position for player 2: 12 -15
 2743: new home position for player 3: 12 15
 2743: new home position for player 4: 35 22
 2743: new home position for player 5: -12 -26
 2743: new home position for player 6: -20 -10
 2743: new home position for player 7: 0 0
 2743: new home position for player 8: -20 10
 2743: new home position for player 9: -50 0
 2743: new home position for player 10: -12 26
 2777: direction old: -140.663583, new: -139.584644
(b)r: 0.78507 phi: -140.972 vel: ( 1.49505, 0.913642 ) (2778,0) rel: ( -0.609872, -0.494359 ), (2778,0) global: ( -27.9299, -2.9699 ), (2778,0), changes: 0, 0 last seen:(2777,0) globalposderived: (2777,0)
 2778: ball (-27.929873,-2.969897), agent (-27.351694,-2.438820), to (-2.959769,14.387717) ang 3.540480 3.540480
 2778: relpos body (0.785070,-140.971928), vel. ball:(1.495051,0.913642) dist: 1.032194 (0.300000,0.085000,0.647194)
 2778: pos (3.081381,2.141978) too far, but can acc ball good to 3.500142 k=1.754097,-0.103148
 2779: direction old: 31.506985, new: 29.658583
 3073: Received coach message: online_coach_left (advice (0 (true) (do our {1} (home (pt 35 -22))) (do our {2} (home (pt 12 -15))) (do our {3} (home (pt 20 0))) (do our {4} (home (pt 35 22))) (do our {5} (home (pt 12 15))) (do our {6} (home (pt 0 0))) (do our {7} (home (pt -20 -10))) (do our {8} (home (pt -20 10))) (do our {9} (home (pt -50 0))) (do our {10} (home (pt -12 -26))) (do our {11} (home (pt -12 26))))))
 3073: new home position for player 0: 35 -22
 3073: new home position for player 1: 12 -15
 3073: new home position for player 2: 20 0
 3073: new home position for player 3: 35 22
 3073: new home position for player 4: 12 15
 3073: new home position for player 5: 0 0
 3073: new home position for player 6: -20 -10
 3073: new home position for player 7: -20 10
 3073: new home position for player 8: -50 0
 3073: new home position for player 9: -12 -26
 3073: new home position for player 10: -12 26
 3374: Received coach message: online_coach_left (advice (0 (true) (do our {1} (home (pt 35 22))) (do our {2} (home (pt 12 -15))) (do our {3} (home (pt 35 -22))) (do our {4} (home (pt 20 0))) (do our {5} (home (pt 12 15))) (do our {6} (home (pt 0 0))) (do our {7} (home (pt -20 -10))) (do our {8} (home (pt -20 10))) (do our {9} (home (pt -50 0))) (do our {10} (home (pt -12 -26))) (do our {11} (home (pt -12 26))))))
 3374: new home position for player 0: 35 22
 3374: new home position for player 1: 12 -15
 3374: new home position for player 2: 35 -22
 3374: new home position for player 3: 20 0
 3374: new home position for player 4: 12 15
 3374: new home position for player 5: 0 0
 3374: new home position for player 6: -20 -10
 3374: new home position for player 7: -20 10
 3374: new home position for player 8: -50 0
 3374: new home position for player 9: -12 -26
 3374: new home position for player 10: -12 26
 3388: 2 pos: ball(-12.279371,-8.113422), ball_prev(-11.549531,-8.243565), agentdiff(-0.282675,-0.096650)
 3388: vel based on 2 pos: (-0.420336,0.213185)
 3388: direction old: -130.036059, new: -133.265117
 3390: 2 pos: ball(-12.458370,-7.334094), ball_prev(-12.279371,-8.113422), agentdiff(0.263663,-0.016174)
 3390: direction old: -175.919142, new: 177.284323
(b)r: 1.75079 phi: -1.57466 vel: ( -0.125714, -0.0870778 ) (3573,0) rel: ( 1.75013, -0.0481109 ), (3573,0) global: ( -51.6336, -29.5498 ), (3573,0), changes: -0.198, 0.4 last seen:(3571,0) globalposderived: (3571,0)
 3573: direction old: -161.963729, new: -158.700966
(b)r: 1.6 phi: -1 vel: ( -0.125629, -0.0861821 ) (3573,0) rel: ( 1.59976, -0.0279239 ), (3573,0) global: ( -51.4559, -29.5877 ), (3573,0), changes: -0.192, 1 last seen:(3573,0) globalposderived: (3573,0)
(b)r: 0.905791 phi: 1.19312 vel: ( -0.118091, -0.0810112 ) (3574,0) rel: ( 0.905594, 0.0188608 ), (3574,0) global: ( -51.5816, -29.6739 ), (3574,0), changes: -0.192, 1 last seen:(3573,0) globalposderived: (3573,0)
 3574: ball (-51.581559,-29.673877), agent (-50.750845,-29.312807), to (-22.845921,-16.717106) ang -157.700966 -157.700966
 3574: relpos body (0.905791,1.193124), vel. ball:(-0.118091,-0.081011) dist: 1.032194 (0.300000,0.085000,0.647194)
 3574: point too far, reposition ball (k_r = 0.797170)
 3574: (kick 11.755027 -167.580306), vecDesired (0.089873,0.063090) 0.000000 posDes(-51.491687,-29.610787)
 3574: direction old: -157.160260, new: -156.270018
(b)r: 0.9 phi: 1 vel: ( -0.112107, -0.0810861 ) (3574,0) rel: ( 0.899863, 0.0157072 ), (3574,0) global: ( -51.5709, -29.6846 ), (3574,0), changes: -0.18, 2.7 last seen:(3574,0) globalposderived: (3574,0)
 3574: ball (-51.570946,-29.684580), agent (-50.747039,-29.322396), to (-22.845921,-16.717106) ang -157.270018 -157.270018
 3574: relpos body (0.900000,1.000000), vel. ball:(-0.112107,-0.081086) dist: 1.032194 (0.300000,0.085000,0.647194)
 3574: point too far, reposition ball (k_r = 0.799675)
 3574: (kick 11.202519 -167.442325), vecDesired (0.085328,0.058641) 0.000000 posDes(-51.485619,-29.625939)
(b)r: 0.504427 phi: -1.89608 vel: ( 0.0758518, 0.0541514 ) (3575,0) rel: ( 0.504151, -0.0166899 ), (3575,0) global: ( -51.4903, -29.627 ), (3575,0), changes: -0.18, 2.7 last seen:(3574,0) globalposderived: (3574,0)
 3575: ball (-51.490253,-29.626972), agent (-51.018808,-29.447568), to (-22.845921,-16.717106) ang -157.270018 -157.270018
 3575: relpos body (0.504427,-1.896083), vel. ball:(0.075852,0.054151) dist: 1.032194 (0.300000,0.085000,0.647194)
 3575: pos (3.639685,1.640389) too far, but can acc ball good to 2.659671 k=2.568332,0.018202
 3576: 2 pos: ball(1.427243,1.674209), ball_prev(-51.570946,-29.684580), agentdiff(51.117633,29.493085)
 3576: direction old: -149.859158, new: 49.552812
 3680: Received coach message: online_coach_left (advice (0 (true) (do our {1} (home (pt 35 22))) (do our {2} (home (pt 35 -22))) (do our {3} (home (pt 12 -15))) (do our {4} (home (pt 20 0))) (do our {5} (home (pt 12 15))) (do our {6} (home (pt 0 0))) (do our {7} (home (pt -12 -26))) (do our {8} (home (pt -20 -10))) (do our {9} (home (pt -20 10))) (do our {10} (home (pt -50 0))) (do our {11} (home (pt -12 26))))))
 3680: new home position for player 0: 35 22
 3680: new home position for player 1: 35 -22
 3680: new home position for player 2: 12 -15
 3680: new home position for player 3: 20 0
 3680: new home position for player 4: 12 15
 3680: new home position for player 5: 0 0
 3680: new home position for player 6: -12 -26
 3680: new home position for player 7: -20 -10
 3680: new home position for player 8: -20 10
 3680: new home position for player 9: -50 0
 3680: new home position for player 10: -12 26
(b)r: 1.9049 phi: 6.61433 vel: ( 0.537305, -0.0936826 ) (3800,0) rel: ( 1.89223, 0.219418 ), (3800,0) global: ( -43.1705, -9.09008 ), (3800,0), changes: -0.858, -3.5 last seen:(3799,0) globalposderived: (3799,0)
(b)r: 1.13779 phi: 71.7584 vel: ( 0.505067, -0.0880616 ) (3801,0) rel: ( 0.356157, 1.08061 ), (3801,0) global: ( -42.6332, -9.18376 ), (3801,0), changes: -0.858, -3.5 last seen:(3799,0) globalposderived: (3799,0)
 3801: 2 pos: ball(-42.459495,-9.064204), ball_prev(-43.742068,-8.990416), agentdiff(0.132185,0.135253)
 3801: direction old: 137.863393, new: 127.113704
(b)r: 1.1 phi: 68 vel: ( 0.52396, -0.0952103 ) (3801,0) rel: ( 0.412067, 1.0199 ), (3801,0) global: ( -42.4595, -9.0642 ), (3801,0), changes: -0.858, -3.5 last seen:(3801,0) globalposderived: (3801,0)
(b)r: 0.684915 phi: 91.3353 vel: ( 0.492523, -0.0894977 ) (3802,0) rel: ( -0.0159603, 0.684729 ), (3802,0) global: ( -41.9355, -9.15941 ), (3802,0), changes: -0.858, -3.5 last seen:(3801,0) globalposderived: (3801,0)
 3802: ball (-41.935535,-9.159414), agent (-41.889420,-9.842775), to (-13.037642,6.407427) ang 2.525413 2.525413
 3802: relpos body (0.684915,91.335261), vel. ball:(0.492523,-0.089498) dist: 1.032194 (0.300000,0.085000,0.647194)
 3802: point too far, reposition ball (k_r = 0.757293)
 3802: (kick 26.220668 -91.752099), vecDesired (0.499758,-0.625581) 0.000000 posDes(-41.435777,-9.784995)
 3802: 2 pos: ball(-41.821112,-9.252350), ball_prev(-42.459495,-9.064204), agentdiff(0.155945,-0.104068)
 3802: vel based on 2 pos: (0.453492,-0.079034)
 3802: direction old: 104.392025, new: 97.192065
(b)r: 0.7 phi: 99 vel: ( 0.453492, -0.0790341 ) (3802,0) rel: ( -0.109504, 0.691382 ), (3802,0) global: ( -41.8211, -9.25235 ), (3802,0), changes: -0.858, -3.5 last seen:(3802,0) globalposderived: (3802,0)
 3802: ball (-41.821112,-9.252350), agent (-41.733475,-9.946842), to (-21.635473,-10.230266) ang -1.807935 -1.807935
 3802: relpos body (0.700000,99.000000), vel. ball:(0.453492,-0.079034) dist: 1.032194 (0.300000,0.085000,0.647194)
 3802: pos (3.113305,-0.150828) too far, but can acc ball good to 2.456190 k=2.000216,-0.056997
 3980: Received coach message: online_coach_left (advice (0 (true) (do our {1} (home (pt -50 0))) (do our {2} (home (pt 35 -22))) (do our {3} (home (pt 12 -15))) (do our {4} (home (pt 20 0))) (do our {5} (home (pt 35 22))) (do our {6} (home (pt 12 15))) (do our {7} (home (pt 0 0))) (do our {8} (home (pt -20 10))) (do our {9} (home (pt -20 -10))) (do our {10} (home (pt -12 -26))) (do our {11} (home (pt -12 26))))))
 3980: new home position for player 0: -50 0
 3980: new home position for player 1: 35 -22
 3980: new home position for player 2: 12 -15
 3980: new home position for player 3: 20 0
 3980: new home position for player 4: 35 22
 3980: new home position for player 5: 12 15
 3980: new home position for player 6: 0 0
 3980: new home position for player 7: -20 10
 3980: new home position for player 8: -20 -10
 3980: new home position for player 9: -12 -26
 3980: new home position for player 10: -12 26
(b)r: 1.53191 phi: 26.4782 vel: ( 1.28865, 1.26887 ) (4021,0) rel: ( 1.37122, 0.683012 ), (4021,0) global: ( -21.5557, -12.2134 ), (4021,0), changes: -2.278, -4.2 last seen:(4019,0) globalposderived: (4019,0)
 4021: direction old: -165.552750, new: -167.311898
(b)r: 1.6 phi: 21 vel: ( 1.28034, 1.29854 ) (4021,0) rel: ( 1.49373, 0.573389 ), (4021,0) global: ( -21.6078, -12.1761 ), (4021,0), changes: -1.824, -32.6 last seen:(4021,0) globalposderived: (4021,0)
(b)r: 0.930456 phi: -87.832 vel: ( 1.20352, 1.22063 ) (4022,0) rel: ( 0.0351983, -0.92979 ), (4022,0) global: ( -20.3274, -10.8775 ), (4022,0), changes: -1.824, -32.6 last seen:(4021,0) globalposderived: (4021,0)
 4022: turnWithBall: kick ball close to desired turnangle 0.000000
 4022: kickBallCloseToBody: cannot compensate ball speed, freeze
 4022: freeze ball will end up oustide -> accelerate
 4022: 2 pos: ball(-20.392880,-10.821275), ball_prev(-21.607762,-12.176062), agentdiff(-0.025032,-0.016891)
 4022: vel based on 2 pos: (1.165520,1.289377)
 4022: direction old: 82.464200, new: 86.608296
(b)r: 1 phi: -85 vel: ( 1.16552, 1.28938 ) (4022,0) rel: ( 0.0871557, -0.996195 ), (4022,0) global: ( -20.3929, -10.8213 ), (4022,0), changes: -1.824, -32.6 last seen:(4022,0) globalposderived: (4022,0)
 4022: turnWithBall: kick ball close to desired turnangle 0.000000
 4022: kickBallCloseToBody: cannot compensate ball speed, freeze
 4022: freeze ball will end up oustide -> accelerate
(b)r: 1.02151 phi: -92.1961 vel: ( -0.00701596, 0.00415758 ) (4023,0) rel: ( -0.0391446, -1.02076 ), (4023,0) global: ( -20.4003, -10.8169 ), (4023,0), changes: -1.824, -32.6 last seen:(4022,0) globalposderived: (4022,0)
 4023: turnWithBall: kick ball close to desired turnangle 0.000000
 4023: (kick 61.596978 112.730869), vecDesired (0.250859,-1.004646) -171.608296 posDes(-20.149484,-11.821498)
(b)r: 1.03402 phi: -94.7482 vel: ( -0.006595, 0.00390813 ) (4024,0) rel: ( -0.0855931, -1.03048 ), (4024,0) global: ( -20.4074, -10.8127 ), (4024,0), changes: -1.824, -32.6 last seen:(4022,0) globalposderived: (4022,0)
 4024: 2 pos: ball(-20.457165,-10.558377), ball_prev(-20.392880,-10.821275), agentdiff(-0.006006,0.178025)
 4024: direction old: 73.784379, new: 79.986662
(b)r: 1.1 phi: -92 vel: ( -0.0265438, 0.0386566 ) (4024,0) rel: ( -0.0383894, -1.09933 ), (4024,0) global: ( -20.4572, -10.5584 ), (4024,0), changes: -1.824, -32.6 last seen:(4024,0) globalposderived: (4024,0)
(b)r: 1.13643 phi: -3.94959 vel: ( -0.0249512, 0.0363372 ) (4025,0) rel: ( 1.13373, -0.0782755 ), (4025,0) global: ( -20.4837, -10.5197 ), (4025,0), changes: -1.824, -32.6 last seen:(4024,0) globalposderived: (4024,0)
 4025: direction old: 78.098492, new: 79.925147
(b)r: 1.1 phi: -4 vel: ( -0.026919, 0.0260657 ) (4025,0) rel: ( 1.09732, -0.0767321 ), (4025,0) global: ( -20.5345, -10.5908 ), (4025,0), changes: 0.022, 1.1 last seen:(4025,0) globalposderived: (4025,0)
(b)r: 0.499943 phi: -7.93762 vel: ( -0.0253039, 0.0245018 ) (4026,0) rel: ( 0.495153, -0.0690396 ), (4026,0) global: ( -20.5614, -10.5647 ), (4026,0), changes: 0.022, 1.1 last seen:(4025,0) globalposderived: (4025,0)
 4026: ball (-20.561440,-10.564727), agent (-20.682493,-11.049793), to (-12.913743,8.627653) ang 83.925147 83.925147
 4026: relpos body (0.499943,-7.937619), vel. ball:(-0.025304,0.024502) dist: 1.032194 (0.300000,0.085000,0.647194)
 4026: pos (1.227450,3.080363) too far, but can acc ball good to 2.563539 k=2.550352,0.032576
 4027: direction old: 74.569532, new: 70.105354
 4270: Received coach message: online_coach_left (advice (0 (true) (do our {1} (home (pt -50 0))) (do our {2} (home (pt 35 -22))) (do our {3} (home (pt 12 -15))) (do our {4} (home (pt 20 0))) (do our {5} (home (pt 35 22))) (do our {6} (home (pt 12 15))) (do our {7} (home (pt -20 -10))) (do our {8} (home (pt -12 26))) (do our {9} (home (pt 0 0))) (do our {10} (home (pt -12 -26))) (do our {11} (home (pt -20 10))))))
 4270: new home position for player 0: -50 0
 4270: new home position for player 1: 35 -22
 4270: new home position for player 2: 12 -15
 4270: new home position for player 3: 20 0
 4270: new home position for player 4: 35 22
 4270: new home position for player 5: 12 15
 4270: new home position for player 6: -20 -10
 4270: new home position for player 7: -12 26
 4270: new home position for player 8: 0 0
 4270: new home position for player 9: -12 -26
 4270: new home position for player 10: -20 10
 4304: direction old: 166.430660, new: 163.053755
(b)r: 0.796691 phi: 85.1238 vel: ( 1.79183, -0.294437 ) (4305,0) rel: ( 0.067721, 0.793807 ), (4305,0) global: ( -26.0012, -11.9856 ), (4305,0), changes: -2.16, -2.9 last seen:(4304,0) globalposderived: (4304,0)
 4305: ball (-26.001236,-11.985626), agent (-25.284188,-12.332841), to (-18.995205,9.213909) ang 69.038665 69.038665
 4305: relpos body (0.796691,85.123813), vel. ball:(1.791827,-0.294437) dist: 1.032194 (0.300000,0.085000,0.647194)
 4305: point too far, reposition ball (k_r = 0.722743)
 4305: (kick 56.457174 85.010442), vecDesired (0.801203,0.187671) 0.000000 posDes(-25.200033,-11.797955)
(b)r: 0.489953 phi: -3.06569 vel: ( 0.760753, 0.17291 ) (4306,0) rel: ( 0.489252, -0.0262031 ), (4306,0) global: ( -25.1919, -11.8017 ), (4306,0), changes: -2.16, -2.9 last seen:(4304,0) globalposderived: (4304,0)
 4306: ball (-25.191924,-11.801680), agent (-25.391417,-12.249180), to (-18.995205,9.213909) ang 69.038665 69.038665
 4306: relpos body (0.489953,-3.065688), vel. ball:(0.760753,0.172910) dist: 1.032194 (0.300000,0.085000,0.647194)
 4306: pos (0.937820,3.180529) too far, but can acc ball good to 2.868574 k=2.579041,-0.680790
 4306: direction old: 45.847167, new: 70.369310
(b)r: 0.6 phi: 0 vel: ( 0.781013, 0.174272 ) (4306,0) rel: ( 0.6, 0 ), (4306,0) global: ( -25.5483, -11.8113 ), (4306,0), changes: 0.42, -71 last seen:(4306,0) globalposderived: (4306,0)
 4306: ball (-25.548349,-11.811302), agent (-25.749923,-12.376429), to (-19.396246,8.894932) ang 70.369310 70.369310
 4306: relpos body (0.600000,0.000000), vel. ball:(0.781013,0.174272) dist: 1.032194 (0.300000,0.085000,0.647194)
 4306: pos (0.944400,3.178581) too far, but can acc ball good to 2.764521 k=2.475763,-0.699033
 4424: direction old: -141.818744, new: -141.664139
(b)r: 1.85755 phi: 21.007 vel: ( -0.25703, -0.0347691 ) (4425,0) rel: ( 1.73409, 0.665897 ), (4425,0) global: ( -31.9413, -22.7849 ), (4425,0), changes: -0.1, -0.2 last seen:(4424,0) globalposderived: (4424,0)
(b)r: 1.23832 phi: 30.9602 vel: ( -0.241608, -0.0326829 ) (4426,0) rel: ( 1.06189, 0.637043 ), (4426,0) global: ( -32.1983, -22.8197 ), (4426,0), changes: -0.1, -0.2 last seen:(4424,0) globalposderived: (4424,0)
 4426: direction old: -129.784698, new: -128.795637
(b)r: 1.3 phi: 30 vel: ( -0.270441, -0.0524686 ) (4426,0) rel: ( 1.12583, 0.65 ), (4426,0) global: ( -32.2432, -22.9087 ), (4426,0), changes: -0.078, 0.1 last seen:(4426,0) globalposderived: (4426,0)
(b)r: 0.787811 phi: 48.049 vel: ( -0.254214, -0.0493205 ) (4427,0) rel: ( 0.526648, 0.585908 ), (4427,0) global: ( -32.5136, -22.9611 ), (4427,0), changes: -0.078, 0.1 last seen:(4426,0) globalposderived: (4426,0)
 4427: ball (-32.513614,-22.961139), agent (-32.234543,-22.224413), to (-2.935942,-25.781116) ang -158.795637 -158.795637
 4427: relpos body (0.787811,48.048976), vel. ball:(-0.254214,-0.049320) dist: 1.032194 (0.300000,0.085000,0.647194)
 4427: point too far, reposition ball (k_r = 0.777666)
 4427: (kick 25.481692 -87.106076), vecDesired (-0.472672,0.439088) 0.000000 posDes(-32.986287,-22.522051)
 4427: 2 pos: ball(-32.430032,-22.916878), ball_prev(-32.243174,-22.908670), agentdiff(0.115891,0.044449)
 4427: vel based on 2 pos: (-0.284585,-0.049497)
 4427: direction old: -116.821190, new: -112.906330
(b)r: 0.8 phi: 46 vel: ( -0.284585, -0.049497 ) (4427,0) rel: ( 0.555727, 0.575472 ), (4427,0) global: ( -32.43, -22.9169 ), (4427,0), changes: -0.078, 0.1 last seen:(4427,0) globalposderived: (4427,0)
 4427: ball (-32.430032,-22.916878), agent (-32.118652,-22.179964), to (-2.935942,-25.781116) ang -158.906330 -158.906330
 4427: relpos body (0.800000,46.000000), vel. ball:(-0.284585,-0.049497) dist: 1.032194 (0.300000,0.085000,0.647194)
 4427: point too far, reposition ball (k_r = 0.775804)
 4427: (kick 24.564974 -93.404163), vecDesired (-0.440937,0.440728) 0.000000 posDes(-32.870969,-22.476149)
(b)r: 0.513949 phi: 0.171767 vel: ( -0.414273, 0.402662 ) (4428,0) rel: ( 0.513947, 0.00154077 ), (4428,0) global: ( -32.8707, -22.4885 ), (4428,0), changes: -0.078, 0.1 last seen:(4427,0) globalposderived: (4427,0)
 4428: ball (-32.870748,-22.488514), agent (-32.391794,-22.302110), to (-2.935942,-25.781116) ang -158.906330 -158.906330
 4428: relpos body (0.513949,0.171767), vel. ball:(-0.414273,0.402662) dist: 1.032194 (0.300000,0.085000,0.647194)
 4428: point too far, freeze ball
(b)r: 0.2 phi: -0.84382 vel: ( 0.00137439, -0.000405666 ) (4429,0) rel: ( 0.199978, -0.00294538 ), (4429,0) global: ( -32.5794, -22.3713 ), (4429,0), changes: -0.078, 0.1 last seen:(4427,0) globalposderived: (4427,0)
 4429: ball (-32.579432,-22.371333), agent (-32.391794,-22.302110), to (-2.935942,-25.781116) ang -158.906330 -158.906330
 4429: relpos body (0.200000,-0.843820), vel. ball:(0.001374,-0.000406) dist: 1.032194 (0.300000,0.085000,0.647194)
 4429: pos (3.728146,-0.428835) too far, but can acc ball good to 2.891196 k=2.889784,-0.000246
 4429: direction old: 21.758143, new: -145.691201
(b)r: 0.4 phi: 13 vel: ( -0.00857561, -0.0016259 ) (4429,0) rel: ( 0.389748, 0.0899804 ), (4429,0) global: ( -32.9375, -22.6078 ), (4429,0), changes: 0.008, -0.5 last seen:(4429,0) globalposderived: (4429,0)
 4429: ball (-32.937469,-22.607823), agent (-32.607064,-22.382361), to (-2.935942,-25.781116) ang -158.691201 -158.691201
 4429: relpos body (0.400000,13.000000), vel. ball:(-0.008576,-0.001626) dist: 1.032194 (0.300000,0.085000,0.647194)
 4429: pos (3.731912,-0.394728) too far, but can acc ball good to 2.627247 k=2.635606,-0.002519
 4430: 2 pos: ball(-30.168143,-22.931602), ball_prev(-32.937469,-22.607823), agentdiff(0.000000,0.000000)
 4430: vel based on 2 pos: (2.603166,-0.304353)
 4430: direction old: -13.193450, new: -12.691201
(b)r: 1.1989 phi: 35.7073 vel: ( -0.874137, 0.799529 ) (4453,0) rel: ( 0.973522, 0.699734 ), (4453,0) global: ( -18.6013, -17.3216 ), (4453,0), changes: -1.32, 7.8 last seen:(4451,0) globalposderived: (4451,0)
 4454: direction old: -15.248325, new: -20.938529
(b)r: 1.90754 phi: -5.5601 vel: ( -0.76862, 0.101097 ) (4455,0) rel: ( 1.89857, -0.184821 ), (4455,0) global: ( -17.9679, -18.5997 ), (4455,0), changes: -0.81, -4.2 last seen:(4454,0) globalposderived: (4454,0)
(b)r: 1.20286 phi: -12.2462 vel: ( -0.722503, 0.0950312 ) (4456,0) rel: ( 1.17549, -0.255143 ), (4456,0) global: ( -18.7365, -18.4986 ), (4456,0), changes: -0.81, -4.2 last seen:(4454,0) globalposderived: (4454,0)
 4456: direction old: -38.954388, new: -39.344557
(b)r: 1.2 phi: -14 vel: ( -0.704142, 0.0835201 ) (4456,0) rel: ( 1.16435, -0.290306 ), (4456,0) global: ( -18.7439, -18.5031 ), (4456,0), changes: -0.576, -18.1 last seen:(4456,0) globalposderived: (4456,0)
(b)r: 0.713302 phi: -32.3636 vel: ( -0.661894, 0.0785089 ) (4457,0) rel: ( 0.602503, -0.381824 ), (4457,0) global: ( -19.448, -18.4196 ), (4457,0), changes: -0.576, -18.1 last seen:(4456,0) globalposderived: (4456,0)
 4457: ball (-19.447999,-18.419612), agent (-19.671873,-17.742353), to (-5.336600,11.129811) ang -39.344557 -39.344557
 4457: relpos body (0.713302,-32.363638), vel. ball:(-0.661894,0.078509) dist: 1.032194 (0.300000,0.085000,0.647194)
 4457: point too far, reposition ball (k_r = 0.828233)
 4457: (kick 38.704420 58.851628), vecDesired (0.153945,0.367526) 0.000000 posDes(-19.294053,-18.052086)
 4457: direction old: -71.708195, new: -71.848176
(b)r: 0.7 phi: -34 vel: ( -0.655068, 0.0729563 ) (4457,0) rel: ( 0.580326, -0.391435 ), (4457,0) global: ( -19.4538, -18.4075 ), (4457,0), changes: -0.266, -48.7 last seen:(4457,0) globalposderived: (4457,0)
 4457: ball (-19.453798,-18.407517), agent (-19.671873,-17.742353), to (-5.336600,11.129811) ang -37.848176 -37.848176
 4457: relpos body (0.700000,-34.000000), vel. ball:(-0.655068,0.072956) dist: 1.032194 (0.300000,0.085000,0.647194)
 4457: point too far, reposition ball (k_r = 0.831099)
 4457: (kick 38.913242 57.415478), vecDesired (0.167704,0.365403) 0.000000 posDes(-19.286094,-18.042114)
(b)r: 0.483153 phi: -2.44555 vel: ( 0.141418, 0.331544 ) (4458,0) rel: ( 0.482713, -0.0206161 ), (4458,0) global: ( -19.3034, -18.0548 ), (4458,0), changes: -0.266, -48.7 last seen:(4457,0) globalposderived: (4457,0)
 4458: ball (-19.303353,-18.054811), agent (-19.671873,-17.742353), to (-5.336600,11.129811) ang -37.848176 -37.848176
 4458: relpos body (0.483153,-2.445550), vel. ball:(0.141418,0.331544) dist: 1.032194 (0.300000,0.085000,0.647194)
 4458: pos (1.723377,3.601132) too far, but can acc ball good to 2.948521 k=2.588459,0.015558
 4459: 2 pos: ball(-18.052692,-15.581739), ball_prev(-19.453798,-18.407517), agentdiff(0.000000,0.000000)
 4459: direction old: 54.206931, new: 53.151824
 4542: Received coach message: online_coach_left (advice (0 (true) (do our {1} (home (pt -50 0))) (do our {2} (home (pt 12 -15))) (do our {3} (home (pt 35 -22))) (do our {4} (home (pt 20 0))) (do our {5} (home (pt 35 22))) (do our {6} (home (pt 0 0))) (do our {7} (home (pt -20 -10))) (do our {8} (home (pt 12 15))) (do our {9} (home (pt -20 10))) (do our {10} (home (pt -12 -26))) (do our {11} (home (pt -12 26))))))
 4542: new home position for player 0: -50 0
 4542: new home position for player 1: 12 -15
 4542: new home position for player 2: 35 -22
 4542: new home position for player 3: 20 0
 4542: new home position for player 4: 35 22
 4542: new home position for player 5: 0 0
 4542: new home position for player 6: -20 -10
 4542: new home position for player 7: 12 15
 4542: new home position for player 8: -20 10
 4542: new home position for player 9: -12 -26
 4542: new home position for player 10: -12 26
 4895: Received coach message: online_coach_left (advice (0 (true) (do our {1} (home (pt -50 0))) (do our {2} (home (pt 12 -15))) (do our {3} (home (pt 35 -22))) (do our {4} (home (pt 20 0))) (do our {5} (home (pt 35 22))) (do our {6} (home (pt 12 15))) (do our {7} (home (pt -20 -10))) (do our {8} (home (pt -20 10))) (do our {9} (home (pt 0 0))) (do our {10} (home (pt -12 -26))) (do our {11} (home (pt -12 26))))))
 4895: new home position for player 0: -50 0
 4895: new home position for player 1: 12 -15
 4895: new home position for player 2: 35 -22
 4895: new home position for player 3: 20 0
 4895: new home position for player 4: 35 22
 4895: new home position for player 5: 12 15
 4895: new home position for player 6: -20 -10
 4895: new home position for player 7: -20 10
 4895: new home position for player 8: 0 0
 4895: new home position for player 9: -12 -26
 4895: new home position for player 10: -12 26
 5195: Received coach message: online_coach_left (advice (0 (true) (do our {1} (home (pt -50 0))) (do our {2} (home (pt 35 -22))) (do our {3} (home (pt 20 0))) (do our {4} (home (pt 12 15))) (do our {5} (home (pt 35 22))) (do our {6} (home (pt 0 0))) (do our {7} (home (pt 12 -15))) (do our {8} (home (pt -20 10))) (do our {9} (home (pt -20 -10))) (do our {10} (home (pt -12 -26))) (do our {11} (home (pt -12 26))))))
 5195: new home position for player 0: -50 0
 5195: new home position for player 1: 35 -22
 5195: new home position for player 2: 20 0
 5195: new home position for player 3: 12 15
 5195: new home position for player 4: 35 22
 5195: new home position for player 5: 0 0
 5195: new home position for player 6: 12 -15
 5195: new home position for player 7: -20 10
 5195: new home position for player 8: -20 -10
 5195: new home position for player 9: -12 -26
 5195: new home position for player 10: -12 26
 5273: 2 pos: ball(-28.884352,-4.680884), ball_prev(-33.076328,-6.569271), agentdiff(0.212135,-0.092742)
 5273: direction old: -148.689473, new: -139.820530
(b)r: 0.486857 phi: -50.4828 vel: ( 1.70391, 0.848193 ) (5274,0) rel: ( 0.309792, -0.375578 ), (5274,0) global: ( -27.0717, -3.77855 ), (5274,0), changes: -2.546, 1.3 last seen:(5273,0) globalposderived: (5273,0)
 5274: ball (-27.071679,-3.778552), agent (-27.380768,-3.402395), to (-7.114813,10.360029) ang -0.107196 -0.107196
 5274: relpos body (0.486857,-50.482766), vel. ball:(1.703913,0.848193) dist: 1.032194 (0.300000,0.085000,0.647194)
 5274: pos (2.878412,2.039231) too far, but can acc ball good to 4.267230 k=2.404456,-0.292900
 5274: 2 pos: ball(-27.187397,-3.819550), ball_prev(-28.884352,-4.680884), agentdiff(-0.065798,0.010432)
 5274: vel based on 2 pos: (1.656988,0.799848)
 5274: direction old: -45.880435, new: -58.779151
(b)r: 0.5 phi: -60 vel: ( 1.65699, 0.799848 ) (5274,0) rel: ( 0.25, -0.433013 ), (5274,0) global: ( -27.1874, -3.81955 ), (5274,0), changes: -2.546, 1.3 last seen:(5274,0) globalposderived: (5274,0)
 5274: ball (-27.187397,-3.819550), agent (-27.446566,-3.391962), to (-7.188104,10.386453) ang 1.220849 1.220849
 5274: relpos body (0.500000,-60.000000), vel. ball:(1.656988,0.799848) dist: 1.032194 (0.300000,0.085000,0.647194)
 5274: pos (2.875875,2.042807) too far, but can acc ball good to 4.148964 k=2.355059,-0.307477
 5520: Received coach message: online_coach_left (advice (0 (true) (do our {1} (home (pt -50 0))) (do our {2} (home (pt 35 -22))) (do our {3} (home (pt 20 0))) (do our {4} (home (pt 12 15))) (do our {5} (home (pt 35 22))) (do our {6} (home (pt 0 0))) (do our {7} (home (pt 12 -15))) (do our {8} (home (pt -12 26))) (do our {9} (home (pt -20 -10))) (do our {10} (home (pt -12 -26))) (do our {11} (home (pt -20 10))))))
 5520: new home position for player 0: -50 0
 5520: new home position for player 1: 35 -22
 5520: new home position for player 2: 20 0
 5520: new home position for player 3: 12 15
 5520: new home position for player 4: 35 22
 5520: new home position for player 5: 0 0
 5520: new home position for player 6: 12 -15
 5520: new home position for player 7: -12 26
 5520: new home position for player 8: -20 -10
 5520: new home position for player 9: -12 -26
 5520: new home position for player 10: -20 10
 5741: direction old: -81.277421, new: -81.090917
 5747: direction old: -93.437804, new: -93.779740
 5814: Received coach message: online_coach_left (advice (0 (true) (do our {1} (home (pt -50 0))) (do our {2} (home (pt 12 -15))) (do our {3} (home (pt 35 -22))) (do our {4} (home (pt 20 0))) (do our {5} (home (pt 35 22))) (do our {6} (home (pt 0 0))) (do our {7} (home (pt -20 -10))) (do our {8} (home (pt 12 15))) (do our {9} (home (pt -20 10))) (do our {10} (home (pt -12 -26))) (do our {11} (home (pt -12 26))))))
 5814: new home position for player 0: -50 0
 5814: new home position for player 1: 12 -15
 5814: new home position for player 2: 35 -22
 5814: new home position for player 3: 20 0
 5814: new home position for player 4: 35 22
 5814: new home position for player 5: 0 0
 5814: new home position for player 6: -20 -10
 5814: new home position for player 7: 12 15
 5814: new home position for player 8: -20 10
 5814: new home position for player 9: -12 -26
 5814: new home position for player 10: -12 26
 5849: 2 pos: ball(-28.645537,-2.687164), ball_prev(-31.889508,-4.741353), agentdiff(0.121813,0.015167)
 5849: direction old: -140.369427, new: -137.037155
(b)r: 0.785004 phi: -116.314 vel: ( 1.33671, 0.872979 ) (5850,0) rel: ( -0.347987, -0.70366 ), (5850,0) global: ( -27.2235, -1.75846 ), (5850,0), changes: -2.22, 0.7 last seen:(5849,0) globalposderived: (5849,0)
 5850: ball (-27.223507,-1.758463), agent (-26.909563,-1.038969), to (-8.539945,-27.286734) ang 2.740631 2.740631
 5850: relpos body (0.785004,-116.314205), vel. ball:(1.336708,0.872979) dist: 1.032194 (0.300000,0.085000,0.647194)
 5850: point too far, reposition ball (k_r = 0.683938)
 5850: (kick 31.881412 -167.922273), vecDesired (0.767557,0.722408) 0.000000 posDes(-26.455950,-1.036055)
 5850: 2 pos: ball(-27.290425,-1.655024), ball_prev(-28.645537,-2.687164), agentdiff(-0.170491,-0.054144)
 5850: vel based on 2 pos: (1.434067,1.021107)
 5850: direction old: -102.167065, new: -110.525165
(b)r: 0.6 phi: -102 vel: ( 1.43407, 1.02111 ) (5850,0) rel: ( -0.124747, -0.586889 ), (5850,0) global: ( -27.2904, -1.65502 ), (5850,0), changes: -2.22, 0.7 last seen:(5850,0) globalposderived: (5850,0)
 5850: ball (-27.290425,-1.655024), agent (-27.080053,-1.093113), to (-9.095814,-10.069589) ang -8.525165 -8.525165
 5850: relpos body (0.600000,-102.000000), vel. ball:(1.434067,1.021107) dist: 1.032194 (0.300000,0.085000,0.647194)
 5850: point too far, reposition ball (k_r = 0.775283)
 5850: (kick 45.387635 -136.474005), vecDesired (0.655813,0.476151) 0.000000 posDes(-26.634612,-1.178873)
(b)r: 0.489214 phi: -0.857712 vel: ( 0.626938, 0.445974 ) (5851,0) rel: ( 0.489159, -0.0073232 ), (5851,0) global: ( -26.6235, -1.18058 ), (5851,0), changes: -2.22, 0.7 last seen:(5850,0) globalposderived: (5850,0)
 5851: ball (-26.623469,-1.180584), agent (-27.106138,-1.100827), to (-9.117858,-10.051536) ang -8.525165 -8.525165
 5851: relpos body (0.489214,-0.857712), vel. ball:(0.626938,0.445974) dist: 1.032194 (0.300000,0.085000,0.647194)
 5851: pos (2.780345,-1.408937) too far, but can acc ball good to 2.854478 k=2.588092,0.681202
 5888: direction old: 64.148256, new: 71.896000
(b)r: 1.90563 phi: 66.3135 vel: ( -0.50071, 0.0961067 ) (5889,0) rel: ( 0.765553, 1.7451 ), (5889,0) global: ( -12.8288, -9.2398 ), (5889,0), changes: -0.352, 9.8 last seen:(5888,0) globalposderived: (5888,0)
 5889: 2 pos: ball(-12.451320,-9.630678), ball_prev(-12.296159,-9.342044), agentdiff(0.376201,-0.284561)
 5889: vel based on 2 pos: (-0.499480,-0.003829)
 5889: direction old: 94.942046, new: 83.975213
(b)r: 1.8 phi: 64 vel: ( -0.49948, -0.0038291 ) (5889,0) rel: ( 0.789068, 1.61783 ), (5889,0) global: ( -12.4513, -9.63068 ), (5889,0), changes: -0.352, 9.8 last seen:(5889,0) globalposderived: (5889,0)
(b)r: 1.70557 phi: 163.682 vel: ( -0.469511, -0.00359935 ) (5890,0) rel: ( -1.63686, 0.479219 ), (5890,0) global: ( -12.9508, -9.63451 ), (5890,0), changes: -0.352, 9.8 last seen:(5889,0) globalposderived: (5889,0)
 5891: 2 pos: ball(-13.394768,-9.155234), ball_prev(-12.451320,-9.630678), agentdiff(-0.078350,0.101254)
 5891: direction old: 113.081109, new: 108.560661
