 0: change player from message 62 -> 1
 0: changed player from message 62 -> 1
 0: change player from message 63 -> 2
 0: changed player from message 63 -> 2
 0: change player from message 64 -> 3
 0: changed player from message 64 -> 3
 0: change player from message 65 -> 4
 0: changed player from message 65 -> 4
 0: change player from message 66 -> 5
 0: changed player from message 66 -> 5
 0: change player from message 67 -> 6
 0: changed player from message 67 -> 6
 0: change player from message 68 -> 7
 0: changed player from message 68 -> 7
 0: change player from message 69 -> 8
 0: changed player from message 69 -> 8
 0: change player from message 70 -> 9
 0: changed player from message 70 -> 9
 0: change player from message 71 -> 10
 0: changed player from message 71 -> 10
 60: direction old: 48.193247, new: 45.618769
 61: direction old: 32.890338, new: 32.637519
 63: direction old: 0.996646, new: 4.902246
 64: direction old: -4.737748, new: -8.991424
(b)r: 1.99004 phi: -35.1872 vel: ( 0.477078, -0.368753 ) (65,0) rel: ( 1.62641, -1.14676 ), (65,0) global: ( 1.96955, -17.5708 ), (65,0), changes: 0.22, -10.9 last seen:(64,0) globalposderived: (64,0)
(b)r: 1.93703 phi: -54.9457 vel: ( 0.448453, -0.346628 ) (66,0) rel: ( 1.11254, -1.58567 ), (66,0) global: ( 2.44662, -17.9396 ), (66,0), changes: 0.22, -10.9 last seen:(64,0) globalposderived: (64,0)
 66: 2 pos: ball(2.417028,-18.051047), ball_prev(1.462017,-17.178535), agentdiff(0.084917,-0.191607)
 66: direction old: -43.560290, new: -46.782315
(b)r: 1.8 phi: -56 vel: ( 0.396297, -0.310127 ) (66,0) rel: ( 1.00655, -1.49227 ), (66,0) global: ( 2.41703, -18.051 ), (66,0), changes: 0.22, -10.9 last seen:(66,0) globalposderived: (66,0)
 67: direction old: -51.653216, new: -54.763474
 69: direction old: -50.066646, new: -50.597723
 70: direction old: -55.032248, new: -49.078012
(b)r: 1.8523 phi: 6.78824 vel: ( 0.290567, -0.22282 ) (72,0) rel: ( 1.83931, 0.218942 ), (72,0) global: ( 4.47331, -19.4195 ), (72,0), changes: 0.3, 2.2 last seen:(70,0) globalposderived: (70,0)
 72: direction old: -34.986954, new: -41.646705
(b)r: 1.8 phi: 8 vel: ( 0.294299, -0.219526 ) (72,0) rel: ( 1.78248, 0.250512 ), (72,0) global: ( 4.42542, -19.6407 ), (72,0), changes: 0, 2.8 last seen:(72,0) globalposderived: (72,0)
(b)r: 1.78474 phi: -0.0721479 vel: ( 0.276641, -0.206355 ) (73,0) rel: ( 1.78474, -0.00224738 ), (73,0) global: ( 4.71972, -19.8603 ), (73,0), changes: 0, 2.8 last seen:(72,0) globalposderived: (72,0)
 73: direction old: -45.317319, new: -39.721079
(b)r: 1.8 phi: 0 vel: ( 0.277353, -0.214427 ) (73,0) rel: ( 1.8, 0 ), (73,0) global: ( 4.79354, -19.6853 ), (73,0), changes: 0.18, 1.4 last seen:(73,0) globalposderived: (73,0)
(b)r: 1.44332 phi: 2.95234 vel: ( 0.260712, -0.201562 ) (74,0) rel: ( 1.4414, 0.0743383 ), (74,0) global: ( 5.07089, -19.8997 ), (74,0), changes: 0.18, 1.4 last seen:(73,0) globalposderived: (73,0)
(b)r: 1.45763 phi: -1.63669 vel: ( 0.245069, -0.189468 ) (75,0) rel: ( 1.45704, -0.0416325 ), (75,0) global: ( 5.3316, -20.1013 ), (75,0), changes: 0.18, 1.4 last seen:(73,0) globalposderived: (73,0)
 75: direction old: -32.230023, new: -34.899418
(b)r: 1.5 phi: -2 vel: ( 0.249397, -0.197375 ) (75,0) rel: ( 1.49909, -0.0523492 ), (75,0) global: ( 5.357, -20.1999 ), (75,0), changes: 0.18, 0.5 last seen:(75,0) globalposderived: (75,0)
(b)r: 1.15013 phi: -4.11875 vel: ( 0.234433, -0.185533 ) (76,0) rel: ( 1.14716, -0.0826066 ), (76,0) global: ( 5.60639, -20.3972 ), (76,0), changes: 0.18, 0.5 last seen:(75,0) globalposderived: (75,0)
 76: direction old: -36.382706, new: -36.763017
(b)r: 1.1 phi: -4 vel: ( 0.228979, -0.183137 ) (76,0) rel: ( 1.09732, -0.0767321 ), (76,0) global: ( 5.45682, -20.2961 ), (76,0), changes: -0.022, -1.7 last seen:(76,0) globalposderived: (76,0)
 76: ball (5.456822,-20.296101), agent (4.575593,-19.637743), to (-1.022619,-0.210903) ang -32.763017 -32.763017
 76: relpos body (1.100000,-4.000000), vel. ball:(0.228979,-0.183137) dist: 1.110378 (0.300000,0.085000,0.725378)
 76: point too far, reposition ball (k_r = 0.748021)
 76: (kick 29.099426 169.527994), vecDesired (-0.199196,0.219439) 0.000000 posDes(5.257626,-20.076661)
(b)r: 1.0923 phi: -5.6121 vel: ( 0.215241, -0.172149 ) (77,0) rel: ( 1.08706, -0.106819 ), (77,0) global: ( 5.6858, -20.4792 ), (77,0), changes: -0.022, -1.7 last seen:(76,0) globalposderived: (76,0)
 77: ball (5.685802,-20.479237), agent (4.829481,-19.801132), to (-1.022619,-0.210903) ang -32.763017 -32.763017
 77: relpos body (1.092296,-5.612101), vel. ball:(0.215241,-0.172149) dist: 1.110378 (0.300000,0.085000,0.725378)
 77: point too far, reposition ball (k_r = 0.748437)
 77: (kick 36.259419 169.374914), vecDesired (-0.317242,0.331186) 0.000000 posDes(5.368560,-20.148051)
(b)r: 0.518054 phi: -0.588051 vel: ( -0.291542, 0.311171 ) (78,0) rel: ( 0.518027, -0.00531692 ), (78,0) global: ( 5.37565, -20.1482 ), (78,0), changes: -0.022, -1.7 last seen:(76,0) globalposderived: (76,0)
 78: ball (5.375650,-20.148204), agent (4.942910,-19.863394), to (-1.022619,-0.210903) ang -32.763017 -32.763017
 78: relpos body (0.518054,-0.588051), vel. ball:(-0.291542,0.311171) dist: 1.110378 (0.300000,0.085000,0.725378)
 78: pos (-1.013243,3.157310) too far, but can acc ball good to 2.952877 k=2.573981,0.182513
 78: direction old: -35.228489, new: -37.672239
(b)r: 0.5 phi: -5 vel: ( -0.251081, 0.248719 ) (78,0) rel: ( 0.498097, -0.0435779 ), (78,0) global: ( 5.39935, -20.191 ), (78,0), changes: -0.41, 3.9 last seen:(78,0) globalposderived: (78,0)
 78: ball (5.399348,-20.191037), agent (5.003588,-19.885466), to (-1.022619,-0.210903) ang -32.672239 -32.672239
 78: relpos body (0.500000,-5.000000), vel. ball:(-0.251081,0.248719) dist: 1.110378 (0.300000,0.085000,0.725378)
 78: pos (-1.014668,3.156852) too far, but can acc ball good to 2.882695 k=2.574237,0.162929
 79: 2 pos: ball(4.529544,-17.475505), ball_prev(5.399348,-20.191037), agentdiff(-0.000190,-0.000318)
 79: vel based on 2 pos: (-0.817437,2.552900)
 79: direction old: 101.485629, new: 102.227860
 151: Received coach message: online_coach_left (advice (0 (true) (do our {1} (home (pt 0 0))) (do our {2} (home (pt -12 26))) (do our {3} (home (pt -20 10))) (do our {4} (home (pt -20 -10))) (do our {5} (home (pt -12 -26))) (do our {6} (home (pt 0 0))) (do our {7} (home (pt 12 15))) (do our {8} (home (pt 12 -15))) (do our {9} (home (pt 20 0))) (do our {10} (home (pt 35 22))) (do our {11} (home (pt 35 -22))))))
 151: new home position for player 0: 0 0
 151: new home position for player 1: -12 26
 151: new home position for player 2: -20 10
 151: new home position for player 3: -20 -10
 151: new home position for player 4: -12 -26
 151: new home position for player 5: 0 0
 151: new home position for player 6: 12 15
 151: new home position for player 7: 12 -15
 151: new home position for player 8: 20 0
 151: new home position for player 9: 35 22
 151: new home position for player 10: 35 -22
 241: direction old: -145.943364, new: -151.362725
(b)r: 1.34056 phi: -0.342255 vel: ( 0, 0 ) (243,0) rel: ( 1.34053, -0.00800774 ), (243,0) global: ( 1.6174, -15.9068 ), (243,0), changes: -0.7, 4.6 last seen:(241,0) globalposderived: (241,0)
 243: direction old: -154.758556, new: -140.584439
(b)r: 0.8 phi: -2 vel: ( 0.191537, 0.131262 ) (243,0) rel: ( 0.799513, -0.0279196 ), (243,0) global: ( 2.24347, -15.8282 ), (243,0), changes: -0.576, 5.8 last seen:(243,0) globalposderived: (243,0)
 243: ball (2.243474,-15.828205), agent (2.861523,-15.320253), to (-0.898759,-0.321143) ang -138.584439 -138.584439
 243: relpos body (0.800000,-2.000000), vel. ball:(0.191537,0.131262) dist: 1.110378 (0.300000,0.085000,0.725378)
 243: point good and can reach point 117.360165
 244: 2 pos: ball(0.135986,-13.415719), ball_prev(2.243474,-15.828205), agentdiff(-0.449583,0.236383)
 244: vel based on 2 pos: (-1.558431,2.045537)
 244: direction old: 101.772726, new: 137.055644
 351: Received coach message: online_coach_left (advice (0 (true) (do our {1} (home (pt -20 10))) (do our {2} (home (pt -12 26))) (do our {3} (home (pt 0 0))) (do our {4} (home (pt -20 -10))) (do our {5} (home (pt -12 -26))) (do our {6} (home (pt 20 0))) (do our {7} (home (pt 12 15))) (do our {8} (home (pt 12 -15))) (do our {9} (home (pt 0 0))) (do our {10} (home (pt 35 22))) (do our {11} (home (pt 35 -22))))))
 351: new home position for player 0: -20 10
 351: new home position for player 1: -12 26
 351: new home position for player 2: 0 0
 351: new home position for player 3: -20 -10
 351: new home position for player 4: -12 -26
 351: new home position for player 5: 20 0
 351: new home position for player 6: 12 15
 351: new home position for player 7: 12 -15
 351: new home position for player 8: 0 0
 351: new home position for player 9: 35 22
 351: new home position for player 10: 35 -22
 651: Received coach message: online_coach_left (advice (0 (true) (do our {1} (home (pt -20 10))) (do our {2} (home (pt -12 26))) (do our {3} (home (pt 0 0))) (do our {4} (home (pt -20 -10))) (do our {5} (home (pt -12 -26))) (do our {6} (home (pt 0 0))) (do our {7} (home (pt 12 15))) (do our {8} (home (pt 35 -22))) (do our {9} (home (pt 20 0))) (do our {10} (home (pt 35 22))) (do our {11} (home (pt 12 -15))))))
 651: new home position for player 0: -20 10
 651: new home position for player 1: -12 26
 651: new home position for player 2: 0 0
 651: new home position for player 3: -20 -10
 651: new home position for player 4: -12 -26
 651: new home position for player 5: 0 0
 651: new home position for player 6: 12 15
 651: new home position for player 7: 35 -22
 651: new home position for player 8: 20 0
 651: new home position for player 9: 35 22
 651: new home position for player 10: 12 -15
 793: direction old: 104.870130, new: 96.616024
 795: direction old: 78.266339, new: 82.155151
 796: direction old: 74.499872, new: 74.116085
(b)r: 1.88916 phi: -5.53845 vel: ( 0.223014, 0.0773714 ) (797,0) rel: ( 1.88034, -0.18233 ), (797,0) global: ( 12.1879, -9.87593 ), (797,0), changes: -0.12, -7.5 last seen:(796,0) globalposderived: (796,0)
(b)r: 1.94283 phi: -4.25864 vel: ( 0.209633, 0.0727292 ) (798,0) rel: ( 1.93747, -0.144273 ), (798,0) global: ( 12.4109, -9.79856 ), (798,0), changes: -0.12, -7.5 last seen:(796,0) globalposderived: (796,0)
 798: direction old: 54.075881, new: 59.120109
(b)r: 1.8 phi: -3 vel: ( 0.203316, 0.0715251 ) (798,0) rel: ( 1.79753, -0.0942047 ), (798,0) global: ( 12.1877, -9.83679 ), (798,0), changes: 0.108, -5.1 last seen:(798,0) globalposderived: (798,0)
(b)r: 1.4157 phi: -9.77989 vel: ( 0.191117, 0.0672336 ) (799,0) rel: ( 1.39512, -0.240475 ), (799,0) global: ( 12.3911, -9.76526 ), (799,0), changes: 0.108, -5.1 last seen:(798,0) globalposderived: (798,0)
 799: direction old: 58.722111, new: 53.217624
(b)r: 1.5 phi: -9 vel: ( 0.190015, 0.0671295 ) (799,0) rel: ( 1.48153, -0.234652 ), (799,0) global: ( 12.5586, -9.76664 ), (799,0), changes: -0.09, -5.8 last seen:(799,0) globalposderived: (799,0)
(b)r: 1.41609 phi: -2.3727 vel: ( 0.178615, 0.0631017 ) (800,0) rel: ( 1.41488, -0.0586256 ), (800,0) global: ( 12.7486, -9.69951 ), (800,0), changes: -0.09, -5.8 last seen:(799,0) globalposderived: (799,0)
(b)r: 0.961075 phi: -7.32824 vel: ( 0.167898, 0.0593156 ) (801,0) rel: ( 0.953225, -0.122589 ), (801,0) global: ( 12.9272, -9.63641 ), (801,0), changes: -0.09, -5.8 last seen:(799,0) globalposderived: (799,0)
 801: ball (12.927208,-9.636410), agent (12.222293,-10.289679), to (10.884336,0.005347) ang 50.150575 50.150575
 801: relpos body (0.961075,-7.328243), vel. ball:(0.167898,0.059316) dist: 1.110378 (0.300000,0.085000,0.725378)
 801: point good, but reposition ball since need 107.652236
 801: (kick 17.449567 147.864198), vecDesired (-0.186628,-0.055978) 0.000000 posDes(12.740580,-9.692388)
 801: direction old: 44.827352, new: 42.900936
(b)r: 1 phi: -7 vel: ( 0.171149, 0.0601692 ) (801,0) rel: ( 0.992546, -0.121869 ), (801,0) global: ( 12.8828, -9.72796 ), (801,0), changes: -0.12, -5.4 last seen:(801,0) globalposderived: (801,0)
 801: ball (12.882791,-9.727957), agent (12.150260,-10.408690), to (10.884336,0.005347) ang 49.900936 49.900936
 801: relpos body (1.000000,-7.000000), vel. ball:(0.171149,0.060169) dist: 1.110378 (0.300000,0.085000,0.725378)
 801: point good, but reposition ball since need 109.395267
 801: (kick 19.493510 150.959746), vecDesired (-0.211647,-0.085705) 0.000000 posDes(12.671144,-9.813663)
(b)r: 0.52338 phi: 0.565395 vel: ( -0.192028, -0.0711983 ) (802,0) rel: ( 0.523355, 0.00516464 ), (802,0) global: ( 12.6785, -9.8037 ), (802,0), changes: -0.12, -5.4 last seen:(801,0) globalposderived: (801,0)
 802: ball (12.678506,-9.803700), agent (12.345358,-10.207358), to (10.889172,0.005810) ang 49.900936 49.900936
 802: relpos body (0.523380,0.565395), vel. ball:(-0.192028,-0.071198) dist: 1.110378 (0.300000,0.085000,0.725378)
 802: point good and can reach point 91.883749
 802: direction old: 53.521417, new: 50.969231
(b)r: 0.5 phi: 1 vel: ( -0.196915, -0.0699787 ) (802,0) rel: ( 0.499924, 0.0087262 ), (802,0) global: ( 12.7231, -9.78082 ), (802,0), changes: -0.31, 14.3 last seen:(802,0) globalposderived: (802,0)
 802: ball (12.723111,-9.780823), agent (12.408242,-10.169226), to (10.889172,0.005810) ang 49.969231 49.969231
 802: relpos body (0.500000,1.000000), vel. ball:(-0.196915,-0.069979) dist: 1.110378 (0.300000,0.085000,0.725378)
 802: point good and can reach point 91.067205
 913: Received coach message: online_coach_left (advice (0 (true) (do our {1} (home (pt -20 10))) (do our {2} (home (pt 0 0))) (do our {3} (home (pt 0 0))) (do our {4} (home (pt -20 -10))) (do our {5} (home (pt -12 -26))) (do our {6} (home (pt -12 26))) (do our {7} (home (pt 12 15))) (do our {8} (home (pt 12 -15))) (do our {9} (home (pt 20 0))) (do our {10} (home (pt 35 22))) (do our {11} (home (pt 35 -22))))))
 913: new home position for player 0: -20 10
 913: new home position for player 1: 0 0
 913: new home position for player 2: 0 0
 913: new home position for player 3: -20 -10
 913: new home position for player 4: -12 -26
 913: new home position for player 5: -12 26
 913: new home position for player 6: 12 15
 913: new home position for player 7: 12 -15
 913: new home position for player 8: 20 0
 913: new home position for player 9: 35 22
 913: new home position for player 10: 35 -22
 1113: direction old: -163.482229, new: -166.116808
(b)r: 1.18856 phi: -7.7894 vel: ( 0.399869, 0.177051 ) (1114,0) rel: ( 1.17759, -0.161088 ), (1114,0) global: ( 10.6613, -16.1135 ), (1114,0), changes: -0.528, -2.3 last seen:(1113,0) globalposderived: (1113,0)
 1114: direction old: -174.270404, new: -172.249908
(b)r: 1.2 phi: -8 vel: ( 0.398321, 0.173064 ) (1114,0) rel: ( 1.18832, -0.167008 ), (1114,0) global: ( 10.6461, -16.1576 ), (1114,0), changes: -0.672, -7.6 last seen:(1114,0) globalposderived: (1114,0)
(b)r: 0.550412 phi: -12.2799 vel: ( 0.374422, 0.16268 ) (1115,0) rel: ( 0.537819, -0.117066 ), (1115,0) global: ( 11.0444, -15.9845 ), (1115,0), changes: -0.672, -7.6 last seen:(1114,0) globalposderived: (1114,0)
 1115: ball (11.044430,-15.984524), agent (11.587846,-16.072007), to (3.885144,-0.725460) ang -176.865545 -176.865545
 1115: relpos body (0.550412,-12.279917), vel. ball:(0.374422,0.162680) dist: 1.110378 (0.300000,0.085000,0.725378)
 1115: point good, but reposition ball since need 113.206462
 1115: (kick 21.792395 31.919628), vecDesired (-0.071569,-0.150235) 0.000000 posDes(10.972861,-16.134759)
(b)r: 0.481311 phi: -2.8936 vel: ( -0.0565287, -0.124005 ) (1116,0) rel: ( 0.480698, -0.0242972 ), (1116,0) global: ( 10.9843, -16.1164 ), (1116,0), changes: -0.672, -7.6 last seen:(1114,0) globalposderived: (1114,0)
 1116: ball (10.984293,-16.116444), agent (11.465600,-16.114421), to (3.885144,-0.725460) ang -176.865545 -176.865545
 1116: relpos body (0.481311,-2.893597), vel. ball:(-0.056529,-0.124005) dist: 1.110378 (0.300000,0.085000,0.725378)
 1116: point good, but reposition ball since need 110.775374
 1116: (kick 3.125755 -79.495464), vecDesired (-0.075689,-0.045041) 0.000000 posDes(10.908605,-16.161485)
 1116: direction old: 174.929771, new: -177.014781
(b)r: 0.5 phi: 0 vel: ( -0.0812873, -0.124788 ) (1116,0) rel: ( 0.5, 0 ), (1116,0) global: ( 11.0637, -16.1938 ), (1116,0), changes: 0.03, 11.9 last seen:(1116,0) globalposderived: (1116,0)
 1116: ball (11.063692,-16.193829), agent (11.563013,-16.167790), to (3.885144,-0.725460) ang -177.014781 -177.014781
 1116: relpos body (0.500000,0.000000), vel. ball:(-0.081287,-0.124788) dist: 1.110378 (0.300000,0.085000,0.725378)
 1116: point good, but reposition ball since need 110.706637
 1116: (kick 4.157524 -105.571790), vecDesired (-0.057795,-0.019575) 0.000000 posDes(11.005897,-16.213404)
(b)r: 0.50004 phi: -0.220877 vel: ( -0.0561148, -0.0219402 ) (1117,0) rel: ( 0.500036, -0.00192766 ), (1117,0) global: ( 11.004, -16.2172 ), (1117,0), changes: 0.03, 11.9 last seen:(1116,0) globalposderived: (1116,0)
 1117: ball (11.003995,-16.217170), agent (11.503453,-16.193054), to (3.885144,-0.725460) ang -177.014781 -177.014781
 1117: relpos body (0.500040,-0.220877), vel. ball:(-0.056115,-0.021940) dist: 1.110378 (0.300000,0.085000,0.725378)
 1117: point good, but reposition ball since need 107.479931
 1117: (kick 1.110311 -166.334021), vecDesired (-0.028541,-0.013693) 0.000000 posDes(10.975454,-16.230863)
 1117: direction old: -162.322906, new: -175.955838
(b)r: 0.5 phi: 1 vel: ( -0.0563307, -0.0248635 ) (1117,0) rel: ( 0.499924, 0.0087262 ), (1117,0) global: ( 10.8665, -16.1373 ), (1117,0), changes: 0.03, 1.6 last seen:(1117,0) globalposderived: (1117,0)
 1117: ball (10.866452,-16.137315), agent (11.365207,-16.102052), to (3.885144,-0.725460) ang -176.955838 -176.955838
 1117: relpos body (0.500000,1.000000), vel. ball:(-0.056331,-0.024863) dist: 1.110378 (0.300000,0.085000,0.725378)
 1117: point good, but reposition ball since need 107.712842
 1117: (kick 1.343409 -144.290652), vecDesired (-0.029205,-0.003090) 0.000000 posDes(10.837247,-16.140404)
(b)r: 0.516345 phi: 0.884208 vel: ( -0.0340479, -0.00804019 ) (1118,0) rel: ( 0.516283, 0.00796809 ), (1118,0) global: ( 10.8302, -16.1459 ), (1118,0), changes: 0.03, 1.6 last seen:(1117,0) globalposderived: (1117,0)
 1118: ball (10.830230,-16.145868), agent (11.345362,-16.110494), to (3.885144,-0.725460) ang -176.955838 -176.955838
 1118: relpos body (0.516345,0.884208), vel. ball:(-0.034048,-0.008040) dist: 1.110378 (0.300000,0.085000,0.725378)
 1118: point good, but reposition ball since need 108.077626
 1118: (kick 1.618513 -165.022593), vecDesired (0.005576,0.004851) 0.000000 posDes(10.835806,-16.141017)
(b)r: 0.505847 phi: -0.0626408 vel: ( -0.00899528, -6.18512e-05 ) (1119,0) rel: ( 0.505847, -0.000553037 ), (1119,0) global: ( 10.8207, -16.1459 ), (1119,0), changes: 0.03, 1.6 last seen:(1117,0) globalposderived: (1117,0)
 1119: ball (10.820661,-16.145934), agent (11.325824,-16.119623), to (3.885144,-0.725460) ang -176.955838 -176.955838
 1119: relpos body (0.505847,-0.062641), vel. ball:(-0.008995,-0.000062) dist: 1.110378 (0.300000,0.085000,0.725378)
 1119: point good, but reposition ball since need 107.649807
 1119: (kick 0.251932 133.667469), vecDesired (-0.004251,-0.004531) 0.000000 posDes(10.816410,-16.150465)
 1119: direction old: -176.576828, new: -175.918896
(b)r: 0.5 phi: 1 vel: ( -0.00905709, -0.00423901 ) (1119,0) rel: ( 0.499924, 0.0087262 ), (1119,0) global: ( 10.8377, -16.1507 ), (1119,0), changes: 0, 0 last seen:(1119,0) globalposderived: (1119,0)
 1119: ball (10.837727,-16.150665), agent (11.336459,-16.115080), to (3.885144,-0.725460) ang -176.918896 -176.918896
 1119: relpos body (0.500000,1.000000), vel. ball:(-0.009057,-0.004239) dist: 1.110378 (0.300000,0.085000,0.725378)
 1119: point good, but reposition ball since need 107.715786
 1119: (kick 0.339865 -82.578715), vecDesired (-0.010661,0.004413) 0.000000 posDes(10.827066,-16.146251)
(b)r: 0.509348 phi: 1.40313 vel: ( -0.00851366, -0.00398467 ) (1120,0) rel: ( 0.509196, 0.0124723 ), (1120,0) global: ( 10.8287, -16.1549 ), (1120,0), changes: 0, 0 last seen:(1119,0) globalposderived: (1119,0)
 1120: ball (10.828670,-16.154904), agent (11.336459,-16.115080), to (3.885144,-0.725460) ang -176.918896 -176.918896
 1120: relpos body (0.509348,1.403126), vel. ball:(-0.008514,-0.003985) dist: 1.110378 (0.300000,0.085000,0.725378)
 1120: point good, but reposition ball since need 108.142057
 1120: (kick 0.900818 -136.494953), vecDesired (0.007453,0.012892) 0.000000 posDes(10.836123,-16.142012)
 1120: direction old: 176.189671, new: -175.982214
(b)r: 0.5 phi: 1 vel: ( 6.11442e-05, -0.00087052 ) (1120,0) rel: ( 0.499924, 0.0087262 ), (1120,0) global: ( 10.8441, -16.2242 ), (1120,0), changes: 0, 0.1 last seen:(1120,0) globalposderived: (1120,0)
 1120: ball (10.844120,-16.224184), agent (11.342892,-16.189151), to (3.885144,-0.725460) ang -176.982214 -176.982214
 1120: relpos body (0.500000,1.000000), vel. ball:(0.000061,-0.000871) dist: 1.110378 (0.300000,0.085000,0.725378)
 1120: point good, but reposition ball since need 107.741215
 1120: (kick 0.373376 -83.157142), vecDesired (-0.001594,0.008654) 0.000000 posDes(10.842526,-16.215530)
(b)r: 0.500001 phi: 1.1 vel: ( 5.74756e-05, -0.000818289 ) (1121,0) rel: ( 0.499909, 0.00959873 ), (1121,0) global: ( 10.8442, -16.2251 ), (1121,0), changes: 0, 0.1 last seen:(1120,0) globalposderived: (1120,0)
 1121: ball (10.844182,-16.225055), agent (11.342892,-16.189151), to (3.885144,-0.725460) ang -176.982214 -176.982214
 1121: relpos body (0.500001,1.100000), vel. ball:(0.000057,-0.000818) dist: 1.110378 (0.300000,0.085000,0.725378)
 1121: point good, but reposition ball since need 107.754952
 1121: (kick 0.404965 -83.613522), vecDesired (-0.001656,0.009525) 0.000000 posDes(10.842526,-16.215530)
(b)r: 0.500003 phi: 1.194 vel: ( 5.40271e-05, -0.000769191 ) (1122,0) rel: ( 0.499894, 0.0104189 ), (1122,0) global: ( 10.8442, -16.2259 ), (1122,0), changes: 0, 0.1 last seen:(1120,0) globalposderived: (1120,0)
 1122: ball (10.844239,-16.225873), agent (11.342892,-16.189151), to (3.885144,-0.725460) ang -176.982214 -176.982214
 1122: relpos body (0.500003,1.193999), vel. ball:(0.000054,-0.000769) dist: 1.110378 (0.300000,0.085000,0.725378)
 1122: point good, but reposition ball since need 107.767923
 1122: (kick 0.434687 -83.982113), vecDesired (-0.001713,0.010343) 0.000000 posDes(10.842526,-16.215530)
 1122: direction old: -175.788215, new: -175.982214
(b)r: 0.5 phi: 1 vel: ( 0.000122288, -0.00174104 ) (1122,0) rel: ( 0.499924, 0.0087262 ), (1122,0) global: ( 10.8441, -16.2242 ), (1122,0), changes: 0, 0.2 last seen:(1122,0) globalposderived: (1122,0)
 1122: ball (10.844120,-16.224184), agent (11.342892,-16.189151), to (3.885144,-0.725460) ang -176.982214 -176.982214
 1122: relpos body (0.500000,1.000000), vel. ball:(0.000122,-0.001741) dist: 1.110378 (0.300000,0.085000,0.725378)
 1122: point good, but reposition ball since need 107.772855
 1122: (kick 0.406919 -83.640251), vecDesired (-0.001594,0.008654) 0.000000 posDes(10.842526,-16.215530)
(b)r: 0.500003 phi: 1.2 vel: ( 0.000114951, -0.00163658 ) (1123,0) rel: ( 0.499893, 0.0104713 ), (1123,0) global: ( 10.8442, -16.2259 ), (1123,0), changes: 0, 0.2 last seen:(1122,0) globalposderived: (1122,0)
 1123: ball (10.844243,-16.225925), agent (11.342892,-16.189151), to (3.885144,-0.725460) ang -176.982214 -176.982214
 1123: relpos body (0.500003,1.199999), vel. ball:(0.000115,-0.001637) dist: 1.110378 (0.300000,0.085000,0.725378)
 1123: point good, but reposition ball since need 107.800402
 1123: (kick 0.470179 -84.361722), vecDesired (-0.001717,0.010395) 0.000000 posDes(10.842526,-16.215530)
 1123: direction old: -175.782215, new: -175.982214
(b)r: 0.5 phi: 1 vel: ( 0.00011862, -0.00168881 ) (1123,0) rel: ( 0.499924, 0.0087262 ), (1123,0) global: ( 10.8441, -16.2242 ), (1123,0), changes: 0, 0.2 last seen:(1123,0) globalposderived: (1123,0)
 1123: ball (10.844120,-16.224184), agent (11.342892,-16.189151), to (3.885144,-0.725460) ang -176.982214 -176.982214
 1123: relpos body (0.500000,1.000000), vel. ball:(0.000119,-0.001689) dist: 1.110378 (0.300000,0.085000,0.725378)
 1123: point good, but reposition ball since need 107.770957
 1123: (kick 0.404906 -83.613522), vecDesired (-0.001594,0.008654) 0.000000 posDes(10.842526,-16.215530)
(b)r: 0.500003 phi: 1.194 vel: ( 0.000111503, -0.00158748 ) (1124,0) rel: ( 0.499894, 0.0104189 ), (1124,0) global: ( 10.8442, -16.2259 ), (1124,0), changes: 0, 0.2 last seen:(1123,0) globalposderived: (1123,0)
 1124: ball (10.844239,-16.225873), agent (11.342892,-16.189151), to (3.885144,-0.725460) ang -176.982214 -176.982214
 1124: relpos body (0.500003,1.193999), vel. ball:(0.000112,-0.001587) dist: 1.110378 (0.300000,0.085000,0.725378)
 1124: point good, but reposition ball since need 107.797673
 1124: (kick 0.466264 -84.322727), vecDesired (-0.001713,0.010343) 0.000000 posDes(10.842526,-16.215530)
(b)r: 0.500011 phi: 1.37635 vel: ( 0.000104812, -0.00149223 ) (1125,0) rel: ( 0.499867, 0.0120101 ), (1125,0) global: ( 10.8444, -16.2275 ), (1125,0), changes: 0, 0.2 last seen:(1123,0) globalposderived: (1123,0)
 1125: ball (10.844351,-16.227461), agent (11.342892,-16.189151), to (3.885144,-0.725460) ang -176.982214 -176.982214
 1125: relpos body (0.500011,1.376355), vel. ball:(0.000105,-0.001492) dist: 1.110378 (0.300000,0.085000,0.725378)
 1125: point good, but reposition ball since need 107.823003
 1125: (kick 0.524023 -84.838119), vecDesired (-0.001825,0.011931) 0.000000 posDes(10.842526,-16.215530)
 1125: direction old: -175.605859, new: -175.982214
(b)r: 0.5 phi: 1 vel: ( 0.000122288, -0.00174104 ) (1125,0) rel: ( 0.499924, 0.0087262 ), (1125,0) global: ( 10.8441, -16.2242 ), (1125,0), changes: 0, 0.2 last seen:(1125,0) globalposderived: (1125,0)
 1125: ball (10.844120,-16.224184), agent (11.342892,-16.189151), to (3.885144,-0.725460) ang -176.982214 -176.982214
 1125: relpos body (0.500000,1.000000), vel. ball:(0.000122,-0.001741) dist: 1.110378 (0.300000,0.085000,0.725378)
 1125: point good, but reposition ball since need 107.772855
 1125: (kick 0.406919 -83.640251), vecDesired (-0.001594,0.008654) 0.000000 posDes(10.842526,-16.215530)
(b)r: 0.500003 phi: 1.2 vel: ( 0.000114951, -0.00163658 ) (1126,0) rel: ( 0.499893, 0.0104713 ), (1126,0) global: ( 10.8442, -16.2259 ), (1126,0), changes: 0, 0.2 last seen:(1125,0) globalposderived: (1125,0)
 1126: ball (10.844243,-16.225925), agent (11.342892,-16.189151), to (3.885144,-0.725460) ang -176.982214 -176.982214
 1126: relpos body (0.500003,1.199999), vel. ball:(0.000115,-0.001637) dist: 1.110378 (0.300000,0.085000,0.725378)
 1126: point good, but reposition ball since need 107.800402
 1126: (kick 0.470179 -84.361722), vecDesired (-0.001717,0.010395) 0.000000 posDes(10.842526,-16.215530)
 1126: direction old: -175.782215, new: -174.982214
(b)r: 0.5 phi: 2 vel: ( 0.000133803, -0.00168761 ) (1126,0) rel: ( 0.499695, 0.0174497 ), (1126,0) global: ( 10.8448, -16.2329 ), (1126,0), changes: 0, 0.2 last seen:(1126,0) globalposderived: (1126,0)
 1126: ball (10.844808,-16.232884), agent (11.342892,-16.189151), to (3.885144,-0.725460) ang -176.982214 -176.982214
 1126: relpos body (0.500000,2.000000), vel. ball:(0.000134,-0.001688) dist: 1.110378 (0.300000,0.085000,0.725378)
 1126: point good, but reposition ball since need 107.927470
 1126: (kick 0.742371 -85.787695), vecDesired (-0.002282,0.017354) 0.000000 posDes(10.842526,-16.215530)
(b)r: 0.500017 phi: 2.19398 vel: ( 0.000125775, -0.00158635 ) (1127,0) rel: ( 0.499651, 0.0191421 ), (1127,0) global: ( 10.8449, -16.2346 ), (1127,0), changes: 0, 0.2 last seen:(1126,0) globalposderived: (1126,0)
 1127: ball (10.844942,-16.234571), agent (11.342892,-16.189151), to (3.885144,-0.725460) ang -176.982214 -176.982214
 1127: relpos body (0.500017,2.193979), vel. ball:(0.000126,-0.001586) dist: 1.110378 (0.300000,0.085000,0.725378)
 1127: point good, but reposition ball since need 107.954811
 1127: (kick 0.804088 -85.994107), vecDesired (-0.002416,0.019041) 0.000000 posDes(10.842526,-16.215530)
(b)r: 0.500039 phi: 2.37631 vel: ( 0.000118228, -0.00149117 ) (1128,0) rel: ( 0.499609, 0.0207328 ), (1128,0) global: ( 10.8451, -16.2362 ), (1128,0), changes: 0, 0.2 last seen:(1126,0) globalposderived: (1126,0)
 1128: ball (10.845067,-16.236158), agent (11.342892,-16.189151), to (3.885144,-0.725460) ang -176.982214 -176.982214
 1128: relpos body (0.500039,2.376306), vel. ball:(0.000118,-0.001491) dist: 1.110378 (0.300000,0.085000,0.725378)
 1128: point good, but reposition ball since need 107.980726
 1128: (kick 0.862144 -86.161273), vecDesired (-0.002541,0.020628) 0.000000 posDes(10.842526,-16.215530)
 1128: direction old: -174.605908, new: -174.982214
(b)r: 0.5 phi: 2 vel: ( 0.000152655, -0.00173864 ) (1128,0) rel: ( 0.499695, 0.0174497 ), (1128,0) global: ( 10.8448, -16.2329 ), (1128,0), changes: 0, 0.2 last seen:(1128,0) globalposderived: (1128,0)
 1128: ball (10.844808,-16.232884), agent (11.342892,-16.189151), to (3.885144,-0.725460) ang -176.982214 -176.982214
 1128: relpos body (0.500000,2.000000), vel. ball:(0.000153,-0.001739) dist: 1.110378 (0.300000,0.085000,0.725378)
 1128: point good, but reposition ball since need 107.929569
 1128: (kick 0.744421 -85.751140), vecDesired (-0.002282,0.017354) 0.000000 posDes(10.842526,-16.215530)
(b)r: 0.500003 phi: 2.2 vel: ( 0.000143496, -0.00163432 ) (1129,0) rel: ( 0.499635, 0.019194 ), (1129,0) global: ( 10.845, -16.2346 ), (1129,0), changes: 0, 0.2 last seen:(1128,0) globalposderived: (1128,0)
 1129: ball (10.844960,-16.234622), agent (11.342892,-16.189151), to (3.885144,-0.725460) ang -176.982214 -176.982214
 1129: relpos body (0.500003,2.199999), vel. ball:(0.000143,-0.001634) dist: 1.110378 (0.300000,0.085000,0.725378)
 1129: point good, but reposition ball since need 107.957178
 1129: (kick 0.808066 -85.927742), vecDesired (-0.002434,0.019092) 0.000000 posDes(10.842526,-16.215530)
 1129: direction old: -174.782215, new: -174.982214
(b)r: 0.5 phi: 2 vel: ( 7.63276e-05, -0.00086932 ) (1129,0) rel: ( 0.499695, 0.0174497 ), (1129,0) global: ( 10.8448, -16.2329 ), (1129,0), changes: 0, 0.1 last seen:(1129,0) globalposderived: (1129,0)
 1129: ball (10.844808,-16.232884), agent (11.342892,-16.189151), to (3.885144,-0.725460) ang -176.982214 -176.982214
 1129: relpos body (0.500000,2.000000), vel. ball:(0.000076,-0.000869) dist: 1.110378 (0.300000,0.085000,0.725378)
 1129: point good, but reposition ball since need 107.897683
 1129: (kick 0.710696 -85.644364), vecDesired (-0.002282,0.017354) 0.000000 posDes(10.842526,-16.215530)
(b)r: 0.500001 phi: 2.1 vel: ( 7.17479e-05, -0.000817161 ) (1130,0) rel: ( 0.499665, 0.0183219 ), (1130,0) global: ( 10.8449, -16.2338 ), (1130,0), changes: 0, 0.1 last seen:(1129,0) globalposderived: (1129,0)
 1130: ball (10.844884,-16.233753), agent (11.342892,-16.189151), to (3.885144,-0.725460) ang -176.982214 -176.982214
 1130: relpos body (0.500001,2.100000), vel. ball:(0.000072,-0.000817) dist: 1.110378 (0.300000,0.085000,0.725378)
 1130: point good, but reposition ball since need 107.911451
 1130: (kick 0.742505 -85.745007), vecDesired (-0.002358,0.018223) 0.000000 posDes(10.842526,-16.215530)
(b)r: 0.500003 phi: 2.194 vel: ( 6.74431e-05, -0.000768131 ) (1131,0) rel: ( 0.499636, 0.0191417 ), (1131,0) global: ( 10.845, -16.2346 ), (1131,0), changes: 0, 0.1 last seen:(1129,0) globalposderived: (1129,0)
 1131: ball (10.844956,-16.234570), agent (11.342892,-16.189151), to (3.885144,-0.725460) ang -176.982214 -176.982214
 1131: relpos body (0.500003,2.193999), vel. ball:(0.000067,-0.000768) dist: 1.110378 (0.300000,0.085000,0.725378)
 1131: point good, but reposition ball since need 107.924451
 1131: (kick 0.772417 -85.832076), vecDesired (-0.002430,0.019040) 0.000000 posDes(10.842526,-16.215530)
 1131: direction old: -174.788215, new: -174.982214
(b)r: 0.5 phi: 2 vel: ( 7.63276e-05, -0.00086932 ) (1131,0) rel: ( 0.499695, 0.0174497 ), (1131,0) global: ( 10.8448, -16.2329 ), (1131,0), changes: 0, 0.1 last seen:(1131,0) globalposderived: (1131,0)
 1131: ball (10.844808,-16.232884), agent (11.342892,-16.189151), to (3.885144,-0.725460) ang -176.982214 -176.982214
 1131: relpos body (0.500000,2.000000), vel. ball:(0.000076,-0.000869) dist: 1.110378 (0.300000,0.085000,0.725378)
 1131: point good, but reposition ball since need 107.897683
 1131: (kick 0.710696 -85.644364), vecDesired (-0.002282,0.017354) 0.000000 posDes(10.842526,-16.215530)
(b)r: 0.500001 phi: 2.1 vel: ( 7.17479e-05, -0.000817161 ) (1132,0) rel: ( 0.499665, 0.0183219 ), (1132,0) global: ( 10.8449, -16.2338 ), (1132,0), changes: 0, 0.1 last seen:(1131,0) globalposderived: (1131,0)
 1132: ball (10.844884,-16.233753), agent (11.342892,-16.189151), to (3.885144,-0.725460) ang -176.982214 -176.982214
 1132: relpos body (0.500001,2.100000), vel. ball:(0.000072,-0.000817) dist: 1.110378 (0.300000,0.085000,0.725378)
 1132: point good, but reposition ball since need 107.911451
 1132: (kick 0.742505 -85.745007), vecDesired (-0.002358,0.018223) 0.000000 posDes(10.842526,-16.215530)
 1132: direction old: -174.882214, new: -173.982214
(b)r: 0.5 phi: 3 vel: ( 8.16178e-05, -0.000842508 ) (1132,0) rel: ( 0.499315, 0.026168 ), (1132,0) global: ( 10.8456, -16.2416 ), (1132,0), changes: 0, 0.1 last seen:(1132,0) globalposderived: (1132,0)
 1132: ball (10.845647,-16.241570), agent (11.342892,-16.189151), to (3.885144,-0.725460) ang -176.982214 -176.982214
 1132: relpos body (0.500000,3.000000), vel. ball:(0.000082,-0.000843) dist: 1.110378 (0.300000,0.085000,0.725378)
 1132: point good, but reposition ball since need 108.053544
 1132: (kick 1.048611 -86.224031), vecDesired (-0.003121,0.026040) 0.000000 posDes(10.842526,-16.215530)
(b)r: 0.50108 phi: 0.143976 vel: ( -0.00288832, 0.0232946 ) (1133,0) rel: ( 0.501079, 0.00125914 ), (1133,0) global: ( 10.8426, -16.2168 ), (1133,0), changes: 0, 0.1 last seen:(1132,0) globalposderived: (1132,0)
 1133: ball (10.842574,-16.216788), agent (11.342892,-16.189151), to (3.885144,-0.725460) ang -176.982214 -176.982214
 1133: relpos body (0.501080,0.143976), vel. ball:(-0.002888,0.023295) dist: 1.110378 (0.300000,0.085000,0.725378)
 1133: point good, but reposition ball since need 106.752599
 1133: (kick 0.857379 94.326131), vecDesired (-0.000048,0.001258) 0.000000 posDes(10.842526,-16.215530)
(b)r: 0.503224 phi: -2.52334 vel: ( -0.00271502, 0.0218969 ) (1134,0) rel: ( 0.502736, -0.0221552 ), (1134,0) global: ( 10.8397, -16.1935 ), (1134,0), changes: 0, 0.1 last seen:(1132,0) globalposderived: (1132,0)
 1134: ball (10.839686,-16.193494), agent (11.342892,-16.189151), to (3.885144,-0.725460) ang -176.982214 -176.982214
 1134: relpos body (0.503224,-2.523344), vel. ball:(-0.002715,0.021897) dist: 1.110378 (0.300000,0.085000,0.725378)
 1134: point good, but reposition ball since need 107.256486
 1134: (kick 1.716044 94.188703), vecDesired (0.002840,-0.022036) 0.000000 posDes(10.842526,-16.215530)
 1134: direction old: -179.505558, new: -178.982214
(b)r: 0.5 phi: -2 vel: ( -0.000341021, 0.0191956 ) (1134,0) rel: ( 0.499695, -0.0174497 ), (1134,0) global: ( 10.843, -16.198 ), (1134,0), changes: 0, -2.2 last seen:(1134,0) globalposderived: (1134,0)
 1134: ball (10.842970,-16.198033), agent (11.342892,-16.189151), to (3.885144,-0.725460) ang -176.982214 -176.982214
 1134: relpos body (0.500000,-2.000000), vel. ball:(-0.000341,0.019196) dist: 1.110378 (0.300000,0.085000,0.725378)
 1134: point good, but reposition ball since need 107.183665
 1134: (kick 1.419197 86.820610), vecDesired (-0.000445,-0.017497) 0.000000 posDes(10.842526,-16.215530)
(b)r: 0.500946 phi: -1.24047 vel: ( -0.000737172, -0.00625615 ) (1135,0) rel: ( 0.500829, -0.0108448 ), (1135,0) global: ( 10.8422, -16.2047 ), (1135,0), changes: 0, -2.2 last seen:(1134,0) globalposderived: (1134,0)
 1135: ball (10.842186,-16.204688), agent (11.342892,-16.189151), to (3.885144,-0.725460) ang -176.982214 -176.982214
 1135: relpos body (0.500946,-1.240470), vel. ball:(-0.000737,-0.006256) dist: 1.110378 (0.300000,0.085000,0.725378)
 1135: point good, but reposition ball since need 107.992703
 1135: (kick 0.182053 100.197559), vecDesired (0.000340,-0.010842) 0.000000 posDes(10.842526,-16.215530)
 1135: direction old: -178.222684, new: -178.982214
(b)r: 0.5 phi: -2 vel: ( 6.20038e-05, -0.00349011 ) (1135,0) rel: ( 0.499695, -0.0174497 ), (1135,0) global: ( 10.843, -16.198 ), (1135,0), changes: 0, 0.4 last seen:(1135,0) globalposderived: (1135,0)
 1135: ball (10.842970,-16.198033), agent (11.342892,-16.189151), to (3.885144,-0.725460) ang -176.982214 -176.982214
 1135: relpos body (0.500000,-2.000000), vel. ball:(0.000062,-0.003490) dist: 1.110378 (0.300000,0.085000,0.725378)
 1135: point good, but reposition ball since need 107.989908
 1135: (kick 0.542121 84.911242), vecDesired (-0.000445,-0.017497) 0.000000 posDes(10.842526,-16.215530)
(b)r: 0.500012 phi: -1.60001 vel: ( 5.82836e-05, -0.0032807 ) (1136,0) rel: ( 0.499817, -0.0139612 ), (1136,0) global: ( 10.843, -16.2015 ), (1136,0), changes: 0, 0.4 last seen:(1135,0) globalposderived: (1135,0)
 1136: ball (10.843032,-16.201523), agent (11.342892,-16.189151), to (3.885144,-0.725460) ang -176.982214 -176.982214
 1136: relpos body (0.500012,-1.600006), vel. ball:(0.000058,-0.003281) dist: 1.110378 (0.300000,0.085000,0.725378)
 1136: point good, but reposition ball since need 107.920328
 1136: (kick 0.415213 83.968127), vecDesired (-0.000507,-0.014007) 0.000000 posDes(10.842526,-16.215530)
(b)r: 0.500046 phi: -1.22405 vel: ( 5.47866e-05, -0.00308386 ) (1137,0) rel: ( 0.499932, -0.010682 ), (1137,0) global: ( 10.8431, -16.2048 ), (1137,0), changes: 0, 0.4 last seen:(1135,0) globalposderived: (1135,0)
 1137: ball (10.843091,-16.204803), agent (11.342892,-16.189151), to (3.885144,-0.725460) ang -176.982214 -176.982214
 1137: relpos body (0.500046,-1.224047), vel. ball:(0.000055,-0.003084) dist: 1.110378 (0.300000,0.085000,0.725378)
 1137: point good, but reposition ball since need 107.855862
 1137: (kick 0.296243 82.347446), vecDesired (-0.000565,-0.010727) 0.000000 posDes(10.842526,-16.215530)
 1137: direction old: -178.206261, new: -177.982214
(b)r: 0.6 phi: -1 vel: ( 8.27006e-05, -0.00311175 ) (1137,0) rel: ( 0.599909, -0.0104714 ), (1137,0) global: ( 10.7433, -16.2103 ), (1137,0), changes: 0, 0.3 last seen:(1137,0) globalposderived: (1137,0)
 1137: ball (10.743264,-16.210277), agent (11.342892,-16.189151), to (3.885144,-0.725460) ang -176.982214 -176.982214
 1137: relpos body (0.600000,-1.000000), vel. ball:(0.000083,-0.003112) dist: 1.110378 (0.300000,0.085000,0.725378)
 1137: point good, but reposition ball since need 111.840205
 1137: (kick 3.974179 175.745432), vecDesired (0.099262,-0.005253) 0.000000 posDes(10.842526,-16.215530)
(b)r: 0.52539 phi: -0.090837 vel: ( 0.0704279, -0.00535987 ) (1138,0) rel: ( 0.525389, -0.000832956 ), (1138,0) global: ( 10.8182, -16.216 ), (1138,0), changes: 0, 0.3 last seen:(1137,0) globalposderived: (1137,0)
 1138: ball (10.818187,-16.215979), agent (11.342892,-16.189151), to (3.885144,-0.725460) ang -176.982214 -176.982214
 1138: relpos body (0.525390,-0.090837), vel. ball:(0.070428,-0.005360) dist: 1.110378 (0.300000,0.085000,0.725378)
 1138: point good, but reposition ball since need 109.894150
 1138: (kick 1.808222 -10.201257), vecDesired (0.024339,0.000449) 0.000000 posDes(10.842526,-16.215530)
 1138: direction old: -177.073051, new: -176.982214
(b)r: 0.5 phi: 0 vel: ( 0.0603303, -0.00468433 ) (1138,0) rel: ( 0.5, 0 ), (1138,0) global: ( 10.8436, -16.2155 ), (1138,0), changes: -0.06, 0.9 last seen:(1138,0) globalposderived: (1138,0)
 1138: ball (10.843585,-16.215474), agent (11.342892,-16.189151), to (3.885144,-0.725460) ang -176.982214 -176.982214
 1138: relpos body (0.500000,0.000000), vel. ball:(0.060330,-0.004684) dist: 1.110378 (0.300000,0.085000,0.725378)
 1138: point good, but reposition ball since need 108.691307
 1138: (kick 2.374232 -7.329498), vecDesired (-0.001059,-0.000056) 0.000000 posDes(10.842526,-16.215530)
(b)r: 0.491476 phi: 0.178817 vel: ( 0.00808, -0.00101787 ) (1139,0) rel: ( 0.491473, 0.00153387 ), (1139,0) global: ( 10.8522, -16.2166 ), (1139,0), changes: -0.06, 0.9 last seen:(1138,0) globalposderived: (1138,0)
 1139: ball (10.852181,-16.216557), agent (11.342892,-16.189151), to (3.885144,-0.725460) ang -176.982214 -176.982214
 1139: relpos body (0.491476,0.178817), vel. ball:(0.008080,-0.001018) dist: 1.110378 (0.300000,0.085000,0.725378)
 1139: point good, but reposition ball since need 107.416925
 1139: (kick 0.686560 -9.595145), vecDesired (-0.009655,0.001027) 0.000000 posDes(10.842526,-16.215530)
(b)r: 0.483467 phi: 0.352654 vel: ( 0.0075952, -0.000956797 ) (1140,0) rel: ( 0.483458, 0.00297571 ), (1140,0) global: ( 10.8603, -16.2176 ), (1140,0), changes: -0.06, 0.9 last seen:(1138,0) globalposderived: (1138,0)
 1140: ball (10.860261,-16.217575), agent (11.342892,-16.189151), to (3.885144,-0.725460) ang -176.982214 -176.982214
 1140: relpos body (0.483467,0.352654), vel. ball:(0.007595,-0.000957) dist: 1.110378 (0.300000,0.085000,0.725378)
 1140: point good, but reposition ball since need 107.127033
 1140: (kick 0.978393 -9.775993), vecDesired (-0.017735,0.002045) 0.000000 posDes(10.842526,-16.215530)
 1140: direction old: -176.629560, new: -176.982214
(b)r: 0.5 phi: 0 vel: ( 0.0100321, -0.000344995 ) (1140,0) rel: ( 0.5, 0 ), (1140,0) global: ( 10.8436, -16.2155 ), (1140,0), changes: -0.01, 0.1 last seen:(1140,0) globalposderived: (1140,0)
 1140: ball (10.843585,-16.215474), agent (11.342892,-16.189151), to (3.885144,-0.725460) ang -176.982214 -176.982214
 1140: relpos body (0.500000,0.000000), vel. ball:(0.010032,-0.000345) dist: 1.110378 (0.300000,0.085000,0.725378)
 1140: point good, but reposition ball since need 107.725041
 1140: (kick 0.427879 -4.511254), vecDesired (-0.001059,-0.000056) 0.000000 posDes(10.842526,-16.215530)
(b)r: 0.490001 phi: 0.102041 vel: ( 0.00943015, -0.000324295 ) (1141,0) rel: ( 0.49, 0.000872665 ), (1141,0) global: ( 10.8536, -16.2158 ), (1141,0), changes: -0.01, 0.1 last seen:(1140,0) globalposderived: (1140,0)
 1141: ball (10.853617,-16.215819), agent (11.342892,-16.189151), to (3.885144,-0.725460) ang -176.982214 -176.982214
 1141: relpos body (0.490001,0.102041), vel. ball:(0.009430,-0.000324) dist: 1.110378 (0.300000,0.085000,0.725378)
 1141: point good, but reposition ball since need 107.345547
 1141: (kick 0.789051 -4.730072), vecDesired (-0.011091,0.000289) 0.000000 posDes(10.842526,-16.215530)
 1141: direction old: -176.880173, new: -176.982214
(b)r: 0.4 phi: 0 vel: ( 0.00802566, -0.000275996 ) (1141,0) rel: ( 0.4, 0 ), (1141,0) global: ( 10.9434, -16.2102 ), (1141,0), changes: -0.008, 0.1 last seen:(1141,0) globalposderived: (1141,0)
 1141: ball (10.943446,-16.210210), agent (11.342892,-16.189151), to (3.885144,-0.725460) ang -176.982214 -176.982214
 1141: relpos body (0.400000,0.000000), vel. ball:(0.008026,-0.000276) dist: 1.110378 (0.300000,0.085000,0.725378)
 1141: point good and can reach point 103.961346
 1251: Received coach message: online_coach_left (advice (0 (true) (do our {1} (home (pt -20 10))) (do our {2} (home (pt -12 26))) (do our {3} (home (pt 0 0))) (do our {4} (home (pt -20 -10))) (do our {5} (home (pt -12 -26))) (do our {6} (home (pt 20 0))) (do our {7} (home (pt 12 15))) (do our {8} (home (pt 12 -15))) (do our {9} (home (pt 0 0))) (do our {10} (home (pt 35 22))) (do our {11} (home (pt 35 -22))))))
 1251: new home position for player 0: -20 10
 1251: new home position for player 1: -12 26
 1251: new home position for player 2: 0 0
 1251: new home position for player 3: -20 -10
 1251: new home position for player 4: -12 -26
 1251: new home position for player 5: 20 0
 1251: new home position for player 6: 12 15
 1251: new home position for player 7: 12 -15
 1251: new home position for player 8: 0 0
 1251: new home position for player 9: 35 22
 1251: new home position for player 10: 35 -22
 1258: direction old: 151.945481, new: 150.369909
(b)r: 1.51059 phi: 6.80211 vel: ( 1.71858, 0.249551 ) (1259,0) rel: ( 1.49996, 0.178915 ), (1259,0) global: ( 7.38972, -13.2014 ), (1259,0), changes: -1.55, -26.9 last seen:(1258,0) globalposderived: (1258,0)
 1260: direction old: 53.670205, new: 46.684347
(b)r: 2 phi: -10 vel: ( 1.44933, 0.15478 ) (1260,0) rel: ( 1.96962, -0.347296 ), (1260,0) global: ( 9.12055, -13.3458 ), (1260,0), changes: 1.12, -27.6 last seen:(1260,0) globalposderived: (1260,0)
 1278: direction old: 16.582425, new: 14.132612
 1279: direction old: 15.139788, new: 15.304793
 1281: direction old: 10.071115, new: 14.000912
(b)r: 1.85619 phi: -11.2722 vel: ( 0.409211, 0.0358596 ) (1282,0) rel: ( 1.82039, -0.362832 ), (1282,0) global: ( 28.0216, -10.8156 ), (1282,0), changes: 0.22, -1.9 last seen:(1281,0) globalposderived: (1281,0)
 1282: direction old: 12.729057, new: 11.964327
(b)r: 1.8 phi: -12 vel: ( 0.423077, 0.0289003 ) (1282,0) rel: ( 1.76067, -0.374241 ), (1282,0) global: ( 27.9719, -10.8514 ), (1282,0), changes: 0.072, -2.2 last seen:(1282,0) globalposderived: (1282,0)
(b)r: 1.31969 phi: -16.6435 vel: ( 0.397693, 0.0271663 ) (1283,0) rel: ( 1.2644, -0.37798 ), (1283,0) global: ( 28.395, -10.8225 ), (1283,0), changes: 0.072, -2.2 last seen:(1282,0) globalposderived: (1282,0)
(b)r: 1.31313 phi: -2.37302 vel: ( 0.373831, 0.0255363 ) (1284,0) rel: ( 1.31201, -0.0543705 ), (1284,0) global: ( 28.7927, -10.7954 ), (1284,0), changes: 0.072, -2.2 last seen:(1282,0) globalposderived: (1282,0)
 1284: direction old: 15.665914, new: 2.273744
(b)r: 1.5 phi: -6 vel: ( 0.384221, 0.0134723 ) (1284,0) rel: ( 1.49178, -0.156793 ), (1284,0) global: ( 29.111, -11.0669 ), (1284,0), changes: 0.21, -2.3 last seen:(1284,0) globalposderived: (1284,0)
(b)r: 1.17564 phi: -8.50704 vel: ( 0.361168, 0.0126639 ) (1285,0) rel: ( 1.16271, -0.173914 ), (1285,0) global: ( 29.4952, -11.0534 ), (1285,0), changes: 0.21, -2.3 last seen:(1284,0) globalposderived: (1284,0)
 1285: direction old: -0.713792, new: -1.547088
(b)r: 1.1 phi: -10 vel: ( 0.354887, 0.000589242 ) (1285,0) rel: ( 1.08329, -0.191013 ), (1285,0) global: ( 29.4479, -11.0689 ), (1285,0), changes: 0.022, -2.5 last seen:(1285,0) globalposderived: (1285,0)
 1285: ball (29.447929,-11.068851), agent (28.348330,-11.039153), to (-1.281153,0.466159) ang 2.452912 8.452912
 1285: relpos body (1.100000,-4.000000), vel. ball:(0.354887,0.000589) dist: 1.110378 (0.300000,0.085000,0.725378)
 1285: point too far, reposition ball (k_r = 0.748021)
 1285: (kick 31.296418 169.577052), vecDesired (-0.271088,0.088230) 0.000000 posDes(29.176840,-10.980620)
(b)r: 0.49422 phi: -6.91999 vel: ( -0.248399, 0.0880222 ) (1286,0) rel: ( 0.490619, -0.0595452 ), (1286,0) global: ( 29.1837, -10.9752 ), (1286,0), changes: 0.022, -2.5 last seen:(1285,0) globalposderived: (1285,0)
 1286: ball (29.183675,-10.975210), agent (28.689632,-10.988431), to (-1.281153,0.466159) ang 2.452912 8.452912
 1286: relpos body (0.494220,-0.919989), vel. ball:(-0.248399,0.088022) dist: 1.110378 (0.300000,0.085000,0.725378)
 1286: pos (-3.737386,1.403612) too far, but can acc ball good to 2.858398 k=2.594916,0.004930
 1287: 2 pos: ball(26.435231,-9.521335), ball_prev(29.447929,-11.068851), agentdiff(-0.161529,0.328654)
 1287: direction old: 162.104788, new: 153.679821
 1551: Received coach message: online_coach_left (advice (0 (true) (do our {1} (home (pt -20 10))) (do our {2} (home (pt -12 26))) (do our {3} (home (pt 0 0))) (do our {4} (home (pt -20 -10))) (do our {5} (home (pt -12 -26))) (do our {6} (home (pt 20 0))) (do our {7} (home (pt 12 15))) (do our {8} (home (pt 0 0))) (do our {9} (home (pt 12 -15))) (do our {10} (home (pt 35 22))) (do our {11} (home (pt 35 -22))))))
 1551: new home position for player 0: -20 10
 1551: new home position for player 1: -12 26
 1551: new home position for player 2: 0 0
 1551: new home position for player 3: -20 -10
 1551: new home position for player 4: -12 -26
 1551: new home position for player 5: 20 0
 1551: new home position for player 6: 12 15
 1551: new home position for player 7: 0 0
 1551: new home position for player 8: 12 -15
 1551: new home position for player 9: 35 22
 1551: new home position for player 10: 35 -22
 1638: direction old: -66.557533, new: -69.190905
(b)r: 1.7222 phi: 1.5063 vel: ( 0.0535318, -0.171104 ) (1639,0) rel: ( 1.7216, 0.0452711 ), (1639,0) global: ( 23.1588, -20.3047 ), (1639,0), changes: -0.28, -2.2 last seen:(1638,0) globalposderived: (1638,0)
 1639: direction old: -72.371551, new: -72.425815
(b)r: 1.6 phi: 0 vel: ( 0.0602522, -0.171027 ) (1639,0) rel: ( 1.6, 0 ), (1639,0) global: ( 23.0851, -20.0778 ), (1639,0), changes: -0.032, -1.2 last seen:(1639,0) globalposderived: (1639,0)
(b)r: 0.983462 phi: -0.473397 vel: ( 0.0566371, -0.160765 ) (1640,0) rel: ( 0.983429, -0.0081256 ), (1640,0) global: ( 23.1454, -20.2488 ), (1640,0), changes: -0.032, -1.2 last seen:(1639,0) globalposderived: (1639,0)
 1640: ball (23.145382,-20.248829), agent (22.856192,-19.308846), to (8.259704,-1.582522) ang -72.425815 -72.425815
 1640: relpos body (0.983462,-0.473397), vel. ball:(0.056637,-0.160765) dist: 1.110378 (0.300000,0.085000,0.725378)
 1640: point too far, reposition ball (k_r = 0.793084)
 1640: (kick 13.213057 178.150643), vecDesired (-0.020043,0.111581) 0.000000 posDes(23.125339,-20.137248)
(b)r: 0.509021 phi: 0.792638 vel: ( -0.0170158, 0.100943 ) (1641,0) rel: ( 0.508972, 0.00704165 ), (1641,0) global: ( 23.1273, -20.1414 ), (1641,0), changes: -0.032, -1.2 last seen:(1639,0) globalposderived: (1639,0)
 1641: ball (23.127280,-20.141442), agent (22.966888,-19.658352), to (8.259704,-1.582522) ang -72.425815 -72.425815
 1641: relpos body (0.509021,0.792638), vel. ball:(-0.017016,0.100943) dist: 1.110378 (0.300000,0.085000,0.725378)
 1641: pos (-2.073171,2.587901) too far, but can acc ball good to 2.670559 k=2.581620,-0.049832
 1641: direction old: -75.450456, new: -73.553460
(b)r: 0.6 phi: -1 vel: ( -0.0243951, 0.0783238 ) (1641,0) rel: ( 0.599909, -0.0104714 ), (1641,0) global: ( 23.1771, -20.2542 ), (1641,0), changes: -0.252, -0.4 last seen:(1641,0) globalposderived: (1641,0)
 1641: ball (23.177066,-20.254202), agent (23.007193,-19.678751), to (8.259704,-1.582522) ang -72.553460 -72.553460
 1641: relpos body (0.600000,-1.000000), vel. ball:(-0.024395,0.078324) dist: 1.110378 (0.300000,0.085000,0.725378)
 1641: pos (-2.201854,2.756004) too far, but can acc ball good to 2.572423 k=2.496182,-0.029829
 1642: 2 pos: ball(21.581223,-18.244695), ball_prev(23.177066,-20.254202), agentdiff(-0.001419,-0.000523)
 1642: vel based on 2 pos: (-1.498757,1.889427)
 1642: direction old: 133.054356, new: 132.714230
 1804: Received coach message: online_coach_left (advice (0 (true) (do our {1} (home (pt -20 10))) (do our {2} (home (pt -12 26))) (do our {3} (home (pt 0 0))) (do our {4} (home (pt -20 -10))) (do our {5} (home (pt -12 -26))) (do our {6} (home (pt 20 0))) (do our {7} (home (pt 12 15))) (do our {8} (home (pt 0 0))) (do our {9} (home (pt 12 -15))) (do our {10} (home (pt 35 22))) (do our {11} (home (pt 35 -22))))))
 1804: new home position for player 0: -20 10
 1804: new home position for player 1: -12 26
 1804: new home position for player 2: 0 0
 1804: new home position for player 3: -20 -10
 1804: new home position for player 4: -12 -26
 1804: new home position for player 5: 20 0
 1804: new home position for player 6: 12 15
 1804: new home position for player 7: 0 0
 1804: new home position for player 8: 12 -15
 1804: new home position for player 9: 35 22
 1804: new home position for player 10: 35 -22
(b)r: 1.66331 phi: 38.6378 vel: ( 1.04981, 0.493264 ) (1872,0) rel: ( 1.29923, 1.03856 ), (1872,0) global: ( -7.48668, -6.02671 ), (1872,0), changes: -1.386, 13.7 last seen:(1870,0) globalposderived: (1870,0)
 1872: direction old: -55.894994, new: -55.746570
(b)r: 1.8 phi: 36 vel: ( 1.08609, 0.451189 ) (1872,0) rel: ( 1.45623, 1.05801 ), (1872,0) global: ( -7.44847, -6.07482 ), (1872,0), changes: 0.288, 39.4 last seen:(1872,0) globalposderived: (1872,0)
 1873: direction old: -25.970301, new: -24.805519
 2151: Received coach message: online_coach_left (advice (0 (true) (do our {1} (home (pt -20 10))) (do our {2} (home (pt -12 26))) (do our {3} (home (pt 0 0))) (do our {4} (home (pt -20 -10))) (do our {5} (home (pt -12 -26))) (do our {6} (home (pt 0 0))) (do our {7} (home (pt 12 15))) (do our {8} (home (pt 12 -15))) (do our {9} (home (pt 20 0))) (do our {10} (home (pt 35 22))) (do our {11} (home (pt 35 -22))))))
 2151: new home position for player 0: -20 10
 2151: new home position for player 1: -12 26
 2151: new home position for player 2: 0 0
 2151: new home position for player 3: -20 -10
 2151: new home position for player 4: -12 -26
 2151: new home position for player 5: 0 0
 2151: new home position for player 6: 12 15
 2151: new home position for player 7: 12 -15
 2151: new home position for player 8: 20 0
 2151: new home position for player 9: 35 22
 2151: new home position for player 10: 35 -22
(b)r: 1.88645 phi: 16.1102 vel: ( 0.811443, -0.593121 ) (2283,0) rel: ( 1.81237, 0.523463 ), (2283,0) global: ( -1.60132, -12.3291 ), (2283,0), changes: -1.08, 4.7 last seen:(2281,0) globalposderived: (2281,0)
 2283: direction old: -166.954811, new: -169.399568
(b)r: 1.8 phi: 15 vel: ( 0.811841, -0.580286 ) (2283,0) rel: ( 1.73867, 0.465874 ), (2283,0) global: ( -1.43275, -12.2112 ), (2283,0), changes: -0.792, 24.1 last seen:(2283,0) globalposderived: (2283,0)
(b)r: 1.27024 phi: 34.5019 vel: ( 0.76313, -0.545469 ) (2284,0) rel: ( 1.04682, 0.719509 ), (2284,0) global: ( -0.620904, -12.7915 ), (2284,0), changes: -0.792, 24.1 last seen:(2283,0) globalposderived: (2283,0)
 2284: direction old: -128.487820, new: -132.735300
(b)r: 1.2 phi: 35 vel: ( 0.736773, -0.534148 ) (2284,0) rel: ( 0.982982, 0.688292 ), (2284,0) global: ( -0.747494, -12.8079 ), (2284,0), changes: -0.12, 44 last seen:(2284,0) globalposderived: (2284,0)
(b)r: 1.42359 phi: 36.751 vel: ( 0.692566, -0.502099 ) (2285,0) rel: ( 1.14064, 0.851787 ), (2285,0) global: ( -0.0107212, -13.3421 ), (2285,0), changes: -0.12, 44 last seen:(2284,0) globalposderived: (2284,0)
 2286: direction old: -74.662640, new: -71.542752
 2287: direction old: -58.239234, new: -61.822102
 2307: direction old: -111.066877, new: -105.094578
(b)r: 2 phi: 10 vel: ( 0.444643, 0.211057 ) (2307,0) rel: ( 1.96962, 0.347296 ), (2307,0) global: ( 10.6341, -17.2881 ), (2307,0), changes: -0.36, 11 last seen:(2307,0) globalposderived: (2307,0)
(b)r: 1.67079 phi: 12.8865 vel: ( 0.417964, 0.198393 ) (2308,0) rel: ( 1.6287, 0.37262 ), (2308,0) global: ( 11.0787, -17.077 ), (2308,0), changes: -0.36, 11 last seen:(2307,0) globalposderived: (2307,0)
 2308: direction old: -87.705608, new: -91.727056
(b)r: 1.8 phi: 13 vel: ( 0.419121, 0.189247 ) (2308,0) rel: ( 1.75387, 0.404912 ), (2308,0) global: ( 10.9546, -17.1333 ), (2308,0), changes: -0.216, 13.8 last seen:(2308,0) globalposderived: (2308,0)
(b)r: 1.63847 phi: 13.5409 vel: ( 0.393974, 0.177892 ) (2309,0) rel: ( 1.59292, 0.383629 ), (2309,0) global: ( 11.3738, -16.944 ), (2309,0), changes: -0.216, 13.8 last seen:(2308,0) globalposderived: (2308,0)
(b)r: 1.60648 phi: 16.4868 vel: ( 0.370336, 0.167219 ) (2310,0) rel: ( 1.54043, 0.455908 ), (2310,0) global: ( 11.7677, -16.7662 ), (2310,0), changes: -0.216, 13.8 last seen:(2308,0) globalposderived: (2308,0)
 2310: direction old: -61.017019, new: -61.222299
(b)r: 1.6 phi: 18 vel: ( 0.368952, 0.126292 ) (2310,0) rel: ( 1.52169, 0.494427 ), (2310,0) global: ( 11.7575, -16.7594 ), (2310,0), changes: 0.064, 14.1 last seen:(2310,0) globalposderived: (2310,0)
(b)r: 1.71062 phi: 11.2562 vel: ( 0.346815, 0.118715 ) (2311,0) rel: ( 1.67772, 0.333908 ), (2311,0) global: ( 12.1264, -16.6331 ), (2311,0), changes: 0.064, 14.1 last seen:(2310,0) globalposderived: (2310,0)
 2311: direction old: -48.243722, new: -48.110335
(b)r: 1.6 phi: 13 vel: ( 0.338792, 0.121723 ) (2311,0) rel: ( 1.55899, 0.359922 ), (2311,0) global: ( 12.0555, -16.5481 ), (2311,0), changes: 0.128, 11.8 last seen:(2311,0) globalposderived: (2311,0)
(b)r: 1.76734 phi: 10.8764 vel: ( 0.318465, 0.11442 ) (2312,0) rel: ( 1.7356, 0.333482 ), (2312,0) global: ( 12.3943, -16.4264 ), (2312,0), changes: 0.128, 11.8 last seen:(2311,0) globalposderived: (2311,0)
(b)r: 1.97219 phi: 8.27339 vel: ( 0.299357, 0.107555 ) (2313,0) rel: ( 1.95166, 0.283791 ), (2313,0) global: ( 12.7128, -16.312 ), (2313,0), changes: 0.128, 11.8 last seen:(2311,0) globalposderived: (2311,0)
 2313: direction old: -19.323923, new: -27.513483
 2314: direction old: -21.933888, new: -20.309456
(b)r: 1.90639 phi: 15.8353 vel: ( 0.267065, 0.12879 ) (2315,0) rel: ( 1.83404, 0.520202 ), (2315,0) global: ( 13.2095, -16.235 ), (2315,0), changes: 0.22, 6 last seen:(2314,0) globalposderived: (2314,0)
(b)r: 1.91551 phi: 4.6185 vel: ( 0.251041, 0.121063 ) (2316,0) rel: ( 1.90929, 0.154238 ), (2316,0) global: ( 13.4765, -16.1062 ), (2316,0), changes: 0.22, 6 last seen:(2314,0) globalposderived: (2314,0)
 2316: direction old: -12.117754, new: -2.090015
(b)r: 1.8 phi: 5 vel: ( 0.219894, 0.132368 ) (2316,0) rel: ( 1.79315, 0.15688 ), (2316,0) global: ( 13.4405, -15.7779 ), (2316,0), changes: 0.108, 6.2 last seen:(2316,0) globalposderived: (2316,0)
(b)r: 1.91319 phi: 3.60263 vel: ( 0.206701, 0.124426 ) (2317,0) rel: ( 1.90941, 0.120218 ), (2317,0) global: ( 13.6604, -15.6455 ), (2317,0), changes: 0.108, 6.2 last seen:(2316,0) globalposderived: (2316,0)
 2317: direction old: 5.340106, new: 3.101259
(b)r: 2 phi: 3 vel: ( 0.204643, 0.125628 ) (2317,0) rel: ( 1.99726, 0.104672 ), (2317,0) global: ( 13.7159, -15.7188 ), (2317,0), changes: 0.16, 4.3 last seen:(2317,0) globalposderived: (2317,0)
(b)r: 1.63942 phi: 8.78059 vel: ( 0.192364, 0.11809 ) (2318,0) rel: ( 1.6202, 0.250259 ), (2318,0) global: ( 13.9205, -15.5932 ), (2318,0), changes: 0.16, 4.3 last seen:(2317,0) globalposderived: (2317,0)
(b)r: 1.59986 phi: 1.22147 vel: ( 0.180822, 0.111005 ) (2319,0) rel: ( 1.59949, 0.0341043 ), (2319,0) global: ( 14.1129, -15.4751 ), (2319,0), changes: 0.16, 4.3 last seen:(2317,0) globalposderived: (2317,0)
 2319: direction old: 15.698896, new: 15.448863
(b)r: 1.6 phi: 2 vel: ( 0.183265, 0.115114 ) (2319,0) rel: ( 1.59903, 0.0558392 ), (2319,0) global: ( 14.1217, -15.4799 ), (2319,0), changes: 0.096, 3.6 last seen:(2319,0) globalposderived: (2319,0)
(b)r: 1.14382 phi: 6.87102 vel: ( 0.172269, 0.108207 ) (2320,0) rel: ( 1.1356, 0.13684 ), (2320,0) global: ( 14.3049, -15.3647 ), (2320,0), changes: 0.096, 3.6 last seen:(2319,0) globalposderived: (2319,0)
 2320: direction old: 15.966256, new: 20.184837
(b)r: 1.2 phi: 7 vel: ( 0.177053, 0.11252 ) (2320,0) rel: ( 1.19106, 0.146243 ), (2320,0) global: ( 14.2691, -15.2832 ), (2320,0), changes: -0.096, 4.3 last seen:(2320,0) globalposderived: (2320,0)
(b)r: 1.13087 phi: -1.28899 vel: ( 0.16643, 0.105769 ) (2321,0) rel: ( 1.13059, -0.0254392 ), (2321,0) global: ( 14.4462, -15.1707 ), (2321,0), changes: -0.096, 4.3 last seen:(2320,0) globalposderived: (2320,0)
(b)r: 0.658658 phi: 1.79834 vel: ( 0.156444, 0.0994229 ) (2322,0) rel: ( 0.658334, 0.0206698 ), (2322,0) global: ( 14.6126, -15.0649 ), (2322,0), changes: -0.096, 4.3 last seen:(2320,0) globalposderived: (2320,0)
 2322: ball (14.612588,-15.064891), agent (14.028894,-15.370066), to (8.969344,-6.547740) ang 25.803772 25.803772
 2322: relpos body (0.658658,1.798338), vel. ball:(0.156444,0.099423) dist: 1.110378 (0.300000,0.085000,0.725378)
 2322: point good and can reach point 95.435705
 2322: direction old: 40.975470, new: 28.179508
(b)r: 0.7 phi: 3 vel: ( 0.14891, 0.0965111 ) (2322,0) rel: ( 0.699041, 0.0366352 ), (2322,0) global: ( 14.6927, -15.2006 ), (2322,0), changes: -0.14, 3.5 last seen:(2322,0) globalposderived: (2322,0)
 2322: ball (14.692724,-15.200638), agent (14.075694,-15.531202), to (8.969344,-6.547740) ang 25.179508 25.179508
 2322: relpos body (0.700000,3.000000), vel. ball:(0.148910,0.096511) dist: 1.110378 (0.300000,0.085000,0.725378)
 2322: point good and can reach point 97.044147
 2323: 2 pos: ball(13.445781,-12.887758), ball_prev(14.692724,-15.200638), agentdiff(0.005664,0.202805)
 2323: vel based on 2 pos: (-1.177451,1.983470)
 2323: direction old: 115.779699, new: 111.965632
 2451: Received coach message: online_coach_left (advice (0 (true) (do our {1} (home (pt -20 10))) (do our {2} (home (pt -12 26))) (do our {3} (home (pt 0 0))) (do our {4} (home (pt -20 -10))) (do our {5} (home (pt -12 -26))) (do our {6} (home (pt 20 0))) (do our {7} (home (pt 12 15))) (do our {8} (home (pt 0 0))) (do our {9} (home (pt 12 -15))) (do our {10} (home (pt 35 22))) (do our {11} (home (pt 35 -22))))))
 2451: new home position for player 0: -20 10
 2451: new home position for player 1: -12 26
 2451: new home position for player 2: 0 0
 2451: new home position for player 3: -20 -10
 2451: new home position for player 4: -12 -26
 2451: new home position for player 5: 20 0
 2451: new home position for player 6: 12 15
 2451: new home position for player 7: 0 0
 2451: new home position for player 8: 12 -15
 2451: new home position for player 9: 35 22
 2451: new home position for player 10: 35 -22
 2751: Received coach message: online_coach_left (advice (0 (true) (do our {1} (home (pt -20 10))) (do our {2} (home (pt -12 26))) (do our {3} (home (pt 12 -15))) (do our {4} (home (pt -20 -10))) (do our {5} (home (pt -12 -26))) (do our {6} (home (pt 0 0))) (do our {7} (home (pt 12 15))) (do our {8} (home (pt 0 0))) (do our {9} (home (pt 35 -22))) (do our {10} (home (pt 35 22))) (do our {11} (home (pt 20 0))))))
 2751: new home position for player 0: -20 10
 2751: new home position for player 1: -12 26
 2751: new home position for player 2: 12 -15
 2751: new home position for player 3: -20 -10
 2751: new home position for player 4: -12 -26
 2751: new home position for player 5: 0 0
 2751: new home position for player 6: 12 15
 2751: new home position for player 7: 0 0
 2751: new home position for player 8: 35 -22
 2751: new home position for player 9: 35 22
 2751: new home position for player 10: 20 0
 2801: Received coach message: online_coach_left (advice (0 (true) (do our {1} (home (pt -20 10))) (do our {2} (home (pt -12 26))) (do our {3} (home (pt 0 0))) (do our {4} (home (pt -20 -10))) (do our {5} (home (pt -12 -26))) (do our {6} (home (pt 35 22))) (do our {7} (home (pt 20 0))) (do our {8} (home (pt 0 0))) (do our {9} (home (pt 35 -22))) (do our {10} (home (pt 12 15))) (do our {11} (home (pt 12 -15))))))
 2801: new home position for player 0: -20 10
 2801: new home position for player 1: -12 26
 2801: new home position for player 2: 0 0
 2801: new home position for player 3: -20 -10
 2801: new home position for player 4: -12 -26
 2801: new home position for player 5: 35 22
 2801: new home position for player 6: 20 0
 2801: new home position for player 7: 0 0
 2801: new home position for player 8: 35 -22
 2801: new home position for player 9: 12 15
 2801: new home position for player 10: 12 -15
(b)r: 1.15576 phi: 179.43 vel: ( 0, 0 ) (3000,0) rel: ( -1.15571, 0.0115046 ), (3000,0) global: ( 0, 0 ), (3000,0), changes: 0, -0.2 last seen:(2998,0) globalposderived: (2998,0)
 3000: Received coach message: online_coach_left (advice (0 (true) (do our {1} (home (pt -20 10))) (do our {2} (home (pt -12 26))) (do our {3} (home (pt 0 0))) (do our {4} (home (pt 0 0))) (do our {5} (home (pt 35 -22))) (do our {6} (home (pt -12 -26))) (do our {7} (home (pt 12 -15))) (do our {8} (home (pt 20 0))) (do our {9} (home (pt -20 -10))) (do our {10} (home (pt 12 15))) (do our {11} (home (pt 35 22))))))
 3000: new home position for player 0: -20 10
 3000: new home position for player 1: -12 26
 3000: new home position for player 2: 0 0
 3000: new home position for player 3: 0 0
 3000: new home position for player 4: 35 -22
 3000: new home position for player 5: -12 -26
 3000: new home position for player 6: 12 -15
 3000: new home position for player 7: 20 0
 3000: new home position for player 8: -20 -10
 3000: new home position for player 9: 12 15
 3000: new home position for player 10: 35 22
 3000: Received coach message: online_coach_left (advice (0 (true) (do our {1} (home (pt -20 10))) (do our {2} (home (pt -12 26))) (do our {3} (home (pt 0 0))) (do our {4} (home (pt 0 0))) (do our {5} (home (pt 35 -22))) (do our {6} (home (pt -12 -26))) (do our {7} (home (pt 12 -15))) (do our {8} (home (pt -20 -10))) (do our {9} (home (pt 20 0))) (do our {10} (home (pt 12 15))) (do our {11} (home (pt 35 22))))))
 3000: new home position for player 0: -20 10
 3000: new home position for player 1: -12 26
 3000: new home position for player 2: 0 0
 3000: new home position for player 3: 0 0
 3000: new home position for player 4: 35 -22
 3000: new home position for player 5: -12 -26
 3000: new home position for player 6: 12 -15
 3000: new home position for player 7: -20 -10
 3000: new home position for player 8: 20 0
 3000: new home position for player 9: 12 15
 3000: new home position for player 10: 35 22
 3000: Received coach message: online_coach_left (advice (0 (true) (do our {1} (home (pt -20 10))) (do our {2} (home (pt -12 26))) (do our {3} (home (pt 0 0))) (do our {4} (home (pt 20 0))) (do our {5} (home (pt 35 -22))) (do our {6} (home (pt -12 -26))) (do our {7} (home (pt 12 -15))) (do our {8} (home (pt -20 -10))) (do our {9} (home (pt 0 0))) (do our {10} (home (pt 12 15))) (do our {11} (home (pt 35 22))))))
 3000: new home position for player 0: -20 10
 3000: new home position for player 1: -12 26
 3000: new home position for player 2: 0 0
 3000: new home position for player 3: 20 0
 3000: new home position for player 4: 35 -22
 3000: new home position for player 5: -12 -26
 3000: new home position for player 6: 12 -15
 3000: new home position for player 7: -20 -10
 3000: new home position for player 8: 0 0
 3000: new home position for player 9: 12 15
 3000: new home position for player 10: 35 22
 3000: Received coach message: online_coach_left (advice (0 (true) (do our {1} (home (pt -20 10))) (do our {2} (home (pt -12 26))) (do our {3} (home (pt 0 0))) (do our {4} (home (pt 0 0))) (do our {5} (home (pt 35 -22))) (do our {6} (home (pt -12 -26))) (do our {7} (home (pt 12 -15))) (do our {8} (home (pt -20 -10))) (do our {9} (home (pt 20 0))) (do our {10} (home (pt 12 15))) (do our {11} (home (pt 35 22))))))
 3000: new home position for player 0: -20 10
 3000: new home position for player 1: -12 26
 3000: new home position for player 2: 0 0
 3000: new home position for player 3: 0 0
 3000: new home position for player 4: 35 -22
 3000: new home position for player 5: -12 -26
 3000: new home position for player 6: 12 -15
 3000: new home position for player 7: -20 -10
 3000: new home position for player 8: 20 0
 3000: new home position for player 9: 12 15
 3000: new home position for player 10: 35 22
 3000: Received coach message: online_coach_left (advice (0 (true) (do our {1} (home (pt -20 10))) (do our {2} (home (pt -12 26))) (do our {3} (home (pt 0 0))) (do our {4} (home (pt 0 0))) (do our {5} (home (pt 35 -22))) (do our {6} (home (pt -12 -26))) (do our {7} (home (pt 12 -15))) (do our {8} (home (pt -20 -10))) (do our {9} (home (pt 20 0))) (do our {10} (home (pt 12 15))) (do our {11} (home (pt 35 22))))))
 3000: new home position for player 0: -20 10
 3000: new home position for player 1: -12 26
 3000: new home position for player 2: 0 0
 3000: new home position for player 3: 0 0
 3000: new home position for player 4: 35 -22
 3000: new home position for player 5: -12 -26
 3000: new home position for player 6: 12 -15
 3000: new home position for player 7: -20 -10
 3000: new home position for player 8: 20 0
 3000: new home position for player 9: 12 15
 3000: new home position for player 10: 35 22
 3000: Received coach message: online_coach_left (advice (0 (true) (do our {1} (home (pt -20 10))) (do our {2} (home (pt -12 26))) (do our {3} (home (pt 20 0))) (do our {4} (home (pt 0 0))) (do our {5} (home (pt 35 -22))) (do our {6} (home (pt -12 -26))) (do our {7} (home (pt 12 -15))) (do our {8} (home (pt -20 -10))) (do our {9} (home (pt 0 0))) (do our {10} (home (pt 12 15))) (do our {11} (home (pt 35 22))))))
 3000: new home position for player 0: -20 10
 3000: new home position for player 1: -12 26
 3000: new home position for player 2: 20 0
 3000: new home position for player 3: 0 0
 3000: new home position for player 4: 35 -22
 3000: new home position for player 5: -12 -26
 3000: new home position for player 6: 12 -15
 3000: new home position for player 7: -20 -10
 3000: new home position for player 8: 0 0
 3000: new home position for player 9: 12 15
 3000: new home position for player 10: 35 22
 3000: Received coach message: online_coach_left (advice (0 (true) (do our {1} (home (pt -20 10))) (do our {2} (home (pt -12 26))) (do our {3} (home (pt 0 0))) (do our {4} (home (pt 0 0))) (do our {5} (home (pt 35 -22))) (do our {6} (home (pt -12 -26))) (do our {7} (home (pt 12 -15))) (do our {8} (home (pt -20 -10))) (do our {9} (home (pt 20 0))) (do our {10} (home (pt 12 15))) (do our {11} (home (pt 35 22))))))
 3000: new home position for player 0: -20 10
 3000: new home position for player 1: -12 26
 3000: new home position for player 2: 0 0
 3000: new home position for player 3: 0 0
 3000: new home position for player 4: 35 -22
 3000: new home position for player 5: -12 -26
 3000: new home position for player 6: 12 -15
 3000: new home position for player 7: -20 -10
 3000: new home position for player 8: 20 0
 3000: new home position for player 9: 12 15
 3000: new home position for player 10: 35 22
 3000: Received coach message: online_coach_left (advice (0 (true) (do our {1} (home (pt -20 10))) (do our {2} (home (pt -12 26))) (do our {3} (home (pt 20 0))) (do our {4} (home (pt 0 0))) (do our {5} (home (pt 35 -22))) (do our {6} (home (pt -12 -26))) (do our {7} (home (pt 12 -15))) (do our {8} (home (pt -20 -10))) (do our {9} (home (pt 0 0))) (do our {10} (home (pt 12 15))) (do our {11} (home (pt 35 22))))))
 3000: new home position for player 0: -20 10
 3000: new home position for player 1: -12 26
 3000: new home position for player 2: 20 0
 3000: new home position for player 3: 0 0
 3000: new home position for player 4: 35 -22
 3000: new home position for player 5: -12 -26
 3000: new home position for player 6: 12 -15
 3000: new home position for player 7: -20 -10
 3000: new home position for player 8: 0 0
 3000: new home position for player 9: 12 15
 3000: new home position for player 10: 35 22
 3000: Received coach message: online_coach_left (advice (0 (true) (do our {1} (home (pt -20 10))) (do our {2} (home (pt -12 26))) (do our {3} (home (pt 20 0))) (do our {4} (home (pt 0 0))) (do our {5} (home (pt 35 -22))) (do our {6} (home (pt -12 -26))) (do our {7} (home (pt 12 -15))) (do our {8} (home (pt -20 -10))) (do our {9} (home (pt 0 0))) (do our {10} (home (pt 12 15))) (do our {11} (home (pt 35 22))))))
 3000: new home position for player 0: -20 10
 3000: new home position for player 1: -12 26
 3000: new home position for player 2: 20 0
 3000: new home position for player 3: 0 0
 3000: new home position for player 4: 35 -22
 3000: new home position for player 5: -12 -26
 3000: new home position for player 6: 12 -15
 3000: new home position for player 7: -20 -10
 3000: new home position for player 8: 0 0
 3000: new home position for player 9: 12 15
 3000: new home position for player 10: 35 22
 3000: Received coach message: online_coach_left (advice (0 (true) (do our {1} (home (pt -20 10))) (do our {2} (home (pt -12 26))) (do our {3} (home (pt 0 0))) (do our {4} (home (pt 0 0))) (do our {5} (home (pt 35 -22))) (do our {6} (home (pt -12 -26))) (do our {7} (home (pt 12 -15))) (do our {8} (home (pt -20 -10))) (do our {9} (home (pt 20 0))) (do our {10} (home (pt 12 15))) (do our {11} (home (pt 35 22))))))
 3000: new home position for player 0: -20 10
 3000: new home position for player 1: -12 26
 3000: new home position for player 2: 0 0
 3000: new home position for player 3: 0 0
 3000: new home position for player 4: 35 -22
 3000: new home position for player 5: -12 -26
 3000: new home position for player 6: 12 -15
 3000: new home position for player 7: -20 -10
 3000: new home position for player 8: 20 0
 3000: new home position for player 9: 12 15
 3000: new home position for player 10: 35 22
 3000: Received coach message: online_coach_left (advice (0 (true) (do our {1} (home (pt -20 10))) (do our {2} (home (pt -12 26))) (do our {3} (home (pt 20 0))) (do our {4} (home (pt 0 0))) (do our {5} (home (pt 35 -22))) (do our {6} (home (pt -12 -26))) (do our {7} (home (pt 12 -15))) (do our {8} (home (pt -20 -10))) (do our {9} (home (pt 0 0))) (do our {10} (home (pt 12 15))) (do our {11} (home (pt 35 22))))))
 3000: new home position for player 0: -20 10
 3000: new home position for player 1: -12 26
 3000: new home position for player 2: 20 0
 3000: new home position for player 3: 0 0
 3000: new home position for player 4: 35 -22
 3000: new home position for player 5: -12 -26
 3000: new home position for player 6: 12 -15
 3000: new home position for player 7: -20 -10
 3000: new home position for player 8: 0 0
 3000: new home position for player 9: 12 15
 3000: new home position for player 10: 35 22
 3000: Received coach message: online_coach_left (advice (0 (true) (do our {1} (home (pt -20 10))) (do our {2} (home (pt -12 26))) (do our {3} (home (pt 0 0))) (do our {4} (home (pt 0 0))) (do our {5} (home (pt 35 -22))) (do our {6} (home (pt -12 -26))) (do our {7} (home (pt 12 -15))) (do our {8} (home (pt -20 -10))) (do our {9} (home (pt 20 0))) (do our {10} (home (pt 12 15))) (do our {11} (home (pt 35 22))))))
 3000: new home position for player 0: -20 10
 3000: new home position for player 1: -12 26
 3000: new home position for player 2: 0 0
 3000: new home position for player 3: 0 0
 3000: new home position for player 4: 35 -22
 3000: new home position for player 5: -12 -26
 3000: new home position for player 6: 12 -15
 3000: new home position for player 7: -20 -10
 3000: new home position for player 8: 20 0
 3000: new home position for player 9: 12 15
 3000: new home position for player 10: 35 22
 3000: Received coach message: online_coach_left (advice (0 (true) (do our {1} (home (pt -20 10))) (do our {2} (home (pt -12 26))) (do our {3} (home (pt 20 0))) (do our {4} (home (pt 0 0))) (do our {5} (home (pt 35 -22))) (do our {6} (home (pt -12 -26))) (do our {7} (home (pt 12 -15))) (do our {8} (home (pt -20 -10))) (do our {9} (home (pt 0 0))) (do our {10} (home (pt 12 15))) (do our {11} (home (pt 35 22))))))
 3000: new home position for player 0: -20 10
 3000: new home position for player 1: -12 26
 3000: new home position for player 2: 20 0
 3000: new home position for player 3: 0 0
 3000: new home position for player 4: 35 -22
 3000: new home position for player 5: -12 -26
 3000: new home position for player 6: 12 -15
 3000: new home position for player 7: -20 -10
 3000: new home position for player 8: 0 0
 3000: new home position for player 9: 12 15
 3000: new home position for player 10: 35 22
 3000: Received coach message: online_coach_left (advice (0 (true) (do our {1} (home (pt -20 10))) (do our {2} (home (pt -12 26))) (do our {3} (home (pt 20 0))) (do our {4} (home (pt 0 0))) (do our {5} (home (pt 35 -22))) (do our {6} (home (pt -12 -26))) (do our {7} (home (pt 12 -15))) (do our {8} (home (pt -20 -10))) (do our {9} (home (pt 0 0))) (do our {10} (home (pt 12 15))) (do our {11} (home (pt 35 22))))))
 3000: new home position for player 0: -20 10
 3000: new home position for player 1: -12 26
 3000: new home position for player 2: 20 0
 3000: new home position for player 3: 0 0
 3000: new home position for player 4: 35 -22
 3000: new home position for player 5: -12 -26
 3000: new home position for player 6: 12 -15
 3000: new home position for player 7: -20 -10
 3000: new home position for player 8: 0 0
 3000: new home position for player 9: 12 15
 3000: new home position for player 10: 35 22
 3000: Received coach message: online_coach_left (advice (0 (true) (do our {1} (home (pt -20 10))) (do our {2} (home (pt -12 26))) (do our {3} (home (pt 0 0))) (do our {4} (home (pt 20 0))) (do our {5} (home (pt 35 -22))) (do our {6} (home (pt -12 -26))) (do our {7} (home (pt 12 -15))) (do our {8} (home (pt -20 -10))) (do our {9} (home (pt 0 0))) (do our {10} (home (pt 12 15))) (do our {11} (home (pt 35 22))))))
 3000: new home position for player 0: -20 10
 3000: new home position for player 1: -12 26
 3000: new home position for player 2: 0 0
 3000: new home position for player 3: 20 0
 3000: new home position for player 4: 35 -22
 3000: new home position for player 5: -12 -26
 3000: new home position for player 6: 12 -15
 3000: new home position for player 7: -20 -10
 3000: new home position for player 8: 0 0
 3000: new home position for player 9: 12 15
 3000: new home position for player 10: 35 22
 3000: Received coach message: online_coach_left (advice (0 (true) (do our {1} (home (pt -20 10))) (do our {2} (home (pt -12 26))) (do our {3} (home (pt 0 0))) (do our {4} (home (pt 0 0))) (do our {5} (home (pt 35 -22))) (do our {6} (home (pt -12 -26))) (do our {7} (home (pt 12 -15))) (do our {8} (home (pt -20 -10))) (do our {9} (home (pt 20 0))) (do our {10} (home (pt 12 15))) (do our {11} (home (pt 35 22))))))
 3000: new home position for player 0: -20 10
 3000: new home position for player 1: -12 26
 3000: new home position for player 2: 0 0
 3000: new home position for player 3: 0 0
 3000: new home position for player 4: 35 -22
 3000: new home position for player 5: -12 -26
 3000: new home position for player 6: 12 -15
 3000: new home position for player 7: -20 -10
 3000: new home position for player 8: 20 0
 3000: new home position for player 9: 12 15
 3000: new home position for player 10: 35 22
 3000: Received coach message: online_coach_left (advice (0 (true) (do our {1} (home (pt -20 10))) (do our {2} (home (pt -12 26))) (do our {3} (home (pt 20 0))) (do our {4} (home (pt 0 0))) (do our {5} (home (pt 35 -22))) (do our {6} (home (pt -12 -26))) (do our {7} (home (pt 12 -15))) (do our {8} (home (pt -20 -10))) (do our {9} (home (pt 0 0))) (do our {10} (home (pt 12 15))) (do our {11} (home (pt 35 22))))))
 3000: new home position for player 0: -20 10
 3000: new home position for player 1: -12 26
 3000: new home position for player 2: 20 0
 3000: new home position for player 3: 0 0
 3000: new home position for player 4: 35 -22
 3000: new home position for player 5: -12 -26
 3000: new home position for player 6: 12 -15
 3000: new home position for player 7: -20 -10
 3000: new home position for player 8: 0 0
 3000: new home position for player 9: 12 15
 3000: new home position for player 10: 35 22
