 0: change player from message 62 -> 1
 0: changed player from message 62 -> 1
 0: change player from message 63 -> 2
 0: changed player from message 63 -> 2
 0: change player from message 64 -> 3
 0: changed player from message 64 -> 3
 0: change player from message 65 -> 4
 0: changed player from message 65 -> 4
 0: change player from message 66 -> 5
 0: changed player from message 66 -> 5
 0: change player from message 67 -> 6
 0: changed player from message 67 -> 6
 0: change player from message 68 -> 7
 0: changed player from message 68 -> 7
 0: change player from message 69 -> 8
 0: changed player from message 69 -> 8
 0: change player from message 70 -> 9
 0: changed player from message 70 -> 9
 0: change player from message 71 -> 10
 0: changed player from message 71 -> 10
 140: direction old: 96.082398, new: 101.167119
 141: 2 pos: ball(-16.308967,-13.407681), ball_prev(-16.016183,-13.153704), agentdiff(0.201636,0.143911)
 141: vel based on 2 pos: (-0.464755,-0.374014)
 141: direction old: 121.277815, new: 113.461154
 143: direction old: 130.639499, new: 140.527747
 144: direction old: 149.076216, new: 151.529970
(b)r: 1.53846 phi: -24.8283 vel: ( 0, 0 ) (145,0) rel: ( 1.39626, -0.646 ), (145,0) global: ( -17.7969, -15.234 ), (145,0), changes: -0.176, -3.3 last seen:(144,0) globalposderived: (144,0)
(b)r: 0.873662 phi: -49.1027 vel: ( 0, 0 ) (146,0) rel: ( 0.571991, -0.660387 ), (146,0) global: ( -17.7969, -15.234 ), (146,0), changes: -0.176, -3.3 last seen:(144,0) globalposderived: (144,0)
 146: 2 pos: ball(-17.885543,-14.598397), ball_prev(-17.796903,-15.234023), agentdiff(0.055686,0.014282)
 146: direction old: 121.041670, new: 111.376996
(b)r: 1.5 phi: -55 vel: ( 0, 0 ) (146,0) rel: ( 0.860365, -1.22873 ), (146,0) global: ( -17.8855, -14.5984 ), (146,0), changes: -0.176, -3.3 last seen:(146,0) globalposderived: (146,0)
(b)r: 1.39858 phi: -2.40608 vel: ( 0, 0 ) (147,0) rel: ( 1.39735, -0.0587148 ), (147,0) global: ( -17.8855, -14.5984 ), (147,0), changes: -0.176, -3.3 last seen:(146,0) globalposderived: (146,0)
 147: direction old: 100.629125, new: 101.243225
(b)r: 1.2 phi: 8 vel: ( 0, 0 ) (147,0) rel: ( 1.18832, 0.167008 ), (147,0) global: ( -17.8703, -14.7495 ), (147,0), changes: -0.072, -4.1 last seen:(147,0) globalposderived: (147,0)
(b)r: 0.2 phi: 6.76928 vel: ( 0, 0 ) (148,0) rel: ( 0.198606, 0.0235743 ), (148,0) global: ( -17.8005, -15.1448 ), (148,0), changes: -0.072, -4.1 last seen:(147,0) globalposderived: (147,0)
(b)r: 0.474396 phi: 4.00876 vel: ( 0, 0 ) (149,0) rel: ( 0.473236, 0.0331646 ), (149,0) global: ( -17.8005, -15.1448 ), (149,0), changes: -0.072, -4.1 last seen:(147,0) globalposderived: (147,0)
 149: direction old: 49.878308, new: 135.986270
(b)r: 1.2 phi: 43 vel: ( -0.764818, -0.129472 ) (149,0) rel: ( 0.877624, 0.818398 ), (149,0) global: ( -19.0692, -14.7924 ), (149,0), changes: 0.528, 27 last seen:(149,0) globalposderived: (149,0)
(b)r: 1.82194 phi: -22.0361 vel: ( -0.718929, -0.121703 ) (150,0) rel: ( 1.68884, -0.683574 ), (150,0) global: ( -19.834, -14.9219 ), (150,0), changes: 0.528, 27 last seen:(149,0) globalposderived: (149,0)
 150: direction old: 156.822402, new: 155.663237
(b)r: 1.8 phi: -23 vel: ( -0.719907, -0.135594 ) (150,0) rel: ( 1.65691, -0.703316 ), (150,0) global: ( -19.421, -15.0591 ), (150,0), changes: 0.612, 13 last seen:(150,0) globalposderived: (150,0)
(b)r: 1.9145 phi: -17.6264 vel: ( -0.676713, -0.127459 ) (151,0) rel: ( 1.82462, -0.579728 ), (151,0) global: ( -20.1409, -15.1947 ), (151,0), changes: 0.612, 13 last seen:(150,0) globalposderived: (150,0)
 151: Received coach message: online_coach_left (advice (0 (true) (do our {1} (home (pt 0 0))) (do our {2} (home (pt -12 26))) (do our {3} (home (pt -20 10))) (do our {4} (home (pt -20 -10))) (do our {5} (home (pt -12 -26))) (do our {6} (home (pt 0 0))) (do our {7} (home (pt 35 22))) (do our {8} (home (pt 12 -15))) (do our {9} (home (pt 20 0))) (do our {10} (home (pt 12 15))) (do our {11} (home (pt 35 -22))))))
 151: new home position for player 0: 0 0
 151: new home position for player 1: -12 26
 151: new home position for player 2: -20 10
 151: new home position for player 3: -20 -10
 151: new home position for player 4: -12 -26
 151: new home position for player 5: 0 0
 151: new home position for player 6: 35 22
 151: new home position for player 7: 12 -15
 151: new home position for player 8: 20 0
 151: new home position for player 9: 12 15
 151: new home position for player 10: 35 -22
(b)r: 1.77114 phi: -15.6594 vel: ( -0.63611, -0.119811 ) (152,0) rel: ( 1.7054, -0.478064 ), (152,0) global: ( -20.8176, -15.3221 ), (152,0), changes: 0.612, 13 last seen:(150,0) globalposderived: (150,0)
 152: direction old: 166.583807, new: 162.736477
(b)r: 1.6 phi: -16 vel: ( 0, 0 ) (152,0) rel: ( 1.53802, -0.44102 ), (152,0) global: ( -20.6797, -15.2447 ), (152,0), changes: 0.288, 7.7 last seen:(152,0) globalposderived: (152,0)
(b)r: 0.796479 phi: -34.9677 vel: ( 0, 0 ) (153,0) rel: ( 0.652695, -0.456473 ), (153,0) global: ( -20.6797, -15.2447 ), (153,0), changes: 0.288, 7.7 last seen:(152,0) globalposderived: (152,0)
 153: direction old: 139.412430, new: 148.457615
(b)r: 0.9 phi: -30 vel: ( -0.0483792, -0.0165405 ) (153,0) rel: ( 0.779423, -0.45 ), (153,0) global: ( -20.748, -15.3724 ), (153,0), changes: -0.216, -7 last seen:(153,0) globalposderived: (153,0)
 153: turnWithBall: kick ball away from opp at ang 115.457615
 153: (kick 55.942743 130.962662), vecDesired (0.689332,-0.913997) 117.000000 posDes(-20.058706,-16.286443)
(b)r: 0.2 phi: 78.1174 vel: ( -0.0622256, 0.0856278 ) (154,0) rel: ( 0.0411815, 0.195714 ), (154,0) global: ( -20.0274, -16.0378 ), (154,0), changes: -0.216, -7 last seen:(153,0) globalposderived: (153,0)
 154: ball (-20.027445,-16.037797), agent (-19.981010,-15.843262), to (-8.259248,-19.401404) ang 178.457615 178.457615
 154: relpos body (0.200000,78.117376), vel. ball:(-0.062226,0.085628) dist: 1.065503 (0.300000,0.085000,0.680503)
 154: point good and can reach point 98.373557
 155: 2 pos: ball(-18.119287,-17.456982), ball_prev(-20.748038,-15.372446), agentdiff(-0.413790,-0.160435)
 155: direction old: -14.671995, new: -32.564847
 317: direction old: 50.679495, new: 71.264464
(b)r: 1.8 phi: 169 vel: ( 0.658, -1.692 ) (317,0) rel: ( -1.76693, 0.343456 ), (317,0) global: ( -9.49117, -11.2555 ), (317,0), changes: -0.44, 7 last seen:(317,0) globalposderived: (317,0)
(b)r: 1.56285 phi: 128.493 vel: ( 0.61852, -1.59048 ) (318,0) rel: ( -0.972753, 1.22321 ), (318,0) global: ( -8.83317, -12.9475 ), (318,0), changes: -0.44, 7 last seen:(317,0) globalposderived: (317,0)
 318: 2 pos: ball(-9.476689,-13.035182), ball_prev(-9.491167,-11.255498), agentdiff(-0.003630,0.000502)
 318: vel based on 2 pos: (0.017021,-1.673375)
 318: direction old: 30.674029, new: 45.321980
(b)r: 1 phi: 143 vel: ( 0.0170207, -1.67337 ) (318,0) rel: ( -0.798636, 0.601815 ), (318,0) global: ( -9.47669, -13.0352 ), (318,0), changes: -0.44, 7 last seen:(318,0) globalposderived: (318,0)
 318: ball (-9.476689,-13.035182), agent (-10.179811,-13.746252), to (6.811987,-15.146247) ang -97.678020 -97.678020
 318: relpos body (1.000000,143.000000), vel. ball:(0.017021,-1.673375) dist: 1.065503 (0.300000,0.085000,0.680503)
 318: point good, but reposition ball since need 196.111687
 318: (kick 54.617290 -97.011132), vecDesired (-0.803845,-1.458191) 0.000000 posDes(-10.280534,-14.493373)
(b)r: 0.48048 phi: 0.560887 vel: ( -0.746932, -1.37313 ) (319,0) rel: ( 0.480457, 0.0047035 ), (319,0) global: ( -10.2713, -14.496 ), (319,0), changes: -0.44, 7 last seen:(318,0) globalposderived: (318,0)
 319: ball (-10.271298,-14.495963), agent (-10.211767,-14.019185), to (6.811772,-15.146230) ang -97.678020 -97.678020
 319: relpos body (0.480480,0.560887), vel. ball:(-0.746932,-1.373134) dist: 1.065503 (0.300000,0.085000,0.680503)
 319: point good, but reposition ball since need 144.210010
 319: (kick 56.307429 157.808052), vecDesired (-0.016921,-0.102064) 0.000000 posDes(-10.288219,-14.598027)
(b)r: 0.507841 phi: 1.79759 vel: ( -0.00296203, -0.112206 ) (320,0) rel: ( 0.507591, 0.0159303 ), (320,0) global: ( -10.2744, -14.6153 ), (320,0), changes: -0.44, 7 last seen:(318,0) globalposderived: (318,0)
 320: ball (-10.274449,-14.615331), agent (-10.222420,-14.110162), to (6.811772,-15.146230) ang -97.678020 -97.678020
 320: relpos body (0.507841,1.797591), vel. ball:(-0.002962,-0.112206) dist: 1.065503 (0.300000,0.085000,0.680503)
 320: point good, but reposition ball since need 108.523679
 320: (kick 3.857366 -163.926333), vecDesired (-0.017444,-0.014080) 0.000000 posDes(-10.291894,-14.629411)
 320: direction old: -90.433111, new: -106.592090
(b)r: 0.4 phi: -9 vel: ( -0.0282475, -0.064149 ) (320,0) rel: ( 0.395075, -0.0625738 ), (320,0) global: ( -10.3856, -14.5922 ), (320,0), changes: 0.04, -2 last seen:(320,0) globalposderived: (320,0)
 320: ball (-10.385599,-14.592232), agent (-10.271377,-14.208887), to (6.811772,-15.146230) ang -97.592090 -97.592090
 320: relpos body (0.400000,-9.000000), vel. ball:(-0.028248,-0.064149) dist: 1.065503 (0.300000,0.085000,0.680503)
 320: point good, but reposition ball since need 106.200680
 320: (kick 3.884305 53.345773), vecDesired (0.045527,-0.136008) 0.000000 posDes(-10.340072,-14.728240)
(b)r: 0.48015 phi: -2.34422 vel: ( 0.0266918, -0.112792 ) (321,0) rel: ( 0.479749, -0.0196395 ), (321,0) global: ( -10.3572, -14.7122 ), (321,0), changes: 0.04, -2 last seen:(320,0) globalposderived: (320,0)
 321: ball (-10.357204,-14.712223), agent (-10.274352,-14.239275), to (6.811772,-15.146230) ang -97.592090 -97.592090
 321: relpos body (0.480150,-2.344216), vel. ball:(0.026692,-0.112792) dist: 1.065503 (0.300000,0.085000,0.680503)
 321: point good, but reposition ball since need 106.345034
 321: (kick 3.343393 -165.750164), vecDesired (0.016626,-0.026555) 0.000000 posDes(-10.340578,-14.738778)
 321: direction old: -122.152835, new: -101.061656
(b)r: 0.5 phi: -3 vel: ( 0.0243106, -0.109467 ) (321,0) rel: ( 0.499315, -0.026168 ), (321,0) global: ( -10.1044, -14.6481 ), (321,0), changes: 0.09, 4.7 last seen:(321,0) globalposderived: (321,0)
 321: ball (-10.104384,-14.648112), agent (-10.008452,-14.157402), to (6.811772,-15.146230) ang -98.061656 -98.061656
 321: relpos body (0.500000,-3.000000), vel. ball:(0.024311,-0.109467) dist: 1.065503 (0.300000,0.085000,0.680503)
 321: point good, but reposition ball since need 107.332670
 321: (kick 3.932207 -172.676839), vecDesired (0.025615,-0.008233) 0.000000 posDes(-10.078769,-14.656346)
(b)r: 0.527808 phi: 0.271826 vel: ( 0.0229301, -0.0302927 ) (322,0) rel: ( 0.527802, 0.00250404 ), (322,0) global: ( -10.08, -14.6803 ), (322,0), changes: 0.09, 4.7 last seen:(321,0) globalposderived: (321,0)
 322: ball (-10.079990,-14.680339), agent (-10.008452,-14.157402), to (6.811772,-15.146230) ang -98.061656 -98.061656
 322: relpos body (0.527808,0.271826), vel. ball:(0.022930,-0.030293) dist: 1.065503 (0.300000,0.085000,0.680503)
 322: point good, but reposition ball since need 108.130770
 322: (kick 2.638236 -154.113733), vecDesired (0.002278,0.033937) 0.000000 posDes(-10.077713,-14.646402)
(b)r: 0.508658 phi: 0.792407 vel: ( 0.00674666, 0.0172655 ) (323,0) rel: ( 0.508609, 0.00703457 ), (323,0) global: ( -10.0728, -14.662 ), (323,0), changes: 0.09, 4.7 last seen:(321,0) globalposderived: (321,0)
 323: ball (-10.072813,-14.661971), agent (-10.008452,-14.157402), to (6.811772,-15.146230) ang -98.061656 -98.061656
 323: relpos body (0.508658,0.792407), vel. ball:(0.006747,0.017266) dist: 1.065503 (0.300000,0.085000,0.680503)
 323: point good, but reposition ball since need 108.090949
 323: (kick 0.457162 -73.652525), vecDesired (-0.004900,0.015569) 0.000000 posDes(-10.077713,-14.646402)
 323: direction old: -97.269248, new: -97.061656
(b)r: 0.5 phi: 1 vel: ( 0.00678897, 0.0193119 ) (323,0) rel: ( 0.499924, 0.0087262 ), (323,0) global: ( -10.0699, -14.6536 ), (323,0), changes: -0.02, 0.5 last seen:(323,0) globalposderived: (323,0)
 323: ball (-10.069920,-14.653609), agent (-10.008452,-14.157402), to (6.811772,-15.146230) ang -98.061656 -98.061656
 323: relpos body (0.500000,1.000000), vel. ball:(0.006789,0.019312) dist: 1.065503 (0.300000,0.085000,0.680503)
 323: point good, but reposition ball since need 107.765593
 323: (kick 0.733911 -42.241267), vecDesired (-0.007792,0.007207) 0.000000 posDes(-10.077713,-14.646402)
(b)r: 0.48002 phi: 1.52082 vel: ( 0.00638163, 0.0181532 ) (324,0) rel: ( 0.479851, 0.0127398 ), (324,0) global: ( -10.0631, -14.6343 ), (324,0), changes: -0.02, 0.5 last seen:(323,0) globalposderived: (323,0)
 324: ball (-10.063131,-14.634297), agent (-10.008452,-14.157402), to (6.811772,-15.146230) ang -98.061656 -98.061656
 324: relpos body (0.480020,1.520819), vel. ball:(0.006382,0.018153) dist: 1.065503 (0.300000,0.085000,0.680503)
 324: point good, but reposition ball since need 107.039981
 324: (kick 1.415744 -26.653289), vecDesired (-0.014581,-0.012104) 0.000000 posDes(-10.077713,-14.646402)
 324: direction old: -96.540837, new: -97.061656
(b)r: 0.5 phi: 1 vel: ( 0.00701833, 0.0186789 ) (324,0) rel: ( 0.499924, 0.0087262 ), (324,0) global: ( -10.0699, -14.6536 ), (324,0), changes: -0.02, 0.6 last seen:(324,0) globalposderived: (324,0)
 324: ball (-10.069920,-14.653609), agent (-10.008452,-14.157402), to (6.811772,-15.146230) ang -98.061656 -98.061656
 324: relpos body (0.500000,1.000000), vel. ball:(0.007018,0.018679) dist: 1.065503 (0.300000,0.085000,0.680503)
 324: point good, but reposition ball since need 107.755833
 324: (kick 0.725502 -44.179280), vecDesired (-0.007792,0.007207) 0.000000 posDes(-10.077713,-14.646402)
(b)r: 0.480623 phi: 1.55658 vel: ( 0.00659723, 0.0175581 ) (325,0) rel: ( 0.480445, 0.0130557 ), (325,0) global: ( -10.0629, -14.6349 ), (325,0), changes: -0.02, 0.6 last seen:(324,0) globalposderived: (324,0)
 325: ball (-10.062902,-14.634930), agent (-10.008452,-14.157402), to (6.811772,-15.146230) ang -98.061656 -98.061656
 325: relpos body (0.480623,1.556578), vel. ball:(0.006597,0.017558) dist: 1.065503 (0.300000,0.085000,0.680503)
 325: point good, but reposition ball since need 107.060971
 325: (kick 1.387662 -28.345405), vecDesired (-0.014811,-0.011471) 0.000000 posDes(-10.077713,-14.646402)
(b)r: 0.485111 phi: 0.58138 vel: ( -0.00818155, -0.00324703 ) (326,0) rel: ( 0.485086, 0.00492233 ), (326,0) global: ( -10.0716, -14.6384 ), (326,0), changes: -0.02, 0.6 last seen:(324,0) globalposderived: (324,0)
 326: turnWithBall: turn since ball will be kickable in t+1
 326: direction old: -97.480276, new: -97.061656
(b)r: 0.4 phi: 1 vel: ( -0.00692836, 0.000858265 ) (326,0) rel: ( 0.399939, 0.00698096 ), (326,0) global: ( -10.0576, -14.5544 ), (326,0), changes: 0, -1 last seen:(326,0) globalposderived: (326,0)
 326: turnWithBall: turn since ball will be kickable in t+1
(b)r: 0.400061 phi: -98.0616 vel: ( -0.00651266, 0.000806769 ) (327,0) rel: ( -0.0561033, -0.396108 ), (327,0) global: ( -10.0646, -14.5535 ), (327,0), changes: 0, -1 last seen:(326,0) globalposderived: (326,0)
 327: ball (-10.064555,-14.553509), agent (-10.008452,-14.157402), to (-6.008452,-14.157402) ang 0.000000 0.000000
 327: relpos body (0.400061,-98.061554), vel. ball:(-0.006513,0.000807) dist: 1.065503 (0.300000,0.085000,0.680503)
 327: point good and can reach point 33.549015
 327: 2 pos: ball(-10.228228,-14.519837), ball_prev(-10.057627,-14.554368), agentdiff(-0.147236,0.132275)
 327: vel based on 2 pos: (-0.021964,-0.091879)
 327: direction old: -80.214177, new: -98.341987
(b)r: 0.5 phi: -95 vel: ( -0.0219638, -0.0918794 ) (327,0) rel: ( -0.0435779, -0.498097 ), (327,0) global: ( -10.2282, -14.5198 ), (327,0), changes: 0, -1 last seen:(327,0) globalposderived: (327,0)
 327: ball (-10.228228,-14.519837), agent (-10.155688,-14.025127), to (9.927523,-14.846494) ang -3.341987 -3.341987
 327: relpos body (0.500000,-95.000000), vel. ball:(-0.021964,-0.091879) dist: 1.065503 (0.300000,0.085000,0.680503)
 327: point too far, reposition ball (k_r = 0.825807)
 327: (kick 36.334949 46.854242), vecDesired (0.565581,0.465919) 0.000000 posDes(-9.662647,-14.053918)
(b)r: 0.497632 phi: -1.57732 vel: ( 0.534239, 0.424914 ) (328,0) rel: ( 0.497444, -0.0136978 ), (328,0) global: ( -9.65989, -14.0678 ), (328,0), changes: 0, -1 last seen:(327,0) globalposderived: (327,0)
 328: ball (-9.659889,-14.067801), agent (-10.155688,-14.025127), to (9.927523,-14.846494) ang -3.341987 -3.341987
 328: relpos body (0.497632,-1.577323), vel. ball:(0.534239,0.424914) dist: 1.065503 (0.300000,0.085000,0.680503)
 328: pos (3.114497,-0.123816) too far, but can acc ball good to 3.060531 k=2.582364,0.445801
 351: Received coach message: online_coach_left (advice (0 (true) (do our {1} (home (pt -20 10))) (do our {2} (home (pt -12 26))) (do our {3} (home (pt 0 0))) (do our {4} (home (pt -20 -10))) (do our {5} (home (pt -12 -26))) (do our {6} (home (pt 20 0))) (do our {7} (home (pt 35 22))) (do our {8} (home (pt 12 -15))) (do our {9} (home (pt 0 0))) (do our {10} (home (pt 12 15))) (do our {11} (home (pt 35 -22))))))
 351: new home position for player 0: -20 10
 351: new home position for player 1: -12 26
 351: new home position for player 2: 0 0
 351: new home position for player 3: -20 -10
 351: new home position for player 4: -12 -26
 351: new home position for player 5: 20 0
 351: new home position for player 6: 35 22
 351: new home position for player 7: 12 -15
 351: new home position for player 8: 0 0
 351: new home position for player 9: 12 15
 351: new home position for player 10: 35 -22
 378: direction old: 6.380600, new: 5.066284
(b)r: 1.55744 phi: -10.2875 vel: ( -0.608414, -0.162644 ) (379,0) rel: ( 1.53241, -0.278141 ), (379,0) global: ( -4.43884, -16.0968 ), (379,0), changes: -0.9, -2.2 last seen:(378,0) globalposderived: (378,0)
(b)r: 0.371366 phi: -67.4129 vel: ( -0.571909, -0.152885 ) (380,0) rel: ( 0.142637, -0.342881 ), (380,0) global: ( -5.04726, -16.2595 ), (380,0), changes: -0.9, -2.2 last seen:(378,0) globalposderived: (378,0)
 380: 2 pos: ball(-4.858235,-16.405474), ball_prev(-3.791596,-15.923811), agentdiff(0.141760,-0.143738)
 380: direction old: -72.871661, new: -52.744370
(b)r: 0.4 phi: -62 vel: ( -0.571909, -0.152885 ) (380,0) rel: ( 0.187789, -0.353179 ), (380,0) global: ( -4.85824, -16.4055 ), (380,0), changes: -0.9, -2.2 last seen:(380,0) globalposderived: (380,0)
 380: ball (-4.858235,-16.405474), agent (-5.100384,-16.087097), to (-1.152462,-15.443739) ang 9.255630 9.255630
 380: relpos body (0.400000,-62.000000), vel. ball:(-0.571909,-0.152885) dist: 1.065503 (0.300000,0.085000,0.680503)
 380: point good and can reach point 53.687760
(b)r: 0.2 phi: -18.487 vel: ( -0.0646675, -0.0157178 ) (381,0) rel: ( 0.189679, -0.0634179 ), (381,0) global: ( -4.90297, -16.1192 ), (381,0), changes: -0.9, -2.2 last seen:(380,0) globalposderived: (380,0)
 381: ball (-4.902975,-16.119181), agent (-5.100384,-16.087097), to (-1.152462,-15.443739) ang 9.255630 9.255630
 381: relpos body (0.200000,-18.487001), vel. ball:(-0.064667,-0.015718) dist: 1.065503 (0.300000,0.085000,0.680503)
 381: point good and can reach point 28.115286
 381: direction old: -50.314042, new: -14.966242
(b)r: 0.8 phi: -24 vel: ( 0.608322, 0.142302 ) (381,0) rel: ( 0.730836, -0.325389 ), (381,0) global: ( -4.36499, -16.0427 ), (381,0), changes: 0.56, 21.4 last seen:(381,0) globalposderived: (381,0)
 381: ball (-4.364988,-16.042731), agent (-5.137850,-15.836131), to (3.315488,-22.267371) ang 9.033758 9.033758
 381: relpos body (0.800000,-24.000000), vel. ball:(0.608322,0.142302) dist: 1.065503 (0.300000,0.085000,0.680503)
 381: point good and can reach point 90.767118
 651: Received coach message: online_coach_left (advice (0 (true) (do our {1} (home (pt -20 -10))) (do our {2} (home (pt -12 26))) (do our {3} (home (pt -20 10))) (do our {4} (home (pt 0 0))) (do our {5} (home (pt -12 -26))) (do our {6} (home (pt 20 0))) (do our {7} (home (pt 35 22))) (do our {8} (home (pt 12 -15))) (do our {9} (home (pt 0 0))) (do our {10} (home (pt 12 15))) (do our {11} (home (pt 35 -22))))))
 651: new home position for player 0: -20 -10
 651: new home position for player 1: -12 26
 651: new home position for player 2: -20 10
 651: new home position for player 3: 0 0
 651: new home position for player 4: -12 -26
 651: new home position for player 5: 20 0
 651: new home position for player 6: 35 22
 651: new home position for player 7: 12 -15
 651: new home position for player 8: 0 0
 651: new home position for player 9: 12 15
 651: new home position for player 10: 35 -22
(b)r: 0.488612 phi: -85.7874 vel: ( 1.39132, -1.2024 ) (656,0) rel: ( 0.0358919, -0.487292 ), (656,0) global: ( -16.1179, -16.7235 ), (656,0), changes: -2.25, 3.1 last seen:(654,0) globalposderived: (654,0)
 656: ball (-16.117939,-16.723517), agent (-15.675536,-16.516103), to (6.017449,-21.126708) ang -69.093672 -69.093672
 656: relpos body (0.488612,-85.787432), vel. ball:(1.391317,-1.202396) dist: 1.065503 (0.300000,0.085000,0.680503)
 656: pos (3.252192,-0.646929) too far, but can acc ball good to 3.685748 k=2.275523,-0.907846
 656: 2 pos: ball(-16.057863,-16.826785), ball_prev(-19.172665,-14.083581), agentdiff(-0.024604,0.038652)
 656: direction old: -149.503662, new: -135.679736
(b)r: 0.5 phi: -80 vel: ( 1.42989, -1.26703 ) (656,0) rel: ( 0.0868241, -0.492404 ), (656,0) global: ( -16.0579, -16.8268 ), (656,0), changes: -2.25, 3.1 last seen:(656,0) globalposderived: (656,0)
 656: ball (-16.057863,-16.826785), agent (-15.700140,-16.477451), to (-0.356809,-22.269012) ang -55.679736 -55.679736
 656: relpos body (0.500000,-80.000000), vel. ball:(1.429886,-1.267035) dist: 1.065503 (0.300000,0.085000,0.680503)
 656: point good and can reach point 54.944580
 657: direction old: -29.358324, new: -32.679736
 701: Received coach message: online_coach_left (advice (0 (true) (do our {1} (home (pt -20 -10))) (do our {2} (home (pt -12 26))) (do our {3} (home (pt -20 10))) (do our {4} (home (pt 0 0))) (do our {5} (home (pt 0 0))) (do our {6} (home (pt -12 -26))) (do our {7} (home (pt 35 22))) (do our {8} (home (pt 12 -15))) (do our {9} (home (pt 20 0))) (do our {10} (home (pt 12 15))) (do our {11} (home (pt 35 -22))))))
 701: new home position for player 0: -20 -10
 701: new home position for player 1: -12 26
 701: new home position for player 2: -20 10
 701: new home position for player 3: 0 0
 701: new home position for player 4: 0 0
 701: new home position for player 5: -12 -26
 701: new home position for player 6: 35 22
 701: new home position for player 7: 12 -15
 701: new home position for player 8: 20 0
 701: new home position for player 9: 12 15
 701: new home position for player 10: 35 -22
 801: Received coach message: online_coach_left (advice (0 (true) (do our {1} (home (pt -20 -10))) (do our {2} (home (pt -12 26))) (do our {3} (home (pt -20 10))) (do our {4} (home (pt 0 0))) (do our {5} (home (pt 0 0))) (do our {6} (home (pt -12 -26))) (do our {7} (home (pt 35 22))) (do our {8} (home (pt 12 -15))) (do our {9} (home (pt 20 0))) (do our {10} (home (pt 12 15))) (do our {11} (home (pt 35 -22))))))
 801: new home position for player 0: -20 -10
 801: new home position for player 1: -12 26
 801: new home position for player 2: -20 10
 801: new home position for player 3: 0 0
 801: new home position for player 4: 0 0
 801: new home position for player 5: -12 -26
 801: new home position for player 6: 35 22
 801: new home position for player 7: 12 -15
 801: new home position for player 8: 20 0
 801: new home position for player 9: 12 15
 801: new home position for player 10: 35 -22
 901: Received coach message: online_coach_left (advice (0 (true) (do our {1} (home (pt -20 -10))) (do our {2} (home (pt -12 26))) (do our {3} (home (pt -20 10))) (do our {4} (home (pt 0 0))) (do our {5} (home (pt -12 -26))) (do our {6} (home (pt 0 0))) (do our {7} (home (pt 12 15))) (do our {8} (home (pt 12 -15))) (do our {9} (home (pt 20 0))) (do our {10} (home (pt 35 22))) (do our {11} (home (pt 35 -22))))))
 901: new home position for player 0: -20 -10
 901: new home position for player 1: -12 26
 901: new home position for player 2: -20 10
 901: new home position for player 3: 0 0
 901: new home position for player 4: -12 -26
 901: new home position for player 5: 0 0
 901: new home position for player 6: 12 15
 901: new home position for player 7: 12 -15
 901: new home position for player 8: 20 0
 901: new home position for player 9: 35 22
 901: new home position for player 10: 35 -22
 1044: Received coach message: online_coach_left (advice (0 (true) (do our {1} (home (pt -12 -26))) (do our {2} (home (pt 0 0))) (do our {3} (home (pt -20 10))) (do our {4} (home (pt -20 -10))) (do our {5} (home (pt 20 0))) (do our {6} (home (pt -12 26))) (do our {7} (home (pt 35 22))) (do our {8} (home (pt 12 -15))) (do our {9} (home (pt 0 0))) (do our {10} (home (pt 12 15))) (do our {11} (home (pt 35 -22))))))
 1044: new home position for player 0: -12 -26
 1044: new home position for player 1: 0 0
 1044: new home position for player 2: -20 10
 1044: new home position for player 3: -20 -10
 1044: new home position for player 4: 20 0
 1044: new home position for player 5: -12 26
 1044: new home position for player 6: 35 22
 1044: new home position for player 7: 12 -15
 1044: new home position for player 8: 0 0
 1044: new home position for player 9: 12 15
 1044: new home position for player 10: 35 -22
 1101: Received coach message: online_coach_left (advice (0 (true) (do our {1} (home (pt -20 10))) (do our {2} (home (pt 0 0))) (do our {3} (home (pt -12 26))) (do our {4} (home (pt -20 -10))) (do our {5} (home (pt 20 0))) (do our {6} (home (pt -12 -26))) (do our {7} (home (pt 35 22))) (do our {8} (home (pt 12 -15))) (do our {9} (home (pt 0 0))) (do our {10} (home (pt 12 15))) (do our {11} (home (pt 35 -22))))))
 1101: new home position for player 0: -20 10
 1101: new home position for player 1: 0 0
 1101: new home position for player 2: -12 26
 1101: new home position for player 3: -20 -10
 1101: new home position for player 4: 20 0
 1101: new home position for player 5: -12 -26
 1101: new home position for player 6: 35 22
 1101: new home position for player 7: 12 -15
 1101: new home position for player 8: 0 0
 1101: new home position for player 9: 12 15
 1101: new home position for player 10: 35 -22
 1169: direction old: -29.109281, new: -23.273024
 1170: direction old: -22.118150, new: -22.167125
 1172: direction old: -3.507811, new: -12.019795
 1173: 2 pos: ball(15.651737,-6.415071), ball_prev(15.561122,-6.907125), agentdiff(-0.143458,0.305423)
 1173: vel based on 2 pos: (0.220029,0.175433)
 1173: direction old: -12.946721, new: -7.105752
 1178: direction old: 17.627493, new: -67.729871
(b)r: 1.89805 phi: 166.72 vel: ( 0, 0 ) (1179,0) rel: ( -1.8473, 0.436013 ), (1179,0) global: ( 11.3432, -9.57133 ), (1179,0), changes: 0, 5 last seen:(-1,0) globalposderived: (1178,0)
(b)r: 1.89805 phi: 166.72 vel: ( 0, 0 ) (1180,0) rel: ( -1.8473, 0.436013 ), (1179,0) global: ( 11.3432, -9.57133 ), (1180,0), changes: 0, 5 last seen:(-1,0) globalposderived: (1178,0)
 1251: Received coach message: online_coach_left (advice (0 (true) (do our {1} (home (pt -20 -10))) (do our {2} (home (pt -12 26))) (do our {3} (home (pt -20 10))) (do our {4} (home (pt 0 0))) (do our {5} (home (pt 20 0))) (do our {6} (home (pt -12 -26))) (do our {7} (home (pt 35 22))) (do our {8} (home (pt 12 -15))) (do our {9} (home (pt 0 0))) (do our {10} (home (pt 12 15))) (do our {11} (home (pt 35 -22))))))
 1251: new home position for player 0: -20 -10
 1251: new home position for player 1: -12 26
 1251: new home position for player 2: -20 10
 1251: new home position for player 3: 0 0
 1251: new home position for player 4: 20 0
 1251: new home position for player 5: -12 -26
 1251: new home position for player 6: 35 22
 1251: new home position for player 7: 12 -15
 1251: new home position for player 8: 0 0
 1251: new home position for player 9: 12 15
 1251: new home position for player 10: 35 -22
(b)r: 0.509834 phi: 67.4255 vel: ( 0, 0 ) (1349,0) rel: ( 0.195717, 0.470771 ), (1349,0) global: ( 0, 0 ), (1349,0), changes: 0, 0.7 last seen:(1349,0) globalposderived: (1343,0)
(b)r: 0.509834 phi: 67.4255 vel: ( 0, 0 ) (1349,0) rel: ( 0.195717, 0.470771 ), (1349,0) global: ( 0, 0 ), (1349,0), changes: 0, 0.7 last seen:(1349,0) globalposderived: (1349,0)
(b)r: 0.473644 phi: 85.1848 vel: ( 0, 0 ) (1349,1) rel: ( 0.0397588, 0.471973 ), (1349,1) global: ( 0, 0 ), (1349,1), changes: 0, 0.7 last seen:(1349,0) globalposderived: (1349,0)
 1401: Received coach message: online_coach_left (advice (0 (true) (do our {1} (home (pt -20 -10))) (do our {2} (home (pt -12 26))) (do our {3} (home (pt -20 10))) (do our {4} (home (pt 20 0))) (do our {5} (home (pt -12 -26))) (do our {6} (home (pt 0 0))) (do our {7} (home (pt 35 22))) (do our {8} (home (pt 12 -15))) (do our {9} (home (pt 0 0))) (do our {10} (home (pt 12 15))) (do our {11} (home (pt 35 -22))))))
 1401: new home position for player 0: -20 -10
 1401: new home position for player 1: -12 26
 1401: new home position for player 2: -20 10
 1401: new home position for player 3: 20 0
 1401: new home position for player 4: -12 -26
 1401: new home position for player 5: 0 0
 1401: new home position for player 6: 35 22
 1401: new home position for player 7: 12 -15
 1401: new home position for player 8: 0 0
 1401: new home position for player 9: 12 15
 1401: new home position for player 10: 35 -22
 1501: Received coach message: online_coach_left (advice (0 (true) (do our {1} (home (pt -20 -10))) (do our {2} (home (pt -12 26))) (do our {3} (home (pt -20 10))) (do our {4} (home (pt 0 0))) (do our {5} (home (pt 20 0))) (do our {6} (home (pt -12 -26))) (do our {7} (home (pt 12 15))) (do our {8} (home (pt 12 -15))) (do our {9} (home (pt 0 0))) (do our {10} (home (pt 35 22))) (do our {11} (home (pt 35 -22))))))
 1501: new home position for player 0: -20 -10
 1501: new home position for player 1: -12 26
 1501: new home position for player 2: -20 10
 1501: new home position for player 3: 0 0
 1501: new home position for player 4: 20 0
 1501: new home position for player 5: -12 -26
 1501: new home position for player 6: 12 15
 1501: new home position for player 7: 12 -15
 1501: new home position for player 8: 0 0
 1501: new home position for player 9: 35 22
 1501: new home position for player 10: 35 -22
 1573: direction old: -151.955182, new: -150.229728
 1575: 2 pos: ball(-10.758780,-20.320472), ball_prev(-10.210936,-20.419236), agentdiff(-0.068928,-0.050333)
 1575: direction old: -160.135577, new: -157.978255
 1576: direction old: -158.824817, new: -161.861799
 1578: 2 pos: ball(-8.233455,-20.684650), ball_prev(-10.864608,-20.208062), agentdiff(0.126737,-0.055914)
 1578: direction old: -166.736569, new: -108.743125
(b)r: 1.6 phi: -137 vel: ( 1.14067, -0.191602 ) (1578,0) rel: ( -1.17017, -1.0912 ), (1578,0) global: ( -8.23346, -20.6847 ), (1578,0), changes: 0.108, -3.4 last seen:(1578,0) globalposderived: (1578,0)
 1579: 2 pos: ball(-6.465720,-21.063918), ball_prev(-8.233455,-20.684650), agentdiff(-0.081820,0.161564)
 1579: vel based on 2 pos: (1.738582,-0.508382)
 1579: direction old: -88.373569, new: -73.979222
 1651: Received coach message: online_coach_left (advice (0 (true) (do our {1} (home (pt -20 -10))) (do our {2} (home (pt -12 26))) (do our {3} (home (pt -20 10))) (do our {4} (home (pt 0 0))) (do our {5} (home (pt 20 0))) (do our {6} (home (pt -12 -26))) (do our {7} (home (pt 0 0))) (do our {8} (home (pt 12 -15))) (do our {9} (home (pt 35 22))) (do our {10} (home (pt 12 15))) (do our {11} (home (pt 35 -22))))))
 1651: new home position for player 0: -20 -10
 1651: new home position for player 1: -12 26
 1651: new home position for player 2: -20 10
 1651: new home position for player 3: 0 0
 1651: new home position for player 4: 20 0
 1651: new home position for player 5: -12 -26
 1651: new home position for player 6: 0 0
 1651: new home position for player 7: 12 -15
 1651: new home position for player 8: 35 22
 1651: new home position for player 9: 12 15
 1651: new home position for player 10: 35 -22
 1851: Received coach message: online_coach_left (advice (0 (true) (do our {1} (home (pt -20 -10))) (do our {2} (home (pt -12 26))) (do our {3} (home (pt -20 10))) (do our {4} (home (pt 0 0))) (do our {5} (home (pt 0 0))) (do our {6} (home (pt -12 -26))) (do our {7} (home (pt 20 0))) (do our {8} (home (pt 12 -15))) (do our {9} (home (pt 12 15))) (do our {10} (home (pt 35 22))) (do our {11} (home (pt 35 -22))))))
 1851: new home position for player 0: -20 -10
 1851: new home position for player 1: -12 26
 1851: new home position for player 2: -20 10
 1851: new home position for player 3: 0 0
 1851: new home position for player 4: 0 0
 1851: new home position for player 5: -12 -26
 1851: new home position for player 6: 20 0
 1851: new home position for player 7: 12 -15
 1851: new home position for player 8: 12 15
 1851: new home position for player 9: 35 22
 1851: new home position for player 10: 35 -22
 2112: direction old: -7.018461, new: -0.002847
(b)r: 0.716213 phi: 27.9467 vel: ( -1.47325, 0.315588 ) (2113,0) rel: ( 0.632691, 0.335654 ), (2113,0) global: ( 3.7317, -5.21051 ), (2113,0), changes: -1.584, 8.4 last seen:(2112,0) globalposderived: (2112,0)
 2113: ball (3.731704,-5.210513), agent (3.098997,-5.546136), to (7.098997,-5.546334) ang -0.002847 -0.002847
 2113: relpos body (0.716213,27.946739), vel. ball:(-1.473255,0.315588) dist: 1.065503 (0.300000,0.085000,0.680503)
 2113: point good and can reach point 98.312010
 2113: direction old: 26.954713, new: 20.961691
(b)r: 0.6 phi: 22 vel: ( -1.4355, 0.271339 ) (2113,0) rel: ( 0.55631, 0.224764 ), (2113,0) global: ( 3.64936, -5.32267 ), (2113,0), changes: -1.224, 68 last seen:(2113,0) globalposderived: (2113,0)
 2113: ball (3.649358,-5.322668), agent (3.089067,-5.537314), to (7.088410,-5.609798) ang -1.038309 -1.038309
 2113: relpos body (0.600000,22.000000), vel. ball:(-1.435499,0.271339) dist: 1.065503 (0.300000,0.085000,0.680503)
 2113: point good and can reach point 90.802033
(b)r: 1.28055 phi: 9.27284 vel: ( 0.664633, -0.0293645 ) (2114,0) rel: ( 1.26382, 0.206343 ), (2114,0) global: ( 4.35641, -5.35391 ), (2114,0), changes: -1.224, 68 last seen:(2113,0) globalposderived: (2113,0)
(b)r: 1.93811 phi: -3.6758 vel: ( 0.624755, -0.0276026 ) (2115,0) rel: ( 1.93413, -0.124254 ), (2115,0) global: ( 5.02105, -5.38327 ), (2115,0), changes: -1.224, 68 last seen:(2113,0) globalposderived: (2113,0)
 2115: direction old: 4.558729, new: 5.214139
(b)r: 1.8 phi: -2 vel: ( 0.601041, -0.0079642 ) (2115,0) rel: ( 1.7989, -0.0628191 ), (2115,0) global: ( 4.88162, -5.37373 ), (2115,0), changes: 0.576, -1.3 last seen:(2115,0) globalposderived: (2115,0)
 2116: direction old: 3.719787, new: 4.147366
 2151: Received coach message: online_coach_left (advice (0 (true) (do our {1} (home (pt -20 -10))) (do our {2} (home (pt -12 26))) (do our {3} (home (pt -20 10))) (do our {4} (home (pt 0 0))) (do our {5} (home (pt 12 15))) (do our {6} (home (pt -12 -26))) (do our {7} (home (pt 0 0))) (do our {8} (home (pt 35 -22))) (do our {9} (home (pt 20 0))) (do our {10} (home (pt 35 22))) (do our {11} (home (pt 12 -15))))))
 2151: new home position for player 0: -20 -10
 2151: new home position for player 1: -12 26
 2151: new home position for player 2: -20 10
 2151: new home position for player 3: 0 0
 2151: new home position for player 4: 12 15
 2151: new home position for player 5: -12 -26
 2151: new home position for player 6: 0 0
 2151: new home position for player 7: 35 -22
 2151: new home position for player 8: 20 0
 2151: new home position for player 9: 35 22
 2151: new home position for player 10: 12 -15
(b)r: 1.87897 phi: -105.789 vel: ( 1.08868, -1.15895 ) (2377,0) rel: ( -0.511247, -1.80808 ), (2377,0) global: ( 1.26719, 11.7235 ), (2377,0), changes: -2.144, 2.5 last seen:(2376,0) globalposderived: (2376,0)
 2377: 2 pos: ball(1.112727,11.349850), ball_prev(0.109016,12.956414), agentdiff(-0.236445,-0.368968)
 2377: vel based on 2 pos: (1.165747,-1.163341)
 2377: direction old: -178.880127, new: -167.000226
(b)r: 1.8 phi: -107 vel: ( 1.16575, -1.16334 ) (2377,0) rel: ( -0.526269, -1.72135 ), (2377,0) global: ( 1.11273, 11.3498 ), (2377,0), changes: -2.144, 2.5 last seen:(2377,0) globalposderived: (2377,0)
(b)r: 1.4723 phi: -68.0613 vel: ( 1.0958, -1.09354 ) (2378,0) rel: ( 0.550075, -1.36569 ), (2378,0) global: ( 2.27847, 10.1865 ), (2378,0), changes: -2.144, 2.5 last seen:(2377,0) globalposderived: (2377,0)
(b)r: 1.63562 phi: -36.6457 vel: ( 1.03005, -1.02793 ) (2379,0) rel: ( 1.31233, -0.976246 ), (2379,0) global: ( 3.37428, 9.09297 ), (2379,0), changes: -2.144, 2.5 last seen:(2377,0) globalposderived: (2377,0)
 2379: direction old: -104.826574, new: -104.363499
(b)r: 1.6 phi: -44 vel: ( 0, 0 ) (2379,0) rel: ( 1.15094, -1.11145 ), (2379,0) global: ( 3.44863, 9.32333 ), (2379,0), changes: 0.576, 34.4 last seen:(2379,0) globalposderived: (2379,0)
(b)r: 1.14467 phi: -73.4179 vel: ( 0, 0 ) (2380,0) rel: ( 0.326677, -1.09707 ), (2380,0) global: ( 3.44863, 9.32333 ), (2380,0), changes: 0.576, 34.4 last seen:(2379,0) globalposderived: (2379,0)
 2380: 2 pos: ball(3.662595,9.148092), ball_prev(3.448632,9.323335), agentdiff(0.197092,0.041952)
 2380: vel based on 2 pos: (0.015859,-0.204163)
 2380: direction old: -138.718225, new: -126.602408
(b)r: 1.3 phi: -66 vel: ( 0, 0 ) (2380,0) rel: ( 0.528758, -1.18761 ), (2380,0) global: ( 3.66259, 9.14809 ), (2380,0), changes: 0.576, 34.4 last seen:(2380,0) globalposderived: (2380,0)
(b)r: 1.2236 phi: -101.047 vel: ( 0, 0 ) (2381,0) rel: ( -0.234452, -1.20093 ), (2381,0) global: ( 3.66259, 9.14809 ), (2381,0), changes: 0.576, 34.4 last seen:(2380,0) globalposderived: (2380,0)
(b)r: 1.60106 phi: -131.402 vel: ( 0, 0 ) (2382,0) rel: ( -1.05884, -1.20093 ), (2382,0) global: ( 3.66259, 9.14809 ), (2382,0), changes: 0.576, 34.4 last seen:(2380,0) globalposderived: (2380,0)
(b)r: 1.13994 phi: -128.003 vel: ( 0, 0 ) (2382,0) rel: ( -0.701865, -0.89825 ), (2382,0) global: ( 2.99353, 9.08754 ), (2382,0), changes: 0.576, 34.4 last seen:(2380,0) globalposderived: (2380,0)
 2451: Received coach message: online_coach_left (advice (0 (true) (do our {1} (home (pt -20 -10))) (do our {2} (home (pt -12 26))) (do our {3} (home (pt -20 10))) (do our {4} (home (pt -12 -26))) (do our {5} (home (pt 12 15))) (do our {6} (home (pt 0 0))) (do our {7} (home (pt 0 0))) (do our {8} (home (pt 20 0))) (do our {9} (home (pt 12 -15))) (do our {10} (home (pt 35 22))) (do our {11} (home (pt 35 -22))))))
 2451: new home position for player 0: -20 -10
 2451: new home position for player 1: -12 26
 2451: new home position for player 2: -20 10
 2451: new home position for player 3: -12 -26
 2451: new home position for player 4: 12 15
 2451: new home position for player 5: 0 0
 2451: new home position for player 6: 0 0
 2451: new home position for player 7: 20 0
 2451: new home position for player 8: 12 -15
 2451: new home position for player 9: 35 22
 2451: new home position for player 10: 35 -22
 2491: direction old: 171.038811, new: 172.669348
(b)r: 1.59723 phi: -17.8275 vel: ( 1.24588, 0.332234 ) (2492,0) rel: ( 1.52054, -0.488996 ), (2492,0) global: ( 2.08214, 13.9181 ), (2492,0), changes: -0.656, 0.9 last seen:(2491,0) globalposderived: (2491,0)
(b)r: 1.0363 phi: -51.9842 vel: ( 1.17112, 0.3123 ) (2493,0) rel: ( 0.638235, -0.81644 ), (2493,0) global: ( 3.32802, 14.2504 ), (2493,0), changes: -0.656, 0.9 last seen:(2491,0) globalposderived: (2491,0)
 2493: ball (3.328016,14.250375), agent (3.555282,13.239302), to (9.908576,1.832504) ang 154.652484 154.652484
 2493: relpos body (1.036300,-51.984249), vel. ball:(1.171123,0.312300) dist: 1.065503 (0.300000,0.085000,0.680503)
 2493: point good, but reposition ball since need 141.433374
 2493: (kick 95.284107 64.153805), vecDesired (-0.209240,-0.797790) 0.000000 posDes(3.118776,13.452585)
 2493: 2 pos: ball(3.156148,14.400947), ball_prev(0.756740,13.564701), agentdiff(-0.277538,0.068387)
 2493: direction old: 86.947400, new: 96.346530
(b)r: 1.1 phi: -62 vel: ( 1.21925, 0.349732 ) (2493,0) rel: ( 0.516419, -0.971242 ), (2493,0) global: ( 3.15615, 14.4009 ), (2493,0), changes: -0.656, 0.9 last seen:(2493,0) globalposderived: (2493,0)
(b)r: 1.81303 phi: -41.6296 vel: ( 1.1461, 0.328748 ) (2494,0) rel: ( 1.35516, -1.20442 ), (2494,0) global: ( 4.3754, 14.7507 ), (2494,0), changes: -0.656, 0.9 last seen:(2493,0) globalposderived: (2493,0)
 2494: 2 pos: ball(4.703731,14.617836), ball_prev(3.156148,14.400947), agentdiff(0.286104,-0.082931)
 2494: vel based on 2 pos: (1.185790,0.281830)
 2494: direction old: 61.993967, new: 50.708335
(b)r: 1.8 phi: -46 vel: ( 1.18579, 0.28183 ) (2494,0) rel: ( 1.25039, -1.29481 ), (2494,0) global: ( 4.70373, 14.6178 ), (2494,0), changes: -0.656, 0.9 last seen:(2494,0) globalposderived: (2494,0)
 2751: Received coach message: online_coach_left (advice (0 (true) (do our {1} (home (pt -20 -10))) (do our {2} (home (pt -12 26))) (do our {3} (home (pt -20 10))) (do our {4} (home (pt -12 -26))) (do our {5} (home (pt 12 15))) (do our {6} (home (pt 0 0))) (do our {7} (home (pt 0 0))) (do our {8} (home (pt 20 0))) (do our {9} (home (pt 12 -15))) (do our {10} (home (pt 35 22))) (do our {11} (home (pt 35 -22))))))
 2751: new home position for player 0: -20 -10
 2751: new home position for player 1: -12 26
 2751: new home position for player 2: -20 10
 2751: new home position for player 3: -12 -26
 2751: new home position for player 4: 12 15
 2751: new home position for player 5: 0 0
 2751: new home position for player 6: 0 0
 2751: new home position for player 7: 20 0
 2751: new home position for player 8: 12 -15
 2751: new home position for player 9: 35 22
 2751: new home position for player 10: 35 -22
 3000: Received coach message: online_coach_left (advice (0 (true) (do our {1} (home (pt -20 -10))) (do our {2} (home (pt 12 15))) (do our {3} (home (pt 0 0))) (do our {4} (home (pt 35 -22))) (do our {5} (home (pt -12 -26))) (do our {6} (home (pt 12 -15))) (do our {7} (home (pt 20 0))) (do our {8} (home (pt 0 0))) (do our {9} (home (pt -20 10))) (do our {10} (home (pt -12 26))) (do our {11} (home (pt 35 22))))))
 3000: new home position for player 0: -20 -10
 3000: new home position for player 1: 12 15
 3000: new home position for player 2: 0 0
 3000: new home position for player 3: 35 -22
 3000: new home position for player 4: -12 -26
 3000: new home position for player 5: 12 -15
 3000: new home position for player 6: 20 0
 3000: new home position for player 7: 0 0
 3000: new home position for player 8: -20 10
 3000: new home position for player 9: -12 26
 3000: new home position for player 10: 35 22
 3000: Received coach message: online_coach_left (advice (0 (true) (do our {1} (home (pt -20 -10))) (do our {2} (home (pt 12 15))) (do our {3} (home (pt -20 10))) (do our {4} (home (pt 35 -22))) (do our {5} (home (pt -12 -26))) (do our {6} (home (pt 12 -15))) (do our {7} (home (pt 0 0))) (do our {8} (home (pt 0 0))) (do our {9} (home (pt 20 0))) (do our {10} (home (pt -12 26))) (do our {11} (home (pt 35 22))))))
 3000: new home position for player 0: -20 -10
 3000: new home position for player 1: 12 15
 3000: new home position for player 2: -20 10
 3000: new home position for player 3: 35 -22
 3000: new home position for player 4: -12 -26
 3000: new home position for player 5: 12 -15
 3000: new home position for player 6: 0 0
 3000: new home position for player 7: 0 0
 3000: new home position for player 8: 20 0
 3000: new home position for player 9: -12 26
 3000: new home position for player 10: 35 22
 3000: Received coach message: online_coach_left (advice (0 (true) (do our {1} (home (pt -20 -10))) (do our {2} (home (pt 12 15))) (do our {3} (home (pt -20 10))) (do our {4} (home (pt 35 -22))) (do our {5} (home (pt -12 -26))) (do our {6} (home (pt 12 -15))) (do our {7} (home (pt 20 0))) (do our {8} (home (pt 0 0))) (do our {9} (home (pt 0 0))) (do our {10} (home (pt -12 26))) (do our {11} (home (pt 35 22))))))
 3000: new home position for player 0: -20 -10
 3000: new home position for player 1: 12 15
 3000: new home position for player 2: -20 10
 3000: new home position for player 3: 35 -22
 3000: new home position for player 4: -12 -26
 3000: new home position for player 5: 12 -15
 3000: new home position for player 6: 20 0
 3000: new home position for player 7: 0 0
 3000: new home position for player 8: 0 0
 3000: new home position for player 9: -12 26
 3000: new home position for player 10: 35 22
 3000: Received coach message: online_coach_left (advice (0 (true) (do our {1} (home (pt -20 -10))) (do our {2} (home (pt 12 15))) (do our {3} (home (pt -20 10))) (do our {4} (home (pt 35 -22))) (do our {5} (home (pt -12 -26))) (do our {6} (home (pt 12 -15))) (do our {7} (home (pt 0 0))) (do our {8} (home (pt 20 0))) (do our {9} (home (pt 0 0))) (do our {10} (home (pt -12 26))) (do our {11} (home (pt 35 22))))))
 3000: new home position for player 0: -20 -10
 3000: new home position for player 1: 12 15
 3000: new home position for player 2: -20 10
 3000: new home position for player 3: 35 -22
 3000: new home position for player 4: -12 -26
 3000: new home position for player 5: 12 -15
 3000: new home position for player 6: 0 0
 3000: new home position for player 7: 20 0
 3000: new home position for player 8: 0 0
 3000: new home position for player 9: -12 26
 3000: new home position for player 10: 35 22
 3000: Received coach message: online_coach_left (advice (0 (true) (do our {1} (home (pt -20 -10))) (do our {2} (home (pt 12 15))) (do our {3} (home (pt -20 10))) (do our {4} (home (pt 35 -22))) (do our {5} (home (pt -12 -26))) (do our {6} (home (pt 12 -15))) (do our {7} (home (pt 0 0))) (do our {8} (home (pt 20 0))) (do our {9} (home (pt 0 0))) (do our {10} (home (pt -12 26))) (do our {11} (home (pt 35 22))))))
 3000: new home position for player 0: -20 -10
 3000: new home position for player 1: 12 15
 3000: new home position for player 2: -20 10
 3000: new home position for player 3: 35 -22
 3000: new home position for player 4: -12 -26
 3000: new home position for player 5: 12 -15
 3000: new home position for player 6: 0 0
 3000: new home position for player 7: 20 0
 3000: new home position for player 8: 0 0
 3000: new home position for player 9: -12 26
 3000: new home position for player 10: 35 22
 3000: Received coach message: online_coach_left (advice (0 (true) (do our {1} (home (pt -20 -10))) (do our {2} (home (pt 12 15))) (do our {3} (home (pt -20 10))) (do our {4} (home (pt 35 -22))) (do our {5} (home (pt -12 -26))) (do our {6} (home (pt 12 -15))) (do our {7} (home (pt 0 0))) (do our {8} (home (pt 20 0))) (do our {9} (home (pt 0 0))) (do our {10} (home (pt -12 26))) (do our {11} (home (pt 35 22))))))
 3000: new home position for player 0: -20 -10
 3000: new home position for player 1: 12 15
 3000: new home position for player 2: -20 10
 3000: new home position for player 3: 35 -22
 3000: new home position for player 4: -12 -26
 3000: new home position for player 5: 12 -15
 3000: new home position for player 6: 0 0
 3000: new home position for player 7: 20 0
 3000: new home position for player 8: 0 0
 3000: new home position for player 9: -12 26
 3000: new home position for player 10: 35 22
 3000: Received coach message: online_coach_left (advice (0 (true) (do our {1} (home (pt -20 -10))) (do our {2} (home (pt 12 15))) (do our {3} (home (pt -20 10))) (do our {4} (home (pt 35 -22))) (do our {5} (home (pt -12 -26))) (do our {6} (home (pt 12 -15))) (do our {7} (home (pt 0 0))) (do our {8} (home (pt 0 0))) (do our {9} (home (pt 20 0))) (do our {10} (home (pt -12 26))) (do our {11} (home (pt 35 22))))))
 3000: new home position for player 0: -20 -10
 3000: new home position for player 1: 12 15
 3000: new home position for player 2: -20 10
 3000: new home position for player 3: 35 -22
 3000: new home position for player 4: -12 -26
 3000: new home position for player 5: 12 -15
 3000: new home position for player 6: 0 0
 3000: new home position for player 7: 0 0
 3000: new home position for player 8: 20 0
 3000: new home position for player 9: -12 26
 3000: new home position for player 10: 35 22
 3000: Received coach message: online_coach_left (advice (0 (true) (do our {1} (home (pt -20 -10))) (do our {2} (home (pt 12 15))) (do our {3} (home (pt -20 10))) (do our {4} (home (pt 35 -22))) (do our {5} (home (pt -12 -26))) (do our {6} (home (pt 12 -15))) (do our {7} (home (pt 20 0))) (do our {8} (home (pt 0 0))) (do our {9} (home (pt 0 0))) (do our {10} (home (pt -12 26))) (do our {11} (home (pt 35 22))))))
 3000: new home position for player 0: -20 -10
 3000: new home position for player 1: 12 15
 3000: new home position for player 2: -20 10
 3000: new home position for player 3: 35 -22
 3000: new home position for player 4: -12 -26
 3000: new home position for player 5: 12 -15
 3000: new home position for player 6: 20 0
 3000: new home position for player 7: 0 0
 3000: new home position for player 8: 0 0
 3000: new home position for player 9: -12 26
 3000: new home position for player 10: 35 22
 3000: Received coach message: online_coach_left (advice (0 (true) (do our {1} (home (pt -20 -10))) (do our {2} (home (pt 12 15))) (do our {3} (home (pt -20 10))) (do our {4} (home (pt 35 -22))) (do our {5} (home (pt -12 -26))) (do our {6} (home (pt 12 -15))) (do our {7} (home (pt 0 0))) (do our {8} (home (pt 20 0))) (do our {9} (home (pt 0 0))) (do our {10} (home (pt -12 26))) (do our {11} (home (pt 35 22))))))
 3000: new home position for player 0: -20 -10
 3000: new home position for player 1: 12 15
 3000: new home position for player 2: -20 10
 3000: new home position for player 3: 35 -22
 3000: new home position for player 4: -12 -26
 3000: new home position for player 5: 12 -15
 3000: new home position for player 6: 0 0
 3000: new home position for player 7: 20 0
 3000: new home position for player 8: 0 0
 3000: new home position for player 9: -12 26
 3000: new home position for player 10: 35 22
