 0: change player from message 62 -> 1
 0: changed player from message 62 -> 1
 0: change player from message 63 -> 2
 0: changed player from message 63 -> 2
 0: change player from message 64 -> 3
 0: changed player from message 64 -> 3
 0: change player from message 65 -> 4
 0: changed player from message 65 -> 4
 0: change player from message 66 -> 5
 0: changed player from message 66 -> 5
 0: change player from message 67 -> 6
 0: changed player from message 67 -> 6
 0: change player from message 68 -> 7
 0: changed player from message 68 -> 7
 0: change player from message 69 -> 8
 0: changed player from message 69 -> 8
 0: change player from message 70 -> 9
 0: changed player from message 70 -> 9
 0: change player from message 71 -> 10
 0: changed player from message 71 -> 10
 29: direction old: 47.964166, new: 48.625448
(b)r: 1.56219 phi: -129.572 vel: ( -0.00937439, -2.09509 ) (30,0) rel: ( -0.9952, -1.20417 ), (30,0) global: ( 1.49679, -7.3528 ), (30,0), changes: -1.76, -39.2 last seen:(29,0) globalposderived: (29,0)
 101: Received coach message: online_coach_left (advice (0 (true) (do our {1} (home (pt 0 0))) (do our {2} (home (pt -12 26))) (do our {3} (home (pt -20 10))) (do our {4} (home (pt -20 -10))) (do our {5} (home (pt -12 -26))) (do our {6} (home (pt 20 0))) (do our {7} (home (pt 12 15))) (do our {8} (home (pt 12 -15))) (do our {9} (home (pt 0 0))) (do our {10} (home (pt 35 22))) (do our {11} (home (pt 35 -22))))))
 101: new home position for player 0: 0 0
 101: new home position for player 1: -12 26
 101: new home position for player 2: -20 10
 101: new home position for player 3: -20 -10
 101: new home position for player 4: -12 -26
 101: new home position for player 5: 20 0
 101: new home position for player 6: 12 15
 101: new home position for player 7: 12 -15
 101: new home position for player 8: 0 0
 101: new home position for player 9: 35 22
 101: new home position for player 10: 35 -22
 205: direction old: -51.673673, new: -47.890031
 206: direction old: -43.671828, new: -41.433045
 208: direction old: -25.553170, new: -28.115786
 209: direction old: -20.446794, new: -22.537210
(b)r: 1.55035 phi: 0 vel: ( 0.246446, 0.0699369 ) (211,0) rel: ( 1.55035, 0 ), (211,0) global: ( 12.5701, -18.1884 ), (211,0), changes: 0.15, 4.6 last seen:(209,0) globalposderived: (209,0)
 251: Received coach message: online_coach_left (advice (0 (true) (do our {1} (home (pt 0 0))) (do our {2} (home (pt -12 26))) (do our {3} (home (pt -20 10))) (do our {4} (home (pt -20 -10))) (do our {5} (home (pt -12 -26))) (do our {6} (home (pt 0 0))) (do our {7} (home (pt 20 0))) (do our {8} (home (pt 12 -15))) (do our {9} (home (pt 12 15))) (do our {10} (home (pt 35 22))) (do our {11} (home (pt 35 -22))))))
 251: new home position for player 0: 0 0
 251: new home position for player 1: -12 26
 251: new home position for player 2: -20 10
 251: new home position for player 3: -20 -10
 251: new home position for player 4: -12 -26
 251: new home position for player 5: 0 0
 251: new home position for player 6: 20 0
 251: new home position for player 7: 12 -15
 251: new home position for player 8: 12 15
 251: new home position for player 9: 35 22
 251: new home position for player 10: 35 -22
 301: Received coach message: online_coach_left (advice (0 (true) (do our {1} (home (pt -20 10))) (do our {2} (home (pt -12 26))) (do our {3} (home (pt 0 0))) (do our {4} (home (pt -20 -10))) (do our {5} (home (pt -12 -26))) (do our {6} (home (pt 20 0))) (do our {7} (home (pt 0 0))) (do our {8} (home (pt 12 -15))) (do our {9} (home (pt 12 15))) (do our {10} (home (pt 35 22))) (do our {11} (home (pt 35 -22))))))
 301: new home position for player 0: -20 10
 301: new home position for player 1: -12 26
 301: new home position for player 2: 0 0
 301: new home position for player 3: -20 -10
 301: new home position for player 4: -12 -26
 301: new home position for player 5: 20 0
 301: new home position for player 6: 0 0
 301: new home position for player 7: 12 -15
 301: new home position for player 8: 12 15
 301: new home position for player 9: 35 22
 301: new home position for player 10: 35 -22
 401: Received coach message: online_coach_left (advice (0 (true) (do our {1} (home (pt -20 10))) (do our {2} (home (pt -12 26))) (do our {3} (home (pt 0 0))) (do our {4} (home (pt -20 -10))) (do our {5} (home (pt -12 -26))) (do our {6} (home (pt 12 15))) (do our {7} (home (pt 0 0))) (do our {8} (home (pt 12 -15))) (do our {9} (home (pt 20 0))) (do our {10} (home (pt 35 22))) (do our {11} (home (pt 35 -22))))))
 401: new home position for player 0: -20 10
 401: new home position for player 1: -12 26
 401: new home position for player 2: 0 0
 401: new home position for player 3: -20 -10
 401: new home position for player 4: -12 -26
 401: new home position for player 5: 12 15
 401: new home position for player 6: 0 0
 401: new home position for player 7: 12 -15
 401: new home position for player 8: 20 0
 401: new home position for player 9: 35 22
 401: new home position for player 10: 35 -22
 539: Received coach message: online_coach_left (advice (0 (true) (do our {1} (home (pt -20 -10))) (do our {2} (home (pt -12 26))) (do our {3} (home (pt 0 0))) (do our {4} (home (pt -20 10))) (do our {5} (home (pt 35 -22))) (do our {6} (home (pt 12 15))) (do our {7} (home (pt 0 0))) (do our {8} (home (pt -12 -26))) (do our {9} (home (pt 20 0))) (do our {10} (home (pt 35 22))) (do our {11} (home (pt 12 -15))))))
 539: new home position for player 0: -20 -10
 539: new home position for player 1: -12 26
 539: new home position for player 2: 0 0
 539: new home position for player 3: -20 10
 539: new home position for player 4: 35 -22
 539: new home position for player 5: 12 15
 539: new home position for player 6: 0 0
 539: new home position for player 7: -12 -26
 539: new home position for player 8: 20 0
 539: new home position for player 9: 35 22
 539: new home position for player 10: 12 -15
 581: direction old: -134.168597, new: -134.491152
 583: direction old: -84.559227, new: -85.449104
 651: Received coach message: online_coach_left (advice (0 (true) (do our {1} (home (pt -20 -10))) (do our {2} (home (pt -12 26))) (do our {3} (home (pt 0 0))) (do our {4} (home (pt -20 10))) (do our {5} (home (pt 35 -22))) (do our {6} (home (pt 12 15))) (do our {7} (home (pt 0 0))) (do our {8} (home (pt -12 -26))) (do our {9} (home (pt 20 0))) (do our {10} (home (pt 35 22))) (do our {11} (home (pt 12 -15))))))
 651: new home position for player 0: -20 -10
 651: new home position for player 1: -12 26
 651: new home position for player 2: 0 0
 651: new home position for player 3: -20 10
 651: new home position for player 4: 35 -22
 651: new home position for player 5: 12 15
 651: new home position for player 6: 0 0
 651: new home position for player 7: -12 -26
 651: new home position for player 8: 20 0
 651: new home position for player 9: 35 22
 651: new home position for player 10: 12 -15
 801: Received coach message: online_coach_left (advice (0 (true) (do our {1} (home (pt -20 10))) (do our {2} (home (pt -12 26))) (do our {3} (home (pt 12 15))) (do our {4} (home (pt -20 -10))) (do our {5} (home (pt -12 -26))) (do our {6} (home (pt 0 0))) (do our {7} (home (pt 0 0))) (do our {8} (home (pt 12 -15))) (do our {9} (home (pt 20 0))) (do our {10} (home (pt 35 22))) (do our {11} (home (pt 35 -22))))))
 801: new home position for player 0: -20 10
 801: new home position for player 1: -12 26
 801: new home position for player 2: 12 15
 801: new home position for player 3: -20 -10
 801: new home position for player 4: -12 -26
 801: new home position for player 5: 0 0
 801: new home position for player 6: 0 0
 801: new home position for player 7: 12 -15
 801: new home position for player 8: 20 0
 801: new home position for player 9: 35 22
 801: new home position for player 10: 35 -22
 818: direction old: 60.817219, new: 63.471954
(b)r: 1.76735 phi: 70.3495 vel: ( -1.02529, -0.335787 ) (819,0) rel: ( 0.594326, 1.66442 ), (819,0) global: ( 9.64708, -0.45586 ), (819,0), changes: -0.972, 12 last seen:(818,0) globalposderived: (818,0)
(b)r: 1.47846 phi: 87.3126 vel: ( 0, 0 ) (820,0) rel: ( 0.0693193, 1.47683 ), (820,0) global: ( 8.62179, -0.791648 ), (820,0), changes: -0.972, 12 last seen:(818,0) globalposderived: (818,0)
 820: 2 pos: ball(8.485625,-0.678897), ball_prev(10.737813,-0.098639), agentdiff(-0.103359,-0.007465)
 820: direction old: 114.770013, new: 117.506807
(b)r: 1.6 phi: 87 vel: ( 0, 0 ) (820,0) rel: ( 0.0837375, 1.59781 ), (820,0) global: ( 8.48563, -0.678897 ), (820,0), changes: -0.972, 12 last seen:(820,0) globalposderived: (820,0)
(b)r: 1.15073 phi: 1.34046 vel: ( 0, 0 ) (821,0) rel: ( 1.15042, 0.0269194 ), (821,0) global: ( 8.48563, -0.678897 ), (821,0), changes: -0.972, 12 last seen:(820,0) globalposderived: (820,0)
 821: direction old: 136.009990, new: 157.591382
(b)r: 1.66861 phi: -0.893805 vel: ( 0, 0 ) (823,0) rel: ( 1.66841, -0.026029 ), (823,0) global: ( 7.27806, -0.637912 ), (823,0), changes: 0.968, 16.5 last seen:(821,0) globalposderived: (821,0)
 908: Received coach message: online_coach_left (advice (0 (true) (do our {1} (home (pt -20 -10))) (do our {2} (home (pt 20 0))) (do our {3} (home (pt -20 10))) (do our {4} (home (pt -12 26))) (do our {5} (home (pt 35 -22))) (do our {6} (home (pt 35 22))) (do our {7} (home (pt 0 0))) (do our {8} (home (pt -12 -26))) (do our {9} (home (pt 0 0))) (do our {10} (home (pt 12 15))) (do our {11} (home (pt 12 -15))))))
 908: new home position for player 0: -20 -10
 908: new home position for player 1: 20 0
 908: new home position for player 2: -20 10
 908: new home position for player 3: -12 26
 908: new home position for player 4: 35 -22
 908: new home position for player 5: 35 22
 908: new home position for player 6: 0 0
 908: new home position for player 7: -12 -26
 908: new home position for player 8: 0 0
 908: new home position for player 9: 12 15
 908: new home position for player 10: 12 -15
 1101: Received coach message: online_coach_left (advice (0 (true) (do our {1} (home (pt -20 -10))) (do our {2} (home (pt -12 26))) (do our {3} (home (pt 0 0))) (do our {4} (home (pt -20 10))) (do our {5} (home (pt 35 -22))) (do our {6} (home (pt 12 15))) (do our {7} (home (pt -12 -26))) (do our {8} (home (pt 20 0))) (do our {9} (home (pt 0 0))) (do our {10} (home (pt 35 22))) (do our {11} (home (pt 12 -15))))))
 1101: new home position for player 0: -20 -10
 1101: new home position for player 1: -12 26
 1101: new home position for player 2: 0 0
 1101: new home position for player 3: -20 10
 1101: new home position for player 4: 35 -22
 1101: new home position for player 5: 12 15
 1101: new home position for player 6: -12 -26
 1101: new home position for player 7: 20 0
 1101: new home position for player 8: 0 0
 1101: new home position for player 9: 35 22
 1101: new home position for player 10: 12 -15
 1251: Received coach message: online_coach_left (advice (0 (true) (do our {1} (home (pt -20 -10))) (do our {2} (home (pt -12 26))) (do our {3} (home (pt 0 0))) (do our {4} (home (pt -20 10))) (do our {5} (home (pt 35 -22))) (do our {6} (home (pt 0 0))) (do our {7} (home (pt 20 0))) (do our {8} (home (pt -12 -26))) (do our {9} (home (pt 35 22))) (do our {10} (home (pt 12 15))) (do our {11} (home (pt 12 -15))))))
 1251: new home position for player 0: -20 -10
 1251: new home position for player 1: -12 26
 1251: new home position for player 2: 0 0
 1251: new home position for player 3: -20 10
 1251: new home position for player 4: 35 -22
 1251: new home position for player 5: 0 0
 1251: new home position for player 6: 20 0
 1251: new home position for player 7: -12 -26
 1251: new home position for player 8: 35 22
 1251: new home position for player 9: 12 15
 1251: new home position for player 10: 12 -15
 1316: direction old: -143.274506, new: -141.849209
(b)r: 1.73935 phi: 19.8791 vel: ( -0.169006, -0.148977 ) (1317,0) rel: ( 1.6357, 0.591442 ), (1317,0) global: ( -24.9166, -28.5094 ), (1317,0), changes: 0.132, 1.1 last seen:(1316,0) globalposderived: (1316,0)
 1317: direction old: -138.909661, new: -138.755838
(b)r: 1.8 phi: 20 vel: ( -0.171687, -0.150002 ) (1317,0) rel: ( 1.69145, 0.615636 ), (1317,0) global: ( -24.959, -28.5528 ), (1317,0), changes: -0.036, 1.3 last seen:(1317,0) globalposderived: (1317,0)
(b)r: 1.20177 phi: 24.8484 vel: ( -0.161386, -0.141002 ) (1318,0) rel: ( 1.09052, 0.505008 ), (1318,0) global: ( -25.1306, -28.7028 ), (1318,0), changes: -0.036, 1.3 last seen:(1317,0) globalposderived: (1317,0)
(b)r: 1.10696 phi: 11.9813 vel: ( -0.151703, -0.132542 ) (1319,0) rel: ( 1.08284, 0.229796 ), (1319,0) global: ( -25.292, -28.8438 ), (1319,0), changes: -0.036, 1.3 last seen:(1317,0) globalposderived: (1317,0)
 1319: ball (-25.292033,-28.843763), agent (-24.551074,-28.021367), to (0.795287,11.786597) ang -126.999374 -143.999374
 1319: relpos body (1.106957,-5.018705), vel. ball:(-0.151703,-0.132542) dist: 1.110415 (0.300000,0.085000,0.725415)
 1319: point too far, reposition ball (k_r = 0.744221)
 1319: (kick 34.426842 171.425126), vecDesired (0.342332,0.351688) 0.000000 posDes(-24.949701,-28.492075)
 1319: direction old: -132.405068, new: -130.678708
(b)r: 1.1 phi: 15 vel: ( -0.130479, -0.127724 ) (1319,0) rel: ( 1.06252, 0.284701 ), (1319,0) global: ( -25.3022, -28.904 ), (1319,0), changes: 0.066, 0.8 last seen:(1319,0) globalposderived: (1319,0)
 1319: ball (-25.302165,-28.903998), agent (-24.585167,-28.069784), to (0.795287,11.786597) ang -128.678708 -145.678708
 1319: relpos body (1.100000,-2.000000), vel. ball:(-0.130479,-0.127724) dist: 1.110415 (0.300000,0.085000,0.725415)
 1319: point too far, reposition ball (k_r = 0.750812)
 1319: (kick 32.815960 177.816714), vecDesired (0.304749,0.375390) 0.000000 posDes(-24.997416,-28.528607)
(b)r: 1.15516 phi: 15.7901 vel: ( -0.12265, -0.120061 ) (1320,0) rel: ( 1.11157, 0.314337 ), (1320,0) global: ( -25.4326, -29.0317 ), (1320,0), changes: 0.066, 0.8 last seen:(1319,0) globalposderived: (1319,0)
 1320: direction old: -124.630780, new: -130.245611
(b)r: 1.2 phi: 15 vel: ( -0.129729, -0.128241 ) (1320,0) rel: ( 1.15911, 0.310583 ), (1320,0) global: ( -25.4309, -28.8226 ), (1320,0), changes: 0.144, -0.2 last seen:(1320,0) globalposderived: (1320,0)
(b)r: 0.780666 phi: 15.3539 vel: ( -0.121945, -0.120547 ) (1321,0) rel: ( 0.752803, 0.206705 ), (1321,0) global: ( -25.5606, -28.9509 ), (1321,0), changes: 0.144, -0.2 last seen:(1320,0) globalposderived: (1320,0)
 1321: ball (-25.560641,-28.950854), agent (-25.059969,-28.351882), to (0.795287,11.786597) ang -128.245611 -145.245611
 1321: relpos body (0.780666,-1.646111), vel. ball:(-0.121945,-0.120547) dist: 1.110415 (0.300000,0.085000,0.725415)
 1321: point too far, reposition ball (k_r = 0.861355)
 1321: (kick 9.533417 172.867229), vecDesired (0.035863,0.035190) 0.000000 posDes(-25.524778,-28.915664)
(b)r: 0.508829 phi: 17.6832 vel: ( 0.0274871, 0.0227526 ) (1322,0) rel: ( 0.484787, 0.154559 ), (1322,0) global: ( -25.5314, -28.9266 ), (1322,0), changes: 0.144, -0.2 last seen:(1320,0) globalposderived: (1320,0)
 1322: ball (-25.531399,-28.926649), agent (-25.221204,-28.523306), to (0.795287,11.786597) ang -128.245611 -145.245611
 1322: relpos body (0.508829,0.683175), vel. ball:(0.027487,0.022753) dist: 1.110415 (0.300000,0.085000,0.725415)
 1322: pos (2.776572,4.293866) too far, but can acc ball good to 2.616224 k=2.582215,-0.010727
 1322: direction old: -112.219853, new: -125.800583
(b)r: 0.5 phi: 19 vel: ( 0.0318819, 0.027151 ) (1322,0) rel: ( 0.472759, 0.162784 ), (1322,0) global: ( -25.6494, -28.9051 ), (1322,0), changes: -0.13, 2.4 last seen:(1322,0) globalposderived: (1322,0)
 1322: ball (-25.649428,-28.905114), agent (-25.356945,-28.499585), to (0.795287,11.786597) ang -127.800583 -144.800583
 1322: relpos body (0.500000,2.000000), vel. ball:(0.031882,0.027151) dist: 1.110415 (0.300000,0.085000,0.725415)
 1322: pos (2.786369,4.287515) too far, but can acc ball good to 2.625604 k=2.585492,-0.011938
 1323: 2 pos: ball(-24.038580,-26.822604), ball_prev(-25.649428,-28.905114), agentdiff(0.102443,-0.061890)
 1323: vel based on 2 pos: (1.417901,2.015736)
 1323: direction old: 61.598779, new: 54.864178
 1341: direction old: 95.000777, new: 94.558407
(b)r: 1.9067 phi: -0.930121 vel: ( 0, 0 ) (1342,0) rel: ( 1.90645, -0.0309514 ), (1342,0) global: ( -23.5316, -17.4724 ), (1342,0), changes: -0.088, 5.6 last seen:(1341,0) globalposderived: (1341,0)
(b)r: 1.22714 phi: 2.8856 vel: ( 0, 0 ) (1343,0) rel: ( 1.22558, 0.0617766 ), (1343,0) global: ( -23.5316, -17.4724 ), (1343,0), changes: -0.088, 5.6 last seen:(1341,0) globalposderived: (1341,0)
 1343: direction old: 99.828822, new: 116.242402
 1344: direction old: 127.543461, new: 126.945355
(b)r: 1.40084 phi: 0.0710473 vel: ( 0, 0 ) (1345,0) rel: ( 1.40084, 0.00173705 ), (1345,0) global: ( -24.5173, -16.778 ), (1345,0), changes: 0.28, 7 last seen:(1344,0) globalposderived: (1344,0)
(b)r: 0.643443 phi: 0.546645 vel: ( 0, 0 ) (1346,0) rel: ( 0.643413, 0.00613883 ), (1346,0) global: ( -24.5173, -16.778 ), (1346,0), changes: 0.28, 7 last seen:(1344,0) globalposderived: (1344,0)
 1346: turnWithBall: kick ball away from opp at ang 75.964550
 1346: (kick 36.837145 127.129351), vecDesired (-0.085139,-0.868072) 118.695428 posDes(-24.602391,-17.646097)
 1346: direction old: 88.768973, new: 136.505506
 1347: direction old: 136.722723, new: 138.387821
(b)r: 1.8 phi: -1 vel: ( -0.519933, 0.322773 ) (1347,0) rel: ( 1.79973, -0.0314143 ), (1347,0) global: ( -26.4298, -16.0305 ), (1347,0), changes: 0.612, 3.3 last seen:(1347,0) globalposderived: (1347,0)
 1349: direction old: 143.395947, new: 140.418925
 1350: 2 pos: ball(-28.026364,-14.615742), ball_prev(-27.504594,-15.225842), agentdiff(0.060671,0.259444)
 1350: vel based on 2 pos: (-0.547494,0.329617)
 1350: direction old: 147.777803, new: 142.674902
 1551: Received coach message: online_coach_left (advice (0 (true) (do our {1} (home (pt -20 -10))) (do our {2} (home (pt -12 26))) (do our {3} (home (pt 0 0))) (do our {4} (home (pt -20 10))) (do our {5} (home (pt 35 -22))) (do our {6} (home (pt 12 15))) (do our {7} (home (pt 20 0))) (do our {8} (home (pt -12 -26))) (do our {9} (home (pt 0 0))) (do our {10} (home (pt 35 22))) (do our {11} (home (pt 12 -15))))))
 1551: new home position for player 0: -20 -10
 1551: new home position for player 1: -12 26
 1551: new home position for player 2: 0 0
 1551: new home position for player 3: -20 10
 1551: new home position for player 4: 35 -22
 1551: new home position for player 5: 12 15
 1551: new home position for player 6: 20 0
 1551: new home position for player 7: -12 -26
 1551: new home position for player 8: 0 0
 1551: new home position for player 9: 35 22
 1551: new home position for player 10: 12 -15
 1851: Received coach message: online_coach_left (advice (0 (true) (do our {1} (home (pt -20 -10))) (do our {2} (home (pt -12 26))) (do our {3} (home (pt 0 0))) (do our {4} (home (pt -20 10))) (do our {5} (home (pt 35 -22))) (do our {6} (home (pt 20 0))) (do our {7} (home (pt 0 0))) (do our {8} (home (pt -12 -26))) (do our {9} (home (pt 35 22))) (do our {10} (home (pt 12 15))) (do our {11} (home (pt 12 -15))))))
 1851: new home position for player 0: -20 -10
 1851: new home position for player 1: -12 26
 1851: new home position for player 2: 0 0
 1851: new home position for player 3: -20 10
 1851: new home position for player 4: 35 -22
 1851: new home position for player 5: 20 0
 1851: new home position for player 6: 0 0
 1851: new home position for player 7: -12 -26
 1851: new home position for player 8: 35 22
 1851: new home position for player 9: 12 15
 1851: new home position for player 10: 12 -15
 2151: Received coach message: online_coach_left (advice (0 (true) (do our {1} (home (pt -20 -10))) (do our {2} (home (pt -12 26))) (do our {3} (home (pt 0 0))) (do our {4} (home (pt -20 10))) (do our {5} (home (pt 12 -15))) (do our {6} (home (pt 0 0))) (do our {7} (home (pt 20 0))) (do our {8} (home (pt -12 -26))) (do our {9} (home (pt 12 15))) (do our {10} (home (pt 35 22))) (do our {11} (home (pt 35 -22))))))
 2151: new home position for player 0: -20 -10
 2151: new home position for player 1: -12 26
 2151: new home position for player 2: 0 0
 2151: new home position for player 3: -20 10
 2151: new home position for player 4: 12 -15
 2151: new home position for player 5: 0 0
 2151: new home position for player 6: 20 0
 2151: new home position for player 7: -12 -26
 2151: new home position for player 8: 12 15
 2151: new home position for player 9: 35 22
 2151: new home position for player 10: 35 -22
 2451: Received coach message: online_coach_left (advice (0 (true) (do our {1} (home (pt -12 -26))) (do our {2} (home (pt -12 26))) (do our {3} (home (pt 0 0))) (do our {4} (home (pt -20 10))) (do our {5} (home (pt 12 -15))) (do our {6} (home (pt 0 0))) (do our {7} (home (pt 20 0))) (do our {8} (home (pt -20 -10))) (do our {9} (home (pt 35 22))) (do our {10} (home (pt 12 15))) (do our {11} (home (pt 35 -22))))))
 2451: new home position for player 0: -12 -26
 2451: new home position for player 1: -12 26
 2451: new home position for player 2: 0 0
 2451: new home position for player 3: -20 10
 2451: new home position for player 4: 12 -15
 2451: new home position for player 5: 0 0
 2451: new home position for player 6: 20 0
 2451: new home position for player 7: -20 -10
 2451: new home position for player 8: 35 22
 2451: new home position for player 9: 12 15
 2451: new home position for player 10: 35 -22
 2751: Received coach message: online_coach_left (advice (0 (true) (do our {1} (home (pt -20 -10))) (do our {2} (home (pt -20 10))) (do our {3} (home (pt 0 0))) (do our {4} (home (pt -12 26))) (do our {5} (home (pt 35 -22))) (do our {6} (home (pt 12 15))) (do our {7} (home (pt 0 0))) (do our {8} (home (pt -12 -26))) (do our {9} (home (pt 35 22))) (do our {10} (home (pt 20 0))) (do our {11} (home (pt 12 -15))))))
 2751: new home position for player 0: -20 -10
 2751: new home position for player 1: -20 10
 2751: new home position for player 2: 0 0
 2751: new home position for player 3: -12 26
 2751: new home position for player 4: 35 -22
 2751: new home position for player 5: 12 15
 2751: new home position for player 6: 0 0
 2751: new home position for player 7: -12 -26
 2751: new home position for player 8: 35 22
 2751: new home position for player 9: 20 0
 2751: new home position for player 10: 12 -15
 2901: Received coach message: online_coach_left (advice (0 (true) (do our {1} (home (pt -20 -10))) (do our {2} (home (pt -12 26))) (do our {3} (home (pt 12 15))) (do our {4} (home (pt -20 10))) (do our {5} (home (pt 12 -15))) (do our {6} (home (pt 0 0))) (do our {7} (home (pt 0 0))) (do our {8} (home (pt -12 -26))) (do our {9} (home (pt 35 22))) (do our {10} (home (pt 20 0))) (do our {11} (home (pt 35 -22))))))
 2901: new home position for player 0: -20 -10
 2901: new home position for player 1: -12 26
 2901: new home position for player 2: 12 15
 2901: new home position for player 3: -20 10
 2901: new home position for player 4: 12 -15
 2901: new home position for player 5: 0 0
 2901: new home position for player 6: 0 0
 2901: new home position for player 7: -12 -26
 2901: new home position for player 8: 35 22
 2901: new home position for player 9: 20 0
 2901: new home position for player 10: 35 -22
 3000: Received coach message: online_coach_left (advice (0 (true) (do our {1} (home (pt -20 -10))) (do our {2} (home (pt 20 0))) (do our {3} (home (pt 0 0))) (do our {4} (home (pt 0 0))) (do our {5} (home (pt -12 26))) (do our {6} (home (pt -12 -26))) (do our {7} (home (pt 12 -15))) (do our {8} (home (pt 35 -22))) (do our {9} (home (pt 35 22))) (do our {10} (home (pt -20 10))) (do our {11} (home (pt 12 15))))))
 3000: new home position for player 0: -20 -10
 3000: new home position for player 1: 20 0
 3000: new home position for player 2: 0 0
 3000: new home position for player 3: 0 0
 3000: new home position for player 4: -12 26
 3000: new home position for player 5: -12 -26
 3000: new home position for player 6: 12 -15
 3000: new home position for player 7: 35 -22
 3000: new home position for player 8: 35 22
 3000: new home position for player 9: -20 10
 3000: new home position for player 10: 12 15
 3000: Received coach message: online_coach_left (advice (0 (true) (do our {1} (home (pt -20 -10))) (do our {2} (home (pt 0 0))) (do our {3} (home (pt -20 10))) (do our {4} (home (pt 0 0))) (do our {5} (home (pt -12 26))) (do our {6} (home (pt -12 -26))) (do our {7} (home (pt 12 -15))) (do our {8} (home (pt 35 -22))) (do our {9} (home (pt 35 22))) (do our {10} (home (pt 20 0))) (do our {11} (home (pt 12 15))))))
 3000: new home position for player 0: -20 -10
 3000: new home position for player 1: 0 0
 3000: new home position for player 2: -20 10
 3000: new home position for player 3: 0 0
 3000: new home position for player 4: -12 26
 3000: new home position for player 5: -12 -26
 3000: new home position for player 6: 12 -15
 3000: new home position for player 7: 35 -22
 3000: new home position for player 8: 35 22
 3000: new home position for player 9: 20 0
 3000: new home position for player 10: 12 15
 3000: Received coach message: online_coach_left (advice (0 (true) (do our {1} (home (pt -20 -10))) (do our {2} (home (pt 0 0))) (do our {3} (home (pt -20 10))) (do our {4} (home (pt 20 0))) (do our {5} (home (pt -12 26))) (do our {6} (home (pt -12 -26))) (do our {7} (home (pt 12 -15))) (do our {8} (home (pt 35 -22))) (do our {9} (home (pt 35 22))) (do our {10} (home (pt 0 0))) (do our {11} (home (pt 12 15))))))
 3000: new home position for player 0: -20 -10
 3000: new home position for player 1: 0 0
 3000: new home position for player 2: -20 10
 3000: new home position for player 3: 20 0
 3000: new home position for player 4: -12 26
 3000: new home position for player 5: -12 -26
 3000: new home position for player 6: 12 -15
 3000: new home position for player 7: 35 -22
 3000: new home position for player 8: 35 22
 3000: new home position for player 9: 0 0
 3000: new home position for player 10: 12 15
 3000: Received coach message: online_coach_left (advice (0 (true) (do our {1} (home (pt -20 -10))) (do our {2} (home (pt 0 0))) (do our {3} (home (pt -20 10))) (do our {4} (home (pt 0 0))) (do our {5} (home (pt -12 26))) (do our {6} (home (pt -12 -26))) (do our {7} (home (pt 12 -15))) (do our {8} (home (pt 35 -22))) (do our {9} (home (pt 35 22))) (do our {10} (home (pt 20 0))) (do our {11} (home (pt 12 15))))))
 3000: new home position for player 0: -20 -10
 3000: new home position for player 1: 0 0
 3000: new home position for player 2: -20 10
 3000: new home position for player 3: 0 0
 3000: new home position for player 4: -12 26
 3000: new home position for player 5: -12 -26
 3000: new home position for player 6: 12 -15
 3000: new home position for player 7: 35 -22
 3000: new home position for player 8: 35 22
 3000: new home position for player 9: 20 0
 3000: new home position for player 10: 12 15
 3000: Received coach message: online_coach_left (advice (0 (true) (do our {1} (home (pt -20 -10))) (do our {2} (home (pt 20 0))) (do our {3} (home (pt -20 10))) (do our {4} (home (pt 0 0))) (do our {5} (home (pt -12 26))) (do our {6} (home (pt -12 -26))) (do our {7} (home (pt 12 -15))) (do our {8} (home (pt 35 -22))) (do our {9} (home (pt 35 22))) (do our {10} (home (pt 0 0))) (do our {11} (home (pt 12 15))))))
 3000: new home position for player 0: -20 -10
 3000: new home position for player 1: 20 0
 3000: new home position for player 2: -20 10
 3000: new home position for player 3: 0 0
 3000: new home position for player 4: -12 26
 3000: new home position for player 5: -12 -26
 3000: new home position for player 6: 12 -15
 3000: new home position for player 7: 35 -22
 3000: new home position for player 8: 35 22
 3000: new home position for player 9: 0 0
 3000: new home position for player 10: 12 15
 3000: Received coach message: online_coach_left (advice (0 (true) (do our {1} (home (pt -20 -10))) (do our {2} (home (pt 0 0))) (do our {3} (home (pt -20 10))) (do our {4} (home (pt 20 0))) (do our {5} (home (pt -12 26))) (do our {6} (home (pt -12 -26))) (do our {7} (home (pt 12 -15))) (do our {8} (home (pt 35 -22))) (do our {9} (home (pt 35 22))) (do our {10} (home (pt 0 0))) (do our {11} (home (pt 12 15))))))
 3000: new home position for player 0: -20 -10
 3000: new home position for player 1: 0 0
 3000: new home position for player 2: -20 10
 3000: new home position for player 3: 20 0
 3000: new home position for player 4: -12 26
 3000: new home position for player 5: -12 -26
 3000: new home position for player 6: 12 -15
 3000: new home position for player 7: 35 -22
 3000: new home position for player 8: 35 22
 3000: new home position for player 9: 0 0
 3000: new home position for player 10: 12 15
 3000: Received coach message: online_coach_left (advice (0 (true) (do our {1} (home (pt -20 -10))) (do our {2} (home (pt 0 0))) (do our {3} (home (pt -20 10))) (do our {4} (home (pt 20 0))) (do our {5} (home (pt -12 26))) (do our {6} (home (pt -12 -26))) (do our {7} (home (pt 12 -15))) (do our {8} (home (pt 35 -22))) (do our {9} (home (pt 35 22))) (do our {10} (home (pt 0 0))) (do our {11} (home (pt 12 15))))))
 3000: new home position for player 0: -20 -10
 3000: new home position for player 1: 0 0
 3000: new home position for player 2: -20 10
 3000: new home position for player 3: 20 0
 3000: new home position for player 4: -12 26
 3000: new home position for player 5: -12 -26
 3000: new home position for player 6: 12 -15
 3000: new home position for player 7: 35 -22
 3000: new home position for player 8: 35 22
 3000: new home position for player 9: 0 0
 3000: new home position for player 10: 12 15
