 0: change player from message 62 -> 1
 0: changed player from message 62 -> 1
 0: change player from message 63 -> 2
 0: changed player from message 63 -> 2
 0: change player from message 64 -> 3
 0: changed player from message 64 -> 3
 0: change player from message 65 -> 4
 0: changed player from message 65 -> 4
 0: change player from message 66 -> 5
 0: changed player from message 66 -> 5
 0: change player from message 67 -> 6
 0: changed player from message 67 -> 6
 0: change player from message 68 -> 7
 0: changed player from message 68 -> 7
 0: change player from message 69 -> 8
 0: changed player from message 69 -> 8
 0: change player from message 70 -> 9
 0: changed player from message 70 -> 9
 0: change player from message 71 -> 10
 0: changed player from message 71 -> 10
(b)r: 1.262 phi: 12.082 vel: ( -1.19628, 0.0354543 ) (11,0) rel: ( 1.23404, 0.26415 ), (11,0) global: ( -11.8501, 0.453536 ), (11,0), changes: -1.7, 2 last seen:(9,0) globalposderived: (9,0)
 11: direction old: 22.911344, new: 24.416816
(b)r: 1.1 phi: 12 vel: ( -1.17406, 0.0464786 ) (11,0) rel: ( 1.07596, 0.228703 ), (11,0) global: ( -12.1174, 0.371926 ), (11,0), changes: -1.166, 30.2 last seen:(11,0) globalposderived: (11,0)
(b)r: 0.584765 phi: 93.7985 vel: ( -1.10361, 0.0436899 ) (12,0) rel: ( -0.0387391, 0.58348 ), (12,0) global: ( -13.2915, 0.418405 ), (12,0), changes: -1.166, 30.2 last seen:(11,0) globalposderived: (11,0)
 12: turnWithBall: freeze ball
 12: 2 pos: ball(-13.105765,0.408210), ball_prev(-12.117429,0.371926), agentdiff(0.176629,-0.033842)
 12: vel based on 2 pos: (-1.095067,0.065918)
 12: direction old: 133.350602, new: 121.027844
(b)r: 0.6 phi: 92 vel: ( -1.09507, 0.0659177 ) (12,0) rel: ( -0.0209397, 0.599634 ), (12,0) global: ( -13.1058, 0.40821 ), (12,0), changes: -1.166, 30.2 last seen:(12,0) globalposderived: (12,0)
 12: ball (-13.105765,0.408210), agent (-12.796493,-0.105941), to (-2.796494,-0.101081) ang 29.027844 29.027844
 12: relpos body (0.600000,92.000000), vel. ball:(-1.095067,0.065918) dist: 0.992784 (0.300000,0.085000,0.607784)
 12: point good, but reposition ball since need 161.296117
 12: (kick 90.566672 -39.302328), vecDesired (0.790792,-0.275933) 0.000000 posDes(-12.314973,0.132276)
(b)r: 0.658822 phi: 95.6104 vel: ( -0.0154466, 0.0270492 ) (13,0) rel: ( -0.0644085, 0.655666 ), (13,0) global: ( -13.1222, 0.436985 ), (13,0), changes: -1.166, 30.2 last seen:(12,0) globalposderived: (12,0)
 13: turnWithBall: turn since ball will be kickable in t+1
(b)r: 0.703387 phi: 125.514 vel: ( -0.0145198, 0.0254263 ) (14,0) rel: ( -0.408596, 0.57254 ), (14,0) global: ( -13.1376, 0.464035 ), (14,0), changes: -1.166, 30.2 last seen:(12,0) globalposderived: (12,0)
 14: ball (-13.137644,0.464035), agent (-12.723351,-0.104397), to (-2.723850,-0.004531) ang 0.572197 0.572197
 14: relpos body (0.703387,125.513740), vel. ball:(-0.014520,0.025426) dist: 0.992784 (0.300000,0.085000,0.607784)
 14: point good and can reach point 64.236329
 14: 2 pos: ball(-13.285263,0.587084), ball_prev(-13.105765,0.408210), agentdiff(-0.101940,0.163820)
 14: direction old: 127.667650, new: 131.079320
(b)r: 0.7 phi: 130 vel: ( -0.0145198, 0.0254263 ) (14,0) rel: ( -0.449951, 0.536231 ), (14,0) global: ( -13.2853, 0.587084 ), (14,0), changes: -1.166, 30.2 last seen:(14,0) globalposderived: (14,0)
 14: ball (-13.285263,0.587084), agent (-12.825291,0.059424), to (-2.825300,0.073268) ang 1.079320 1.079320
 14: relpos body (0.700000,130.000000), vel. ball:(-0.014520,0.025426) dist: 0.992784 (0.300000,0.085000,0.607784)
 14: point good, but reposition ball since need 125.210998
 14: (kick 59.540011 -30.432661), vecDesired (0.952126,-0.518214) 0.000000 posDes(-12.333137,0.068870)
(b)r: 0.2 phi: 1.46109 vel: ( -0.0890555, 0.0475672 ) (15,0) rel: ( 0.199935, 0.0050996 ), (15,0) global: ( -12.6255, 0.0682885 ), (15,0), changes: -1.166, 30.2 last seen:(14,0) globalposderived: (14,0)
 15: ball (-12.625487,0.068289), agent (-12.825291,0.059424), to (-2.815307,0.073630) ang 1.079320 1.079320
 15: relpos body (0.200000,1.461085), vel. ball:(-0.089056,0.047567) dist: 0.992784 (0.300000,0.085000,0.607784)
 15: point good and can reach point 82.961939
 15: direction old: 2.540405, new: -5.920680
(b)r: 0.5 phi: -7 vel: ( 0.862658, -0.503568 ) (15,0) rel: ( 0.496273, -0.0609347 ), (15,0) global: ( -12.328, 0.00784797 ), (15,0), changes: 0.91, -47.2 last seen:(15,0) globalposderived: (15,0)
 15: ball (-12.327958,0.007848), agent (-12.825291,0.059424), to (-2.825300,0.073268) ang 1.079320 1.079320
 15: relpos body (0.500000,-7.000000), vel. ball:(0.862658,-0.503568) dist: 0.992784 (0.300000,0.085000,0.607784)
 15: point good and can reach point 60.632012
(b)r: 1.84736 phi: -0.0773518 vel: ( -1.69578, 0.227535 ) (45,0) rel: ( 1.84736, -0.00249402 ), (45,0) global: ( 1.31387, -2.79001 ), (45,0), changes: -1.886, 6 last seen:(44,0) globalposderived: (44,0)
 45: direction old: 25.321772, new: 14.654081
(b)r: 1.6 phi: -1 vel: ( -1.48078, 0.237645 ) (45,0) rel: ( 1.59976, -0.0279239 ), (45,0) global: ( 1.1052, -3.21641 ), (45,0), changes: -1.6, 12.6 last seen:(45,0) globalposderived: (45,0)
(b)r: 0.2 phi: 45.2667 vel: ( 0.139194, -0.0223387 ) (46,0) rel: ( 0.140762, 0.142078 ), (46,0) global: ( -0.268517, -2.93783 ), (46,0), changes: -1.6, 12.6 last seen:(45,0) globalposderived: (45,0)
 46: ball (-0.268517,-2.937832), agent (-0.081702,-2.866417), to (10.229977,-4.291678) ang 65.654081 155.654081
 46: relpos body (0.200000,135.266704), vel. ball:(0.139194,-0.022339) dist: 0.992784 (0.300000,0.085000,0.607784)
 46: point good and can reach point 90.712509
 47: 2 pos: ball(1.588327,-3.134443), ball_prev(1.105204,-3.216406), agentdiff(-0.093631,0.053402)
 47: direction old: -9.386404, new: -9.586571
(b)r: 1.8 phi: -165 vel: ( 2.1473, -0.245253 ) (47,0) rel: ( -1.73867, -0.465874 ), (47,0) global: ( 1.58833, -3.13444 ), (47,0), changes: -1.6, 12.6 last seen:(47,0) globalposderived: (47,0)
 151: Received coach message: online_coach_left (advice (0 (true) (do our {1} (home (pt 0 0))) (do our {2} (home (pt -12 26))) (do our {3} (home (pt -20 10))) (do our {4} (home (pt -20 -10))) (do our {5} (home (pt -12 -26))) (do our {6} (home (pt 0 0))) (do our {7} (home (pt 35 22))) (do our {8} (home (pt 12 -15))) (do our {9} (home (pt 20 0))) (do our {10} (home (pt 12 15))) (do our {11} (home (pt 35 -22))))))
 151: new home position for player 0: 0 0
 151: new home position for player 1: -12 26
 151: new home position for player 2: -20 10
 151: new home position for player 3: -20 -10
 151: new home position for player 4: -12 -26
 151: new home position for player 5: 0 0
 151: new home position for player 6: 35 22
 151: new home position for player 7: 12 -15
 151: new home position for player 8: 20 0
 151: new home position for player 9: 12 15
 151: new home position for player 10: 35 -22
 351: Received coach message: online_coach_left (advice (0 (true) (do our {1} (home (pt -20 10))) (do our {2} (home (pt -12 26))) (do our {3} (home (pt 0 0))) (do our {4} (home (pt -20 -10))) (do our {5} (home (pt -12 -26))) (do our {6} (home (pt 20 0))) (do our {7} (home (pt 35 22))) (do our {8} (home (pt 12 -15))) (do our {9} (home (pt 0 0))) (do our {10} (home (pt 12 15))) (do our {11} (home (pt 35 -22))))))
 351: new home position for player 0: -20 10
 351: new home position for player 1: -12 26
 351: new home position for player 2: 0 0
 351: new home position for player 3: -20 -10
 351: new home position for player 4: -12 -26
 351: new home position for player 5: 20 0
 351: new home position for player 6: 35 22
 351: new home position for player 7: 12 -15
 351: new home position for player 8: 0 0
 351: new home position for player 9: 12 15
 351: new home position for player 10: 35 -22
 366: direction old: -53.774705, new: -53.442046
 368: direction old: -116.061372, new: -118.690376
(b)r: 1.06014 phi: -40.9096 vel: ( -1.21163, -1.54737 ) (559,0) rel: ( 0.801197, -0.694254 ), (559,0) global: ( 0.70885, 11.2804 ), (559,0), changes: -2.16, -13.7 last seen:(558,0) globalposderived: (558,0)
(b)r: 1.7969 phi: -81.2001 vel: ( -1.13893, -1.45453 ) (560,0) rel: ( 0.274897, -1.77574 ), (560,0) global: ( -0.502782, 9.73299 ), (560,0), changes: -2.16, -13.7 last seen:(558,0) globalposderived: (558,0)
 560: 2 pos: ball(-0.440444,9.639674), ball_prev(1.997820,12.926502), agentdiff(-0.038693,-0.079678)
 560: direction old: -96.634755, new: -94.319918
(b)r: 1.8 phi: -84 vel: ( -1.09292, -1.46074 ) (560,0) rel: ( 0.188151, -1.79014 ), (560,0) global: ( -0.440444, 9.63967 ), (560,0), changes: -2.16, -13.7 last seen:(560,0) globalposderived: (560,0)
 651: Received coach message: online_coach_left (advice (0 (true) (do our {1} (home (pt -20 -10))) (do our {2} (home (pt -12 26))) (do our {3} (home (pt -20 10))) (do our {4} (home (pt 0 0))) (do our {5} (home (pt -12 -26))) (do our {6} (home (pt 20 0))) (do our {7} (home (pt 35 22))) (do our {8} (home (pt 12 -15))) (do our {9} (home (pt 0 0))) (do our {10} (home (pt 12 15))) (do our {11} (home (pt 35 -22))))))
 651: new home position for player 0: -20 -10
 651: new home position for player 1: -12 26
 651: new home position for player 2: -20 10
 651: new home position for player 3: 0 0
 651: new home position for player 4: -12 -26
 651: new home position for player 5: 20 0
 651: new home position for player 6: 35 22
 651: new home position for player 7: 12 -15
 651: new home position for player 8: 0 0
 651: new home position for player 9: 12 15
 651: new home position for player 10: 35 -22
 701: Received coach message: online_coach_left (advice (0 (true) (do our {1} (home (pt -20 -10))) (do our {2} (home (pt -12 26))) (do our {3} (home (pt -20 10))) (do our {4} (home (pt 0 0))) (do our {5} (home (pt 0 0))) (do our {6} (home (pt -12 -26))) (do our {7} (home (pt 35 22))) (do our {8} (home (pt 12 -15))) (do our {9} (home (pt 20 0))) (do our {10} (home (pt 12 15))) (do our {11} (home (pt 35 -22))))))
 701: new home position for player 0: -20 -10
 701: new home position for player 1: -12 26
 701: new home position for player 2: -20 10
 701: new home position for player 3: 0 0
 701: new home position for player 4: 0 0
 701: new home position for player 5: -12 -26
 701: new home position for player 6: 35 22
 701: new home position for player 7: 12 -15
 701: new home position for player 8: 20 0
 701: new home position for player 9: 12 15
 701: new home position for player 10: 35 -22
 801: Received coach message: online_coach_left (advice (0 (true) (do our {1} (home (pt -20 -10))) (do our {2} (home (pt -12 26))) (do our {3} (home (pt -20 10))) (do our {4} (home (pt 0 0))) (do our {5} (home (pt 0 0))) (do our {6} (home (pt -12 -26))) (do our {7} (home (pt 35 22))) (do our {8} (home (pt 12 -15))) (do our {9} (home (pt 20 0))) (do our {10} (home (pt 12 15))) (do our {11} (home (pt 35 -22))))))
 801: new home position for player 0: -20 -10
 801: new home position for player 1: -12 26
 801: new home position for player 2: -20 10
 801: new home position for player 3: 0 0
 801: new home position for player 4: 0 0
 801: new home position for player 5: -12 -26
 801: new home position for player 6: 35 22
 801: new home position for player 7: 12 -15
 801: new home position for player 8: 20 0
 801: new home position for player 9: 12 15
 801: new home position for player 10: 35 -22
 901: Received coach message: online_coach_left (advice (0 (true) (do our {1} (home (pt -20 -10))) (do our {2} (home (pt -12 26))) (do our {3} (home (pt -20 10))) (do our {4} (home (pt 0 0))) (do our {5} (home (pt -12 -26))) (do our {6} (home (pt 0 0))) (do our {7} (home (pt 12 15))) (do our {8} (home (pt 12 -15))) (do our {9} (home (pt 20 0))) (do our {10} (home (pt 35 22))) (do our {11} (home (pt 35 -22))))))
 901: new home position for player 0: -20 -10
 901: new home position for player 1: -12 26
 901: new home position for player 2: -20 10
 901: new home position for player 3: 0 0
 901: new home position for player 4: -12 -26
 901: new home position for player 5: 0 0
 901: new home position for player 6: 12 15
 901: new home position for player 7: 12 -15
 901: new home position for player 8: 20 0
 901: new home position for player 9: 35 22
 901: new home position for player 10: 35 -22
 1044: Received coach message: online_coach_left (advice (0 (true) (do our {1} (home (pt -12 -26))) (do our {2} (home (pt 0 0))) (do our {3} (home (pt -20 10))) (do our {4} (home (pt -20 -10))) (do our {5} (home (pt 20 0))) (do our {6} (home (pt -12 26))) (do our {7} (home (pt 35 22))) (do our {8} (home (pt 12 -15))) (do our {9} (home (pt 0 0))) (do our {10} (home (pt 12 15))) (do our {11} (home (pt 35 -22))))))
 1044: new home position for player 0: -12 -26
 1044: new home position for player 1: 0 0
 1044: new home position for player 2: -20 10
 1044: new home position for player 3: -20 -10
 1044: new home position for player 4: 20 0
 1044: new home position for player 5: -12 26
 1044: new home position for player 6: 35 22
 1044: new home position for player 7: 12 -15
 1044: new home position for player 8: 0 0
 1044: new home position for player 9: 12 15
 1044: new home position for player 10: 35 -22
 1101: Received coach message: online_coach_left (advice (0 (true) (do our {1} (home (pt -20 10))) (do our {2} (home (pt 0 0))) (do our {3} (home (pt -12 26))) (do our {4} (home (pt -20 -10))) (do our {5} (home (pt 20 0))) (do our {6} (home (pt -12 -26))) (do our {7} (home (pt 35 22))) (do our {8} (home (pt 12 -15))) (do our {9} (home (pt 0 0))) (do our {10} (home (pt 12 15))) (do our {11} (home (pt 35 -22))))))
 1101: new home position for player 0: -20 10
 1101: new home position for player 1: 0 0
 1101: new home position for player 2: -12 26
 1101: new home position for player 3: -20 -10
 1101: new home position for player 4: 20 0
 1101: new home position for player 5: -12 -26
 1101: new home position for player 6: 35 22
 1101: new home position for player 7: 12 -15
 1101: new home position for player 8: 0 0
 1101: new home position for player 9: 12 15
 1101: new home position for player 10: 35 -22
 1188: 2 pos: ball(0.889635,-15.498318), ball_prev(1.575360,-15.657008), agentdiff(-0.014175,-0.049577)
 1188: vel based on 2 pos: (-0.631256,0.195771)
 1188: direction old: -63.038079, new: -62.616362
(b)r: 1.65423 phi: -58.8646 vel: ( -0.593381, 0.184025 ) (1189,0) rel: ( 0.855341, -1.41594 ), (1189,0) global: ( 0.258379, -15.3025 ), (1189,0), changes: -0.66, -5.6 last seen:(1188,0) globalposderived: (1188,0)
(b)r: 1.39728 phi: -63.0381 vel: ( -0.557778, 0.172983 ) (1190,0) rel: ( 0.633522, -1.24541 ), (1190,0) global: ( -0.335002, -15.1185 ), (1190,0), changes: -0.66, -5.6 last seen:(1188,0) globalposderived: (1188,0)
 1190: 2 pos: ball(-0.176003,-15.499352), ball_prev(0.889635,-15.498318), agentdiff(-0.031874,0.039812)
 1190: direction old: -97.753937, new: -91.088590
(b)r: 1.8 phi: -55 vel: ( -0.470843, -0.0186043 ) (1190,0) rel: ( 1.03244, -1.47447 ), (1190,0) global: ( -0.176003, -15.4994 ), (1190,0), changes: -0.66, -5.6 last seen:(1190,0) globalposderived: (1190,0)
(b)r: 1.86463 phi: -55.8995 vel: ( -0.442592, -0.0174881 ) (1191,0) rel: ( 1.0454, -1.54402 ), (1191,0) global: ( -0.646846, -15.518 ), (1191,0), changes: -0.66, -5.6 last seen:(1190,0) globalposderived: (1190,0)
 1191: 2 pos: ball(-0.648626,-15.450182), ball_prev(-0.176003,-15.499352), agentdiff(-0.000037,-0.000005)
 1191: vel based on 2 pos: (-0.444230,0.046224)
 1191: direction old: -105.810039, new: -106.452319
(b)r: 1.8 phi: -56 vel: ( -0.44423, 0.0462245 ) (1191,0) rel: ( 1.00655, -1.49227 ), (1191,0) global: ( -0.648626, -15.4502 ), (1191,0), changes: -0.66, -5.6 last seen:(1191,0) globalposderived: (1191,0)
(b)r: 1.93205 phi: -53.2768 vel: ( -0.417576, 0.043451 ) (1192,0) rel: ( 1.15527, -1.5486 ), (1192,0) global: ( -1.09286, -15.404 ), (1192,0), changes: -0.66, -5.6 last seen:(1191,0) globalposderived: (1191,0)
 1193: 2 pos: ball(-1.512295,-15.451203), ball_prev(-0.648626,-15.450182), agentdiff(0.074189,-0.070726)
 1193: direction old: -132.716126, new: -131.149247
 1194: direction old: -130.557697, new: -138.600966
 1196: direction old: -155.402448, new: -147.440816
 1197: direction old: -145.791466, new: -151.697392
(b)r: 1.78841 phi: 0.480347 vel: ( -0.255066, 0.0453284 ) (1199,0) rel: ( 1.78835, 0.0149932 ), (1199,0) global: ( -3.71795, -14.968 ), (1199,0), changes: 0.2, -4.1 last seen:(1197,0) globalposderived: (1197,0)
 1199: direction old: -157.666514, new: -153.846872
(b)r: 1.98716 phi: -14.6 vel: ( -0.269867, 0.0277835 ) (1200,0) rel: ( 1.92299, -0.500901 ), (1200,0) global: ( -4.14571, -15.1402 ), (1200,0), changes: -0.04, -2.8 last seen:(1199,0) globalposderived: (1199,0)
 1200: direction old: -156.238965, new: -155.623460
(b)r: 1.65196 phi: -19.0369 vel: ( -0.249885, 0.025907 ) (1201,0) rel: ( 1.56161, -0.538831 ), (1201,0) global: ( -4.41424, -15.1373 ), (1201,0), changes: 0.12, -3.1 last seen:(1200,0) globalposderived: (1200,0)
(b)r: 1.17862 phi: -0.20665 vel: ( -0.234892, 0.0243526 ) (1202,0) rel: ( 1.17861, -0.00425096 ), (1202,0) global: ( -4.66413, -15.1114 ), (1202,0), changes: 0.12, -3.1 last seen:(1200,0) globalposderived: (1200,0)
 1202: direction old: -176.324850, new: -173.769907
(b)r: 1.1 phi: -3 vel: ( -0.23533, 0.0224283 ) (1202,0) rel: ( 1.09849, -0.0575696 ), (1202,0) global: ( -4.46076, -15.1475 ), (1202,0), changes: -0.044, -8.5 last seen:(1202,0) globalposderived: (1202,0)
(b)r: 1.06637 phi: 51.2694 vel: ( -0.221211, 0.0210826 ) (1203,0) rel: ( 0.667182, 0.831867 ), (1203,0) global: ( -4.69609, -15.1251 ), (1203,0), changes: -0.044, -8.5 last seen:(1202,0) globalposderived: (1202,0)
 1203: 2 pos: ball(-5.059028,-15.153631), ball_prev(-4.460756,-15.147510), agentdiff(-0.329197,-0.025030)
 1203: vel based on 2 pos: (-0.252930,0.017774)
 1203: direction old: 175.611387, new: 178.541962
(b)r: 1.1 phi: 51 vel: ( -0.25293, 0.0177742 ) (1203,0) rel: ( 0.692252, 0.854861 ), (1203,0) global: ( -5.05903, -15.1536 ), (1203,0), changes: -0.044, -8.5 last seen:(1203,0) globalposderived: (1203,0)
(b)r: 0.743739 phi: 50.9466 vel: ( -0.237754, 0.0167077 ) (1204,0) rel: ( 0.468588, 0.577557 ), (1204,0) global: ( -5.31196, -15.1359 ), (1204,0), changes: -0.044, -8.5 last seen:(1203,0) globalposderived: (1203,0)
 1204: turnWithBall: turn since ball will be kickable in t+1
(b)r: 0.763955 phi: 135.665 vel: ( -0.223489, 0.0157053 ) (1205,0) rel: ( -0.546436, 0.533887 ), (1205,0) global: ( -5.54971, -15.1191 ), (1205,0), changes: -0.044, -8.5 last seen:(1203,0) globalposderived: (1203,0)
 1205: turnWithBall: freeze ball
 1205: 2 pos: ball(-5.137425,-14.999883), ball_prev(-5.059028,-15.153631), agentdiff(0.346201,0.069917)
 1205: direction old: -176.678400, new: 175.507012
(b)r: 0.7 phi: 123 vel: ( -0.223489, 0.0157053 ) (1205,0) rel: ( -0.381247, 0.587069 ), (1205,0) global: ( -5.13742, -14.9999 ), (1205,0), changes: -0.044, -8.5 last seen:(1205,0) globalposderived: (1205,0)
 1205: turnWithBall: freeze ball
(b)r: 0.7183 phi: 122.861 vel: ( -0.0170186, 0.00297856 ) (1206,0) rel: ( -0.389753, 0.603363 ), (1206,0) global: ( -5.15553, -14.9967 ), (1206,0), changes: -0.044, -8.5 last seen:(1205,0) globalposderived: (1205,0)
 1206: turnWithBall: turn since ball will be kickable in t+1
 1206: 2 pos: ball(-5.126437,-15.113278), ball_prev(-5.137425,-14.999883), agentdiff(-0.188346,-0.097064)
 1206: direction old: 163.621465, new: 175.583331
(b)r: 0.5 phi: 123 vel: ( -0.0170186, 0.00297856 ) (1206,0) rel: ( -0.27232, 0.419335 ), (1206,0) global: ( -5.12644, -15.1133 ), (1206,0), changes: -0.044, -8.5 last seen:(1206,0) globalposderived: (1206,0)
 1206: turnWithBall: turn since ball will be kickable in t+1
(b)r: 0.5172 phi: -139.677 vel: ( -0.0159975, 0.00279984 ) (1207,0) rel: ( -0.394317, -0.33468 ), (1207,0) global: ( -5.14346, -15.1103 ), (1207,0), changes: -0.044, -8.5 last seen:(1206,0) globalposderived: (1206,0)
 1207: ball (-5.143456,-15.110300), agent (-4.627922,-15.151783), to (5.372069,-15.138463) ang 0.076319 -44.923681
 1207: relpos body (0.517200,175.323213), vel. ball:(-0.015998,0.002800) dist: 0.992784 (0.300000,0.085000,0.607784)
 1207: point good and can reach point 63.564489
(b)r: 0.664355 phi: 48.8831 vel: ( 1.10761, 0.00412723 ) (1208,0) rel: ( 0.436878, 0.500505 ), (1208,0) global: ( -3.96515, -15.1059 ), (1208,0), changes: -0.044, -8.5 last seen:(1206,0) globalposderived: (1206,0)
 1208: ball (-3.965153,-15.105909), agent (-4.627922,-15.151783), to (5.372069,-15.138463) ang 0.076319 -44.923681
 1208: relpos body (0.664355,3.883109), vel. ball:(1.107605,0.004127) dist: 0.992784 (0.300000,0.085000,0.607784)
 1208: point good and can reach point 0.541218
 1208: 2 pos: ball(-4.638643,-15.151682), ball_prev(-5.126437,-15.113278), agentdiff(-0.402648,-0.079855)
 1208: direction old: 6.730266, new: 11.530444
(b)r: 0.4 phi: 52 vel: ( 1.10761, 0.00412723 ) (1208,0) rel: ( 0.246265, 0.315204 ), (1208,0) global: ( -4.63864, -15.1517 ), (1208,0), changes: -0.044, -8.5 last seen:(1208,0) globalposderived: (1208,0)
 1208: ball (-4.638643,-15.151682), agent (-5.030570,-15.231637), to (4.938185,-14.441749) ang 4.530444 -40.469556
 1208: relpos body (0.400000,7.000000), vel. ball:(1.107605,0.004127) dist: 0.992784 (0.300000,0.085000,0.607784)
 1208: point good and can reach point 2.965984
(b)r: 1.50189 phi: 48.2094 vel: ( 0, 0 ) (1209,0) rel: ( 1.00087, 1.11979 ), (1209,0) global: ( -3.53104, -15.1476 ), (1209,0), changes: -0.044, -8.5 last seen:(1208,0) globalposderived: (1208,0)
 1209: 2 pos: ball(-4.201929,-15.057059), ball_prev(-4.638643,-15.151682), agentdiff(0.433185,0.114457)
 1209: vel based on 2 pos: (0.003317,-0.018644)
 1209: direction old: -1.631601, new: 8.644505
(b)r: 0.4 phi: 54 vel: ( 0.00331681, -0.0186441 ) (1209,0) rel: ( 0.235114, 0.323607 ), (1209,0) global: ( -4.20193, -15.0571 ), (1209,0), changes: -0.044, -8.5 last seen:(1209,0) globalposderived: (1209,0)
 1209: ball (-4.201929,-15.057059), agent (-4.597385,-15.117180), to (5.402423,-15.179226) ang -0.355495 -45.355495
 1209: relpos body (0.400000,9.000000), vel. ball:(0.003317,-0.018644) dist: 0.992784 (0.300000,0.085000,0.607784)
 1209: point good and can reach point 42.053921
(b)r: 0.2 phi: 151.147 vel: ( 0, 0 ) (1210,0) rel: ( -0.175172, 0.0965137 ), (1210,0) global: ( -4.28256, -15.0376 ), (1210,0), changes: -0.044, -8.5 last seen:(1209,0) globalposderived: (1209,0)
 1210: ball (-4.282562,-15.037596), agent (-4.100446,-15.120264), to (5.896402,-14.869233) ang 1.438449 4.438449
 1210: relpos body (0.200000,154.146725), vel. ball:(0.000000,0.000000) dist: 0.992784 (0.300000,0.085000,0.607784)
 1210: point good and can reach point 48.021436
(b)r: 0.941223 phi: 2.31665 vel: ( 1.0498, 0.0263614 ) (1211,0) rel: ( 0.940454, 0.0380462 ), (1211,0) global: ( -3.16576, -15.0096 ), (1211,0), changes: -0.044, -8.5 last seen:(1209,0) globalposderived: (1209,0)
 1211: ball (-3.165757,-15.009552), agent (-4.100446,-15.120264), to (3.337196,-22.281834) ang 1.438449 4.438449
 1211: relpos body (0.941223,5.316646), vel. ball:(1.049796,0.026361) dist: 0.992784 (0.300000,0.085000,0.607784)
 1211: point good and can reach point 88.318470
 1211: 2 pos: ball(-4.489648,-14.929527), ball_prev(-4.201929,-15.057059), agentdiff(-0.106499,-0.092246)
 1211: direction old: 11.030316, new: 134.971528
(b)r: 0.4 phi: 131 vel: ( 1.0498, 0.0263614 ) (1211,0) rel: ( -0.262424, 0.301884 ), (1211,0) global: ( -4.48965, -14.9295 ), (1211,0), changes: -0.044, -8.5 last seen:(1211,0) globalposderived: (1211,0)
 1211: ball (-4.489648,-14.929527), agent (-4.206946,-15.212510), to (5.791617,-15.042955) ang 0.971528 3.971528
 1211: relpos body (0.400000,134.000000), vel. ball:(1.049796,0.026361) dist: 0.992784 (0.300000,0.085000,0.607784)
 1211: point good and can reach point 6.631352
(b)r: 0.934955 phi: 13.1606 vel: ( 1.1056, -0.00711395 ) (1212,0) rel: ( 0.910399, 0.212871 ), (1212,0) global: ( -3.31348, -14.9371 ), (1212,0), changes: -0.044, -8.5 last seen:(1211,0) globalposderived: (1211,0)
 1212: ball (-3.313477,-14.937095), agent (-4.206946,-15.212510), to (5.791617,-15.042955) ang 0.971528 3.971528
 1212: relpos body (0.934955,16.160584), vel. ball:(1.105601,-0.007114) dist: 0.992784 (0.300000,0.085000,0.607784)
 1212: point good and can reach point 2.726552
 1212: 2 pos: ball(-4.430458,-14.880784), ball_prev(-4.489648,-14.929527), agentdiff(-0.000000,0.000000)
 1212: vel based on 2 pos: (0.055638,0.045818)
 1212: direction old: 17.132112, new: 123.971528
(b)r: 0.4 phi: 120 vel: ( 0.0556384, 0.0458183 ) (1212,0) rel: ( -0.2, 0.34641 ), (1212,0) global: ( -4.43046, -14.8808 ), (1212,0), changes: -0.044, -8.5 last seen:(1212,0) globalposderived: (1212,0)
 1212: ball (-4.430458,-14.880784), agent (-4.206946,-15.212510), to (5.791617,-15.042955) ang 0.971528 3.971528
 1212: relpos body (0.400000,123.000000), vel. ball:(0.055638,0.045818) dist: 0.992784 (0.300000,0.085000,0.607784)
 1212: point good and can reach point 47.872750
(b)r: 0.756658 phi: 146.076 vel: ( 0, 0 ) (1213,0) rel: ( -0.627858, 0.422287 ), (1213,0) global: ( -4.37482, -14.835 ), (1213,0), changes: -0.044, -8.5 last seen:(1212,0) globalposderived: (1212,0)
 1213: ball (-4.374820,-14.834966), agent (-3.719222,-15.212752), to (6.279341,-15.043197) ang 0.971528 3.971528
 1213: relpos body (0.756658,149.075869), vel. ball:(0.000000,0.000000) dist: 0.992784 (0.300000,0.085000,0.607784)
 1213: point good and can reach point 68.799423
(b)r: 0.487294 phi: 44.2872 vel: ( 1.10449, -0.019828 ) (1214,0) rel: ( 0.348829, 0.340256 ), (1214,0) global: ( -3.19983, -14.8561 ), (1214,0), changes: -0.044, -8.5 last seen:(1212,0) globalposderived: (1212,0)
 1214: ball (-3.199830,-14.856059), agent (-3.524254,-15.219658), to (6.474308,-15.050102) ang 0.971528 3.971528
 1214: relpos body (0.487294,47.287187), vel. ball:(1.104491,-0.019828) dist: 0.992784 (0.300000,0.085000,0.607784)
 1214: point good and can reach point 0.547751
 1214: 2 pos: ball(-4.659272,-14.786999), ball_prev(-4.430458,-14.880784), agentdiff(-0.157294,0.222762)
 1214: direction old: 16.296935, new: 167.883679
(b)r: 1 phi: 164 vel: ( 0, 0 ) (1214,0) rel: ( -0.961262, 0.275637 ), (1214,0) global: ( -4.65927, -14.787 ), (1214,0), changes: -0.044, -8.5 last seen:(1214,0) globalposderived: (1214,0)
(b)r: 0.609086 phi: 66.8537 vel: ( 0, 0 ) (1215,0) rel: ( 0.239419, 0.560057 ), (1215,0) global: ( -4.65927, -14.787 ), (1215,0), changes: -0.044, -8.5 last seen:(1214,0) globalposderived: (1214,0)
 1215: ball (-4.659272,-14.786999), agent (-4.095589,-15.017752), to (5.903221,-14.863527) ang 0.883679 90.883679
 1215: relpos body (0.609086,156.853749), vel. ball:(0.000000,0.000000) dist: 0.992784 (0.300000,0.085000,0.607784)
 1215: point good and can reach point 63.823911
 1215: 2 pos: ball(-4.365283,-15.140144), ball_prev(-4.659272,-14.786999), agentdiff(0.112999,-0.238779)
 1215: vel based on 2 pos: (0.170130,-0.107505)
 1215: direction old: 145.244247, new: 163.084207
(b)r: 0.4 phi: 73 vel: ( 0.17013, -0.107505 ) (1215,0) rel: ( 0.116949, 0.382522 ), (1215,0) global: ( -4.36528, -15.1401 ), (1215,0), changes: -0.044, -8.5 last seen:(1215,0) globalposderived: (1215,0)
 1215: ball (-4.365283,-15.140144), agent (-3.982590,-15.256531), to (6.017399,-15.241834) ang 0.084207 90.084207
 1215: relpos body (0.400000,163.000000), vel. ball:(0.170130,-0.107505) dist: 0.992784 (0.300000,0.085000,0.607784)
 1215: point good and can reach point 49.385260
(b)r: 1.26342 phi: -90.8865 vel: ( 1.38686, -0.120667 ) (1216,0) rel: ( -0.0195462, -1.26327 ), (1216,0) global: ( -2.8899, -15.2685 ), (1216,0), changes: -0.044, -8.5 last seen:(1215,0) globalposderived: (1215,0)
 1217: 2 pos: ball(-1.535719,-15.303120), ball_prev(-4.365283,-15.140144), agentdiff(-0.008038,0.031515)
 1217: direction old: -3.636955, new: -1.858065
 1251: Received coach message: online_coach_left (advice (0 (true) (do our {1} (home (pt -20 -10))) (do our {2} (home (pt -12 26))) (do our {3} (home (pt -20 10))) (do our {4} (home (pt 0 0))) (do our {5} (home (pt 20 0))) (do our {6} (home (pt -12 -26))) (do our {7} (home (pt 35 22))) (do our {8} (home (pt 12 -15))) (do our {9} (home (pt 0 0))) (do our {10} (home (pt 12 15))) (do our {11} (home (pt 35 -22))))))
 1251: new home position for player 0: -20 -10
 1251: new home position for player 1: -12 26
 1251: new home position for player 2: -20 10
 1251: new home position for player 3: 0 0
 1251: new home position for player 4: 20 0
 1251: new home position for player 5: -12 -26
 1251: new home position for player 6: 35 22
 1251: new home position for player 7: 12 -15
 1251: new home position for player 8: 0 0
 1251: new home position for player 9: 12 15
 1251: new home position for player 10: 35 -22
 1401: Received coach message: online_coach_left (advice (0 (true) (do our {1} (home (pt -20 -10))) (do our {2} (home (pt -12 26))) (do our {3} (home (pt -20 10))) (do our {4} (home (pt 20 0))) (do our {5} (home (pt -12 -26))) (do our {6} (home (pt 0 0))) (do our {7} (home (pt 35 22))) (do our {8} (home (pt 12 -15))) (do our {9} (home (pt 0 0))) (do our {10} (home (pt 12 15))) (do our {11} (home (pt 35 -22))))))
 1401: new home position for player 0: -20 -10
 1401: new home position for player 1: -12 26
 1401: new home position for player 2: -20 10
 1401: new home position for player 3: 20 0
 1401: new home position for player 4: -12 -26
 1401: new home position for player 5: 0 0
 1401: new home position for player 6: 35 22
 1401: new home position for player 7: 12 -15
 1401: new home position for player 8: 0 0
 1401: new home position for player 9: 12 15
 1401: new home position for player 10: 35 -22
 1501: Received coach message: online_coach_left (advice (0 (true) (do our {1} (home (pt -20 -10))) (do our {2} (home (pt -12 26))) (do our {3} (home (pt -20 10))) (do our {4} (home (pt 0 0))) (do our {5} (home (pt 20 0))) (do our {6} (home (pt -12 -26))) (do our {7} (home (pt 12 15))) (do our {8} (home (pt 12 -15))) (do our {9} (home (pt 0 0))) (do our {10} (home (pt 35 22))) (do our {11} (home (pt 35 -22))))))
 1501: new home position for player 0: -20 -10
 1501: new home position for player 1: -12 26
 1501: new home position for player 2: -20 10
 1501: new home position for player 3: 0 0
 1501: new home position for player 4: 20 0
 1501: new home position for player 5: -12 -26
 1501: new home position for player 6: 12 15
 1501: new home position for player 7: 12 -15
 1501: new home position for player 8: 0 0
 1501: new home position for player 9: 35 22
 1501: new home position for player 10: 35 -22
 1572: direction old: 16.657717, new: 19.705605
(b)r: 1.89206 phi: -0.901462 vel: ( -0.203788, 0.137172 ) (1573,0) rel: ( 1.89182, -0.0297674 ), (1573,0) global: ( -10.1775, -20.4292 ), (1573,0), changes: -0.35, 4.5 last seen:(1572,0) globalposderived: (1572,0)
 1573: direction old: 15.780611, new: 24.553221
(b)r: 1.8 phi: 0 vel: ( -0.206795, 0.136654 ) (1573,0) rel: ( 1.8, 0 ), (1573,0) global: ( -10.4069, -20.2088 ), (1573,0), changes: -0.324, 6.4 last seen:(1573,0) globalposderived: (1573,0)
(b)r: 1.17054 phi: 0.763759 vel: ( -0.194387, 0.128455 ) (1574,0) rel: ( 1.17043, 0.0156029 ), (1574,0) global: ( -10.6137, -20.0721 ), (1574,0), changes: -0.324, 6.4 last seen:(1573,0) globalposderived: (1573,0)
(b)r: 0.643125 phi: -1.0253 vel: ( -0.182724, 0.120747 ) (1575,0) rel: ( 0.643022, -0.011508 ), (1575,0) global: ( -10.8081, -19.9437 ), (1575,0), changes: -0.324, 6.4 last seen:(1573,0) globalposderived: (1573,0)
 1575: turnWithBall: kick ball away from opp at ang -22.057835
 1575: (kick 25.457222 -165.793845), vecDesired (-0.629160,-0.258461) 131.803396 posDes(-11.437268,-20.202125)
 1575: direction old: 72.962962, new: 56.664484
(b)r: 0.7 phi: 0 vel: ( -0.187536, 0.119399 ) (1575,0) rel: ( 0.7, 0 ), (1575,0) global: ( -10.6516, -20.1035 ), (1575,0), changes: -0.182, 26.4 last seen:(1575,0) globalposderived: (1575,0)
 1575: turnWithBall: turn since ball will be kickable in t+1
(b)r: 0.2 phi: 63.5642 vel: ( 0.0176284, -0.0112235 ) (1576,0) rel: ( 0.0890388, 0.179087 ), (1576,0) global: ( -10.8526, -20.3955 ), (1576,0), changes: -0.182, 26.4 last seen:(1575,0) globalposderived: (1575,0)
 1576: ball (-10.852614,-20.395548), agent (-10.859155,-20.595441), to (-5.890691,-21.156123) ang -6.438483 24.561517
 1576: relpos body (0.200000,94.564250), vel. ball:(0.017628,-0.011224) dist: 0.992784 (0.300000,0.085000,0.607784)
 1576: point good and can reach point 31.408066
 1576: 2 pos: ball(-10.808860,-20.444071), ball_prev(-10.651613,-20.103472), agentdiff(0.037793,-0.348474)
 1576: direction old: 93.261765, new: 88.567135
(b)r: 0.5 phi: 60 vel: ( 0.0176284, -0.0112235 ) (1576,0) rel: ( 0.25, 0.433013 ), (1576,0) global: ( -10.8089, -20.4441 ), (1576,0), changes: -0.182, 26.4 last seen:(1576,0) globalposderived: (1576,0)
 1576: ball (-10.808860,-20.444071), agent (-10.821362,-20.943915), to (-0.168519,-23.685615) ang -2.432865 28.567135
 1576: relpos body (0.500000,91.000000), vel. ball:(0.017628,-0.011224) dist: 0.992784 (0.300000,0.085000,0.607784)
 1576: point good and can reach point 109.550452
(b)r: 0.848015 phi: 3.25994 vel: ( 0.665527, -0.0494788 ) (1577,0) rel: ( 0.846642, 0.0482232 ), (1577,0) global: ( -10.1009, -20.4967 ), (1577,0), changes: -0.182, 26.4 last seen:(1576,0) globalposderived: (1576,0)
 1577: ball (-10.100852,-20.496708), agent (-10.821362,-20.943915), to (-0.177216,-23.690549) ang -2.432865 28.567135
 1577: relpos body (0.848015,34.259938), vel. ball:(0.665527,-0.049479) dist: 0.992784 (0.300000,0.085000,0.607784)
 1577: point good and can reach point 81.419668
 1578: direction old: -6.775223, new: 1.521847
 1651: Received coach message: online_coach_left (advice (0 (true) (do our {1} (home (pt -20 -10))) (do our {2} (home (pt -12 26))) (do our {3} (home (pt -20 10))) (do our {4} (home (pt 0 0))) (do our {5} (home (pt 20 0))) (do our {6} (home (pt -12 -26))) (do our {7} (home (pt 0 0))) (do our {8} (home (pt 12 -15))) (do our {9} (home (pt 35 22))) (do our {10} (home (pt 12 15))) (do our {11} (home (pt 35 -22))))))
 1651: new home position for player 0: -20 -10
 1651: new home position for player 1: -12 26
 1651: new home position for player 2: -20 10
 1651: new home position for player 3: 0 0
 1651: new home position for player 4: 20 0
 1651: new home position for player 5: -12 -26
 1651: new home position for player 6: 0 0
 1651: new home position for player 7: 12 -15
 1651: new home position for player 8: 35 22
 1651: new home position for player 9: 12 15
 1651: new home position for player 10: 35 -22
 1846: direction old: -120.745890, new: -120.527086
 1848: direction old: -116.039297, new: -115.613023
 1849: direction old: -113.966512, new: -114.094743
 1851: direction old: -108.833820, new: -113.180556
 1851: Received coach message: online_coach_left (advice (0 (true) (do our {1} (home (pt -20 -10))) (do our {2} (home (pt -12 26))) (do our {3} (home (pt -20 10))) (do our {4} (home (pt 0 0))) (do our {5} (home (pt 0 0))) (do our {6} (home (pt -12 -26))) (do our {7} (home (pt 20 0))) (do our {8} (home (pt 12 -15))) (do our {9} (home (pt 12 15))) (do our {10} (home (pt 35 22))) (do our {11} (home (pt 35 -22))))))
 1851: new home position for player 0: -20 -10
 1851: new home position for player 1: -12 26
 1851: new home position for player 2: -20 10
 1851: new home position for player 3: 0 0
 1851: new home position for player 4: 0 0
 1851: new home position for player 5: -12 -26
 1851: new home position for player 6: 20 0
 1851: new home position for player 7: 12 -15
 1851: new home position for player 8: 12 15
 1851: new home position for player 9: 35 22
 1851: new home position for player 10: 35 -22
(b)r: 1.89301 phi: 26.2783 vel: ( -1.56412, 0.268029 ) (1953,0) rel: ( 1.69738, 0.838097 ), (1953,0) global: ( -3.40948, -24.3154 ), (1953,0), changes: -1.71, 10.9 last seen:(1951,0) globalposderived: (1951,0)
 1953: direction old: 85.254474, new: 81.542247
(b)r: 1.8 phi: 25 vel: ( -1.50546, 0.274172 ) (1953,0) rel: ( 1.63135, 0.760713 ), (1953,0) global: ( -3.31401, -24.5741 ), (1953,0), changes: 0.036, 48.9 last seen:(1953,0) globalposderived: (1953,0)
 1954: 2 pos: ball(-4.966368,-23.994526), ball_prev(-3.314012,-24.574106), agentdiff(-0.188406,0.203354)
 1954: vel based on 2 pos: (-1.376113,0.353652)
 1954: direction old: 121.357205, new: 120.589838
(b)r: 1.76239 phi: -16 vel: ( 0.604721, -0.0729016 ) (2013,0) rel: ( 1.69412, -0.48578 ), (2013,0) global: ( -14.4318, -23.3399 ), (2013,0), changes: -0.66, -3.8 last seen:(2011,0) globalposderived: (2011,0)
(b)r: 1.79035 phi: -20.9277 vel: ( 0.604721, -0.0729016 ) (2013,0) rel: ( 1.67224, -0.639495 ), (2013,0) global: ( -16.2737, -22.6366 ), (2013,0), changes: -0.66, -3.8 last seen:(-1,0) globalposderived: (2011,0)
(b)r: 1.79035 phi: -20.9277 vel: ( 0, 0 ) (2014,0) rel: ( 1.67224, -0.639495 ), (2013,0) global: ( -15.6689, -22.7095 ), (2014,0), changes: -0.66, -3.8 last seen:(-1,0) globalposderived: (2011,0)
 2151: Received coach message: online_coach_left (advice (0 (true) (do our {1} (home (pt -20 -10))) (do our {2} (home (pt -12 26))) (do our {3} (home (pt -20 10))) (do our {4} (home (pt 0 0))) (do our {5} (home (pt 12 15))) (do our {6} (home (pt -12 -26))) (do our {7} (home (pt 0 0))) (do our {8} (home (pt 35 -22))) (do our {9} (home (pt 20 0))) (do our {10} (home (pt 35 22))) (do our {11} (home (pt 12 -15))))))
 2151: new home position for player 0: -20 -10
 2151: new home position for player 1: -12 26
 2151: new home position for player 2: -20 10
 2151: new home position for player 3: 0 0
 2151: new home position for player 4: 12 15
 2151: new home position for player 5: -12 -26
 2151: new home position for player 6: 0 0
 2151: new home position for player 7: 35 -22
 2151: new home position for player 8: 20 0
 2151: new home position for player 9: 35 22
 2151: new home position for player 10: 12 -15
 2451: Received coach message: online_coach_left (advice (0 (true) (do our {1} (home (pt -20 -10))) (do our {2} (home (pt -12 26))) (do our {3} (home (pt -20 10))) (do our {4} (home (pt -12 -26))) (do our {5} (home (pt 12 15))) (do our {6} (home (pt 0 0))) (do our {7} (home (pt 0 0))) (do our {8} (home (pt 20 0))) (do our {9} (home (pt 12 -15))) (do our {10} (home (pt 35 22))) (do our {11} (home (pt 35 -22))))))
 2451: new home position for player 0: -20 -10
 2451: new home position for player 1: -12 26
 2451: new home position for player 2: -20 10
 2451: new home position for player 3: -12 -26
 2451: new home position for player 4: 12 15
 2451: new home position for player 5: 0 0
 2451: new home position for player 6: 0 0
 2451: new home position for player 7: 20 0
 2451: new home position for player 8: 12 -15
 2451: new home position for player 9: 35 22
 2451: new home position for player 10: 35 -22
(b)r: 0.846464 phi: -6.73135 vel: ( 1.88, -1.034 ) (2645,0) rel: ( 0.840629, -0.0992176 ), (2645,0) global: ( -3, 13.9 ), (2645,0), changes: -1.44, 7.2 last seen:(2643,0) globalposderived: (2625,0)
 2645: turnWithBall: kick ball close to desired turnangle 0.000000
 2645: kickBallCloseToBody: cannot compensate ball speed, freeze
 2645: freeze ball will end up oustide -> accelerate
 2646: direction old: -7.445462, new: 101.666058
(b)r: 0.6 phi: 42 vel: ( 1.08391, -0.668286 ) (2646,0) rel: ( 0.445887, 0.401478 ), (2646,0) global: ( -3.56119, 13.7568 ), (2646,0), changes: -0.924, -94.4 last seen:(2646,0) globalposderived: (2646,0)
 2646: turnWithBall: freeze ball
(b)r: 0.539993 phi: 35.0193 vel: ( 0.0114923, -0.0148751 ) (2647,0) rel: ( 0.442232, 0.309876 ), (2647,0) global: ( -3.54896, 13.741 ), (2647,0), changes: -0.924, -94.4 last seen:(2646,0) globalposderived: (2646,0)
 2647: turnWithBall: turn since ball will be kickable in t+1
 2647: direction old: 94.661466, new: 95.762874
(b)r: 0.5 phi: 36 vel: ( -0.00282315, -0.0140151 ) (2647,0) rel: ( 0.404508, 0.293893 ), (2647,0) global: ( -3.55526, 13.6999 ), (2647,0), changes: -0.03, -2.4 last seen:(2647,0) globalposderived: (2647,0)
 2647: turnWithBall: turn since ball will be kickable in t+1
(b)r: 0.466626 phi: -170.861 vel: ( -0.00265376, -0.0131742 ) (2648,0) rel: ( -0.460702, -0.0741183 ), (2648,0) global: ( -3.55808, 13.6858 ), (2648,0), changes: -0.03, -2.4 last seen:(2647,0) globalposderived: (2647,0)
 2648: ball (-3.558080,13.685841), agent (-3.521177,13.220677), to (1.462693,12.819376) ang -4.603516 -94.603516
 2648: relpos body (0.466626,99.139500), vel. ball:(-0.002654,-0.013174) dist: 0.992784 (0.300000,0.085000,0.607784)
 2648: point good and can reach point 36.679748
(b)r: 0.83526 phi: 116.69 vel: ( 0.74618, -0.125657 ) (2649,0) rel: ( -0.375168, 0.746263 ), (2649,0) global: ( -2.76427, 13.5522 ), (2649,0), changes: -0.03, -2.4 last seen:(2647,0) globalposderived: (2647,0)
 2649: ball (-2.764271,13.552163), agent (-3.538238,13.238101), to (1.445632,12.836800) ang -4.603516 -94.603516
 2649: relpos body (0.835260,26.689999), vel. ball:(0.746180,-0.125657) dist: 0.992784 (0.300000,0.085000,0.607784)
 2649: point good and can reach point 0.685520
 2649: 2 pos: ball(-2.961749,13.828274), ball_prev(-3.555257,13.699856), agentdiff(-0.222569,-0.011082)
 2649: direction old: 18.070191, new: 36.959792
(b)r: 1 phi: 113 vel: ( 0.74618, -0.125657 ) (2649,0) rel: ( -0.390731, 0.920505 ), (2649,0) global: ( -2.96175, 13.8283 ), (2649,0), changes: -0.03, -2.4 last seen:(2649,0) globalposderived: (2649,0)
(b)r: 1.61677 phi: 69.6993 vel: ( 0.701409, -0.118118 ) (2650,0) rel: ( 0.560934, 1.51635 ), (2650,0) global: ( -2.21557, 13.7026 ), (2650,0), changes: -0.03, -2.4 last seen:(2649,0) globalposderived: (2649,0)
 2650: 2 pos: ball(-2.013178,14.068537), ball_prev(-2.961749,13.828274), agentdiff(0.120704,0.071378)
 2650: vel based on 2 pos: (0.778195,0.158752)
 2650: direction old: 15.841586, new: 25.331547
(b)r: 1.8 phi: 79 vel: ( 0.778195, 0.158752 ) (2650,0) rel: ( 0.343456, 1.76693 ), (2650,0) global: ( -2.01318, 14.0685 ), (2650,0), changes: -0.03, -2.4 last seen:(2650,0) globalposderived: (2650,0)
 2751: Received coach message: online_coach_left (advice (0 (true) (do our {1} (home (pt -20 -10))) (do our {2} (home (pt -12 26))) (do our {3} (home (pt -20 10))) (do our {4} (home (pt -12 -26))) (do our {5} (home (pt 12 15))) (do our {6} (home (pt 0 0))) (do our {7} (home (pt 0 0))) (do our {8} (home (pt 20 0))) (do our {9} (home (pt 12 -15))) (do our {10} (home (pt 35 22))) (do our {11} (home (pt 35 -22))))))
 2751: new home position for player 0: -20 -10
 2751: new home position for player 1: -12 26
 2751: new home position for player 2: -20 10
 2751: new home position for player 3: -12 -26
 2751: new home position for player 4: 12 15
 2751: new home position for player 5: 0 0
 2751: new home position for player 6: 0 0
 2751: new home position for player 7: 20 0
 2751: new home position for player 8: 12 -15
 2751: new home position for player 9: 35 22
 2751: new home position for player 10: 35 -22
(b)r: 1.91868 phi: 1.96131 vel: ( -0.482246, 0.34814 ) (2811,0) rel: ( 1.91756, 0.0656661 ), (2811,0) global: ( 2.79976, -20.2875 ), (2811,0), changes: -0.814, -3.6 last seen:(2809,0) globalposderived: (2809,0)
 2811: direction old: -63.327090, new: -68.840451
(b)r: 1.46688 phi: -4.60891 vel: ( -0.476886, 0.338919 ) (2812,0) rel: ( 1.46214, -0.11787 ), (2812,0) global: ( 2.16195, -20.0953 ), (2812,0), changes: -0.6, -11.4 last seen:(2811,0) globalposderived: (2811,0)
 2812: direction old: -78.098292, new: -83.944295
(b)r: 1.5 phi: -4 vel: ( -0.484422, 0.328608 ) (2812,0) rel: ( 1.49635, -0.104635 ), (2812,0) global: ( 2.01138, -20.1217 ), (2812,0), changes: -0.39, -18.2 last seen:(2812,0) globalposderived: (2812,0)
(b)r: 1.19801 phi: -11.604 vel: ( -0.455357, 0.308891 ) (2813,0) rel: ( 1.17352, -0.240974 ), (2813,0) global: ( 1.52696, -19.7931 ), (2813,0), changes: -0.39, -18.2 last seen:(2812,0) globalposderived: (2812,0)
(b)r: 1.15898 phi: -16.1986 vel: ( -0.428036, 0.290358 ) (2814,0) rel: ( 1.11297, -0.323317 ), (2814,0) global: ( 1.0716, -19.4842 ), (2814,0), changes: -0.39, -18.2 last seen:(2812,0) globalposderived: (2812,0)
 2814: direction old: -161.924812, new: -136.009071
(b)r: 1.1 phi: -18 vel: ( -0.415686, 0.290728 ) (2814,0) rel: ( 1.04616, -0.339919 ), (2814,0) global: ( 1.88702, -19.7238 ), (2814,0), changes: 0.088, -25.5 last seen:(2814,0) globalposderived: (2814,0)
(b)r: 1.29655 phi: -13.5818 vel: ( -0.390745, 0.273284 ) (2815,0) rel: ( 1.26029, -0.304472 ), (2815,0) global: ( 1.47134, -19.4331 ), (2815,0), changes: 0.088, -25.5 last seen:(2814,0) globalposderived: (2814,0)
 2815: direction old: -146.705554, new: -157.366190
(b)r: 1.2 phi: -17 vel: ( -0.375044, 0.25574 ) (2815,0) rel: ( 1.14757, -0.350846 ), (2815,0) global: ( 1.34852, -19.2481 ), (2815,0), changes: 0.24, -17.1 last seen:(2815,0) globalposderived: (2815,0)
(b)r: 1.49688 phi: -9.13924 vel: ( -0.352541, 0.240396 ) (2816,0) rel: ( 1.47787, -0.237755 ), (2816,0) global: ( 0.973476, -18.9924 ), (2816,0), changes: 0.24, -17.1 last seen:(2815,0) globalposderived: (2815,0)
(b)r: 1.83549 phi: 0.0155962 vel: ( -0.331389, 0.225972 ) (2817,0) rel: ( 1.83549, 0.00049963 ), (2817,0) global: ( 0.620935, -18.752 ), (2817,0), changes: 0.24, -17.1 last seen:(2815,0) globalposderived: (2815,0)
 2817: direction old: -178.485218, new: 179.971057
 2818: direction old: 179.537220, new: 175.562623
 2820: direction old: 167.966938, new: 170.468642
 2821: direction old: 162.596981, new: 167.366210
(b)r: 1.9808 phi: -6.60613 vel: ( -0.245238, 0.155618 ) (2823,0) rel: ( 1.96765, -0.227878 ), (2823,0) global: ( -1.61162, -17.6432 ), (2823,0), changes: 0.132, -2.9 last seen:(2821,0) globalposderived: (2821,0)
 2823: direction old: 165.882419, new: 162.388873
(b)r: 2 phi: -6 vel: ( -0.244358, 0.156377 ) (2823,0) rel: ( 1.98904, -0.209057 ), (2823,0) global: ( -1.58051, -17.5254 ), (2823,0), changes: 0.12, -2.5 last seen:(2823,0) globalposderived: (2823,0)
 2824: direction old: 158.271351, new: 160.250874
(b)r: 1.8 phi: -8 vel: ( -0.2312, 0.146052 ) (2824,0) rel: ( 1.78248, -0.250512 ), (2824,0) global: ( -1.77877, -17.4543 ), (2824,0), changes: 0.288, -1.8 last seen:(2824,0) globalposderived: (2824,0)
 2826: direction old: 154.350495, new: 155.141076
(b)r: 1.8 phi: -2 vel: ( -0.206993, 0.126274 ) (2826,0) rel: ( 1.7989, -0.0628191 ), (2826,0) global: ( -2.2466, -17.1893 ), (2826,0), changes: 0.252, -0.7 last seen:(2826,0) globalposderived: (2826,0)
 2827: direction old: 151.976877, new: 153.265143
(b)r: 1.8 phi: 0 vel: ( -0.202078, 0.120711 ) (2827,0) rel: ( 1.8, 0 ), (2827,0) global: ( -2.39118, -17.142 ), (2827,0), changes: 0.252, -0.4 last seen:(2827,0) globalposderived: (2827,0)
 2829: direction old: 157.494609, new: 149.529603
(b)r: 1.8 phi: -2 vel: ( -0.179093, 0.104224 ) (2829,0) rel: ( 1.7989, -0.0628191 ), (2829,0) global: ( -2.70787, -16.6691 ), (2829,0), changes: 0.216, 0.2 last seen:(2829,0) globalposderived: (2829,0)
(b)r: 1.77338 phi: 0.427315 vel: ( -0.168347, 0.0979705 ) (2830,0) rel: ( 1.77333, 0.0132258 ), (2830,0) global: ( -2.88696, -16.5649 ), (2830,0), changes: 0.216, 0.2 last seen:(2829,0) globalposderived: (2829,0)
 2830: direction old: 139.033281, new: 147.344561
(b)r: 1.8 phi: 0 vel: ( -0.172926, 0.0987082 ) (2830,0) rel: ( 1.8, 0 ), (2830,0) global: ( -3.01941, -16.7945 ), (2830,0), changes: 0.108, -0.6 last seen:(2830,0) globalposderived: (2830,0)
(b)r: 1.67001 phi: 0.919415 vel: ( -0.16255, 0.0927857 ) (2831,0) rel: ( 1.6698, 0.0267973 ), (2831,0) global: ( -3.19234, -16.6957 ), (2831,0), changes: 0.108, -0.6 last seen:(2830,0) globalposderived: (2830,0)
(b)r: 1.5223 phi: 0.308319 vel: ( -0.152797, 0.0872185 ) (2832,0) rel: ( 1.52228, 0.00819176 ), (2832,0) global: ( -3.35489, -16.603 ), (2832,0), changes: 0.108, -0.6 last seen:(2830,0) globalposderived: (2830,0)
 2832: direction old: 141.461356, new: 140.432618
(b)r: 1.5 phi: -1 vel: ( -0.173195, 0.0925149 ) (2832,0) rel: ( 1.49977, -0.0261786 ), (2832,0) global: ( -3.38546, -16.5442 ), (2832,0), changes: 0.06, -1.2 last seen:(2832,0) globalposderived: (2832,0)
(b)r: 1.71693 phi: 53.3584 vel: ( -0.162803, 0.086964 ) (2833,0) rel: ( 1.02468, 1.37764 ), (2833,0) global: ( -3.55866, -16.4517 ), (2833,0), changes: 0.06, -1.2 last seen:(2832,0) globalposderived: (2832,0)
 2833: direction old: 134.866346, new: 136.943604
(b)r: 1.6 phi: 28 vel: ( -0.139418, 0.0731457 ) (2833,0) rel: ( 1.41272, 0.751155 ), (2833,0) global: ( -3.67195, -16.42 ), (2833,0), changes: 0.16, 1.7 last seen:(2833,0) globalposderived: (2833,0)
(b)r: 1.75231 phi: 4.69746 vel: ( -0.131053, 0.068757 ) (2834,0) rel: ( 1.74642, 0.143504 ), (2834,0) global: ( -3.81137, -16.3469 ), (2834,0), changes: 0.16, 1.7 last seen:(2833,0) globalposderived: (2833,0)
(b)r: 1.89624 phi: 31.0825 vel: ( -0.12319, 0.0646316 ) (2835,0) rel: ( 1.62399, 0.978973 ), (2835,0) global: ( -3.94243, -16.2781 ), (2835,0), changes: 0.16, 1.7 last seen:(2833,0) globalposderived: (2833,0)
 2835: direction old: 138.217598, new: 138.146024
(b)r: 1.8 phi: 29 vel: ( -0.128849, 0.0651466 ) (2835,0) rel: ( 1.57432, 0.872657 ), (2835,0) global: ( -3.86745, -16.3421 ), (2835,0), changes: 0.144, 1.3 last seen:(2835,0) globalposderived: (2835,0)
(b)r: 1.96418 phi: 30.1297 vel: ( -0.121118, 0.0612378 ) (2836,0) rel: ( 1.6988, 0.985936 ), (2836,0) global: ( -3.9963, -16.277 ), (2836,0), changes: 0.144, 1.3 last seen:(2835,0) globalposderived: (2835,0)
 2836: direction old: 140.138613, new: 139.139335
(b)r: 1.8 phi: 30 vel: ( -0.124479, 0.0591418 ) (2836,0) rel: ( 1.55885, 0.9 ), (2836,0) global: ( -4.12597, -16.1278 ), (2836,0), changes: 0.144, 1.3 last seen:(2836,0) globalposderived: (2836,0)
(b)r: 1.95757 phi: 31.0869 vel: ( -0.11701, 0.0555933 ) (2837,0) rel: ( 1.67643, 1.01077 ), (2837,0) global: ( -4.25045, -16.0687 ), (2837,0), changes: 0.144, 1.3 last seen:(2836,0) globalposderived: (2836,0)
 2838: direction old: 138.507287, new: 140.026284
(b)r: 1.6 phi: 31 vel: ( -0.111146, 0.0509963 ) (2838,0) rel: ( 1.37147, 0.824061 ), (2838,0) global: ( -4.31254, -16.1183 ), (2838,0), changes: 0.128, 1.2 last seen:(2838,0) globalposderived: (2838,0)
(b)r: 1.43876 phi: 0 vel: ( -0.104478, 0.0479365 ) (2839,0) rel: ( 1.43876, 0 ), (2839,0) global: ( -4.42369, -16.0673 ), (2839,0), changes: 0.128, 1.2 last seen:(2838,0) globalposderived: (2838,0)
 2839: direction old: 140.820916, new: 140.158985
(b)r: 1.5 phi: -1 vel: ( -0.104533, 0.0471436 ) (2839,0) rel: ( 1.49977, -0.0261786 ), (2839,0) global: ( -4.50367, -15.9797 ), (2839,0), changes: 0.12, 1.2 last seen:(2839,0) globalposderived: (2839,0)
(b)r: 1.33115 phi: -1.13665 vel: ( -0.0982607, 0.0443149 ) (2840,0) rel: ( 1.33088, -0.026406 ), (2840,0) global: ( -4.6082, -15.9326 ), (2840,0), changes: 0.12, 1.2 last seen:(2839,0) globalposderived: (2839,0)
(b)r: 1.15639 phi: 0 vel: ( -0.092365, 0.0416561 ) (2841,0) rel: ( 1.15639, 0 ), (2841,0) global: ( -4.70646, -15.8883 ), (2841,0), changes: 0.12, 1.2 last seen:(2839,0) globalposderived: (2839,0)
 2841: direction old: 138.935417, new: 140.983140
(b)r: 1.2 phi: -1 vel: ( -0.0961672, 0.0465033 ) (2841,0) rel: ( 1.19982, -0.0209429 ), (2841,0) global: ( -4.60265, -16.0356 ), (2841,0), changes: 0.12, 1.1 last seen:(2841,0) globalposderived: (2841,0)
(b)r: 1.02479 phi: -1.24495 vel: ( -0.0903972, 0.0437131 ) (2842,0) rel: ( 1.02454, -0.0222652 ), (2842,0) global: ( -4.69882, -15.9891 ), (2842,0), changes: 0.12, 1.1 last seen:(2841,0) globalposderived: (2841,0)
 2842: direction old: 156.803023, new: 142.219393
(b)r: 1.1 phi: -1 vel: ( 0, 0 ) (2842,0) rel: ( 1.09983, -0.0191976 ), (2842,0) global: ( -4.68229, -15.6948 ), (2842,0), changes: 0.11, 1.1 last seen:(2842,0) globalposderived: (2842,0)
(b)r: 0.820552 phi: -0.318445 vel: ( 0, 0 ) (2843,0) rel: ( 0.82054, -0.00456053 ), (2843,0) global: ( -4.68229, -15.6948 ), (2843,0), changes: 0.11, 1.1 last seen:(2842,0) globalposderived: (2842,0)
 2843: turnWithBall: kick ball away from opp at ang 86.292328
 2843: (kick 52.929011 162.487120), vecDesired (0.630968,-0.982587) 126.072935 posDes(-4.051322,-16.677428)
(b)r: 0.820552 phi: 0 vel: ( 0, 0 ) (2844,0) rel: ( 0.820552, 0 ), (2844,0) global: ( -4.68229, -15.6948 ), (2844,0), changes: 0.11, 1.1 last seen:(2842,0) globalposderived: (2842,0)
 2844: turnWithBall: kick ball away from opp at ang 120.365456
 2844: (kick 58.021680 174.693903), vecDesired (0.898249,-0.911043) 160.464507 posDes(-3.784041,-16.605884)
 2844: 2 pos: ball(-3.506712,-15.386334), ball_prev(-4.682290,-15.694840), agentdiff(0.057515,-0.194077)
 2844: direction old: 135.938602, new: 65.073814
(b)r: 1.1 phi: -78 vel: ( 0, 0 ) (2844,0) rel: ( 0.228703, -1.07596 ), (2844,0) global: ( -3.50671, -15.3863 ), (2844,0), changes: 0.11, 1.1 last seen:(2844,0) globalposderived: (2844,0)
(b)r: 1.1 phi: -3 vel: ( 0, 0 ) (2845,0) rel: ( 1.09849, -0.0575696 ), (2845,0) global: ( -3.50671, -15.3863 ), (2845,0), changes: 0.11, 1.1 last seen:(2844,0) globalposderived: (2844,0)
 2845: direction old: 71.264643, new: 64.393971
(b)r: 1.2 phi: -3 vel: ( 0, 0 ) (2845,0) rel: ( 1.19836, -0.0628031 ), (2845,0) global: ( -3.39869, -15.5148 ), (2845,0), changes: 0.12, -0.6 last seen:(2845,0) globalposderived: (2845,0)
(b)r: 1.2 phi: -3 vel: ( 0, 0 ) (2846,0) rel: ( 1.19836, -0.0628031 ), (2846,0) global: ( -3.39869, -15.5148 ), (2846,0), changes: 0.12, -0.6 last seen:(2845,0) globalposderived: (2845,0)
(b)r: 0.910324 phi: 0 vel: ( 0, 0 ) (2847,0) rel: ( 0.910324, 0 ), (2847,0) global: ( -3.39869, -15.5148 ), (2847,0), changes: 0.12, -0.6 last seen:(2845,0) globalposderived: (2845,0)
 2847: turnWithBall: kick ball away from opp at ang 64.199585
 2847: (kick 66.383069 -179.052579), vecDesired (-0.607320,-1.264255) -179.194386 posDes(-4.006011,-16.779036)
 2847: 2 pos: ball(-4.760563,-16.066730), ball_prev(-3.398691,-15.514782), agentdiff(0.096300,-0.284485)
 2847: direction old: 74.954894, new: 152.534612
(b)r: 1.2 phi: 87 vel: ( 0, 0 ) (2847,0) rel: ( 0.0628031, 1.19836 ), (2847,0) global: ( -4.76056, -16.0667 ), (2847,0), changes: 0.12, -0.6 last seen:(2847,0) globalposderived: (2847,0)
(b)r: 1.19841 phi: 5.16152 vel: ( 0, 0 ) (2848,0) rel: ( 1.19355, 0.107813 ), (2848,0) global: ( -4.76056, -16.0667 ), (2848,0), changes: 0.12, -0.6 last seen:(2847,0) globalposderived: (2847,0)
 2848: direction old: 161.599600, new: 167.961684
(b)r: 1.8 phi: 10 vel: ( -0.635558, -0.211874 ) (2848,0) rel: ( 1.77265, 0.312567 ), (2848,0) global: ( -5.63846, -15.9849 ), (2848,0), changes: 0.576, 10.5 last seen:(2848,0) globalposderived: (2848,0)
 2850: 2 pos: ball(-7.074172,-16.292906), ball_prev(-5.638456,-15.984894), agentdiff(-0.141192,0.120151)
 2850: direction old: -173.176370, new: -175.859240
 2910: 2 pos: ball(-1.801515,-19.430240), ball_prev(-4.432792,-22.691296), agentdiff(0.328024,-0.042736)
 2910: direction old: 16.170200, new: 16.727137
(b)r: 1.5 phi: -63 vel: ( 1.04905, 1.50476 ) (2910,0) rel: ( 0.680986, -1.33651 ), (2910,0) global: ( -1.80152, -19.4302 ), (2910,0), changes: 0, 0.1 last seen:(2910,0) globalposderived: (2910,0)
 3000: Received coach message: online_coach_left (advice (0 (true) (do our {1} (home (pt -20 -10))) (do our {2} (home (pt 12 15))) (do our {3} (home (pt 0 0))) (do our {4} (home (pt 35 -22))) (do our {5} (home (pt -12 -26))) (do our {6} (home (pt 12 -15))) (do our {7} (home (pt 20 0))) (do our {8} (home (pt 0 0))) (do our {9} (home (pt -20 10))) (do our {10} (home (pt -12 26))) (do our {11} (home (pt 35 22))))))
 3000: new home position for player 0: -20 -10
 3000: new home position for player 1: 12 15
 3000: new home position for player 2: 0 0
 3000: new home position for player 3: 35 -22
 3000: new home position for player 4: -12 -26
 3000: new home position for player 5: 12 -15
 3000: new home position for player 6: 20 0
 3000: new home position for player 7: 0 0
 3000: new home position for player 8: -20 10
 3000: new home position for player 9: -12 26
 3000: new home position for player 10: 35 22
 3000: Received coach message: online_coach_left (advice (0 (true) (do our {1} (home (pt -20 -10))) (do our {2} (home (pt 12 15))) (do our {3} (home (pt -20 10))) (do our {4} (home (pt 35 -22))) (do our {5} (home (pt -12 -26))) (do our {6} (home (pt 12 -15))) (do our {7} (home (pt 0 0))) (do our {8} (home (pt 0 0))) (do our {9} (home (pt 20 0))) (do our {10} (home (pt -12 26))) (do our {11} (home (pt 35 22))))))
 3000: new home position for player 0: -20 -10
 3000: new home position for player 1: 12 15
 3000: new home position for player 2: -20 10
 3000: new home position for player 3: 35 -22
 3000: new home position for player 4: -12 -26
 3000: new home position for player 5: 12 -15
 3000: new home position for player 6: 0 0
 3000: new home position for player 7: 0 0
 3000: new home position for player 8: 20 0
 3000: new home position for player 9: -12 26
 3000: new home position for player 10: 35 22
 3000: Received coach message: online_coach_left (advice (0 (true) (do our {1} (home (pt -20 -10))) (do our {2} (home (pt 12 15))) (do our {3} (home (pt -20 10))) (do our {4} (home (pt 35 -22))) (do our {5} (home (pt -12 -26))) (do our {6} (home (pt 12 -15))) (do our {7} (home (pt 20 0))) (do our {8} (home (pt 0 0))) (do our {9} (home (pt 0 0))) (do our {10} (home (pt -12 26))) (do our {11} (home (pt 35 22))))))
 3000: new home position for player 0: -20 -10
 3000: new home position for player 1: 12 15
 3000: new home position for player 2: -20 10
 3000: new home position for player 3: 35 -22
 3000: new home position for player 4: -12 -26
 3000: new home position for player 5: 12 -15
 3000: new home position for player 6: 20 0
 3000: new home position for player 7: 0 0
 3000: new home position for player 8: 0 0
 3000: new home position for player 9: -12 26
 3000: new home position for player 10: 35 22
 3000: Received coach message: online_coach_left (advice (0 (true) (do our {1} (home (pt -20 -10))) (do our {2} (home (pt 12 15))) (do our {3} (home (pt -20 10))) (do our {4} (home (pt 35 -22))) (do our {5} (home (pt -12 -26))) (do our {6} (home (pt 12 -15))) (do our {7} (home (pt 0 0))) (do our {8} (home (pt 20 0))) (do our {9} (home (pt 0 0))) (do our {10} (home (pt -12 26))) (do our {11} (home (pt 35 22))))))
 3000: new home position for player 0: -20 -10
 3000: new home position for player 1: 12 15
 3000: new home position for player 2: -20 10
 3000: new home position for player 3: 35 -22
 3000: new home position for player 4: -12 -26
 3000: new home position for player 5: 12 -15
 3000: new home position for player 6: 0 0
 3000: new home position for player 7: 20 0
 3000: new home position for player 8: 0 0
 3000: new home position for player 9: -12 26
 3000: new home position for player 10: 35 22
 3000: Received coach message: online_coach_left (advice (0 (true) (do our {1} (home (pt -20 -10))) (do our {2} (home (pt 12 15))) (do our {3} (home (pt -20 10))) (do our {4} (home (pt 35 -22))) (do our {5} (home (pt -12 -26))) (do our {6} (home (pt 12 -15))) (do our {7} (home (pt 0 0))) (do our {8} (home (pt 20 0))) (do our {9} (home (pt 0 0))) (do our {10} (home (pt -12 26))) (do our {11} (home (pt 35 22))))))
 3000: new home position for player 0: -20 -10
 3000: new home position for player 1: 12 15
 3000: new home position for player 2: -20 10
 3000: new home position for player 3: 35 -22
 3000: new home position for player 4: -12 -26
 3000: new home position for player 5: 12 -15
 3000: new home position for player 6: 0 0
 3000: new home position for player 7: 20 0
 3000: new home position for player 8: 0 0
 3000: new home position for player 9: -12 26
 3000: new home position for player 10: 35 22
 3000: Received coach message: online_coach_left (advice (0 (true) (do our {1} (home (pt -20 -10))) (do our {2} (home (pt 12 15))) (do our {3} (home (pt -20 10))) (do our {4} (home (pt 35 -22))) (do our {5} (home (pt -12 -26))) (do our {6} (home (pt 12 -15))) (do our {7} (home (pt 0 0))) (do our {8} (home (pt 20 0))) (do our {9} (home (pt 0 0))) (do our {10} (home (pt -12 26))) (do our {11} (home (pt 35 22))))))
 3000: new home position for player 0: -20 -10
 3000: new home position for player 1: 12 15
 3000: new home position for player 2: -20 10
 3000: new home position for player 3: 35 -22
 3000: new home position for player 4: -12 -26
 3000: new home position for player 5: 12 -15
 3000: new home position for player 6: 0 0
 3000: new home position for player 7: 20 0
 3000: new home position for player 8: 0 0
 3000: new home position for player 9: -12 26
 3000: new home position for player 10: 35 22
 3000: Received coach message: online_coach_left (advice (0 (true) (do our {1} (home (pt -20 -10))) (do our {2} (home (pt 12 15))) (do our {3} (home (pt -20 10))) (do our {4} (home (pt 35 -22))) (do our {5} (home (pt -12 -26))) (do our {6} (home (pt 12 -15))) (do our {7} (home (pt 0 0))) (do our {8} (home (pt 0 0))) (do our {9} (home (pt 20 0))) (do our {10} (home (pt -12 26))) (do our {11} (home (pt 35 22))))))
 3000: new home position for player 0: -20 -10
 3000: new home position for player 1: 12 15
 3000: new home position for player 2: -20 10
 3000: new home position for player 3: 35 -22
 3000: new home position for player 4: -12 -26
 3000: new home position for player 5: 12 -15
 3000: new home position for player 6: 0 0
 3000: new home position for player 7: 0 0
 3000: new home position for player 8: 20 0
 3000: new home position for player 9: -12 26
 3000: new home position for player 10: 35 22
 3000: Received coach message: online_coach_left (advice (0 (true) (do our {1} (home (pt -20 -10))) (do our {2} (home (pt 12 15))) (do our {3} (home (pt -20 10))) (do our {4} (home (pt 35 -22))) (do our {5} (home (pt -12 -26))) (do our {6} (home (pt 12 -15))) (do our {7} (home (pt 20 0))) (do our {8} (home (pt 0 0))) (do our {9} (home (pt 0 0))) (do our {10} (home (pt -12 26))) (do our {11} (home (pt 35 22))))))
 3000: new home position for player 0: -20 -10
 3000: new home position for player 1: 12 15
 3000: new home position for player 2: -20 10
 3000: new home position for player 3: 35 -22
 3000: new home position for player 4: -12 -26
 3000: new home position for player 5: 12 -15
 3000: new home position for player 6: 20 0
 3000: new home position for player 7: 0 0
 3000: new home position for player 8: 0 0
 3000: new home position for player 9: -12 26
 3000: new home position for player 10: 35 22
 3000: Received coach message: online_coach_left (advice (0 (true) (do our {1} (home (pt -20 -10))) (do our {2} (home (pt 12 15))) (do our {3} (home (pt -20 10))) (do our {4} (home (pt 35 -22))) (do our {5} (home (pt -12 -26))) (do our {6} (home (pt 12 -15))) (do our {7} (home (pt 0 0))) (do our {8} (home (pt 20 0))) (do our {9} (home (pt 0 0))) (do our {10} (home (pt -12 26))) (do our {11} (home (pt 35 22))))))
 3000: new home position for player 0: -20 -10
 3000: new home position for player 1: 12 15
 3000: new home position for player 2: -20 10
 3000: new home position for player 3: 35 -22
 3000: new home position for player 4: -12 -26
 3000: new home position for player 5: 12 -15
 3000: new home position for player 6: 0 0
 3000: new home position for player 7: 20 0
 3000: new home position for player 8: 0 0
 3000: new home position for player 9: -12 26
 3000: new home position for player 10: 35 22
