 0: change player from message 62 -> 1
 0: changed player from message 62 -> 1
 0: change player from message 63 -> 2
 0: changed player from message 63 -> 2
 0: change player from message 64 -> 3
 0: changed player from message 64 -> 3
 0: change player from message 65 -> 4
 0: changed player from message 65 -> 4
 0: change player from message 66 -> 5
 0: changed player from message 66 -> 5
 0: change player from message 67 -> 6
 0: changed player from message 67 -> 6
 0: change player from message 68 -> 7
 0: changed player from message 68 -> 7
 0: change player from message 69 -> 8
 0: changed player from message 69 -> 8
 0: change player from message 70 -> 9
 0: changed player from message 70 -> 9
 0: change player from message 71 -> 10
 0: changed player from message 71 -> 10
 151: Received coach message: online_coach_left (advice (0 (true) (do our {1} (home (pt 0 0))) (do our {2} (home (pt -12 26))) (do our {3} (home (pt -20 10))) (do our {4} (home (pt -20 -10))) (do our {5} (home (pt -12 -26))) (do our {6} (home (pt 0 0))) (do our {7} (home (pt 12 15))) (do our {8} (home (pt 12 -15))) (do our {9} (home (pt 20 0))) (do our {10} (home (pt 35 22))) (do our {11} (home (pt 35 -22))))))
 151: new home position for player 0: 0 0
 151: new home position for player 1: -12 26
 151: new home position for player 2: -20 10
 151: new home position for player 3: -20 -10
 151: new home position for player 4: -12 -26
 151: new home position for player 5: 0 0
 151: new home position for player 6: 12 15
 151: new home position for player 7: 12 -15
 151: new home position for player 8: 20 0
 151: new home position for player 9: 35 22
 151: new home position for player 10: 35 -22
 261: direction old: -19.333415, new: -10.761814
(b)r: 1.52201 phi: -30.9264 vel: ( -0.555473, -0.228609 ) (262,0) rel: ( 1.30562, -0.782216 ), (262,0) global: ( -15.3124, -4.26089 ), (262,0), changes: -0.702, -8.1 last seen:(261,0) globalposderived: (261,0)
(b)r: 1.00852 phi: -90.2322 vel: ( -0.522145, -0.214893 ) (263,0) rel: ( -0.00408753, -1.00851 ), (263,0) global: ( -15.8679, -4.4895 ), (263,0), changes: -0.702, -8.1 last seen:(261,0) globalposderived: (261,0)
 263: 2 pos: ball(-15.593135,-4.906792), ball_prev(-14.721450,-4.017690), agentdiff(0.302593,-0.326165)
 263: direction old: -113.907653, new: -91.446699
(b)r: 1.1 phi: -92 vel: ( -0.522145, -0.214893 ) (263,0) rel: ( -0.0383894, -1.09933 ), (263,0) global: ( -15.5931, -4.90679 ), (263,0), changes: -0.702, -8.1 last seen:(263,0) globalposderived: (263,0)
(b)r: 1.51567 phi: -29.3587 vel: ( 0, 0 ) (264,0) rel: ( 1.32101, -0.743096 ), (264,0) global: ( -16.1153, -5.12168 ), (264,0), changes: -0.702, -8.1 last seen:(263,0) globalposderived: (263,0)
 264: direction old: -114.496288, new: -127.047153
(b)r: 1.6 phi: -38 vel: ( 0, 0 ) (264,0) rel: ( 1.26082, -0.985058 ), (264,0) global: ( -16.4784, -5.0801 ), (264,0), changes: 0.64, -15.4 last seen:(264,0) globalposderived: (264,0)
(b)r: 1.64012 phi: 1.31563 vel: ( 0, 0 ) (265,0) rel: ( 1.63969, 0.0376575 ), (265,0) global: ( -16.4784, -5.0801 ), (265,0), changes: 0.64, -15.4 last seen:(264,0) globalposderived: (264,0)
(b)r: 1.08403 phi: 2.50476 vel: ( 0, 0 ) (266,0) rel: ( 1.083, 0.0473747 ), (266,0) global: ( -16.4784, -5.0801 ), (266,0), changes: 0.64, -15.4 last seen:(264,0) globalposderived: (264,0)
 266: direction old: -118.742992, new: -145.786316
(b)r: 1.8517 phi: -28.3818 vel: ( 0, 0 ) (267,0) rel: ( 1.62913, -0.880197 ), (267,0) global: ( -17.9391, -5.37972 ), (267,0), changes: 0.5, -4.9 last seen:(266,0) globalposderived: (266,0)
 267: direction old: -167.041087, new: -156.299911
(b)r: 1.92441 phi: -1.59808 vel: ( 0, 0 ) (269,0) rel: ( 1.92366, -0.0536684 ), (269,0) global: ( -18.6011, -6.04841 ), (269,0), changes: 0.486, -3.5 last seen:(267,0) globalposderived: (267,0)
(b)r: 1.82981 phi: -5.41598 vel: ( 0, 0 ) (272,0) rel: ( 1.82164, -0.172709 ), (272,0) global: ( -20.6203, -6.51872 ), (272,0), changes: 0.462, -0.2 last seen:(270,0) globalposderived: (270,0)
 272: direction old: -161.233558, new: -163.168197
(b)r: 1.18205 phi: -6.38524 vel: ( 0, 0 ) (273,0) rel: ( 1.17471, -0.131459 ), (273,0) global: ( -20.6354, -6.45255 ), (273,0), changes: -0.24, -0.6 last seen:(272,0) globalposderived: (272,0)
 273: direction old: -165.680345, new: -174.490545
(b)r: 1.8 phi: -16 vel: ( 0, 0 ) (273,0) rel: ( 1.73027, -0.496147 ), (273,0) global: ( -21.4404, -6.37349 ), (273,0), changes: 0.432, -7.5 last seen:(273,0) globalposderived: (273,0)
(b)r: 1.06121 phi: -27.0778 vel: ( 0, 0 ) (274,0) rel: ( 0.944892, -0.483063 ), (274,0) global: ( -21.4404, -6.37349 ), (274,0), changes: 0.432, -7.5 last seen:(273,0) globalposderived: (273,0)
(b)r: 0.656486 phi: -46.2838 vel: ( 0, 0 ) (275,0) rel: ( 0.453689, -0.474489 ), (275,0) global: ( -21.4404, -6.37349 ), (275,0), changes: 0.432, -7.5 last seen:(273,0) globalposderived: (273,0)
 275: direction old: 148.937256, new: 166.503967
 276: direction old: 165.582950, new: 165.596575
 278: direction old: 167.778114, new: 163.676274
(b)r: 1.8 phi: -4 vel: ( 0, 0 ) (278,0) rel: ( 1.79562, -0.125562 ), (278,0) global: ( -23.9546, -5.88163 ), (278,0), changes: -0.216, -0.4 last seen:(278,0) globalposderived: (278,0)
(b)r: 1.04986 phi: -6.86895 vel: ( 0, 0 ) (279,0) rel: ( 1.04232, -0.125562 ), (279,0) global: ( -23.9546, -5.88163 ), (279,0), changes: -0.216, -0.4 last seen:(278,0) globalposderived: (278,0)
 279: direction old: 168.796919, new: 161.908216
(b)r: 1.1 phi: -6 vel: ( -0.00981185, -0.00188936 ) (279,0) rel: ( 1.09397, -0.114981 ), (279,0) global: ( -23.9406, -5.74991 ), (279,0), changes: -0.22, -1 last seen:(279,0) globalposderived: (279,0)
(b)r: 0.2 phi: -12.6686 vel: ( 0, 0 ) (280,0) rel: ( 0.195131, -0.0438623 ), (280,0) global: ( -23.6721, -5.88017 ), (280,0), changes: -0.22, -1 last seen:(279,0) globalposderived: (279,0)
(b)r: 0.488457 phi: -1.53103 vel: ( 0, 0 ) (281,0) rel: ( 0.488283, -0.0130508 ), (281,0) global: ( -23.6721, -5.88017 ), (281,0), changes: -0.22, -1 last seen:(279,0) globalposderived: (279,0)
 281: direction old: 123.995838, new: -172.765430
(b)r: 1.78863 phi: -16.0478 vel: ( 0, 0 ) (284,0) rel: ( 1.71893, -0.49445 ), (284,0) global: ( -26.0243, -7.0998 ), (284,0), changes: 0.66, 3.1 last seen:(282,0) globalposderived: (282,0)
(b)r: 1.47264 phi: -10.2271 vel: ( 0, 0 ) (287,0) rel: ( 1.44925, -0.261467 ), (287,0) global: ( -27.7098, -8.01112 ), (287,0), changes: 0.48, 2.8 last seen:(285,0) globalposderived: (285,0)
 287: direction old: -152.871399, new: -159.837881
(b)r: 1.91395 phi: -1 vel: ( 0, 0 ) (288,0) rel: ( 1.91366, -0.0334031 ), (288,0) global: ( -28.9491, -8.27813 ), (288,0), changes: 0.378, 1.7 last seen:(287,0) globalposderived: (287,0)
 288: direction old: -164.324965, new: -157.965283
(b)r: 1.88281 phi: 2.30416 vel: ( 0, 0 ) (289,0) rel: ( 1.88129, 0.0756971 ), (289,0) global: ( -29.5712, -8.76331 ), (289,0), changes: 0.432, 1.7 last seen:(288,0) globalposderived: (288,0)
(b)r: 1.12961 phi: 1.84013 vel: ( 0, 0 ) (290,0) rel: ( 1.12903, 0.0362728 ), (290,0) global: ( -29.5712, -8.76331 ), (290,0), changes: 0.432, 1.7 last seen:(288,0) globalposderived: (288,0)
 290: direction old: -156.894053, new: -154.050244
 291: direction old: -157.236037, new: -152.442060
 293: direction old: -140.081796, new: -162.183549
 296: direction old: -165.415465, new: -164.759479
 297: direction old: -163.333811, new: -159.794041
(b)r: 1.95191 phi: 0.671161 vel: ( 0, 0 ) (299,0) rel: ( 1.95177, 0.0228641 ), (299,0) global: ( -34.1744, -9.7454 ), (299,0), changes: -0.176, 2.3 last seen:(297,0) globalposderived: (297,0)
 299: 2 pos: ball(-31.346959,-10.132287), ball_prev(-34.174390,-9.745402), agentdiff(-0.098066,0.005074)
 299: direction old: -156.164854, new: -45.440711
(b)r: 1.6 phi: 114 vel: ( 0, 0 ) (299,0) rel: ( -0.650779, 1.46167 ), (299,0) global: ( -31.347, -10.1323 ), (299,0), changes: -0.176, 2.3 last seen:(299,0) globalposderived: (299,0)
(b)r: 1.62104 phi: 4.4169 vel: ( 0, 0 ) (300,0) rel: ( 1.61623, 0.124841 ), (300,0) global: ( -31.347, -10.1323 ), (300,0), changes: -0.176, 2.3 last seen:(299,0) globalposderived: (299,0)
 351: Received coach message: online_coach_left (advice (0 (true) (do our {1} (home (pt -20 10))) (do our {2} (home (pt -12 26))) (do our {3} (home (pt 0 0))) (do our {4} (home (pt -20 -10))) (do our {5} (home (pt -12 -26))) (do our {6} (home (pt 20 0))) (do our {7} (home (pt 12 15))) (do our {8} (home (pt 12 -15))) (do our {9} (home (pt 0 0))) (do our {10} (home (pt 35 22))) (do our {11} (home (pt 35 -22))))))
 351: new home position for player 0: -20 10
 351: new home position for player 1: -12 26
 351: new home position for player 2: 0 0
 351: new home position for player 3: -20 -10
 351: new home position for player 4: -12 -26
 351: new home position for player 5: 20 0
 351: new home position for player 6: 12 15
 351: new home position for player 7: 12 -15
 351: new home position for player 8: 0 0
 351: new home position for player 9: 35 22
 351: new home position for player 10: 35 -22
 651: Received coach message: online_coach_left (advice (0 (true) (do our {1} (home (pt -20 10))) (do our {2} (home (pt -12 26))) (do our {3} (home (pt 0 0))) (do our {4} (home (pt -20 -10))) (do our {5} (home (pt -12 -26))) (do our {6} (home (pt 0 0))) (do our {7} (home (pt 12 15))) (do our {8} (home (pt 35 -22))) (do our {9} (home (pt 20 0))) (do our {10} (home (pt 35 22))) (do our {11} (home (pt 12 -15))))))
 651: new home position for player 0: -20 10
 651: new home position for player 1: -12 26
 651: new home position for player 2: 0 0
 651: new home position for player 3: -20 -10
 651: new home position for player 4: -12 -26
 651: new home position for player 5: 0 0
 651: new home position for player 6: 12 15
 651: new home position for player 7: 35 -22
 651: new home position for player 8: 20 0
 651: new home position for player 9: 35 22
 651: new home position for player 10: 12 -15
 913: Received coach message: online_coach_left (advice (0 (true) (do our {1} (home (pt -20 10))) (do our {2} (home (pt 0 0))) (do our {3} (home (pt 0 0))) (do our {4} (home (pt -20 -10))) (do our {5} (home (pt -12 -26))) (do our {6} (home (pt -12 26))) (do our {7} (home (pt 12 15))) (do our {8} (home (pt 12 -15))) (do our {9} (home (pt 20 0))) (do our {10} (home (pt 35 22))) (do our {11} (home (pt 35 -22))))))
 913: new home position for player 0: -20 10
 913: new home position for player 1: 0 0
 913: new home position for player 2: 0 0
 913: new home position for player 3: -20 -10
 913: new home position for player 4: -12 -26
 913: new home position for player 5: -12 26
 913: new home position for player 6: 12 15
 913: new home position for player 7: 12 -15
 913: new home position for player 8: 20 0
 913: new home position for player 9: 35 22
 913: new home position for player 10: 35 -22
 1071: direction old: -132.111681, new: -126.947443
 1073: direction old: -98.329493, new: -98.985764
 1074: direction old: -83.737114, new: -82.951631
 1251: Received coach message: online_coach_left (advice (0 (true) (do our {1} (home (pt -20 10))) (do our {2} (home (pt -12 26))) (do our {3} (home (pt 0 0))) (do our {4} (home (pt -20 -10))) (do our {5} (home (pt -12 -26))) (do our {6} (home (pt 20 0))) (do our {7} (home (pt 12 15))) (do our {8} (home (pt 12 -15))) (do our {9} (home (pt 0 0))) (do our {10} (home (pt 35 22))) (do our {11} (home (pt 35 -22))))))
 1251: new home position for player 0: -20 10
 1251: new home position for player 1: -12 26
 1251: new home position for player 2: 0 0
 1251: new home position for player 3: -20 -10
 1251: new home position for player 4: -12 -26
 1251: new home position for player 5: 20 0
 1251: new home position for player 6: 12 15
 1251: new home position for player 7: 12 -15
 1251: new home position for player 8: 0 0
 1251: new home position for player 9: 35 22
 1251: new home position for player 10: 35 -22
 1551: Received coach message: online_coach_left (advice (0 (true) (do our {1} (home (pt -20 10))) (do our {2} (home (pt -12 26))) (do our {3} (home (pt 0 0))) (do our {4} (home (pt -20 -10))) (do our {5} (home (pt -12 -26))) (do our {6} (home (pt 20 0))) (do our {7} (home (pt 12 15))) (do our {8} (home (pt 0 0))) (do our {9} (home (pt 12 -15))) (do our {10} (home (pt 35 22))) (do our {11} (home (pt 35 -22))))))
 1551: new home position for player 0: -20 10
 1551: new home position for player 1: -12 26
 1551: new home position for player 2: 0 0
 1551: new home position for player 3: -20 -10
 1551: new home position for player 4: -12 -26
 1551: new home position for player 5: 20 0
 1551: new home position for player 6: 12 15
 1551: new home position for player 7: 0 0
 1551: new home position for player 8: 12 -15
 1551: new home position for player 9: 35 22
 1551: new home position for player 10: 35 -22
(b)r: 1.33458 phi: 12.2224 vel: ( 1.01657, -1.36771 ) (1739,0) rel: ( 1.30433, 0.282542 ), (1739,0) global: ( -20.0657, -3.43119 ), (1739,0), changes: -2.04, -4.3 last seen:(1737,0) globalposderived: (1737,0)
 1739: direction old: 85.056815, new: 95.322273
(b)r: 1.5 phi: 17 vel: ( 0.990859, -1.3651 ) (1739,0) rel: ( 1.43446, 0.438558 ), (1739,0) global: ( -20.3014, -3.0538 ), (1739,0), changes: -1.62, -30.1 last seen:(1739,0) globalposderived: (1739,0)
(b)r: 0.813249 phi: -89.757 vel: ( 0, 0 ) (1740,0) rel: ( 0.00344895, -0.813242 ), (1740,0) global: ( -19.3106, -4.4189 ), (1740,0), changes: -1.62, -30.1 last seen:(1739,0) globalposderived: (1739,0)
 1740: turnWithBall: kick ball away from opp at ang -13.371391
 1740: (kick 67.118640 85.596295), vecDesired (-1.268461,0.365677) 88.306336 posDes(-20.579019,-4.053222)
 1740: 2 pos: ball(-19.282178,-4.723097), ball_prev(-20.301418,-3.053801), agentdiff(0.062041,-0.226367)
 1740: vel based on 2 pos: (0.899767,-1.356353)
 1740: direction old: 5.064121, new: -17.386928
(b)r: 0.8 phi: -96 vel: ( 0.899767, -1.35635 ) (1740,0) rel: ( -0.0836228, -0.795618 ), (1740,0) global: ( -19.2822, -4.7231 ), (1740,0), changes: -1.62, -30.1 last seen:(1740,0) globalposderived: (1740,0)
 1740: turnWithBall: kick ball away from opp at ang 8.613072
 1740: kickBallCloseToBody: cannot compensate ball speed, freeze
(b)r: 0.844556 phi: -101.314 vel: ( 0.0234111, 0.0102863 ) (1741,0) rel: ( -0.165695, -0.828143 ), (1741,0) global: ( -19.2573, -4.71215 ), (1741,0), changes: -1.62, -30.1 last seen:(1740,0) globalposderived: (1740,0)
 1741: turnWithBall: kick ball away from opp at ang -19.588646
 1741: (kick 72.425367 79.400607), vecDesired (-1.248907,0.523983) 81.798281 posDes(-20.506179,-4.188171)
(b)r: 0.872024 phi: -102.152 vel: ( 0, 0 ) (1742,0) rel: ( -0.183562, -0.852486 ), (1742,0) global: ( -19.2339, -4.70187 ), (1742,0), changes: -1.62, -30.1 last seen:(1740,0) globalposderived: (1740,0)
 1742: turnWithBall: kick ball away from opp at ang -26.855501
 1742: (kick 73.768177 76.244451), vecDesired (-1.246052,0.584820) 74.531426 posDes(-20.479913,-4.117047)
 1742: direction old: -18.693480, new: 113.350147
 1804: Received coach message: online_coach_left (advice (0 (true) (do our {1} (home (pt -20 10))) (do our {2} (home (pt -12 26))) (do our {3} (home (pt 0 0))) (do our {4} (home (pt -20 -10))) (do our {5} (home (pt -12 -26))) (do our {6} (home (pt 20 0))) (do our {7} (home (pt 12 15))) (do our {8} (home (pt 0 0))) (do our {9} (home (pt 12 -15))) (do our {10} (home (pt 35 22))) (do our {11} (home (pt 35 -22))))))
 1804: new home position for player 0: -20 10
 1804: new home position for player 1: -12 26
 1804: new home position for player 2: 0 0
 1804: new home position for player 3: -20 -10
 1804: new home position for player 4: -12 -26
 1804: new home position for player 5: 20 0
 1804: new home position for player 6: 12 15
 1804: new home position for player 7: 0 0
 1804: new home position for player 8: 12 -15
 1804: new home position for player 9: 35 22
 1804: new home position for player 10: 35 -22
(b)r: 1.79677 phi: -156.662 vel: ( -0.772774, -2.1216 ) (1835,0) rel: ( -1.64977, -0.7118 ), (1835,0) global: ( -18.7476, 5.76306 ), (1835,0), changes: -2.68, 3.6 last seen:(1833,0) globalposderived: (1833,0)
 1835: 2 pos: ball(-18.912101,6.044525), ball_prev(-17.050911,10.421174), agentdiff(-0.187411,0.062831)
 1835: direction old: 102.308638, new: 105.195670
(b)r: 1.28986 phi: -78.6734 vel: ( -0.716605, -1.9007 ) (1836,0) rel: ( 0.25333, -1.26474 ), (1836,0) global: ( -19.6744, 4.0225 ), (1836,0), changes: -2.68, 3.6 last seen:(1835,0) globalposderived: (1835,0)
 1836: 2 pos: ball(-19.569372,4.274704), ball_prev(-18.912101,6.044525), agentdiff(0.115214,0.067922)
 1836: vel based on 2 pos: (-0.726136,-1.727478)
 1836: direction old: -173.493624, new: 175.927269
(b)r: 1.3 phi: -87 vel: ( -0.726136, -1.72748 ) (1836,0) rel: ( 0.0680367, -1.29822 ), (1836,0) global: ( -19.5694, 4.2747 ), (1836,0), changes: -2.68, 3.6 last seen:(1836,0) globalposderived: (1836,0)
 2151: Received coach message: online_coach_left (advice (0 (true) (do our {1} (home (pt -20 10))) (do our {2} (home (pt -12 26))) (do our {3} (home (pt 0 0))) (do our {4} (home (pt -20 -10))) (do our {5} (home (pt -12 -26))) (do our {6} (home (pt 0 0))) (do our {7} (home (pt 12 15))) (do our {8} (home (pt 12 -15))) (do our {9} (home (pt 20 0))) (do our {10} (home (pt 35 22))) (do our {11} (home (pt 35 -22))))))
 2151: new home position for player 0: -20 10
 2151: new home position for player 1: -12 26
 2151: new home position for player 2: 0 0
 2151: new home position for player 3: -20 -10
 2151: new home position for player 4: -12 -26
 2151: new home position for player 5: 0 0
 2151: new home position for player 6: 12 15
 2151: new home position for player 7: 12 -15
 2151: new home position for player 8: 20 0
 2151: new home position for player 9: 35 22
 2151: new home position for player 10: 35 -22
(b)r: 1.96206 phi: 8.0719 vel: ( -0.202411, -0.168502 ) (2273,0) rel: ( 1.94263, 0.275505 ), (2273,0) global: ( -7.52272, -6.76295 ), (2273,0), changes: -0.37, -3.5 last seen:(2271,0) globalposderived: (2271,0)
 2273: direction old: -31.222248, new: -27.659447
(b)r: 1.8 phi: 7 vel: ( -0.228844, -0.152898 ) (2273,0) rel: ( 1.78658, 0.219365 ), (2273,0) global: ( -7.67617, -6.53914 ), (2273,0), changes: -0.36, -6.8 last seen:(2273,0) globalposderived: (2273,0)
(b)r: 1.45643 phi: 110.999 vel: ( -0.215113, -0.143724 ) (2274,0) rel: ( -0.521926, 1.3597 ), (2274,0) global: ( -7.90501, -6.69203 ), (2274,0), changes: -0.36, -6.8 last seen:(2273,0) globalposderived: (2273,0)
 2274: 2 pos: ball(-7.976418,-6.918115), ball_prev(-7.676171,-6.539136), agentdiff(-0.090641,-0.178776)
 2274: vel based on 2 pos: (-0.197030,-0.188191)
 2274: direction old: -27.992817, new: -36.934551
(b)r: 1.5 phi: 105 vel: ( -0.19703, -0.188191 ) (2274,0) rel: ( -0.388229, 1.44889 ), (2274,0) global: ( -7.97642, -6.91812 ), (2274,0), changes: -0.36, -6.8 last seen:(2274,0) globalposderived: (2274,0)
(b)r: 1.41584 phi: 10.0883 vel: ( -0.185208, -0.1769 ) (2275,0) rel: ( 1.39395, 0.248007 ), (2275,0) global: ( -8.17345, -7.10631 ), (2275,0), changes: -0.36, -6.8 last seen:(2274,0) globalposderived: (2274,0)
(b)r: 0.889065 phi: -0.808714 vel: ( -0.174096, -0.166286 ) (2276,0) rel: ( 0.888977, -0.0125485 ), (2276,0) global: ( -8.35866, -7.28321 ), (2276,0), changes: -0.36, -6.8 last seen:(2274,0) globalposderived: (2274,0)
 2276: direction old: -80.530937, new: -95.083483
(b)r: 0.8 phi: -40 vel: ( -0.564025, -0.287455 ) (2276,0) rel: ( 0.612836, -0.51423 ), (2276,0) global: ( -8.57088, -7.23268 ), (2276,0), changes: 0.208, -46.4 last seen:(2276,0) globalposderived: (2276,0)
 2276: ball (-8.570875,-7.232679), agent (-8.499990,-6.435826), to (-0.027239,-11.747369) ang -55.083483 -55.083483
 2276: relpos body (0.800000,-40.000000), vel. ball:(-0.564025,-0.287455) dist: 1.113924 (0.300000,0.085000,0.728924)
 2276: point good and can reach point 126.069344
 2277: direction old: -41.895322, new: -49.908572
(b)r: 1.8 phi: 5 vel: ( 1.19236, -0.771399 ) (2277,0) rel: ( 1.79315, 0.15688 ), (2277,0) global: ( -7.54135, -7.92935 ), (2277,0), changes: 1.368, 13.2 last seen:(2277,0) globalposderived: (2277,0)
 2402: direction old: 168.004131, new: 157.451983
 2403: direction old: 147.159851, new: 159.720723
 2405: direction old: 164.390467, new: 166.625253
(b)r: 1.2 phi: -9 vel: ( -0.202303, -0.180041 ) (2405,0) rel: ( 1.18523, -0.187721 ), (2405,0) global: ( -23.6041, -6.32131 ), (2405,0), changes: 0.168, 10.5 last seen:(2405,0) globalposderived: (2405,0)
(b)r: 0.857509 phi: 0.45955 vel: ( -0.190165, -0.169239 ) (2406,0) rel: ( 0.857481, 0.00687772 ), (2406,0) global: ( -23.8064, -6.50135 ), (2406,0), changes: 0.168, 10.5 last seen:(2405,0) globalposderived: (2405,0)
 2406: turnWithBall: freeze ball
 2406: direction old: -175.190226, new: 172.913852
(b)r: 0.9 phi: -3 vel: ( -0.195573, -0.171497 ) (2406,0) rel: ( 0.898767, -0.0471024 ), (2406,0) global: ( -23.8168, -6.31604 ), (2406,0), changes: 0.198, 12.6 last seen:(2406,0) globalposderived: (2406,0)
 2406: turnWithBall: kick ball close to desired turnangle 0.000000
 2406: (kick 72.849367 -173.826155), vecDesired (1.414675,-0.112798) -175.913852 posDes(-22.402078,-6.428842)
(b)r: 0.2 phi: -173.576 vel: ( -0.13112, 0.00851095 ) (2407,0) rel: ( -0.198744, -0.0223763 ), (2407,0) global: ( -22.7238, -6.41891 ), (2407,0), changes: 0.198, 12.6 last seen:(2406,0) globalposderived: (2406,0)
 2407: ball (-22.723794,-6.418912), agent (-22.923627,-6.427069), to (-13.312706,-15.800825) ang 175.913852 175.913852
 2407: relpos body (0.200000,-173.576220), vel. ball:(-0.131120,0.008511) dist: 1.113924 (0.300000,0.085000,0.728924)
 2407: point good and can reach point 122.579970
 2408: 2 pos: ball(-21.059677,-7.595695), ball_prev(-23.816753,-6.316044), agentdiff(-0.000000,0.000000)
 2408: direction old: -41.587364, new: -32.086148
 2451: Received coach message: online_coach_left (advice (0 (true) (do our {1} (home (pt -20 10))) (do our {2} (home (pt -12 26))) (do our {3} (home (pt 0 0))) (do our {4} (home (pt -20 -10))) (do our {5} (home (pt -12 -26))) (do our {6} (home (pt 20 0))) (do our {7} (home (pt 12 15))) (do our {8} (home (pt 0 0))) (do our {9} (home (pt 12 -15))) (do our {10} (home (pt 35 22))) (do our {11} (home (pt 35 -22))))))
 2451: new home position for player 0: -20 10
 2451: new home position for player 1: -12 26
 2451: new home position for player 2: 0 0
 2451: new home position for player 3: -20 -10
 2451: new home position for player 4: -12 -26
 2451: new home position for player 5: 20 0
 2451: new home position for player 6: 12 15
 2451: new home position for player 7: 0 0
 2451: new home position for player 8: 12 -15
 2451: new home position for player 9: 35 22
 2451: new home position for player 10: 35 -22
 2751: Received coach message: online_coach_left (advice (0 (true) (do our {1} (home (pt -20 10))) (do our {2} (home (pt -12 26))) (do our {3} (home (pt 12 -15))) (do our {4} (home (pt -20 -10))) (do our {5} (home (pt -12 -26))) (do our {6} (home (pt 0 0))) (do our {7} (home (pt 12 15))) (do our {8} (home (pt 0 0))) (do our {9} (home (pt 35 -22))) (do our {10} (home (pt 35 22))) (do our {11} (home (pt 20 0))))))
 2751: new home position for player 0: -20 10
 2751: new home position for player 1: -12 26
 2751: new home position for player 2: 12 -15
 2751: new home position for player 3: -20 -10
 2751: new home position for player 4: -12 -26
 2751: new home position for player 5: 0 0
 2751: new home position for player 6: 12 15
 2751: new home position for player 7: 0 0
 2751: new home position for player 8: 35 -22
 2751: new home position for player 9: 35 22
 2751: new home position for player 10: 20 0
 2801: Received coach message: online_coach_left (advice (0 (true) (do our {1} (home (pt -20 10))) (do our {2} (home (pt -12 26))) (do our {3} (home (pt 0 0))) (do our {4} (home (pt -20 -10))) (do our {5} (home (pt -12 -26))) (do our {6} (home (pt 35 22))) (do our {7} (home (pt 20 0))) (do our {8} (home (pt 0 0))) (do our {9} (home (pt 35 -22))) (do our {10} (home (pt 12 15))) (do our {11} (home (pt 12 -15))))))
 2801: new home position for player 0: -20 10
 2801: new home position for player 1: -12 26
 2801: new home position for player 2: 0 0
 2801: new home position for player 3: -20 -10
 2801: new home position for player 4: -12 -26
 2801: new home position for player 5: 35 22
 2801: new home position for player 6: 20 0
 2801: new home position for player 7: 0 0
 2801: new home position for player 8: 35 -22
 2801: new home position for player 9: 12 15
 2801: new home position for player 10: 12 -15
 3000: Received coach message: online_coach_left (advice (0 (true) (do our {1} (home (pt -20 10))) (do our {2} (home (pt -12 26))) (do our {3} (home (pt 0 0))) (do our {4} (home (pt 0 0))) (do our {5} (home (pt 35 -22))) (do our {6} (home (pt -12 -26))) (do our {7} (home (pt 12 -15))) (do our {8} (home (pt 20 0))) (do our {9} (home (pt -20 -10))) (do our {10} (home (pt 12 15))) (do our {11} (home (pt 35 22))))))
 3000: new home position for player 0: -20 10
 3000: new home position for player 1: -12 26
 3000: new home position for player 2: 0 0
 3000: new home position for player 3: 0 0
 3000: new home position for player 4: 35 -22
 3000: new home position for player 5: -12 -26
 3000: new home position for player 6: 12 -15
 3000: new home position for player 7: 20 0
 3000: new home position for player 8: -20 -10
 3000: new home position for player 9: 12 15
 3000: new home position for player 10: 35 22
 3000: Received coach message: online_coach_left (advice (0 (true) (do our {1} (home (pt -20 10))) (do our {2} (home (pt -12 26))) (do our {3} (home (pt 0 0))) (do our {4} (home (pt 0 0))) (do our {5} (home (pt 35 -22))) (do our {6} (home (pt -12 -26))) (do our {7} (home (pt 12 -15))) (do our {8} (home (pt -20 -10))) (do our {9} (home (pt 20 0))) (do our {10} (home (pt 12 15))) (do our {11} (home (pt 35 22))))))
 3000: new home position for player 0: -20 10
 3000: new home position for player 1: -12 26
 3000: new home position for player 2: 0 0
 3000: new home position for player 3: 0 0
 3000: new home position for player 4: 35 -22
 3000: new home position for player 5: -12 -26
 3000: new home position for player 6: 12 -15
 3000: new home position for player 7: -20 -10
 3000: new home position for player 8: 20 0
 3000: new home position for player 9: 12 15
 3000: new home position for player 10: 35 22
 3000: Received coach message: online_coach_left (advice (0 (true) (do our {1} (home (pt -20 10))) (do our {2} (home (pt -12 26))) (do our {3} (home (pt 0 0))) (do our {4} (home (pt 20 0))) (do our {5} (home (pt 35 -22))) (do our {6} (home (pt -12 -26))) (do our {7} (home (pt 12 -15))) (do our {8} (home (pt -20 -10))) (do our {9} (home (pt 0 0))) (do our {10} (home (pt 12 15))) (do our {11} (home (pt 35 22))))))
 3000: new home position for player 0: -20 10
 3000: new home position for player 1: -12 26
 3000: new home position for player 2: 0 0
 3000: new home position for player 3: 20 0
 3000: new home position for player 4: 35 -22
 3000: new home position for player 5: -12 -26
 3000: new home position for player 6: 12 -15
 3000: new home position for player 7: -20 -10
 3000: new home position for player 8: 0 0
 3000: new home position for player 9: 12 15
 3000: new home position for player 10: 35 22
 3000: Received coach message: online_coach_left (advice (0 (true) (do our {1} (home (pt -20 10))) (do our {2} (home (pt -12 26))) (do our {3} (home (pt 0 0))) (do our {4} (home (pt 0 0))) (do our {5} (home (pt 35 -22))) (do our {6} (home (pt -12 -26))) (do our {7} (home (pt 12 -15))) (do our {8} (home (pt -20 -10))) (do our {9} (home (pt 20 0))) (do our {10} (home (pt 12 15))) (do our {11} (home (pt 35 22))))))
 3000: new home position for player 0: -20 10
 3000: new home position for player 1: -12 26
 3000: new home position for player 2: 0 0
 3000: new home position for player 3: 0 0
 3000: new home position for player 4: 35 -22
 3000: new home position for player 5: -12 -26
 3000: new home position for player 6: 12 -15
 3000: new home position for player 7: -20 -10
 3000: new home position for player 8: 20 0
 3000: new home position for player 9: 12 15
 3000: new home position for player 10: 35 22
 3000: Received coach message: online_coach_left (advice (0 (true) (do our {1} (home (pt -20 10))) (do our {2} (home (pt -12 26))) (do our {3} (home (pt 0 0))) (do our {4} (home (pt 0 0))) (do our {5} (home (pt 35 -22))) (do our {6} (home (pt -12 -26))) (do our {7} (home (pt 12 -15))) (do our {8} (home (pt -20 -10))) (do our {9} (home (pt 20 0))) (do our {10} (home (pt 12 15))) (do our {11} (home (pt 35 22))))))
 3000: new home position for player 0: -20 10
 3000: new home position for player 1: -12 26
 3000: new home position for player 2: 0 0
 3000: new home position for player 3: 0 0
 3000: new home position for player 4: 35 -22
 3000: new home position for player 5: -12 -26
 3000: new home position for player 6: 12 -15
 3000: new home position for player 7: -20 -10
 3000: new home position for player 8: 20 0
 3000: new home position for player 9: 12 15
 3000: new home position for player 10: 35 22
 3000: Received coach message: online_coach_left (advice (0 (true) (do our {1} (home (pt -20 10))) (do our {2} (home (pt -12 26))) (do our {3} (home (pt 20 0))) (do our {4} (home (pt 0 0))) (do our {5} (home (pt 35 -22))) (do our {6} (home (pt -12 -26))) (do our {7} (home (pt 12 -15))) (do our {8} (home (pt -20 -10))) (do our {9} (home (pt 0 0))) (do our {10} (home (pt 12 15))) (do our {11} (home (pt 35 22))))))
 3000: new home position for player 0: -20 10
 3000: new home position for player 1: -12 26
 3000: new home position for player 2: 20 0
 3000: new home position for player 3: 0 0
 3000: new home position for player 4: 35 -22
 3000: new home position for player 5: -12 -26
 3000: new home position for player 6: 12 -15
 3000: new home position for player 7: -20 -10
 3000: new home position for player 8: 0 0
 3000: new home position for player 9: 12 15
 3000: new home position for player 10: 35 22
 3000: Received coach message: online_coach_left (advice (0 (true) (do our {1} (home (pt -20 10))) (do our {2} (home (pt -12 26))) (do our {3} (home (pt 0 0))) (do our {4} (home (pt 0 0))) (do our {5} (home (pt 35 -22))) (do our {6} (home (pt -12 -26))) (do our {7} (home (pt 12 -15))) (do our {8} (home (pt -20 -10))) (do our {9} (home (pt 20 0))) (do our {10} (home (pt 12 15))) (do our {11} (home (pt 35 22))))))
 3000: new home position for player 0: -20 10
 3000: new home position for player 1: -12 26
 3000: new home position for player 2: 0 0
 3000: new home position for player 3: 0 0
 3000: new home position for player 4: 35 -22
 3000: new home position for player 5: -12 -26
 3000: new home position for player 6: 12 -15
 3000: new home position for player 7: -20 -10
 3000: new home position for player 8: 20 0
 3000: new home position for player 9: 12 15
 3000: new home position for player 10: 35 22
 3000: Received coach message: online_coach_left (advice (0 (true) (do our {1} (home (pt -20 10))) (do our {2} (home (pt -12 26))) (do our {3} (home (pt 20 0))) (do our {4} (home (pt 0 0))) (do our {5} (home (pt 35 -22))) (do our {6} (home (pt -12 -26))) (do our {7} (home (pt 12 -15))) (do our {8} (home (pt -20 -10))) (do our {9} (home (pt 0 0))) (do our {10} (home (pt 12 15))) (do our {11} (home (pt 35 22))))))
 3000: new home position for player 0: -20 10
 3000: new home position for player 1: -12 26
 3000: new home position for player 2: 20 0
 3000: new home position for player 3: 0 0
 3000: new home position for player 4: 35 -22
 3000: new home position for player 5: -12 -26
 3000: new home position for player 6: 12 -15
 3000: new home position for player 7: -20 -10
 3000: new home position for player 8: 0 0
 3000: new home position for player 9: 12 15
 3000: new home position for player 10: 35 22
 3000: Received coach message: online_coach_left (advice (0 (true) (do our {1} (home (pt -20 10))) (do our {2} (home (pt -12 26))) (do our {3} (home (pt 20 0))) (do our {4} (home (pt 0 0))) (do our {5} (home (pt 35 -22))) (do our {6} (home (pt -12 -26))) (do our {7} (home (pt 12 -15))) (do our {8} (home (pt -20 -10))) (do our {9} (home (pt 0 0))) (do our {10} (home (pt 12 15))) (do our {11} (home (pt 35 22))))))
 3000: new home position for player 0: -20 10
 3000: new home position for player 1: -12 26
 3000: new home position for player 2: 20 0
 3000: new home position for player 3: 0 0
 3000: new home position for player 4: 35 -22
 3000: new home position for player 5: -12 -26
 3000: new home position for player 6: 12 -15
 3000: new home position for player 7: -20 -10
 3000: new home position for player 8: 0 0
 3000: new home position for player 9: 12 15
 3000: new home position for player 10: 35 22
 3000: Received coach message: online_coach_left (advice (0 (true) (do our {1} (home (pt -20 10))) (do our {2} (home (pt -12 26))) (do our {3} (home (pt 0 0))) (do our {4} (home (pt 0 0))) (do our {5} (home (pt 35 -22))) (do our {6} (home (pt -12 -26))) (do our {7} (home (pt 12 -15))) (do our {8} (home (pt -20 -10))) (do our {9} (home (pt 20 0))) (do our {10} (home (pt 12 15))) (do our {11} (home (pt 35 22))))))
 3000: new home position for player 0: -20 10
 3000: new home position for player 1: -12 26
 3000: new home position for player 2: 0 0
 3000: new home position for player 3: 0 0
 3000: new home position for player 4: 35 -22
 3000: new home position for player 5: -12 -26
 3000: new home position for player 6: 12 -15
 3000: new home position for player 7: -20 -10
 3000: new home position for player 8: 20 0
 3000: new home position for player 9: 12 15
 3000: new home position for player 10: 35 22
 3000: Received coach message: online_coach_left (advice (0 (true) (do our {1} (home (pt -20 10))) (do our {2} (home (pt -12 26))) (do our {3} (home (pt 20 0))) (do our {4} (home (pt 0 0))) (do our {5} (home (pt 35 -22))) (do our {6} (home (pt -12 -26))) (do our {7} (home (pt 12 -15))) (do our {8} (home (pt -20 -10))) (do our {9} (home (pt 0 0))) (do our {10} (home (pt 12 15))) (do our {11} (home (pt 35 22))))))
 3000: new home position for player 0: -20 10
 3000: new home position for player 1: -12 26
 3000: new home position for player 2: 20 0
 3000: new home position for player 3: 0 0
 3000: new home position for player 4: 35 -22
 3000: new home position for player 5: -12 -26
 3000: new home position for player 6: 12 -15
 3000: new home position for player 7: -20 -10
 3000: new home position for player 8: 0 0
 3000: new home position for player 9: 12 15
 3000: new home position for player 10: 35 22
 3000: Received coach message: online_coach_left (advice (0 (true) (do our {1} (home (pt -20 10))) (do our {2} (home (pt -12 26))) (do our {3} (home (pt 0 0))) (do our {4} (home (pt 0 0))) (do our {5} (home (pt 35 -22))) (do our {6} (home (pt -12 -26))) (do our {7} (home (pt 12 -15))) (do our {8} (home (pt -20 -10))) (do our {9} (home (pt 20 0))) (do our {10} (home (pt 12 15))) (do our {11} (home (pt 35 22))))))
 3000: new home position for player 0: -20 10
 3000: new home position for player 1: -12 26
 3000: new home position for player 2: 0 0
 3000: new home position for player 3: 0 0
 3000: new home position for player 4: 35 -22
 3000: new home position for player 5: -12 -26
 3000: new home position for player 6: 12 -15
 3000: new home position for player 7: -20 -10
 3000: new home position for player 8: 20 0
 3000: new home position for player 9: 12 15
 3000: new home position for player 10: 35 22
 3000: Received coach message: online_coach_left (advice (0 (true) (do our {1} (home (pt -20 10))) (do our {2} (home (pt -12 26))) (do our {3} (home (pt 20 0))) (do our {4} (home (pt 0 0))) (do our {5} (home (pt 35 -22))) (do our {6} (home (pt -12 -26))) (do our {7} (home (pt 12 -15))) (do our {8} (home (pt -20 -10))) (do our {9} (home (pt 0 0))) (do our {10} (home (pt 12 15))) (do our {11} (home (pt 35 22))))))
 3000: new home position for player 0: -20 10
 3000: new home position for player 1: -12 26
 3000: new home position for player 2: 20 0
 3000: new home position for player 3: 0 0
 3000: new home position for player 4: 35 -22
 3000: new home position for player 5: -12 -26
 3000: new home position for player 6: 12 -15
 3000: new home position for player 7: -20 -10
 3000: new home position for player 8: 0 0
 3000: new home position for player 9: 12 15
 3000: new home position for player 10: 35 22
 3000: Received coach message: online_coach_left (advice (0 (true) (do our {1} (home (pt -20 10))) (do our {2} (home (pt -12 26))) (do our {3} (home (pt 20 0))) (do our {4} (home (pt 0 0))) (do our {5} (home (pt 35 -22))) (do our {6} (home (pt -12 -26))) (do our {7} (home (pt 12 -15))) (do our {8} (home (pt -20 -10))) (do our {9} (home (pt 0 0))) (do our {10} (home (pt 12 15))) (do our {11} (home (pt 35 22))))))
 3000: new home position for player 0: -20 10
 3000: new home position for player 1: -12 26
 3000: new home position for player 2: 20 0
 3000: new home position for player 3: 0 0
 3000: new home position for player 4: 35 -22
 3000: new home position for player 5: -12 -26
 3000: new home position for player 6: 12 -15
 3000: new home position for player 7: -20 -10
 3000: new home position for player 8: 0 0
 3000: new home position for player 9: 12 15
 3000: new home position for player 10: 35 22
 3000: Received coach message: online_coach_left (advice (0 (true) (do our {1} (home (pt -20 10))) (do our {2} (home (pt -12 26))) (do our {3} (home (pt 0 0))) (do our {4} (home (pt 20 0))) (do our {5} (home (pt 35 -22))) (do our {6} (home (pt -12 -26))) (do our {7} (home (pt 12 -15))) (do our {8} (home (pt -20 -10))) (do our {9} (home (pt 0 0))) (do our {10} (home (pt 12 15))) (do our {11} (home (pt 35 22))))))
 3000: new home position for player 0: -20 10
 3000: new home position for player 1: -12 26
 3000: new home position for player 2: 0 0
 3000: new home position for player 3: 20 0
 3000: new home position for player 4: 35 -22
 3000: new home position for player 5: -12 -26
 3000: new home position for player 6: 12 -15
 3000: new home position for player 7: -20 -10
 3000: new home position for player 8: 0 0
 3000: new home position for player 9: 12 15
 3000: new home position for player 10: 35 22
 3000: Received coach message: online_coach_left (advice (0 (true) (do our {1} (home (pt -20 10))) (do our {2} (home (pt -12 26))) (do our {3} (home (pt 0 0))) (do our {4} (home (pt 0 0))) (do our {5} (home (pt 35 -22))) (do our {6} (home (pt -12 -26))) (do our {7} (home (pt 12 -15))) (do our {8} (home (pt -20 -10))) (do our {9} (home (pt 20 0))) (do our {10} (home (pt 12 15))) (do our {11} (home (pt 35 22))))))
 3000: new home position for player 0: -20 10
 3000: new home position for player 1: -12 26
 3000: new home position for player 2: 0 0
 3000: new home position for player 3: 0 0
 3000: new home position for player 4: 35 -22
 3000: new home position for player 5: -12 -26
 3000: new home position for player 6: 12 -15
 3000: new home position for player 7: -20 -10
 3000: new home position for player 8: 20 0
 3000: new home position for player 9: 12 15
 3000: new home position for player 10: 35 22
 3000: Received coach message: online_coach_left (advice (0 (true) (do our {1} (home (pt -20 10))) (do our {2} (home (pt -12 26))) (do our {3} (home (pt 20 0))) (do our {4} (home (pt 0 0))) (do our {5} (home (pt 35 -22))) (do our {6} (home (pt -12 -26))) (do our {7} (home (pt 12 -15))) (do our {8} (home (pt -20 -10))) (do our {9} (home (pt 0 0))) (do our {10} (home (pt 12 15))) (do our {11} (home (pt 35 22))))))
 3000: new home position for player 0: -20 10
 3000: new home position for player 1: -12 26
 3000: new home position for player 2: 20 0
 3000: new home position for player 3: 0 0
 3000: new home position for player 4: 35 -22
 3000: new home position for player 5: -12 -26
 3000: new home position for player 6: 12 -15
 3000: new home position for player 7: -20 -10
 3000: new home position for player 8: 0 0
 3000: new home position for player 9: 12 15
 3000: new home position for player 10: 35 22
