 0: change player from message 62 -> 1
 0: changed player from message 62 -> 1
 0: change player from message 63 -> 2
 0: changed player from message 63 -> 2
 0: change player from message 64 -> 3
 0: changed player from message 64 -> 3
 0: change player from message 65 -> 4
 0: changed player from message 65 -> 4
 0: change player from message 66 -> 5
 0: changed player from message 66 -> 5
 0: change player from message 67 -> 6
 0: changed player from message 67 -> 6
 0: change player from message 68 -> 7
 0: changed player from message 68 -> 7
 0: change player from message 69 -> 8
 0: changed player from message 69 -> 8
 0: change player from message 70 -> 9
 0: changed player from message 70 -> 9
 0: change player from message 71 -> 10
 0: changed player from message 71 -> 10
(b)r: 1.06623 phi: 19.4911 vel: ( -0.0227747, -1.81959 ) (33,0) rel: ( 1.00513, 0.35576 ), (33,0) global: ( 1.22163, -13.6993 ), (33,0), changes: -2.146, 4.1 last seen:(32,0) globalposderived: (32,0)
(b)r: 1.21425 phi: 128.897 vel: ( -0.0214082, -1.71041 ) (34,0) rel: ( -0.76245, 0.945031 ), (34,0) global: ( 1.19885, -15.5189 ), (34,0), changes: -2.146, 4.1 last seen:(32,0) globalposderived: (32,0)
 34: 2 pos: ball(1.434023,-15.442873), ball_prev(1.245857,-11.763580), agentdiff(0.223927,-0.041750)
 34: direction old: -119.944805, new: -111.274276
(b)r: 1.1 phi: 125 vel: ( -0.0214082, -1.71041 ) (34,0) rel: ( -0.630934, 0.901067 ), (34,0) global: ( 1.43402, -15.4429 ), (34,0), changes: -2.146, 4.1 last seen:(34,0) globalposderived: (34,0)
 58: direction old: -85.663984, new: -85.838901
(b)r: 1.5472 phi: 4.91445 vel: ( 0, 0 ) (59,0) rel: ( 1.54151, 0.132546 ), (59,0) global: ( 1.41898, -34 ), (59,0), changes: -0.35, 0.4 last seen:(58,0) globalposderived: (58,0)
 59: direction old: -82.668284, new: -83.416064
(b)r: 1.6 phi: 4 vel: ( 0, 0 ) (59,0) rel: ( 1.5961, 0.11161 ), (59,0) global: ( 1.39793, -34 ), (59,0), changes: -0.32, 0.8 last seen:(59,0) globalposderived: (59,0)
(b)r: 1.28786 phi: -3.25836 vel: ( 0, 0 ) (60,0) rel: ( 1.28577, -0.0731997 ), (60,0) global: ( 1.39793, -34 ), (60,0), changes: -0.32, 0.8 last seen:(59,0) globalposderived: (59,0)
(b)r: 0.586912 phi: -4.76205 vel: ( 0, 0 ) (61,0) rel: ( 0.584886, -0.0487242 ), (61,0) global: ( 1.39793, -34 ), (61,0), changes: -0.32, 0.8 last seen:(59,0) globalposderived: (59,0)
 61: ball (1.397930,-34.000000), agent (1.346473,-33.415348), to (-1000.000000,-1000.000000) ang -80.208049 -80.208049
 61: relpos body (0.586912,-4.762055), vel. ball:(0.000000,0.000000) dist: 1.046092 (0.300000,0.085000,0.661092)
 61: pos (-63.384909,-61.144347) too far, but can acc ball good to 2.475982 k=2.475982,0.000000
 61: direction old: -87.645576, new: -89.604937
(b)r: 0.6 phi: -1 vel: ( 0, 0 ) (61,0) rel: ( 0.599909, -0.0104714 ), (61,0) global: ( 0.234439, -34 ), (61,0), changes: -0.276, 0.6 last seen:(61,0) globalposderived: (61,0)
 61: ball (0.234439,-34.000000), agent (0.000000,0.000000), to (-1000.000000,-1000.000000) ang -66.000000 -66.000000
 61: relpos body (0.600000,-1.000000), vel. ball:(0.000000,0.000000) dist: 1.046092 (0.300000,0.085000,0.661092)
 61: pos (-63.349379,-61.181157) too far, but can acc ball good to 2.476727 k=2.476727,0.000000
 101: Received coach message: online_coach_left (advice (0 (true) (do our {1} (home (pt 0 0))) (do our {2} (home (pt -12 26))) (do our {3} (home (pt -20 10))) (do our {4} (home (pt -20 -10))) (do our {5} (home (pt -12 -26))) (do our {6} (home (pt 20 0))) (do our {7} (home (pt 12 15))) (do our {8} (home (pt 12 -15))) (do our {9} (home (pt 0 0))) (do our {10} (home (pt 35 22))) (do our {11} (home (pt 35 -22))))))
 101: new home position for player 0: 0 0
 101: new home position for player 1: -12 26
 101: new home position for player 2: -20 10
 101: new home position for player 3: -20 -10
 101: new home position for player 4: -12 -26
 101: new home position for player 5: 20 0
 101: new home position for player 6: 12 15
 101: new home position for player 7: 12 -15
 101: new home position for player 8: 0 0
 101: new home position for player 9: 35 22
 101: new home position for player 10: 35 -22
 178: direction old: -121.974785, new: -150.982811
 179: 2 pos: ball(-1.279781,-24.508643), ball_prev(-2.273825,-24.545985), agentdiff(0.000000,0.000000)
 179: vel based on 2 pos: (0.934401,0.035102)
 179: direction old: -150.982811, new: -128.982811
(b)r: 1.2 phi: -84 vel: ( 0.934401, 0.0351018 ) (179,0) rel: ( 0.125434, -1.19343 ), (179,0) global: ( -1.27978, -24.5086 ), (179,0), changes: -1.08, 5.9 last seen:(179,0) globalposderived: (179,0)
(b)r: 0.915469 phi: -33.7099 vel: ( 0.878337, 0.0329957 ) (180,0) rel: ( 0.76154, -0.508075 ), (180,0) global: ( -0.34538, -24.4735 ), (180,0), changes: -1.08, 5.9 last seen:(179,0) globalposderived: (179,0)
 180: turnWithBall: kick ball close to desired turnangle 23.970816
 180: (kick 60.347279 164.781829), vecDesired (0.268950,1.097088) 68.953627 posDes(-0.076430,-23.376453)
(b)r: 0.508082 phi: 68.3397 vel: ( 0.269732, 1.03318 ) (181,0) rel: ( 0.187534, 0.472205 ), (181,0) global: ( -0.0584305, -23.3744 ), (181,0), changes: -1.08, 5.9 last seen:(179,0) globalposderived: (179,0)
 181: turnWithBall: freeze ball
 181: 2 pos: ball(-0.140405,-23.465471), ball_prev(-1.279781,-24.508643), agentdiff(0.000000,0.000000)
 181: direction old: 23.356923, new: 16.017189
(b)r: 0.4 phi: 61 vel: ( 0.269732, 1.03318 ) (181,0) rel: ( 0.193924, 0.349848 ), (181,0) global: ( -0.140405, -23.4655 ), (181,0), changes: -1.08, 5.9 last seen:(181,0) globalposderived: (181,0)
 181: turnWithBall: freeze ball
(b)r: 0.416338 phi: 61.5617 vel: ( 0.0136843, 0.00792018 ) (182,0) rel: ( 0.198265, 0.366098 ), (182,0) global: ( -0.125847, -23.457 ), (182,0), changes: -1.08, 5.9 last seen:(181,0) globalposderived: (181,0)
 182: turnWithBall: turn since ball will be kickable in t+1
 182: 2 pos: ball(-0.136787,-23.478956), ball_prev(-0.140405,-23.465471), agentdiff(0.000000,0.000000)
 182: vel based on 2 pos: (0.003401,-0.012676)
 182: direction old: 16.578923, new: 14.017189
(b)r: 0.4 phi: 59 vel: ( 0.0034006, -0.012676 ) (182,0) rel: ( 0.206015, 0.342867 ), (182,0) global: ( -0.136787, -23.479 ), (182,0), changes: -1.08, 5.9 last seen:(182,0) globalposderived: (182,0)
 182: turnWithBall: turn since ball will be kickable in t+1
(b)r: 0.400444 phi: -11.8315 vel: ( 0.00319656, -0.0119154 ) (183,0) rel: ( 0.391937, -0.0821047 ), (183,0) global: ( -0.133387, -23.4916 ), (183,0), changes: -1.08, 5.9 last seen:(182,0) globalposderived: (182,0)
 183: ball (-0.133387,-23.491632), agent (-0.524876,-23.575841), to (4.043886,-21.544485) ang 23.970816 23.970816
 183: relpos body (0.400444,-11.831497), vel. ball:(0.003197,-0.011915) dist: 1.046092 (0.300000,0.085000,0.661092)
 183: point good and can reach point 29.292012
(b)r: 1.15829 phi: -4.00654 vel: ( 0.655363, 0.292595 ) (184,0) rel: ( 1.15546, -0.0809303 ), (184,0) global: ( 0.563808, -23.1804 ), (184,0), changes: -1.08, 5.9 last seen:(182,0) globalposderived: (182,0)
 184: direction old: 6.389205, new: 20.247445
(b)r: 1.2 phi: -4 vel: ( 0.656013, 0.296429 ) (184,0) rel: ( 1.19708, -0.0837078 ), (184,0) global: ( 0.548107, -22.8929 ), (184,0), changes: 0.72, 2.6 last seen:(184,0) globalposderived: (184,0)
(b)r: 1.42544 phi: -2.9849 vel: ( 0.616652, 0.278643 ) (185,0) rel: ( 1.42351, -0.0742268 ), (185,0) global: ( 1.20412, -22.5965 ), (185,0), changes: 0.72, 2.6 last seen:(184,0) globalposderived: (184,0)
 185: direction old: 28.275986, new: 20.348874
(b)r: 1.3 phi: -4 vel: ( 0.598021, 0.266586 ) (185,0) rel: ( 1.29683, -0.0906834 ), (185,0) global: ( 1.17446, -22.816 ), (185,0), changes: 0.442, 1.2 last seen:(185,0) globalposderived: (185,0)
(b)r: 1.23242 phi: -6.16874 vel: ( 0.562139, 0.250591 ) (186,0) rel: ( 1.22528, -0.132432 ), (186,0) global: ( 1.77248, -22.5494 ), (186,0), changes: 0.442, 1.2 last seen:(185,0) globalposderived: (185,0)
(b)r: 1.56188 phi: 4.89102 vel: ( 0.528411, 0.235556 ) (187,0) rel: ( 1.55619, 0.133167 ), (187,0) global: ( 2.33462, -22.2988 ), (187,0), changes: 0.442, 1.2 last seen:(185,0) globalposderived: (185,0)
 187: direction old: 12.039482, new: 17.832760
(b)r: 1.6 phi: 4 vel: ( 0.522671, 0.223633 ) (187,0) rel: ( 1.5961, 0.11161 ), (187,0) global: ( 2.39426, -22.121 ), (187,0), changes: 0.448, 1 last seen:(187,0) globalposderived: (187,0)
(b)r: 1.51735 phi: 5.567 vel: ( 0.491311, 0.210215 ) (188,0) rel: ( 1.51019, 0.147197 ), (188,0) global: ( 2.91693, -21.8973 ), (188,0), changes: 0.448, 1 last seen:(187,0) globalposderived: (187,0)
 188: direction old: 20.918306, new: 20.026358
(b)r: 1.5 phi: 6 vel: ( 0.485285, 0.206847 ) (188,0) rel: ( 1.49178, 0.156793 ), (188,0) global: ( 2.85572, -21.9457 ), (188,0), changes: 0.27, 1.2 last seen:(188,0) globalposderived: (188,0)
(b)r: 1.30217 phi: 8.91482 vel: ( 0.456168, 0.194436 ) (189,0) rel: ( 1.28644, 0.201792 ), (189,0) global: ( 3.341, -21.7389 ), (189,0), changes: 0.27, 1.2 last seen:(188,0) globalposderived: (188,0)
(b)r: 1.5162 phi: -0.69861 vel: ( 0.428797, 0.18277 ) (190,0) rel: ( 1.51609, -0.0184867 ), (190,0) global: ( 3.79717, -21.5444 ), (190,0), changes: 0.27, 1.2 last seen:(188,0) globalposderived: (188,0)
 190: direction old: 29.324315, new: 22.921671
(b)r: 1.5 phi: -3 vel: ( 0.419006, 0.171016 ) (190,0) rel: ( 1.49794, -0.0785039 ), (190,0) global: ( 3.82849, -21.7187 ), (190,0), changes: 0.33, 0.1 last seen:(190,0) globalposderived: (190,0)
(b)r: 1.3298 phi: -4.18214 vel: ( 0.393865, 0.160755 ) (191,0) rel: ( 1.32626, -0.0969786 ), (191,0) global: ( 4.24749, -21.5477 ), (191,0), changes: 0.33, 0.1 last seen:(190,0) globalposderived: (190,0)
 191: direction old: 21.702872, new: 21.762143
(b)r: 1.2 phi: -4 vel: ( 0.375486, 0.150526 ) (191,0) rel: ( 1.19708, -0.0837078 ), (191,0) global: ( 4.12639, -21.5946 ), (191,0), changes: 0.144, -0.7 last seen:(191,0) globalposderived: (191,0)
(b)r: 0.828938 phi: -7.71927 vel: ( 0.352956, 0.141495 ) (192,0) rel: ( 0.821427, -0.111343 ), (192,0) global: ( 4.50188, -21.444 ), (192,0), changes: 0.144, -0.7 last seen:(191,0) globalposderived: (191,0)
 192: ball (4.501877,-21.444033), agent (3.713701,-21.700779), to (8.216732,-19.527598) ang 25.762143 25.762143
 192: relpos body (0.828938,-7.719268), vel. ball:(0.352956,0.141495) dist: 1.046092 (0.300000,0.085000,0.661092)
 192: point good and can reach point 17.772048
(b)r: 1.26749 phi: -4.18375 vel: ( 0.633105, 0.319559 ) (193,0) rel: ( 1.26411, -0.0924699 ), (193,0) global: ( 5.17539, -21.1041 ), (193,0), changes: 0.144, -0.7 last seen:(191,0) globalposderived: (191,0)
 193: direction old: 15.660002, new: 18.690219
(b)r: 1.2 phi: -7 vel: ( 0.613091, 0.293249 ) (193,0) rel: ( 1.19106, -0.146243 ), (193,0) global: ( 5.05735, -21.0713 ), (193,0), changes: 0.528, 2.4 last seen:(193,0) globalposderived: (193,0)
(b)r: 1.74669 phi: 3.08603 vel: ( 0.576306, 0.275654 ) (194,0) rel: ( 1.74416, 0.0940335 ), (194,0) global: ( 5.67044, -20.778 ), (194,0), changes: 0.528, 2.4 last seen:(193,0) globalposderived: (193,0)
 194: direction old: 25.292712, new: 21.792692
(b)r: 1.8 phi: 4 vel: ( 0.586584, 0.282992 ) (194,0) rel: ( 1.79562, 0.125562 ), (194,0) global: ( 5.79099, -20.8426 ), (194,0), changes: 0.612, 1.5 last seen:(194,0) globalposderived: (194,0)
 196: direction old: 22.995048, new: 27.509036
(b)r: 2 phi: 10 vel: ( 0.525712, 0.256244 ) (196,0) rel: ( 1.96962, 0.347296 ), (196,0) global: ( 6.90407, -20.1332 ), (196,0), changes: 0.4, 1 last seen:(196,0) globalposderived: (196,0)
 197: direction old: 27.886033, new: 29.135128
 251: Received coach message: online_coach_left (advice (0 (true) (do our {1} (home (pt 0 0))) (do our {2} (home (pt -12 26))) (do our {3} (home (pt -20 10))) (do our {4} (home (pt -20 -10))) (do our {5} (home (pt -12 -26))) (do our {6} (home (pt 0 0))) (do our {7} (home (pt 20 0))) (do our {8} (home (pt 12 -15))) (do our {9} (home (pt 12 15))) (do our {10} (home (pt 35 22))) (do our {11} (home (pt 35 -22))))))
 251: new home position for player 0: 0 0
 251: new home position for player 1: -12 26
 251: new home position for player 2: -20 10
 251: new home position for player 3: -20 -10
 251: new home position for player 4: -12 -26
 251: new home position for player 5: 0 0
 251: new home position for player 6: 20 0
 251: new home position for player 7: 12 -15
 251: new home position for player 8: 12 15
 251: new home position for player 9: 35 22
 251: new home position for player 10: 35 -22
 301: Received coach message: online_coach_left (advice (0 (true) (do our {1} (home (pt -20 10))) (do our {2} (home (pt -12 26))) (do our {3} (home (pt 0 0))) (do our {4} (home (pt -20 -10))) (do our {5} (home (pt -12 -26))) (do our {6} (home (pt 20 0))) (do our {7} (home (pt 0 0))) (do our {8} (home (pt 12 -15))) (do our {9} (home (pt 12 15))) (do our {10} (home (pt 35 22))) (do our {11} (home (pt 35 -22))))))
 301: new home position for player 0: -20 10
 301: new home position for player 1: -12 26
 301: new home position for player 2: 0 0
 301: new home position for player 3: -20 -10
 301: new home position for player 4: -12 -26
 301: new home position for player 5: 20 0
 301: new home position for player 6: 0 0
 301: new home position for player 7: 12 -15
 301: new home position for player 8: 12 15
 301: new home position for player 9: 35 22
 301: new home position for player 10: 35 -22
 401: Received coach message: online_coach_left (advice (0 (true) (do our {1} (home (pt -20 10))) (do our {2} (home (pt -12 26))) (do our {3} (home (pt 0 0))) (do our {4} (home (pt -20 -10))) (do our {5} (home (pt -12 -26))) (do our {6} (home (pt 12 15))) (do our {7} (home (pt 0 0))) (do our {8} (home (pt 12 -15))) (do our {9} (home (pt 20 0))) (do our {10} (home (pt 35 22))) (do our {11} (home (pt 35 -22))))))
 401: new home position for player 0: -20 10
 401: new home position for player 1: -12 26
 401: new home position for player 2: 0 0
 401: new home position for player 3: -20 -10
 401: new home position for player 4: -12 -26
 401: new home position for player 5: 12 15
 401: new home position for player 6: 0 0
 401: new home position for player 7: 12 -15
 401: new home position for player 8: 20 0
 401: new home position for player 9: 35 22
 401: new home position for player 10: 35 -22
 539: Received coach message: online_coach_left (advice (0 (true) (do our {1} (home (pt -20 -10))) (do our {2} (home (pt -12 26))) (do our {3} (home (pt 0 0))) (do our {4} (home (pt -20 10))) (do our {5} (home (pt 35 -22))) (do our {6} (home (pt 12 15))) (do our {7} (home (pt 0 0))) (do our {8} (home (pt -12 -26))) (do our {9} (home (pt 20 0))) (do our {10} (home (pt 35 22))) (do our {11} (home (pt 12 -15))))))
 539: new home position for player 0: -20 -10
 539: new home position for player 1: -12 26
 539: new home position for player 2: 0 0
 539: new home position for player 3: -20 10
 539: new home position for player 4: 35 -22
 539: new home position for player 5: 12 15
 539: new home position for player 6: 0 0
 539: new home position for player 7: -12 -26
 539: new home position for player 8: 20 0
 539: new home position for player 9: 35 22
 539: new home position for player 10: 12 -15
 651: Received coach message: online_coach_left (advice (0 (true) (do our {1} (home (pt -20 -10))) (do our {2} (home (pt -12 26))) (do our {3} (home (pt 0 0))) (do our {4} (home (pt -20 10))) (do our {5} (home (pt 35 -22))) (do our {6} (home (pt 12 15))) (do our {7} (home (pt 0 0))) (do our {8} (home (pt -12 -26))) (do our {9} (home (pt 20 0))) (do our {10} (home (pt 35 22))) (do our {11} (home (pt 12 -15))))))
 651: new home position for player 0: -20 -10
 651: new home position for player 1: -12 26
 651: new home position for player 2: 0 0
 651: new home position for player 3: -20 10
 651: new home position for player 4: 35 -22
 651: new home position for player 5: 12 15
 651: new home position for player 6: 0 0
 651: new home position for player 7: -12 -26
 651: new home position for player 8: 20 0
 651: new home position for player 9: 35 22
 651: new home position for player 10: 12 -15
(b)r: 1.11357 phi: -29.1571 vel: ( 1.56489, -0.778138 ) (703,0) rel: ( 0.972462, -0.542536 ), (703,0) global: ( -2.10456, -14.9097 ), (703,0), changes: -1.98, 0.1 last seen:(701,0) globalposderived: (701,0)
 703: direction old: 130.572943, new: 139.316181
(b)r: 1.2 phi: -25 vel: ( 1.53526, -0.798466 ) (703,0) rel: ( 1.08757, -0.507142 ), (703,0) global: ( -2.31453, -14.945 ), (703,0), changes: -1.728, -20.1 last seen:(703,0) globalposderived: (703,0)
(b)r: 0.70306 phi: -165.159 vel: ( 1.44315, -0.750558 ) (704,0) rel: ( -0.679606, -0.180081 ), (704,0) global: ( -0.779271, -15.7434 ), (704,0), changes: -1.728, -20.1 last seen:(703,0) globalposderived: (703,0)
 704: turnWithBall: freeze ball
 704: 2 pos: ball(-0.751000,-15.993418), ball_prev(-2.314535,-14.944962), agentdiff(0.036189,-0.177363)
 704: vel based on 2 pos: (1.435704,-0.818826)
 704: direction old: 14.062439, new: -6.806883
(b)r: 0.7 phi: -171 vel: ( 1.4357, -0.818826 ) (704,0) rel: ( -0.691382, -0.109504 ), (704,0) global: ( -0.751, -15.9934 ), (704,0), changes: -1.728, -20.1 last seen:(704,0) globalposderived: (704,0)
 704: turnWithBall: freeze ball
(b)r: 0.752063 phi: -178.01 vel: ( 0.00874399, -0.0921987 ) (705,0) rel: ( -0.751609, -0.0261198 ), (705,0) global: ( -0.741698, -16.0915 ), (705,0), changes: -1.728, -20.1 last seen:(704,0) globalposderived: (704,0)
 705: turnWithBall: turn since ball will be kickable in t+1
(b)r: 0.787443 phi: -29.6489 vel: ( 0.00821936, -0.0866668 ) (706,0) rel: ( 0.684345, -0.389535 ), (706,0) global: ( -0.732954, -16.1837 ), (706,0), changes: -1.728, -20.1 last seen:(704,0) globalposderived: (704,0)
 706: ball (-0.732954,-16.183700), agent (-1.472001,-15.911898), to (3.460050,-15.090391) ang 9.456661 9.456661
 706: relpos body (0.787443,-29.648860), vel. ball:(0.008219,-0.086667) dist: 1.046092 (0.300000,0.085000,0.661092)
 706: point good and can reach point 36.256830
 706: 2 pos: ball(-0.441388,-16.449688), ball_prev(-0.751000,-15.993418), agentdiff(0.111286,-0.144294)
 706: direction old: -11.481445, new: -23.172196
(b)r: 1 phi: -55 vel: ( 0.00821936, -0.0866668 ) (706,0) rel: ( 0.573576, -0.819152 ), (706,0) global: ( -0.441388, -16.4497 ), (706,0), changes: -1.728, -20.1 last seen:(706,0) globalposderived: (706,0)
 706: ball (-0.441388,-16.449688), agent (-1.360715,-16.056192), to (2.887469,-13.419352) ang 31.827804 31.827804
 706: relpos body (1.000000,-55.000000), vel. ball:(0.008219,-0.086667) dist: 1.046092 (0.300000,0.085000,0.661092)
 706: point good and can reach point 44.283070
(b)r: 1.49395 phi: -27.2759 vel: ( 0.535718, 0.481334 ) (707,0) rel: ( 1.32784, -0.684643 ), (707,0) global: ( 0.128524, -15.9376 ), (707,0), changes: -1.728, -20.1 last seen:(706,0) globalposderived: (706,0)
 707: direction old: 4.551859, new: 2.827804
(b)r: 1.5 phi: -29 vel: ( 0.542761, 0.452145 ) (707,0) rel: ( 1.31193, -0.727214 ), (707,0) global: ( 0.137459, -15.9822 ), (707,0), changes: 0.57, 15.1 last seen:(707,0) globalposderived: (707,0)
 709: direction old: 17.202356, new: 19.771270
 718: direction old: 34.353016, new: 34.667982
 719: direction old: 34.467633, new: 34.749983
(b)r: 1.40453 phi: -1.75283 vel: ( 0.244883, 0.204757 ) (720,0) rel: ( 1.40387, -0.0429615 ), (720,0) global: ( 5.27774, -11.6317 ), (720,0), changes: 0, 0.7 last seen:(719,0) globalposderived: (719,0)
(b)r: 0.81337 phi: -1.39904 vel: ( 0.23019, 0.192472 ) (721,0) rel: ( 0.813128, -0.0198588 ), (721,0) global: ( 5.52262, -11.427 ), (721,0), changes: 0, 0.7 last seen:(719,0) globalposderived: (719,0)
 721: turnWithBall: turn since ball will be kickable in t+1
 721: direction old: 15.266595, new: 34.433534
(b)r: 0.9 phi: -1 vel: ( 0.235731, 0.19788 ) (721,0) rel: ( 0.899863, -0.0157072 ), (721,0) global: ( 5.46105, -11.1375 ), (721,0), changes: -0.036, 1.6 last seen:(721,0) globalposderived: (721,0)
 721: turnWithBall: collide with ball
(b)r: 0.352512 phi: -5.86223 vel: ( 0.221588, 0.186007 ) (722,0) rel: ( 0.350669, -0.0360045 ), (722,0) global: ( 5.69678, -10.9396 ), (722,0), changes: -0.036, 1.6 last seen:(721,0) globalposderived: (721,0)
 722: turnWithBall: turn since ball will be kickable in t+1
 722: direction old: 58.659156, new: 30.598225
(b)r: 0.4 phi: -5 vel: ( 0.221644, 0.187262 ) (722,0) rel: ( 0.398478, -0.0348623 ), (722,0) global: ( 5.78427, -11.1577 ), (722,0), changes: -0.04, 0.5 last seen:(722,0) globalposderived: (722,0)
 722: turnWithBall: turn since ball will be kickable in t+1
(b)r: 0.2 phi: 28.8614 vel: ( -0.0208346, -0.0176026 ) (723,0) rel: ( 0.175158, 0.0965386 ), (723,0) global: ( 5.86933, -11.0525 ), (723,0), changes: -0.04, 0.5 last seen:(722,0) globalposderived: (722,0)
 723: ball (5.869329,-11.052484), agent (5.697872,-11.155454), to (10.694431,-10.969984) ang 2.125814 2.125814
 723: relpos body (0.200000,28.861433), vel. ball:(-0.020835,-0.017603) dist: 1.046092 (0.300000,0.085000,0.661092)
 723: point good and can reach point 30.264772
(b)r: 0.991095 phi: 4.6137 vel: ( 0.764022, 0.0125406 ) (724,0) rel: ( 0.987883, 0.0797209 ), (724,0) global: ( 6.68212, -11.0391 ), (724,0), changes: -0.04, 0.5 last seen:(722,0) globalposderived: (722,0)
 724: ball (6.682118,-11.039143), agent (5.697872,-11.155454), to (10.694431,-10.969984) ang 2.125814 2.125814
 724: relpos body (0.991095,4.613700), vel. ball:(0.764022,0.012541) dist: 1.046092 (0.300000,0.085000,0.661092)
 724: point good and can reach point 0.336269
 724: direction old: -13.797641, new: 14.310983
(b)r: 1.1 phi: 11 vel: ( 0.739935, 0.0272392 ) (724,0) rel: ( 1.07979, 0.20989 ), (724,0) global: ( 6.79465, -10.5331 ), (724,0), changes: 0.704, -7.1 last seen:(724,0) globalposderived: (724,0)
(b)r: 1.83041 phi: -4.90499 vel: ( 0.695539, 0.0256049 ) (725,0) rel: ( 1.82371, -0.156507 ), (725,0) global: ( 7.53458, -10.5059 ), (725,0), changes: 0.704, -7.1 last seen:(724,0) globalposderived: (724,0)
 725: direction old: 13.625089, new: 8.786630
(b)r: 1.8 phi: -5 vel: ( 0.693194, 0.0169215 ) (725,0) rel: ( 1.79315, -0.15688 ), (725,0) global: ( 7.48193, -10.6749 ), (725,0), changes: 0.684, -3.1 last seen:(725,0) globalposderived: (725,0)
(b)r: 1.94905 phi: -9.02203 vel: ( 0.651602, 0.0159062 ) (726,0) rel: ( 1.92494, -0.305639 ), (726,0) global: ( 8.17513, -10.6579 ), (726,0), changes: 0.684, -3.1 last seen:(725,0) globalposderived: (725,0)
 727: direction old: 2.685217, new: 3.009185
 728: direction old: 5.865644, new: 1.203057
 730: direction old: -0.972053, new: -2.777275
(b)r: 2 phi: -7 vel: ( 0.520219, 0.00984352 ) (730,0) rel: ( 1.98509, -0.243739 ), (730,0) global: ( 10.5263, -10.8361 ), (730,0), changes: 0.2, -0.2 last seen:(730,0) globalposderived: (730,0)
 731: direction old: -5.145167, new: -2.535924
(b)r: 1.70367 phi: 4.56896 vel: ( 0.424634, 0.00980721 ) (733,0) rel: ( 1.69826, 0.135713 ), (733,0) global: ( 12.0401, -10.7097 ), (733,0), changes: 0.352, 0.5 last seen:(731,0) globalposderived: (731,0)
 733: direction old: 0.640373, new: -0.445316
(b)r: 1.8 phi: 4 vel: ( 0.434142, 0.00789562 ) (733,0) rel: ( 1.79562, 0.125562 ), (733,0) global: ( 12.1923, -10.7421 ), (733,0), changes: 0.144, 0.8 last seen:(733,0) globalposderived: (733,0)
(b)r: 1.37922 phi: 6.3324 vel: ( 0.408093, 0.00742188 ) (734,0) rel: ( 1.37081, 0.152123 ), (734,0) global: ( 12.6264, -10.7342 ), (734,0), changes: 0.144, 0.8 last seen:(733,0) globalposderived: (733,0)
 734: direction old: 1.395232, new: 1.502532
(b)r: 1.5 phi: 6 vel: ( 0.428307, 0.010921 ) (734,0) rel: ( 1.49178, 0.156793 ), (734,0) global: ( 12.6562, -10.7307 ), (734,0), changes: 0.12, 1.2 last seen:(734,0) globalposderived: (734,0)
(b)r: 1.61938 phi: -0.873848 vel: ( 0.402608, 0.0102658 ) (735,0) rel: ( 1.61919, -0.024697 ), (735,0) global: ( 13.0845, -10.7197 ), (735,0), changes: 0.12, 1.2 last seen:(734,0) globalposderived: (734,0)
(b)r: 1.32146 phi: -2.27717 vel: ( 0.378452, 0.00964983 ) (736,0) rel: ( 1.32042, -0.0525065 ), (736,0) global: ( 13.4871, -10.7095 ), (736,0), changes: 0.12, 1.2 last seen:(734,0) globalposderived: (734,0)
 736: direction old: 3.026905, new: 2.665727
(b)r: 1.2 phi: -1 vel: ( 0.372019, 0.0117622 ) (736,0) rel: ( 1.19982, -0.0209429 ), (736,0) global: ( 13.4054, -10.7214 ), (736,0), changes: 0.096, -0.6 last seen:(736,0) globalposderived: (736,0)
(b)r: 0.2 phi: -2.8357 vel: ( -0.0349698, -0.00110564 ) (737,0) rel: ( 0.199755, -0.0098944 ), (737,0) global: ( 13.2154, -10.7177 ), (737,0), changes: 0.096, -0.6 last seen:(736,0) globalposderived: (736,0)
 737: ball (13.215354,-10.717748), agent (13.015375,-10.720645), to (18.005145,-10.400968) ang 3.665727 3.665727
 737: relpos body (0.200000,-2.835695), vel. ball:(-0.034970,-0.001106) dist: 1.046092 (0.300000,0.085000,0.661092)
 737: point good and can reach point 29.713079
 737: direction old: 7.969438, new: 5.589953
(b)r: 0.8 phi: 2 vel: ( 0.338841, 0.00791081 ) (737,0) rel: ( 0.799513, 0.0279196 ), (737,0) global: ( 13.8144, -10.6674 ), (737,0), changes: 0.368, -1.8 last seen:(737,0) globalposderived: (737,0)
 737: ball (13.814439,-10.667416), agent (13.018243,-10.745343), to (18.008432,-10.432265) ang 3.589953 3.589953
 737: relpos body (0.800000,2.000000), vel. ball:(0.338841,0.007911) dist: 1.046092 (0.300000,0.085000,0.661092)
 737: point good and can reach point 19.059942
(b)r: 1.82215 phi: 0.444776 vel: ( 0.935763, 0.0461618 ) (738,0) rel: ( 1.8221, 0.0141449 ), (738,0) global: ( 14.8099, -10.6183 ), (738,0), changes: 0.368, -1.8 last seen:(737,0) globalposderived: (737,0)
 739: direction old: 4.243687, new: 2.476508
 740: direction old: 1.818722, new: 2.610568
 742: direction old: 0.179866, new: 0.453944
 743: direction old: 1.365843, new: -1.323543
 745: direction old: -0.043323, new: 1.664575
 746: direction old: 4.643609, new: 4.414899
 748: direction old: -2.017612, new: 5.362099
 749: direction old: 9.294534, new: 4.605412
(b)r: 1.89033 phi: -0.211554 vel: ( 0.463649, 0.0440188 ) (750,0) rel: ( 1.89032, -0.00697967 ), (750,0) global: ( 23.2832, -10.0819 ), (750,0), changes: 0.176, 0 last seen:(749,0) globalposderived: (749,0)
(b)r: 1.49905 phi: -0.584429 vel: ( 0.43583, 0.0413776 ) (751,0) rel: ( 1.49897, -0.0152904 ), (751,0) global: ( 23.7469, -10.0379 ), (751,0), changes: 0.176, 0 last seen:(749,0) globalposderived: (749,0)
 751: direction old: 10.108529, new: 5.899033
(b)r: 1.5 phi: 1 vel: ( 0.440513, 0.0555319 ) (751,0) rel: ( 1.49977, 0.0261786 ), (751,0) global: ( 23.7012, -10.1579 ), (751,0), changes: 0.12, 0.9 last seen:(751,0) globalposderived: (751,0)
(b)r: 1.08714 phi: 2.31366 vel: ( 0.414082, 0.0522 ) (752,0) rel: ( 1.08625, 0.0438879 ), (752,0) global: ( 24.1417, -10.1024 ), (752,0), changes: 0.12, 0.9 last seen:(751,0) globalposderived: (751,0)
 752: direction old: 7.133142, new: 7.091944
(b)r: 1.1 phi: 2 vel: ( 0.414342, 0.0518923 ) (752,0) rel: ( 1.09933, 0.0383894 ), (752,0) global: ( 24.1546, -10.1016 ), (752,0), changes: 0.088, 0.6 last seen:(752,0) globalposderived: (752,0)
(b)r: 0.595744 phi: 11.4763 vel: ( 0.389482, 0.0487788 ) (753,0) rel: ( 0.583833, 0.118531 ), (753,0) global: ( 24.5689, -10.0497 ), (753,0), changes: 0.088, 0.6 last seen:(752,0) globalposderived: (752,0)
 753: ball (24.568937,-10.049668), agent (23.997927,-10.219548), to (28.978195,-9.775777) ang 5.091944 5.091944
 753: relpos body (0.595744,11.476292), vel. ball:(0.389482,0.048779) dist: 1.046092 (0.300000,0.085000,0.661092)
 753: point good and can reach point 15.565373
(b)r: 1.01298 phi: 7.37656 vel: ( 0.710404, 0.0464045 ) (754,0) rel: ( 1.0046, 0.130056 ), (754,0) global: ( 25.3247, -10.0003 ), (754,0), changes: 0.088, 0.6 last seen:(752,0) globalposderived: (752,0)
 754: ball (25.324686,-10.000301), agent (24.335597,-10.219006), to (29.315865,-9.775235) ang 5.091944 5.091944
 754: relpos body (1.012980,7.376561), vel. ball:(0.710404,0.046405) dist: 1.046092 (0.300000,0.085000,0.661092)
 754: point good and can reach point 2.928642
 754: direction old: 0.705247, new: 10.692780
(b)r: 1 phi: 6 vel: ( 0.713261, 0.0337856 ) (754,0) rel: ( 0.994522, 0.104528 ), (754,0) global: ( 25.1615, -9.82886 ), (754,0), changes: 0.58, -5 last seen:(754,0) globalposderived: (754,0)
 754: ball (25.161450,-9.828863), agent (24.178814,-10.014406), to (29.162053,-9.605342) ang 4.692780 4.692780
 754: relpos body (1.000000,6.000000), vel. ball:(0.713261,0.033786) dist: 1.046092 (0.300000,0.085000,0.661092)
 754: point good and can reach point 2.796795
(b)r: 1.0867 phi: 3.06427 vel: ( 0.670466, 0.0317584 ) (755,0) rel: ( 1.08514, 0.0580907 ), (755,0) global: ( 25.8747, -9.79508 ), (755,0), changes: 0.58, -5 last seen:(754,0) globalposderived: (754,0)
 755: direction old: 6.458690, new: 7.665008
(b)r: 1.1 phi: 3 vel: ( 0.665396, 0.0291429 ) (755,0) rel: ( 1.09849, 0.0575696 ), (755,0) global: ( 25.9451, -9.7638 ), (755,0), changes: 0.418, -3 last seen:(755,0) globalposderived: (755,0)
(b)r: 1.03723 phi: 0.393161 vel: ( 0.625472, 0.0273943 ) (756,0) rel: ( 1.03721, 0.00711737 ), (756,0) global: ( 26.6105, -9.73466 ), (756,0), changes: 0.418, -3 last seen:(755,0) globalposderived: (755,0)
 756: ball (26.610523,-9.734658), agent (25.577330,-9.826107), to (30.560767,-9.419458) ang 4.665008 4.665008
 756: relpos body (1.037232,0.393161), vel. ball:(0.625472,0.027394) dist: 1.046092 (0.300000,0.085000,0.661092)
 756: point good and can reach point 7.236631
(b)r: 1.51805 phi: -0.0616534 vel: ( 0.718433, 0.0550739 ) (757,0) rel: ( 1.51805, -0.00163351 ), (757,0) global: ( 27.3748, -9.67607 ), (757,0), changes: 0.418, -3 last seen:(755,0) globalposderived: (755,0)
 757: direction old: 16.620225, new: 3.087652
(b)r: 1.3 phi: -2 vel: ( 0.686815, 0.0424104 ) (757,0) rel: ( 1.29921, -0.0453693 ), (757,0) global: ( 27.2825, -10.0211 ), (757,0), changes: 0.546, -0.5 last seen:(757,0) globalposderived: (757,0)
(b)r: 1.39262 phi: -3.49444 vel: ( 0.645606, 0.0398658 ) (758,0) rel: ( 1.39003, -0.0848821 ), (758,0) global: ( 27.9693, -9.97868 ), (758,0), changes: 0.546, -0.5 last seen:(757,0) globalposderived: (757,0)
 758: direction old: 1.630650, new: 1.209778
(b)r: 1.5 phi: -4 vel: ( 0.64693, 0.0348733 ) (758,0) rel: ( 1.49635, -0.104635 ), (758,0) global: ( 28.077, -9.98664 ), (758,0), changes: 0.42, -0.3 last seen:(758,0) globalposderived: (758,0)
(b)r: 1.39442 phi: -3.12859 vel: ( 0.608114, 0.0327809 ) (759,0) rel: ( 1.39234, -0.0761033 ), (759,0) global: ( 28.7239, -9.95176 ), (759,0), changes: 0.42, -0.3 last seen:(758,0) globalposderived: (758,0)
(b)r: 1.19814 phi: -2.70451 vel: ( 0.571627, 0.030814 ) (760,0) rel: ( 1.19681, -0.0565345 ), (760,0) global: ( 29.332, -9.91898 ), (760,0), changes: 0.42, -0.3 last seen:(758,0) globalposderived: (758,0)
 760: direction old: 4.922490, new: 6.031742
(b)r: 1.2 phi: 1 vel: ( 0.570335, 0.0503937 ) (760,0) rel: ( 1.19982, 0.0209429 ), (760,0) global: ( 29.3866, -9.89097 ), (760,0), changes: 0.264, 1.5 last seen:(760,0) globalposderived: (760,0)
(b)r: 0.974511 phi: 5.37574 vel: ( 0.536115, 0.0473701 ) (761,0) rel: ( 0.970225, 0.0912987 ), (761,0) global: ( 29.957, -9.84057 ), (761,0), changes: 0.264, 1.5 last seen:(760,0) globalposderived: (760,0)
 761: ball (29.956963,-9.840572), agent (28.998485,-10.016615), to (33.979216,-9.578077) ang 5.031742 5.031742
 761: relpos body (0.974511,5.375737), vel. ball:(0.536115,0.047370) dist: 1.046092 (0.300000,0.085000,0.661092)
 761: point good and can reach point 11.227649
 761: direction old: 10.433273, new: 11.102801
(b)r: 1 phi: 6 vel: ( 0.538963, 0.0564912 ) (761,0) rel: ( 0.994522, 0.104528 ), (761,0) global: ( 29.9798, -9.82449 ), (761,0), changes: 0.24, 1.1 last seen:(761,0) globalposderived: (761,0)
 761: ball (29.979768,-9.824491), agent (28.998485,-10.017061), to (33.978669,-9.572346) ang 5.102801 5.102801
 761: relpos body (1.000000,6.000000), vel. ball:(0.538963,0.056491) dist: 1.046092 (0.300000,0.085000,0.661092)
 761: point good and can reach point 11.255267
(b)r: 1.45608 phi: 4.89701 vel: ( 0.71851, 0.0571805 ) (762,0) rel: ( 1.45077, 0.124298 ), (762,0) global: ( 30.7441, -9.76366 ), (762,0), changes: 0.24, 1.1 last seen:(761,0) globalposderived: (761,0)
(b)r: 1.52667 phi: 4.40833 vel: ( 0.6754, 0.0537497 ) (763,0) rel: ( 1.52215, 0.117346 ), (763,0) global: ( 31.4627, -9.70648 ), (763,0), changes: 0.24, 1.1 last seen:(761,0) globalposderived: (761,0)
 763: direction old: 7.667063, new: 10.922954
(b)r: 1.3 phi: 6 vel: ( 0.586973, 0.0543117 ) (763,0) rel: ( 1.29288, 0.135887 ), (763,0) global: ( 31.0678, -9.68514 ), (763,0), changes: 0.338, -1.4 last seen:(763,0) globalposderived: (763,0)
(b)r: 1.65377 phi: -4.11116 vel: ( 0.551755, 0.051053 ) (764,0) rel: ( 1.64952, -0.118562 ), (764,0) global: ( 31.6548, -9.63082 ), (764,0), changes: 0.338, -1.4 last seen:(763,0) globalposderived: (763,0)
 764: direction old: 1.177225, new: 9.080700
(b)r: 1.8 phi: -4 vel: ( 0.571999, 0.0545619 ) (764,0) rel: ( 1.79562, -0.125562 ), (764,0) global: ( 31.8046, -9.38018 ), (764,0), changes: 0.504, -1.1 last seen:(764,0) globalposderived: (764,0)
(b)r: 1.7564 phi: -7.31485 vel: ( 0.537679, 0.0512882 ) (765,0) rel: ( 1.74211, -0.223628 ), (765,0) global: ( 32.3766, -9.32562 ), (765,0), changes: 0.504, -1.1 last seen:(764,0) globalposderived: (764,0)
 766: direction old: 6.196230, new: 4.679816
(b)r: 1.84874 phi: -0.087709 vel: ( 0.465914, 0.0461593 ) (767,0) rel: ( 1.84874, -0.00283007 ), (767,0) global: ( 33.3339, -9.28672 ), (767,0), changes: 0.4, -0.2 last seen:(766,0) globalposderived: (766,0)
 767: direction old: 4.479674, new: 4.812795
(b)r: 1.72517 phi: 1.07541 vel: ( 0.494962, 0.0589616 ) (768,0) rel: ( 1.72487, 0.0323787 ), (768,0) global: ( 34.0102, -9.2006 ), (768,0), changes: 0.28, 0.4 last seen:(767,0) globalposderived: (767,0)
(b)r: 1.39273 phi: 2.04113 vel: ( 0.465265, 0.0554239 ) (769,0) rel: ( 1.39185, 0.0496048 ), (769,0) global: ( 34.5052, -9.14164 ), (769,0), changes: 0.28, 0.4 last seen:(767,0) globalposderived: (767,0)
 769: direction old: 7.137526, new: 7.650920
(b)r: 1.3 phi: 3 vel: ( 0.455621, 0.0560856 ) (769,0) rel: ( 1.29822, 0.0680367 ), (769,0) global: ( 34.3935, -9.14389 ), (769,0), changes: 0.13, 0.6 last seen:(769,0) globalposderived: (769,0)
(b)r: 0.910496 phi: 8.32661 vel: ( 0.428283, 0.0527205 ) (770,0) rel: ( 0.900898, 0.131854 ), (770,0) global: ( 34.8491, -9.08781 ), (770,0), changes: 0.13, 0.6 last seen:(769,0) globalposderived: (769,0)
 770: ball (34.849077,-9.087805), agent (33.961836,-9.292274), to (50.000000,0.000000) ang 4.650920 4.650920
 770: relpos body (0.910496,8.326614), vel. ball:(0.428283,0.052720) dist: 1.046092 (0.300000,0.085000,0.661092)
 770: pos (3.505478,2.102651) too far, but can acc ball good to 2.519421 k=2.132224,-0.175090
 770: direction old: 22.754660, new: 12.832733
(b)r: 0.9 phi: 8 vel: ( 0.421712, 0.0469925 ) (770,0) rel: ( 0.891241, 0.125256 ), (770,0) global: ( 35.0236, -9.18278 ), (770,0), changes: 0.09, 0.7 last seen:(770,0) globalposderived: (770,0)
 770: ball (35.023581,-9.182777), agent (34.146060,-9.382672), to (50.000000,0.000000) ang 4.832733 4.832733
 770: relpos body (0.900000,8.000000), vel. ball:(0.421712,0.046992) dist: 1.046092 (0.300000,0.085000,0.661092)
 770: pos (3.484820,2.136714) too far, but can acc ball good to 2.520642 k=2.144165,-0.180374
 801: Received coach message: online_coach_left (advice (0 (true) (do our {1} (home (pt -20 10))) (do our {2} (home (pt -12 26))) (do our {3} (home (pt 12 15))) (do our {4} (home (pt -20 -10))) (do our {5} (home (pt -12 -26))) (do our {6} (home (pt 0 0))) (do our {7} (home (pt 0 0))) (do our {8} (home (pt 12 -15))) (do our {9} (home (pt 20 0))) (do our {10} (home (pt 35 22))) (do our {11} (home (pt 35 -22))))))
 801: new home position for player 0: -20 10
 801: new home position for player 1: -12 26
 801: new home position for player 2: 12 15
 801: new home position for player 3: -20 -10
 801: new home position for player 4: -12 -26
 801: new home position for player 5: 0 0
 801: new home position for player 6: 0 0
 801: new home position for player 7: 12 -15
 801: new home position for player 8: 20 0
 801: new home position for player 9: 35 22
 801: new home position for player 10: 35 -22
 908: Received coach message: online_coach_left (advice (0 (true) (do our {1} (home (pt -20 -10))) (do our {2} (home (pt 20 0))) (do our {3} (home (pt -20 10))) (do our {4} (home (pt -12 26))) (do our {5} (home (pt 35 -22))) (do our {6} (home (pt 35 22))) (do our {7} (home (pt 0 0))) (do our {8} (home (pt -12 -26))) (do our {9} (home (pt 0 0))) (do our {10} (home (pt 12 15))) (do our {11} (home (pt 12 -15))))))
 908: new home position for player 0: -20 -10
 908: new home position for player 1: 20 0
 908: new home position for player 2: -20 10
 908: new home position for player 3: -12 26
 908: new home position for player 4: 35 -22
 908: new home position for player 5: 35 22
 908: new home position for player 6: 0 0
 908: new home position for player 7: -12 -26
 908: new home position for player 8: 0 0
 908: new home position for player 9: 12 15
 908: new home position for player 10: 12 -15
 1101: Received coach message: online_coach_left (advice (0 (true) (do our {1} (home (pt -20 -10))) (do our {2} (home (pt -12 26))) (do our {3} (home (pt 0 0))) (do our {4} (home (pt -20 10))) (do our {5} (home (pt 35 -22))) (do our {6} (home (pt 12 15))) (do our {7} (home (pt -12 -26))) (do our {8} (home (pt 20 0))) (do our {9} (home (pt 0 0))) (do our {10} (home (pt 35 22))) (do our {11} (home (pt 12 -15))))))
 1101: new home position for player 0: -20 -10
 1101: new home position for player 1: -12 26
 1101: new home position for player 2: 0 0
 1101: new home position for player 3: -20 10
 1101: new home position for player 4: 35 -22
 1101: new home position for player 5: 12 15
 1101: new home position for player 6: -12 -26
 1101: new home position for player 7: 20 0
 1101: new home position for player 8: 0 0
 1101: new home position for player 9: 35 22
 1101: new home position for player 10: 12 -15
 1251: Received coach message: online_coach_left (advice (0 (true) (do our {1} (home (pt -20 -10))) (do our {2} (home (pt -12 26))) (do our {3} (home (pt 0 0))) (do our {4} (home (pt -20 10))) (do our {5} (home (pt 35 -22))) (do our {6} (home (pt 0 0))) (do our {7} (home (pt 20 0))) (do our {8} (home (pt -12 -26))) (do our {9} (home (pt 35 22))) (do our {10} (home (pt 12 15))) (do our {11} (home (pt 12 -15))))))
 1251: new home position for player 0: -20 -10
 1251: new home position for player 1: -12 26
 1251: new home position for player 2: 0 0
 1251: new home position for player 3: -20 10
 1251: new home position for player 4: 35 -22
 1251: new home position for player 5: 0 0
 1251: new home position for player 6: 20 0
 1251: new home position for player 7: -12 -26
 1251: new home position for player 8: 35 22
 1251: new home position for player 9: 12 15
 1251: new home position for player 10: 12 -15
 1551: Received coach message: online_coach_left (advice (0 (true) (do our {1} (home (pt -20 -10))) (do our {2} (home (pt -12 26))) (do our {3} (home (pt 0 0))) (do our {4} (home (pt -20 10))) (do our {5} (home (pt 35 -22))) (do our {6} (home (pt 12 15))) (do our {7} (home (pt 20 0))) (do our {8} (home (pt -12 -26))) (do our {9} (home (pt 0 0))) (do our {10} (home (pt 35 22))) (do our {11} (home (pt 12 -15))))))
 1551: new home position for player 0: -20 -10
 1551: new home position for player 1: -12 26
 1551: new home position for player 2: 0 0
 1551: new home position for player 3: -20 10
 1551: new home position for player 4: 35 -22
 1551: new home position for player 5: 12 15
 1551: new home position for player 6: 20 0
 1551: new home position for player 7: -12 -26
 1551: new home position for player 8: 0 0
 1551: new home position for player 9: 35 22
 1551: new home position for player 10: 12 -15
 1723: direction old: -52.847879, new: -57.698431
 1725: direction old: -69.014568, new: -62.753260
(b)r: 1.80104 phi: -1.5154 vel: ( 0.0864557, -0.21915 ) (1726,0) rel: ( 1.80041, -0.0476296 ), (1726,0) global: ( 3.44625, -25.0764 ), (1726,0), changes: 0.132, -1.3 last seen:(1725,0) globalposderived: (1725,0)
 1726: direction old: -57.146827, new: -64.105847
(b)r: 1.46936 phi: -1.73309 vel: ( 0.0747511, -0.195835 ) (1727,0) rel: ( 1.46869, -0.0444385 ), (1727,0) global: ( 3.32471, -25.4201 ), (1727,0), changes: -0.04, -1.1 last seen:(1726,0) globalposderived: (1726,0)
(b)r: 0.821136 phi: -1.75386 vel: ( 0.070266, -0.184085 ) (1728,0) rel: ( 0.820751, -0.0251316 ), (1728,0) global: ( 3.39946, -25.6159 ), (1728,0), changes: -0.04, -1.1 last seen:(1726,0) globalposderived: (1726,0)
 1728: turnWithBall: turn since ball will be kickable in t+1
 1728: direction old: -78.121141, new: -62.909903
(b)r: 0.7 phi: 0 vel: ( 0.0727042, -0.18714 ) (1728,0) rel: ( 0.7, 0 ), (1728,0) global: ( 3.55066, -25.4425 ), (1728,0), changes: -0.126, -0.2 last seen:(1728,0) globalposderived: (1728,0)
 1728: turnWithBall: turn since ball will be kickable in t+1
(b)r: 0.565668 phi: -67.7402 vel: ( 0.0683419, -0.175912 ) (1729,0) rel: ( 0.21428, -0.523512 ), (1729,0) global: ( 3.62336, -25.6296 ), (1729,0), changes: -0.126, -0.2 last seen:(1728,0) globalposderived: (1728,0)
 1729: ball (3.623363,-25.629604), agent (3.343808,-25.137842), to (8.302643,-24.497560) ang 7.357293 7.357293
 1729: relpos body (0.565668,-67.740157), vel. ball:(0.068342,-0.175912) dist: 1.046092 (0.300000,0.085000,0.661092)
 1729: point good and can reach point 36.121686
 1729: 2 pos: ball(3.645559,-25.659151), ball_prev(3.550659,-25.442464), agentdiff(0.014570,0.005499)
 1729: vel based on 2 pos: (0.075511,-0.208855)
 1729: direction old: -61.947411, new: -61.403737
(b)r: 0.6 phi: -71 vel: ( 0.0755107, -0.208855 ) (1729,0) rel: ( 0.195341, -0.567311 ), (1729,0) global: ( 3.64556, -25.6592 ), (1729,0), changes: -0.126, -0.2 last seen:(1729,0) globalposderived: (1729,0)
 1729: ball (3.645559,-25.659151), agent (3.358378,-25.132343), to (8.288413,-24.298820) ang 9.596263 9.596263
 1729: relpos body (0.600000,-71.000000), vel. ball:(0.075511,-0.208855) dist: 1.046092 (0.300000,0.085000,0.661092)
 1729: point good and can reach point 37.774724
(b)r: 1.04126 phi: -22.5479 vel: ( 0.728871, 0.162315 ) (1730,0) rel: ( 0.961669, -0.399279 ), (1730,0) global: ( 4.42095, -25.4865 ), (1730,0), changes: -0.126, -0.2 last seen:(1729,0) globalposderived: (1729,0)
 1730: ball (4.420954,-25.486476), agent (3.406180,-25.253099), to (8.336215,-24.419577) ang 9.596263 9.596263
 1730: relpos body (1.041264,-22.547921), vel. ball:(0.728871,0.162315) dist: 1.046092 (0.300000,0.085000,0.661092)
 1730: point good and can reach point 2.215954
(b)r: 1.18175 phi: -15.7553 vel: ( 0.685139, 0.152576 ) (1731,0) rel: ( 1.13735, -0.32088 ), (1731,0) global: ( 5.14983, -25.3242 ), (1731,0), changes: -0.126, -0.2 last seen:(1729,0) globalposderived: (1729,0)
 1731: direction old: -8.842528, new: -1.546626
(b)r: 1.2 phi: -11 vel: ( 0.682702, 0.181082 ) (1731,0) rel: ( 1.17795, -0.228971 ), (1731,0) global: ( 5.09352, -25.1612 ), (1731,0), changes: 0.456, 9.6 last seen:(1731,0) globalposderived: (1731,0)
(b)r: 1.65436 phi: 8.02663 vel: ( 0.64174, 0.170217 ) (1732,0) rel: ( 1.63815, 0.231003 ), (1732,0) global: ( 5.77622, -24.9801 ), (1732,0), changes: 0.456, 9.6 last seen:(1731,0) globalposderived: (1731,0)
 1732: direction old: 16.318720, new: 5.847594
(b)r: 1.6 phi: 9 vel: ( 0.645809, 0.180759 ) (1732,0) rel: ( 1.5803, 0.250295 ), (1732,0) global: ( 5.82015, -25.2702 ), (1732,0), changes: 0.576, 4.5 last seen:(1732,0) globalposderived: (1732,0)
(b)r: 1.96921 phi: 1.06973 vel: ( 0, 0 ) (1767,0) rel: ( 1.96887, 0.0367635 ), (1767,0) global: ( 15.641, -22.0463 ), (1767,0), changes: 0, 1.6 last seen:(1765,0) globalposderived: (1765,0)
 1767: direction old: -49.147355, new: -55.406904
(b)r: 2 phi: -3 vel: ( 0, 0 ) (1767,0) rel: ( 1.99726, -0.104672 ), (1767,0) global: ( 15.5199, -22.2396 ), (1767,0), changes: -0.36, -3.5 last seen:(1767,0) globalposderived: (1767,0)
(b)r: 1.16903 phi: -3.71099 vel: ( 0, 0 ) (1768,0) rel: ( 1.16658, -0.0756639 ), (1768,0) global: ( 15.5199, -22.2396 ), (1768,0), changes: -0.36, -3.5 last seen:(1767,0) globalposderived: (1767,0)
 1768: 2 pos: ball(13.310570,-20.920750), ball_prev(15.519884,-22.239612), agentdiff(0.004788,0.003453)
 1768: vel based on 2 pos: (-2.081255,1.236485)
 1768: direction old: -56.406993, new: 167.551555
(b)r: 1.6 phi: -140 vel: ( -2.08126, 1.23648 ) (1768,0) rel: ( -1.22567, -1.02846 ), (1768,0) global: ( 13.3106, -20.9208 ), (1768,0), changes: -0.36, -3.5 last seen:(1768,0) globalposderived: (1768,0)
 1851: Received coach message: online_coach_left (advice (0 (true) (do our {1} (home (pt -20 -10))) (do our {2} (home (pt -12 26))) (do our {3} (home (pt 0 0))) (do our {4} (home (pt -20 10))) (do our {5} (home (pt 35 -22))) (do our {6} (home (pt 20 0))) (do our {7} (home (pt 0 0))) (do our {8} (home (pt -12 -26))) (do our {9} (home (pt 35 22))) (do our {10} (home (pt 12 15))) (do our {11} (home (pt 12 -15))))))
 1851: new home position for player 0: -20 -10
 1851: new home position for player 1: -12 26
 1851: new home position for player 2: 0 0
 1851: new home position for player 3: -20 10
 1851: new home position for player 4: 35 -22
 1851: new home position for player 5: 20 0
 1851: new home position for player 6: 0 0
 1851: new home position for player 7: -12 -26
 1851: new home position for player 8: 35 22
 1851: new home position for player 9: 12 15
 1851: new home position for player 10: 12 -15
 2151: Received coach message: online_coach_left (advice (0 (true) (do our {1} (home (pt -20 -10))) (do our {2} (home (pt -12 26))) (do our {3} (home (pt 0 0))) (do our {4} (home (pt -20 10))) (do our {5} (home (pt 12 -15))) (do our {6} (home (pt 0 0))) (do our {7} (home (pt 20 0))) (do our {8} (home (pt -12 -26))) (do our {9} (home (pt 12 15))) (do our {10} (home (pt 35 22))) (do our {11} (home (pt 35 -22))))))
 2151: new home position for player 0: -20 -10
 2151: new home position for player 1: -12 26
 2151: new home position for player 2: 0 0
 2151: new home position for player 3: -20 10
 2151: new home position for player 4: 12 -15
 2151: new home position for player 5: 0 0
 2151: new home position for player 6: 20 0
 2151: new home position for player 7: -12 -26
 2151: new home position for player 8: 12 15
 2151: new home position for player 9: 35 22
 2151: new home position for player 10: 35 -22
 2451: Received coach message: online_coach_left (advice (0 (true) (do our {1} (home (pt -12 -26))) (do our {2} (home (pt -12 26))) (do our {3} (home (pt 0 0))) (do our {4} (home (pt -20 10))) (do our {5} (home (pt 12 -15))) (do our {6} (home (pt 0 0))) (do our {7} (home (pt 20 0))) (do our {8} (home (pt -20 -10))) (do our {9} (home (pt 35 22))) (do our {10} (home (pt 12 15))) (do our {11} (home (pt 35 -22))))))
 2451: new home position for player 0: -12 -26
 2451: new home position for player 1: -12 26
 2451: new home position for player 2: 0 0
 2451: new home position for player 3: -20 10
 2451: new home position for player 4: 12 -15
 2451: new home position for player 5: 0 0
 2451: new home position for player 6: 20 0
 2451: new home position for player 7: -20 -10
 2451: new home position for player 8: 35 22
 2451: new home position for player 9: 12 15
 2451: new home position for player 10: 35 -22
 2751: Received coach message: online_coach_left (advice (0 (true) (do our {1} (home (pt -20 -10))) (do our {2} (home (pt -20 10))) (do our {3} (home (pt 0 0))) (do our {4} (home (pt -12 26))) (do our {5} (home (pt 35 -22))) (do our {6} (home (pt 12 15))) (do our {7} (home (pt 0 0))) (do our {8} (home (pt -12 -26))) (do our {9} (home (pt 35 22))) (do our {10} (home (pt 20 0))) (do our {11} (home (pt 12 -15))))))
 2751: new home position for player 0: -20 -10
 2751: new home position for player 1: -20 10
 2751: new home position for player 2: 0 0
 2751: new home position for player 3: -12 26
 2751: new home position for player 4: 35 -22
 2751: new home position for player 5: 12 15
 2751: new home position for player 6: 0 0
 2751: new home position for player 7: -12 -26
 2751: new home position for player 8: 35 22
 2751: new home position for player 9: 20 0
 2751: new home position for player 10: 12 -15
 2856: direction old: -45.523742, new: -42.739238
 2857: direction old: -45.399411, new: -44.852306
(b)r: 1.97398 phi: -5.9891 vel: ( 0.14176, -0.187465 ) (2858,0) rel: ( 1.9632, -0.205963 ), (2858,0) global: ( 15.4387, -16.6957 ), (2858,0), changes: 0, -1.6 last seen:(2857,0) globalposderived: (2857,0)
(b)r: 1.89968 phi: 0.15528 vel: ( 0.133254, -0.176217 ) (2859,0) rel: ( 1.89967, 0.00514839 ), (2859,0) global: ( 15.5805, -16.8831 ), (2859,0), changes: 0, -1.6 last seen:(2857,0) globalposderived: (2857,0)
 2859: direction old: -48.202544, new: -49.271942
(b)r: 1.8 phi: 1 vel: ( 0.139813, -0.174758 ) (2859,0) rel: ( 1.79973, 0.0314143 ), (2859,0) global: ( 15.5262, -16.8728 ), (2859,0), changes: 0.108, -0.6 last seen:(2859,0) globalposderived: (2859,0)
(b)r: 1.32246 phi: 1.18058 vel: ( 0.131425, -0.164273 ) (2860,0) rel: ( 1.32218, 0.0272473 ), (2860,0) global: ( 15.666, -17.0475 ), (2860,0), changes: 0.108, -0.6 last seen:(2859,0) globalposderived: (2859,0)
 2860: direction old: -49.235560, new: -49.251991
(b)r: 1.3 phi: 1 vel: ( 0.124857, -0.157868 ) (2860,0) rel: ( 1.2998, 0.0226881 ), (2860,0) global: ( 15.6511, -17.0308 ), (2860,0), changes: -0.078, -0.2 last seen:(2860,0) globalposderived: (2860,0)
(b)r: 0.69637 phi: -0.852246 vel: ( 0.117366, -0.148396 ) (2861,0) rel: ( 0.696293, -0.0103578 ), (2861,0) global: ( 15.7759, -17.1887 ), (2861,0), changes: -0.078, -0.2 last seen:(2860,0) globalposderived: (2860,0)
 2861: turnWithBall: turn since ball will be kickable in t+1
(b)r: 0.551675 phi: -67.1053 vel: ( 0.110324, -0.139492 ) (2862,0) rel: ( 0.214623, -0.508215 ), (2862,0) global: ( 15.8933, -17.3371 ), (2862,0), changes: -0.078, -0.2 last seen:(2860,0) globalposderived: (2860,0)
 2862: ball (15.893309,-17.337090), agent (15.517702,-16.933029), to (20.215711,-15.221682) ang 20.015205 20.015205
 2862: relpos body (0.551675,-67.105276), vel. ball:(0.110324,-0.139492) dist: 1.046092 (0.300000,0.085000,0.661092)
 2862: point good and can reach point 35.183633
 2862: 2 pos: ball(15.842941,-17.167412), ball_prev(15.651085,-17.030826), agentdiff(0.029881,0.169058)
 2862: direction old: -58.900117, new: -53.792186
(b)r: 0.5 phi: -81 vel: ( 0.110324, -0.139492 ) (2862,0) rel: ( 0.0782172, -0.493844 ), (2862,0) global: ( 15.8429, -17.1674 ), (2862,0), changes: -0.078, -0.2 last seen:(2862,0) globalposderived: (2862,0)
 2862: ball (15.842941,-17.167412), agent (15.547583,-16.763972), to (19.994353,-14.477876) ang 27.207814 27.207814
 2862: relpos body (0.500000,-81.000000), vel. ball:(0.110324,-0.139492) dist: 1.046092 (0.300000,0.085000,0.661092)
 2862: point good and can reach point 36.105481
(b)r: 0.90472 phi: -18.6951 vel: ( 0.647013, 0.416141 ) (2863,0) rel: ( 0.856985, -0.289991 ), (2863,0) global: ( 16.5313, -16.7247 ), (2863,0), changes: -0.078, -0.2 last seen:(2862,0) globalposderived: (2862,0)
 2863: ball (16.531253,-16.724708), agent (15.636500,-16.858633), to (20.083271,-14.572537) ang 27.207814 27.207814
 2863: relpos body (0.904720,-18.695073), vel. ball:(0.647013,0.416141) dist: 1.046092 (0.300000,0.085000,0.661092)
 2863: point good and can reach point 0.987238
 2863: direction old: 6.752943, new: 4.055236
(b)r: 0.9 phi: -23 vel: ( 0.642289, 0.388352 ) (2863,0) rel: ( 0.828454, -0.351658 ), (2863,0) global: ( 16.476, -16.7739 ), (2863,0), changes: 0.63, 22.5 last seen:(2863,0) globalposderived: (2863,0)
 2863: ball (16.476020,-16.773904), agent (15.578273,-16.837550), to (20.031115,-14.563304) ang 27.055236 27.055236
 2863: relpos body (0.900000,-23.000000), vel. ball:(0.642289,0.388352) dist: 1.046092 (0.300000,0.085000,0.661092)
 2863: point good and can reach point 1.080695
(b)r: 1.06044 phi: -12.0859 vel: ( 0.603751, 0.365051 ) (2864,0) rel: ( 1.03694, -0.222034 ), (2864,0) global: ( 17.1183, -16.3856 ), (2864,0), changes: 0.63, 22.5 last seen:(2863,0) globalposderived: (2863,0)
(b)r: 1.54363 phi: 9.15198 vel: ( 0.567526, 0.343148 ) (2865,0) rel: ( 1.52398, 0.245521 ), (2865,0) global: ( 17.7221, -16.0205 ), (2865,0), changes: 0.63, 22.5 last seen:(2863,0) globalposderived: (2863,0)
 2865: direction old: 22.146133, new: 19.875996
(b)r: 1.6 phi: 5 vel: ( 0.574278, 0.332282 ) (2865,0) rel: ( 1.59391, 0.139449 ), (2865,0) global: ( 17.8799, -16.0247 ), (2865,0), changes: 0.576, 4 last seen:(2865,0) globalposderived: (2865,0)
(b)r: 1.6888 phi: 9.99864 vel: ( 0.539821, 0.312345 ) (2866,0) rel: ( 1.66315, 0.293218 ), (2866,0) global: ( 18.4542, -15.6924 ), (2866,0), changes: 0.576, 4 last seen:(2865,0) globalposderived: (2865,0)
 2866: direction old: 24.833078, new: 24.813326
(b)r: 1.6 phi: 10 vel: ( 0.530146, 0.310389 ) (2866,0) rel: ( 1.57569, 0.277837 ), (2866,0) global: ( 18.374, -15.7301 ), (2866,0), changes: 0.384, 3.3 last seen:(2866,0) globalposderived: (2866,0)
(b)r: 1.9114 phi: 2.54288 vel: ( 0.468437, 0.27426 ) (2868,0) rel: ( 1.90952, 0.0848033 ), (2868,0) global: ( 19.4025, -15.128 ), (2868,0), changes: 0.384, 3.3 last seen:(2866,0) globalposderived: (2866,0)
 2868: direction old: 40.337335, new: 30.373734
(b)r: 2 phi: 4 vel: ( 0.46551, 0.274551 ) (2868,0) rel: ( 1.99513, 0.139513 ), (2868,0) global: ( 19.656, -15.3666 ), (2868,0), changes: 0.28, 1 last seen:(2868,0) globalposderived: (2868,0)
(b)r: 1.68648 phi: 6.0824 vel: ( 0.437579, 0.258078 ) (2869,0) rel: ( 1.67699, 0.178697 ), (2869,0) global: ( 20.1215, -15.0921 ), (2869,0), changes: 0.28, 1 last seen:(2868,0) globalposderived: (2868,0)
 2869: direction old: 26.236910, new: 32.292024
(b)r: 1.6 phi: 6 vel: ( 0.432109, 0.248405 ) (2869,0) rel: ( 1.59124, 0.167246 ), (2869,0) global: ( 19.8726, -15.0266 ), (2869,0), changes: 0.16, 0.3 last seen:(2869,0) globalposderived: (2869,0)
(b)r: 1.78683 phi: -2.70248 vel: ( 0.406183, 0.233501 ) (2870,0) rel: ( 1.78484, -0.0842487 ), (2870,0) global: ( 20.3047, -14.7782 ), (2870,0), changes: 0.16, 0.3 last seen:(2869,0) globalposderived: (2869,0)
(b)r: 1.63174 phi: -2.87242 vel: ( 0.381812, 0.219491 ) (2871,0) rel: ( 1.62969, -0.0817701 ), (2871,0) global: ( 20.7109, -14.5447 ), (2871,0), changes: 0.16, 0.3 last seen:(2869,0) globalposderived: (2869,0)
 2871: direction old: 22.006834, new: 32.614266
(b)r: 1.6 phi: -1 vel: ( 0.377598, 0.218434 ) (2871,0) rel: ( 1.59976, -0.0279239 ), (2871,0) global: ( 20.6185, -14.2644 ), (2871,0), changes: 0.192, -0.2 last seen:(2871,0) globalposderived: (2871,0)
(b)r: 1.2567 phi: -1.89031 vel: ( 0.354942, 0.205328 ) (2872,0) rel: ( 1.25602, -0.0414537 ), (2872,0) global: ( 20.9961, -14.0459 ), (2872,0), changes: 0.192, -0.2 last seen:(2871,0) globalposderived: (2871,0)
 2872: direction old: 42.175668, new: 31.756649
(b)r: 1.3 phi: -2 vel: ( 0.352012, 0.204441 ) (2872,0) rel: ( 1.29921, -0.0453693 ), (2872,0) global: ( 21.0408, -14.3227 ), (2872,0), changes: 0.104, -0.7 last seen:(2872,0) globalposderived: (2872,0)
(b)r: 0.903055 phi: -4.50922 vel: ( 0.330892, 0.192174 ) (2873,0) rel: ( 0.90026, -0.0709977 ), (2873,0) global: ( 21.3928, -14.1182 ), (2873,0), changes: 0.104, -0.7 last seen:(2872,0) globalposderived: (2872,0)
 2873: ball (21.392840,-14.118233), agent (20.604908,-14.559449), to (24.761934,-11.781116) ang 33.756649 33.756649
 2873: relpos body (0.903055,-4.509215), vel. ball:(0.330892,0.192174) dist: 1.046092 (0.300000,0.085000,0.661092)
 2873: point good and can reach point 18.143180
(b)r: 1.35806 phi: -1.66889 vel: ( 0.595264, 0.408813 ) (2874,0) rel: ( 1.35748, -0.0395514 ), (2874,0) global: ( 22.0261, -13.6833 ), (2874,0), changes: 0.104, -0.7 last seen:(2872,0) globalposderived: (2872,0)
 2874: direction old: 28.220259, new: 32.616633
(b)r: 1.3 phi: -1 vel: ( 0.572402, 0.392676 ) (2874,0) rel: ( 1.2998, -0.0226881 ), (2874,0) global: ( 21.9528, -13.6096 ), (2874,0), changes: 0.546, 1.2 last seen:(2874,0) globalposderived: (2874,0)
(b)r: 1.31899 phi: 0.477202 vel: ( 0.538058, 0.369116 ) (2875,0) rel: ( 1.31895, 0.0109854 ), (2875,0) global: ( 22.5252, -13.2169 ), (2875,0), changes: 0.546, 1.2 last seen:(2874,0) globalposderived: (2874,0)
 2875: direction old: 40.294688, new: 33.847464
(b)r: 1.5 phi: 0 vel: ( 0.549493, 0.376643 ) (2875,0) rel: ( 1.5, 0 ), (2875,0) global: ( 22.8027, -13.2024 ), (2875,0), changes: 0.42, 0.6 last seen:(2875,0) globalposderived: (2875,0)
(b)r: 1.39188 phi: 3.07509 vel: ( 0.516524, 0.354044 ) (2876,0) rel: ( 1.38988, 0.074667 ), (2876,0) global: ( 23.3522, -12.8258 ), (2876,0), changes: 0.42, 0.6 last seen:(2875,0) globalposderived: (2875,0)
(b)r: 1.71271 phi: -2.05348 vel: ( 0.485532, 0.332802 ) (2877,0) rel: ( 1.71161, -0.0613702 ), (2877,0) global: ( 23.8687, -12.4717 ), (2877,0), changes: 0.42, 0.6 last seen:(2875,0) globalposderived: (2875,0)
 2877: direction old: 36.479972, new: 36.993387
(b)r: 1.5 phi: -3 vel: ( 0.470389, 0.310795 ) (2877,0) rel: ( 1.49794, -0.0785039 ), (2877,0) global: ( 23.7484, -12.5439 ), (2877,0), changes: 0.42, -0.7 last seen:(2877,0) globalposderived: (2877,0)
(b)r: 1.43974 phi: -4.38544 vel: ( 0.442166, 0.292147 ) (2878,0) rel: ( 1.43553, -0.110091 ), (2878,0) global: ( 24.2188, -12.2332 ), (2878,0), changes: 0.42, -0.7 last seen:(2877,0) globalposderived: (2877,0)
 2878: direction old: 31.811184, new: 34.822920
(b)r: 1.5 phi: -5 vel: ( 0.437684, 0.281116 ) (2878,0) rel: ( 1.49429, -0.130734 ), (2878,0) global: ( 24.1464, -12.1853 ), (2878,0), changes: 0.27, -1.3 last seen:(2878,0) globalposderived: (2878,0)
(b)r: 1.24311 phi: -7.76394 vel: ( 0.411423, 0.264249 ) (2879,0) rel: ( 1.23171, -0.167934 ), (2879,0) global: ( 24.5841, -11.9042 ), (2879,0), changes: 0.27, -1.3 last seen:(2878,0) globalposderived: (2878,0)
(b)r: 1.44863 phi: 2.0606 vel: ( 0.386737, 0.248394 ) (2880,0) rel: ( 1.44769, 0.0520876 ), (2880,0) global: ( 24.9955, -11.64 ), (2880,0), changes: 0.27, -1.3 last seen:(2878,0) globalposderived: (2878,0)
 2880: direction old: 38.075621, new: 31.650997
(b)r: 1.5 phi: 2 vel: ( 0.39169, 0.24929 ) (2880,0) rel: ( 1.49909, 0.0523492 ), (2880,0) global: ( 25.182, -11.7071 ), (2880,0), changes: 0.36, -0.4 last seen:(2880,0) globalposderived: (2880,0)
(b)r: 1.34153 phi: 3.2143 vel: ( 0.368189, 0.234332 ) (2881,0) rel: ( 1.33942, 0.0752206 ), (2881,0) global: ( 25.5737, -11.4578 ), (2881,0), changes: 0.36, -0.4 last seen:(2880,0) globalposderived: (2880,0)
 2881: direction old: 32.703320, new: 33.653722
(b)r: 1.2 phi: 4 vel: ( 0.363646, 0.236711 ) (2881,0) rel: ( 1.19708, 0.0837078 ), (2881,0) global: ( 25.4439, -11.5175 ), (2881,0), changes: 0.192, 0.8 last seen:(2881,0) globalposderived: (2881,0)
(b)r: 0.883757 phi: 7.11745 vel: ( 0.341827, 0.222508 ) (2882,0) rel: ( 0.876947, 0.109501 ), (2882,0) global: ( 25.8076, -11.2808 ), (2882,0), changes: 0.192, 0.8 last seen:(2881,0) globalposderived: (2881,0)
 2882: ball (25.807551,-11.280765), agent (25.099633,-11.809800), to (29.444790,-9.336015) ang 29.653722 29.653722
 2882: relpos body (0.883757,7.117450), vel. ball:(0.341827,0.222508) dist: 1.046092 (0.300000,0.085000,0.661092)
 2882: point good and can reach point 16.929187
(b)r: 1.32169 phi: 4.91727 vel: ( 0.621682, 0.334518 ) (2883,0) rel: ( 1.31683, 0.113292 ), (2883,0) global: ( 26.4689, -10.9249 ), (2883,0), changes: 0.192, 0.8 last seen:(2881,0) globalposderived: (2881,0)
 2883: direction old: 35.282074, new: 34.711050
(b)r: 1.3 phi: 5 vel: ( 0.600944, 0.331959 ) (2883,0) rel: ( 1.29505, 0.113302 ), (2883,0) global: ( 26.3985, -10.9906 ), (2883,0), changes: 0.546, -1.8 last seen:(2883,0) globalposderived: (2883,0)
(b)r: 1.38734 phi: 3.85822 vel: ( 0.564887, 0.312042 ) (2884,0) rel: ( 1.3842, 0.0933512 ), (2884,0) global: ( 26.9995, -10.6586 ), (2884,0), changes: 0.546, -1.8 last seen:(2883,0) globalposderived: (2883,0)
 2884: direction old: 34.800839, new: 33.753037
(b)r: 1.5 phi: 4 vel: ( 0.567511, 0.31409 ) (2884,0) rel: ( 1.49635, 0.104635 ), (2884,0) global: ( 27.1583, -10.5817 ), (2884,0), changes: 0.42, -1.6 last seen:(2884,0) globalposderived: (2884,0)
(b)r: 1.36785 phi: 2.30034 vel: ( 0.533461, 0.295245 ) (2885,0) rel: ( 1.36674, 0.0549023 ), (2885,0) global: ( 27.7258, -10.2676 ), (2885,0), changes: 0.42, -1.6 last seen:(2884,0) globalposderived: (2884,0)
(b)r: 1.25199 phi: -0.773357 vel: ( 0.501453, 0.27753 ) (2886,0) rel: ( 1.25188, -0.0168984 ), (2886,0) global: ( 28.2592, -9.97232 ), (2886,0), changes: 0.42, -1.6 last seen:(2884,0) globalposderived: (2884,0)
 2886: direction old: 29.751797, new: 29.053361
(b)r: 1.1 phi: -1 vel: ( 0.486783, 0.272366 ) (2886,0) rel: ( 1.09983, -0.0191976 ), (2886,0) global: ( 28.1928, -10.0257 ), (2886,0), changes: 0.264, -1.3 last seen:(2886,0) globalposderived: (2886,0)
(b)r: 0.880495 phi: -3.54401 vel: ( 0.457576, 0.256024 ) (2887,0) rel: ( 0.878811, -0.0544279 ), (2887,0) global: ( 28.6796, -9.75335 ), (2887,0), changes: 0.264, -1.3 last seen:(2886,0) globalposderived: (2886,0)
 2887: ball (28.679604,-9.753355), agent (27.891683,-10.146358), to (32.219480,-7.642327) ang 30.053361 30.053361
 2887: relpos body (0.880495,-3.544005), vel. ball:(0.457576,0.256024) dist: 1.046092 (0.300000,0.085000,0.661092)
 2887: point good and can reach point 11.341212
 2887: direction old: 12.637781, new: 24.603580
(b)r: 0.9 phi: -5 vel: ( 0.455718, 0.24944 ) (2887,0) rel: ( 0.896575, -0.0784402 ), (2887,0) global: ( 28.58, -9.58446 ), (2887,0), changes: 0.216, -0.3 last seen:(2887,0) globalposderived: (2887,0)
 2887: ball (28.579998,-9.584460), agent (27.761709,-9.959164), to (32.109029,-7.489183) ang 29.603580 29.603580
 2887: relpos body (0.900000,-5.000000), vel. ball:(0.455718,0.249440) dist: 1.046092 (0.300000,0.085000,0.661092)
 2887: point good and can reach point 11.714257
(b)r: 1.34406 phi: -3.68814 vel: ( 0.614, 0.35782 ) (2888,0) rel: ( 1.34128, -0.0864578 ), (2888,0) global: ( 29.2332, -9.2038 ), (2888,0), changes: 0.216, -0.3 last seen:(2887,0) globalposderived: (2887,0)
(b)r: 1.45729 phi: -3.50477 vel: ( 0.57716, 0.33635 ) (2889,0) rel: ( 1.45456, -0.0890867 ), (2889,0) global: ( 29.8472, -8.84598 ), (2889,0), changes: 0.216, -0.3 last seen:(2887,0) globalposderived: (2887,0)
 2889: direction old: 27.613181, new: 25.572244
(b)r: 1.5 phi: -4 vel: ( 0.584903, 0.335596 ) (2889,0) rel: ( 1.49635, -0.104635 ), (2889,0) global: ( 29.9372, -8.85919 ), (2889,0), changes: 0.45, 1 last seen:(2889,0) globalposderived: (2889,0)
(b)r: 1.42361 phi: -5.14666 vel: ( 0.549809, 0.31546 ) (2890,0) rel: ( 1.41787, -0.127706 ), (2890,0) global: ( 30.5221, -8.52359 ), (2890,0), changes: 0.45, 1 last seen:(2889,0) globalposderived: (2889,0)
 2890: direction old: 36.238998, new: 25.191233
(b)r: 1.3 phi: -5 vel: ( 0.531534, 0.316777 ) (2890,0) rel: ( 1.29505, -0.113302 ), (2890,0) global: ( 30.5014, -8.84761 ), (2890,0), changes: 0.312, 1.5 last seen:(2890,0) globalposderived: (2890,0)
(b)r: 1.63157 phi: 4.25282 vel: ( 0.499642, 0.29777 ) (2891,0) rel: ( 1.62707, 0.120993 ), (2891,0) global: ( 31.033, -8.53083 ), (2891,0), changes: 0.312, 1.5 last seen:(2890,0) globalposderived: (2890,0)
(b)r: 1.61599 phi: 6.65198 vel: ( 0.469664, 0.279904 ) (2892,0) rel: ( 1.60511, 0.187194 ), (2892,0) global: ( 31.5326, -8.23306 ), (2892,0), changes: 0.312, 1.5 last seen:(2890,0) globalposderived: (2890,0)
 2892: direction old: 24.094345, new: 28.581159
(b)r: 1.6 phi: 6 vel: ( 0.457178, 0.272619 ) (2892,0) rel: ( 1.59124, 0.167246 ), (2892,0) global: ( 31.395, -8.15749 ), (2892,0), changes: 0.288, 1.3 last seen:(2892,0) globalposderived: (2892,0)
(b)r: 1.89907 phi: 0.18993 vel: ( 0.429748, 0.256262 ) (2893,0) rel: ( 1.89906, 0.00629523 ), (2893,0) global: ( 31.8522, -7.88487 ), (2893,0), changes: 0.288, 1.3 last seen:(2892,0) globalposderived: (2892,0)
 2893: direction old: 29.768452, new: 30.626015
(b)r: 1.87156 phi: 1.30778 vel: ( 0.395524, 0.245137 ) (2894,0) rel: ( 1.87108, 0.0427148 ), (2894,0) global: ( 32.3453, -7.5482 ), (2894,0), changes: 0.4, 0.8 last seen:(2893,0) globalposderived: (2893,0)
(b)r: 1.6624 phi: 2.4847 vel: ( 0.371792, 0.230429 ) (2895,0) rel: ( 1.66084, 0.0720693 ), (2895,0) global: ( 32.7408, -7.30306 ), (2895,0), changes: 0.4, 0.8 last seen:(2893,0) globalposderived: (2893,0)
 2895: direction old: 31.017307, new: 30.410991
(b)r: 1.6 phi: 1 vel: ( 0.382324, 0.226867 ) (2895,0) rel: ( 1.59976, 0.0279239 ), (2895,0) global: ( 32.7913, -7.29249 ), (2895,0), changes: 0.192, 0.1 last seen:(2895,0) globalposderived: (2895,0)
(b)r: 1.31747 phi: 1.64429 vel: ( 0.359384, 0.213255 ) (2896,0) rel: ( 1.31692, 0.0378037 ), (2896,0) global: ( 33.1736, -7.06562 ), (2896,0), changes: 0.192, 0.1 last seen:(2895,0) globalposderived: (2895,0)
 2896: direction old: 31.323572, new: 30.407827
(b)r: 1.3 phi: 1 vel: ( 0.35886, 0.206314 ) (2896,0) rel: ( 1.2998, 0.0226881 ), (2896,0) global: ( 33.0569, -7.16095 ), (2896,0), changes: 0.13, -0.2 last seen:(2896,0) globalposderived: (2896,0)
(b)r: 0.965514 phi: 4.67864 vel: ( 0.337328, 0.193935 ) (2897,0) rel: ( 0.962297, 0.0787541 ), (2897,0) global: ( 33.4158, -6.95464 ), (2897,0), changes: 0.13, -0.2 last seen:(2896,0) globalposderived: (2896,0)
 2897: ball (33.415792,-6.954639), agent (32.616161,-7.495756), to (50.000000,0.000000) ang 29.407827 29.407827
 2897: relpos body (0.965514,4.678642), vel. ball:(0.337328,0.193935) dist: 1.046092 (0.300000,0.085000,0.661092)
 2897: pos (3.769682,1.580828) too far, but can acc ball good to 2.475250 k=2.089728,0.048392
 2901: Received coach message: online_coach_left (advice (0 (true) (do our {1} (home (pt -20 -10))) (do our {2} (home (pt -12 26))) (do our {3} (home (pt 12 15))) (do our {4} (home (pt -20 10))) (do our {5} (home (pt 12 -15))) (do our {6} (home (pt 0 0))) (do our {7} (home (pt 0 0))) (do our {8} (home (pt -12 -26))) (do our {9} (home (pt 35 22))) (do our {10} (home (pt 20 0))) (do our {11} (home (pt 35 -22))))))
 2901: new home position for player 0: -20 -10
 2901: new home position for player 1: -12 26
 2901: new home position for player 2: 12 15
 2901: new home position for player 3: -20 10
 2901: new home position for player 4: 12 -15
 2901: new home position for player 5: 0 0
 2901: new home position for player 6: 0 0
 2901: new home position for player 7: -12 -26
 2901: new home position for player 8: 35 22
 2901: new home position for player 9: 20 0
 2901: new home position for player 10: 35 -22
 3000: Received coach message: online_coach_left (advice (0 (true) (do our {1} (home (pt -20 -10))) (do our {2} (home (pt 20 0))) (do our {3} (home (pt 0 0))) (do our {4} (home (pt 0 0))) (do our {5} (home (pt -12 26))) (do our {6} (home (pt -12 -26))) (do our {7} (home (pt 12 -15))) (do our {8} (home (pt 35 -22))) (do our {9} (home (pt 35 22))) (do our {10} (home (pt -20 10))) (do our {11} (home (pt 12 15))))))
 3000: new home position for player 0: -20 -10
 3000: new home position for player 1: 20 0
 3000: new home position for player 2: 0 0
 3000: new home position for player 3: 0 0
 3000: new home position for player 4: -12 26
 3000: new home position for player 5: -12 -26
 3000: new home position for player 6: 12 -15
 3000: new home position for player 7: 35 -22
 3000: new home position for player 8: 35 22
 3000: new home position for player 9: -20 10
 3000: new home position for player 10: 12 15
 3000: Received coach message: online_coach_left (advice (0 (true) (do our {1} (home (pt -20 -10))) (do our {2} (home (pt 0 0))) (do our {3} (home (pt -20 10))) (do our {4} (home (pt 0 0))) (do our {5} (home (pt -12 26))) (do our {6} (home (pt -12 -26))) (do our {7} (home (pt 12 -15))) (do our {8} (home (pt 35 -22))) (do our {9} (home (pt 35 22))) (do our {10} (home (pt 20 0))) (do our {11} (home (pt 12 15))))))
 3000: new home position for player 0: -20 -10
 3000: new home position for player 1: 0 0
 3000: new home position for player 2: -20 10
 3000: new home position for player 3: 0 0
 3000: new home position for player 4: -12 26
 3000: new home position for player 5: -12 -26
 3000: new home position for player 6: 12 -15
 3000: new home position for player 7: 35 -22
 3000: new home position for player 8: 35 22
 3000: new home position for player 9: 20 0
 3000: new home position for player 10: 12 15
 3000: Received coach message: online_coach_left (advice (0 (true) (do our {1} (home (pt -20 -10))) (do our {2} (home (pt 0 0))) (do our {3} (home (pt -20 10))) (do our {4} (home (pt 20 0))) (do our {5} (home (pt -12 26))) (do our {6} (home (pt -12 -26))) (do our {7} (home (pt 12 -15))) (do our {8} (home (pt 35 -22))) (do our {9} (home (pt 35 22))) (do our {10} (home (pt 0 0))) (do our {11} (home (pt 12 15))))))
 3000: new home position for player 0: -20 -10
 3000: new home position for player 1: 0 0
 3000: new home position for player 2: -20 10
 3000: new home position for player 3: 20 0
 3000: new home position for player 4: -12 26
 3000: new home position for player 5: -12 -26
 3000: new home position for player 6: 12 -15
 3000: new home position for player 7: 35 -22
 3000: new home position for player 8: 35 22
 3000: new home position for player 9: 0 0
 3000: new home position for player 10: 12 15
 3000: Received coach message: online_coach_left (advice (0 (true) (do our {1} (home (pt -20 -10))) (do our {2} (home (pt 0 0))) (do our {3} (home (pt -20 10))) (do our {4} (home (pt 0 0))) (do our {5} (home (pt -12 26))) (do our {6} (home (pt -12 -26))) (do our {7} (home (pt 12 -15))) (do our {8} (home (pt 35 -22))) (do our {9} (home (pt 35 22))) (do our {10} (home (pt 20 0))) (do our {11} (home (pt 12 15))))))
 3000: new home position for player 0: -20 -10
 3000: new home position for player 1: 0 0
 3000: new home position for player 2: -20 10
 3000: new home position for player 3: 0 0
 3000: new home position for player 4: -12 26
 3000: new home position for player 5: -12 -26
 3000: new home position for player 6: 12 -15
 3000: new home position for player 7: 35 -22
 3000: new home position for player 8: 35 22
 3000: new home position for player 9: 20 0
 3000: new home position for player 10: 12 15
 3000: Received coach message: online_coach_left (advice (0 (true) (do our {1} (home (pt -20 -10))) (do our {2} (home (pt 20 0))) (do our {3} (home (pt -20 10))) (do our {4} (home (pt 0 0))) (do our {5} (home (pt -12 26))) (do our {6} (home (pt -12 -26))) (do our {7} (home (pt 12 -15))) (do our {8} (home (pt 35 -22))) (do our {9} (home (pt 35 22))) (do our {10} (home (pt 0 0))) (do our {11} (home (pt 12 15))))))
 3000: new home position for player 0: -20 -10
 3000: new home position for player 1: 20 0
 3000: new home position for player 2: -20 10
 3000: new home position for player 3: 0 0
 3000: new home position for player 4: -12 26
 3000: new home position for player 5: -12 -26
 3000: new home position for player 6: 12 -15
 3000: new home position for player 7: 35 -22
 3000: new home position for player 8: 35 22
 3000: new home position for player 9: 0 0
 3000: new home position for player 10: 12 15
 3000: Received coach message: online_coach_left (advice (0 (true) (do our {1} (home (pt -20 -10))) (do our {2} (home (pt 0 0))) (do our {3} (home (pt -20 10))) (do our {4} (home (pt 20 0))) (do our {5} (home (pt -12 26))) (do our {6} (home (pt -12 -26))) (do our {7} (home (pt 12 -15))) (do our {8} (home (pt 35 -22))) (do our {9} (home (pt 35 22))) (do our {10} (home (pt 0 0))) (do our {11} (home (pt 12 15))))))
 3000: new home position for player 0: -20 -10
 3000: new home position for player 1: 0 0
 3000: new home position for player 2: -20 10
 3000: new home position for player 3: 20 0
 3000: new home position for player 4: -12 26
 3000: new home position for player 5: -12 -26
 3000: new home position for player 6: 12 -15
 3000: new home position for player 7: 35 -22
 3000: new home position for player 8: 35 22
 3000: new home position for player 9: 0 0
 3000: new home position for player 10: 12 15
 3000: Received coach message: online_coach_left (advice (0 (true) (do our {1} (home (pt -20 -10))) (do our {2} (home (pt 0 0))) (do our {3} (home (pt -20 10))) (do our {4} (home (pt 20 0))) (do our {5} (home (pt -12 26))) (do our {6} (home (pt -12 -26))) (do our {7} (home (pt 12 -15))) (do our {8} (home (pt 35 -22))) (do our {9} (home (pt 35 22))) (do our {10} (home (pt 0 0))) (do our {11} (home (pt 12 15))))))
 3000: new home position for player 0: -20 -10
 3000: new home position for player 1: 0 0
 3000: new home position for player 2: -20 10
 3000: new home position for player 3: 20 0
 3000: new home position for player 4: -12 26
 3000: new home position for player 5: -12 -26
 3000: new home position for player 6: 12 -15
 3000: new home position for player 7: 35 -22
 3000: new home position for player 8: 35 22
 3000: new home position for player 9: 0 0
 3000: new home position for player 10: 12 15
