 0: change player from message 62 -> 1
 0: changed player from message 62 -> 1
 0: change player from message 63 -> 2
 0: changed player from message 63 -> 2
 0: change player from message 64 -> 3
 0: changed player from message 64 -> 3
 0: change player from message 65 -> 4
 0: changed player from message 65 -> 4
 0: change player from message 66 -> 5
 0: changed player from message 66 -> 5
 0: change player from message 67 -> 6
 0: changed player from message 67 -> 6
 0: change player from message 68 -> 7
 0: changed player from message 68 -> 7
 0: change player from message 69 -> 8
 0: changed player from message 69 -> 8
 0: change player from message 70 -> 9
 0: changed player from message 70 -> 9
 0: change player from message 71 -> 10
 0: changed player from message 71 -> 10
 137: Received coach message: online_coach_left (advice (0 (true) (do our {1} (home (pt -20 -10))) (do our {2} (home (pt -12 26))) (do our {3} (home (pt 20 0))) (do our {4} (home (pt 0 0))) (do our {5} (home (pt -12 -26))) (do our {6} (home (pt -20 10))) (do our {7} (home (pt 35 22))) (do our {8} (home (pt 35 -22))) (do our {9} (home (pt 0 0))) (do our {10} (home (pt 12 15))) (do our {11} (home (pt 12 -15))))))
 137: new home position for player 0: -20 -10
 137: new home position for player 1: -12 26
 137: new home position for player 2: 20 0
 137: new home position for player 3: 0 0
 137: new home position for player 4: -12 -26
 137: new home position for player 5: -20 10
 137: new home position for player 6: 35 22
 137: new home position for player 7: 35 -22
 137: new home position for player 8: 0 0
 137: new home position for player 9: 12 15
 137: new home position for player 10: 12 -15
 201: Received coach message: online_coach_left (advice (0 (true) (do our {1} (home (pt 20 0))) (do our {2} (home (pt -12 26))) (do our {3} (home (pt -20 10))) (do our {4} (home (pt -20 -10))) (do our {5} (home (pt -12 -26))) (do our {6} (home (pt 0 0))) (do our {7} (home (pt 35 22))) (do our {8} (home (pt 35 -22))) (do our {9} (home (pt 0 0))) (do our {10} (home (pt 12 15))) (do our {11} (home (pt 12 -15))))))
 201: new home position for player 0: 20 0
 201: new home position for player 1: -12 26
 201: new home position for player 2: -20 10
 201: new home position for player 3: -20 -10
 201: new home position for player 4: -12 -26
 201: new home position for player 5: 0 0
 201: new home position for player 6: 35 22
 201: new home position for player 7: 35 -22
 201: new home position for player 8: 0 0
 201: new home position for player 9: 12 15
 201: new home position for player 10: 12 -15
 351: Received coach message: online_coach_left (advice (0 (true) (do our {1} (home (pt 0 0))) (do our {2} (home (pt -12 26))) (do our {3} (home (pt -20 10))) (do our {4} (home (pt -20 -10))) (do our {5} (home (pt -12 -26))) (do our {6} (home (pt 20 0))) (do our {7} (home (pt 35 22))) (do our {8} (home (pt 35 -22))) (do our {9} (home (pt 0 0))) (do our {10} (home (pt 12 15))) (do our {11} (home (pt 12 -15))))))
 351: new home position for player 0: 0 0
 351: new home position for player 1: -12 26
 351: new home position for player 2: -20 10
 351: new home position for player 3: -20 -10
 351: new home position for player 4: -12 -26
 351: new home position for player 5: 20 0
 351: new home position for player 6: 35 22
 351: new home position for player 7: 35 -22
 351: new home position for player 8: 0 0
 351: new home position for player 9: 12 15
 351: new home position for player 10: 12 -15
 501: Received coach message: online_coach_left (advice (0 (true) (do our {1} (home (pt -20 -10))) (do our {2} (home (pt -12 26))) (do our {3} (home (pt -20 10))) (do our {4} (home (pt 0 0))) (do our {5} (home (pt -12 -26))) (do our {6} (home (pt 0 0))) (do our {7} (home (pt 12 15))) (do our {8} (home (pt 35 -22))) (do our {9} (home (pt 20 0))) (do our {10} (home (pt 35 22))) (do our {11} (home (pt 12 -15))))))
 501: new home position for player 0: -20 -10
 501: new home position for player 1: -12 26
 501: new home position for player 2: -20 10
 501: new home position for player 3: 0 0
 501: new home position for player 4: -12 -26
 501: new home position for player 5: 0 0
 501: new home position for player 6: 12 15
 501: new home position for player 7: 35 -22
 501: new home position for player 8: 20 0
 501: new home position for player 9: 35 22
 501: new home position for player 10: 12 -15
 651: Received coach message: online_coach_left (advice (0 (true) (do our {1} (home (pt -20 -10))) (do our {2} (home (pt -12 26))) (do our {3} (home (pt -20 10))) (do our {4} (home (pt 0 0))) (do our {5} (home (pt -12 -26))) (do our {6} (home (pt 20 0))) (do our {7} (home (pt 12 15))) (do our {8} (home (pt 35 -22))) (do our {9} (home (pt 0 0))) (do our {10} (home (pt 35 22))) (do our {11} (home (pt 12 -15))))))
 651: new home position for player 0: -20 -10
 651: new home position for player 1: -12 26
 651: new home position for player 2: -20 10
 651: new home position for player 3: 0 0
 651: new home position for player 4: -12 -26
 651: new home position for player 5: 20 0
 651: new home position for player 6: 12 15
 651: new home position for player 7: 35 -22
 651: new home position for player 8: 0 0
 651: new home position for player 9: 35 22
 651: new home position for player 10: 12 -15
 801: Received coach message: online_coach_left (advice (0 (true) (do our {1} (home (pt -20 -10))) (do our {2} (home (pt -12 26))) (do our {3} (home (pt -20 10))) (do our {4} (home (pt 0 0))) (do our {5} (home (pt -12 -26))) (do our {6} (home (pt 0 0))) (do our {7} (home (pt 12 15))) (do our {8} (home (pt 35 -22))) (do our {9} (home (pt 20 0))) (do our {10} (home (pt 35 22))) (do our {11} (home (pt 12 -15))))))
 801: new home position for player 0: -20 -10
 801: new home position for player 1: -12 26
 801: new home position for player 2: -20 10
 801: new home position for player 3: 0 0
 801: new home position for player 4: -12 -26
 801: new home position for player 5: 0 0
 801: new home position for player 6: 12 15
 801: new home position for player 7: 35 -22
 801: new home position for player 8: 20 0
 801: new home position for player 9: 35 22
 801: new home position for player 10: 12 -15
 951: Received coach message: online_coach_left (advice (0 (true) (do our {1} (home (pt -20 10))) (do our {2} (home (pt -12 26))) (do our {3} (home (pt 0 0))) (do our {4} (home (pt -20 -10))) (do our {5} (home (pt -12 -26))) (do our {6} (home (pt 20 0))) (do our {7} (home (pt 12 15))) (do our {8} (home (pt 35 -22))) (do our {9} (home (pt 0 0))) (do our {10} (home (pt 35 22))) (do our {11} (home (pt 12 -15))))))
 951: new home position for player 0: -20 10
 951: new home position for player 1: -12 26
 951: new home position for player 2: 0 0
 951: new home position for player 3: -20 -10
 951: new home position for player 4: -12 -26
 951: new home position for player 5: 20 0
 951: new home position for player 6: 12 15
 951: new home position for player 7: 35 -22
 951: new home position for player 8: 0 0
 951: new home position for player 9: 35 22
 951: new home position for player 10: 12 -15
 1251: Received coach message: online_coach_left (advice (0 (true) (do our {1} (home (pt -20 10))) (do our {2} (home (pt -12 26))) (do our {3} (home (pt 0 0))) (do our {4} (home (pt -20 -10))) (do our {5} (home (pt -12 -26))) (do our {6} (home (pt 20 0))) (do our {7} (home (pt 12 15))) (do our {8} (home (pt 35 -22))) (do our {9} (home (pt 0 0))) (do our {10} (home (pt 35 22))) (do our {11} (home (pt 12 -15))))))
 1251: new home position for player 0: -20 10
 1251: new home position for player 1: -12 26
 1251: new home position for player 2: 0 0
 1251: new home position for player 3: -20 -10
 1251: new home position for player 4: -12 -26
 1251: new home position for player 5: 20 0
 1251: new home position for player 6: 12 15
 1251: new home position for player 7: 35 -22
 1251: new home position for player 8: 0 0
 1251: new home position for player 9: 35 22
 1251: new home position for player 10: 12 -15
 1532: direction old: -43.583056, new: -48.757914
(b)r: 1.77168 phi: 8.30318 vel: ( 0.0898366, 0.0800501 ) (1534,0) rel: ( 1.75311, 0.25585 ), (1534,0) global: ( 18.4979, 15.3079 ), (1534,0), changes: -0.2, 3.6 last seen:(1532,0) globalposderived: (1532,0)
 1534: direction old: -47.498147, new: -39.609908
(b)r: 1.8 phi: 9 vel: ( 0.103844, 0.0733055 ) (1534,0) rel: ( 1.77784, 0.281582 ), (1534,0) global: ( 18.5396, 15.6279 ), (1534,0), changes: -0.144, 4.9 last seen:(1534,0) globalposderived: (1534,0)
(b)r: 1.6931 phi: 2.85574 vel: ( 0.0976135, 0.0689072 ) (1535,0) rel: ( 1.691, 0.0843528 ), (1535,0) global: ( 18.6435, 15.7012 ), (1535,0), changes: -0.144, 4.9 last seen:(1534,0) globalposderived: (1534,0)
 1535: direction old: -36.470318, new: -34.393817
(b)r: 1.6 phi: 5 vel: ( 0.0750906, 0.0821594 ) (1535,0) rel: ( 1.59391, 0.139449 ), (1535,0) global: ( 18.6173, 15.7927 ), (1535,0), changes: -0.032, 4.5 last seen:(1535,0) globalposderived: (1535,0)
(b)r: 1.07308 phi: 15.6917 vel: ( 0.0705852, 0.0772298 ) (1536,0) rel: ( 1.03309, 0.290227 ), (1536,0) global: ( 18.6924, 15.8748 ), (1536,0), changes: -0.032, 4.5 last seen:(1535,0) globalposderived: (1535,0)
 1536: ball (18.692365,15.874832), agent (17.709802,16.306189), to (21.573813,13.132954) ang -39.393817 -39.393817
 1536: relpos body (1.073079,15.691729), vel. ball:(0.070585,0.077230) dist: 1.132448 (0.300000,0.085000,0.747448)
 1536: point good and can reach point 38.627399
(b)r: 0.949725 phi: 25.1815 vel: ( 0.0663501, 0.072596 ) (1537,0) rel: ( 0.859468, 0.404096 ), (1537,0) global: ( 18.763, 15.9521 ), (1537,0), changes: -0.032, 4.5 last seen:(1535,0) globalposderived: (1535,0)
 1537: ball (18.762950,15.952061), agent (17.842294,16.185234), to (21.706304,13.011999) ang -39.393817 -39.393817
 1537: relpos body (0.949725,25.181480), vel. ball:(0.066350,0.072596) dist: 1.132448 (0.300000,0.085000,0.747448)
 1537: point good and can reach point 37.297450
 1537: direction old: -8.634515, new: -15.414345
(b)r: 1.1 phi: 24 vel: ( 0.0708876, 0.0725129 ) (1537,0) rel: ( 1.0049, 0.44741 ), (1537,0) global: ( 18.923, 15.7964 ), (1537,0), changes: 0, 6.1 last seen:(1537,0) globalposderived: (1537,0)
 1537: ball (18.922997,15.796410), agent (17.862565,16.088787), to (21.725438,12.914167) ang -39.414345 -39.414345
 1537: relpos body (1.100000,24.000000), vel. ball:(0.070888,0.072513) dist: 1.132448 (0.300000,0.085000,0.747448)
 1537: point good and can reach point 39.720084
(b)r: 1.74137 phi: 12.4733 vel: ( 0.505865, -0.502486 ) (1538,0) rel: ( 1.70027, 0.37611 ), (1538,0) global: ( 19.4612, 15.2618 ), (1538,0), changes: 0, 6.1 last seen:(1537,0) globalposderived: (1537,0)
 1538: direction old: -19.542121, new: -26.089571
(b)r: 1.8 phi: 13 vel: ( 0.520182, -0.505293 ) (1538,0) rel: ( 1.75387, 0.404912 ), (1538,0) global: ( 19.2864, 15.1061 ), (1538,0), changes: 0.684, -6.9 last seen:(1538,0) globalposderived: (1538,0)
 1540: direction old: -42.341273, new: -34.542277
 1541: direction old: -37.773440, new: -38.578751
 1546: direction old: -40.206328, new: -45.830782
 1547: direction old: -52.114607, new: -47.154390
(b)r: 2 phi: -6 vel: ( 0.297243, -0.297149 ) (1547,0) rel: ( 1.98904, -0.209057 ), (1547,0) global: ( 23.1672, 11.7326 ), (1547,0), changes: 0.16, -0.1 last seen:(1547,0) globalposderived: (1547,0)
 1549: direction old: -51.267479, new: -47.680860
(b)r: 1.92215 phi: 0.946894 vel: ( 0.249729, -0.293509 ) (1550,0) rel: ( 1.92189, 0.0317648 ), (1550,0) global: ( 24.2307, 10.7881 ), (1550,0), changes: 0.22, -0.1 last seen:(1549,0) globalposderived: (1549,0)
 1550: direction old: -44.250849, new: -47.485157
(b)r: 1.8 phi: 1 vel: ( 0.232949, -0.276914 ) (1550,0) rel: ( 1.79973, 0.0314143 ), (1550,0) global: ( 24.0337, 10.8383 ), (1550,0), changes: 0.108, -0.4 last seen:(1550,0) globalposderived: (1550,0)
(b)r: 1.44405 phi: 0.884839 vel: ( 0.218972, -0.2603 ) (1551,0) rel: ( 1.44388, 0.0223001 ), (1551,0) global: ( 24.2666, 10.5613 ), (1551,0), changes: 0.108, -0.4 last seen:(1550,0) globalposderived: (1550,0)
 1551: Received coach message: online_coach_left (advice (0 (true) (do our {1} (home (pt -20 10))) (do our {2} (home (pt -12 26))) (do our {3} (home (pt 0 0))) (do our {4} (home (pt -20 -10))) (do our {5} (home (pt -12 -26))) (do our {6} (home (pt 0 0))) (do our {7} (home (pt 12 15))) (do our {8} (home (pt 35 -22))) (do our {9} (home (pt 20 0))) (do our {10} (home (pt 35 22))) (do our {11} (home (pt 12 -15))))))
 1551: new home position for player 0: -20 10
 1551: new home position for player 1: -12 26
 1551: new home position for player 2: 0 0
 1551: new home position for player 3: -20 -10
 1551: new home position for player 4: -12 -26
 1551: new home position for player 5: 0 0
 1551: new home position for player 6: 12 15
 1551: new home position for player 7: 35 -22
 1551: new home position for player 8: 20 0
 1551: new home position for player 9: 35 22
 1551: new home position for player 10: 12 -15
(b)r: 1.09664 phi: 1.34468 vel: ( 0.205834, -0.244682 ) (1552,0) rel: ( 1.09634, 0.0257348 ), (1552,0) global: ( 24.4856, 10.301 ), (1552,0), changes: 0.108, -0.4 last seen:(1550,0) globalposderived: (1550,0)
 1552: turnWithBall: freeze ball
 1552: direction old: -27.279759, new: -46.739464
(b)r: 1.1 phi: 1 vel: ( 0.195081, -0.238741 ) (1552,0) rel: ( 1.09983, 0.0191976 ), (1552,0) global: ( 24.3447, 9.96137 ), (1552,0), changes: 0.066, -0.9 last seen:(1552,0) globalposderived: (1552,0)
 1552: turnWithBall: freeze ball
(b)r: 0.862197 phi: 1.90442 vel: ( 0.00433744, 0.00260743 ) (1553,0) rel: ( 0.86172, 0.0286527 ), (1553,0) global: ( 24.3493, 9.96414 ), (1553,0), changes: 0.066, -0.9 last seen:(1552,0) globalposderived: (1552,0)
 1553: turnWithBall: turn since ball will be kickable in t+1
 1553: direction old: -71.377628, new: -47.637908
(b)r: 0.8 phi: 1 vel: ( -0.00978174, 0.0127996 ) (1553,0) rel: ( 0.799878, 0.0139619 ), (1553,0) global: ( 24.536, 10.4186 ), (1553,0), changes: -0.096, 0.3 last seen:(1553,0) globalposderived: (1553,0)
 1553: turnWithBall: turn since ball will be kickable in t+1
(b)r: 0.694635 phi: -27.378 vel: ( -0.00919483, 0.0120317 ) (1554,0) rel: ( 0.61683, -0.319435 ), (1554,0) global: ( 24.5263, 10.4314 ), (1554,0), changes: -0.096, 0.3 last seen:(1553,0) globalposderived: (1553,0)
 1554: ball (24.526260,10.431402), agent (24.051577,10.938546), to (28.764332,9.268234) ang -19.515530 -19.515530
 1554: relpos body (0.694635,-27.378047), vel. ball:(-0.009195,0.012032) dist: 1.132448 (0.300000,0.085000,0.747448)
 1554: point good and can reach point 33.789472
(b)r: 1.39455 phi: -11.2112 vel: ( 0.680648, -0.193071 ) (1555,0) rel: ( 1.36794, -0.271137 ), (1555,0) global: ( 25.2504, 10.226 ), (1555,0), changes: -0.096, 0.3 last seen:(1553,0) globalposderived: (1553,0)
 1555: direction old: -18.037398, new: -31.558243
(b)r: 1.2 phi: -15 vel: ( 0.659892, -0.172377 ) (1555,0) rel: ( 1.15911, -0.310583 ), (1555,0) global: ( 25.0452, 9.99776 ), (1555,0), changes: 0.624, 9.8 last seen:(1555,0) globalposderived: (1555,0)
(b)r: 1.86312 phi: 0 vel: ( 0.620299, -0.162035 ) (1556,0) rel: ( 1.86312, 0 ), (1556,0) global: ( 25.7051, 9.82539 ), (1556,0), changes: 0.624, 9.8 last seen:(1555,0) globalposderived: (1555,0)
 1556: direction old: -27.703493, new: -27.215484
(b)r: 1.8 phi: -2 vel: ( 0.6146, -0.158102 ) (1556,0) rel: ( 1.7989, -0.0628191 ), (1556,0) global: ( 25.7269, 9.83123 ), (1556,0), changes: 0.612, 4.5 last seen:(1556,0) globalposderived: (1556,0)
(b)r: 1.88671 phi: 2.55617 vel: ( 0.577724, -0.148616 ) (1557,0) rel: ( 1.88484, 0.0841452 ), (1557,0) global: ( 26.3415, 9.67313 ), (1557,0), changes: 0.612, 4.5 last seen:(1556,0) globalposderived: (1556,0)
(b)r: 1.79907 phi: 7.40302 vel: ( 0.543061, -0.139699 ) (1558,0) rel: ( 1.78407, 0.231806 ), (1558,0) global: ( 26.9192, 9.52451 ), (1558,0), changes: 0.612, 4.5 last seen:(1556,0) globalposderived: (1556,0)
 1558: direction old: -24.158441, new: -18.445712
(b)r: 1.8 phi: 7 vel: ( 0.535767, -0.147573 ) (1558,0) rel: ( 1.78658, 0.219365 ), (1558,0) global: ( 26.9822, 9.69265 ), (1558,0), changes: 0.324, 1.9 last seen:(1558,0) globalposderived: (1558,0)
 1559: direction old: -16.685296, new: -17.355615
(b)r: 1.9324 phi: -0.527652 vel: ( 0.453453, -0.126029 ) (1560,0) rel: ( 1.93231, -0.0177957 ), (1560,0) global: ( 27.8791, 9.42291 ), (1560,0), changes: 0.4, 0.8 last seen:(1559,0) globalposderived: (1559,0)
(b)r: 1.68699 phi: -1.65047 vel: ( 0.426246, -0.118467 ) (1561,0) rel: ( 1.68629, -0.048589 ), (1561,0) global: ( 28.3326, 9.29688 ), (1561,0), changes: 0.4, 0.8 last seen:(1559,0) globalposderived: (1559,0)
 1561: direction old: -9.917059, new: -16.576371
(b)r: 1.8 phi: -1 vel: ( 0.434651, -0.113163 ) (1561,0) rel: ( 1.79973, -0.0314143 ), (1561,0) global: ( 28.257, 9.09819 ), (1561,0), changes: 0.216, 0.2 last seen:(1561,0) globalposderived: (1561,0)
(b)r: 1.50187 phi: -1.40226 vel: ( 0.408572, -0.106373 ) (1562,0) rel: ( 1.50142, -0.0367532 ), (1562,0) global: ( 28.6917, 8.98503 ), (1562,0), changes: 0.216, 0.2 last seen:(1561,0) globalposderived: (1561,0)
 1562: direction old: -27.758360, new: -17.170888
(b)r: 1.5 phi: -1 vel: ( 0.41401, -0.102464 ) (1562,0) rel: ( 1.49977, -0.0261786 ), (1562,0) global: ( 28.9096, 9.18177 ), (1562,0), changes: 0.18, 0.8 last seen:(1562,0) globalposderived: (1562,0)
(b)r: 1.14858 phi: -0.463197 vel: ( 0.389169, -0.096316 ) (1563,0) rel: ( 1.14854, -0.00928538 ), (1563,0) global: ( 29.3236, 9.07931 ), (1563,0), changes: 0.18, 0.8 last seen:(1562,0) globalposderived: (1562,0)
(b)r: 0.771771 phi: 0.48956 vel: ( 0.365819, -0.090537 ) (1564,0) rel: ( 0.771743, 0.00659426 ), (1564,0) global: ( 29.7128, 8.98299 ), (1564,0), changes: 0.18, 0.8 last seen:(1562,0) globalposderived: (1562,0)
 1564: ball (29.712769,8.982994), agent (28.969724,9.191593), to (33.771900,7.799078) ang -16.170888 -16.170888
 1564: relpos body (0.771771,0.489560), vel. ball:(0.365819,-0.090537) dist: 1.132448 (0.300000,0.085000,0.747448)
 1564: point good and can reach point 16.808201
 1564: direction old: -12.931337, new: -15.078593
(b)r: 0.7 phi: 1 vel: ( 0.364121, -0.0875831 ) (1564,0) rel: ( 0.699893, 0.0122167 ), (1564,0) global: ( 29.5772, 8.98721 ), (1564,0), changes: 0.112, 1.4 last seen:(1564,0) globalposderived: (1564,0)
 1564: ball (29.577203,8.987211), agent (28.901304,9.169311), to (33.705717,7.784533) ang -16.078593 -16.078593
 1564: relpos body (0.700000,1.000000), vel. ball:(0.364121,-0.087583) dist: 1.132448 (0.300000,0.085000,0.747448)
 1564: point good and can reach point 16.475287
(b)r: 1.22058 phi: 0.724692 vel: ( 0.687098, -0.194892 ) (1565,0) rel: ( 1.22048, 0.0154378 ), (1565,0) global: ( 30.3082, 8.77988 ), (1565,0), changes: 0.112, 1.4 last seen:(1564,0) globalposderived: (1564,0)
 1565: direction old: -18.585793, new: -14.139948
(b)r: 1.2 phi: 2 vel: ( 0.673651, -0.178806 ) (1565,0) rel: ( 1.19927, 0.0418794 ), (1565,0) global: ( 30.4467, 8.83142 ), (1565,0), changes: 0.6, 0.3 last seen:(1565,0) globalposderived: (1565,0)
(b)r: 1.35909 phi: 2.41994 vel: ( 0.633232, -0.168078 ) (1566,0) rel: ( 1.35788, 0.0573852 ), (1566,0) global: ( 31.1204, 8.65262 ), (1566,0), changes: 0.6, 0.3 last seen:(1565,0) globalposderived: (1565,0)
(b)r: 1.29934 phi: 4.2815 vel: ( 0.595238, -0.157993 ) (1567,0) rel: ( 1.29571, 0.0970045 ), (1567,0) global: ( 31.7536, 8.48454 ), (1567,0), changes: 0.6, 0.3 last seen:(1565,0) globalposderived: (1565,0)
 1567: direction old: -12.358246, new: -13.235358
(b)r: 1.3 phi: 3 vel: ( 0.5872, -0.164842 ) (1567,0) rel: ( 1.29822, 0.0680367 ), (1567,0) global: ( 31.6115, 8.49529 ), (1567,0), changes: 0.364, -0.6 last seen:(1567,0) globalposderived: (1567,0)
(b)r: 1.16295 phi: 3.6453 vel: ( 0.551968, -0.154952 ) (1568,0) rel: ( 1.16059, 0.0739396 ), (1568,0) global: ( 32.1987, 8.33045 ), (1568,0), changes: 0.364, -0.6 last seen:(1567,0) globalposderived: (1567,0)
 1568: direction old: -15.208735, new: -13.226931
(b)r: 1.2 phi: 3 vel: ( 0.54523, -0.159314 ) (1568,0) rel: ( 1.19836, 0.0628031 ), (1568,0) global: ( 32.346, 8.33344 ), (1568,0), changes: 0.312, -1.1 last seen:(1568,0) globalposderived: (1568,0)
(b)r: 0.990301 phi: 2.81465 vel: ( 0.512516, -0.149755 ) (1569,0) rel: ( 0.989107, 0.0486289 ), (1569,0) global: ( 32.8912, 8.17412 ), (1569,0), changes: 0.312, -1.1 last seen:(1568,0) globalposderived: (1568,0)
 1569: ball (32.891184,8.174122), agent (31.927892,8.403828), to (50.000000,0.000000) ang -16.226931 -16.226931
 1569: relpos body (0.990301,2.814652), vel. ball:(0.512516,-0.149755) dist: 1.132448 (0.300000,0.085000,0.747448)
 1569: pos (3.688380,-1.762207) too far, but can acc ball good to 2.668100 k=2.142814,0.085819
 1651: Received coach message: online_coach_left (advice (0 (true) (do our {1} (home (pt -20 10))) (do our {2} (home (pt -12 26))) (do our {3} (home (pt 0 0))) (do our {4} (home (pt -20 -10))) (do our {5} (home (pt -12 -26))) (do our {6} (home (pt 0 0))) (do our {7} (home (pt 12 15))) (do our {8} (home (pt 12 -15))) (do our {9} (home (pt 20 0))) (do our {10} (home (pt 35 22))) (do our {11} (home (pt 35 -22))))))
 1651: new home position for player 0: -20 10
 1651: new home position for player 1: -12 26
 1651: new home position for player 2: 0 0
 1651: new home position for player 3: -20 -10
 1651: new home position for player 4: -12 -26
 1651: new home position for player 5: 0 0
 1651: new home position for player 6: 12 15
 1651: new home position for player 7: 12 -15
 1651: new home position for player 8: 20 0
 1651: new home position for player 9: 35 22
 1651: new home position for player 10: 35 -22
 1851: Received coach message: online_coach_left (advice (0 (true) (do our {1} (home (pt -20 10))) (do our {2} (home (pt -12 26))) (do our {3} (home (pt 0 0))) (do our {4} (home (pt -20 -10))) (do our {5} (home (pt -12 -26))) (do our {6} (home (pt 0 0))) (do our {7} (home (pt 12 15))) (do our {8} (home (pt 35 -22))) (do our {9} (home (pt 20 0))) (do our {10} (home (pt 35 22))) (do our {11} (home (pt 12 -15))))))
 1851: new home position for player 0: -20 10
 1851: new home position for player 1: -12 26
 1851: new home position for player 2: 0 0
 1851: new home position for player 3: -20 -10
 1851: new home position for player 4: -12 -26
 1851: new home position for player 5: 0 0
 1851: new home position for player 6: 12 15
 1851: new home position for player 7: 35 -22
 1851: new home position for player 8: 20 0
 1851: new home position for player 9: 35 22
 1851: new home position for player 10: 12 -15
 2151: Received coach message: online_coach_left (advice (0 (true) (do our {1} (home (pt -20 10))) (do our {2} (home (pt -12 26))) (do our {3} (home (pt 0 0))) (do our {4} (home (pt -20 -10))) (do our {5} (home (pt -12 -26))) (do our {6} (home (pt 0 0))) (do our {7} (home (pt 12 15))) (do our {8} (home (pt 35 -22))) (do our {9} (home (pt 20 0))) (do our {10} (home (pt 35 22))) (do our {11} (home (pt 12 -15))))))
 2151: new home position for player 0: -20 10
 2151: new home position for player 1: -12 26
 2151: new home position for player 2: 0 0
 2151: new home position for player 3: -20 -10
 2151: new home position for player 4: -12 -26
 2151: new home position for player 5: 0 0
 2151: new home position for player 6: 12 15
 2151: new home position for player 7: 35 -22
 2151: new home position for player 8: 20 0
 2151: new home position for player 9: 35 22
 2151: new home position for player 10: 12 -15
 2301: Received coach message: online_coach_left (advice (0 (true) (do our {1} (home (pt -20 10))) (do our {2} (home (pt -12 26))) (do our {3} (home (pt 0 0))) (do our {4} (home (pt -20 -10))) (do our {5} (home (pt 0 0))) (do our {6} (home (pt -12 -26))) (do our {7} (home (pt 12 15))) (do our {8} (home (pt 35 -22))) (do our {9} (home (pt 20 0))) (do our {10} (home (pt 35 22))) (do our {11} (home (pt 12 -15))))))
 2301: new home position for player 0: -20 10
 2301: new home position for player 1: -12 26
 2301: new home position for player 2: 0 0
 2301: new home position for player 3: -20 -10
 2301: new home position for player 4: 0 0
 2301: new home position for player 5: -12 -26
 2301: new home position for player 6: 12 15
 2301: new home position for player 7: 35 -22
 2301: new home position for player 8: 20 0
 2301: new home position for player 9: 35 22
 2301: new home position for player 10: 12 -15
 2451: Received coach message: online_coach_left (advice (0 (true) (do our {1} (home (pt -20 10))) (do our {2} (home (pt -12 26))) (do our {3} (home (pt 0 0))) (do our {4} (home (pt -20 -10))) (do our {5} (home (pt -12 -26))) (do our {6} (home (pt 20 0))) (do our {7} (home (pt 35 22))) (do our {8} (home (pt 35 -22))) (do our {9} (home (pt 0 0))) (do our {10} (home (pt 12 15))) (do our {11} (home (pt 12 -15))))))
 2451: new home position for player 0: -20 10
 2451: new home position for player 1: -12 26
 2451: new home position for player 2: 0 0
 2451: new home position for player 3: -20 -10
 2451: new home position for player 4: -12 -26
 2451: new home position for player 5: 20 0
 2451: new home position for player 6: 35 22
 2451: new home position for player 7: 35 -22
 2451: new home position for player 8: 0 0
 2451: new home position for player 9: 12 15
 2451: new home position for player 10: 12 -15
(b)r: 1.77155 phi: 122.015 vel: ( 1.17425, 0.146781 ) (2564,0) rel: ( -0.939164, 1.50212 ), (2564,0) global: ( -0.904107, 14.887 ), (2564,0), changes: -0.804, 0.3 last seen:(2558,0) globalposderived: (2554,0)
 2564: direction old: -126.417113, new: -111.603002
(b)r: 1.93331 phi: 167.463 vel: ( 1.10379, 0.137974 ) (2565,0) rel: ( -1.88722, 0.419654 ), (2565,0) global: ( 0.511858, 14.4139 ), (2565,0), changes: -0.804, 0.3 last seen:(2564,0) globalposderived: (2564,0)
 2566: 2 pos: ball(1.681624,14.605089), ball_prev(-0.662389,14.267120), agentdiff(-0.295422,-0.003649)
 2566: direction old: -44.895574, new: -42.964058
 2751: Received coach message: online_coach_left (advice (0 (true) (do our {1} (home (pt -20 10))) (do our {2} (home (pt -12 26))) (do our {3} (home (pt 0 0))) (do our {4} (home (pt -20 -10))) (do our {5} (home (pt -12 -26))) (do our {6} (home (pt 0 0))) (do our {7} (home (pt 12 15))) (do our {8} (home (pt 35 -22))) (do our {9} (home (pt 20 0))) (do our {10} (home (pt 35 22))) (do our {11} (home (pt 12 -15))))))
 2751: new home position for player 0: -20 10
 2751: new home position for player 1: -12 26
 2751: new home position for player 2: 0 0
 2751: new home position for player 3: -20 -10
 2751: new home position for player 4: -12 -26
 2751: new home position for player 5: 0 0
 2751: new home position for player 6: 12 15
 2751: new home position for player 7: 35 -22
 2751: new home position for player 8: 20 0
 2751: new home position for player 9: 35 22
 2751: new home position for player 10: 12 -15
 2758: direction old: -34.996086, new: -40.662260
(b)r: 1.6013 phi: -20.3655 vel: ( -1.11521, 0.277276 ) (2759,0) rel: ( 1.5012, -0.557262 ), (2759,0) global: ( 19.7753, 12.4598 ), (2759,0), changes: -1.188, -13.1 last seen:(2758,0) globalposderived: (2758,0)
 2759: direction old: -69.686035, new: -64.303531
(b)r: 1.6 phi: -22 vel: ( -1.12138, 0.276009 ) (2759,0) rel: ( 1.48349, -0.599371 ), (2759,0) global: ( 19.829, 12.7471 ), (2759,0), changes: -0.768, -33 last seen:(2759,0) globalposderived: (2759,0)
(b)r: 1.2389 phi: -45.2907 vel: ( -1.05409, 0.259449 ) (2760,0) rel: ( 0.871575, -0.880466 ), (2760,0) global: ( 18.7076, 13.0231 ), (2760,0), changes: -0.768, -33 last seen:(2759,0) globalposderived: (2759,0)
(b)r: 1.75307 phi: -35.6959 vel: ( -0.990848, 0.243882 ) (2761,0) rel: ( 1.42372, -1.02289 ), (2761,0) global: ( 17.6535, 13.2826 ), (2761,0), changes: -0.768, -33 last seen:(2759,0) globalposderived: (2759,0)
 2761: direction old: -153.812973, new: -147.417877
(b)r: 1.8 phi: -41 vel: ( -0.996646, 0.204279 ) (2761,0) rel: ( 1.35848, -1.18091 ), (2761,0) global: ( 17.4791, 12.9734 ), (2761,0), changes: 0.756, -21.6 last seen:(2761,0) globalposderived: (2761,0)
 2762: direction old: -166.841627, new: -163.756599
(b)r: 1.88043 phi: -2.07514 vel: ( 1.83327, -1.13041 ) (2895,0) rel: ( 1.8792, -0.0680907 ), (2895,0) global: ( 5.8028, 18.391 ), (2895,0), changes: -2.34, 0.1 last seen:(2894,0) globalposderived: (2894,0)
(b)r: 0.694952 phi: -175.794 vel: ( 1.72328, -1.06258 ) (2896,0) rel: ( -0.693081, -0.0509667 ), (2896,0) global: ( 7.63607, 17.2606 ), (2896,0), changes: -2.34, 0.1 last seen:(2894,0) globalposderived: (2894,0)
 2896: turnWithBall: freeze ball
 2896: freeze ball will end up oustide -> accelerate
 2896: 2 pos: ball(7.626505,17.204119), ball_prev(3.852509,19.593551), agentdiff(0.044472,0.040434)
 2896: direction old: -31.966043, new: -36.305464
(b)r: 0.7 phi: 175 vel: ( 1.69866, -1.10672 ) (2896,0) rel: ( -0.697336, 0.061009 ), (2896,0) global: ( 7.6265, 17.2041 ), (2896,0), changes: -2.34, 0.1 last seen:(2896,0) globalposderived: (2896,0)
 2896: turnWithBall: freeze ball
 2896: freeze ball will end up oustide -> accelerate
(b)r: 1.11872 phi: 174.548 vel: ( 0.198998, -0.156508 ) (2897,0) rel: ( -1.11366, 0.106297 ), (2897,0) global: ( 7.8382, 17.0376 ), (2897,0), changes: -2.34, 0.1 last seen:(2896,0) globalposderived: (2896,0)
 2897: turnWithBall: kick ball close to desired turnangle -21.239654
 2897: (kick 68.421414 -14.016989), vecDesired (-0.466264,0.516284) -169.934190 posDes(7.371940,17.553905)
 2897: 2 pos: ball(7.769006,17.145077), ball_prev(7.626505,17.204119), agentdiff(-0.000470,-0.000644)
 2897: vel based on 2 pos: (0.134394,-0.054894)
 2897: direction old: -36.716925, new: -34.151174
(b)r: 1 phi: 177 vel: ( 0.134394, -0.0548945 ) (2897,0) rel: ( -0.99863, 0.052336 ), (2897,0) global: ( 7.76901, 17.1451 ), (2897,0), changes: -2.34, 0.1 last seen:(2897,0) globalposderived: (2897,0)
 2897: turnWithBall: kick ball close to desired turnangle -21.238751
 2897: (kick 47.624441 -9.880189), vecDesired (-0.397613,0.408083) -170.087577 posDes(7.371393,17.553161)
(b)r: 0.518381 phi: -172.269 vel: ( -0.373739, 0.37026 ) (2898,0) rel: ( -0.513669, -0.0697309 ), (2898,0) global: ( 7.37141, 17.539 ), (2898,0), changes: -2.34, 0.1 last seen:(2897,0) globalposderived: (2897,0)
 2898: turnWithBall: turn since ball will be kickable in t+1
(b)r: 0.2 phi: 72.0496 vel: ( 0.0351314, -0.0348044 ) (2899,0) rel: ( 0.0616388, 0.190265 ), (2899,0) global: ( 7.00293, 17.916 ), (2899,0), changes: -2.34, 0.1 last seen:(2897,0) globalposderived: (2897,0)
 2899: ball (7.002933,17.916021), agent (6.880452,17.757911), to (11.584476,16.063166) ang -19.812858 -19.812858
 2899: relpos body (0.200000,72.049579), vel. ball:(0.035131,-0.034804) dist: 1.132448 (0.300000,0.085000,0.747448)
 2899: point good and can reach point 29.838445
 2899: direction old: 10.775676, new: -2.266347
(b)r: 0.4 phi: 12 vel: ( 0.0329734, -0.0326842 ) (2899,0) rel: ( 0.391259, 0.0831647 ), (2899,0) global: ( 7.25586, 17.8723 ), (2899,0), changes: 0.032, -4.2 last seen:(2899,0) globalposderived: (2899,0)
 2899: ball (7.255861,17.872271), agent (6.856174,17.888089), to (11.701977,16.655940) ang -14.266347 -14.266347
 2899: relpos body (0.400000,12.000000), vel. ball:(0.032973,-0.032684) dist: 1.132448 (0.300000,0.085000,0.747448)
 2899: point good and can reach point 27.672782
(b)r: 1.14601 phi: 2.98179 vel: ( 0.680721, -0.19593 ) (2900,0) rel: ( 1.14446, 0.059614 ), (2900,0) global: ( 7.98003, 17.6638 ), (2900,0), changes: 0.032, -4.2 last seen:(2899,0) globalposderived: (2899,0)
 2900: direction old: -11.284555, new: -9.266347
(b)r: 1.1 phi: 5 vel: ( 0.673046, -0.176559 ) (2900,0) rel: ( 1.09581, 0.0958713 ), (2900,0) global: ( 7.94182, 17.711 ), (2900,0), changes: 0.682, -2.5 last seen:(2900,0) globalposderived: (2900,0)
(b)r: 1.7939 phi: 2.89542 vel: ( 0.632664, -0.165966 ) (2901,0) rel: ( 1.79161, 0.0906157 ), (2901,0) global: ( 8.61487, 17.5344 ), (2901,0), changes: 0.682, -2.5 last seen:(2900,0) globalposderived: (2900,0)
 2902: direction old: -12.260009, new: -11.266347
 3000: Received coach message: online_coach_left (advice (0 (true) (do our {1} (home (pt 12 15))) (do our {2} (home (pt 35 22))) (do our {3} (home (pt 0 0))) (do our {4} (home (pt -20 -10))) (do our {5} (home (pt 12 -15))) (do our {6} (home (pt 35 -22))) (do our {7} (home (pt -20 10))) (do our {8} (home (pt 0 0))) (do our {9} (home (pt -12 -26))) (do our {10} (home (pt 20 0))) (do our {11} (home (pt -12 26))))))
 3000: new home position for player 0: 12 15
 3000: new home position for player 1: 35 22
 3000: new home position for player 2: 0 0
 3000: new home position for player 3: -20 -10
 3000: new home position for player 4: 12 -15
 3000: new home position for player 5: 35 -22
 3000: new home position for player 6: -20 10
 3000: new home position for player 7: 0 0
 3000: new home position for player 8: -12 -26
 3000: new home position for player 9: 20 0
 3000: new home position for player 10: -12 26
 3000: Received coach message: online_coach_left (advice (0 (true) (do our {1} (home (pt 12 15))) (do our {2} (home (pt 35 22))) (do our {3} (home (pt 20 0))) (do our {4} (home (pt -20 -10))) (do our {5} (home (pt 12 -15))) (do our {6} (home (pt 35 -22))) (do our {7} (home (pt -20 10))) (do our {8} (home (pt 0 0))) (do our {9} (home (pt -12 -26))) (do our {10} (home (pt 0 0))) (do our {11} (home (pt -12 26))))))
 3000: new home position for player 0: 12 15
 3000: new home position for player 1: 35 22
 3000: new home position for player 2: 20 0
 3000: new home position for player 3: -20 -10
 3000: new home position for player 4: 12 -15
 3000: new home position for player 5: 35 -22
 3000: new home position for player 6: -20 10
 3000: new home position for player 7: 0 0
 3000: new home position for player 8: -12 -26
 3000: new home position for player 9: 0 0
 3000: new home position for player 10: -12 26
 3000: Received coach message: online_coach_left (advice (0 (true) (do our {1} (home (pt 12 15))) (do our {2} (home (pt 35 22))) (do our {3} (home (pt 0 0))) (do our {4} (home (pt -20 -10))) (do our {5} (home (pt 12 -15))) (do our {6} (home (pt 35 -22))) (do our {7} (home (pt -20 10))) (do our {8} (home (pt 0 0))) (do our {9} (home (pt -12 -26))) (do our {10} (home (pt 20 0))) (do our {11} (home (pt -12 26))))))
 3000: new home position for player 0: 12 15
 3000: new home position for player 1: 35 22
 3000: new home position for player 2: 0 0
 3000: new home position for player 3: -20 -10
 3000: new home position for player 4: 12 -15
 3000: new home position for player 5: 35 -22
 3000: new home position for player 6: -20 10
 3000: new home position for player 7: 0 0
 3000: new home position for player 8: -12 -26
 3000: new home position for player 9: 20 0
 3000: new home position for player 10: -12 26
 3000: Received coach message: online_coach_left (advice (0 (true) (do our {1} (home (pt 12 15))) (do our {2} (home (pt 35 22))) (do our {3} (home (pt 0 0))) (do our {4} (home (pt -20 -10))) (do our {5} (home (pt 12 -15))) (do our {6} (home (pt 35 -22))) (do our {7} (home (pt -20 10))) (do our {8} (home (pt 0 0))) (do our {9} (home (pt -12 -26))) (do our {10} (home (pt 20 0))) (do our {11} (home (pt -12 26))))))
 3000: new home position for player 0: 12 15
 3000: new home position for player 1: 35 22
 3000: new home position for player 2: 0 0
 3000: new home position for player 3: -20 -10
 3000: new home position for player 4: 12 -15
 3000: new home position for player 5: 35 -22
 3000: new home position for player 6: -20 10
 3000: new home position for player 7: 0 0
 3000: new home position for player 8: -12 -26
 3000: new home position for player 9: 20 0
 3000: new home position for player 10: -12 26
 3000: Received coach message: online_coach_left (advice (0 (true) (do our {1} (home (pt 12 15))) (do our {2} (home (pt 35 22))) (do our {3} (home (pt 0 0))) (do our {4} (home (pt -20 -10))) (do our {5} (home (pt 12 -15))) (do our {6} (home (pt 35 -22))) (do our {7} (home (pt -20 10))) (do our {8} (home (pt 20 0))) (do our {9} (home (pt -12 -26))) (do our {10} (home (pt 0 0))) (do our {11} (home (pt -12 26))))))
 3000: new home position for player 0: 12 15
 3000: new home position for player 1: 35 22
 3000: new home position for player 2: 0 0
 3000: new home position for player 3: -20 -10
 3000: new home position for player 4: 12 -15
 3000: new home position for player 5: 35 -22
 3000: new home position for player 6: -20 10
 3000: new home position for player 7: 20 0
 3000: new home position for player 8: -12 -26
 3000: new home position for player 9: 0 0
 3000: new home position for player 10: -12 26
 3000: Received coach message: online_coach_left (advice (0 (true) (do our {1} (home (pt 12 15))) (do our {2} (home (pt 35 22))) (do our {3} (home (pt 0 0))) (do our {4} (home (pt -20 -10))) (do our {5} (home (pt 12 -15))) (do our {6} (home (pt 35 -22))) (do our {7} (home (pt -20 10))) (do our {8} (home (pt 20 0))) (do our {9} (home (pt -12 -26))) (do our {10} (home (pt 0 0))) (do our {11} (home (pt -12 26))))))
 3000: new home position for player 0: 12 15
 3000: new home position for player 1: 35 22
 3000: new home position for player 2: 0 0
 3000: new home position for player 3: -20 -10
 3000: new home position for player 4: 12 -15
 3000: new home position for player 5: 35 -22
 3000: new home position for player 6: -20 10
 3000: new home position for player 7: 20 0
 3000: new home position for player 8: -12 -26
 3000: new home position for player 9: 0 0
 3000: new home position for player 10: -12 26
 3000: Received coach message: online_coach_left (advice (0 (true) (do our {1} (home (pt 12 15))) (do our {2} (home (pt 35 22))) (do our {3} (home (pt 0 0))) (do our {4} (home (pt -20 -10))) (do our {5} (home (pt 12 -15))) (do our {6} (home (pt 35 -22))) (do our {7} (home (pt -20 10))) (do our {8} (home (pt 0 0))) (do our {9} (home (pt -12 -26))) (do our {10} (home (pt 20 0))) (do our {11} (home (pt -12 26))))))
 3000: new home position for player 0: 12 15
 3000: new home position for player 1: 35 22
 3000: new home position for player 2: 0 0
 3000: new home position for player 3: -20 -10
 3000: new home position for player 4: 12 -15
 3000: new home position for player 5: 35 -22
 3000: new home position for player 6: -20 10
 3000: new home position for player 7: 0 0
 3000: new home position for player 8: -12 -26
 3000: new home position for player 9: 20 0
 3000: new home position for player 10: -12 26
 3000: Received coach message: online_coach_left (advice (0 (true) (do our {1} (home (pt 12 15))) (do our {2} (home (pt 35 22))) (do our {3} (home (pt 20 0))) (do our {4} (home (pt -20 -10))) (do our {5} (home (pt 12 -15))) (do our {6} (home (pt 35 -22))) (do our {7} (home (pt -20 10))) (do our {8} (home (pt 0 0))) (do our {9} (home (pt -12 -26))) (do our {10} (home (pt 0 0))) (do our {11} (home (pt -12 26))))))
 3000: new home position for player 0: 12 15
 3000: new home position for player 1: 35 22
 3000: new home position for player 2: 20 0
 3000: new home position for player 3: -20 -10
 3000: new home position for player 4: 12 -15
 3000: new home position for player 5: 35 -22
 3000: new home position for player 6: -20 10
 3000: new home position for player 7: 0 0
 3000: new home position for player 8: -12 -26
 3000: new home position for player 9: 0 0
 3000: new home position for player 10: -12 26
 3000: Received coach message: online_coach_left (advice (0 (true) (do our {1} (home (pt 12 15))) (do our {2} (home (pt 35 22))) (do our {3} (home (pt 0 0))) (do our {4} (home (pt -20 -10))) (do our {5} (home (pt 12 -15))) (do our {6} (home (pt 35 -22))) (do our {7} (home (pt -20 10))) (do our {8} (home (pt 20 0))) (do our {9} (home (pt -12 -26))) (do our {10} (home (pt 0 0))) (do our {11} (home (pt -12 26))))))
 3000: new home position for player 0: 12 15
 3000: new home position for player 1: 35 22
 3000: new home position for player 2: 0 0
 3000: new home position for player 3: -20 -10
 3000: new home position for player 4: 12 -15
 3000: new home position for player 5: 35 -22
 3000: new home position for player 6: -20 10
 3000: new home position for player 7: 20 0
 3000: new home position for player 8: -12 -26
 3000: new home position for player 9: 0 0
 3000: new home position for player 10: -12 26
 3000: Received coach message: online_coach_left (advice (0 (true) (do our {1} (home (pt 12 15))) (do our {2} (home (pt 35 22))) (do our {3} (home (pt 0 0))) (do our {4} (home (pt -20 -10))) (do our {5} (home (pt 12 -15))) (do our {6} (home (pt 35 -22))) (do our {7} (home (pt -20 10))) (do our {8} (home (pt 20 0))) (do our {9} (home (pt -12 -26))) (do our {10} (home (pt 0 0))) (do our {11} (home (pt -12 26))))))
 3000: new home position for player 0: 12 15
 3000: new home position for player 1: 35 22
 3000: new home position for player 2: 0 0
 3000: new home position for player 3: -20 -10
 3000: new home position for player 4: 12 -15
 3000: new home position for player 5: 35 -22
 3000: new home position for player 6: -20 10
 3000: new home position for player 7: 20 0
 3000: new home position for player 8: -12 -26
 3000: new home position for player 9: 0 0
 3000: new home position for player 10: -12 26
 3000: Received coach message: online_coach_left (advice (0 (true) (do our {1} (home (pt 12 15))) (do our {2} (home (pt 35 22))) (do our {3} (home (pt 20 0))) (do our {4} (home (pt -20 -10))) (do our {5} (home (pt 12 -15))) (do our {6} (home (pt 35 -22))) (do our {7} (home (pt -20 10))) (do our {8} (home (pt 0 0))) (do our {9} (home (pt -12 -26))) (do our {10} (home (pt 0 0))) (do our {11} (home (pt -12 26))))))
 3000: new home position for player 0: 12 15
 3000: new home position for player 1: 35 22
 3000: new home position for player 2: 20 0
 3000: new home position for player 3: -20 -10
 3000: new home position for player 4: 12 -15
 3000: new home position for player 5: 35 -22
 3000: new home position for player 6: -20 10
 3000: new home position for player 7: 0 0
 3000: new home position for player 8: -12 -26
 3000: new home position for player 9: 0 0
 3000: new home position for player 10: -12 26
 3000: Received coach message: online_coach_left (advice (0 (true) (do our {1} (home (pt 12 15))) (do our {2} (home (pt 35 22))) (do our {3} (home (pt 0 0))) (do our {4} (home (pt -20 -10))) (do our {5} (home (pt 12 -15))) (do our {6} (home (pt 35 -22))) (do our {7} (home (pt -20 10))) (do our {8} (home (pt 20 0))) (do our {9} (home (pt -12 -26))) (do our {10} (home (pt 0 0))) (do our {11} (home (pt -12 26))))))
 3000: new home position for player 0: 12 15
 3000: new home position for player 1: 35 22
 3000: new home position for player 2: 0 0
 3000: new home position for player 3: -20 -10
 3000: new home position for player 4: 12 -15
 3000: new home position for player 5: 35 -22
 3000: new home position for player 6: -20 10
 3000: new home position for player 7: 20 0
 3000: new home position for player 8: -12 -26
 3000: new home position for player 9: 0 0
 3000: new home position for player 10: -12 26
 3000: Received coach message: online_coach_left (advice (0 (true) (do our {1} (home (pt 12 15))) (do our {2} (home (pt 35 22))) (do our {3} (home (pt 0 0))) (do our {4} (home (pt -20 -10))) (do our {5} (home (pt 12 -15))) (do our {6} (home (pt 35 -22))) (do our {7} (home (pt -20 10))) (do our {8} (home (pt 20 0))) (do our {9} (home (pt -12 -26))) (do our {10} (home (pt 0 0))) (do our {11} (home (pt -12 26))))))
 3000: new home position for player 0: 12 15
 3000: new home position for player 1: 35 22
 3000: new home position for player 2: 0 0
 3000: new home position for player 3: -20 -10
 3000: new home position for player 4: 12 -15
 3000: new home position for player 5: 35 -22
 3000: new home position for player 6: -20 10
 3000: new home position for player 7: 20 0
 3000: new home position for player 8: -12 -26
 3000: new home position for player 9: 0 0
 3000: new home position for player 10: -12 26
 3000: Received coach message: online_coach_left (advice (0 (true) (do our {1} (home (pt 12 15))) (do our {2} (home (pt 35 22))) (do our {3} (home (pt 0 0))) (do our {4} (home (pt -20 -10))) (do our {5} (home (pt 12 -15))) (do our {6} (home (pt 35 -22))) (do our {7} (home (pt -20 10))) (do our {8} (home (pt 20 0))) (do our {9} (home (pt -12 -26))) (do our {10} (home (pt 0 0))) (do our {11} (home (pt -12 26))))))
 3000: new home position for player 0: 12 15
 3000: new home position for player 1: 35 22
 3000: new home position for player 2: 0 0
 3000: new home position for player 3: -20 -10
 3000: new home position for player 4: 12 -15
 3000: new home position for player 5: 35 -22
 3000: new home position for player 6: -20 10
 3000: new home position for player 7: 20 0
 3000: new home position for player 8: -12 -26
 3000: new home position for player 9: 0 0
 3000: new home position for player 10: -12 26
 3000: Received coach message: online_coach_left (advice (0 (true) (do our {1} (home (pt 12 15))) (do our {2} (home (pt 35 22))) (do our {3} (home (pt 0 0))) (do our {4} (home (pt -20 -10))) (do our {5} (home (pt 12 -15))) (do our {6} (home (pt 35 -22))) (do our {7} (home (pt -20 10))) (do our {8} (home (pt 20 0))) (do our {9} (home (pt -12 -26))) (do our {10} (home (pt 0 0))) (do our {11} (home (pt -12 26))))))
 3000: new home position for player 0: 12 15
 3000: new home position for player 1: 35 22
 3000: new home position for player 2: 0 0
 3000: new home position for player 3: -20 -10
 3000: new home position for player 4: 12 -15
 3000: new home position for player 5: 35 -22
 3000: new home position for player 6: -20 10
 3000: new home position for player 7: 20 0
 3000: new home position for player 8: -12 -26
 3000: new home position for player 9: 0 0
 3000: new home position for player 10: -12 26
 3000: Received coach message: online_coach_left (advice (0 (true) (do our {1} (home (pt 12 15))) (do our {2} (home (pt 35 22))) (do our {3} (home (pt 0 0))) (do our {4} (home (pt -20 -10))) (do our {5} (home (pt 12 -15))) (do our {6} (home (pt 35 -22))) (do our {7} (home (pt -20 10))) (do our {8} (home (pt 20 0))) (do our {9} (home (pt -12 -26))) (do our {10} (home (pt 0 0))) (do our {11} (home (pt -12 26))))))
 3000: new home position for player 0: 12 15
 3000: new home position for player 1: 35 22
 3000: new home position for player 2: 0 0
 3000: new home position for player 3: -20 -10
 3000: new home position for player 4: 12 -15
 3000: new home position for player 5: 35 -22
 3000: new home position for player 6: -20 10
 3000: new home position for player 7: 20 0
 3000: new home position for player 8: -12 -26
 3000: new home position for player 9: 0 0
 3000: new home position for player 10: -12 26
 3000: Received coach message: online_coach_left (advice (0 (true) (do our {1} (home (pt 12 15))) (do our {2} (home (pt 35 22))) (do our {3} (home (pt 0 0))) (do our {4} (home (pt -20 -10))) (do our {5} (home (pt 12 -15))) (do our {6} (home (pt 35 -22))) (do our {7} (home (pt -20 10))) (do our {8} (home (pt 20 0))) (do our {9} (home (pt -12 -26))) (do our {10} (home (pt 0 0))) (do our {11} (home (pt -12 26))))))
 3000: new home position for player 0: 12 15
 3000: new home position for player 1: 35 22
 3000: new home position for player 2: 0 0
 3000: new home position for player 3: -20 -10
 3000: new home position for player 4: 12 -15
 3000: new home position for player 5: 35 -22
 3000: new home position for player 6: -20 10
 3000: new home position for player 7: 20 0
 3000: new home position for player 8: -12 -26
 3000: new home position for player 9: 0 0
 3000: new home position for player 10: -12 26
 3000: Received coach message: online_coach_left (advice (0 (true) (do our {1} (home (pt 12 15))) (do our {2} (home (pt 35 22))) (do our {3} (home (pt 0 0))) (do our {4} (home (pt -20 -10))) (do our {5} (home (pt 12 -15))) (do our {6} (home (pt 35 -22))) (do our {7} (home (pt -20 10))) (do our {8} (home (pt 20 0))) (do our {9} (home (pt -12 -26))) (do our {10} (home (pt 0 0))) (do our {11} (home (pt -12 26))))))
 3000: new home position for player 0: 12 15
 3000: new home position for player 1: 35 22
 3000: new home position for player 2: 0 0
 3000: new home position for player 3: -20 -10
 3000: new home position for player 4: 12 -15
 3000: new home position for player 5: 35 -22
 3000: new home position for player 6: -20 10
 3000: new home position for player 7: 20 0
 3000: new home position for player 8: -12 -26
 3000: new home position for player 9: 0 0
 3000: new home position for player 10: -12 26
 3000: Received coach message: online_coach_left (advice (0 (true) (do our {1} (home (pt 12 15))) (do our {2} (home (pt 35 22))) (do our {3} (home (pt 0 0))) (do our {4} (home (pt -20 -10))) (do our {5} (home (pt 12 -15))) (do our {6} (home (pt 35 -22))) (do our {7} (home (pt -20 10))) (do our {8} (home (pt 0 0))) (do our {9} (home (pt -12 -26))) (do our {10} (home (pt 20 0))) (do our {11} (home (pt -12 26))))))
 3000: new home position for player 0: 12 15
 3000: new home position for player 1: 35 22
 3000: new home position for player 2: 0 0
 3000: new home position for player 3: -20 -10
 3000: new home position for player 4: 12 -15
 3000: new home position for player 5: 35 -22
 3000: new home position for player 6: -20 10
 3000: new home position for player 7: 0 0
 3000: new home position for player 8: -12 -26
 3000: new home position for player 9: 20 0
 3000: new home position for player 10: -12 26
 3000: Received coach message: online_coach_left (advice (0 (true) (do our {1} (home (pt 12 15))) (do our {2} (home (pt 35 22))) (do our {3} (home (pt 20 0))) (do our {4} (home (pt -20 -10))) (do our {5} (home (pt 12 -15))) (do our {6} (home (pt 35 -22))) (do our {7} (home (pt -20 10))) (do our {8} (home (pt 0 0))) (do our {9} (home (pt -12 -26))) (do our {10} (home (pt 0 0))) (do our {11} (home (pt -12 26))))))
 3000: new home position for player 0: 12 15
 3000: new home position for player 1: 35 22
 3000: new home position for player 2: 20 0
 3000: new home position for player 3: -20 -10
 3000: new home position for player 4: 12 -15
 3000: new home position for player 5: 35 -22
 3000: new home position for player 6: -20 10
 3000: new home position for player 7: 0 0
 3000: new home position for player 8: -12 -26
 3000: new home position for player 9: 0 0
 3000: new home position for player 10: -12 26
 3000: Received coach message: online_coach_left (advice (0 (true) (do our {1} (home (pt 12 15))) (do our {2} (home (pt 35 22))) (do our {3} (home (pt 0 0))) (do our {4} (home (pt -20 -10))) (do our {5} (home (pt 12 -15))) (do our {6} (home (pt 35 -22))) (do our {7} (home (pt -20 10))) (do our {8} (home (pt 0 0))) (do our {9} (home (pt -12 -26))) (do our {10} (home (pt 20 0))) (do our {11} (home (pt -12 26))))))
 3000: new home position for player 0: 12 15
 3000: new home position for player 1: 35 22
 3000: new home position for player 2: 0 0
 3000: new home position for player 3: -20 -10
 3000: new home position for player 4: 12 -15
 3000: new home position for player 5: 35 -22
 3000: new home position for player 6: -20 10
 3000: new home position for player 7: 0 0
 3000: new home position for player 8: -12 -26
 3000: new home position for player 9: 20 0
 3000: new home position for player 10: -12 26
 3000: Received coach message: online_coach_left (advice (0 (true) (do our {1} (home (pt 12 15))) (do our {2} (home (pt 35 22))) (do our {3} (home (pt 0 0))) (do our {4} (home (pt -20 -10))) (do our {5} (home (pt 12 -15))) (do our {6} (home (pt 35 -22))) (do our {7} (home (pt -20 10))) (do our {8} (home (pt 20 0))) (do our {9} (home (pt -12 -26))) (do our {10} (home (pt 0 0))) (do our {11} (home (pt -12 26))))))
 3000: new home position for player 0: 12 15
 3000: new home position for player 1: 35 22
 3000: new home position for player 2: 0 0
 3000: new home position for player 3: -20 -10
 3000: new home position for player 4: 12 -15
 3000: new home position for player 5: 35 -22
 3000: new home position for player 6: -20 10
 3000: new home position for player 7: 20 0
 3000: new home position for player 8: -12 -26
 3000: new home position for player 9: 0 0
 3000: new home position for player 10: -12 26
 3000: Received coach message: online_coach_left (advice (0 (true) (do our {1} (home (pt 12 15))) (do our {2} (home (pt 35 22))) (do our {3} (home (pt 0 0))) (do our {4} (home (pt -20 -10))) (do our {5} (home (pt 12 -15))) (do our {6} (home (pt 35 -22))) (do our {7} (home (pt -20 10))) (do our {8} (home (pt 20 0))) (do our {9} (home (pt -12 -26))) (do our {10} (home (pt 0 0))) (do our {11} (home (pt -12 26))))))
 3000: new home position for player 0: 12 15
 3000: new home position for player 1: 35 22
 3000: new home position for player 2: 0 0
 3000: new home position for player 3: -20 -10
 3000: new home position for player 4: 12 -15
 3000: new home position for player 5: 35 -22
 3000: new home position for player 6: -20 10
 3000: new home position for player 7: 20 0
 3000: new home position for player 8: -12 -26
 3000: new home position for player 9: 0 0
 3000: new home position for player 10: -12 26
 3000: Received coach message: online_coach_left (advice (0 (true) (do our {1} (home (pt 12 15))) (do our {2} (home (pt 35 22))) (do our {3} (home (pt 0 0))) (do our {4} (home (pt -20 -10))) (do our {5} (home (pt 12 -15))) (do our {6} (home (pt 35 -22))) (do our {7} (home (pt -20 10))) (do our {8} (home (pt 0 0))) (do our {9} (home (pt -12 -26))) (do our {10} (home (pt 20 0))) (do our {11} (home (pt -12 26))))))
 3000: new home position for player 0: 12 15
 3000: new home position for player 1: 35 22
 3000: new home position for player 2: 0 0
 3000: new home position for player 3: -20 -10
 3000: new home position for player 4: 12 -15
 3000: new home position for player 5: 35 -22
 3000: new home position for player 6: -20 10
 3000: new home position for player 7: 0 0
 3000: new home position for player 8: -12 -26
 3000: new home position for player 9: 20 0
 3000: new home position for player 10: -12 26
 3000: Received coach message: online_coach_left (advice (0 (true) (do our {1} (home (pt 12 15))) (do our {2} (home (pt 35 22))) (do our {3} (home (pt 0 0))) (do our {4} (home (pt -20 -10))) (do our {5} (home (pt 12 -15))) (do our {6} (home (pt 35 -22))) (do our {7} (home (pt -20 10))) (do our {8} (home (pt 0 0))) (do our {9} (home (pt -12 -26))) (do our {10} (home (pt 20 0))) (do our {11} (home (pt -12 26))))))
 3000: new home position for player 0: 12 15
 3000: new home position for player 1: 35 22
 3000: new home position for player 2: 0 0
 3000: new home position for player 3: -20 -10
 3000: new home position for player 4: 12 -15
 3000: new home position for player 5: 35 -22
 3000: new home position for player 6: -20 10
 3000: new home position for player 7: 0 0
 3000: new home position for player 8: -12 -26
 3000: new home position for player 9: 20 0
 3000: new home position for player 10: -12 26
 3000: Received coach message: online_coach_left (advice (0 (true) (do our {1} (home (pt 12 15))) (do our {2} (home (pt 35 22))) (do our {3} (home (pt 20 0))) (do our {4} (home (pt -20 -10))) (do our {5} (home (pt 12 -15))) (do our {6} (home (pt 35 -22))) (do our {7} (home (pt -20 10))) (do our {8} (home (pt 0 0))) (do our {9} (home (pt -12 -26))) (do our {10} (home (pt 0 0))) (do our {11} (home (pt -12 26))))))
 3000: new home position for player 0: 12 15
 3000: new home position for player 1: 35 22
 3000: new home position for player 2: 20 0
 3000: new home position for player 3: -20 -10
 3000: new home position for player 4: 12 -15
 3000: new home position for player 5: 35 -22
 3000: new home position for player 6: -20 10
 3000: new home position for player 7: 0 0
 3000: new home position for player 8: -12 -26
 3000: new home position for player 9: 0 0
 3000: new home position for player 10: -12 26
 3000: Received coach message: online_coach_left (advice (0 (true) (do our {1} (home (pt 12 15))) (do our {2} (home (pt 35 22))) (do our {3} (home (pt 0 0))) (do our {4} (home (pt -20 -10))) (do our {5} (home (pt 12 -15))) (do our {6} (home (pt 35 -22))) (do our {7} (home (pt -20 10))) (do our {8} (home (pt 20 0))) (do our {9} (home (pt -12 -26))) (do our {10} (home (pt 0 0))) (do our {11} (home (pt -12 26))))))
 3000: new home position for player 0: 12 15
 3000: new home position for player 1: 35 22
 3000: new home position for player 2: 0 0
 3000: new home position for player 3: -20 -10
 3000: new home position for player 4: 12 -15
 3000: new home position for player 5: 35 -22
 3000: new home position for player 6: -20 10
 3000: new home position for player 7: 20 0
 3000: new home position for player 8: -12 -26
 3000: new home position for player 9: 0 0
 3000: new home position for player 10: -12 26
 3000: Received coach message: online_coach_left (advice (0 (true) (do our {1} (home (pt 12 15))) (do our {2} (home (pt 35 22))) (do our {3} (home (pt 0 0))) (do our {4} (home (pt -20 -10))) (do our {5} (home (pt 12 -15))) (do our {6} (home (pt 35 -22))) (do our {7} (home (pt -20 10))) (do our {8} (home (pt 0 0))) (do our {9} (home (pt -12 -26))) (do our {10} (home (pt 20 0))) (do our {11} (home (pt -12 26))))))
 3000: new home position for player 0: 12 15
 3000: new home position for player 1: 35 22
 3000: new home position for player 2: 0 0
 3000: new home position for player 3: -20 -10
 3000: new home position for player 4: 12 -15
 3000: new home position for player 5: 35 -22
 3000: new home position for player 6: -20 10
 3000: new home position for player 7: 0 0
 3000: new home position for player 8: -12 -26
 3000: new home position for player 9: 20 0
 3000: new home position for player 10: -12 26
 3000: Received coach message: online_coach_left (advice (0 (true) (do our {1} (home (pt 12 15))) (do our {2} (home (pt 35 22))) (do our {3} (home (pt 0 0))) (do our {4} (home (pt -20 -10))) (do our {5} (home (pt 12 -15))) (do our {6} (home (pt 35 -22))) (do our {7} (home (pt -20 10))) (do our {8} (home (pt 20 0))) (do our {9} (home (pt -12 -26))) (do our {10} (home (pt 0 0))) (do our {11} (home (pt -12 26))))))
 3000: new home position for player 0: 12 15
 3000: new home position for player 1: 35 22
 3000: new home position for player 2: 0 0
 3000: new home position for player 3: -20 -10
 3000: new home position for player 4: 12 -15
 3000: new home position for player 5: 35 -22
 3000: new home position for player 6: -20 10
 3000: new home position for player 7: 20 0
 3000: new home position for player 8: -12 -26
 3000: new home position for player 9: 0 0
 3000: new home position for player 10: -12 26
 3000: Received coach message: online_coach_left (advice (0 (true) (do our {1} (home (pt 12 15))) (do our {2} (home (pt 35 22))) (do our {3} (home (pt 0 0))) (do our {4} (home (pt -20 -10))) (do our {5} (home (pt 12 -15))) (do our {6} (home (pt 35 -22))) (do our {7} (home (pt -20 10))) (do our {8} (home (pt 20 0))) (do our {9} (home (pt -12 -26))) (do our {10} (home (pt 0 0))) (do our {11} (home (pt -12 26))))))
 3000: new home position for player 0: 12 15
 3000: new home position for player 1: 35 22
 3000: new home position for player 2: 0 0
 3000: new home position for player 3: -20 -10
 3000: new home position for player 4: 12 -15
 3000: new home position for player 5: 35 -22
 3000: new home position for player 6: -20 10
 3000: new home position for player 7: 20 0
 3000: new home position for player 8: -12 -26
 3000: new home position for player 9: 0 0
 3000: new home position for player 10: -12 26
 3000: Received coach message: online_coach_left (advice (0 (true) (do our {1} (home (pt 12 15))) (do our {2} (home (pt 35 22))) (do our {3} (home (pt 0 0))) (do our {4} (home (pt -20 -10))) (do our {5} (home (pt 12 -15))) (do our {6} (home (pt 35 -22))) (do our {7} (home (pt -20 10))) (do our {8} (home (pt 0 0))) (do our {9} (home (pt -12 -26))) (do our {10} (home (pt 20 0))) (do our {11} (home (pt -12 26))))))
 3000: new home position for player 0: 12 15
 3000: new home position for player 1: 35 22
 3000: new home position for player 2: 0 0
 3000: new home position for player 3: -20 -10
 3000: new home position for player 4: 12 -15
 3000: new home position for player 5: 35 -22
 3000: new home position for player 6: -20 10
 3000: new home position for player 7: 0 0
 3000: new home position for player 8: -12 -26
 3000: new home position for player 9: 20 0
 3000: new home position for player 10: -12 26
 3000: Received coach message: online_coach_left (advice (0 (true) (do our {1} (home (pt 12 15))) (do our {2} (home (pt 35 22))) (do our {3} (home (pt 20 0))) (do our {4} (home (pt -20 -10))) (do our {5} (home (pt 12 -15))) (do our {6} (home (pt 35 -22))) (do our {7} (home (pt -20 10))) (do our {8} (home (pt 0 0))) (do our {9} (home (pt -12 -26))) (do our {10} (home (pt 0 0))) (do our {11} (home (pt -12 26))))))
 3000: new home position for player 0: 12 15
 3000: new home position for player 1: 35 22
 3000: new home position for player 2: 20 0
 3000: new home position for player 3: -20 -10
 3000: new home position for player 4: 12 -15
 3000: new home position for player 5: 35 -22
 3000: new home position for player 6: -20 10
 3000: new home position for player 7: 0 0
 3000: new home position for player 8: -12 -26
 3000: new home position for player 9: 0 0
 3000: new home position for player 10: -12 26
 3000: Received coach message: online_coach_left (advice (0 (true) (do our {1} (home (pt 12 15))) (do our {2} (home (pt 35 22))) (do our {3} (home (pt 0 0))) (do our {4} (home (pt -20 -10))) (do our {5} (home (pt 12 -15))) (do our {6} (home (pt 35 -22))) (do our {7} (home (pt -20 10))) (do our {8} (home (pt 0 0))) (do our {9} (home (pt -12 -26))) (do our {10} (home (pt 20 0))) (do our {11} (home (pt -12 26))))))
 3000: new home position for player 0: 12 15
 3000: new home position for player 1: 35 22
 3000: new home position for player 2: 0 0
 3000: new home position for player 3: -20 -10
 3000: new home position for player 4: 12 -15
 3000: new home position for player 5: 35 -22
 3000: new home position for player 6: -20 10
 3000: new home position for player 7: 0 0
 3000: new home position for player 8: -12 -26
 3000: new home position for player 9: 20 0
 3000: new home position for player 10: -12 26
 3000: Received coach message: online_coach_left (advice (0 (true) (do our {1} (home (pt 12 15))) (do our {2} (home (pt 35 22))) (do our {3} (home (pt 20 0))) (do our {4} (home (pt -20 -10))) (do our {5} (home (pt 12 -15))) (do our {6} (home (pt 35 -22))) (do our {7} (home (pt -20 10))) (do our {8} (home (pt 0 0))) (do our {9} (home (pt -12 -26))) (do our {10} (home (pt 0 0))) (do our {11} (home (pt -12 26))))))
 3000: new home position for player 0: 12 15
 3000: new home position for player 1: 35 22
 3000: new home position for player 2: 20 0
 3000: new home position for player 3: -20 -10
 3000: new home position for player 4: 12 -15
 3000: new home position for player 5: 35 -22
 3000: new home position for player 6: -20 10
 3000: new home position for player 7: 0 0
 3000: new home position for player 8: -12 -26
 3000: new home position for player 9: 0 0
 3000: new home position for player 10: -12 26
 3000: Received coach message: online_coach_left (advice (0 (true) (do our {1} (home (pt 12 15))) (do our {2} (home (pt 35 22))) (do our {3} (home (pt 20 0))) (do our {4} (home (pt -20 -10))) (do our {5} (home (pt 12 -15))) (do our {6} (home (pt 35 -22))) (do our {7} (home (pt -20 10))) (do our {8} (home (pt 0 0))) (do our {9} (home (pt -12 -26))) (do our {10} (home (pt 0 0))) (do our {11} (home (pt -12 26))))))
 3000: new home position for player 0: 12 15
 3000: new home position for player 1: 35 22
 3000: new home position for player 2: 20 0
 3000: new home position for player 3: -20 -10
 3000: new home position for player 4: 12 -15
 3000: new home position for player 5: 35 -22
 3000: new home position for player 6: -20 10
 3000: new home position for player 7: 0 0
 3000: new home position for player 8: -12 -26
 3000: new home position for player 9: 0 0
 3000: new home position for player 10: -12 26
 3000: Received coach message: online_coach_left (advice (0 (true) (do our {1} (home (pt 12 15))) (do our {2} (home (pt 35 22))) (do our {3} (home (pt 0 0))) (do our {4} (home (pt -20 -10))) (do our {5} (home (pt 12 -15))) (do our {6} (home (pt 35 -22))) (do our {7} (home (pt -20 10))) (do our {8} (home (pt 0 0))) (do our {9} (home (pt -12 -26))) (do our {10} (home (pt 20 0))) (do our {11} (home (pt -12 26))))))
 3000: new home position for player 0: 12 15
 3000: new home position for player 1: 35 22
 3000: new home position for player 2: 0 0
 3000: new home position for player 3: -20 -10
 3000: new home position for player 4: 12 -15
 3000: new home position for player 5: 35 -22
 3000: new home position for player 6: -20 10
 3000: new home position for player 7: 0 0
 3000: new home position for player 8: -12 -26
 3000: new home position for player 9: 20 0
 3000: new home position for player 10: -12 26
 3000: Received coach message: online_coach_left (advice (0 (true) (do our {1} (home (pt 12 15))) (do our {2} (home (pt 35 22))) (do our {3} (home (pt 0 0))) (do our {4} (home (pt -20 -10))) (do our {5} (home (pt 12 -15))) (do our {6} (home (pt 35 -22))) (do our {7} (home (pt -20 10))) (do our {8} (home (pt 20 0))) (do our {9} (home (pt -12 -26))) (do our {10} (home (pt 0 0))) (do our {11} (home (pt -12 26))))))
 3000: new home position for player 0: 12 15
 3000: new home position for player 1: 35 22
 3000: new home position for player 2: 0 0
 3000: new home position for player 3: -20 -10
 3000: new home position for player 4: 12 -15
 3000: new home position for player 5: 35 -22
 3000: new home position for player 6: -20 10
 3000: new home position for player 7: 20 0
 3000: new home position for player 8: -12 -26
 3000: new home position for player 9: 0 0
 3000: new home position for player 10: -12 26
 3000: Received coach message: online_coach_left (advice (0 (true) (do our {1} (home (pt 12 15))) (do our {2} (home (pt 35 22))) (do our {3} (home (pt 20 0))) (do our {4} (home (pt -20 -10))) (do our {5} (home (pt 12 -15))) (do our {6} (home (pt 35 -22))) (do our {7} (home (pt -20 10))) (do our {8} (home (pt 0 0))) (do our {9} (home (pt -12 -26))) (do our {10} (home (pt 0 0))) (do our {11} (home (pt -12 26))))))
 3000: new home position for player 0: 12 15
 3000: new home position for player 1: 35 22
 3000: new home position for player 2: 20 0
 3000: new home position for player 3: -20 -10
 3000: new home position for player 4: 12 -15
 3000: new home position for player 5: 35 -22
 3000: new home position for player 6: -20 10
 3000: new home position for player 7: 0 0
 3000: new home position for player 8: -12 -26
 3000: new home position for player 9: 0 0
 3000: new home position for player 10: -12 26
 3000: Received coach message: online_coach_left (advice (0 (true) (do our {1} (home (pt 12 15))) (do our {2} (home (pt 35 22))) (do our {3} (home (pt 0 0))) (do our {4} (home (pt -20 -10))) (do our {5} (home (pt 12 -15))) (do our {6} (home (pt 35 -22))) (do our {7} (home (pt -20 10))) (do our {8} (home (pt 20 0))) (do our {9} (home (pt -12 -26))) (do our {10} (home (pt 0 0))) (do our {11} (home (pt -12 26))))))
 3000: new home position for player 0: 12 15
 3000: new home position for player 1: 35 22
 3000: new home position for player 2: 0 0
 3000: new home position for player 3: -20 -10
 3000: new home position for player 4: 12 -15
 3000: new home position for player 5: 35 -22
 3000: new home position for player 6: -20 10
 3000: new home position for player 7: 20 0
 3000: new home position for player 8: -12 -26
 3000: new home position for player 9: 0 0
 3000: new home position for player 10: -12 26
 3000: Received coach message: online_coach_left (advice (0 (true) (do our {1} (home (pt 12 15))) (do our {2} (home (pt 35 22))) (do our {3} (home (pt 0 0))) (do our {4} (home (pt -20 -10))) (do our {5} (home (pt 12 -15))) (do our {6} (home (pt 35 -22))) (do our {7} (home (pt -20 10))) (do our {8} (home (pt 20 0))) (do our {9} (home (pt -12 -26))) (do our {10} (home (pt 0 0))) (do our {11} (home (pt -12 26))))))
 3000: new home position for player 0: 12 15
 3000: new home position for player 1: 35 22
 3000: new home position for player 2: 0 0
 3000: new home position for player 3: -20 -10
 3000: new home position for player 4: 12 -15
 3000: new home position for player 5: 35 -22
 3000: new home position for player 6: -20 10
 3000: new home position for player 7: 20 0
 3000: new home position for player 8: -12 -26
 3000: new home position for player 9: 0 0
 3000: new home position for player 10: -12 26
 3000: Received coach message: online_coach_left (advice (0 (true) (do our {1} (home (pt 12 15))) (do our {2} (home (pt 35 22))) (do our {3} (home (pt 0 0))) (do our {4} (home (pt -20 -10))) (do our {5} (home (pt 12 -15))) (do our {6} (home (pt 35 -22))) (do our {7} (home (pt -20 10))) (do our {8} (home (pt 20 0))) (do our {9} (home (pt -12 -26))) (do our {10} (home (pt 0 0))) (do our {11} (home (pt -12 26))))))
 3000: new home position for player 0: 12 15
 3000: new home position for player 1: 35 22
 3000: new home position for player 2: 0 0
 3000: new home position for player 3: -20 -10
 3000: new home position for player 4: 12 -15
 3000: new home position for player 5: 35 -22
 3000: new home position for player 6: -20 10
 3000: new home position for player 7: 20 0
 3000: new home position for player 8: -12 -26
 3000: new home position for player 9: 0 0
 3000: new home position for player 10: -12 26
 3000: Received coach message: online_coach_left (advice (0 (true) (do our {1} (home (pt 12 15))) (do our {2} (home (pt 35 22))) (do our {3} (home (pt 0 0))) (do our {4} (home (pt -20 -10))) (do our {5} (home (pt 12 -15))) (do our {6} (home (pt 35 -22))) (do our {7} (home (pt -20 10))) (do our {8} (home (pt 20 0))) (do our {9} (home (pt -12 -26))) (do our {10} (home (pt 0 0))) (do our {11} (home (pt -12 26))))))
 3000: new home position for player 0: 12 15
 3000: new home position for player 1: 35 22
 3000: new home position for player 2: 0 0
 3000: new home position for player 3: -20 -10
 3000: new home position for player 4: 12 -15
 3000: new home position for player 5: 35 -22
 3000: new home position for player 6: -20 10
 3000: new home position for player 7: 20 0
 3000: new home position for player 8: -12 -26
 3000: new home position for player 9: 0 0
 3000: new home position for player 10: -12 26
 3000: Received coach message: online_coach_left (advice (0 (true) (do our {1} (home (pt 12 15))) (do our {2} (home (pt 35 22))) (do our {3} (home (pt 0 0))) (do our {4} (home (pt -20 -10))) (do our {5} (home (pt 12 -15))) (do our {6} (home (pt 35 -22))) (do our {7} (home (pt -20 10))) (do our {8} (home (pt 20 0))) (do our {9} (home (pt -12 -26))) (do our {10} (home (pt 0 0))) (do our {11} (home (pt -12 26))))))
 3000: new home position for player 0: 12 15
 3000: new home position for player 1: 35 22
 3000: new home position for player 2: 0 0
 3000: new home position for player 3: -20 -10
 3000: new home position for player 4: 12 -15
 3000: new home position for player 5: 35 -22
 3000: new home position for player 6: -20 10
 3000: new home position for player 7: 20 0
 3000: new home position for player 8: -12 -26
 3000: new home position for player 9: 0 0
 3000: new home position for player 10: -12 26
 3000: Received coach message: online_coach_left (advice (0 (true) (do our {1} (home (pt 12 15))) (do our {2} (home (pt 35 22))) (do our {3} (home (pt 0 0))) (do our {4} (home (pt -20 -10))) (do our {5} (home (pt 12 -15))) (do our {6} (home (pt 35 -22))) (do our {7} (home (pt -20 10))) (do our {8} (home (pt 20 0))) (do our {9} (home (pt -12 -26))) (do our {10} (home (pt 0 0))) (do our {11} (home (pt -12 26))))))
 3000: new home position for player 0: 12 15
 3000: new home position for player 1: 35 22
 3000: new home position for player 2: 0 0
 3000: new home position for player 3: -20 -10
 3000: new home position for player 4: 12 -15
 3000: new home position for player 5: 35 -22
 3000: new home position for player 6: -20 10
 3000: new home position for player 7: 20 0
 3000: new home position for player 8: -12 -26
 3000: new home position for player 9: 0 0
 3000: new home position for player 10: -12 26
 3000: Received coach message: online_coach_left (advice (0 (true) (do our {1} (home (pt 12 15))) (do our {2} (home (pt 35 22))) (do our {3} (home (pt 0 0))) (do our {4} (home (pt -20 -10))) (do our {5} (home (pt 12 -15))) (do our {6} (home (pt 35 -22))) (do our {7} (home (pt -20 10))) (do our {8} (home (pt 20 0))) (do our {9} (home (pt -12 -26))) (do our {10} (home (pt 0 0))) (do our {11} (home (pt -12 26))))))
 3000: new home position for player 0: 12 15
 3000: new home position for player 1: 35 22
 3000: new home position for player 2: 0 0
 3000: new home position for player 3: -20 -10
 3000: new home position for player 4: 12 -15
 3000: new home position for player 5: 35 -22
 3000: new home position for player 6: -20 10
 3000: new home position for player 7: 20 0
 3000: new home position for player 8: -12 -26
 3000: new home position for player 9: 0 0
 3000: new home position for player 10: -12 26
 3000: Received coach message: online_coach_left (advice (0 (true) (do our {1} (home (pt 12 15))) (do our {2} (home (pt 35 22))) (do our {3} (home (pt 0 0))) (do our {4} (home (pt -20 -10))) (do our {5} (home (pt 12 -15))) (do our {6} (home (pt 35 -22))) (do our {7} (home (pt -20 10))) (do our {8} (home (pt 0 0))) (do our {9} (home (pt -12 -26))) (do our {10} (home (pt 20 0))) (do our {11} (home (pt -12 26))))))
 3000: new home position for player 0: 12 15
 3000: new home position for player 1: 35 22
 3000: new home position for player 2: 0 0
 3000: new home position for player 3: -20 -10
 3000: new home position for player 4: 12 -15
 3000: new home position for player 5: 35 -22
 3000: new home position for player 6: -20 10
 3000: new home position for player 7: 0 0
 3000: new home position for player 8: -12 -26
 3000: new home position for player 9: 20 0
 3000: new home position for player 10: -12 26
 3000: Received coach message: online_coach_left (advice (0 (true) (do our {1} (home (pt 12 15))) (do our {2} (home (pt 35 22))) (do our {3} (home (pt 20 0))) (do our {4} (home (pt -20 -10))) (do our {5} (home (pt 12 -15))) (do our {6} (home (pt 35 -22))) (do our {7} (home (pt -20 10))) (do our {8} (home (pt 0 0))) (do our {9} (home (pt -12 -26))) (do our {10} (home (pt 0 0))) (do our {11} (home (pt -12 26))))))
 3000: new home position for player 0: 12 15
 3000: new home position for player 1: 35 22
 3000: new home position for player 2: 20 0
 3000: new home position for player 3: -20 -10
 3000: new home position for player 4: 12 -15
 3000: new home position for player 5: 35 -22
 3000: new home position for player 6: -20 10
 3000: new home position for player 7: 0 0
 3000: new home position for player 8: -12 -26
 3000: new home position for player 9: 0 0
 3000: new home position for player 10: -12 26
 3000: Received coach message: online_coach_left (advice (0 (true) (do our {1} (home (pt 12 15))) (do our {2} (home (pt 35 22))) (do our {3} (home (pt 0 0))) (do our {4} (home (pt -20 -10))) (do our {5} (home (pt 12 -15))) (do our {6} (home (pt 35 -22))) (do our {7} (home (pt -20 10))) (do our {8} (home (pt 0 0))) (do our {9} (home (pt -12 -26))) (do our {10} (home (pt 20 0))) (do our {11} (home (pt -12 26))))))
 3000: new home position for player 0: 12 15
 3000: new home position for player 1: 35 22
 3000: new home position for player 2: 0 0
 3000: new home position for player 3: -20 -10
 3000: new home position for player 4: 12 -15
 3000: new home position for player 5: 35 -22
 3000: new home position for player 6: -20 10
 3000: new home position for player 7: 0 0
 3000: new home position for player 8: -12 -26
 3000: new home position for player 9: 20 0
 3000: new home position for player 10: -12 26
 3000: Received coach message: online_coach_left (advice (0 (true) (do our {1} (home (pt 12 15))) (do our {2} (home (pt 35 22))) (do our {3} (home (pt 0 0))) (do our {4} (home (pt -20 -10))) (do our {5} (home (pt 12 -15))) (do our {6} (home (pt 35 -22))) (do our {7} (home (pt -20 10))) (do our {8} (home (pt 20 0))) (do our {9} (home (pt -12 -26))) (do our {10} (home (pt 0 0))) (do our {11} (home (pt -12 26))))))
 3000: new home position for player 0: 12 15
 3000: new home position for player 1: 35 22
 3000: new home position for player 2: 0 0
 3000: new home position for player 3: -20 -10
 3000: new home position for player 4: 12 -15
 3000: new home position for player 5: 35 -22
 3000: new home position for player 6: -20 10
 3000: new home position for player 7: 20 0
 3000: new home position for player 8: -12 -26
 3000: new home position for player 9: 0 0
 3000: new home position for player 10: -12 26
 3000: Received coach message: online_coach_left (advice (0 (true) (do our {1} (home (pt 12 15))) (do our {2} (home (pt 35 22))) (do our {3} (home (pt 0 0))) (do our {4} (home (pt -20 -10))) (do our {5} (home (pt 12 -15))) (do our {6} (home (pt 35 -22))) (do our {7} (home (pt -20 10))) (do our {8} (home (pt 20 0))) (do our {9} (home (pt -12 -26))) (do our {10} (home (pt 0 0))) (do our {11} (home (pt -12 26))))))
 3000: new home position for player 0: 12 15
 3000: new home position for player 1: 35 22
 3000: new home position for player 2: 0 0
 3000: new home position for player 3: -20 -10
 3000: new home position for player 4: 12 -15
 3000: new home position for player 5: 35 -22
 3000: new home position for player 6: -20 10
 3000: new home position for player 7: 20 0
 3000: new home position for player 8: -12 -26
 3000: new home position for player 9: 0 0
 3000: new home position for player 10: -12 26
 3000: Received coach message: online_coach_left (advice (0 (true) (do our {1} (home (pt 12 15))) (do our {2} (home (pt 35 22))) (do our {3} (home (pt 0 0))) (do our {4} (home (pt -20 -10))) (do our {5} (home (pt 12 -15))) (do our {6} (home (pt 35 -22))) (do our {7} (home (pt -20 10))) (do our {8} (home (pt 20 0))) (do our {9} (home (pt -12 -26))) (do our {10} (home (pt 0 0))) (do our {11} (home (pt -12 26))))))
 3000: new home position for player 0: 12 15
 3000: new home position for player 1: 35 22
 3000: new home position for player 2: 0 0
 3000: new home position for player 3: -20 -10
 3000: new home position for player 4: 12 -15
 3000: new home position for player 5: 35 -22
 3000: new home position for player 6: -20 10
 3000: new home position for player 7: 20 0
 3000: new home position for player 8: -12 -26
 3000: new home position for player 9: 0 0
 3000: new home position for player 10: -12 26
 3000: Received coach message: online_coach_left (advice (0 (true) (do our {1} (home (pt 12 15))) (do our {2} (home (pt 35 22))) (do our {3} (home (pt 0 0))) (do our {4} (home (pt -20 -10))) (do our {5} (home (pt 12 -15))) (do our {6} (home (pt 35 -22))) (do our {7} (home (pt -20 10))) (do our {8} (home (pt 0 0))) (do our {9} (home (pt -12 -26))) (do our {10} (home (pt 20 0))) (do our {11} (home (pt -12 26))))))
 3000: new home position for player 0: 12 15
 3000: new home position for player 1: 35 22
 3000: new home position for player 2: 0 0
 3000: new home position for player 3: -20 -10
 3000: new home position for player 4: 12 -15
 3000: new home position for player 5: 35 -22
 3000: new home position for player 6: -20 10
 3000: new home position for player 7: 0 0
 3000: new home position for player 8: -12 -26
 3000: new home position for player 9: 20 0
 3000: new home position for player 10: -12 26
 3000: Received coach message: online_coach_left (advice (0 (true) (do our {1} (home (pt 12 15))) (do our {2} (home (pt 35 22))) (do our {3} (home (pt 20 0))) (do our {4} (home (pt -20 -10))) (do our {5} (home (pt 12 -15))) (do our {6} (home (pt 35 -22))) (do our {7} (home (pt -20 10))) (do our {8} (home (pt 0 0))) (do our {9} (home (pt -12 -26))) (do our {10} (home (pt 0 0))) (do our {11} (home (pt -12 26))))))
 3000: new home position for player 0: 12 15
 3000: new home position for player 1: 35 22
 3000: new home position for player 2: 20 0
 3000: new home position for player 3: -20 -10
 3000: new home position for player 4: 12 -15
 3000: new home position for player 5: 35 -22
 3000: new home position for player 6: -20 10
 3000: new home position for player 7: 0 0
 3000: new home position for player 8: -12 -26
 3000: new home position for player 9: 0 0
 3000: new home position for player 10: -12 26
 3000: Received coach message: online_coach_left (advice (0 (true) (do our {1} (home (pt 12 15))) (do our {2} (home (pt 35 22))) (do our {3} (home (pt 0 0))) (do our {4} (home (pt -20 -10))) (do our {5} (home (pt 12 -15))) (do our {6} (home (pt 35 -22))) (do our {7} (home (pt -20 10))) (do our {8} (home (pt 0 0))) (do our {9} (home (pt -12 -26))) (do our {10} (home (pt 20 0))) (do our {11} (home (pt -12 26))))))
 3000: new home position for player 0: 12 15
 3000: new home position for player 1: 35 22
 3000: new home position for player 2: 0 0
 3000: new home position for player 3: -20 -10
 3000: new home position for player 4: 12 -15
 3000: new home position for player 5: 35 -22
 3000: new home position for player 6: -20 10
 3000: new home position for player 7: 0 0
 3000: new home position for player 8: -12 -26
 3000: new home position for player 9: 20 0
 3000: new home position for player 10: -12 26
 3000: Received coach message: online_coach_left (advice (0 (true) (do our {1} (home (pt 12 15))) (do our {2} (home (pt 35 22))) (do our {3} (home (pt 0 0))) (do our {4} (home (pt -20 -10))) (do our {5} (home (pt 12 -15))) (do our {6} (home (pt 35 -22))) (do our {7} (home (pt -20 10))) (do our {8} (home (pt 0 0))) (do our {9} (home (pt -12 -26))) (do our {10} (home (pt 20 0))) (do our {11} (home (pt -12 26))))))
 3000: new home position for player 0: 12 15
 3000: new home position for player 1: 35 22
 3000: new home position for player 2: 0 0
 3000: new home position for player 3: -20 -10
 3000: new home position for player 4: 12 -15
 3000: new home position for player 5: 35 -22
 3000: new home position for player 6: -20 10
 3000: new home position for player 7: 0 0
 3000: new home position for player 8: -12 -26
 3000: new home position for player 9: 20 0
 3000: new home position for player 10: -12 26
 3000: Received coach message: online_coach_left (advice (0 (true) (do our {1} (home (pt 12 15))) (do our {2} (home (pt 35 22))) (do our {3} (home (pt 20 0))) (do our {4} (home (pt -20 -10))) (do our {5} (home (pt 12 -15))) (do our {6} (home (pt 35 -22))) (do our {7} (home (pt -20 10))) (do our {8} (home (pt 0 0))) (do our {9} (home (pt -12 -26))) (do our {10} (home (pt 0 0))) (do our {11} (home (pt -12 26))))))
 3000: new home position for player 0: 12 15
 3000: new home position for player 1: 35 22
 3000: new home position for player 2: 20 0
 3000: new home position for player 3: -20 -10
 3000: new home position for player 4: 12 -15
 3000: new home position for player 5: 35 -22
 3000: new home position for player 6: -20 10
 3000: new home position for player 7: 0 0
 3000: new home position for player 8: -12 -26
 3000: new home position for player 9: 0 0
 3000: new home position for player 10: -12 26
