 0: change player from message 62 -> 1
 0: changed player from message 62 -> 1
 0: change player from message 63 -> 2
 0: changed player from message 63 -> 2
 0: change player from message 64 -> 3
 0: changed player from message 64 -> 3
 0: change player from message 65 -> 4
 0: changed player from message 65 -> 4
 0: change player from message 66 -> 5
 0: changed player from message 66 -> 5
 0: change player from message 67 -> 6
 0: changed player from message 67 -> 6
 0: change player from message 68 -> 7
 0: changed player from message 68 -> 7
 0: change player from message 69 -> 8
 0: changed player from message 69 -> 8
 0: change player from message 70 -> 9
 0: changed player from message 70 -> 9
 0: change player from message 71 -> 10
 0: changed player from message 71 -> 10
(b)r: 1.56256 phi: 1.27219e-17 vel: ( 0, 0 ) (2,0) rel: ( 1.56256, 3.46948e-19 ), (2,0) global: ( 0, 0 ), (2,0), changes: 0, 0 last seen:(1,0) globalposderived: (1,0)
(b)r: 0.994427 phi: -1.14357 vel: ( 0, 0 ) (3,0) rel: ( 0.994229, -0.0198465 ), (3,0) global: ( 0, 0 ), (3,0), changes: 0, 0 last seen:(1,0) globalposderived: (1,0)
 3: ball (0.000000,0.000000), agent (-0.994229,0.019846), to (-2.000000,0.000000) ang -0.000000 -0.000000
 3: relpos body (0.994427,-1.143568), vel. ball:(0.000000,0.000000) dist: 1.150362 (0.300000,0.085000,0.765362)
 3: point good and can reach point 83.795763
(b)r: 1 phi: -2 vel: ( 0, 0 ) (3,0) rel: ( 0.999391, -0.0348995 ), (3,0) global: ( 0, 0 ), (3,0), changes: -0.26, -1 last seen:(3,0) globalposderived: (3,0)
 3: ball (0.000000,0.000000), agent (-0.993990,0.000000), to (-2.000000,0.000000) ang 0.099984 0.099984
 3: relpos body (1.000000,-2.000000), vel. ball:(0.000000,0.000000) dist: 1.150362 (0.300000,0.085000,0.765362)
 3: point good and can reach point 84.112486
(b)r: 1.07471 phi: 178.412 vel: ( -1.69752, 0.0266672 ) (4,0) rel: ( -1.07429, 0.0297861 ), (4,0) global: ( -1.80587, 0.0283694 ), (4,0), changes: -0.26, -1 last seen:(3,0) globalposderived: (3,0)
 4: 2 pos: ball(-1.517050,0.035893), ball_prev(0.000000,0.000000), agentdiff(0.110228,-0.051893)
 4: vel based on 2 pos: (-1.529641,0.082519)
 4: direction old: 176.145825, new: 174.431784
(b)r: 0.9 phi: 174 vel: ( -1.52964, 0.0825186 ) (4,0) rel: ( -0.89507, 0.0940756 ), (4,0) global: ( -1.51705, 0.0358928 ), (4,0), changes: -0.26, -1 last seen:(4,0) globalposderived: (4,0)
 4: kick results in collision, change velDes from (0.872577,-0.007348)
 4: ball (-1.517050,0.035893), agent (-0.621297,-0.051435), to (4.378561,-0.013755) ang 0.431784 0.431784
 4: relpos body (0.900000,174.000000), vel. ball:(-1.529641,0.082519) dist: 1.150362 (0.300000,0.085000,0.765362)
 4: point good, but reposition ball since need 128.219534
 4: kickBallCloseToBody: cannot compensate ball speed, freeze
 4: freeze ball will end up oustide -> accelerate
(b)r: 0.947609 phi: 173.887 vel: ( 0.0583379, 0.0104571 ) (5,0) rel: ( -0.94222, 0.100916 ), (5,0) global: ( -1.45499, 0.0470173 ), (5,0), changes: -0.26, -1 last seen:(4,0) globalposderived: (4,0)
 5: kick results in collision, change velDes from (0.872569,-0.008242)
 5: ball (-1.454988,0.047017), agent (-0.512035,-0.046795), to (4.487823,-0.009115) ang 0.431784 0.431784
 5: relpos body (0.947609,173.886698), vel. ball:(0.058338,0.010457) dist: 1.150362 (0.300000,0.085000,0.765362)
 5: point good and can reach point 32.265865
(b)r: 0.440988 phi: 167.948 vel: ( 0.521426, -0.00294431 ) (6,0) rel: ( -0.431268, 0.0920765 ), (6,0) global: ( -0.90028, 0.0438851 ), (6,0), changes: -0.26, -1 last seen:(4,0) globalposderived: (4,0)
 6: ball (-0.900280,0.043885), agent (-0.468330,-0.044939), to (4.531528,-0.007259) ang 0.431784 0.431784
 6: relpos body (0.440988,167.948208), vel. ball:(0.521426,-0.002944) dist: 1.150362 (0.300000,0.085000,0.765362)
 6: point good and can reach point 17.378273
 6: 2 pos: ball(-0.988401,-0.045156), ball_prev(-1.517050,0.035893), agentdiff(-0.120422,-0.016946)
 6: direction old: 161.246677, new: 177.603042
(b)r: 0.4 phi: 177 vel: ( 0.521426, -0.00294431 ) (6,0) rel: ( -0.399452, 0.0209344 ), (6,0) global: ( -0.988401, -0.0451556 ), (6,0), changes: -0.26, -1 last seen:(6,0) globalposderived: (6,0)
 6: ball (-0.988401,-0.045156), agent (-0.588751,-0.061885), to (4.410972,-0.009260) ang 0.603042 0.603042
 6: relpos body (0.400000,177.000000), vel. ball:(0.521426,-0.002944) dist: 1.150362 (0.300000,0.085000,0.765362)
 6: point good and can reach point 14.776191
(b)r: 0.2 phi: 2.46589 vel: ( -0.0756266, -0.000468004 ) (7,0) rel: ( 0.199815, 0.00860494 ), (7,0) global: ( -0.389038, -0.0511772 ), (7,0), changes: -0.26, -1 last seen:(6,0) globalposderived: (6,0)
 7: ball (-0.389038,-0.051177), agent (-0.588751,-0.061885), to (4.410972,-0.009260) ang 0.603042 0.603042
 7: relpos body (0.200000,2.465895), vel. ball:(-0.075627,-0.000468) dist: 1.150362 (0.300000,0.085000,0.765362)
 7: point good and can reach point 31.391294
 7: direction old: 3.068937, new: 2.603042
(b)r: 0.4 phi: 2 vel: ( -0.0738713, 0.000223255 ) (7,0) rel: ( 0.399756, 0.0139598 ), (7,0) global: ( -0.189164, -0.0437182 ), (7,0), changes: -0.072, 0.6 last seen:(7,0) globalposderived: (7,0)
 7: ball (-0.189164,-0.043718), agent (-0.588751,-0.061885), to (4.410972,-0.009260) ang 0.603042 0.603042
 7: relpos body (0.400000,2.000000), vel. ball:(-0.073871,0.000223) dist: 1.150362 (0.300000,0.085000,0.765362)
 7: point good and can reach point 31.534867
(b)r: 1.15656 phi: 0.741161 vel: ( 0.711257, 0.00842705 ) (8,0) rel: ( 1.15647, 0.0149605 ), (8,0) global: ( 0.567493, -0.0347533 ), (8,0), changes: -0.072, 0.6 last seen:(7,0) globalposderived: (7,0)
(b)r: 1.45229 phi: 0.627348 vel: ( 0.668582, 0.00792142 ) (9,0) rel: ( 1.4522, 0.0159012 ), (9,0) global: ( 1.27875, -0.0263263 ), (9,0), changes: -0.072, 0.6 last seen:(7,0) globalposderived: (7,0)
 9: direction old: 0.579989, new: 5.431817
(b)r: 1.5 phi: 4 vel: ( 0.682868, 0.0330793 ) (9,0) rel: ( 1.49635, 0.104635 ), (9,0) global: ( 1.38201, 0.101594 ), (9,0), changes: 0.51, 0.2 last seen:(9,0) globalposderived: (9,0)
(b)r: 1.53081 phi: 5.3804 vel: ( 0.641896, 0.0310946 ) (10,0) rel: ( 1.52406, 0.14354 ), (10,0) global: ( 2.06487, 0.134674 ), (10,0), changes: 0.51, 0.2 last seen:(9,0) globalposderived: (9,0)
 10: direction old: 5.791182, new: 6.024680
(b)r: 1.5 phi: 6 vel: ( 0.649315, 0.0344762 ) (10,0) rel: ( 1.49178, 0.156793 ), (10,0) global: ( 1.97295, 0.131495 ), (10,0), changes: 0.36, 0.4 last seen:(10,0) globalposderived: (10,0)
(b)r: 1.84603 phi: -2.88979 vel: ( 0.610356, 0.0324077 ) (11,0) rel: ( 1.84369, -0.0930676 ), (11,0) global: ( 2.62227, 0.165972 ), (11,0), changes: 0.36, 0.4 last seen:(10,0) globalposderived: (10,0)
(b)r: 1.8879 phi: -3.90317 vel: ( 0.573735, 0.0304632 ) (12,0) rel: ( 1.88352, -0.12851 ), (12,0) global: ( 3.23263, 0.198379 ), (12,0), changes: 0.36, 0.4 last seen:(10,0) globalposderived: (10,0)
 12: direction old: 9.245334, new: 6.694347
(b)r: 2 phi: -3 vel: ( 0.575094, 0.0473043 ) (12,0) rel: ( 1.99726, -0.104672 ), (12,0) global: ( 3.46414, 0.145877 ), (12,0), changes: 0.32, -0.1 last seen:(12,0) globalposderived: (12,0)
(b)r: 1.90039 phi: -4.67486 vel: ( 0.540588, 0.044466 ) (13,0) rel: ( 1.89407, -0.154884 ), (13,0) global: ( 4.03924, 0.193181 ), (13,0), changes: 0.32, -0.1 last seen:(12,0) globalposderived: (12,0)
 13: direction old: 5.848235, new: 5.690235
(b)r: 1.8 phi: -4 vel: ( 0.531329, 0.0512158 ) (13,0) rel: ( 1.79562, -0.125562 ), (13,0) global: ( 3.76067, 0.159658 ), (13,0), changes: 0.216, -0.5 last seen:(13,0) globalposderived: (13,0)
(b)r: 1.59285 phi: -5.92812 vel: ( 0, 0 ) (14,0) rel: ( 1.58433, -0.164511 ), (14,0) global: ( 4.292, 0.210874 ), (14,0), changes: 0.216, -0.5 last seen:(13,0) globalposderived: (13,0)
(b)r: 1.26538 phi: 2.06514 vel: ( 0, 0 ) (15,0) rel: ( 1.26456, 0.045599 ), (15,0) global: ( 4.292, 0.210874 ), (15,0), changes: 0.216, -0.5 last seen:(13,0) globalposderived: (13,0)
 15: direction old: -7.303525, new: 2.597317
(b)r: 1 phi: 1 vel: ( -0.324654, -0.137916 ) (15,0) rel: ( 0.999848, 0.0174524 ), (15,0) global: ( 4.00563, 0.420926 ), (15,0), changes: -0.48, -7.8 last seen:(15,0) globalposderived: (15,0)
 15: ball (4.005631,0.420926), agent (3.006658,0.375610), to (8.004715,0.514984) ang 1.597317 1.597317
 15: relpos body (1.000000,1.000000), vel. ball:(-0.324654,-0.137916) dist: 1.150362 (0.300000,0.085000,0.765362)
 15: point good and can reach point 51.374572
(b)r: 1.63277 phi: -0.0392729 vel: ( 0.718321, 0.00687362 ) (16,0) rel: ( 1.63277, -0.00111917 ), (16,0) global: ( 4.7698, 0.428238 ), (16,0), changes: -0.48, -7.8 last seen:(15,0) globalposderived: (15,0)
 16: 2 pos: ball(4.260183,2.768732), ball_prev(4.005631,0.420926), agentdiff(0.010167,-0.075316)
 16: vel based on 2 pos: (0.229722,2.277734)
 16: direction old: 4.220999, new: 65.669835
 27: direction old: 172.396569, new: -160.319369
(b)r: 1.8 phi: 64 vel: ( -1.06032, -2.209 ) (27,0) rel: ( 0.789068, 1.61783 ), (27,0) global: ( 1.56522, 0.198321 ), (27,0), changes: 1.804, 1.2 last seen:(27,0) globalposderived: (27,0)
 101: Received coach message: online_coach_left (advice (0 (true) (do our {1} (home (pt 0 0))) (do our {2} (home (pt -12 26))) (do our {3} (home (pt -20 10))) (do our {4} (home (pt -20 -10))) (do our {5} (home (pt -12 -26))) (do our {6} (home (pt 20 0))) (do our {7} (home (pt 12 15))) (do our {8} (home (pt 12 -15))) (do our {9} (home (pt 0 0))) (do our {10} (home (pt 35 22))) (do our {11} (home (pt 35 -22))))))
 101: new home position for player 0: 0 0
 101: new home position for player 1: -12 26
 101: new home position for player 2: -20 10
 101: new home position for player 3: -20 -10
 101: new home position for player 4: -12 -26
 101: new home position for player 5: 20 0
 101: new home position for player 6: 12 15
 101: new home position for player 7: 12 -15
 101: new home position for player 8: 0 0
 101: new home position for player 9: 35 22
 101: new home position for player 10: 35 -22
 251: Received coach message: online_coach_left (advice (0 (true) (do our {1} (home (pt 0 0))) (do our {2} (home (pt -12 26))) (do our {3} (home (pt -20 10))) (do our {4} (home (pt -20 -10))) (do our {5} (home (pt -12 -26))) (do our {6} (home (pt 0 0))) (do our {7} (home (pt 20 0))) (do our {8} (home (pt 12 -15))) (do our {9} (home (pt 12 15))) (do our {10} (home (pt 35 22))) (do our {11} (home (pt 35 -22))))))
 251: new home position for player 0: 0 0
 251: new home position for player 1: -12 26
 251: new home position for player 2: -20 10
 251: new home position for player 3: -20 -10
 251: new home position for player 4: -12 -26
 251: new home position for player 5: 0 0
 251: new home position for player 6: 20 0
 251: new home position for player 7: 12 -15
 251: new home position for player 8: 12 15
 251: new home position for player 9: 35 22
 251: new home position for player 10: 35 -22
 301: Received coach message: online_coach_left (advice (0 (true) (do our {1} (home (pt -20 10))) (do our {2} (home (pt -12 26))) (do our {3} (home (pt 0 0))) (do our {4} (home (pt -20 -10))) (do our {5} (home (pt -12 -26))) (do our {6} (home (pt 20 0))) (do our {7} (home (pt 0 0))) (do our {8} (home (pt 12 -15))) (do our {9} (home (pt 12 15))) (do our {10} (home (pt 35 22))) (do our {11} (home (pt 35 -22))))))
 301: new home position for player 0: -20 10
 301: new home position for player 1: -12 26
 301: new home position for player 2: 0 0
 301: new home position for player 3: -20 -10
 301: new home position for player 4: -12 -26
 301: new home position for player 5: 20 0
 301: new home position for player 6: 0 0
 301: new home position for player 7: 12 -15
 301: new home position for player 8: 12 15
 301: new home position for player 9: 35 22
 301: new home position for player 10: 35 -22
 401: Received coach message: online_coach_left (advice (0 (true) (do our {1} (home (pt -20 10))) (do our {2} (home (pt -12 26))) (do our {3} (home (pt 0 0))) (do our {4} (home (pt -20 -10))) (do our {5} (home (pt -12 -26))) (do our {6} (home (pt 12 15))) (do our {7} (home (pt 0 0))) (do our {8} (home (pt 12 -15))) (do our {9} (home (pt 20 0))) (do our {10} (home (pt 35 22))) (do our {11} (home (pt 35 -22))))))
 401: new home position for player 0: -20 10
 401: new home position for player 1: -12 26
 401: new home position for player 2: 0 0
 401: new home position for player 3: -20 -10
 401: new home position for player 4: -12 -26
 401: new home position for player 5: 12 15
 401: new home position for player 6: 0 0
 401: new home position for player 7: 12 -15
 401: new home position for player 8: 20 0
 401: new home position for player 9: 35 22
 401: new home position for player 10: 35 -22
 539: Received coach message: online_coach_left (advice (0 (true) (do our {1} (home (pt -20 -10))) (do our {2} (home (pt -12 26))) (do our {3} (home (pt 0 0))) (do our {4} (home (pt -20 10))) (do our {5} (home (pt 35 -22))) (do our {6} (home (pt 12 15))) (do our {7} (home (pt 0 0))) (do our {8} (home (pt -12 -26))) (do our {9} (home (pt 20 0))) (do our {10} (home (pt 35 22))) (do our {11} (home (pt 12 -15))))))
 539: new home position for player 0: -20 -10
 539: new home position for player 1: -12 26
 539: new home position for player 2: 0 0
 539: new home position for player 3: -20 10
 539: new home position for player 4: 35 -22
 539: new home position for player 5: 12 15
 539: new home position for player 6: 0 0
 539: new home position for player 7: -12 -26
 539: new home position for player 8: 20 0
 539: new home position for player 9: 35 22
 539: new home position for player 10: 12 -15
 651: Received coach message: online_coach_left (advice (0 (true) (do our {1} (home (pt -20 -10))) (do our {2} (home (pt -12 26))) (do our {3} (home (pt 0 0))) (do our {4} (home (pt -20 10))) (do our {5} (home (pt 35 -22))) (do our {6} (home (pt 12 15))) (do our {7} (home (pt 0 0))) (do our {8} (home (pt -12 -26))) (do our {9} (home (pt 20 0))) (do our {10} (home (pt 35 22))) (do our {11} (home (pt 12 -15))))))
 651: new home position for player 0: -20 -10
 651: new home position for player 1: -12 26
 651: new home position for player 2: 0 0
 651: new home position for player 3: -20 10
 651: new home position for player 4: 35 -22
 651: new home position for player 5: 12 15
 651: new home position for player 6: 0 0
 651: new home position for player 7: -12 -26
 651: new home position for player 8: 20 0
 651: new home position for player 9: 35 22
 651: new home position for player 10: 12 -15
 801: Received coach message: online_coach_left (advice (0 (true) (do our {1} (home (pt -20 10))) (do our {2} (home (pt -12 26))) (do our {3} (home (pt 12 15))) (do our {4} (home (pt -20 -10))) (do our {5} (home (pt -12 -26))) (do our {6} (home (pt 0 0))) (do our {7} (home (pt 0 0))) (do our {8} (home (pt 12 -15))) (do our {9} (home (pt 20 0))) (do our {10} (home (pt 35 22))) (do our {11} (home (pt 35 -22))))))
 801: new home position for player 0: -20 10
 801: new home position for player 1: -12 26
 801: new home position for player 2: 12 15
 801: new home position for player 3: -20 -10
 801: new home position for player 4: -12 -26
 801: new home position for player 5: 0 0
 801: new home position for player 6: 0 0
 801: new home position for player 7: 12 -15
 801: new home position for player 8: 20 0
 801: new home position for player 9: 35 22
 801: new home position for player 10: 35 -22
(b)r: 0.552997 phi: -104.897 vel: ( 0, 0 ) (908,0) rel: ( -0.142165, -0.534411 ), (908,0) global: ( 0, 0 ), (908,0), changes: 0.6, 0.1 last seen:(908,0) globalposderived: (870,0)
 908: Received coach message: online_coach_left (advice (0 (true) (do our {1} (home (pt -20 -10))) (do our {2} (home (pt 20 0))) (do our {3} (home (pt -20 10))) (do our {4} (home (pt -12 26))) (do our {5} (home (pt 35 -22))) (do our {6} (home (pt 35 22))) (do our {7} (home (pt 0 0))) (do our {8} (home (pt -12 -26))) (do our {9} (home (pt 0 0))) (do our {10} (home (pt 12 15))) (do our {11} (home (pt 12 -15))))))
 908: new home position for player 0: -20 -10
 908: new home position for player 1: 20 0
 908: new home position for player 2: -20 10
 908: new home position for player 3: -12 26
 908: new home position for player 4: 35 -22
 908: new home position for player 5: 35 22
 908: new home position for player 6: 0 0
 908: new home position for player 7: -12 -26
 908: new home position for player 8: 0 0
 908: new home position for player 9: 12 15
 908: new home position for player 10: 12 -15
(b)r: 0.552997 phi: -104.897 vel: ( 0, 0 ) (908,1) rel: ( -0.142165, -0.534411 ), (908,1) global: ( 0, 0 ), (908,1), changes: 0.6, 0.1 last seen:(908,0) globalposderived: (870,0)
(b)r: 0.552997 phi: -104.897 vel: ( 0, 0 ) (908,1) rel: ( -0.142165, -0.534411 ), (908,1) global: ( 1.44787, -0.0178895 ), (908,1), changes: 0.6, 0.1 last seen:(908,0) globalposderived: (870,0)
(b)r: 0.552997 phi: -104.897 vel: ( 0, 0 ) (908,2) rel: ( -0.142165, -0.534411 ), (908,2) global: ( 0, 0 ), (908,2), changes: 0.6, 0.1 last seen:(908,0) globalposderived: (870,0)
(b)r: 0.552997 phi: -104.897 vel: ( 0, 0 ) (908,2) rel: ( -0.142165, -0.534411 ), (908,2) global: ( 1.6484, 0.0909568 ), (908,2), changes: 0.6, 0.1 last seen:(908,0) globalposderived: (870,0)
(b)r: 0.552997 phi: -104.897 vel: ( 0, 0 ) (908,3) rel: ( -0.142165, -0.534411 ), (908,3) global: ( 0, 0 ), (908,3), changes: 0.6, 0.1 last seen:(908,0) globalposderived: (870,0)
(b)r: 0.552997 phi: -104.897 vel: ( 0, 0 ) (908,4) rel: ( -0.142165, -0.534411 ), (908,4) global: ( 0, 0 ), (908,4), changes: 0.6, 0.1 last seen:(908,0) globalposderived: (870,0)
(b)r: 0.552997 phi: -104.897 vel: ( 0, 0 ) (908,4) rel: ( -0.142165, -0.534411 ), (908,4) global: ( 1.6484, 0.0909568 ), (908,4), changes: 0.6, 0.1 last seen:(908,0) globalposderived: (870,0)
(b)r: 0.552997 phi: -104.897 vel: ( 0, 0 ) (908,5) rel: ( -0.142165, -0.534411 ), (908,5) global: ( 0, 0 ), (908,5), changes: 0.6, 0.1 last seen:(908,0) globalposderived: (870,0)
(b)r: 0.552997 phi: -104.897 vel: ( 0, 0 ) (908,5) rel: ( -0.142165, -0.534411 ), (908,5) global: ( 1.6484, 0.0909568 ), (908,5), changes: 0.6, 0.1 last seen:(908,0) globalposderived: (870,0)
(b)r: 0.552997 phi: -104.897 vel: ( 0, 0 ) (908,6) rel: ( -0.142165, -0.534411 ), (908,6) global: ( 0, 0 ), (908,6), changes: 0.6, 0.1 last seen:(908,0) globalposderived: (870,0)
(b)r: 0.552997 phi: -104.897 vel: ( 0, 0 ) (908,7) rel: ( -0.142165, -0.534411 ), (908,7) global: ( 0, 0 ), (908,7), changes: 0.6, 0.1 last seen:(908,0) globalposderived: (870,0)
(b)r: 0.552997 phi: -104.897 vel: ( 0, 0 ) (908,7) rel: ( -0.142165, -0.534411 ), (908,7) global: ( 1.6484, 0.0909568 ), (908,7), changes: 0.6, 0.1 last seen:(908,0) globalposderived: (870,0)
(b)r: 0.552997 phi: -104.897 vel: ( 0, 0 ) (908,8) rel: ( -0.142165, -0.534411 ), (908,8) global: ( 0, 0 ), (908,8), changes: 0.6, 0.1 last seen:(908,0) globalposderived: (870,0)
(b)r: 0.552997 phi: -104.897 vel: ( 0, 0 ) (908,8) rel: ( -0.142165, -0.534411 ), (908,8) global: ( 1.6484, 0.0909568 ), (908,8), changes: 0.6, 0.1 last seen:(908,0) globalposderived: (870,0)
(b)r: 0.552997 phi: -104.897 vel: ( 0, 0 ) (908,9) rel: ( -0.142165, -0.534411 ), (908,9) global: ( 0, 0 ), (908,9), changes: 0.6, 0.1 last seen:(908,0) globalposderived: (870,0)
(b)r: 0.552997 phi: -104.897 vel: ( 0, 0 ) (908,10) rel: ( -0.142165, -0.534411 ), (908,10) global: ( 0, 0 ), (908,10), changes: 0.6, 0.1 last seen:(908,0) globalposderived: (870,0)
(b)r: 0.552997 phi: -104.897 vel: ( 0, 0 ) (908,10) rel: ( -0.142165, -0.534411 ), (908,10) global: ( 1.6484, 0.0909568 ), (908,10), changes: 0.6, 0.1 last seen:(908,0) globalposderived: (870,0)
(b)r: 0.552997 phi: -104.897 vel: ( 0, 0 ) (908,11) rel: ( -0.142165, -0.534411 ), (908,11) global: ( 0, 0 ), (908,11), changes: 0.6, 0.1 last seen:(908,0) globalposderived: (870,0)
(b)r: 0.552997 phi: -104.897 vel: ( 0, 0 ) (908,11) rel: ( -0.142165, -0.534411 ), (908,11) global: ( 1.6484, 0.0909568 ), (908,11), changes: 0.6, 0.1 last seen:(908,0) globalposderived: (870,0)
(b)r: 0.552997 phi: -104.897 vel: ( 0, 0 ) (908,12) rel: ( -0.142165, -0.534411 ), (908,12) global: ( 0, 0 ), (908,12), changes: 0.6, 0.1 last seen:(908,0) globalposderived: (870,0)
(b)r: 0.552997 phi: -104.897 vel: ( 0, 0 ) (908,13) rel: ( -0.142165, -0.534411 ), (908,13) global: ( 0, 0 ), (908,13), changes: 0.6, 0.1 last seen:(908,0) globalposderived: (870,0)
(b)r: 0.552997 phi: -104.897 vel: ( 0, 0 ) (908,13) rel: ( -0.142165, -0.534411 ), (908,13) global: ( 1.6484, 0.0909568 ), (908,13), changes: 0.6, 0.1 last seen:(908,0) globalposderived: (870,0)
(b)r: 0.552997 phi: -104.897 vel: ( 0, 0 ) (908,14) rel: ( -0.142165, -0.534411 ), (908,14) global: ( 0, 0 ), (908,14), changes: 0.6, 0.1 last seen:(908,0) globalposderived: (870,0)
(b)r: 0.552997 phi: -104.897 vel: ( 0, 0 ) (908,14) rel: ( -0.142165, -0.534411 ), (908,14) global: ( 1.6484, 0.0909568 ), (908,14), changes: 0.6, 0.1 last seen:(908,0) globalposderived: (870,0)
(b)r: 0.552997 phi: -104.897 vel: ( 0, 0 ) (908,15) rel: ( -0.142165, -0.534411 ), (908,14) global: ( 0, 0 ), (908,15), changes: 0.6, 0.1 last seen:(908,0) globalposderived: (870,0)
(b)r: 0.552997 phi: -104.897 vel: ( 0, 0 ) (908,16) rel: ( -0.142165, -0.534411 ), (908,14) global: ( 0, 0 ), (908,16), changes: 0.6, 0.1 last seen:(908,0) globalposderived: (870,0)
(b)r: 0.552997 phi: -104.897 vel: ( 0, 0 ) (908,16) rel: ( -0.142165, -0.534411 ), (908,16) global: ( 1.6484, 0.0909568 ), (908,16), changes: 0.6, 0.1 last seen:(908,0) globalposderived: (870,0)
(b)r: 0.552997 phi: -104.897 vel: ( 0, 0 ) (908,17) rel: ( -0.142165, -0.534411 ), (908,16) global: ( 0, 0 ), (908,17), changes: 0.6, 0.1 last seen:(908,0) globalposderived: (870,0)
(b)r: 0.552997 phi: -104.897 vel: ( 0, 0 ) (908,17) rel: ( -0.142165, -0.534411 ), (908,17) global: ( 1.6484, 0.0909568 ), (908,17), changes: 0.6, 0.1 last seen:(908,0) globalposderived: (870,0)
(b)r: 0.552997 phi: -104.897 vel: ( 0, 0 ) (908,18) rel: ( -0.142165, -0.534411 ), (908,17) global: ( 0, 0 ), (908,18), changes: 0.6, 0.1 last seen:(908,0) globalposderived: (870,0)
(b)r: 0.552997 phi: -104.897 vel: ( 0, 0 ) (908,19) rel: ( -0.142165, -0.534411 ), (908,17) global: ( 0, 0 ), (908,19), changes: 0.6, 0.1 last seen:(908,0) globalposderived: (870,0)
(b)r: 0.552997 phi: -104.897 vel: ( 0, 0 ) (908,19) rel: ( -0.142165, -0.534411 ), (908,19) global: ( 1.6484, 0.0909568 ), (908,19), changes: 0.6, 0.1 last seen:(908,0) globalposderived: (870,0)
(b)r: 0.552997 phi: -104.897 vel: ( 0, 0 ) (908,20) rel: ( -0.142165, -0.534411 ), (908,19) global: ( 0, 0 ), (908,20), changes: 0.6, 0.1 last seen:(908,0) globalposderived: (870,0)
(b)r: 0.552997 phi: -104.897 vel: ( 0, 0 ) (908,20) rel: ( -0.142165, -0.534411 ), (908,20) global: ( 1.6484, 0.0909568 ), (908,20), changes: 0.6, 0.1 last seen:(908,0) globalposderived: (870,0)
(b)r: 0.552997 phi: -104.897 vel: ( 0, 0 ) (908,21) rel: ( -0.142165, -0.534411 ), (908,20) global: ( 0, 0 ), (908,21), changes: 0.6, 0.1 last seen:(908,0) globalposderived: (870,0)
(b)r: 0.552997 phi: -104.897 vel: ( 0, 0 ) (908,22) rel: ( -0.142165, -0.534411 ), (908,20) global: ( 0, 0 ), (908,22), changes: 0.6, 0.1 last seen:(908,0) globalposderived: (870,0)
(b)r: 0.552997 phi: -104.897 vel: ( 0, 0 ) (908,22) rel: ( -0.142165, -0.534411 ), (908,22) global: ( 1.6484, 0.0909568 ), (908,22), changes: 0.6, 0.1 last seen:(908,0) globalposderived: (870,0)
(b)r: 0.552997 phi: -104.897 vel: ( 0, 0 ) (908,23) rel: ( -0.142165, -0.534411 ), (908,22) global: ( 0, 0 ), (908,23), changes: 0.6, 0.1 last seen:(908,0) globalposderived: (870,0)
(b)r: 0.552997 phi: -104.897 vel: ( 0, 0 ) (908,23) rel: ( -0.142165, -0.534411 ), (908,23) global: ( 1.6484, 0.0909568 ), (908,23), changes: 0.6, 0.1 last seen:(908,0) globalposderived: (870,0)
(b)r: 0.552997 phi: -104.897 vel: ( 0, 0 ) (908,24) rel: ( -0.142165, -0.534411 ), (908,23) global: ( 0, 0 ), (908,24), changes: 0.6, 0.1 last seen:(908,0) globalposderived: (870,0)
(b)r: 0.552997 phi: -104.897 vel: ( 0, 0 ) (908,25) rel: ( -0.142165, -0.534411 ), (908,23) global: ( 0, 0 ), (908,25), changes: 0.6, 0.1 last seen:(908,0) globalposderived: (870,0)
(b)r: 0.552997 phi: -104.897 vel: ( 0, 0 ) (908,25) rel: ( -0.142165, -0.534411 ), (908,25) global: ( 1.6484, 0.0909568 ), (908,25), changes: 0.6, 0.1 last seen:(908,0) globalposderived: (870,0)
(b)r: 0.552997 phi: -104.897 vel: ( 0, 0 ) (908,26) rel: ( -0.142165, -0.534411 ), (908,25) global: ( 0, 0 ), (908,26), changes: 0.6, 0.1 last seen:(908,0) globalposderived: (870,0)
(b)r: 0.552997 phi: -104.897 vel: ( 0, 0 ) (908,26) rel: ( -0.142165, -0.534411 ), (908,26) global: ( 1.6484, 0.0909568 ), (908,26), changes: 0.6, 0.1 last seen:(908,0) globalposderived: (870,0)
(b)r: 0.552997 phi: -104.897 vel: ( 0, 0 ) (908,27) rel: ( -0.142165, -0.534411 ), (908,26) global: ( 0, 0 ), (908,27), changes: 0.6, 0.1 last seen:(908,0) globalposderived: (870,0)
(b)r: 0.552997 phi: -104.897 vel: ( 0, 0 ) (908,28) rel: ( -0.142165, -0.534411 ), (908,26) global: ( 0, 0 ), (908,28), changes: 0.6, 0.1 last seen:(908,0) globalposderived: (870,0)
(b)r: 0.552997 phi: -104.897 vel: ( 0, 0 ) (908,28) rel: ( -0.142165, -0.534411 ), (908,28) global: ( 1.6484, 0.0909568 ), (908,28), changes: 0.6, 0.1 last seen:(908,0) globalposderived: (870,0)
(b)r: 0.552997 phi: -104.897 vel: ( 0, 0 ) (908,29) rel: ( -0.142165, -0.534411 ), (908,28) global: ( 0, 0 ), (908,29), changes: 0.6, 0.1 last seen:(908,0) globalposderived: (870,0)
(b)r: 0.552997 phi: -104.897 vel: ( 0, 0 ) (908,29) rel: ( -0.142165, -0.534411 ), (908,29) global: ( 1.6484, 0.0909568 ), (908,29), changes: 0.6, 0.1 last seen:(908,0) globalposderived: (870,0)
(b)r: 0.552997 phi: -104.897 vel: ( 0, 0 ) (908,30) rel: ( -0.142165, -0.534411 ), (908,29) global: ( 0, 0 ), (908,30), changes: 0.6, 0.1 last seen:(908,0) globalposderived: (870,0)
(b)r: 0.552997 phi: -104.897 vel: ( 0, 0 ) (908,31) rel: ( -0.142165, -0.534411 ), (908,29) global: ( 0, 0 ), (908,31), changes: 0.6, 0.1 last seen:(908,0) globalposderived: (870,0)
(b)r: 0.552997 phi: -104.897 vel: ( 0, 0 ) (908,31) rel: ( -0.142165, -0.534411 ), (908,31) global: ( 1.6484, 0.0909568 ), (908,31), changes: 0.6, 0.1 last seen:(908,0) globalposderived: (870,0)
(b)r: 0.552997 phi: -104.897 vel: ( 0, 0 ) (908,32) rel: ( -0.142165, -0.534411 ), (908,31) global: ( 0, 0 ), (908,32), changes: 0.6, 0.1 last seen:(908,0) globalposderived: (870,0)
(b)r: 0.552997 phi: -104.897 vel: ( 0, 0 ) (908,32) rel: ( -0.142165, -0.534411 ), (908,32) global: ( 1.6484, 0.0909568 ), (908,32), changes: 0.6, 0.1 last seen:(908,0) globalposderived: (870,0)
(b)r: 0.552997 phi: -104.897 vel: ( 0, 0 ) (908,33) rel: ( -0.142165, -0.534411 ), (908,32) global: ( 0, 0 ), (908,33), changes: 0.6, 0.1 last seen:(908,0) globalposderived: (870,0)
(b)r: 0.552997 phi: -104.897 vel: ( 0, 0 ) (908,34) rel: ( -0.142165, -0.534411 ), (908,32) global: ( 0, 0 ), (908,34), changes: 0.6, 0.1 last seen:(908,0) globalposderived: (870,0)
(b)r: 0.552997 phi: -104.897 vel: ( 0, 0 ) (908,34) rel: ( -0.142165, -0.534411 ), (908,34) global: ( 1.6484, 0.0909568 ), (908,34), changes: 0.6, 0.1 last seen:(908,0) globalposderived: (870,0)
(b)r: 0.552997 phi: -104.897 vel: ( 0, 0 ) (908,35) rel: ( -0.142165, -0.534411 ), (908,34) global: ( 0, 0 ), (908,35), changes: 0.6, 0.1 last seen:(908,0) globalposderived: (870,0)
(b)r: 0.552997 phi: -104.897 vel: ( 0, 0 ) (908,35) rel: ( -0.142165, -0.534411 ), (908,35) global: ( 1.6484, 0.0909568 ), (908,35), changes: 0.6, 0.1 last seen:(908,0) globalposderived: (870,0)
(b)r: 0.552997 phi: -104.897 vel: ( 0, 0 ) (908,36) rel: ( -0.142165, -0.534411 ), (908,35) global: ( 0, 0 ), (908,36), changes: 0.6, 0.1 last seen:(908,0) globalposderived: (870,0)
(b)r: 0.552997 phi: -104.897 vel: ( 0, 0 ) (908,37) rel: ( -0.142165, -0.534411 ), (908,35) global: ( 0, 0 ), (908,37), changes: 0.6, 0.1 last seen:(908,0) globalposderived: (870,0)
(b)r: 0.552997 phi: -104.897 vel: ( 0, 0 ) (908,37) rel: ( -0.142165, -0.534411 ), (908,37) global: ( 1.6484, 0.0909568 ), (908,37), changes: 0.6, 0.1 last seen:(908,0) globalposderived: (870,0)
(b)r: 0.552997 phi: -104.897 vel: ( 0, 0 ) (908,38) rel: ( -0.142165, -0.534411 ), (908,37) global: ( 0, 0 ), (908,38), changes: 0.6, 0.1 last seen:(908,0) globalposderived: (870,0)
(b)r: 0.552997 phi: -104.897 vel: ( 0, 0 ) (908,38) rel: ( -0.142165, -0.534411 ), (908,38) global: ( 1.6484, 0.0909568 ), (908,38), changes: 0.6, 0.1 last seen:(908,0) globalposderived: (870,0)
(b)r: 0.552997 phi: -104.897 vel: ( 0, 0 ) (908,39) rel: ( -0.142165, -0.534411 ), (908,38) global: ( 0, 0 ), (908,39), changes: 0.6, 0.1 last seen:(908,0) globalposderived: (870,0)
(b)r: 0.552997 phi: -104.897 vel: ( 0, 0 ) (908,40) rel: ( -0.142165, -0.534411 ), (908,38) global: ( 0, 0 ), (908,40), changes: 0.6, 0.1 last seen:(908,0) globalposderived: (870,0)
(b)r: 0.552997 phi: -104.897 vel: ( 0, 0 ) (908,40) rel: ( -0.142165, -0.534411 ), (908,40) global: ( 1.6484, 0.0909568 ), (908,40), changes: 0.6, 0.1 last seen:(908,0) globalposderived: (870,0)
(b)r: 0.552997 phi: -104.897 vel: ( 0, 0 ) (908,41) rel: ( -0.142165, -0.534411 ), (908,40) global: ( 0, 0 ), (908,41), changes: 0.6, 0.1 last seen:(908,0) globalposderived: (870,0)
(b)r: 0.552997 phi: -104.897 vel: ( 0, 0 ) (908,41) rel: ( -0.142165, -0.534411 ), (908,41) global: ( 1.6484, 0.0909568 ), (908,41), changes: 0.6, 0.1 last seen:(908,0) globalposderived: (870,0)
(b)r: 0.552997 phi: -104.897 vel: ( 0, 0 ) (908,42) rel: ( -0.142165, -0.534411 ), (908,41) global: ( 0, 0 ), (908,42), changes: 0.6, 0.1 last seen:(908,0) globalposderived: (870,0)
(b)r: 0.552997 phi: -104.897 vel: ( 0, 0 ) (908,43) rel: ( -0.142165, -0.534411 ), (908,41) global: ( 0, 0 ), (908,43), changes: 0.6, 0.1 last seen:(908,0) globalposderived: (870,0)
(b)r: 0.552997 phi: -104.897 vel: ( 0, 0 ) (908,43) rel: ( -0.142165, -0.534411 ), (908,43) global: ( 1.6484, 0.0909568 ), (908,43), changes: 0.6, 0.1 last seen:(908,0) globalposderived: (870,0)
(b)r: 0.552997 phi: -104.897 vel: ( 0, 0 ) (908,44) rel: ( -0.142165, -0.534411 ), (908,43) global: ( 0, 0 ), (908,44), changes: 0.6, 0.1 last seen:(908,0) globalposderived: (870,0)
(b)r: 0.552997 phi: -104.897 vel: ( 0, 0 ) (908,44) rel: ( -0.142165, -0.534411 ), (908,44) global: ( 1.6484, 0.0909568 ), (908,44), changes: 0.6, 0.1 last seen:(908,0) globalposderived: (870,0)
(b)r: 0.552997 phi: -104.897 vel: ( 0, 0 ) (908,45) rel: ( -0.142165, -0.534411 ), (908,44) global: ( 0, 0 ), (908,45), changes: 0.6, 0.1 last seen:(908,0) globalposderived: (870,0)
(b)r: 0.552997 phi: -104.897 vel: ( 0, 0 ) (908,46) rel: ( -0.142165, -0.534411 ), (908,44) global: ( 0, 0 ), (908,46), changes: 0.6, 0.1 last seen:(908,0) globalposderived: (870,0)
(b)r: 0.552997 phi: -104.897 vel: ( 0, 0 ) (908,46) rel: ( -0.142165, -0.534411 ), (908,46) global: ( 1.6484, 0.0909568 ), (908,46), changes: 0.6, 0.1 last seen:(908,0) globalposderived: (870,0)
(b)r: 0.552997 phi: -104.897 vel: ( 0, 0 ) (908,47) rel: ( -0.142165, -0.534411 ), (908,46) global: ( 0, 0 ), (908,47), changes: 0.6, 0.1 last seen:(908,0) globalposderived: (870,0)
(b)r: 0.552997 phi: -104.897 vel: ( 0, 0 ) (908,47) rel: ( -0.142165, -0.534411 ), (908,47) global: ( 1.6484, 0.0909568 ), (908,47), changes: 0.6, 0.1 last seen:(908,0) globalposderived: (870,0)
(b)r: 0.552997 phi: -104.897 vel: ( 0, 0 ) (908,48) rel: ( -0.142165, -0.534411 ), (908,47) global: ( 0, 0 ), (908,48), changes: 0.6, 0.1 last seen:(908,0) globalposderived: (870,0)
(b)r: 0.552997 phi: -104.897 vel: ( 0, 0 ) (908,49) rel: ( -0.142165, -0.534411 ), (908,47) global: ( 0, 0 ), (908,49), changes: 0.6, 0.1 last seen:(908,0) globalposderived: (870,0)
(b)r: 0.552997 phi: -104.897 vel: ( 0, 0 ) (908,49) rel: ( -0.142165, -0.534411 ), (908,49) global: ( 1.6484, 0.0909568 ), (908,49), changes: 0.6, 0.1 last seen:(908,0) globalposderived: (870,0)
(b)r: 0.552997 phi: -104.897 vel: ( 0, 0 ) (908,50) rel: ( -0.142165, -0.534411 ), (908,49) global: ( 0, 0 ), (908,50), changes: 0.6, 0.1 last seen:(908,0) globalposderived: (870,0)
(b)r: 0.552997 phi: -104.897 vel: ( 0, 0 ) (908,50) rel: ( -0.142165, -0.534411 ), (908,50) global: ( 1.6484, 0.0909568 ), (908,50), changes: 0.6, 0.1 last seen:(908,0) globalposderived: (870,0)
(b)r: 0.552997 phi: -104.897 vel: ( 0, 0 ) (909,0) rel: ( -0.142165, -0.534411 ), (909,0) global: ( 0, 0 ), (909,0), changes: 0.6, 0.1 last seen:(908,0) globalposderived: (870,0)
 909: ball (0.000000,0.000000), agent (-0.551129,0.045416), to (-2.000000,22.000000) ang 100.186129 100.186129
 909: relpos body (0.552997,-104.896961), vel. ball:(0.000000,0.000000) dist: 1.150362 (0.300000,0.085000,0.765362)
 909: point too far, reposition ball (k_r = 0.799435)
 909: (kick 38.971658 39.442335), vecDesired (-0.640871,0.544876) 0.000000 posDes(-0.640871,0.544876)
(b)r: 0.495601 phi: -2.108 vel: ( -0.583526, 0.503933 ) (910,0) rel: ( 0.495265, -0.0182298 ), (910,0) global: ( -0.620773, 0.536099 ), (910,0), changes: 0.6, 0.1 last seen:(908,0) globalposderived: (870,0)
 910: turnWithBall: freeze ball
 910: direction old: 109.466312, new: 118.459683
(b)r: 0.8 phi: 18 vel: ( -0.707046, 0.563115 ) (910,0) rel: ( 0.760845, 0.247214 ), (910,0) global: ( -0.746282, 0.515931 ), (910,0), changes: 0.832, 25.3 last seen:(910,0) globalposderived: (910,0)
 910: turnWithBall: freeze ball
(b)r: 0.82451 phi: 17.564 vel: ( -0.00578409, 0.0230459 ) (911,0) rel: ( 0.786072, 0.248814 ), (911,0) global: ( -0.752435, 0.540448 ), (911,0), changes: 0.832, 25.3 last seen:(910,0) globalposderived: (910,0)
 911: turnWithBall: turn since ball will be kickable in t+1
 911: direction old: 118.023723, new: 118.459683
(b)r: 0.8 phi: 18 vel: ( -0.00639712, 0.0147318 ) (911,0) rel: ( 0.760845, 0.247214 ), (911,0) global: ( -0.746282, 0.515931 ), (911,0), changes: 0.016, -0.1 last seen:(911,0) globalposderived: (911,0)
 911: turnWithBall: turn since ball will be kickable in t+1
(b)r: 0.816001 phi: 118.159 vel: ( -0.00601329, 0.0138479 ) (912,0) rel: ( -0.385082, 0.719423 ), (912,0) global: ( -0.752679, 0.530663 ), (912,0), changes: 0.016, -0.1 last seen:(911,0) globalposderived: (911,0)
 912: ball (-0.752679,0.530663), agent (-0.365050,-0.187391), to (4.634919,-0.169668) ang 0.203096 0.203096
 912: relpos body (0.816001,118.158548), vel. ball:(-0.006013,0.013848) dist: 1.150362 (0.300000,0.085000,0.765362)
 912: point good and can reach point 46.912640
(b)r: 0.768845 phi: 52.8904 vel: ( 0.798369, -0.097076 ) (913,0) rel: ( 0.463876, 0.613141 ), (913,0) global: ( 0.0966496, 0.42739 ), (913,0), changes: 0.016, -0.1 last seen:(911,0) globalposderived: (911,0)
 913: ball (0.096650,0.427390), agent (-0.365050,-0.187391), to (4.634919,-0.169668) ang 0.203096 0.203096
 913: relpos body (0.768845,52.890439), vel. ball:(0.798369,-0.097076) dist: 1.150362 (0.300000,0.085000,0.765362)
 913: point good and can reach point 1.576389
 913: 2 pos: ball(-0.023502,0.396384), ball_prev(-0.746282,0.515931), agentdiff(-0.069746,0.017350)
 913: direction old: 48.345307, new: 54.015840
(b)r: 0.7 phi: 60 vel: ( 0.798369, -0.097076 ) (913,0) rel: ( 0.35, 0.606218 ), (913,0) global: ( -0.0235025, 0.396384 ), (913,0), changes: 0.016, -0.1 last seen:(913,0) globalposderived: (913,0)
 913: ball (-0.023502,0.396384), agent (-0.434796,-0.170041), to (4.537958,-0.691309) ang -5.984160 -5.984160
 913: relpos body (0.700000,60.000000), vel. ball:(0.798369,-0.097076) dist: 1.150362 (0.300000,0.085000,0.765362)
 913: point good and can reach point 4.240982
(b)r: 0.951717 phi: 39.0947 vel: ( 0.750467, -0.0912514 ) (914,0) rel: ( 0.738632, 0.600156 ), (914,0) global: ( 0.774867, 0.299308 ), (914,0), changes: 0.016, -0.1 last seen:(913,0) globalposderived: (913,0)
 914: ball (0.774867,0.299308), agent (-0.022309,-0.220572), to (4.950445,-0.741840) ang -5.984160 -5.984160
 914: relpos body (0.951717,39.094686), vel. ball:(0.750467,-0.091251) dist: 1.150362 (0.300000,0.085000,0.765362)
 914: point good and can reach point 4.641536
 914: direction old: 33.115815, new: 30.696735
(b)r: 0.9 phi: 37 vel: ( 0.738351, -0.12276 ) (914,0) rel: ( 0.718772, 0.541634 ), (914,0) global: ( 0.75157, 0.238758 ), (914,0), changes: 0.396, -24.6 last seen:(914,0) globalposderived: (914,0)
 914: ball (0.751570,0.238758), agent (-0.022323,-0.220686), to (4.947451,-0.769641) ang -6.303265 -6.303265
 914: relpos body (0.900000,37.000000), vel. ball:(0.738351,-0.122760) dist: 1.150362 (0.300000,0.085000,0.765362)
 914: point good and can reach point 2.777447
(b)r: 1.01846 phi: 28.1719 vel: ( 0.69405, -0.115395 ) (915,0) rel: ( 0.897808, 0.480833 ), (915,0) global: ( 1.48992, 0.115998 ), (915,0), changes: 0.396, -24.6 last seen:(914,0) globalposderived: (914,0)
 915: ball (1.489921,0.115998), agent (0.544749,-0.263357), to (5.514523,-0.812312) ang -6.303265 -6.303265
 915: relpos body (1.018460,28.171860), vel. ball:(0.694050,-0.115395) dist: 1.150362 (0.300000,0.085000,0.765362)
 915: point good and can reach point 4.000253
(b)r: 1.0089 phi: 23.7823 vel: ( 0.652407, -0.108471 ) (916,0) rel: ( 0.923225, 0.406851 ), (916,0) global: ( 2.18397, 0.000603046 ), (916,0), changes: 0.396, -24.6 last seen:(914,0) globalposderived: (914,0)
 916: ball (2.183971,0.000603), agent (1.221658,-0.302426), to (6.191432,-0.851381) ang -6.303265 -6.303265
 916: relpos body (1.008896,23.782327), vel. ball:(0.652407,-0.108471) dist: 1.150362 (0.300000,0.085000,0.765362)
 916: point good and can reach point 5.543534
 916: direction old: 18.763847, new: 14.670388
(b)r: 0.9 phi: 21 vel: ( 0.635608, -0.120983 ) (916,0) rel: ( 0.840222, 0.322531 ), (916,0) global: ( 2.1333, -0.0844621 ), (916,0), changes: 0.27, -12.1 last seen:(916,0) globalposderived: (916,0)
 916: ball (2.133301,-0.084462), agent (1.262642,-0.312394), to (6.232163,-0.863634) ang -6.329612 -6.329612
 916: relpos body (0.900000,21.000000), vel. ball:(0.635608,-0.120983) dist: 1.150362 (0.300000,0.085000,0.765362)
 916: point good and can reach point 5.722825
(b)r: 0.769577 phi: 20.7266 vel: ( 0.597472, -0.113724 ) (917,0) rel: ( 0.71977, 0.27236 ), (917,0) global: ( 2.76891, -0.205445 ), (917,0), changes: 0.27, -12.1 last seen:(916,0) globalposderived: (916,0)
 917: ball (2.768909,-0.205445), agent (2.023500,-0.396792), to (6.993020,-0.948032) ang -6.329612 -6.329612
 917: relpos body (0.769577,20.726583), vel. ball:(0.597472,-0.113724) dist: 1.150362 (0.300000,0.085000,0.765362)
 917: point good and can reach point 7.144780
 917: direction old: 10.517437, new: 11.644997
(b)r: 0.8 phi: 18 vel: ( 0.597997, -0.129523 ) (917,0) rel: ( 0.760845, 0.247214 ), (917,0) global: ( 2.81132, -0.18156 ), (917,0), changes: 0.224, -11.1 last seen:(917,0) globalposderived: (917,0)
 917: ball (2.811320,-0.181560), agent (2.027786,-0.343038), to (6.997062,-0.896480) ang -6.355003 -6.355003
 917: relpos body (0.800000,18.000000), vel. ball:(0.597997,-0.129523) dist: 1.150362 (0.300000,0.085000,0.765362)
 917: point good and can reach point 7.149082
(b)r: 1.19194 phi: 8.82902 vel: ( 0.71125, -0.122676 ) (917,1) rel: ( 1.17782, 0.182946 ), (917,1) global: ( 3.56797, -0.312066 ), (917,1), changes: 0.224, -11.1 last seen:(917,0) globalposderived: (917,0)
(b)r: 0.2 phi: 5.73263 vel: ( 0, 0 ) (917,2) rel: ( 0.199, 0.0199773 ), (917,2) global: ( 3.16401, -0.422628 ), (917,2), changes: 0.224, -11.1 last seen:(917,0) globalposderived: (917,0)
 917: 2 pos: ball(2.818675,-0.009771), ball_prev(2.811320,-0.181560), agentdiff(0.109306,0.102220)
 917: direction old: -49.020454, new: 129.541822
(b)r: 0.4 phi: 136 vel: ( 0, 0 ) (917,2) rel: ( -0.287736, 0.277863 ), (917,2) global: ( 2.81867, -0.00977081 ), (917,2), changes: 0.224, -11.1 last seen:(917,2) globalposderived: (917,2)
 917: ball (2.818675,-0.009771), agent (3.073331,-0.318235), to (8.041603,-0.880625) ang -6.458178 -6.458178
 917: relpos body (0.400000,136.000000), vel. ball:(0.000000,0.000000) dist: 1.150362 (0.300000,0.085000,0.765362)
 917: point good and can reach point 37.682043
(b)r: 0.2 phi: 136 vel: ( 0, 0 ) (917,3) rel: ( -0.143868, 0.138932 ), (917,3) global: ( 2.946, -0.164003 ), (917,3), changes: 0.224, -11.1 last seen:(917,2) globalposderived: (917,2)
 917: ball (2.946003,-0.164003), agent (3.073331,-0.318235), to (8.041603,-0.880625) ang -6.458178 -6.458178
 917: relpos body (0.200000,136.000000), vel. ball:(0.000000,0.000000) dist: 1.150362 (0.300000,0.085000,0.765362)
 917: point good and can reach point 34.857487
 917: 2 pos: ball(2.820893,-0.220400), ball_prev(2.818675,-0.009771), agentdiff(-0.013001,-0.222586)
 917: direction old: 106.877912, new: 126.769359
(b)r: 0.4 phi: 133 vel: ( 0, 0 ) (917,3) rel: ( -0.272799, 0.292541 ), (917,3) global: ( 2.82089, -0.2204 ), (917,3), changes: 0.224, -11.1 last seen:(917,3) globalposderived: (917,3)
 917: ball (2.820893,-0.220400), agent (3.060331,-0.540821), to (8.030796,-1.083476) ang -6.230641 -6.230641
 917: relpos body (0.400000,133.000000), vel. ball:(0.000000,0.000000) dist: 1.150362 (0.300000,0.085000,0.765362)
 917: point good and can reach point 37.488296
(b)r: 0.4 phi: 133 vel: ( 0, 0 ) (917,4) rel: ( -0.272799, 0.292541 ), (917,4) global: ( 2.82089, -0.2204 ), (917,4), changes: 0.224, -11.1 last seen:(917,3) globalposderived: (917,3)
 917: ball (2.820893,-0.220400), agent (3.060331,-0.540821), to (8.030796,-1.083476) ang -6.230641 -6.230641
 917: relpos body (0.400000,133.000000), vel. ball:(0.000000,0.000000) dist: 1.150362 (0.300000,0.085000,0.765362)
 917: point good and can reach point 37.488296
(b)r: 0.4 phi: 133 vel: ( 0, 0 ) (917,5) rel: ( -0.272799, 0.292541 ), (917,5) global: ( 2.82089, -0.2204 ), (917,5), changes: 0.224, -11.1 last seen:(917,3) globalposderived: (917,3)
 917: ball (2.820893,-0.220400), agent (3.060331,-0.540821), to (8.030796,-1.083476) ang -6.230641 -6.230641
 917: relpos body (0.400000,133.000000), vel. ball:(0.000000,0.000000) dist: 1.150362 (0.300000,0.085000,0.765362)
 917: point good and can reach point 37.488296
 917: 2 pos: ball(2.820893,-0.220400), ball_prev(2.820893,-0.220400), agentdiff(0.000000,-0.000000)
 917: direction old: 126.769359, new: 126.769359
(b)r: 0.4 phi: 133 vel: ( 0, 0 ) (917,5) rel: ( -0.272799, 0.292541 ), (917,5) global: ( 2.82089, -0.2204 ), (917,5), changes: 0.224, -11.1 last seen:(917,5) globalposderived: (917,5)
 917: ball (2.820893,-0.220400), agent (3.060331,-0.540821), to (8.030796,-1.083476) ang -6.230641 -6.230641
 917: relpos body (0.400000,133.000000), vel. ball:(0.000000,0.000000) dist: 1.150362 (0.300000,0.085000,0.765362)
 917: point good and can reach point 37.488296
(b)r: 0.4 phi: 133 vel: ( 0, 0 ) (917,6) rel: ( -0.272799, 0.292541 ), (917,6) global: ( 2.82089, -0.2204 ), (917,6), changes: 0.224, -11.1 last seen:(917,5) globalposderived: (917,5)
 917: ball (2.820893,-0.220400), agent (3.060331,-0.540821), to (8.030796,-1.083476) ang -6.230641 -6.230641
 917: relpos body (0.400000,133.000000), vel. ball:(0.000000,0.000000) dist: 1.150362 (0.300000,0.085000,0.765362)
 917: point good and can reach point 37.488296
 917: 2 pos: ball(2.820893,-0.220400), ball_prev(2.820893,-0.220400), agentdiff(0.000000,0.000000)
 917: vel based on 2 pos: (0.000000,0.000000)
 917: direction old: 126.769359, new: 126.769359
(b)r: 0.4 phi: 133 vel: ( 0, 0 ) (917,6) rel: ( -0.272799, 0.292541 ), (917,6) global: ( 2.82089, -0.2204 ), (917,6), changes: 0.224, -11.1 last seen:(917,6) globalposderived: (917,6)
 917: ball (2.820893,-0.220400), agent (3.060331,-0.540821), to (8.030796,-1.083476) ang -6.230641 -6.230641
 917: relpos body (0.400000,133.000000), vel. ball:(0.000000,0.000000) dist: 1.150362 (0.300000,0.085000,0.765362)
 917: point good and can reach point 37.488296
(b)r: 0.4 phi: 133 vel: ( 0, 0 ) (917,7) rel: ( -0.272799, 0.292541 ), (917,7) global: ( 2.82089, -0.2204 ), (917,7), changes: 0.224, -11.1 last seen:(917,6) globalposderived: (917,6)
 917: ball (2.820893,-0.220400), agent (3.060331,-0.540821), to (8.030796,-1.083476) ang -6.230641 -6.230641
 917: relpos body (0.400000,133.000000), vel. ball:(0.000000,0.000000) dist: 1.150362 (0.300000,0.085000,0.765362)
 917: point good and can reach point 37.488296
(b)r: 0.4 phi: 133 vel: ( 0, 0 ) (917,8) rel: ( -0.272799, 0.292541 ), (917,8) global: ( 2.82089, -0.2204 ), (917,8), changes: 0.224, -11.1 last seen:(917,6) globalposderived: (917,6)
 917: ball (2.820893,-0.220400), agent (3.060331,-0.540821), to (8.030796,-1.083476) ang -6.230641 -6.230641
 917: relpos body (0.400000,133.000000), vel. ball:(0.000000,0.000000) dist: 1.150362 (0.300000,0.085000,0.765362)
 917: point good and can reach point 37.488296
 917: 2 pos: ball(2.820893,-0.220400), ball_prev(2.820893,-0.220400), agentdiff(0.000000,0.000000)
 917: direction old: 126.769359, new: 126.769359
(b)r: 0.4 phi: 133 vel: ( 0, 0 ) (917,8) rel: ( -0.272799, 0.292541 ), (917,8) global: ( 2.82089, -0.2204 ), (917,8), changes: 0.224, -11.1 last seen:(917,8) globalposderived: (917,8)
 917: ball (2.820893,-0.220400), agent (3.060331,-0.540821), to (8.030796,-1.083476) ang -6.230641 -6.230641
 917: relpos body (0.400000,133.000000), vel. ball:(0.000000,0.000000) dist: 1.150362 (0.300000,0.085000,0.765362)
 917: point good and can reach point 37.488296
(b)r: 0.4 phi: 133 vel: ( 0, 0 ) (917,9) rel: ( -0.272799, 0.292541 ), (917,9) global: ( 2.82089, -0.2204 ), (917,9), changes: 0.224, -11.1 last seen:(917,8) globalposderived: (917,8)
 917: ball (2.820893,-0.220400), agent (3.060331,-0.540821), to (8.030796,-1.083476) ang -6.230641 -6.230641
 917: relpos body (0.400000,133.000000), vel. ball:(0.000000,0.000000) dist: 1.150362 (0.300000,0.085000,0.765362)
 917: point good and can reach point 37.488296
 917: 2 pos: ball(2.820893,-0.220400), ball_prev(2.820893,-0.220400), agentdiff(0.000000,0.000000)
 917: vel based on 2 pos: (0.000000,0.000000)
 917: direction old: 126.769359, new: 126.769359
(b)r: 0.4 phi: 133 vel: ( 0, 0 ) (917,9) rel: ( -0.272799, 0.292541 ), (917,9) global: ( 2.82089, -0.2204 ), (917,9), changes: 0.224, -11.1 last seen:(917,9) globalposderived: (917,9)
 917: ball (2.820893,-0.220400), agent (3.060331,-0.540821), to (8.030796,-1.083476) ang -6.230641 -6.230641
 917: relpos body (0.400000,133.000000), vel. ball:(0.000000,0.000000) dist: 1.150362 (0.300000,0.085000,0.765362)
 917: point good and can reach point 37.488296
(b)r: 0.4 phi: 133 vel: ( 0, 0 ) (917,10) rel: ( -0.272799, 0.292541 ), (917,10) global: ( 2.82089, -0.2204 ), (917,10), changes: 0.224, -11.1 last seen:(917,9) globalposderived: (917,9)
 917: ball (2.820893,-0.220400), agent (3.060331,-0.540821), to (8.030796,-1.083476) ang -6.230641 -6.230641
 917: relpos body (0.400000,133.000000), vel. ball:(0.000000,0.000000) dist: 1.150362 (0.300000,0.085000,0.765362)
 917: point good and can reach point 37.488296
(b)r: 0.4 phi: 133 vel: ( 0, 0 ) (917,11) rel: ( -0.272799, 0.292541 ), (917,11) global: ( 2.82089, -0.2204 ), (917,11), changes: 0.224, -11.1 last seen:(917,9) globalposderived: (917,9)
 917: ball (2.820893,-0.220400), agent (3.060331,-0.540821), to (8.030796,-1.083476) ang -6.230641 -6.230641
 917: relpos body (0.400000,133.000000), vel. ball:(0.000000,0.000000) dist: 1.150362 (0.300000,0.085000,0.765362)
 917: point good and can reach point 37.488296
 917: 2 pos: ball(2.820893,-0.220400), ball_prev(2.820893,-0.220400), agentdiff(0.000000,0.000000)
 917: direction old: 126.769359, new: 126.769359
(b)r: 0.4 phi: 133 vel: ( 0, 0 ) (917,11) rel: ( -0.272799, 0.292541 ), (917,11) global: ( 2.82089, -0.2204 ), (917,11), changes: 0.224, -11.1 last seen:(917,11) globalposderived: (917,11)
 917: ball (2.820893,-0.220400), agent (3.060331,-0.540821), to (8.030796,-1.083476) ang -6.230641 -6.230641
 917: relpos body (0.400000,133.000000), vel. ball:(0.000000,0.000000) dist: 1.150362 (0.300000,0.085000,0.765362)
 917: point good and can reach point 37.488296
(b)r: 0.4 phi: 133 vel: ( 0, 0 ) (917,12) rel: ( -0.272799, 0.292541 ), (917,12) global: ( 2.82089, -0.2204 ), (917,12), changes: 0.224, -11.1 last seen:(917,11) globalposderived: (917,11)
 917: ball (2.820893,-0.220400), agent (3.060331,-0.540821), to (8.030796,-1.083476) ang -6.230641 -6.230641
 917: relpos body (0.400000,133.000000), vel. ball:(0.000000,0.000000) dist: 1.150362 (0.300000,0.085000,0.765362)
 917: point good and can reach point 37.488296
 917: 2 pos: ball(2.820893,-0.220400), ball_prev(2.820893,-0.220400), agentdiff(0.000000,0.000000)
 917: vel based on 2 pos: (0.000000,0.000000)
 917: direction old: 126.769359, new: 126.769359
(b)r: 0.4 phi: 133 vel: ( 0, 0 ) (917,12) rel: ( -0.272799, 0.292541 ), (917,12) global: ( 2.82089, -0.2204 ), (917,12), changes: 0.224, -11.1 last seen:(917,12) globalposderived: (917,12)
 917: ball (2.820893,-0.220400), agent (3.060331,-0.540821), to (8.030796,-1.083476) ang -6.230641 -6.230641
 917: relpos body (0.400000,133.000000), vel. ball:(0.000000,0.000000) dist: 1.150362 (0.300000,0.085000,0.765362)
 917: point good and can reach point 37.488296
(b)r: 0.4 phi: 133 vel: ( 0, 0 ) (917,13) rel: ( -0.272799, 0.292541 ), (917,13) global: ( 2.82089, -0.2204 ), (917,13), changes: 0.224, -11.1 last seen:(917,12) globalposderived: (917,12)
 917: ball (2.820893,-0.220400), agent (3.060331,-0.540821), to (8.030796,-1.083476) ang -6.230641 -6.230641
 917: relpos body (0.400000,133.000000), vel. ball:(0.000000,0.000000) dist: 1.150362 (0.300000,0.085000,0.765362)
 917: point good and can reach point 37.488296
(b)r: 0.4 phi: 133 vel: ( 0, 0 ) (917,14) rel: ( -0.272799, 0.292541 ), (917,14) global: ( 2.82089, -0.2204 ), (917,14), changes: 0.224, -11.1 last seen:(917,12) globalposderived: (917,12)
 917: ball (2.820893,-0.220400), agent (3.060331,-0.540821), to (8.030796,-1.083476) ang -6.230641 -6.230641
 917: relpos body (0.400000,133.000000), vel. ball:(0.000000,0.000000) dist: 1.150362 (0.300000,0.085000,0.765362)
 917: point good and can reach point 37.488296
 917: 2 pos: ball(2.820893,-0.220400), ball_prev(2.820893,-0.220400), agentdiff(0.000000,0.000000)
 917: direction old: 126.769359, new: 126.769359
(b)r: 0.4 phi: 133 vel: ( 0, 0 ) (917,14) rel: ( -0.272799, 0.292541 ), (917,14) global: ( 2.82089, -0.2204 ), (917,14), changes: 0.224, -11.1 last seen:(917,14) globalposderived: (917,14)
 917: ball (2.820893,-0.220400), agent (3.060331,-0.540821), to (8.030796,-1.083476) ang -6.230641 -6.230641
 917: relpos body (0.400000,133.000000), vel. ball:(0.000000,0.000000) dist: 1.150362 (0.300000,0.085000,0.765362)
 917: point good and can reach point 37.488296
(b)r: 0.4 phi: 133 vel: ( 0, 0 ) (917,15) rel: ( -0.272799, 0.292541 ), (917,15) global: ( 2.82089, -0.2204 ), (917,15), changes: 0.224, -11.1 last seen:(917,14) globalposderived: (917,14)
 917: ball (2.820893,-0.220400), agent (3.060331,-0.540821), to (8.030796,-1.083476) ang -6.230641 -6.230641
 917: relpos body (0.400000,133.000000), vel. ball:(0.000000,0.000000) dist: 1.150362 (0.300000,0.085000,0.765362)
 917: point good and can reach point 37.488296
 917: 2 pos: ball(2.820893,-0.220400), ball_prev(2.820893,-0.220400), agentdiff(0.000000,0.000000)
 917: vel based on 2 pos: (0.000000,0.000000)
 917: direction old: 126.769359, new: 126.769359
(b)r: 0.4 phi: 133 vel: ( 0, 0 ) (917,15) rel: ( -0.272799, 0.292541 ), (917,15) global: ( 2.82089, -0.2204 ), (917,15), changes: 0.224, -11.1 last seen:(917,15) globalposderived: (917,15)
 917: ball (2.820893,-0.220400), agent (3.060331,-0.540821), to (8.030796,-1.083476) ang -6.230641 -6.230641
 917: relpos body (0.400000,133.000000), vel. ball:(0.000000,0.000000) dist: 1.150362 (0.300000,0.085000,0.765362)
 917: point good and can reach point 37.488296
(b)r: 0.4 phi: 133 vel: ( 0, 0 ) (917,16) rel: ( -0.272799, 0.292541 ), (917,16) global: ( 2.82089, -0.2204 ), (917,16), changes: 0.224, -11.1 last seen:(917,15) globalposderived: (917,15)
 917: ball (2.820893,-0.220400), agent (3.060331,-0.540821), to (8.030796,-1.083476) ang -6.230641 -6.230641
 917: relpos body (0.400000,133.000000), vel. ball:(0.000000,0.000000) dist: 1.150362 (0.300000,0.085000,0.765362)
 917: point good and can reach point 37.488296
(b)r: 0.4 phi: 133 vel: ( 0, 0 ) (917,17) rel: ( -0.272799, 0.292541 ), (917,17) global: ( 2.82089, -0.2204 ), (917,17), changes: 0.224, -11.1 last seen:(917,15) globalposderived: (917,15)
 917: ball (2.820893,-0.220400), agent (3.060331,-0.540821), to (8.030796,-1.083476) ang -6.230641 -6.230641
 917: relpos body (0.400000,133.000000), vel. ball:(0.000000,0.000000) dist: 1.150362 (0.300000,0.085000,0.765362)
 917: point good and can reach point 37.488296
 917: 2 pos: ball(2.820893,-0.220400), ball_prev(2.820893,-0.220400), agentdiff(0.000000,0.000000)
 917: direction old: 126.769359, new: 126.769359
(b)r: 0.4 phi: 133 vel: ( 0, 0 ) (917,17) rel: ( -0.272799, 0.292541 ), (917,17) global: ( 2.82089, -0.2204 ), (917,17), changes: 0.224, -11.1 last seen:(917,17) globalposderived: (917,17)
 917: ball (2.820893,-0.220400), agent (3.060331,-0.540821), to (8.030796,-1.083476) ang -6.230641 -6.230641
 917: relpos body (0.400000,133.000000), vel. ball:(0.000000,0.000000) dist: 1.150362 (0.300000,0.085000,0.765362)
 917: point good and can reach point 37.488296
(b)r: 0.4 phi: 133 vel: ( 0, 0 ) (917,18) rel: ( -0.272799, 0.292541 ), (917,18) global: ( 2.82089, -0.2204 ), (917,18), changes: 0.224, -11.1 last seen:(917,17) globalposderived: (917,17)
 917: ball (2.820893,-0.220400), agent (3.060331,-0.540821), to (8.030796,-1.083476) ang -6.230641 -6.230641
 917: relpos body (0.400000,133.000000), vel. ball:(0.000000,0.000000) dist: 1.150362 (0.300000,0.085000,0.765362)
 917: point good and can reach point 37.488296
 917: 2 pos: ball(2.820893,-0.220400), ball_prev(2.820893,-0.220400), agentdiff(0.000000,0.000000)
 917: vel based on 2 pos: (0.000000,0.000000)
 917: direction old: 126.769359, new: 126.769359
(b)r: 0.4 phi: 133 vel: ( 0, 0 ) (917,18) rel: ( -0.272799, 0.292541 ), (917,18) global: ( 2.82089, -0.2204 ), (917,18), changes: 0.224, -11.1 last seen:(917,18) globalposderived: (917,18)
 917: ball (2.820893,-0.220400), agent (3.060331,-0.540821), to (8.030796,-1.083476) ang -6.230641 -6.230641
 917: relpos body (0.400000,133.000000), vel. ball:(0.000000,0.000000) dist: 1.150362 (0.300000,0.085000,0.765362)
 917: point good and can reach point 37.488296
(b)r: 0.4 phi: 133 vel: ( 0, 0 ) (917,19) rel: ( -0.272799, 0.292541 ), (917,19) global: ( 2.82089, -0.2204 ), (917,19), changes: 0.224, -11.1 last seen:(917,18) globalposderived: (917,18)
 917: ball (2.820893,-0.220400), agent (3.060331,-0.540821), to (8.030796,-1.083476) ang -6.230641 -6.230641
 917: relpos body (0.400000,133.000000), vel. ball:(0.000000,0.000000) dist: 1.150362 (0.300000,0.085000,0.765362)
 917: point good and can reach point 37.488296
(b)r: 0.4 phi: 133 vel: ( 0, 0 ) (917,20) rel: ( -0.272799, 0.292541 ), (917,20) global: ( 2.82089, -0.2204 ), (917,20), changes: 0.224, -11.1 last seen:(917,18) globalposderived: (917,18)
 917: ball (2.820893,-0.220400), agent (3.060331,-0.540821), to (8.030796,-1.083476) ang -6.230641 -6.230641
 917: relpos body (0.400000,133.000000), vel. ball:(0.000000,0.000000) dist: 1.150362 (0.300000,0.085000,0.765362)
 917: point good and can reach point 37.488296
 917: 2 pos: ball(2.820893,-0.220400), ball_prev(2.820893,-0.220400), agentdiff(0.000000,0.000000)
 917: direction old: 126.769359, new: 126.769359
(b)r: 0.4 phi: 133 vel: ( 0, 0 ) (917,20) rel: ( -0.272799, 0.292541 ), (917,20) global: ( 2.82089, -0.2204 ), (917,20), changes: 0.224, -11.1 last seen:(917,20) globalposderived: (917,20)
 917: ball (2.820893,-0.220400), agent (3.060331,-0.540821), to (8.030796,-1.083476) ang -6.230641 -6.230641
 917: relpos body (0.400000,133.000000), vel. ball:(0.000000,0.000000) dist: 1.150362 (0.300000,0.085000,0.765362)
 917: point good and can reach point 37.488296
(b)r: 0.4 phi: 133 vel: ( 0, 0 ) (917,21) rel: ( -0.272799, 0.292541 ), (917,21) global: ( 2.82089, -0.2204 ), (917,21), changes: 0.224, -11.1 last seen:(917,20) globalposderived: (917,20)
 917: ball (2.820893,-0.220400), agent (3.060331,-0.540821), to (8.030796,-1.083476) ang -6.230641 -6.230641
 917: relpos body (0.400000,133.000000), vel. ball:(0.000000,0.000000) dist: 1.150362 (0.300000,0.085000,0.765362)
 917: point good and can reach point 37.488296
 917: 2 pos: ball(2.820893,-0.220400), ball_prev(2.820893,-0.220400), agentdiff(0.000000,0.000000)
 917: vel based on 2 pos: (0.000000,0.000000)
 917: direction old: 126.769359, new: 126.769359
(b)r: 0.4 phi: 133 vel: ( 0, 0 ) (917,21) rel: ( -0.272799, 0.292541 ), (917,21) global: ( 2.82089, -0.2204 ), (917,21), changes: 0.224, -11.1 last seen:(917,21) globalposderived: (917,21)
 917: ball (2.820893,-0.220400), agent (3.060331,-0.540821), to (8.030796,-1.083476) ang -6.230641 -6.230641
 917: relpos body (0.400000,133.000000), vel. ball:(0.000000,0.000000) dist: 1.150362 (0.300000,0.085000,0.765362)
 917: point good and can reach point 37.488296
(b)r: 0.4 phi: 133 vel: ( 0, 0 ) (917,22) rel: ( -0.272799, 0.292541 ), (917,22) global: ( 2.82089, -0.2204 ), (917,22), changes: 0.224, -11.1 last seen:(917,21) globalposderived: (917,21)
 917: ball (2.820893,-0.220400), agent (3.060331,-0.540821), to (8.030796,-1.083476) ang -6.230641 -6.230641
 917: relpos body (0.400000,133.000000), vel. ball:(0.000000,0.000000) dist: 1.150362 (0.300000,0.085000,0.765362)
 917: point good and can reach point 37.488296
(b)r: 0.4 phi: 133 vel: ( 0, 0 ) (917,23) rel: ( -0.272799, 0.292541 ), (917,23) global: ( 2.82089, -0.2204 ), (917,23), changes: 0.224, -11.1 last seen:(917,21) globalposderived: (917,21)
 917: ball (2.820893,-0.220400), agent (3.060331,-0.540821), to (8.030796,-1.083476) ang -6.230641 -6.230641
 917: relpos body (0.400000,133.000000), vel. ball:(0.000000,0.000000) dist: 1.150362 (0.300000,0.085000,0.765362)
 917: point good and can reach point 37.488296
 917: 2 pos: ball(2.820893,-0.220400), ball_prev(2.820893,-0.220400), agentdiff(0.000000,0.000000)
 917: direction old: 126.769359, new: 126.769359
(b)r: 0.4 phi: 133 vel: ( 0, 0 ) (917,23) rel: ( -0.272799, 0.292541 ), (917,23) global: ( 2.82089, -0.2204 ), (917,23), changes: 0.224, -11.1 last seen:(917,23) globalposderived: (917,23)
 917: ball (2.820893,-0.220400), agent (3.060331,-0.540821), to (8.030796,-1.083476) ang -6.230641 -6.230641
 917: relpos body (0.400000,133.000000), vel. ball:(0.000000,0.000000) dist: 1.150362 (0.300000,0.085000,0.765362)
 917: point good and can reach point 37.488296
(b)r: 0.4 phi: 133 vel: ( 0, 0 ) (917,24) rel: ( -0.272799, 0.292541 ), (917,24) global: ( 2.82089, -0.2204 ), (917,24), changes: 0.224, -11.1 last seen:(917,23) globalposderived: (917,23)
 917: ball (2.820893,-0.220400), agent (3.060331,-0.540821), to (8.030796,-1.083476) ang -6.230641 -6.230641
 917: relpos body (0.400000,133.000000), vel. ball:(0.000000,0.000000) dist: 1.150362 (0.300000,0.085000,0.765362)
 917: point good and can reach point 37.488296
 917: 2 pos: ball(2.820893,-0.220400), ball_prev(2.820893,-0.220400), agentdiff(0.000000,0.000000)
 917: vel based on 2 pos: (0.000000,0.000000)
 917: direction old: 126.769359, new: 126.769359
(b)r: 0.4 phi: 133 vel: ( 0, 0 ) (917,24) rel: ( -0.272799, 0.292541 ), (917,24) global: ( 2.82089, -0.2204 ), (917,24), changes: 0.224, -11.1 last seen:(917,24) globalposderived: (917,24)
 917: ball (2.820893,-0.220400), agent (3.060331,-0.540821), to (8.030796,-1.083476) ang -6.230641 -6.230641
 917: relpos body (0.400000,133.000000), vel. ball:(0.000000,0.000000) dist: 1.150362 (0.300000,0.085000,0.765362)
 917: point good and can reach point 37.488296
(b)r: 0.4 phi: 133 vel: ( 0, 0 ) (917,25) rel: ( -0.272799, 0.292541 ), (917,25) global: ( 2.82089, -0.2204 ), (917,25), changes: 0.224, -11.1 last seen:(917,24) globalposderived: (917,24)
 917: ball (2.820893,-0.220400), agent (3.060331,-0.540821), to (8.030796,-1.083476) ang -6.230641 -6.230641
 917: relpos body (0.400000,133.000000), vel. ball:(0.000000,0.000000) dist: 1.150362 (0.300000,0.085000,0.765362)
 917: point good and can reach point 37.488296
(b)r: 0.4 phi: 133 vel: ( 0, 0 ) (917,26) rel: ( -0.272799, 0.292541 ), (917,26) global: ( 2.82089, -0.2204 ), (917,26), changes: 0.224, -11.1 last seen:(917,24) globalposderived: (917,24)
 917: ball (2.820893,-0.220400), agent (3.060331,-0.540821), to (8.030796,-1.083476) ang -6.230641 -6.230641
 917: relpos body (0.400000,133.000000), vel. ball:(0.000000,0.000000) dist: 1.150362 (0.300000,0.085000,0.765362)
 917: point good and can reach point 37.488296
 1101: Received coach message: online_coach_left (advice (0 (true) (do our {1} (home (pt -20 -10))) (do our {2} (home (pt -12 26))) (do our {3} (home (pt 0 0))) (do our {4} (home (pt -20 10))) (do our {5} (home (pt 35 -22))) (do our {6} (home (pt 12 15))) (do our {7} (home (pt -12 -26))) (do our {8} (home (pt 20 0))) (do our {9} (home (pt 0 0))) (do our {10} (home (pt 35 22))) (do our {11} (home (pt 12 -15))))))
 1101: new home position for player 0: -20 -10
 1101: new home position for player 1: -12 26
 1101: new home position for player 2: 0 0
 1101: new home position for player 3: -20 10
 1101: new home position for player 4: 35 -22
 1101: new home position for player 5: 12 15
 1101: new home position for player 6: -12 -26
 1101: new home position for player 7: 20 0
 1101: new home position for player 8: 0 0
 1101: new home position for player 9: 35 22
 1101: new home position for player 10: 12 -15
(b)r: 1.78659 phi: -113.254 vel: ( -0.094, -0.094 ) (1127,0) rel: ( -0.705361, -1.64146 ), (1127,0) global: ( -0.1, -2.1 ), (1127,0), changes: 0, 0.1 last seen:(1127,0) globalposderived: (1006,0)
(b)r: 1.81722 phi: -117.368 vel: ( -0.08836, -0.08836 ) (1130,0) rel: ( -0.835393, -1.61382 ), (1130,0) global: ( -0.194, -2.194 ), (1130,0), changes: 0, 0.1 last seen:(1127,0) globalposderived: (1006,0)
(b)r: 1.29591 phi: -61.5052 vel: ( 0.70688, -1.67884 ) (1238,0) rel: ( 0.61825, -1.13892 ), (1238,0) global: ( -4.448, 1.314 ), (1238,0), changes: 0, 0.1 last seen:(1235,0) globalposderived: (1006,0)
 1238: direction old: 124.100194, new: 126.549970
(b)r: 0.600855 phi: -42.8887 vel: ( 0.664467, -1.57811 ) (1239,0) rel: ( 0.440233, -0.408927 ), (1239,0) global: ( -4.50159, 0.56776 ), (1239,0), changes: 0, 0.1 last seen:(1238,0) globalposderived: (1238,0)
 1239: turnWithBall: freeze ball
(b)r: 0.495243 phi: -52.5178 vel: ( -0.0105499, -0.0261571 ) (1240,0) rel: ( 0.301363, -0.392997 ), (1240,0) global: ( -4.51281, 0.539933 ), (1240,0), changes: 0, 0.1 last seen:(1238,0) globalposderived: (1238,0)
 1240: turnWithBall: turn since ball will be kickable in t+1
 1240: direction old: 119.235415, new: 143.514168
(b)r: 0.9 phi: -42 vel: ( -0.224977, 0.0197496 ) (1240,0) rel: ( 0.66883, -0.602218 ), (1240,0) global: ( -4.96041, 0.581956 ), (1240,0), changes: 0.144, 4.3 last seen:(1240,0) globalposderived: (1240,0)
 1240: turnWithBall: freeze ball
(b)r: 0.869688 phi: -44.4809 vel: ( -0.0160771, -0.000201613 ) (1241,0) rel: ( 0.620508, -0.609366 ), (1241,0) global: ( -4.97751, 0.581742 ), (1241,0), changes: 0.144, 4.3 last seen:(1240,0) globalposderived: (1240,0)
 1241: turnWithBall: turn since ball will be kickable in t+1
 1241: direction old: 141.009539, new: 141.565433
(b)r: 0.8 phi: -44 vel: ( -0.0108827, -0.00779064 ) (1241,0) rel: ( 0.575472, -0.555727 ), (1241,0) global: ( -4.92787, 0.531571 ), (1241,0), changes: -0.016, -0.7 last seen:(1241,0) globalposderived: (1241,0)
 1241: turnWithBall: turn since ball will be kickable in t+1
(b)r: 0.77323 phi: 174.157 vel: ( -0.0102297, -0.0073232 ) (1242,0) rel: ( -0.769213, 0.0787126 ), (1242,0) global: ( -4.93876, 0.52378 ), (1242,0), changes: -0.016, -0.7 last seen:(1241,0) globalposderived: (1241,0)
 1242: turnWithBall: turn since ball will be kickable in t+1
(b)r: 0.760821 phi: 140.219 vel: ( -0.00961592, -0.00688381 ) (1243,0) rel: ( -0.584687, 0.486815 ), (1243,0) global: ( -4.94899, 0.516457 ), (1243,0), changes: -0.016, -0.7 last seen:(1241,0) globalposderived: (1241,0)
 1243: ball (-4.948985,0.516457), agent (-4.366429,0.027094), to (0.633524,0.005269) ang -0.250107 -0.250107
 1243: relpos body (0.760821,140.218978), vel. ball:(-0.009616,-0.006884) dist: 1.150362 (0.300000,0.085000,0.765362)
 1243: point good and can reach point 47.841557
 1243: 2 pos: ball(-4.939478,0.614078), ball_prev(-4.927873,0.531571), agentdiff(0.047655,0.082279)
 1243: direction old: 147.139683, new: 140.884869
(b)r: 0.8 phi: 135 vel: ( -0.00961592, -0.00688381 ) (1243,0) rel: ( -0.565685, 0.565685 ), (1243,0) global: ( -4.93948, 0.614078 ), (1243,0), changes: -0.016, -0.7 last seen:(1243,0) globalposderived: (1243,0)
 1243: ball (-4.939478,0.614078), agent (-4.318774,0.109374), to (0.654876,0.622023) ang 5.884869 5.884869
 1243: relpos body (0.800000,135.000000), vel. ball:(-0.009616,-0.006884) dist: 1.150362 (0.300000,0.085000,0.765362)
 1243: point good and can reach point 48.270403
(b)r: 0.567852 phi: 58.3434 vel: ( 0.815542, 0.00626496 ) (1244,0) rel: ( 0.298023, 0.48336 ), (1244,0) global: ( -4.07188, 0.620743 ), (1244,0), changes: -0.016, -0.7 last seen:(1243,0) globalposderived: (1243,0)
 1244: ball (-4.071880,0.620743), agent (-4.318774,0.109374), to (0.654876,0.622023) ang 5.884869 5.884869
 1244: relpos body (0.567852,58.343439), vel. ball:(0.815542,0.006265) dist: 1.150362 (0.300000,0.085000,0.765362)
 1244: point good and can reach point 0.330242
 1244: 2 pos: ball(-4.196838,0.594278), ball_prev(-4.939478,0.614078), agentdiff(-0.000000,-0.000000)
 1244: vel based on 2 pos: (0.698081,-0.018613)
 1244: direction old: 64.228309, new: 75.884869
(b)r: 0.5 phi: 70 vel: ( 0.698081, -0.0186127 ) (1244,0) rel: ( 0.17101, 0.469846 ), (1244,0) global: ( -4.19684, 0.594278 ), (1244,0), changes: -0.016, -0.7 last seen:(1244,0) globalposderived: (1244,0)
 1244: ball (-4.196838,0.594278), agent (-4.318774,0.109374), to (0.654876,0.622023) ang 5.884869 5.884869
 1244: relpos body (0.500000,70.000000), vel. ball:(0.698081,-0.018613) dist: 1.150362 (0.300000,0.085000,0.765362)
 1244: point good and can reach point 5.323461
(b)r: 0.5609 phi: 40.5289 vel: ( 0.656196, -0.0174959 ) (1245,0) rel: ( 0.426328, 0.364491 ), (1245,0) global: ( -3.49876, 0.575665 ), (1245,0), changes: -0.016, -0.7 last seen:(1244,0) globalposderived: (1244,0)
 1245: ball (-3.498757,0.575665), agent (-3.885467,0.169384), to (1.088183,0.682033) ang 5.884869 5.884869
 1245: relpos body (0.560900,40.528944), vel. ball:(0.656196,-0.017496) dist: 1.150362 (0.300000,0.085000,0.765362)
 1245: point good and can reach point 5.013456
(b)r: 0.91944 phi: 22.5221 vel: ( 0.616824, -0.0164462 ) (1246,0) rel: ( 0.849316, 0.352183 ), (1246,0) global: ( -2.84256, 0.558169 ), (1246,0), changes: -0.016, -0.7 last seen:(1244,0) globalposderived: (1244,0)
 1246: ball (-2.842561,0.558169), agent (-3.692200,0.206767), to (1.307798,0.202174) ang -0.052623 -0.052623
 1246: relpos body (0.919440,22.522128), vel. ball:(0.616824,-0.016446) dist: 1.150362 (0.300000,0.085000,0.765362)
 1246: point good and can reach point 7.427571
 1246: direction old: 8.108348, new: 22.426117
(b)r: 1 phi: 23 vel: ( 0.63037, -0.01764 ) (1246,0) rel: ( 0.920505, 0.390731 ), (1246,0) global: ( -2.72783, 0.824312 ), (1246,0), changes: 0.5, -14 last seen:(1246,0) globalposderived: (1246,0)
 1246: ball (-2.727826,0.824312), agent (-3.652198,0.442820), to (1.347551,0.392740) ang -0.573883 -0.573883
 1246: relpos body (1.000000,23.000000), vel. ball:(0.630370,-0.017640) dist: 1.150362 (0.300000,0.085000,0.765362)
 1246: point good and can reach point 7.263909
(b)r: 1.62622 phi: 10.8185 vel: ( 0.716499, -0.0732623 ) (1247,0) rel: ( 1.59732, 0.305239 ), (1247,0) global: ( -1.96559, 0.746373 ), (1247,0), changes: 0.5, -14 last seen:(1246,0) globalposderived: (1246,0)
 1247: direction old: 13.903412, new: 10.603175
(b)r: 1.6 phi: 11 vel: ( 0.69502, -0.0747989 ) (1247,0) rel: ( 1.5706, 0.305294 ), (1247,0) global: ( -1.95919, 0.653068 ), (1247,0), changes: 0.608, -7.1 last seen:(1247,0) globalposderived: (1247,0)
 1251: Received coach message: online_coach_left (advice (0 (true) (do our {1} (home (pt -20 -10))) (do our {2} (home (pt -12 26))) (do our {3} (home (pt 0 0))) (do our {4} (home (pt -20 10))) (do our {5} (home (pt 35 -22))) (do our {6} (home (pt 0 0))) (do our {7} (home (pt 20 0))) (do our {8} (home (pt -12 -26))) (do our {9} (home (pt 35 22))) (do our {10} (home (pt 12 15))) (do our {11} (home (pt 12 -15))))))
 1251: new home position for player 0: -20 -10
 1251: new home position for player 1: -12 26
 1251: new home position for player 2: 0 0
 1251: new home position for player 3: -20 10
 1251: new home position for player 4: 35 -22
 1251: new home position for player 5: 0 0
 1251: new home position for player 6: 20 0
 1251: new home position for player 7: -12 -26
 1251: new home position for player 8: 35 22
 1251: new home position for player 9: 12 15
 1251: new home position for player 10: 12 -15
(b)r: 1.45927 phi: 22.0467 vel: ( 0, 0 ) (1459,0) rel: ( 1.35257, 0.547756 ), (1459,0) global: ( 0, 0 ), (1459,0), changes: 0, -1 last seen:(1459,0) globalposderived: (1342,0)
(b)r: 1.45927 phi: 22.0467 vel: ( 0, 0 ) (1459,0) rel: ( 1.35257, 0.547756 ), (1459,0) global: ( 0, 0 ), (1459,0), changes: 0, -1 last seen:(1459,0) globalposderived: (1459,0)
(b)r: 1.45927 phi: 22.0467 vel: ( 0, 0 ) (1459,1) rel: ( 1.35257, 0.547756 ), (1459,1) global: ( 0, 0 ), (1459,1), changes: 0, -1 last seen:(1459,0) globalposderived: (1459,0)
(b)r: 1.8 phi: 107 vel: ( 0, 0 ) (1460,0) rel: ( -0.526269, 1.72135 ), (1460,0) global: ( 0, 0 ), (1460,0), changes: 0, -1 last seen:(1460,0) globalposderived: (1460,0)
(b)r: 1.8 phi: -9 vel: ( 0, 0 ) (1461,0) rel: ( 1.77784, -0.281582 ), (1461,0) global: ( 0, 0 ), (1461,0), changes: 0, 0 last seen:(1461,0) globalposderived: (1461,0)
(b)r: 1.40087 phi: -4.46085 vel: ( 0, 0 ) (1462,0) rel: ( 1.39662, -0.108957 ), (1462,0) global: ( 0, 0 ), (1462,0), changes: 0, 0 last seen:(1461,0) globalposderived: (1461,0)
(b)r: 0.992679 phi: -6.24071 vel: ( 0, 0 ) (1463,0) rel: ( 0.986796, -0.10791 ), (1463,0) global: ( 0, 0 ), (1463,0), changes: 0, 0 last seen:(1461,0) globalposderived: (1461,0)
 1463: ball (0.000000,0.000000), agent (-0.991152,-0.055043), to (-2.000000,15.000000) ang 9.419340 9.419340
 1463: relpos body (0.992679,-6.240711), vel. ball:(0.000000,0.000000) dist: 1.150362 (0.300000,0.085000,0.765362)
 1463: point good, but reposition ball since need 122.463171
 1463: (kick 23.868117 167.767249), vecDesired (-0.510320,0.025079) 0.000000 posDes(-0.510320,0.025079)
(b)r: 1.2 phi: -24 vel: ( 0, 0 ) (1463,0) rel: ( 1.09625, -0.488084 ), (1463,0) global: ( 0, 0 ), (1463,0), changes: 0.024, 0.3 last seen:(1463,0) globalposderived: (1463,0)
(b)r: 1.23788 phi: -0.231493 vel: ( 0, 0 ) (1464,0) rel: ( 1.23787, -0.00500142 ), (1464,0) global: ( 0, 0 ), (1464,0), changes: 0.024, 0.3 last seen:(1463,0) globalposderived: (1463,0)
(b)r: 1.2 phi: -11 vel: ( 0, 0 ) (1464,0) rel: ( 1.17795, -0.228971 ), (1464,0) global: ( 0, 0 ), (1464,0), changes: 0, 0.2 last seen:(1464,0) globalposderived: (1464,0)
(b)r: 0.80022 phi: -7.6867 vel: ( 0, 0 ) (1465,0) rel: ( 0.793029, -0.107034 ), (1465,0) global: ( 0, 0 ), (1465,0), changes: 0, 0.2 last seen:(1464,0) globalposderived: (1464,0)
 1465: ball (0.000000,0.000000), agent (-0.784169,0.159469), to (-2.000000,15.000000) ang -3.808227 -3.808227
 1465: relpos body (0.800220,-7.686700), vel. ball:(0.000000,0.000000) dist: 1.150362 (0.300000,0.085000,0.765362)
 1465: point good, but reposition ball since need 113.733195
 1465: (kick 5.715262 130.578970), vecDesired (-0.078859,0.105525) 0.000000 posDes(-0.078859,0.105525)
(b)r: 0.522355 phi: -1.30305 vel: ( -0.0639701, 0.0874304 ) (1466,0) rel: ( 0.52222, -0.0118786 ), (1466,0) global: ( -0.0680533, 0.093011 ), (1466,0), changes: 0, 0.2 last seen:(1464,0) globalposderived: (1464,0)
 1466: ball (-0.068053,0.093011), agent (-0.588331,0.139548), to (4.400629,-0.192538) ang -3.808227 -3.808227
 1466: relpos body (0.522355,-1.303051), vel. ball:(-0.063970,0.087430) dist: 1.150362 (0.300000,0.085000,0.765362)
 1466: point good and can reach point 32.811402
 1466: direction old: -17.917075, new: -17.266668
(b)r: 0.5 phi: -13 vel: ( -0.0397905, 0.0796991 ) (1466,0) rel: ( 0.487185, -0.112476 ), (1466,0) global: ( -0.154399, 0.126893 ), (1466,0), changes: -0.15, 5.4 last seen:(1466,0) globalposderived: (1466,0)
 1466: ball (-0.154399,0.126893), agent (-0.631865,0.275303), to (4.354277,-0.096690) ang -4.266668 -4.266668
 1466: relpos body (0.500000,-13.000000), vel. ball:(-0.039791,0.079699) dist: 1.150362 (0.300000,0.085000,0.765362)
 1466: point good and can reach point 32.096913
(b)r: 1.17155 phi: -4.39716 vel: ( 0.721616, -0.0353608 ) (1467,0) rel: ( 1.1681, -0.0898218 ), (1467,0) global: ( 0.613278, 0.0892754 ), (1467,0), changes: -0.15, 5.4 last seen:(1466,0) globalposderived: (1466,0)
 1467: direction old: -5.383445, new: -7.807677
(b)r: 1.2 phi: -4 vel: ( 0.718996, -0.0259246 ) (1467,0) rel: ( 1.19708, -0.0837078 ), (1467,0) global: ( 0.601559, 0.039397 ), (1467,0), changes: 0.672, 3.8 last seen:(1467,0) globalposderived: (1467,0)
(b)r: 1.87364 phi: -1.72794 vel: ( 0.675856, -0.0243692 ) (1468,0) rel: ( 1.87279, -0.0564973 ), (1468,0) global: ( 1.32055, 0.0134724 ), (1468,0), changes: 0.672, 3.8 last seen:(1467,0) globalposderived: (1467,0)
 1469: direction old: -3.460842, new: -3.475020
 1470: direction old: -6.577596, new: -4.362000
 1475: direction old: -5.000083, new: -8.246028
 1476: direction old: -6.268613, new: -13.180671
 1478: direction old: -19.408411, new: -13.042708
(b)r: 1.6 phi: -9 vel: ( 0, 0 ) (1478,0) rel: ( 1.5803, -0.250295 ), (1478,0) global: ( 5.08618, -0.369315 ), (1478,0), changes: 0, 1 last seen:(1478,0) globalposderived: (1478,0)
(b)r: 1.6 phi: 1.01642 vel: ( 0, 0 ) (1479,0) rel: ( 1.59975, 0.0283822 ), (1479,0) global: ( 5.08618, -0.369315 ), (1479,0), changes: 0, 1 last seen:(1478,0) globalposderived: (1478,0)
 1479: 2 pos: ball(4.423501,2.164856), ball_prev(5.086184,-0.369315), agentdiff(-0.085920,0.204393)
 1479: vel based on 2 pos: (-0.542157,2.189990)
 1479: direction old: -18.974489, new: 63.490535
 1551: Received coach message: online_coach_left (advice (0 (true) (do our {1} (home (pt -20 -10))) (do our {2} (home (pt -12 26))) (do our {3} (home (pt 0 0))) (do our {4} (home (pt -20 10))) (do our {5} (home (pt 35 -22))) (do our {6} (home (pt 12 15))) (do our {7} (home (pt 20 0))) (do our {8} (home (pt -12 -26))) (do our {9} (home (pt 0 0))) (do our {10} (home (pt 35 22))) (do our {11} (home (pt 12 -15))))))
 1551: new home position for player 0: -20 -10
 1551: new home position for player 1: -12 26
 1551: new home position for player 2: 0 0
 1551: new home position for player 3: -20 10
 1551: new home position for player 4: 35 -22
 1551: new home position for player 5: 12 15
 1551: new home position for player 6: 20 0
 1551: new home position for player 7: -12 -26
 1551: new home position for player 8: 0 0
 1551: new home position for player 9: 35 22
 1551: new home position for player 10: 12 -15
 1649: direction old: 116.549217, new: 117.100869
(b)r: 1.50421 phi: -114.973 vel: ( 1.2701, -0.878747 ) (1650,0) rel: ( -0.635057, -1.36358 ), (1650,0) global: ( -0.962402, 2.1855 ), (1650,0), changes: -1.968, -1.4 last seen:(1649,0) globalposderived: (1649,0)
 1650: 2 pos: ball(-1.003979,2.287135), ball_prev(-2.313571,3.120333), agentdiff(-0.000037,0.000149)
 1650: vel based on 2 pos: (1.231052,-0.783346)
 1650: direction old: 82.125948, new: 84.099781
(b)r: 1.6 phi: -113 vel: ( 1.23105, -0.783346 ) (1650,0) rel: ( -0.62517, -1.47281 ), (1650,0) global: ( -1.00398, 2.28714 ), (1650,0), changes: -1.968, -1.4 last seen:(1650,0) globalposderived: (1650,0)
(b)r: 1.65432 phi: -167.491 vel: ( 1.15719, -0.736345 ) (1651,0) rel: ( -1.61505, -0.358303 ), (1651,0) global: ( 0.227073, 1.50379 ), (1651,0), changes: -1.968, -1.4 last seen:(1650,0) globalposderived: (1650,0)
 1652: 2 pos: ball(1.241389,0.799431), ball_prev(-1.003979,2.287135), agentdiff(-0.025477,0.066479)
 1652: direction old: 0.414313, new: 1.171077
 1655: direction old: -20.734017, new: -10.275868
(b)r: 0.9 phi: -4 vel: ( -1.87634, 0.103599 ) (1655,0) rel: ( 0.897808, -0.0627808 ), (1655,0) global: ( 0.59737, 0.358298 ), (1655,0), changes: -2.142, -17.3 last seen:(1655,0) globalposderived: (1655,0)
 1655: ball (0.597370,0.358298), agent (-0.288194,0.518847), to (4.681841,-0.027731) ang -6.275868 -6.275868
 1655: relpos body (0.900000,-4.000000), vel. ball:(-1.876340,0.103599) dist: 1.150362 (0.300000,0.085000,0.765362)
 1655: point good, but reposition ball since need 118.783110
 1655: (kick 79.567669 5.964637), vecDesired (-0.101368,0.093957) 0.000000 posDes(0.496002,0.452255)
(b)r: 0.495078 phi: -4.18166 vel: ( -0.107576, 0.0604965 ) (1656,0) rel: ( 0.49376, -0.0361005 ), (1656,0) global: ( 0.482927, 0.422656 ), (1656,0), changes: -2.142, -17.3 last seen:(1655,0) globalposderived: (1655,0)
 1656: ball (0.482927,0.422656), agent (-0.003927,0.512516), to (4.966108,-0.034063) ang -6.275868 -6.275868
 1656: relpos body (0.495078,-4.181656), vel. ball:(-0.107576,0.060497) dist: 1.150362 (0.300000,0.085000,0.765362)
 1656: point good and can reach point 34.228113
 1656: direction old: -37.038621, new: -18.536549
(b)r: 0.5 phi: -12 vel: ( -0.0952304, -0.0144997 ) (1656,0) rel: ( 0.489074, -0.103956 ), (1656,0) global: ( 0.487833, 0.617731 ), (1656,0), changes: -0.21, -9.4 last seen:(1656,0) globalposderived: (1656,0)
 1656: ball (0.487833,0.617731), agent (0.013772,0.776685), to (4.981270,0.207501) ang -6.536549 -6.536549
 1656: relpos body (0.500000,-12.000000), vel. ball:(-0.095230,-0.014500) dist: 1.150362 (0.300000,0.085000,0.765362)
 1656: point good and can reach point 33.868678
(b)r: 1.11357 phi: -5.85056 vel: ( 0.700121, -0.0762825 ) (1657,0) rel: ( 1.10777, -0.11351 ), (1657,0) global: ( 1.23264, 0.536579 ), (1657,0), changes: -0.21, -9.4 last seen:(1656,0) globalposderived: (1656,0)
(b)r: 1.75158 phi: -3.96089 vel: ( 0.658114, -0.0717055 ) (1658,0) rel: ( 1.7474, -0.120992 ), (1658,0) global: ( 1.93276, 0.460297 ), (1658,0), changes: -0.21, -9.4 last seen:(1656,0) globalposderived: (1656,0)
 1658: direction old: -5.191015, new: -12.278757
(b)r: 1.8 phi: -6 vel: ( 0.664622, -0.0853653 ) (1658,0) rel: ( 1.79014, -0.188151 ), (1658,0) global: ( 2.05423, 0.226247 ), (1658,0), changes: 0.648, 1.2 last seen:(1658,0) globalposderived: (1658,0)
 1661: direction old: -12.525101, new: -27.268917
(b)r: 0.4 phi: -21 vel: ( 0.182761, -0.0396007 ) (1661,0) rel: ( 0.373432, -0.143347 ), (1661,0) global: ( 1.80221, 0.357651 ), (1661,0), changes: 0.208, 8.7 last seen:(1661,0) globalposderived: (1661,0)
 1661: ball (1.802207,0.357651), agent (1.446660,0.540918), to (6.416762,-0.005057) ang -6.268917 -6.268917
 1661: relpos body (0.400000,-21.000000), vel. ball:(0.182761,-0.039601) dist: 1.150362 (0.300000,0.085000,0.765362)
 1661: point good and can reach point 24.365142
(b)r: 1.21142 phi: -5.58733 vel: ( 0.759703, -0.060518 ) (1662,0) rel: ( 1.20567, -0.117947 ), (1662,0) global: ( 2.6104, 0.293271 ), (1662,0), changes: 0.208, 8.7 last seen:(1661,0) globalposderived: (1661,0)
 1662: direction old: -19.773819, new: -12.471340
(b)r: 1.2 phi: -6 vel: ( 0.760203, -0.0658471 ) (1662,0) rel: ( 1.19343, -0.125434 ), (1662,0) global: ( 2.49883, 0.495468 ), (1662,0), changes: 0.768, 4.6 last seen:(1662,0) globalposderived: (1662,0)
(b)r: 1.98069 phi: -2.98884 vel: ( 0.714591, -0.0618963 ) (1663,0) rel: ( 1.978, -0.103276 ), (1663,0) global: ( 3.25903, 0.429621 ), (1663,0), changes: 0.768, 4.6 last seen:(1662,0) globalposderived: (1662,0)
 1667: 2 pos: ball(1.847138,0.755967), ball_prev(5.128066,0.105444), agentdiff(-0.175202,-0.172956)
 1667: direction old: -4.253448, new: 159.788898
(b)r: 1.3 phi: 166 vel: ( 0.239422, 0.00410902 ) (1667,0) rel: ( -1.26138, 0.314498 ), (1667,0) global: ( 1.84714, 0.755967 ), (1667,0), changes: 0.066, 0.7 last seen:(1667,0) globalposderived: (1667,0)
(b)r: 1.09309 phi: 160.471 vel: ( 0.225057, 0.00386248 ) (1668,0) rel: ( -1.03021, 0.365403 ), (1668,0) global: ( 2.08656, 0.760076 ), (1668,0), changes: 0.066, 0.7 last seen:(1667,0) globalposderived: (1667,0)
 1668: kick results in collision, change velDes from (0.860188,-0.146706)
 1668: ball (2.086560,0.760076), agent (3.071186,0.285358), to (8.041836,-0.255602) ang -6.211102 -6.211102
 1668: relpos body (1.093090,160.470953), vel. ball:(0.225057,0.003862) dist: 1.150362 (0.300000,0.085000,0.765362)
 1668: point good and can reach point 30.274318
 1668: 2 pos: ball(0.492690,1.085966), ball_prev(1.847138,0.755967), agentdiff(0.000079,0.000015)
 1668: vel based on 2 pos: (-1.273256,0.310184)
 1668: direction old: 154.262371, new: 162.751542
 1851: Received coach message: online_coach_left (advice (0 (true) (do our {1} (home (pt -20 -10))) (do our {2} (home (pt -12 26))) (do our {3} (home (pt 0 0))) (do our {4} (home (pt -20 10))) (do our {5} (home (pt 35 -22))) (do our {6} (home (pt 20 0))) (do our {7} (home (pt 0 0))) (do our {8} (home (pt -12 -26))) (do our {9} (home (pt 35 22))) (do our {10} (home (pt 12 15))) (do our {11} (home (pt 12 -15))))))
 1851: new home position for player 0: -20 -10
 1851: new home position for player 1: -12 26
 1851: new home position for player 2: 0 0
 1851: new home position for player 3: -20 10
 1851: new home position for player 4: 35 -22
 1851: new home position for player 5: 20 0
 1851: new home position for player 6: 0 0
 1851: new home position for player 7: -12 -26
 1851: new home position for player 8: 35 22
 1851: new home position for player 9: 12 15
 1851: new home position for player 10: 12 -15
 2151: Received coach message: online_coach_left (advice (0 (true) (do our {1} (home (pt -20 -10))) (do our {2} (home (pt -12 26))) (do our {3} (home (pt 0 0))) (do our {4} (home (pt -20 10))) (do our {5} (home (pt 12 -15))) (do our {6} (home (pt 0 0))) (do our {7} (home (pt 20 0))) (do our {8} (home (pt -12 -26))) (do our {9} (home (pt 12 15))) (do our {10} (home (pt 35 22))) (do our {11} (home (pt 35 -22))))))
 2151: new home position for player 0: -20 -10
 2151: new home position for player 1: -12 26
 2151: new home position for player 2: 0 0
 2151: new home position for player 3: -20 10
 2151: new home position for player 4: 12 -15
 2151: new home position for player 5: 0 0
 2151: new home position for player 6: 20 0
 2151: new home position for player 7: -12 -26
 2151: new home position for player 8: 12 15
 2151: new home position for player 9: 35 22
 2151: new home position for player 10: 35 -22
 2207: direction old: -164.213635, new: -156.326614
(b)r: 1.65585 phi: -100.433 vel: ( 0.581409, 0.747526 ) (2208,0) rel: ( -0.299862, -1.62847 ), (2208,0) global: ( -1.61238, 17.301 ), (2208,0), changes: -0.5, -4.2 last seen:(2207,0) globalposderived: (2207,0)
 2208: 2 pos: ball(-1.754437,17.240722), ball_prev(-2.230896,16.505728), agentdiff(-0.198834,-0.056386)
 2208: vel based on 2 pos: (0.634776,0.743897)
 2208: direction old: 161.169190, new: 164.855681
(b)r: 1.6 phi: -101 vel: ( 0, 0 ) (2208,0) rel: ( -0.305294, -1.5706 ), (2208,0) global: ( -1.75444, 17.2407 ), (2208,0), changes: -0.5, -4.2 last seen:(2208,0) globalposderived: (2208,0)
(b)r: 1.66141 phi: -109.977 vel: ( 0, 0 ) (2209,0) rel: ( -0.5676, -1.56144 ), (2209,0) global: ( -1.75444, 17.2407 ), (2209,0), changes: -0.5, -4.2 last seen:(2208,0) globalposderived: (2208,0)
(b)r: 1.70648 phi: -114.172 vel: ( 0, 0 ) (2210,0) rel: ( -0.698753, -1.55686 ), (2210,0) global: ( -1.75444, 17.2407 ), (2210,0), changes: -0.5, -4.2 last seen:(2208,0) globalposderived: (2208,0)
 2210: 2 pos: ball(-1.541505,17.739975), ball_prev(-1.754437,17.240722), agentdiff(0.521406,0.059245)
 2210: direction old: 159.660067, new: 145.393987
 2211: 2 pos: ball(-1.871728,17.811072), ball_prev(-1.541505,17.739975), agentdiff(-0.049564,-0.018322)
 2211: vel based on 2 pos: (-0.263819,0.084054)
 2211: direction old: 143.215941, new: 146.444472
 2213: 2 pos: ball(-1.276613,17.855574), ball_prev(-1.871728,17.811072), agentdiff(-0.287428,-0.133295)
 2213: direction old: 138.968016, new: 126.721066
(b)r: 2 phi: -139 vel: ( 0, 0 ) (2214,0) rel: ( -1.50942, -1.31212 ), (2214,0) global: ( -1.27661, 17.8556 ), (2214,0), changes: -0.5, -4.2 last seen:(2213,0) globalposderived: (2213,0)
 2214: 2 pos: ball(-1.080044,17.749612), ball_prev(-1.276613,17.855574), agentdiff(0.000000,0.000000)
 2214: vel based on 2 pos: (0.184775,-0.099604)
 2214: direction old: 126.721066, new: 123.721066
(b)r: 1.8 phi: -142 vel: ( 0, 0 ) (2214,0) rel: ( -1.41842, -1.10819 ), (2214,0) global: ( -1.08004, 17.7496 ), (2214,0), changes: -0.5, -4.2 last seen:(2214,0) globalposderived: (2214,0)
(b)r: 1.8 phi: -142 vel: ( 0, 0 ) (2215,0) rel: ( -1.41842, -1.10819 ), (2215,0) global: ( -1.08004, 17.7496 ), (2215,0), changes: -0.5, -4.2 last seen:(2214,0) globalposderived: (2214,0)
(b)r: 1.8 phi: -142 vel: ( 0, 0 ) (2216,0) rel: ( -1.41842, -1.10819 ), (2216,0) global: ( -1.08004, 17.7496 ), (2216,0), changes: -0.5, -4.2 last seen:(2214,0) globalposderived: (2214,0)
 2216: 2 pos: ball(-0.622682,18.177647), ball_prev(-1.080044,17.749612), agentdiff(0.000000,0.000000)
 2216: direction old: 123.721066, new: 105.721066
(b)r: 2 phi: -160 vel: ( 0, 0 ) (2216,0) rel: ( -1.87939, -0.68404 ), (2216,0) global: ( -0.622682, 18.1776 ), (2216,0), changes: -0.5, -4.2 last seen:(2216,0) globalposderived: (2216,0)
 2217: direction old: 116.063864, new: 68.601063
 2258: direction old: -2.866589, new: -1.774680
 2259: 2 pos: ball(21.824934,19.905001), ball_prev(21.768043,19.929352), agentdiff(-0.243277,-0.011829)
 2259: vel based on 2 pos: (0.282159,-0.011771)
 2259: direction old: -9.825170, new: -10.724038
 2261: 2 pos: ball(22.158381,19.942964), ball_prev(21.824934,19.905001), agentdiff(0.247118,0.025836)
 2261: direction old: -41.782774, new: -44.878745
(b)r: 1.8 phi: -81 vel: ( 0.0393193, 0.00552337 ) (2261,0) rel: ( 0.281582, -1.77784 ), (2261,0) global: ( 22.1584, 19.943 ), (2261,0), changes: -0.054, -2.2 last seen:(2261,0) globalposderived: (2261,0)
(b)r: 1.79687 phi: -91.0636 vel: ( 0.0369601, 0.00519197 ) (2262,0) rel: ( -0.0333549, -1.79656 ), (2262,0) global: ( 22.1977, 19.9485 ), (2262,0), changes: -0.054, -2.2 last seen:(2261,0) globalposderived: (2261,0)
 2262: 2 pos: ball(22.142732,19.992058), ball_prev(22.158381,19.942964), agentdiff(-0.080747,0.029015)
 2262: vel based on 2 pos: (0.061193,0.018874)
 2262: direction old: -53.425745, new: -54.004496
(b)r: 1.8 phi: -90 vel: ( 0.061193, 0.0188739 ) (2262,0) rel: ( 1.10218e-16, -1.8 ), (2262,0) global: ( 22.1427, 19.9921 ), (2262,0), changes: -0.054, -2.2 last seen:(2262,0) globalposderived: (2262,0)
(b)r: 1.82304 phi: -92.9085 vel: ( 0.0575214, 0.0177415 ) (2263,0) rel: ( -0.0925032, -1.82069 ), (2263,0) global: ( 22.2039, 20.0109 ), (2263,0), changes: -0.054, -2.2 last seen:(2262,0) globalposderived: (2262,0)
(b)r: 1.84521 phi: -93.1413 vel: ( 0.0540701, 0.016677 ) (2264,0) rel: ( -0.101114, -1.84244 ), (2264,0) global: ( 22.2614, 20.0287 ), (2264,0), changes: -0.054, -2.2 last seen:(2262,0) globalposderived: (2262,0)
 2264: 2 pos: ball(22.171728,20.019137), ball_prev(22.142732,19.992058), agentdiff(-0.067240,-0.048838)
 2264: direction old: -54.564520, new: -57.068156
(b)r: 1.8 phi: -93 vel: ( 0.0540701, 0.016677 ) (2264,0) rel: ( -0.0942047, -1.79753 ), (2264,0) global: ( 22.1717, 20.0191 ), (2264,0), changes: -0.054, -2.2 last seen:(2264,0) globalposderived: (2264,0)
(b)r: 1.81798 phi: -91.9695 vel: ( 0.0508259, 0.0156764 ) (2265,0) rel: ( -0.062479, -1.8169 ), (2265,0) global: ( 22.2258, 20.0358 ), (2265,0), changes: -0.054, -2.2 last seen:(2264,0) globalposderived: (2264,0)
 2265: 2 pos: ball(20.089472,19.887162), ball_prev(22.171728,20.019137), agentdiff(-0.000016,0.000020)
 2265: vel based on 2 pos: (-1.957305,-0.124076)
 2265: direction old: -56.037574, new: -124.079990
(b)r: 2 phi: -160 vel: ( 0, 0 ) (2265,0) rel: ( -1.87939, -0.68404 ), (2265,0) global: ( 20.0895, 19.8872 ), (2265,0), changes: -0.054, -2.2 last seen:(2265,0) globalposderived: (2265,0)
 2283: direction old: -170.305714, new: -170.667418
(b)r: 1.98492 phi: -7.22183 vel: ( -0.26555, -0.00535552 ) (2285,0) rel: ( 1.96918, -0.249527 ), (2285,0) global: ( 9.7545, 19.1847 ), (2285,0), changes: -0.06, -1.3 last seen:(2283,0) globalposderived: (2283,0)
 2285: direction old: -170.121937, new: -172.561424
(b)r: 1.8 phi: -6 vel: ( -0.262937, -0.0121708 ) (2285,0) rel: ( 1.79014, -0.188151 ), (2285,0) global: ( 9.8366, 19.2768 ), (2285,0), changes: -0.108, -1.5 last seen:(2285,0) globalposderived: (2285,0)
(b)r: 1.69061 phi: 1.38074 vel: ( -0.247161, -0.0114405 ) (2286,0) rel: ( 1.69012, 0.0407371 ), (2286,0) global: ( 9.57366, 19.2646 ), (2286,0), changes: -0.108, -1.5 last seen:(2285,0) globalposderived: (2285,0)
 2286: direction old: -178.991266, new: -173.183376
(b)r: 1.8 phi: 1 vel: ( -0.244841, -0.0106356 ) (2286,0) rel: ( 1.79973, 0.0314143 ), (2286,0) global: ( 9.45247, 19.0803 ), (2286,0), changes: 0.072, -0.7 last seen:(2286,0) globalposderived: (2286,0)
(b)r: 1.43207 phi: 0.687442 vel: ( -0.230151, -0.00999745 ) (2287,0) rel: ( 1.43197, 0.0171817 ), (2287,0) global: ( 9.20763, 19.0697 ), (2287,0), changes: 0.072, -0.7 last seen:(2286,0) globalposderived: (2286,0)
(b)r: 1.006 phi: 0.868853 vel: ( -0.216342, -0.0093976 ) (2288,0) rel: ( 1.00588, 0.0152547 ), (2288,0) global: ( 8.97748, 19.0597 ), (2288,0), changes: 0.072, -0.7 last seen:(2286,0) globalposderived: (2286,0)
 2288: turnWithBall: kick ball away from opp at ang -120.675396
 2288: (kick 60.148331 -161.232251), vecDesired (0.959107,0.528377) -126.492020 posDes(9.936586,19.588050)
 2288: direction old: -164.535338, new: -172.054534
(b)r: 1 phi: 2 vel: ( -0.208575, -0.00726126 ) (2288,0) rel: ( 0.999391, 0.0348995 ), (2288,0) global: ( 9.04068, 19.2129 ), (2288,0), changes: -0.1, -0.4 last seen:(2288,0) globalposderived: (2288,0)
 2288: turnWithBall: kick ball away from opp at ang -117.054534
 2288: (kick 58.933325 -159.133439), vecDesired (0.922328,0.564297) -123.000000 posDes(9.963011,19.777230)
(b)r: 0.487101 phi: -122.599 vel: ( 0.848919, 0.524366 ) (2289,0) rel: ( -0.262428, -0.410365 ), (2289,0) global: ( 9.94379, 19.7708 ), (2289,0), changes: -0.1, -0.4 last seen:(2288,0) globalposderived: (2288,0)
 2289: turnWithBall: freeze ball
 2289: 2 pos: ball(9.986400,19.576455), ball_prev(9.040683,19.212933), agentdiff(0.032513,-0.203651)
 2289: vel based on 2 pos: (0.858412,0.533143)
 2289: direction old: 73.770818, new: 62.792272
(b)r: 0.5 phi: -123 vel: ( 0.858412, 0.533143 ) (2289,0) rel: ( -0.27232, -0.419335 ), (2289,0) global: ( 9.9864, 19.5765 ), (2289,0), changes: -0.1, -0.4 last seen:(2289,0) globalposderived: (2289,0)
 2289: turnWithBall: freeze ball
(b)r: 0.2 phi: -123.26 vel: ( -0.000431058, -0.000367323 ) (2290,0) rel: ( -0.109687, -0.167239 ), (2290,0) global: ( 9.85004, 19.3092 ), (2290,0), changes: -0.1, -0.4 last seen:(2289,0) globalposderived: (2289,0)