 0: change player from message 62 -> 1
 0: changed player from message 62 -> 1
 0: change player from message 63 -> 2
 0: changed player from message 63 -> 2
 0: change player from message 64 -> 3
 0: changed player from message 64 -> 3
 0: change player from message 65 -> 4
 0: changed player from message 65 -> 4
 0: change player from message 66 -> 5
 0: changed player from message 66 -> 5
 0: change player from message 67 -> 6
 0: changed player from message 67 -> 6
 0: change player from message 68 -> 7
 0: changed player from message 68 -> 7
 0: change player from message 69 -> 8
 0: changed player from message 69 -> 8
 0: change player from message 70 -> 9
 0: changed player from message 70 -> 9
 0: change player from message 71 -> 10
 0: changed player from message 71 -> 10
 9: direction old: 0.731752, new: 4.956963
(b)r: 0.740359 phi: 21.8379 vel: ( -1.04744, 0.0530339 ) (10,0) rel: ( 0.687231, 0.2754 ), (10,0) global: ( -11.6565, 0.335011 ), (10,0), changes: -1.512, 4.2 last seen:(9,0) globalposderived: (9,0)
 10: ball (-11.656518,0.335011), agent (-12.343955,0.060128), to (-2.343958,0.052616) ang -0.043037 -0.043037
 10: relpos body (0.740359,21.837883), vel. ball:(-1.047443,0.053034) dist: 1.014380 (0.300000,0.085000,0.629380)
 10: point good and can reach point 96.841187
 10: direction old: 21.746566, new: 22.940905
(b)r: 0.7 phi: 23 vel: ( -1.09454, 0.0552535 ) (10,0) rel: ( 0.644353, 0.273512 ), (10,0) global: ( -11.6993, 0.333642 ), (10,0), changes: -1.372, 52.1 last seen:(10,0) globalposderived: (10,0)
 10: ball (-11.699332,0.333642), agent (-12.343967,0.060795), to (-2.345675,-0.124042) ang -0.059095 -0.059095
 10: relpos body (0.700000,23.000000), vel. ball:(-1.094541,0.055253) dist: 1.014380 (0.300000,0.085000,0.629380)
 10: point good, but reposition ball since need 149.931320
 10: (kick 59.088485 -13.817457), vecDesired (0.211015,-0.267272) 0.000000 posDes(-11.488316,0.066370)
(b)r: 1.39721 phi: 10.6272 vel: ( 1.02359, -0.0218549 ) (11,0) rel: ( 1.37324, 0.25767 ), (11,0) global: ( -10.6104, 0.310392 ), (11,0), changes: -1.372, 52.1 last seen:(10,0) globalposderived: (10,0)
 12: direction old: 10.717880, new: 6.944154
 33: direction old: -48.626919, new: -45.893071
 34: direction old: -44.119100, new: -54.080271
 36: direction old: -72.822195, new: -72.708757
 37: direction old: -81.403882, new: -79.900472
 40: direction old: -92.788174, new: -100.019427
 42: direction old: -109.722511, new: -113.689812
(b)r: 1.97807 phi: -23.0079 vel: ( -0.204719, -0.111167 ) (43,0) rel: ( 1.82072, -0.773143 ), (43,0) global: ( -12.0016, -4.82847 ), (43,0), changes: -0.04, -6.3 last seen:(42,0) globalposderived: (42,0)
 43: direction old: -123.598253, new: -120.005242
(b)r: 1.54418 phi: -29.3292 vel: ( -0.196929, -0.109179 ) (44,0) rel: ( 1.34625, -0.756379 ), (44,0) global: ( -11.9727, -4.81217 ), (44,0), changes: 0.12, -4.7 last seen:(43,0) globalposderived: (43,0)
(b)r: 1.47459 phi: -22.6234 vel: ( -0.185113, -0.102628 ) (45,0) rel: ( 1.36112, -0.567234 ), (45,0) global: ( -12.1696, -4.92135 ), (45,0), changes: 0.12, -4.7 last seen:(43,0) globalposderived: (43,0)
 45: direction old: -132.255445, new: -131.773680
(b)r: 1.5 phi: -21 vel: ( -0.185721, -0.105768 ) (45,0) rel: ( 1.40037, -0.537552 ), (45,0) global: ( -12.1509, -4.91955 ), (45,0), changes: 0.09, -3.8 last seen:(45,0) globalposderived: (45,0)
(b)r: 1.08774 phi: -0.498993 vel: ( -0.174578, -0.0994217 ) (46,0) rel: ( 1.0877, -0.0094731 ), (46,0) global: ( -12.3366, -5.02532 ), (46,0), changes: 0.09, -3.8 last seen:(45,0) globalposderived: (45,0)
 46: direction old: -134.038557, new: -138.753391
(b)r: 1.1 phi: -2 vel: ( -0.178983, -0.103897 ) (46,0) rel: ( 1.09933, -0.0383894 ), (46,0) global: ( -12.4858, -5.0495 ), (46,0), changes: -0.044, -5.1 last seen:(46,0) globalposderived: (46,0)
(b)r: 0.541579 phi: -1.86118 vel: ( -0.168244, -0.0976632 ) (47,0) rel: ( 0.541293, -0.0175894 ), (47,0) global: ( -12.6648, -5.1534 ), (47,0), changes: -0.044, -5.1 last seen:(46,0) globalposderived: (46,0)
 47: ball (-12.664779,-5.153401), agent (-12.172714,-4.927174), to (-0.575121,-15.965486) ang -131.448203 -153.448203
 47: relpos body (0.541579,-23.861177), vel. ball:(-0.168244,-0.097663) dist: 1.014380 (0.300000,0.085000,0.629380)
 47: point good and can reach point 116.890408
 48: 2 pos: ball(-11.473182,-6.369183), ball_prev(-12.485796,-5.049504), agentdiff(0.073733,-0.219405)
 48: direction old: -45.316014, new: -49.859380
(b)r: 1.3 phi: 122 vel: ( 1.58759, -1.47785 ) (48,0) rel: ( -0.688895, 1.10246 ), (48,0) global: ( -11.4732, -6.36918 ), (48,0), changes: -0.044, -5.1 last seen:(48,0) globalposderived: (48,0)
 49: 2 pos: ball(-10.414641,-7.205905), ball_prev(-11.473182,-6.369183), agentdiff(0.010743,0.066537)
 49: vel based on 2 pos: (0.984930,-0.849063)
 49: direction old: -44.501459, new: -42.666602
(b)r: 0.664773 phi: -27.4418 vel: ( 1.786, -1.786 ) (137,0) rel: ( 0.589972, -0.306359 ), (137,0) global: ( -18.1, 15.1 ), (137,0), changes: 0.24, 4.4 last seen:(135,0) globalposderived: (132,0)
 137: ball (-18.100000,15.100000), agent (-17.571236,15.502905), to (-6.313856,20.052272) ang -88.251721 -115.251721
 137: relpos body (0.664773,-54.441800), vel. ball:(1.786000,-1.786000) dist: 1.014380 (0.300000,0.085000,0.629380)
 137: point good, but reposition ball since need 126.756308
 137: (kick 96.019258 -145.642661), vecDesired (0.543582,-0.082570) 0.000000 posDes(-17.556418,15.017430)
 151: Received coach message: online_coach_left (advice (0 (true) (do our {1} (home (pt 0 0))) (do our {2} (home (pt -12 26))) (do our {3} (home (pt -20 10))) (do our {4} (home (pt -20 -10))) (do our {5} (home (pt -12 -26))) (do our {6} (home (pt 0 0))) (do our {7} (home (pt 12 15))) (do our {8} (home (pt 12 -15))) (do our {9} (home (pt 20 0))) (do our {10} (home (pt 35 22))) (do our {11} (home (pt 35 -22))))))
 151: new home position for player 0: 0 0
 151: new home position for player 1: -12 26
 151: new home position for player 2: -20 10
 151: new home position for player 3: -20 -10
 151: new home position for player 4: -12 -26
 151: new home position for player 5: 0 0
 151: new home position for player 6: 12 15
 151: new home position for player 7: 12 -15
 151: new home position for player 8: 20 0
 151: new home position for player 9: 35 22
 151: new home position for player 10: 35 -22
 247: direction old: -118.937907, new: -119.127856
(b)r: 1.64961 phi: 0.323347 vel: ( 0, 0 ) (249,0) rel: ( 1.64958, 0.00930944 ), (249,0) global: ( -3.51993, -8.11834 ), (249,0), changes: -0.704, -42.9 last seen:(247,0) globalposderived: (247,0)
 249: 2 pos: ball(-5.377372,-7.308569), ball_prev(-3.519931,-8.118340), agentdiff(-0.007092,0.004705)
 249: direction old: -117.499597, new: -165.977229
 318: direction old: -84.766929, new: -117.006681
 321: direction old: -142.816924, new: -139.789428
 322: direction old: -140.795251, new: -142.841259
 324: direction old: -141.765495, new: -148.656554
(b)r: 1.8 phi: -1 vel: ( -0.634941, -0.00493098 ) (324,0) rel: ( 1.79973, -0.0314143 ), (324,0) global: ( -12.8453, -13.7241 ), (324,0), changes: 0.18, -7.2 last seen:(324,0) globalposderived: (324,0)
(b)r: 1.46689 phi: -1.26957 vel: ( -0.596845, -0.00463513 ) (325,0) rel: ( 1.46653, -0.0325009 ), (325,0) global: ( -13.4802, -13.729 ), (325,0), changes: 0.18, -7.2 last seen:(324,0) globalposderived: (324,0)
 325: direction old: -157.906347, new: -151.781414
(b)r: 1.5 phi: -1 vel: ( -0.595225, -0.000880823 ) (325,0) rel: ( 1.49977, -0.0261786 ), (325,0) global: ( -13.4321, -13.8822 ), (325,0), changes: 0.15, -7.8 last seen:(325,0) globalposderived: (325,0)
(b)r: 1.17104 phi: 5.40423 vel: ( -0.559511, -0.000827973 ) (326,0) rel: ( 1.16583, 0.11029 ), (326,0) global: ( -14.0273, -13.8831 ), (326,0), changes: 0.15, -7.8 last seen:(325,0) globalposderived: (325,0)
(b)r: 0.796082 phi: 0 vel: ( -0.525941, -0.000778295 ) (327,0) rel: ( 0.796082, 0 ), (327,0) global: ( -14.5868, -13.8839 ), (327,0), changes: 0.15, -7.8 last seen:(325,0) globalposderived: (325,0)
 327: turnWithBall: kick ball close to desired turnangle 0.000000
 327: (kick 81.330455 -178.946218), vecDesired (1.201273,0.427028) 167.142390 posDes(-13.385561,-13.456896)
 327: direction old: -132.246169, new: -150.530213
(b)r: 0.9 phi: -3 vel: ( -0.681698, -0.0339098 ) (327,0) rel: ( 0.898767, -0.0471024 ), (327,0) global: ( -14.7743, -13.6704 ), (327,0), changes: 0.648, -20.3 last seen:(327,0) globalposderived: (327,0)
 327: turnWithBall: kick ball close to desired turnangle 0.000000
 327: (kick 98.113111 -179.803297), vecDesired (1.308589,0.450037) 166.530213 posDes(-13.465704,-13.220318)
(b)r: 0.2 phi: 151.361 vel: ( -0.122136, -0.0448664 ) (328,0) rel: ( -0.175531, 0.0958583 ), (328,0) global: ( -13.7912, -13.2142 ), (328,0), changes: 0.648, -20.3 last seen:(327,0) globalposderived: (327,0)
 328: turnWithBall: kick ball away from opp at ang -33.679635
 328: (kick 25.130618 -45.462656), vecDesired (-0.603730,0.255983) -47.149422 posDes(-14.394915,-12.958242)
 328: 2 pos: ball(-13.438971,-13.507845), ball_prev(-14.774292,-13.670354), agentdiff(0.151829,-0.287270)
 328: direction old: 80.979707, new: 1.004369
(b)r: 0.4 phi: 149 vel: ( -0.122136, -0.0448664 ) (328,0) rel: ( -0.342867, 0.206015 ), (328,0) global: ( -13.439, -13.5078 ), (328,0), changes: 0.648, -20.3 last seen:(328,0) globalposderived: (328,0)
 328: turnWithBall: turn since ball will be kickable in t+1
(b)r: 0.2 phi: -88.0559 vel: ( 0.0524155, -0.021357 ) (329,0) rel: ( 0.00678473, -0.199885 ), (329,0) global: ( -13.9506, -13.3489 ), (329,0), changes: 0.648, -20.3 last seen:(328,0) globalposderived: (328,0)
 329: turnWithBall: turn since ball will be kickable in t+1
(b)r: 0.2 phi: 93.2963 vel: ( 0, 0 ) (330,0) rel: ( -0.0114999, 0.199669 ), (330,0) global: ( -13.9148, -13.3298 ), (330,0), changes: 0.648, -20.3 last seen:(328,0) globalposderived: (328,0)
 330: ball (-13.914789,-13.329810), agent (-13.838910,-13.514856), to (-3.838910,-13.514856) ang 0.000000 19.000000
 330: relpos body (0.200000,112.296301), vel. ball:(0.000000,0.000000) dist: 1.014380 (0.300000,0.085000,0.629380)
 330: point good and can reach point 45.115896
 330: direction old: -51.417235, new: 37.191467
 336: direction old: 46.112232, new: 45.613691
 337: direction old: 45.550652, new: 45.674671
(b)r: 1.89489 phi: 4.35341 vel: ( 0.340441, 0.369314 ) (338,0) rel: ( 1.88943, 0.143838 ), (338,0) global: ( -8.53125, -8.1043 ), (338,0), changes: 0.176, 0.4 last seen:(337,0) globalposderived: (337,0)
(b)r: 1.5341 phi: 5.77772 vel: ( 0.320015, 0.347155 ) (339,0) rel: ( 1.52631, 0.154437 ), (339,0) global: ( -8.19081, -7.73499 ), (339,0), changes: 0.176, 0.4 last seen:(337,0) globalposderived: (337,0)
 339: direction old: 52.540386, new: 49.836750
(b)r: 1.5 phi: 7 vel: ( 0.310341, 0.359854 ) (339,0) rel: ( 1.48882, 0.182804 ), (339,0) global: ( -8.17052, -7.82484 ), (339,0), changes: 0.12, 1.6 last seen:(339,0) globalposderived: (339,0)
 340: direction old: 42.926355, new: 50.474991
(b)r: 1.5 phi: -1 vel: ( 0.294253, 0.345003 ) (340,0) rel: ( 1.49977, -0.0261786 ), (340,0) global: ( -7.81358, -7.15253 ), (340,0), changes: 0.48, -0.3 last seen:(340,0) globalposderived: (340,0)
(b)r: 1.9534 phi: 15.73 vel: ( 0.276598, 0.324303 ) (341,0) rel: ( 1.88024, 0.529575 ), (341,0) global: ( -7.51933, -6.80753 ), (341,0), changes: 0.48, -0.3 last seen:(340,0) globalposderived: (340,0)
 342: direction old: 46.191854, new: 46.244469
 343: direction old: 51.391592, new: 46.518818
(b)r: 1.80471 phi: -2.42227 vel: ( 0.221718, 0.271464 ) (344,0) rel: ( 1.8031, -0.0762746 ), (344,0) global: ( -6.71286, -6.12524 ), (344,0), changes: 0.132, 0.5 last seen:(343,0) globalposderived: (343,0)
(b)r: 1.31708 phi: -0.30173 vel: ( 0.208415, 0.255176 ) (345,0) rel: ( 1.31706, -0.00693595 ), (345,0) global: ( -6.49115, -5.85377 ), (345,0), changes: 0.132, 0.5 last seen:(343,0) globalposderived: (343,0)
 345: direction old: 47.551538, new: 43.690351
(b)r: 1.3 phi: -2 vel: ( 0, 0 ) (345,0) rel: ( 1.29921, -0.0453693 ), (345,0) global: ( -6.52545, -6.02098 ), (345,0), changes: 0, -0.8 last seen:(345,0) globalposderived: (345,0)
(b)r: 0.454624 phi: 1.5544 vel: ( 0, 0 ) (346,0) rel: ( 0.454456, 0.0123321 ), (346,0) global: ( -6.52545, -6.02098 ), (346,0), changes: 0, -0.8 last seen:(345,0) globalposderived: (345,0)
 346: ball (-6.525447,-6.020979), agent (-6.918121,-6.250085), to (9.968435,13.577122) ang 49.707137 28.707137
 346: relpos body (0.454624,-19.445604), vel. ball:(0.000000,0.000000) dist: 1.014380 (0.300000,0.085000,0.629380)
 346: pos (2.271443,2.698938) too far, but can acc ball good to 2.552409 k=2.552409,-0.000000
 346: direction old: 21.406231, new: 28.518415
(b)r: 0.5 phi: -1 vel: ( 0.0299955, 0.0105265 ) (346,0) rel: ( 0.499924, -0.0087262 ), (346,0) global: ( -6.51372, -5.94989 ), (346,0), changes: -0.3, -16.7 last seen:(346,0) globalposderived: (346,0)
 346: ball (-6.513718,-5.949887), agent (-6.953050,-6.188608), to (10.997430,14.113862) ang 50.518415 29.518415
 346: relpos body (0.500000,-22.000000), vel. ball:(0.029995,0.010527) dist: 1.014380 (0.300000,0.085000,0.629380)
 346: pos (2.319568,2.657691) too far, but can acc ball good to 2.521770 k=2.494164,-0.015677
 351: Received coach message: online_coach_left (advice (0 (true) (do our {1} (home (pt -20 10))) (do our {2} (home (pt -12 26))) (do our {3} (home (pt 0 0))) (do our {4} (home (pt -20 -10))) (do our {5} (home (pt -12 -26))) (do our {6} (home (pt 20 0))) (do our {7} (home (pt 12 15))) (do our {8} (home (pt 12 -15))) (do our {9} (home (pt 0 0))) (do our {10} (home (pt 35 22))) (do our {11} (home (pt 35 -22))))))
 351: new home position for player 0: -20 10
 351: new home position for player 1: -12 26
 351: new home position for player 2: 0 0
 351: new home position for player 3: -20 -10
 351: new home position for player 4: -12 -26
 351: new home position for player 5: 20 0
 351: new home position for player 6: 12 15
 351: new home position for player 7: 12 -15
 351: new home position for player 8: 0 0
 351: new home position for player 9: 35 22
 351: new home position for player 10: 35 -22
(b)r: 1.33143 phi: 12.4105 vel: ( 0.686456, -2.24102 ) (519,0) rel: ( 1.30032, 0.286144 ), (519,0) global: ( -5.78921, 7.04739 ), (519,0), changes: -2.96, 2.9 last seen:(517,0) globalposderived: (517,0)
 519: direction old: 144.681363, new: 148.606114
(b)r: 1.2 phi: 11 vel: ( 0.70645, -2.23652 ) (519,0) rel: ( 1.17795, 0.228971 ), (519,0) global: ( -5.50936, 6.74845 ), (519,0), changes: -1.896, 77.6 last seen:(519,0) globalposderived: (519,0)
(b)r: 1.76421 phi: -135.037 vel: ( 0.664063, -2.10233 ) (520,0) rel: ( -1.24829, -1.24669 ), (520,0) global: ( -4.80291, 4.51194 ), (520,0), changes: -1.896, 77.6 last seen:(519,0) globalposderived: (519,0)
 520: 2 pos: ball(-4.577351,4.552351), ball_prev(-5.509365,6.748452), agentdiff(0.144317,0.086708)
 520: vel based on 2 pos: (0.740435,-2.145841)
 520: direction old: -102.534808, new: -95.789660
(b)r: 1.8 phi: -126 vel: ( 0.740435, -2.14584 ) (520,0) rel: ( -1.05801, -1.45623 ), (520,0) global: ( -4.57735, 4.55235 ), (520,0), changes: -1.896, 77.6 last seen:(520,0) globalposderived: (520,0)
 651: Received coach message: online_coach_left (advice (0 (true) (do our {1} (home (pt -20 10))) (do our {2} (home (pt -12 26))) (do our {3} (home (pt 0 0))) (do our {4} (home (pt -20 -10))) (do our {5} (home (pt -12 -26))) (do our {6} (home (pt 0 0))) (do our {7} (home (pt 12 15))) (do our {8} (home (pt 35 -22))) (do our {9} (home (pt 20 0))) (do our {10} (home (pt 35 22))) (do our {11} (home (pt 12 -15))))))
 651: new home position for player 0: -20 10
 651: new home position for player 1: -12 26
 651: new home position for player 2: 0 0
 651: new home position for player 3: -20 -10
 651: new home position for player 4: -12 -26
 651: new home position for player 5: 0 0
 651: new home position for player 6: 12 15
 651: new home position for player 7: 35 -22
 651: new home position for player 8: 20 0
 651: new home position for player 9: 35 22
 651: new home position for player 10: 12 -15
 913: Received coach message: online_coach_left (advice (0 (true) (do our {1} (home (pt -20 10))) (do our {2} (home (pt 0 0))) (do our {3} (home (pt 0 0))) (do our {4} (home (pt -20 -10))) (do our {5} (home (pt -12 -26))) (do our {6} (home (pt -12 26))) (do our {7} (home (pt 12 15))) (do our {8} (home (pt 12 -15))) (do our {9} (home (pt 20 0))) (do our {10} (home (pt 35 22))) (do our {11} (home (pt 35 -22))))))
 913: new home position for player 0: -20 10
 913: new home position for player 1: 0 0
 913: new home position for player 2: 0 0
 913: new home position for player 3: -20 -10
 913: new home position for player 4: -12 -26
 913: new home position for player 5: -12 26
 913: new home position for player 6: 12 15
 913: new home position for player 7: 12 -15
 913: new home position for player 8: 20 0
 913: new home position for player 9: 35 22
 913: new home position for player 10: 35 -22
(b)r: 0.2 phi: -0.69621 vel: ( -0.162458, 0.102682 ) (1078,0) rel: ( 0.199985, -0.00243017 ), (1078,0) global: ( -14.712, -20.8502 ), (1078,0), changes: -2.16, 0.4 last seen:(1077,0) globalposderived: (1077,0)
 1078: turnWithBall: turn since ball will be kickable in t+1
 1078: direction old: 107.092727, new: 149.310172
(b)r: 0.4 phi: 3 vel: ( -0.167182, 0.106416 ) (1078,0) rel: ( 0.399452, 0.0209344 ), (1078,0) global: ( -14.9956, -20.8425 ), (1078,0), changes: 0.224, -1.2 last seen:(1078,0) globalposderived: (1078,0)
 1078: turnWithBall: turn since ball will be kickable in t+1
(b)r: 0.62212 phi: 145.401 vel: ( -0.157151, 0.100031 ) (1079,0) rel: ( -0.512093, 0.353262 ), (1079,0) global: ( -15.1628, -20.736 ), (1079,0), changes: 0.224, -1.2 last seen:(1078,0) globalposderived: (1078,0)
 1079: ball (-15.162777,-20.736041), agent (-14.631192,-21.059228), to (-4.647786,-20.483374) ang 3.301227 3.301227
 1079: relpos body (0.622120,145.400534), vel. ball:(-0.157151,0.100031) dist: 1.014380 (0.300000,0.085000,0.629380)
 1079: point good and can reach point 70.915104
(b)r: 0.734671 phi: 26.0923 vel: ( 1.10138, 0.0351496 ) (1080,0) rel: ( 0.659798, 0.323121 ), (1080,0) global: ( -13.9911, -20.6986 ), (1080,0), changes: 0.224, -1.2 last seen:(1078,0) globalposderived: (1078,0)
 1080: ball (-13.991095,-20.698648), agent (-14.631192,-21.059228), to (-4.647786,-20.483374) ang 3.301227 3.301227
 1080: relpos body (0.734671,26.092273), vel. ball:(1.101381,0.035150) dist: 1.014380 (0.300000,0.085000,0.629380)
 1080: point good and can reach point 0.832481
 1080: direction old: 41.852740, new: 18.460630
(b)r: 0.7 phi: 21 vel: ( 1.15742, -0.106925 ) (1080,0) rel: ( 0.653506, 0.250858 ), (1080,0) global: ( -13.7001, -20.8111 ), (1080,0), changes: 1.064, -38.3 last seen:(1080,0) globalposderived: (1080,0)
 1080: ball (-13.700050,-20.811050), agent (-14.364029,-21.032707), to (0.507551,-21.952550) ang -2.539370 -2.539370
 1080: relpos body (0.700000,21.000000), vel. ball:(1.157417,-0.106925) dist: 1.014380 (0.300000,0.085000,0.629380)
 1080: point good and can reach point 63.909816
 1251: Received coach message: online_coach_left (advice (0 (true) (do our {1} (home (pt -20 10))) (do our {2} (home (pt -12 26))) (do our {3} (home (pt 0 0))) (do our {4} (home (pt -20 -10))) (do our {5} (home (pt -12 -26))) (do our {6} (home (pt 20 0))) (do our {7} (home (pt 12 15))) (do our {8} (home (pt 12 -15))) (do our {9} (home (pt 0 0))) (do our {10} (home (pt 35 22))) (do our {11} (home (pt 35 -22))))))
 1251: new home position for player 0: -20 10
 1251: new home position for player 1: -12 26
 1251: new home position for player 2: 0 0
 1251: new home position for player 3: -20 -10
 1251: new home position for player 4: -12 -26
 1251: new home position for player 5: 20 0
 1251: new home position for player 6: 12 15
 1251: new home position for player 7: 12 -15
 1251: new home position for player 8: 0 0
 1251: new home position for player 9: 35 22
 1251: new home position for player 10: 35 -22
 1323: direction old: 129.938092, new: 130.617563
 1324: 2 pos: ball(-11.164807,5.959053), ball_prev(-10.806651,5.852173), agentdiff(0.002397,-0.111624)
 1324: vel based on 2 pos: (-0.338920,0.205393)
 1324: direction old: 130.041236, new: 131.814172
(b)r: 1.56895 phi: -160.437 vel: ( 1.41376, -0.97196 ) (1339,0) rel: ( -1.47838, -0.525362 ), (1339,0) global: ( -7.896, 4.866 ), (1339,0), changes: 0.3, 0.4 last seen:(1336,0) globalposderived: (1330,0)
 1339: direction old: -177.651774, new: 168.746377
(b)r: 1.3 phi: -175 vel: ( 1.41376, -0.97196 ) (1339,0) rel: ( -1.29505, -0.113302 ), (1339,0) global: ( -7.608, 5.18379 ), (1339,0), changes: 0.3, 0.4 last seen:(1339,0) globalposderived: (1339,0)
(b)r: 0.754955 phi: 91.5738 vel: ( 1.32893, -0.913642 ) (1340,0) rel: ( -0.0207343, 0.75467 ), (1340,0) global: ( -6.19424, 4.21183 ), (1340,0), changes: 0.3, 0.4 last seen:(1339,0) globalposderived: (1339,0)
 1340: ball (-6.194243,4.211832), agent (-6.332140,4.954087), to (2.733194,12.707914) ang -165.049311 -171.049311
 1340: relpos body (0.754955,85.573784), vel. ball:(1.328934,-0.913642) dist: 1.014380 (0.300000,0.085000,0.629380)
 1340: point good, but reposition ball since need 133.781152
 1340: kickBallCloseToBody: cannot compensate ball speed, freeze
(b)r: 0.2 phi: 91.2676 vel: ( 0.000137783, 0.00137327 ) (1341,0) rel: ( -0.00442445, 0.199951 ), (1341,0) global: ( -6.29666, 4.75726 ), (1341,0), changes: 0.3, 0.4 last seen:(1339,0) globalposderived: (1339,0)
 1341: ball (-6.296660,4.757259), agent (-6.332140,4.954087), to (2.733868,12.708108) ang -165.049311 -171.049311
 1341: relpos body (0.200000,85.267616), vel. ball:(0.000138,0.001373) dist: 1.014380 (0.300000,0.085000,0.629380)
 1341: point good and can reach point 95.523500
 1341: 2 pos: ball(-6.495460,4.821521), ball_prev(-7.608003,5.183792), agentdiff(-0.004850,0.234704)
 1341: direction old: -84.660793, new: -113.339294
(b)r: 0.4 phi: 60 vel: ( 0.000137783, 0.00137327 ) (1341,0) rel: ( 0.2, 0.34641 ), (1341,0) global: ( -6.49546, 4.82152 ), (1341,0), changes: 0.3, 0.4 last seen:(1341,0) globalposderived: (1341,0)
 1341: ball (-6.495460,4.821521), agent (-6.336990,5.188791), to (2.733868,12.708108) ang -167.339294 -173.339294
 1341: relpos body (0.400000,54.000000), vel. ball:(0.000138,0.001373) dist: 1.014380 (0.300000,0.085000,0.629380)
 1341: point good and can reach point 99.267504
 1342: 2 pos: ball(-4.672321,6.297338), ball_prev(-6.495460,4.821521), agentdiff(0.000000,0.000000)
 1342: vel based on 2 pos: (1.713751,1.387268)
 1342: direction old: 35.909093, new: 33.660706
(b)r: 1.61555 phi: -0.951322 vel: ( 0, 0 ) (1479,0) rel: ( 1.61532, -0.0268228 ), (1479,0) global: ( -1.43532, 21.3358 ), (1479,0), changes: -0.33, 0.2 last seen:(1477,0) globalposderived: (1477,0)
 1479: 2 pos: ball(-2.585691,21.566034), ball_prev(-1.430846,21.313153), agentdiff(0.304039,-0.011344)
 1479: direction old: 81.896262, new: 117.746429
 1480: direction old: 132.847574, new: 136.469216
 1482: direction old: 150.409198, new: 148.424487
 1551: Received coach message: online_coach_left (advice (0 (true) (do our {1} (home (pt -20 10))) (do our {2} (home (pt -12 26))) (do our {3} (home (pt 0 0))) (do our {4} (home (pt -20 -10))) (do our {5} (home (pt -12 -26))) (do our {6} (home (pt 20 0))) (do our {7} (home (pt 12 15))) (do our {8} (home (pt 0 0))) (do our {9} (home (pt 12 -15))) (do our {10} (home (pt 35 22))) (do our {11} (home (pt 35 -22))))))
 1551: new home position for player 0: -20 10
 1551: new home position for player 1: -12 26
 1551: new home position for player 2: 0 0
 1551: new home position for player 3: -20 -10
 1551: new home position for player 4: -12 -26
 1551: new home position for player 5: 20 0
 1551: new home position for player 6: 12 15
 1551: new home position for player 7: 0 0
 1551: new home position for player 8: 12 -15
 1551: new home position for player 9: 35 22
 1551: new home position for player 10: 35 -22
 1804: Received coach message: online_coach_left (advice (0 (true) (do our {1} (home (pt -20 10))) (do our {2} (home (pt -12 26))) (do our {3} (home (pt 0 0))) (do our {4} (home (pt -20 -10))) (do our {5} (home (pt -12 -26))) (do our {6} (home (pt 20 0))) (do our {7} (home (pt 12 15))) (do our {8} (home (pt 0 0))) (do our {9} (home (pt 12 -15))) (do our {10} (home (pt 35 22))) (do our {11} (home (pt 35 -22))))))
 1804: new home position for player 0: -20 10
 1804: new home position for player 1: -12 26
 1804: new home position for player 2: 0 0
 1804: new home position for player 3: -20 -10
 1804: new home position for player 4: -12 -26
 1804: new home position for player 5: 20 0
 1804: new home position for player 6: 12 15
 1804: new home position for player 7: 0 0
 1804: new home position for player 8: 12 -15
 1804: new home position for player 9: 35 22
 1804: new home position for player 10: 35 -22
 1900: 2 pos: ball(7.809294,-1.178338), ball_prev(7.330456,-1.321619), agentdiff(0.370779,0.064532)
 1900: vel based on 2 pos: (0.101575,0.074024)
 1900: direction old: -30.286156, new: -25.953729
(b)r: 1.916 phi: 53.6933 vel: ( 0.089752, 0.0654074 ) (1902,0) rel: ( 1.13448, 1.54403 ), (1902,0) global: ( 8.00635, -1.03473 ), (1902,0), changes: 0.12, 3.3 last seen:(1900,0) globalposderived: (1900,0)
 1902: 2 pos: ball(7.825313,-0.756217), ball_prev(7.809294,-1.178338), agentdiff(-0.265041,0.292597)
 1902: direction old: -24.029949, new: -18.847469
(b)r: 1.917 phi: 49.3591 vel: ( 0.120332, 0.0554541 ) (1903,0) rel: ( 1.24858, 1.45463 ), (1903,0) global: ( 7.95333, -0.697223 ), (1903,0), changes: 0.12, 3.3 last seen:(1902,0) globalposderived: (1902,0)
 1903: 2 pos: ball(7.928009,-0.809712), ball_prev(7.825313,-0.756217), agentdiff(-0.100522,-0.072816)
 1903: vel based on 2 pos: (0.191025,0.018162)
 1903: direction old: -12.227691, new: -15.532597
(b)r: 1.8211 phi: 51.5562 vel: ( 0.179563, 0.0170723 ) (1904,0) rel: ( 1.13226, 1.42632 ), (1904,0) global: ( 8.11903, -0.79155 ), (1904,0), changes: 0.12, 3.3 last seen:(1903,0) globalposderived: (1903,0)
(b)r: 1.56318 phi: 54.6278 vel: ( 0.168789, 0.0160479 ) (1905,0) rel: ( 0.904903, 1.27463 ), (1905,0) global: ( 8.2986, -0.774478 ), (1905,0), changes: 0.12, 3.3 last seen:(1903,0) globalposderived: (1903,0)
 1905: 2 pos: ball(8.536522,-1.127936), ball_prev(7.928009,-0.809712), agentdiff(0.196900,-0.375914)
 1905: direction old: 4.556571, new: -8.859862
(b)r: 1.6 phi: 56 vel: ( 0.187475, 0.0262755 ) (1905,0) rel: ( 0.894709, 1.32646 ), (1905,0) global: ( 8.53652, -1.12794 ), (1905,0), changes: 0.12, 3.3 last seen:(1905,0) globalposderived: (1905,0)
(b)r: 1.59001 phi: 145.893 vel: ( 0.176227, 0.0246989 ) (1906,0) rel: ( -1.31651, 0.891583 ), (1906,0) global: ( 8.724, -1.10166 ), (1906,0), changes: 0.12, 3.3 last seen:(1905,0) globalposderived: (1905,0)
 1906: 2 pos: ball(8.594883,-0.856985), ball_prev(8.536522,-1.127936), agentdiff(-0.043444,0.202147)
 1906: vel based on 2 pos: (0.095696,0.064676)
 1906: direction old: -13.924681, new: -6.015132
(b)r: 1.5 phi: 158 vel: ( 0.0956958, 0.0646761 ) (1906,0) rel: ( -1.39078, 0.56191 ), (1906,0) global: ( 8.59488, -0.856985 ), (1906,0), changes: 0.12, 3.3 last seen:(1906,0) globalposderived: (1906,0)
(b)r: 1.59013 phi: -95.5512 vel: ( 0.0899541, 0.0607955 ) (1907,0) rel: ( -0.153823, -1.58267 ), (1907,0) global: ( 8.69058, -0.792309 ), (1907,0), changes: 0.12, 3.3 last seen:(1906,0) globalposderived: (1906,0)
(b)r: 1.67769 phi: -134.829 vel: ( 0.0845569, 0.0571478 ) (1908,0) rel: ( -1.18277, -1.18983 ), (1908,0) global: ( 8.78053, -0.731513 ), (1908,0), changes: 0.12, 3.3 last seen:(1906,0) globalposderived: (1906,0)
 1908: 2 pos: ball(8.848127,-1.054759), ball_prev(8.594883,-0.856985), agentdiff(0.146411,-0.422461)
 1908: direction old: 14.317695, new: 2.417901
(b)r: 1.6 phi: -160 vel: ( 0.0486591, 0.102337 ) (1908,0) rel: ( -1.50351, -0.547232 ), (1908,0) global: ( 8.84813, -1.05476 ), (1908,0), changes: 0.12, 3.3 last seen:(1908,0) globalposderived: (1908,0)
(b)r: 1.65597 phi: -126.58 vel: ( 0.0457395, 0.0961967 ) (1909,0) rel: ( -0.986862, -1.32979 ), (1909,0) global: ( 8.89679, -0.952422 ), (1909,0), changes: 0.12, 3.3 last seen:(1908,0) globalposderived: (1908,0)
 1909: 2 pos: ball(8.878839,-0.658948), ball_prev(8.848127,-1.054759), agentdiff(0.032054,0.369262)
 1909: vel based on 2 pos: (-0.001262,0.024956)
 1909: direction old: -7.038622, new: 3.369830
(b)r: 1.6 phi: -133 vel: ( -0.00126152, 0.0249557 ) (1909,0) rel: ( -1.0912, -1.17017 ), (1909,0) global: ( 8.87884, -0.658948 ), (1909,0), changes: 0.12, 3.3 last seen:(1909,0) globalposderived: (1909,0)
(b)r: 1.88847 phi: -132.242 vel: ( -0.00118583, 0.0234584 ) (1910,0) rel: ( -1.26954, -1.39806 ), (1910,0) global: ( 8.87758, -0.633992 ), (1910,0), changes: 0.12, 3.3 last seen:(1909,0) globalposderived: (1909,0)
 1911: 2 pos: ball(9.170968,-0.864208), ball_prev(8.878839,-0.658948), agentdiff(0.091264,-0.255636)
 1911: direction old: 11.292775, new: 4.251799
 2151: Received coach message: online_coach_left (advice (0 (true) (do our {1} (home (pt -20 10))) (do our {2} (home (pt -12 26))) (do our {3} (home (pt 0 0))) (do our {4} (home (pt -20 -10))) (do our {5} (home (pt -12 -26))) (do our {6} (home (pt 0 0))) (do our {7} (home (pt 12 15))) (do our {8} (home (pt 12 -15))) (do our {9} (home (pt 20 0))) (do our {10} (home (pt 35 22))) (do our {11} (home (pt 35 -22))))))
 2151: new home position for player 0: -20 10
 2151: new home position for player 1: -12 26
 2151: new home position for player 2: 0 0
 2151: new home position for player 3: -20 -10
 2151: new home position for player 4: -12 -26
 2151: new home position for player 5: 0 0
 2151: new home position for player 6: 12 15
 2151: new home position for player 7: 12 -15
 2151: new home position for player 8: 20 0
 2151: new home position for player 9: 35 22
 2151: new home position for player 10: 35 -22
 2451: Received coach message: online_coach_left (advice (0 (true) (do our {1} (home (pt -20 10))) (do our {2} (home (pt -12 26))) (do our {3} (home (pt 0 0))) (do our {4} (home (pt -20 -10))) (do our {5} (home (pt -12 -26))) (do our {6} (home (pt 20 0))) (do our {7} (home (pt 12 15))) (do our {8} (home (pt 0 0))) (do our {9} (home (pt 12 -15))) (do our {10} (home (pt 35 22))) (do our {11} (home (pt 35 -22))))))
 2451: new home position for player 0: -20 10
 2451: new home position for player 1: -12 26
 2451: new home position for player 2: 0 0
 2451: new home position for player 3: -20 -10
 2451: new home position for player 4: -12 -26
 2451: new home position for player 5: 20 0
 2451: new home position for player 6: 12 15
 2451: new home position for player 7: 0 0
 2451: new home position for player 8: 12 -15
 2451: new home position for player 9: 35 22
 2451: new home position for player 10: 35 -22
 2751: Received coach message: online_coach_left (advice (0 (true) (do our {1} (home (pt -20 10))) (do our {2} (home (pt -12 26))) (do our {3} (home (pt 12 -15))) (do our {4} (home (pt -20 -10))) (do our {5} (home (pt -12 -26))) (do our {6} (home (pt 0 0))) (do our {7} (home (pt 12 15))) (do our {8} (home (pt 0 0))) (do our {9} (home (pt 35 -22))) (do our {10} (home (pt 35 22))) (do our {11} (home (pt 20 0))))))
 2751: new home position for player 0: -20 10
 2751: new home position for player 1: -12 26
 2751: new home position for player 2: 12 -15
 2751: new home position for player 3: -20 -10
 2751: new home position for player 4: -12 -26
 2751: new home position for player 5: 0 0
 2751: new home position for player 6: 12 15
 2751: new home position for player 7: 0 0
 2751: new home position for player 8: 35 -22
 2751: new home position for player 9: 35 22
 2751: new home position for player 10: 20 0
 2801: Received coach message: online_coach_left (advice (0 (true) (do our {1} (home (pt -20 10))) (do our {2} (home (pt -12 26))) (do our {3} (home (pt 0 0))) (do our {4} (home (pt -20 -10))) (do our {5} (home (pt -12 -26))) (do our {6} (home (pt 35 22))) (do our {7} (home (pt 20 0))) (do our {8} (home (pt 0 0))) (do our {9} (home (pt 35 -22))) (do our {10} (home (pt 12 15))) (do our {11} (home (pt 12 -15))))))
 2801: new home position for player 0: -20 10
 2801: new home position for player 1: -12 26
 2801: new home position for player 2: 0 0
 2801: new home position for player 3: -20 -10
 2801: new home position for player 4: -12 -26
 2801: new home position for player 5: 35 22
 2801: new home position for player 6: 20 0
 2801: new home position for player 7: 0 0
 2801: new home position for player 8: 35 -22
 2801: new home position for player 9: 12 15
 2801: new home position for player 10: 12 -15
 2902: direction old: 58.971472, new: 61.250663
(b)r: 1.71325 phi: -1.45577 vel: ( -0.0105614, -0.0245941 ) (2904,0) rel: ( 1.7127, -0.0435257 ), (2904,0) global: ( -6.5621, 34.0069 ), (2904,0), changes: -0.216, -0.9 last seen:(2902,0) globalposderived: (2902,0)
 2904: direction old: 61.523085, new: 55.033093
(b)r: 1.8 phi: -3 vel: ( 0, 0 ) (2904,0) rel: ( 1.79753, -0.0942047 ), (2904,0) global: ( -6.42279, 33.837 ), (2904,0), changes: -0.18, -2.5 last seen:(2904,0) globalposderived: (2904,0)
(b)r: 1.36655 phi: 1.07326 vel: ( 0, 0 ) (2905,0) rel: ( 1.36631, 0.0255967 ), (2905,0) global: ( -6.42279, 33.837 ), (2905,0), changes: -0.18, -2.5 last seen:(2904,0) globalposderived: (2904,0)
 2905: direction old: -4.457454, new: 80.312068
(b)r: 0.7 phi: 35 vel: ( -0.761549, -0.264487 ) (2905,0) rel: ( 0.573406, 0.401504 ), (2905,0) global: ( -7.38792, 34.6115 ), (2905,0), changes: -0.574, 61.3 last seen:(2905,0) globalposderived: (2905,0)
 2905: turnWithBall: kick ball away from opp at ang 22.312068
 2905: (kick 22.100894 -124.681985), vecDesired (-0.493848,-0.699116) 136.000000 posDes(-7.881768,33.912348)
(b)r: 0.829778 phi: 144.095 vel: ( -0.715856, -0.248618 ) (2906,0) rel: ( -0.672115, 0.486612 ), (2906,0) global: ( -8.14947, 34.347 ), (2906,0), changes: -0.574, 61.3 last seen:(2905,0) globalposderived: (2905,0)
 2906: turnWithBall: kick ball close to desired turnangle 0.000000
 2906: kickBallCloseToBody: cannot compensate ball speed, freeze
 2906: freeze ball will end up oustide -> accelerate
(b)r: 0.724943 phi: 143.527 vel: ( 0.0985208, 0.00754817 ) (2907,0) rel: ( -0.582957, 0.430933 ), (2907,0) global: ( -8.04466, 34.355 ), (2907,0), changes: -0.574, 61.3 last seen:(2905,0) globalposderived: (2905,0)
 2907: turnWithBall: kick ball away from opp at ang -121.364221
 2907: (kick 39.777420 -52.098483), vecDesired (0.836419,0.181539) -6.730305 posDes(-7.208240,34.536547)
 2907: 2 pos: ball(-7.744404,33.227517), ball_prev(-7.387919,34.611464), agentdiff(0.075039,-1.142713)
 2907: direction old: 124.963084, new: 178.101013
(b)r: 0.5 phi: 137 vel: ( 0.0985208, 0.00754817 ) (2907,0) rel: ( -0.365677, 0.340999 ), (2907,0) global: ( -7.7444, 33.2275 ), (2907,0), changes: -0.574, 61.3 last seen:(2907,0) globalposderived: (2907,0)
 2907: turnWithBall: turn since ball will be kickable in t+1
(b)r: 0.401929 phi: -154.44 vel: ( 0, 0 ) (2908,0) rel: ( -0.362594, -0.173415 ), (2908,0) global: ( -7.64588, 33.2351 ), (2908,0), changes: -0.574, 61.3 last seen:(2907,0) globalposderived: (2907,0)
 2908: ball (-7.645883,33.235065), agent (-7.244678,33.210948), to (-2.244678,31.000000) ang -0.000000 -29.000000
 2908: relpos body (0.401929,176.560018), vel. ball:(0.000000,0.000000) dist: 1.014380 (0.300000,0.085000,0.629380)
 2908: point good and can reach point 43.203903
 2908: 2 pos: ball(-7.660714,33.504939), ball_prev(-7.744404,33.227517), agentdiff(-0.028715,0.194079)
 2908: vel based on 2 pos: (0.105660,0.078341)
 2908: direction old: -155.473369, new: 165.535709
(b)r: 0.4 phi: -161 vel: ( 0.10566, 0.0783414 ) (2908,0) rel: ( -0.378207, -0.130227 ), (2908,0) global: ( -7.66071, 33.5049 ), (2908,0), changes: -0.574, 61.3 last seen:(2908,0) globalposderived: (2908,0)
 2908: ball (-7.660714,33.504939), agent (-7.273393,33.405028), to (-2.288563,31.000000) ang -4.464291 -33.464291
 2908: relpos body (0.400000,170.000000), vel. ball:(0.105660,0.078341) dist: 1.014380 (0.300000,0.085000,0.629380)
 2908: point good and can reach point 39.980671
(b)r: 0.549431 phi: 10.5535 vel: ( 0.839804, -0.294975 ) (2909,0) rel: ( 0.540137, 0.10063 ), (2909,0) global: ( -6.76731, 33.1911 ), (2909,0), changes: -0.574, 61.3 last seen:(2908,0) globalposderived: (2908,0)
 2909: ball (-6.767306,33.191136), agent (-7.273393,33.405028), to (-2.288563,31.000000) ang -4.464291 -33.464291
 2909: relpos body (0.549431,-18.446532), vel. ball:(0.839804,-0.294975) dist: 1.014380 (0.300000,0.085000,0.629380)
 2909: point good and can reach point 4.972924
(b)r: 1.43888 phi: 27.7696 vel: ( 0, 0 ) (2910,0) rel: ( 1.27316, 0.670398 ), (2910,0) global: ( -5.9275, 32.8962 ), (2910,0), changes: -0.574, 61.3 last seen:(2908,0) globalposderived: (2908,0)
 2910: 2 pos: ball(-7.583244,32.891226), ball_prev(-7.660714,33.504939), agentdiff(-0.000000,0.000000)
 2910: direction old: -20.711065, new: -121.092256
(b)r: 0.6 phi: -72 vel: ( 0, 0 ) (2910,0) rel: ( 0.18541, -0.570634 ), (2910,0) global: ( -7.58324, 32.8912 ), (2910,0), changes: -0.574, 61.3 last seen:(2910,0) globalposderived: (2910,0)
 2910: turnWithBall: turn since ball will be kickable in t+1
(b)r: 0.6 phi: -92.0923 vel: ( 0, 0 ) (2911,0) rel: ( -0.0219052, -0.5996 ), (2911,0) global: ( -7.58324, 32.8912 ), (2911,0), changes: -0.574, 61.3 last seen:(2910,0) globalposderived: (2910,0)
 2911: ball (-7.583244,32.891226), agent (-7.273393,33.405028), to (-2.273393,31.000000) ang 0.000000 -29.000000
 2911: relpos body (0.600000,-121.092256), vel. ball:(0.000000,0.000000) dist: 1.014380 (0.300000,0.085000,0.629380)
 2911: point good and can reach point 43.298745
 2911: 2 pos: ball(-8.258635,32.523494), ball_prev(-7.583244,32.891226), agentdiff(-0.052040,0.023526)
 2911: vel based on 2 pos: (-0.585950,-0.367783)
 2911: direction old: -115.631749, new: -135.877048
(b)r: 1.3 phi: -107 vel: ( -0.58595, -0.367783 ) (2911,0) rel: ( -0.380083, -1.2432 ), (2911,0) global: ( -8.25863, 32.5235 ), (2911,0), changes: -0.574, 61.3 last seen:(2911,0) globalposderived: (2911,0)
(b)r: 1.98191 phi: -111.165 vel: ( -0.550793, -0.345716 ) (2912,0) rel: ( -0.715561, -1.84822 ), (2912,0) global: ( -8.84458, 32.1557 ), (2912,0), changes: -0.574, 61.3 last seen:(2911,0) globalposderived: (2911,0)
 2913: direction old: -141.976955, new: -142.904626
 3000: Received coach message: online_coach_left (advice (0 (true) (do our {1} (home (pt -20 10))) (do our {2} (home (pt -12 26))) (do our {3} (home (pt 0 0))) (do our {4} (home (pt 0 0))) (do our {5} (home (pt 35 -22))) (do our {6} (home (pt -12 -26))) (do our {7} (home (pt 12 -15))) (do our {8} (home (pt 20 0))) (do our {9} (home (pt -20 -10))) (do our {10} (home (pt 12 15))) (do our {11} (home (pt 35 22))))))
 3000: new home position for player 0: -20 10
 3000: new home position for player 1: -12 26
 3000: new home position for player 2: 0 0
 3000: new home position for player 3: 0 0
 3000: new home position for player 4: 35 -22
 3000: new home position for player 5: -12 -26
 3000: new home position for player 6: 12 -15
 3000: new home position for player 7: 20 0
 3000: new home position for player 8: -20 -10
 3000: new home position for player 9: 12 15
 3000: new home position for player 10: 35 22
 3000: Received coach message: online_coach_left (advice (0 (true) (do our {1} (home (pt -20 10))) (do our {2} (home (pt -12 26))) (do our {3} (home (pt 0 0))) (do our {4} (home (pt 0 0))) (do our {5} (home (pt 35 -22))) (do our {6} (home (pt -12 -26))) (do our {7} (home (pt 12 -15))) (do our {8} (home (pt -20 -10))) (do our {9} (home (pt 20 0))) (do our {10} (home (pt 12 15))) (do our {11} (home (pt 35 22))))))
 3000: new home position for player 0: -20 10
 3000: new home position for player 1: -12 26
 3000: new home position for player 2: 0 0
 3000: new home position for player 3: 0 0
 3000: new home position for player 4: 35 -22
 3000: new home position for player 5: -12 -26
 3000: new home position for player 6: 12 -15
 3000: new home position for player 7: -20 -10
 3000: new home position for player 8: 20 0
 3000: new home position for player 9: 12 15
 3000: new home position for player 10: 35 22
 3000: Received coach message: online_coach_left (advice (0 (true) (do our {1} (home (pt -20 10))) (do our {2} (home (pt -12 26))) (do our {3} (home (pt 0 0))) (do our {4} (home (pt 20 0))) (do our {5} (home (pt 35 -22))) (do our {6} (home (pt -12 -26))) (do our {7} (home (pt 12 -15))) (do our {8} (home (pt -20 -10))) (do our {9} (home (pt 0 0))) (do our {10} (home (pt 12 15))) (do our {11} (home (pt 35 22))))))
 3000: new home position for player 0: -20 10
 3000: new home position for player 1: -12 26
 3000: new home position for player 2: 0 0
 3000: new home position for player 3: 20 0
 3000: new home position for player 4: 35 -22
 3000: new home position for player 5: -12 -26
 3000: new home position for player 6: 12 -15
 3000: new home position for player 7: -20 -10
 3000: new home position for player 8: 0 0
 3000: new home position for player 9: 12 15
 3000: new home position for player 10: 35 22
 3000: Received coach message: online_coach_left (advice (0 (true) (do our {1} (home (pt -20 10))) (do our {2} (home (pt -12 26))) (do our {3} (home (pt 0 0))) (do our {4} (home (pt 0 0))) (do our {5} (home (pt 35 -22))) (do our {6} (home (pt -12 -26))) (do our {7} (home (pt 12 -15))) (do our {8} (home (pt -20 -10))) (do our {9} (home (pt 20 0))) (do our {10} (home (pt 12 15))) (do our {11} (home (pt 35 22))))))
 3000: new home position for player 0: -20 10
 3000: new home position for player 1: -12 26
 3000: new home position for player 2: 0 0
 3000: new home position for player 3: 0 0
 3000: new home position for player 4: 35 -22
 3000: new home position for player 5: -12 -26
 3000: new home position for player 6: 12 -15
 3000: new home position for player 7: -20 -10
 3000: new home position for player 8: 20 0
 3000: new home position for player 9: 12 15
 3000: new home position for player 10: 35 22
 3000: Received coach message: online_coach_left (advice (0 (true) (do our {1} (home (pt -20 10))) (do our {2} (home (pt -12 26))) (do our {3} (home (pt 0 0))) (do our {4} (home (pt 0 0))) (do our {5} (home (pt 35 -22))) (do our {6} (home (pt -12 -26))) (do our {7} (home (pt 12 -15))) (do our {8} (home (pt -20 -10))) (do our {9} (home (pt 20 0))) (do our {10} (home (pt 12 15))) (do our {11} (home (pt 35 22))))))
 3000: new home position for player 0: -20 10
 3000: new home position for player 1: -12 26
 3000: new home position for player 2: 0 0
 3000: new home position for player 3: 0 0
 3000: new home position for player 4: 35 -22
 3000: new home position for player 5: -12 -26
 3000: new home position for player 6: 12 -15
 3000: new home position for player 7: -20 -10
 3000: new home position for player 8: 20 0
 3000: new home position for player 9: 12 15
 3000: new home position for player 10: 35 22
 3000: Received coach message: online_coach_left (advice (0 (true) (do our {1} (home (pt -20 10))) (do our {2} (home (pt -12 26))) (do our {3} (home (pt 20 0))) (do our {4} (home (pt 0 0))) (do our {5} (home (pt 35 -22))) (do our {6} (home (pt -12 -26))) (do our {7} (home (pt 12 -15))) (do our {8} (home (pt -20 -10))) (do our {9} (home (pt 0 0))) (do our {10} (home (pt 12 15))) (do our {11} (home (pt 35 22))))))
 3000: new home position for player 0: -20 10
 3000: new home position for player 1: -12 26
 3000: new home position for player 2: 20 0
 3000: new home position for player 3: 0 0
 3000: new home position for player 4: 35 -22
 3000: new home position for player 5: -12 -26
 3000: new home position for player 6: 12 -15
 3000: new home position for player 7: -20 -10
 3000: new home position for player 8: 0 0
 3000: new home position for player 9: 12 15
 3000: new home position for player 10: 35 22
 3000: Received coach message: online_coach_left (advice (0 (true) (do our {1} (home (pt -20 10))) (do our {2} (home (pt -12 26))) (do our {3} (home (pt 0 0))) (do our {4} (home (pt 0 0))) (do our {5} (home (pt 35 -22))) (do our {6} (home (pt -12 -26))) (do our {7} (home (pt 12 -15))) (do our {8} (home (pt -20 -10))) (do our {9} (home (pt 20 0))) (do our {10} (home (pt 12 15))) (do our {11} (home (pt 35 22))))))
 3000: new home position for player 0: -20 10
 3000: new home position for player 1: -12 26
 3000: new home position for player 2: 0 0
 3000: new home position for player 3: 0 0
 3000: new home position for player 4: 35 -22
 3000: new home position for player 5: -12 -26
 3000: new home position for player 6: 12 -15
 3000: new home position for player 7: -20 -10
 3000: new home position for player 8: 20 0
 3000: new home position for player 9: 12 15
 3000: new home position for player 10: 35 22
 3000: Received coach message: online_coach_left (advice (0 (true) (do our {1} (home (pt -20 10))) (do our {2} (home (pt -12 26))) (do our {3} (home (pt 20 0))) (do our {4} (home (pt 0 0))) (do our {5} (home (pt 35 -22))) (do our {6} (home (pt -12 -26))) (do our {7} (home (pt 12 -15))) (do our {8} (home (pt -20 -10))) (do our {9} (home (pt 0 0))) (do our {10} (home (pt 12 15))) (do our {11} (home (pt 35 22))))))
 3000: new home position for player 0: -20 10
 3000: new home position for player 1: -12 26
 3000: new home position for player 2: 20 0
 3000: new home position for player 3: 0 0
 3000: new home position for player 4: 35 -22
 3000: new home position for player 5: -12 -26
 3000: new home position for player 6: 12 -15
 3000: new home position for player 7: -20 -10
 3000: new home position for player 8: 0 0
 3000: new home position for player 9: 12 15
 3000: new home position for player 10: 35 22
 3000: Received coach message: online_coach_left (advice (0 (true) (do our {1} (home (pt -20 10))) (do our {2} (home (pt -12 26))) (do our {3} (home (pt 20 0))) (do our {4} (home (pt 0 0))) (do our {5} (home (pt 35 -22))) (do our {6} (home (pt -12 -26))) (do our {7} (home (pt 12 -15))) (do our {8} (home (pt -20 -10))) (do our {9} (home (pt 0 0))) (do our {10} (home (pt 12 15))) (do our {11} (home (pt 35 22))))))
 3000: new home position for player 0: -20 10
 3000: new home position for player 1: -12 26
 3000: new home position for player 2: 20 0
 3000: new home position for player 3: 0 0
 3000: new home position for player 4: 35 -22
 3000: new home position for player 5: -12 -26
 3000: new home position for player 6: 12 -15
 3000: new home position for player 7: -20 -10
 3000: new home position for player 8: 0 0
 3000: new home position for player 9: 12 15
 3000: new home position for player 10: 35 22
 3000: Received coach message: online_coach_left (advice (0 (true) (do our {1} (home (pt -20 10))) (do our {2} (home (pt -12 26))) (do our {3} (home (pt 0 0))) (do our {4} (home (pt 0 0))) (do our {5} (home (pt 35 -22))) (do our {6} (home (pt -12 -26))) (do our {7} (home (pt 12 -15))) (do our {8} (home (pt -20 -10))) (do our {9} (home (pt 20 0))) (do our {10} (home (pt 12 15))) (do our {11} (home (pt 35 22))))))
 3000: new home position for player 0: -20 10
 3000: new home position for player 1: -12 26
 3000: new home position for player 2: 0 0
 3000: new home position for player 3: 0 0
 3000: new home position for player 4: 35 -22
 3000: new home position for player 5: -12 -26
 3000: new home position for player 6: 12 -15
 3000: new home position for player 7: -20 -10
 3000: new home position for player 8: 20 0
 3000: new home position for player 9: 12 15
 3000: new home position for player 10: 35 22
 3000: Received coach message: online_coach_left (advice (0 (true) (do our {1} (home (pt -20 10))) (do our {2} (home (pt -12 26))) (do our {3} (home (pt 20 0))) (do our {4} (home (pt 0 0))) (do our {5} (home (pt 35 -22))) (do our {6} (home (pt -12 -26))) (do our {7} (home (pt 12 -15))) (do our {8} (home (pt -20 -10))) (do our {9} (home (pt 0 0))) (do our {10} (home (pt 12 15))) (do our {11} (home (pt 35 22))))))
 3000: new home position for player 0: -20 10
 3000: new home position for player 1: -12 26
 3000: new home position for player 2: 20 0
 3000: new home position for player 3: 0 0
 3000: new home position for player 4: 35 -22
 3000: new home position for player 5: -12 -26
 3000: new home position for player 6: 12 -15
 3000: new home position for player 7: -20 -10
 3000: new home position for player 8: 0 0
 3000: new home position for player 9: 12 15
 3000: new home position for player 10: 35 22
 3000: Received coach message: online_coach_left (advice (0 (true) (do our {1} (home (pt -20 10))) (do our {2} (home (pt -12 26))) (do our {3} (home (pt 0 0))) (do our {4} (home (pt 0 0))) (do our {5} (home (pt 35 -22))) (do our {6} (home (pt -12 -26))) (do our {7} (home (pt 12 -15))) (do our {8} (home (pt -20 -10))) (do our {9} (home (pt 20 0))) (do our {10} (home (pt 12 15))) (do our {11} (home (pt 35 22))))))
 3000: new home position for player 0: -20 10
 3000: new home position for player 1: -12 26
 3000: new home position for player 2: 0 0
 3000: new home position for player 3: 0 0
 3000: new home position for player 4: 35 -22
 3000: new home position for player 5: -12 -26
 3000: new home position for player 6: 12 -15
 3000: new home position for player 7: -20 -10
 3000: new home position for player 8: 20 0
 3000: new home position for player 9: 12 15
 3000: new home position for player 10: 35 22
 3000: Received coach message: online_coach_left (advice (0 (true) (do our {1} (home (pt -20 10))) (do our {2} (home (pt -12 26))) (do our {3} (home (pt 20 0))) (do our {4} (home (pt 0 0))) (do our {5} (home (pt 35 -22))) (do our {6} (home (pt -12 -26))) (do our {7} (home (pt 12 -15))) (do our {8} (home (pt -20 -10))) (do our {9} (home (pt 0 0))) (do our {10} (home (pt 12 15))) (do our {11} (home (pt 35 22))))))
 3000: new home position for player 0: -20 10
 3000: new home position for player 1: -12 26
 3000: new home position for player 2: 20 0
 3000: new home position for player 3: 0 0
 3000: new home position for player 4: 35 -22
 3000: new home position for player 5: -12 -26
 3000: new home position for player 6: 12 -15
 3000: new home position for player 7: -20 -10
 3000: new home position for player 8: 0 0
 3000: new home position for player 9: 12 15
 3000: new home position for player 10: 35 22
 3000: Received coach message: online_coach_left (advice (0 (true) (do our {1} (home (pt -20 10))) (do our {2} (home (pt -12 26))) (do our {3} (home (pt 20 0))) (do our {4} (home (pt 0 0))) (do our {5} (home (pt 35 -22))) (do our {6} (home (pt -12 -26))) (do our {7} (home (pt 12 -15))) (do our {8} (home (pt -20 -10))) (do our {9} (home (pt 0 0))) (do our {10} (home (pt 12 15))) (do our {11} (home (pt 35 22))))))
 3000: new home position for player 0: -20 10
 3000: new home position for player 1: -12 26
 3000: new home position for player 2: 20 0
 3000: new home position for player 3: 0 0
 3000: new home position for player 4: 35 -22
 3000: new home position for player 5: -12 -26
 3000: new home position for player 6: 12 -15
 3000: new home position for player 7: -20 -10
 3000: new home position for player 8: 0 0
 3000: new home position for player 9: 12 15
 3000: new home position for player 10: 35 22
 3000: Received coach message: online_coach_left (advice (0 (true) (do our {1} (home (pt -20 10))) (do our {2} (home (pt -12 26))) (do our {3} (home (pt 0 0))) (do our {4} (home (pt 20 0))) (do our {5} (home (pt 35 -22))) (do our {6} (home (pt -12 -26))) (do our {7} (home (pt 12 -15))) (do our {8} (home (pt -20 -10))) (do our {9} (home (pt 0 0))) (do our {10} (home (pt 12 15))) (do our {11} (home (pt 35 22))))))
 3000: new home position for player 0: -20 10
 3000: new home position for player 1: -12 26
 3000: new home position for player 2: 0 0
 3000: new home position for player 3: 20 0
 3000: new home position for player 4: 35 -22
 3000: new home position for player 5: -12 -26
 3000: new home position for player 6: 12 -15
 3000: new home position for player 7: -20 -10
 3000: new home position for player 8: 0 0
 3000: new home position for player 9: 12 15
 3000: new home position for player 10: 35 22
 3000: Received coach message: online_coach_left (advice (0 (true) (do our {1} (home (pt -20 10))) (do our {2} (home (pt -12 26))) (do our {3} (home (pt 0 0))) (do our {4} (home (pt 0 0))) (do our {5} (home (pt 35 -22))) (do our {6} (home (pt -12 -26))) (do our {7} (home (pt 12 -15))) (do our {8} (home (pt -20 -10))) (do our {9} (home (pt 20 0))) (do our {10} (home (pt 12 15))) (do our {11} (home (pt 35 22))))))
 3000: new home position for player 0: -20 10
 3000: new home position for player 1: -12 26
 3000: new home position for player 2: 0 0
 3000: new home position for player 3: 0 0
 3000: new home position for player 4: 35 -22
 3000: new home position for player 5: -12 -26
 3000: new home position for player 6: 12 -15
 3000: new home position for player 7: -20 -10
 3000: new home position for player 8: 20 0
 3000: new home position for player 9: 12 15
 3000: new home position for player 10: 35 22
 3000: Received coach message: online_coach_left (advice (0 (true) (do our {1} (home (pt -20 10))) (do our {2} (home (pt -12 26))) (do our {3} (home (pt 20 0))) (do our {4} (home (pt 0 0))) (do our {5} (home (pt 35 -22))) (do our {6} (home (pt -12 -26))) (do our {7} (home (pt 12 -15))) (do our {8} (home (pt -20 -10))) (do our {9} (home (pt 0 0))) (do our {10} (home (pt 12 15))) (do our {11} (home (pt 35 22))))))
 3000: new home position for player 0: -20 10
 3000: new home position for player 1: -12 26
 3000: new home position for player 2: 20 0
 3000: new home position for player 3: 0 0
 3000: new home position for player 4: 35 -22
 3000: new home position for player 5: -12 -26
 3000: new home position for player 6: 12 -15
 3000: new home position for player 7: -20 -10
 3000: new home position for player 8: 0 0
 3000: new home position for player 9: 12 15
 3000: new home position for player 10: 35 22
